[2023-07-21T09:58:08.181+0000] {processor.py:157} INFO - Started process (PID=43) to work on /home/airflow/.local/lib/python3.7/site-packages/airflow/example_dags/example_complex.py
[2023-07-21T09:58:08.183+0000] {processor.py:826} INFO - Processing file /home/airflow/.local/lib/python3.7/site-packages/airflow/example_dags/example_complex.py for tasks to queue
[2023-07-21T09:58:08.185+0000] {logging_mixin.py:150} INFO - [2023-07-21T09:58:08.185+0000] {dagbag.py:541} INFO - Filling up the DagBag from /home/airflow/.local/lib/python3.7/site-packages/airflow/example_dags/example_complex.py
[2023-07-21T09:58:08.220+0000] {processor.py:836} INFO - DAG(s) dict_keys(['example_complex']) retrieved from /home/airflow/.local/lib/python3.7/site-packages/airflow/example_dags/example_complex.py
[2023-07-21T09:58:08.488+0000] {logging_mixin.py:150} INFO - [2023-07-21T09:58:08.488+0000] {dag.py:2742} INFO - Sync 1 DAGs
[2023-07-21T09:58:08.543+0000] {logging_mixin.py:150} INFO - [2023-07-21T09:58:08.542+0000] {dag.py:3508} INFO - Setting next_dagrun for example_complex to None, run_after=None
[2023-07-21T09:58:08.588+0000] {processor.py:179} INFO - Processing /home/airflow/.local/lib/python3.7/site-packages/airflow/example_dags/example_complex.py took 0.411 seconds
[2023-07-21T09:58:39.390+0000] {processor.py:157} INFO - Started process (PID=104) to work on /home/airflow/.local/lib/python3.7/site-packages/airflow/example_dags/example_complex.py
[2023-07-21T09:58:39.393+0000] {processor.py:826} INFO - Processing file /home/airflow/.local/lib/python3.7/site-packages/airflow/example_dags/example_complex.py for tasks to queue
[2023-07-21T09:58:39.395+0000] {logging_mixin.py:150} INFO - [2023-07-21T09:58:39.395+0000] {dagbag.py:541} INFO - Filling up the DagBag from /home/airflow/.local/lib/python3.7/site-packages/airflow/example_dags/example_complex.py
[2023-07-21T09:58:39.418+0000] {processor.py:836} INFO - DAG(s) dict_keys(['example_complex']) retrieved from /home/airflow/.local/lib/python3.7/site-packages/airflow/example_dags/example_complex.py
[2023-07-21T09:58:39.442+0000] {logging_mixin.py:150} INFO - [2023-07-21T09:58:39.441+0000] {dag.py:2742} INFO - Sync 1 DAGs
[2023-07-21T09:58:39.477+0000] {logging_mixin.py:150} INFO - [2023-07-21T09:58:39.476+0000] {dag.py:3508} INFO - Setting next_dagrun for example_complex to None, run_after=None
[2023-07-21T09:58:39.508+0000] {processor.py:179} INFO - Processing /home/airflow/.local/lib/python3.7/site-packages/airflow/example_dags/example_complex.py took 0.122 seconds
[2023-07-21T09:59:10.327+0000] {processor.py:157} INFO - Started process (PID=165) to work on /home/airflow/.local/lib/python3.7/site-packages/airflow/example_dags/example_complex.py
[2023-07-21T09:59:10.336+0000] {processor.py:826} INFO - Processing file /home/airflow/.local/lib/python3.7/site-packages/airflow/example_dags/example_complex.py for tasks to queue
[2023-07-21T09:59:10.338+0000] {logging_mixin.py:150} INFO - [2023-07-21T09:59:10.338+0000] {dagbag.py:541} INFO - Filling up the DagBag from /home/airflow/.local/lib/python3.7/site-packages/airflow/example_dags/example_complex.py
[2023-07-21T09:59:10.370+0000] {processor.py:836} INFO - DAG(s) dict_keys(['example_complex']) retrieved from /home/airflow/.local/lib/python3.7/site-packages/airflow/example_dags/example_complex.py
[2023-07-21T09:59:10.457+0000] {logging_mixin.py:150} INFO - [2023-07-21T09:59:10.456+0000] {dag.py:2742} INFO - Sync 1 DAGs
[2023-07-21T09:59:10.512+0000] {logging_mixin.py:150} INFO - [2023-07-21T09:59:10.512+0000] {dag.py:3508} INFO - Setting next_dagrun for example_complex to None, run_after=None
[2023-07-21T09:59:10.571+0000] {processor.py:179} INFO - Processing /home/airflow/.local/lib/python3.7/site-packages/airflow/example_dags/example_complex.py took 0.253 seconds
[2023-07-21T09:59:41.069+0000] {processor.py:157} INFO - Started process (PID=226) to work on /home/airflow/.local/lib/python3.7/site-packages/airflow/example_dags/example_complex.py
[2023-07-21T09:59:41.071+0000] {processor.py:826} INFO - Processing file /home/airflow/.local/lib/python3.7/site-packages/airflow/example_dags/example_complex.py for tasks to queue
[2023-07-21T09:59:41.074+0000] {logging_mixin.py:150} INFO - [2023-07-21T09:59:41.073+0000] {dagbag.py:541} INFO - Filling up the DagBag from /home/airflow/.local/lib/python3.7/site-packages/airflow/example_dags/example_complex.py
[2023-07-21T09:59:41.092+0000] {processor.py:836} INFO - DAG(s) dict_keys(['example_complex']) retrieved from /home/airflow/.local/lib/python3.7/site-packages/airflow/example_dags/example_complex.py
[2023-07-21T09:59:41.142+0000] {logging_mixin.py:150} INFO - [2023-07-21T09:59:41.142+0000] {dag.py:2742} INFO - Sync 1 DAGs
[2023-07-21T09:59:41.173+0000] {logging_mixin.py:150} INFO - [2023-07-21T09:59:41.173+0000] {dag.py:3508} INFO - Setting next_dagrun for example_complex to None, run_after=None
[2023-07-21T09:59:41.206+0000] {processor.py:179} INFO - Processing /home/airflow/.local/lib/python3.7/site-packages/airflow/example_dags/example_complex.py took 0.142 seconds
[2023-07-21T10:00:11.242+0000] {processor.py:157} INFO - Started process (PID=286) to work on /home/airflow/.local/lib/python3.7/site-packages/airflow/example_dags/example_complex.py
[2023-07-21T10:00:11.244+0000] {processor.py:826} INFO - Processing file /home/airflow/.local/lib/python3.7/site-packages/airflow/example_dags/example_complex.py for tasks to queue
[2023-07-21T10:00:11.245+0000] {logging_mixin.py:150} INFO - [2023-07-21T10:00:11.245+0000] {dagbag.py:541} INFO - Filling up the DagBag from /home/airflow/.local/lib/python3.7/site-packages/airflow/example_dags/example_complex.py
[2023-07-21T10:00:11.262+0000] {processor.py:836} INFO - DAG(s) dict_keys(['example_complex']) retrieved from /home/airflow/.local/lib/python3.7/site-packages/airflow/example_dags/example_complex.py
[2023-07-21T10:00:11.310+0000] {logging_mixin.py:150} INFO - [2023-07-21T10:00:11.310+0000] {dag.py:2742} INFO - Sync 1 DAGs
[2023-07-21T10:00:11.366+0000] {logging_mixin.py:150} INFO - [2023-07-21T10:00:11.366+0000] {dag.py:3508} INFO - Setting next_dagrun for example_complex to None, run_after=None
[2023-07-21T10:00:11.395+0000] {processor.py:179} INFO - Processing /home/airflow/.local/lib/python3.7/site-packages/airflow/example_dags/example_complex.py took 0.157 seconds
[2023-07-21T10:00:42.623+0000] {processor.py:157} INFO - Started process (PID=348) to work on /home/airflow/.local/lib/python3.7/site-packages/airflow/example_dags/example_complex.py
[2023-07-21T10:00:42.625+0000] {processor.py:826} INFO - Processing file /home/airflow/.local/lib/python3.7/site-packages/airflow/example_dags/example_complex.py for tasks to queue
[2023-07-21T10:00:42.628+0000] {logging_mixin.py:150} INFO - [2023-07-21T10:00:42.627+0000] {dagbag.py:541} INFO - Filling up the DagBag from /home/airflow/.local/lib/python3.7/site-packages/airflow/example_dags/example_complex.py
[2023-07-21T10:00:42.644+0000] {processor.py:836} INFO - DAG(s) dict_keys(['example_complex']) retrieved from /home/airflow/.local/lib/python3.7/site-packages/airflow/example_dags/example_complex.py
[2023-07-21T10:00:42.697+0000] {logging_mixin.py:150} INFO - [2023-07-21T10:00:42.696+0000] {dag.py:2742} INFO - Sync 1 DAGs
[2023-07-21T10:00:42.731+0000] {logging_mixin.py:150} INFO - [2023-07-21T10:00:42.731+0000] {dag.py:3508} INFO - Setting next_dagrun for example_complex to None, run_after=None
[2023-07-21T10:00:42.759+0000] {processor.py:179} INFO - Processing /home/airflow/.local/lib/python3.7/site-packages/airflow/example_dags/example_complex.py took 0.141 seconds
[2023-07-21T10:01:13.797+0000] {processor.py:157} INFO - Started process (PID=409) to work on /home/airflow/.local/lib/python3.7/site-packages/airflow/example_dags/example_complex.py
[2023-07-21T10:01:13.799+0000] {processor.py:826} INFO - Processing file /home/airflow/.local/lib/python3.7/site-packages/airflow/example_dags/example_complex.py for tasks to queue
[2023-07-21T10:01:13.800+0000] {logging_mixin.py:150} INFO - [2023-07-21T10:01:13.800+0000] {dagbag.py:541} INFO - Filling up the DagBag from /home/airflow/.local/lib/python3.7/site-packages/airflow/example_dags/example_complex.py
[2023-07-21T10:01:13.810+0000] {processor.py:836} INFO - DAG(s) dict_keys(['example_complex']) retrieved from /home/airflow/.local/lib/python3.7/site-packages/airflow/example_dags/example_complex.py
[2023-07-21T10:01:13.845+0000] {logging_mixin.py:150} INFO - [2023-07-21T10:01:13.844+0000] {dag.py:2742} INFO - Sync 1 DAGs
[2023-07-21T10:01:13.869+0000] {logging_mixin.py:150} INFO - [2023-07-21T10:01:13.869+0000] {dag.py:3508} INFO - Setting next_dagrun for example_complex to None, run_after=None
[2023-07-21T10:01:13.891+0000] {processor.py:179} INFO - Processing /home/airflow/.local/lib/python3.7/site-packages/airflow/example_dags/example_complex.py took 0.098 seconds
[2023-07-21T10:01:45.053+0000] {processor.py:157} INFO - Started process (PID=470) to work on /home/airflow/.local/lib/python3.7/site-packages/airflow/example_dags/example_complex.py
[2023-07-21T10:01:45.055+0000] {processor.py:826} INFO - Processing file /home/airflow/.local/lib/python3.7/site-packages/airflow/example_dags/example_complex.py for tasks to queue
[2023-07-21T10:01:45.057+0000] {logging_mixin.py:150} INFO - [2023-07-21T10:01:45.056+0000] {dagbag.py:541} INFO - Filling up the DagBag from /home/airflow/.local/lib/python3.7/site-packages/airflow/example_dags/example_complex.py
[2023-07-21T10:01:45.083+0000] {processor.py:836} INFO - DAG(s) dict_keys(['example_complex']) retrieved from /home/airflow/.local/lib/python3.7/site-packages/airflow/example_dags/example_complex.py
[2023-07-21T10:01:45.144+0000] {logging_mixin.py:150} INFO - [2023-07-21T10:01:45.143+0000] {dag.py:2742} INFO - Sync 1 DAGs
[2023-07-21T10:01:45.191+0000] {logging_mixin.py:150} INFO - [2023-07-21T10:01:45.191+0000] {dag.py:3508} INFO - Setting next_dagrun for example_complex to None, run_after=None
[2023-07-21T10:01:45.267+0000] {processor.py:179} INFO - Processing /home/airflow/.local/lib/python3.7/site-packages/airflow/example_dags/example_complex.py took 0.220 seconds
[2023-07-21T10:02:16.063+0000] {processor.py:157} INFO - Started process (PID=532) to work on /home/airflow/.local/lib/python3.7/site-packages/airflow/example_dags/example_complex.py
[2023-07-21T10:02:16.064+0000] {processor.py:826} INFO - Processing file /home/airflow/.local/lib/python3.7/site-packages/airflow/example_dags/example_complex.py for tasks to queue
[2023-07-21T10:02:16.065+0000] {logging_mixin.py:150} INFO - [2023-07-21T10:02:16.065+0000] {dagbag.py:541} INFO - Filling up the DagBag from /home/airflow/.local/lib/python3.7/site-packages/airflow/example_dags/example_complex.py
[2023-07-21T10:02:16.079+0000] {processor.py:836} INFO - DAG(s) dict_keys(['example_complex']) retrieved from /home/airflow/.local/lib/python3.7/site-packages/airflow/example_dags/example_complex.py
[2023-07-21T10:02:16.130+0000] {logging_mixin.py:150} INFO - [2023-07-21T10:02:16.130+0000] {dag.py:2742} INFO - Sync 1 DAGs
[2023-07-21T10:02:16.155+0000] {logging_mixin.py:150} INFO - [2023-07-21T10:02:16.155+0000] {dag.py:3508} INFO - Setting next_dagrun for example_complex to None, run_after=None
[2023-07-21T10:02:16.184+0000] {processor.py:179} INFO - Processing /home/airflow/.local/lib/python3.7/site-packages/airflow/example_dags/example_complex.py took 0.125 seconds
[2023-07-21T10:02:48.257+0000] {processor.py:157} INFO - Started process (PID=593) to work on /home/airflow/.local/lib/python3.7/site-packages/airflow/example_dags/example_complex.py
[2023-07-21T10:02:48.259+0000] {processor.py:826} INFO - Processing file /home/airflow/.local/lib/python3.7/site-packages/airflow/example_dags/example_complex.py for tasks to queue
[2023-07-21T10:02:48.263+0000] {logging_mixin.py:150} INFO - [2023-07-21T10:02:48.262+0000] {dagbag.py:541} INFO - Filling up the DagBag from /home/airflow/.local/lib/python3.7/site-packages/airflow/example_dags/example_complex.py
[2023-07-21T10:02:48.286+0000] {processor.py:836} INFO - DAG(s) dict_keys(['example_complex']) retrieved from /home/airflow/.local/lib/python3.7/site-packages/airflow/example_dags/example_complex.py
[2023-07-21T10:02:48.303+0000] {logging_mixin.py:150} INFO - [2023-07-21T10:02:48.303+0000] {dag.py:2742} INFO - Sync 1 DAGs
[2023-07-21T10:02:48.341+0000] {logging_mixin.py:150} INFO - [2023-07-21T10:02:48.341+0000] {dag.py:3508} INFO - Setting next_dagrun for example_complex to None, run_after=None
[2023-07-21T10:02:48.380+0000] {processor.py:179} INFO - Processing /home/airflow/.local/lib/python3.7/site-packages/airflow/example_dags/example_complex.py took 0.127 seconds
[2023-07-21T10:03:18.610+0000] {processor.py:157} INFO - Started process (PID=654) to work on /home/airflow/.local/lib/python3.7/site-packages/airflow/example_dags/example_complex.py
[2023-07-21T10:03:18.612+0000] {processor.py:826} INFO - Processing file /home/airflow/.local/lib/python3.7/site-packages/airflow/example_dags/example_complex.py for tasks to queue
[2023-07-21T10:03:18.613+0000] {logging_mixin.py:150} INFO - [2023-07-21T10:03:18.613+0000] {dagbag.py:541} INFO - Filling up the DagBag from /home/airflow/.local/lib/python3.7/site-packages/airflow/example_dags/example_complex.py
[2023-07-21T10:03:18.634+0000] {processor.py:836} INFO - DAG(s) dict_keys(['example_complex']) retrieved from /home/airflow/.local/lib/python3.7/site-packages/airflow/example_dags/example_complex.py
[2023-07-21T10:03:18.676+0000] {logging_mixin.py:150} INFO - [2023-07-21T10:03:18.676+0000] {dag.py:2742} INFO - Sync 1 DAGs
[2023-07-21T10:03:18.707+0000] {logging_mixin.py:150} INFO - [2023-07-21T10:03:18.707+0000] {dag.py:3508} INFO - Setting next_dagrun for example_complex to None, run_after=None
[2023-07-21T10:03:18.737+0000] {processor.py:179} INFO - Processing /home/airflow/.local/lib/python3.7/site-packages/airflow/example_dags/example_complex.py took 0.130 seconds
[2023-07-21T10:03:48.926+0000] {processor.py:157} INFO - Started process (PID=714) to work on /home/airflow/.local/lib/python3.7/site-packages/airflow/example_dags/example_complex.py
[2023-07-21T10:03:48.927+0000] {processor.py:826} INFO - Processing file /home/airflow/.local/lib/python3.7/site-packages/airflow/example_dags/example_complex.py for tasks to queue
[2023-07-21T10:03:48.929+0000] {logging_mixin.py:150} INFO - [2023-07-21T10:03:48.929+0000] {dagbag.py:541} INFO - Filling up the DagBag from /home/airflow/.local/lib/python3.7/site-packages/airflow/example_dags/example_complex.py
[2023-07-21T10:03:48.946+0000] {processor.py:836} INFO - DAG(s) dict_keys(['example_complex']) retrieved from /home/airflow/.local/lib/python3.7/site-packages/airflow/example_dags/example_complex.py
[2023-07-21T10:03:48.987+0000] {logging_mixin.py:150} INFO - [2023-07-21T10:03:48.987+0000] {dag.py:2742} INFO - Sync 1 DAGs
[2023-07-21T10:03:49.013+0000] {logging_mixin.py:150} INFO - [2023-07-21T10:03:49.013+0000] {dag.py:3508} INFO - Setting next_dagrun for example_complex to None, run_after=None
[2023-07-21T10:03:49.037+0000] {processor.py:179} INFO - Processing /home/airflow/.local/lib/python3.7/site-packages/airflow/example_dags/example_complex.py took 0.115 seconds
[2023-07-21T10:04:19.347+0000] {processor.py:157} INFO - Started process (PID=775) to work on /home/airflow/.local/lib/python3.7/site-packages/airflow/example_dags/example_complex.py
[2023-07-21T10:04:19.348+0000] {processor.py:826} INFO - Processing file /home/airflow/.local/lib/python3.7/site-packages/airflow/example_dags/example_complex.py for tasks to queue
[2023-07-21T10:04:19.349+0000] {logging_mixin.py:150} INFO - [2023-07-21T10:04:19.349+0000] {dagbag.py:541} INFO - Filling up the DagBag from /home/airflow/.local/lib/python3.7/site-packages/airflow/example_dags/example_complex.py
[2023-07-21T10:04:19.361+0000] {processor.py:836} INFO - DAG(s) dict_keys(['example_complex']) retrieved from /home/airflow/.local/lib/python3.7/site-packages/airflow/example_dags/example_complex.py
[2023-07-21T10:04:19.399+0000] {logging_mixin.py:150} INFO - [2023-07-21T10:04:19.398+0000] {dag.py:2742} INFO - Sync 1 DAGs
[2023-07-21T10:04:19.424+0000] {logging_mixin.py:150} INFO - [2023-07-21T10:04:19.424+0000] {dag.py:3508} INFO - Setting next_dagrun for example_complex to None, run_after=None
[2023-07-21T10:04:19.450+0000] {processor.py:179} INFO - Processing /home/airflow/.local/lib/python3.7/site-packages/airflow/example_dags/example_complex.py took 0.106 seconds
[2023-07-21T10:04:49.750+0000] {processor.py:157} INFO - Started process (PID=836) to work on /home/airflow/.local/lib/python3.7/site-packages/airflow/example_dags/example_complex.py
[2023-07-21T10:04:49.752+0000] {processor.py:826} INFO - Processing file /home/airflow/.local/lib/python3.7/site-packages/airflow/example_dags/example_complex.py for tasks to queue
[2023-07-21T10:04:49.754+0000] {logging_mixin.py:150} INFO - [2023-07-21T10:04:49.754+0000] {dagbag.py:541} INFO - Filling up the DagBag from /home/airflow/.local/lib/python3.7/site-packages/airflow/example_dags/example_complex.py
[2023-07-21T10:04:49.775+0000] {processor.py:836} INFO - DAG(s) dict_keys(['example_complex']) retrieved from /home/airflow/.local/lib/python3.7/site-packages/airflow/example_dags/example_complex.py
[2023-07-21T10:04:49.823+0000] {logging_mixin.py:150} INFO - [2023-07-21T10:04:49.823+0000] {dag.py:2742} INFO - Sync 1 DAGs
[2023-07-21T10:04:49.847+0000] {logging_mixin.py:150} INFO - [2023-07-21T10:04:49.847+0000] {dag.py:3508} INFO - Setting next_dagrun for example_complex to None, run_after=None
[2023-07-21T10:04:49.874+0000] {processor.py:179} INFO - Processing /home/airflow/.local/lib/python3.7/site-packages/airflow/example_dags/example_complex.py took 0.129 seconds
[2023-07-21T10:05:20.750+0000] {processor.py:157} INFO - Started process (PID=898) to work on /home/airflow/.local/lib/python3.7/site-packages/airflow/example_dags/example_complex.py
[2023-07-21T10:05:20.752+0000] {processor.py:826} INFO - Processing file /home/airflow/.local/lib/python3.7/site-packages/airflow/example_dags/example_complex.py for tasks to queue
[2023-07-21T10:05:20.753+0000] {logging_mixin.py:150} INFO - [2023-07-21T10:05:20.753+0000] {dagbag.py:541} INFO - Filling up the DagBag from /home/airflow/.local/lib/python3.7/site-packages/airflow/example_dags/example_complex.py
[2023-07-21T10:05:20.770+0000] {processor.py:836} INFO - DAG(s) dict_keys(['example_complex']) retrieved from /home/airflow/.local/lib/python3.7/site-packages/airflow/example_dags/example_complex.py
[2023-07-21T10:05:20.807+0000] {logging_mixin.py:150} INFO - [2023-07-21T10:05:20.806+0000] {dag.py:2742} INFO - Sync 1 DAGs
[2023-07-21T10:05:20.838+0000] {logging_mixin.py:150} INFO - [2023-07-21T10:05:20.838+0000] {dag.py:3508} INFO - Setting next_dagrun for example_complex to None, run_after=None
[2023-07-21T10:05:20.867+0000] {processor.py:179} INFO - Processing /home/airflow/.local/lib/python3.7/site-packages/airflow/example_dags/example_complex.py took 0.121 seconds
[2023-07-21T10:05:52.191+0000] {processor.py:157} INFO - Started process (PID=959) to work on /home/airflow/.local/lib/python3.7/site-packages/airflow/example_dags/example_complex.py
[2023-07-21T10:05:52.192+0000] {processor.py:826} INFO - Processing file /home/airflow/.local/lib/python3.7/site-packages/airflow/example_dags/example_complex.py for tasks to queue
[2023-07-21T10:05:52.193+0000] {logging_mixin.py:150} INFO - [2023-07-21T10:05:52.193+0000] {dagbag.py:541} INFO - Filling up the DagBag from /home/airflow/.local/lib/python3.7/site-packages/airflow/example_dags/example_complex.py
[2023-07-21T10:05:52.208+0000] {processor.py:836} INFO - DAG(s) dict_keys(['example_complex']) retrieved from /home/airflow/.local/lib/python3.7/site-packages/airflow/example_dags/example_complex.py
[2023-07-21T10:05:52.259+0000] {logging_mixin.py:150} INFO - [2023-07-21T10:05:52.259+0000] {dag.py:2742} INFO - Sync 1 DAGs
[2023-07-21T10:05:52.293+0000] {logging_mixin.py:150} INFO - [2023-07-21T10:05:52.293+0000] {dag.py:3508} INFO - Setting next_dagrun for example_complex to None, run_after=None
[2023-07-21T10:05:52.332+0000] {processor.py:179} INFO - Processing /home/airflow/.local/lib/python3.7/site-packages/airflow/example_dags/example_complex.py took 0.145 seconds
[2023-07-21T10:06:22.567+0000] {processor.py:157} INFO - Started process (PID=1020) to work on /home/airflow/.local/lib/python3.7/site-packages/airflow/example_dags/example_complex.py
[2023-07-21T10:06:22.568+0000] {processor.py:826} INFO - Processing file /home/airflow/.local/lib/python3.7/site-packages/airflow/example_dags/example_complex.py for tasks to queue
[2023-07-21T10:06:22.570+0000] {logging_mixin.py:150} INFO - [2023-07-21T10:06:22.570+0000] {dagbag.py:541} INFO - Filling up the DagBag from /home/airflow/.local/lib/python3.7/site-packages/airflow/example_dags/example_complex.py
[2023-07-21T10:06:22.586+0000] {processor.py:836} INFO - DAG(s) dict_keys(['example_complex']) retrieved from /home/airflow/.local/lib/python3.7/site-packages/airflow/example_dags/example_complex.py
[2023-07-21T10:06:22.638+0000] {logging_mixin.py:150} INFO - [2023-07-21T10:06:22.637+0000] {dag.py:2742} INFO - Sync 1 DAGs
[2023-07-21T10:06:22.670+0000] {logging_mixin.py:150} INFO - [2023-07-21T10:06:22.670+0000] {dag.py:3508} INFO - Setting next_dagrun for example_complex to None, run_after=None
[2023-07-21T10:06:22.700+0000] {processor.py:179} INFO - Processing /home/airflow/.local/lib/python3.7/site-packages/airflow/example_dags/example_complex.py took 0.136 seconds
[2023-07-21T10:06:53.559+0000] {processor.py:157} INFO - Started process (PID=1081) to work on /home/airflow/.local/lib/python3.7/site-packages/airflow/example_dags/example_complex.py
[2023-07-21T10:06:53.560+0000] {processor.py:826} INFO - Processing file /home/airflow/.local/lib/python3.7/site-packages/airflow/example_dags/example_complex.py for tasks to queue
[2023-07-21T10:06:53.562+0000] {logging_mixin.py:150} INFO - [2023-07-21T10:06:53.561+0000] {dagbag.py:541} INFO - Filling up the DagBag from /home/airflow/.local/lib/python3.7/site-packages/airflow/example_dags/example_complex.py
[2023-07-21T10:06:53.578+0000] {processor.py:836} INFO - DAG(s) dict_keys(['example_complex']) retrieved from /home/airflow/.local/lib/python3.7/site-packages/airflow/example_dags/example_complex.py
[2023-07-21T10:06:53.622+0000] {logging_mixin.py:150} INFO - [2023-07-21T10:06:53.621+0000] {dag.py:2742} INFO - Sync 1 DAGs
[2023-07-21T10:06:53.655+0000] {logging_mixin.py:150} INFO - [2023-07-21T10:06:53.655+0000] {dag.py:3508} INFO - Setting next_dagrun for example_complex to None, run_after=None
[2023-07-21T10:06:53.689+0000] {processor.py:179} INFO - Processing /home/airflow/.local/lib/python3.7/site-packages/airflow/example_dags/example_complex.py took 0.134 seconds
[2023-07-21T10:07:24.774+0000] {processor.py:157} INFO - Started process (PID=1142) to work on /home/airflow/.local/lib/python3.7/site-packages/airflow/example_dags/example_complex.py
[2023-07-21T10:07:24.776+0000] {processor.py:826} INFO - Processing file /home/airflow/.local/lib/python3.7/site-packages/airflow/example_dags/example_complex.py for tasks to queue
[2023-07-21T10:07:24.777+0000] {logging_mixin.py:150} INFO - [2023-07-21T10:07:24.777+0000] {dagbag.py:541} INFO - Filling up the DagBag from /home/airflow/.local/lib/python3.7/site-packages/airflow/example_dags/example_complex.py
[2023-07-21T10:07:24.796+0000] {processor.py:836} INFO - DAG(s) dict_keys(['example_complex']) retrieved from /home/airflow/.local/lib/python3.7/site-packages/airflow/example_dags/example_complex.py
[2023-07-21T10:07:24.851+0000] {logging_mixin.py:150} INFO - [2023-07-21T10:07:24.851+0000] {dag.py:2742} INFO - Sync 1 DAGs
[2023-07-21T10:07:24.891+0000] {logging_mixin.py:150} INFO - [2023-07-21T10:07:24.890+0000] {dag.py:3508} INFO - Setting next_dagrun for example_complex to None, run_after=None
[2023-07-21T10:07:24.942+0000] {processor.py:179} INFO - Processing /home/airflow/.local/lib/python3.7/site-packages/airflow/example_dags/example_complex.py took 0.172 seconds
[2023-07-21T10:07:55.079+0000] {processor.py:157} INFO - Started process (PID=1203) to work on /home/airflow/.local/lib/python3.7/site-packages/airflow/example_dags/example_complex.py
[2023-07-21T10:07:55.081+0000] {processor.py:826} INFO - Processing file /home/airflow/.local/lib/python3.7/site-packages/airflow/example_dags/example_complex.py for tasks to queue
[2023-07-21T10:07:55.082+0000] {logging_mixin.py:150} INFO - [2023-07-21T10:07:55.082+0000] {dagbag.py:541} INFO - Filling up the DagBag from /home/airflow/.local/lib/python3.7/site-packages/airflow/example_dags/example_complex.py
[2023-07-21T10:07:55.098+0000] {processor.py:836} INFO - DAG(s) dict_keys(['example_complex']) retrieved from /home/airflow/.local/lib/python3.7/site-packages/airflow/example_dags/example_complex.py
[2023-07-21T10:07:55.154+0000] {logging_mixin.py:150} INFO - [2023-07-21T10:07:55.154+0000] {dag.py:2742} INFO - Sync 1 DAGs
[2023-07-21T10:07:55.189+0000] {logging_mixin.py:150} INFO - [2023-07-21T10:07:55.189+0000] {dag.py:3508} INFO - Setting next_dagrun for example_complex to None, run_after=None
[2023-07-21T10:07:55.214+0000] {processor.py:179} INFO - Processing /home/airflow/.local/lib/python3.7/site-packages/airflow/example_dags/example_complex.py took 0.138 seconds
[2023-07-21T10:08:26.265+0000] {processor.py:157} INFO - Started process (PID=1264) to work on /home/airflow/.local/lib/python3.7/site-packages/airflow/example_dags/example_complex.py
[2023-07-21T10:08:26.267+0000] {processor.py:826} INFO - Processing file /home/airflow/.local/lib/python3.7/site-packages/airflow/example_dags/example_complex.py for tasks to queue
[2023-07-21T10:08:26.271+0000] {logging_mixin.py:150} INFO - [2023-07-21T10:08:26.270+0000] {dagbag.py:541} INFO - Filling up the DagBag from /home/airflow/.local/lib/python3.7/site-packages/airflow/example_dags/example_complex.py
[2023-07-21T10:08:26.308+0000] {processor.py:836} INFO - DAG(s) dict_keys(['example_complex']) retrieved from /home/airflow/.local/lib/python3.7/site-packages/airflow/example_dags/example_complex.py
[2023-07-21T10:08:26.412+0000] {logging_mixin.py:150} INFO - [2023-07-21T10:08:26.411+0000] {dag.py:2742} INFO - Sync 1 DAGs
[2023-07-21T10:08:26.484+0000] {logging_mixin.py:150} INFO - [2023-07-21T10:08:26.483+0000] {dag.py:3508} INFO - Setting next_dagrun for example_complex to None, run_after=None
[2023-07-21T10:08:26.534+0000] {processor.py:179} INFO - Processing /home/airflow/.local/lib/python3.7/site-packages/airflow/example_dags/example_complex.py took 0.278 seconds
[2023-07-21T10:08:57.248+0000] {processor.py:157} INFO - Started process (PID=1332) to work on /home/airflow/.local/lib/python3.7/site-packages/airflow/example_dags/example_complex.py
[2023-07-21T10:08:57.249+0000] {processor.py:826} INFO - Processing file /home/airflow/.local/lib/python3.7/site-packages/airflow/example_dags/example_complex.py for tasks to queue
[2023-07-21T10:08:57.251+0000] {logging_mixin.py:150} INFO - [2023-07-21T10:08:57.250+0000] {dagbag.py:541} INFO - Filling up the DagBag from /home/airflow/.local/lib/python3.7/site-packages/airflow/example_dags/example_complex.py
[2023-07-21T10:08:57.274+0000] {processor.py:836} INFO - DAG(s) dict_keys(['example_complex']) retrieved from /home/airflow/.local/lib/python3.7/site-packages/airflow/example_dags/example_complex.py
[2023-07-21T10:08:57.312+0000] {logging_mixin.py:150} INFO - [2023-07-21T10:08:57.312+0000] {dag.py:2742} INFO - Sync 1 DAGs
[2023-07-21T10:08:57.338+0000] {logging_mixin.py:150} INFO - [2023-07-21T10:08:57.337+0000] {dag.py:3508} INFO - Setting next_dagrun for example_complex to None, run_after=None
[2023-07-21T10:08:57.364+0000] {processor.py:179} INFO - Processing /home/airflow/.local/lib/python3.7/site-packages/airflow/example_dags/example_complex.py took 0.120 seconds
[2023-07-21T10:09:27.678+0000] {processor.py:157} INFO - Started process (PID=1394) to work on /home/airflow/.local/lib/python3.7/site-packages/airflow/example_dags/example_complex.py
[2023-07-21T10:09:27.679+0000] {processor.py:826} INFO - Processing file /home/airflow/.local/lib/python3.7/site-packages/airflow/example_dags/example_complex.py for tasks to queue
[2023-07-21T10:09:27.680+0000] {logging_mixin.py:150} INFO - [2023-07-21T10:09:27.680+0000] {dagbag.py:541} INFO - Filling up the DagBag from /home/airflow/.local/lib/python3.7/site-packages/airflow/example_dags/example_complex.py
[2023-07-21T10:09:27.692+0000] {processor.py:836} INFO - DAG(s) dict_keys(['example_complex']) retrieved from /home/airflow/.local/lib/python3.7/site-packages/airflow/example_dags/example_complex.py
[2023-07-21T10:09:27.737+0000] {logging_mixin.py:150} INFO - [2023-07-21T10:09:27.737+0000] {dag.py:2742} INFO - Sync 1 DAGs
[2023-07-21T10:09:27.767+0000] {logging_mixin.py:150} INFO - [2023-07-21T10:09:27.766+0000] {dag.py:3508} INFO - Setting next_dagrun for example_complex to None, run_after=None
[2023-07-21T10:09:27.792+0000] {processor.py:179} INFO - Processing /home/airflow/.local/lib/python3.7/site-packages/airflow/example_dags/example_complex.py took 0.119 seconds
[2023-07-21T10:09:58.130+0000] {processor.py:157} INFO - Started process (PID=1455) to work on /home/airflow/.local/lib/python3.7/site-packages/airflow/example_dags/example_complex.py
[2023-07-21T10:09:58.132+0000] {processor.py:826} INFO - Processing file /home/airflow/.local/lib/python3.7/site-packages/airflow/example_dags/example_complex.py for tasks to queue
[2023-07-21T10:09:58.133+0000] {logging_mixin.py:150} INFO - [2023-07-21T10:09:58.132+0000] {dagbag.py:541} INFO - Filling up the DagBag from /home/airflow/.local/lib/python3.7/site-packages/airflow/example_dags/example_complex.py
[2023-07-21T10:09:58.145+0000] {processor.py:836} INFO - DAG(s) dict_keys(['example_complex']) retrieved from /home/airflow/.local/lib/python3.7/site-packages/airflow/example_dags/example_complex.py
[2023-07-21T10:09:58.181+0000] {logging_mixin.py:150} INFO - [2023-07-21T10:09:58.180+0000] {dag.py:2742} INFO - Sync 1 DAGs
[2023-07-21T10:09:58.203+0000] {logging_mixin.py:150} INFO - [2023-07-21T10:09:58.203+0000] {dag.py:3508} INFO - Setting next_dagrun for example_complex to None, run_after=None
[2023-07-21T10:09:58.225+0000] {processor.py:179} INFO - Processing /home/airflow/.local/lib/python3.7/site-packages/airflow/example_dags/example_complex.py took 0.098 seconds
[2023-07-21T10:10:28.431+0000] {processor.py:157} INFO - Started process (PID=1516) to work on /home/airflow/.local/lib/python3.7/site-packages/airflow/example_dags/example_complex.py
[2023-07-21T10:10:28.432+0000] {processor.py:826} INFO - Processing file /home/airflow/.local/lib/python3.7/site-packages/airflow/example_dags/example_complex.py for tasks to queue
[2023-07-21T10:10:28.434+0000] {logging_mixin.py:150} INFO - [2023-07-21T10:10:28.433+0000] {dagbag.py:541} INFO - Filling up the DagBag from /home/airflow/.local/lib/python3.7/site-packages/airflow/example_dags/example_complex.py
[2023-07-21T10:10:28.444+0000] {processor.py:836} INFO - DAG(s) dict_keys(['example_complex']) retrieved from /home/airflow/.local/lib/python3.7/site-packages/airflow/example_dags/example_complex.py
[2023-07-21T10:10:28.478+0000] {logging_mixin.py:150} INFO - [2023-07-21T10:10:28.478+0000] {dag.py:2742} INFO - Sync 1 DAGs
[2023-07-21T10:10:28.506+0000] {logging_mixin.py:150} INFO - [2023-07-21T10:10:28.505+0000] {dag.py:3508} INFO - Setting next_dagrun for example_complex to None, run_after=None
[2023-07-21T10:10:28.526+0000] {processor.py:179} INFO - Processing /home/airflow/.local/lib/python3.7/site-packages/airflow/example_dags/example_complex.py took 0.098 seconds
[2023-07-21T10:10:59.426+0000] {processor.py:157} INFO - Started process (PID=1577) to work on /home/airflow/.local/lib/python3.7/site-packages/airflow/example_dags/example_complex.py
[2023-07-21T10:10:59.428+0000] {processor.py:826} INFO - Processing file /home/airflow/.local/lib/python3.7/site-packages/airflow/example_dags/example_complex.py for tasks to queue
[2023-07-21T10:10:59.430+0000] {logging_mixin.py:150} INFO - [2023-07-21T10:10:59.429+0000] {dagbag.py:541} INFO - Filling up the DagBag from /home/airflow/.local/lib/python3.7/site-packages/airflow/example_dags/example_complex.py
[2023-07-21T10:10:59.447+0000] {processor.py:836} INFO - DAG(s) dict_keys(['example_complex']) retrieved from /home/airflow/.local/lib/python3.7/site-packages/airflow/example_dags/example_complex.py
[2023-07-21T10:10:59.498+0000] {logging_mixin.py:150} INFO - [2023-07-21T10:10:59.498+0000] {dag.py:2742} INFO - Sync 1 DAGs
[2023-07-21T10:10:59.532+0000] {logging_mixin.py:150} INFO - [2023-07-21T10:10:59.532+0000] {dag.py:3508} INFO - Setting next_dagrun for example_complex to None, run_after=None
[2023-07-21T10:10:59.558+0000] {processor.py:179} INFO - Processing /home/airflow/.local/lib/python3.7/site-packages/airflow/example_dags/example_complex.py took 0.136 seconds
[2023-07-21T10:11:30.358+0000] {processor.py:157} INFO - Started process (PID=1638) to work on /home/airflow/.local/lib/python3.7/site-packages/airflow/example_dags/example_complex.py
[2023-07-21T10:11:30.359+0000] {processor.py:826} INFO - Processing file /home/airflow/.local/lib/python3.7/site-packages/airflow/example_dags/example_complex.py for tasks to queue
[2023-07-21T10:11:30.361+0000] {logging_mixin.py:150} INFO - [2023-07-21T10:11:30.360+0000] {dagbag.py:541} INFO - Filling up the DagBag from /home/airflow/.local/lib/python3.7/site-packages/airflow/example_dags/example_complex.py
[2023-07-21T10:11:30.374+0000] {processor.py:836} INFO - DAG(s) dict_keys(['example_complex']) retrieved from /home/airflow/.local/lib/python3.7/site-packages/airflow/example_dags/example_complex.py
[2023-07-21T10:11:30.419+0000] {logging_mixin.py:150} INFO - [2023-07-21T10:11:30.418+0000] {dag.py:2742} INFO - Sync 1 DAGs
[2023-07-21T10:11:30.450+0000] {logging_mixin.py:150} INFO - [2023-07-21T10:11:30.449+0000] {dag.py:3508} INFO - Setting next_dagrun for example_complex to None, run_after=None
[2023-07-21T10:11:30.479+0000] {processor.py:179} INFO - Processing /home/airflow/.local/lib/python3.7/site-packages/airflow/example_dags/example_complex.py took 0.127 seconds
[2023-07-21T10:12:01.010+0000] {processor.py:157} INFO - Started process (PID=1699) to work on /home/airflow/.local/lib/python3.7/site-packages/airflow/example_dags/example_complex.py
[2023-07-21T10:12:01.011+0000] {processor.py:826} INFO - Processing file /home/airflow/.local/lib/python3.7/site-packages/airflow/example_dags/example_complex.py for tasks to queue
[2023-07-21T10:12:01.013+0000] {logging_mixin.py:150} INFO - [2023-07-21T10:12:01.012+0000] {dagbag.py:541} INFO - Filling up the DagBag from /home/airflow/.local/lib/python3.7/site-packages/airflow/example_dags/example_complex.py
[2023-07-21T10:12:01.028+0000] {processor.py:836} INFO - DAG(s) dict_keys(['example_complex']) retrieved from /home/airflow/.local/lib/python3.7/site-packages/airflow/example_dags/example_complex.py
[2023-07-21T10:12:01.074+0000] {logging_mixin.py:150} INFO - [2023-07-21T10:12:01.074+0000] {dag.py:2742} INFO - Sync 1 DAGs
[2023-07-21T10:12:01.106+0000] {logging_mixin.py:150} INFO - [2023-07-21T10:12:01.106+0000] {dag.py:3508} INFO - Setting next_dagrun for example_complex to None, run_after=None
[2023-07-21T10:12:01.133+0000] {processor.py:179} INFO - Processing /home/airflow/.local/lib/python3.7/site-packages/airflow/example_dags/example_complex.py took 0.127 seconds
[2023-07-21T10:12:31.279+0000] {processor.py:157} INFO - Started process (PID=1760) to work on /home/airflow/.local/lib/python3.7/site-packages/airflow/example_dags/example_complex.py
[2023-07-21T10:12:31.280+0000] {processor.py:826} INFO - Processing file /home/airflow/.local/lib/python3.7/site-packages/airflow/example_dags/example_complex.py for tasks to queue
[2023-07-21T10:12:31.282+0000] {logging_mixin.py:150} INFO - [2023-07-21T10:12:31.281+0000] {dagbag.py:541} INFO - Filling up the DagBag from /home/airflow/.local/lib/python3.7/site-packages/airflow/example_dags/example_complex.py
[2023-07-21T10:12:31.294+0000] {processor.py:836} INFO - DAG(s) dict_keys(['example_complex']) retrieved from /home/airflow/.local/lib/python3.7/site-packages/airflow/example_dags/example_complex.py
[2023-07-21T10:12:31.340+0000] {logging_mixin.py:150} INFO - [2023-07-21T10:12:31.340+0000] {dag.py:2742} INFO - Sync 1 DAGs
[2023-07-21T10:12:31.370+0000] {logging_mixin.py:150} INFO - [2023-07-21T10:12:31.370+0000] {dag.py:3508} INFO - Setting next_dagrun for example_complex to None, run_after=None
[2023-07-21T10:12:31.413+0000] {processor.py:179} INFO - Processing /home/airflow/.local/lib/python3.7/site-packages/airflow/example_dags/example_complex.py took 0.137 seconds
[2023-07-21T10:13:01.590+0000] {processor.py:157} INFO - Started process (PID=1820) to work on /home/airflow/.local/lib/python3.7/site-packages/airflow/example_dags/example_complex.py
[2023-07-21T10:13:01.591+0000] {processor.py:826} INFO - Processing file /home/airflow/.local/lib/python3.7/site-packages/airflow/example_dags/example_complex.py for tasks to queue
[2023-07-21T10:13:01.593+0000] {logging_mixin.py:150} INFO - [2023-07-21T10:13:01.593+0000] {dagbag.py:541} INFO - Filling up the DagBag from /home/airflow/.local/lib/python3.7/site-packages/airflow/example_dags/example_complex.py
[2023-07-21T10:13:01.610+0000] {processor.py:836} INFO - DAG(s) dict_keys(['example_complex']) retrieved from /home/airflow/.local/lib/python3.7/site-packages/airflow/example_dags/example_complex.py
[2023-07-21T10:13:01.671+0000] {logging_mixin.py:150} INFO - [2023-07-21T10:13:01.671+0000] {dag.py:2742} INFO - Sync 1 DAGs
[2023-07-21T10:13:01.702+0000] {logging_mixin.py:150} INFO - [2023-07-21T10:13:01.701+0000] {dag.py:3508} INFO - Setting next_dagrun for example_complex to None, run_after=None
[2023-07-21T10:13:01.726+0000] {processor.py:179} INFO - Processing /home/airflow/.local/lib/python3.7/site-packages/airflow/example_dags/example_complex.py took 0.141 seconds
[2023-07-21T10:13:32.503+0000] {processor.py:157} INFO - Started process (PID=1881) to work on /home/airflow/.local/lib/python3.7/site-packages/airflow/example_dags/example_complex.py
[2023-07-21T10:13:32.504+0000] {processor.py:826} INFO - Processing file /home/airflow/.local/lib/python3.7/site-packages/airflow/example_dags/example_complex.py for tasks to queue
[2023-07-21T10:13:32.506+0000] {logging_mixin.py:150} INFO - [2023-07-21T10:13:32.505+0000] {dagbag.py:541} INFO - Filling up the DagBag from /home/airflow/.local/lib/python3.7/site-packages/airflow/example_dags/example_complex.py
[2023-07-21T10:13:32.529+0000] {processor.py:836} INFO - DAG(s) dict_keys(['example_complex']) retrieved from /home/airflow/.local/lib/python3.7/site-packages/airflow/example_dags/example_complex.py
[2023-07-21T10:13:32.606+0000] {logging_mixin.py:150} INFO - [2023-07-21T10:13:32.606+0000] {dag.py:2742} INFO - Sync 1 DAGs
[2023-07-21T10:13:32.665+0000] {logging_mixin.py:150} INFO - [2023-07-21T10:13:32.665+0000] {dag.py:3508} INFO - Setting next_dagrun for example_complex to None, run_after=None
[2023-07-21T10:13:32.721+0000] {processor.py:179} INFO - Processing /home/airflow/.local/lib/python3.7/site-packages/airflow/example_dags/example_complex.py took 0.223 seconds
[2023-07-21T10:14:02.865+0000] {processor.py:157} INFO - Started process (PID=1942) to work on /home/airflow/.local/lib/python3.7/site-packages/airflow/example_dags/example_complex.py
[2023-07-21T10:14:02.866+0000] {processor.py:826} INFO - Processing file /home/airflow/.local/lib/python3.7/site-packages/airflow/example_dags/example_complex.py for tasks to queue
[2023-07-21T10:14:02.867+0000] {logging_mixin.py:150} INFO - [2023-07-21T10:14:02.867+0000] {dagbag.py:541} INFO - Filling up the DagBag from /home/airflow/.local/lib/python3.7/site-packages/airflow/example_dags/example_complex.py
[2023-07-21T10:14:02.885+0000] {processor.py:836} INFO - DAG(s) dict_keys(['example_complex']) retrieved from /home/airflow/.local/lib/python3.7/site-packages/airflow/example_dags/example_complex.py
[2023-07-21T10:14:02.933+0000] {logging_mixin.py:150} INFO - [2023-07-21T10:14:02.933+0000] {dag.py:2742} INFO - Sync 1 DAGs
[2023-07-21T10:14:02.962+0000] {logging_mixin.py:150} INFO - [2023-07-21T10:14:02.962+0000] {dag.py:3508} INFO - Setting next_dagrun for example_complex to None, run_after=None
[2023-07-21T10:14:02.990+0000] {processor.py:179} INFO - Processing /home/airflow/.local/lib/python3.7/site-packages/airflow/example_dags/example_complex.py took 0.130 seconds
[2023-07-21T10:14:33.268+0000] {processor.py:157} INFO - Started process (PID=2003) to work on /home/airflow/.local/lib/python3.7/site-packages/airflow/example_dags/example_complex.py
[2023-07-21T10:14:33.270+0000] {processor.py:826} INFO - Processing file /home/airflow/.local/lib/python3.7/site-packages/airflow/example_dags/example_complex.py for tasks to queue
[2023-07-21T10:14:33.272+0000] {logging_mixin.py:150} INFO - [2023-07-21T10:14:33.272+0000] {dagbag.py:541} INFO - Filling up the DagBag from /home/airflow/.local/lib/python3.7/site-packages/airflow/example_dags/example_complex.py
[2023-07-21T10:14:33.296+0000] {processor.py:836} INFO - DAG(s) dict_keys(['example_complex']) retrieved from /home/airflow/.local/lib/python3.7/site-packages/airflow/example_dags/example_complex.py
[2023-07-21T10:14:33.355+0000] {logging_mixin.py:150} INFO - [2023-07-21T10:14:33.354+0000] {dag.py:2742} INFO - Sync 1 DAGs
[2023-07-21T10:14:33.405+0000] {logging_mixin.py:150} INFO - [2023-07-21T10:14:33.405+0000] {dag.py:3508} INFO - Setting next_dagrun for example_complex to None, run_after=None
[2023-07-21T10:14:33.444+0000] {processor.py:179} INFO - Processing /home/airflow/.local/lib/python3.7/site-packages/airflow/example_dags/example_complex.py took 0.181 seconds
[2023-07-21T10:15:03.914+0000] {processor.py:157} INFO - Started process (PID=2064) to work on /home/airflow/.local/lib/python3.7/site-packages/airflow/example_dags/example_complex.py
[2023-07-21T10:15:03.916+0000] {processor.py:826} INFO - Processing file /home/airflow/.local/lib/python3.7/site-packages/airflow/example_dags/example_complex.py for tasks to queue
[2023-07-21T10:15:03.918+0000] {logging_mixin.py:150} INFO - [2023-07-21T10:15:03.917+0000] {dagbag.py:541} INFO - Filling up the DagBag from /home/airflow/.local/lib/python3.7/site-packages/airflow/example_dags/example_complex.py
[2023-07-21T10:15:03.941+0000] {processor.py:836} INFO - DAG(s) dict_keys(['example_complex']) retrieved from /home/airflow/.local/lib/python3.7/site-packages/airflow/example_dags/example_complex.py
[2023-07-21T10:15:04.017+0000] {logging_mixin.py:150} INFO - [2023-07-21T10:15:04.017+0000] {dag.py:2742} INFO - Sync 1 DAGs
[2023-07-21T10:15:04.065+0000] {logging_mixin.py:150} INFO - [2023-07-21T10:15:04.065+0000] {dag.py:3508} INFO - Setting next_dagrun for example_complex to None, run_after=None
[2023-07-21T10:15:04.118+0000] {processor.py:179} INFO - Processing /home/airflow/.local/lib/python3.7/site-packages/airflow/example_dags/example_complex.py took 0.210 seconds
