[2023-07-21T09:58:07.121+0000] {processor.py:157} INFO - Started process (PID=40) to work on /home/airflow/.local/lib/python3.7/site-packages/airflow/example_dags/example_dag_decorator.py
[2023-07-21T09:58:07.123+0000] {processor.py:826} INFO - Processing file /home/airflow/.local/lib/python3.7/site-packages/airflow/example_dags/example_dag_decorator.py for tasks to queue
[2023-07-21T09:58:07.125+0000] {logging_mixin.py:150} INFO - [2023-07-21T09:58:07.125+0000] {dagbag.py:541} INFO - Filling up the DagBag from /home/airflow/.local/lib/python3.7/site-packages/airflow/example_dags/example_dag_decorator.py
[2023-07-21T09:58:07.157+0000] {processor.py:836} INFO - DAG(s) dict_keys(['example_dag_decorator']) retrieved from /home/airflow/.local/lib/python3.7/site-packages/airflow/example_dags/example_dag_decorator.py
[2023-07-21T09:58:07.849+0000] {logging_mixin.py:150} INFO - [2023-07-21T09:58:07.848+0000] {dag.py:2742} INFO - Sync 1 DAGs
[2023-07-21T09:58:07.920+0000] {logging_mixin.py:150} INFO - [2023-07-21T09:58:07.920+0000] {dag.py:3508} INFO - Setting next_dagrun for example_dag_decorator to None, run_after=None
[2023-07-21T09:58:07.979+0000] {processor.py:179} INFO - Processing /home/airflow/.local/lib/python3.7/site-packages/airflow/example_dags/example_dag_decorator.py took 0.862 seconds
[2023-07-21T09:58:38.192+0000] {processor.py:157} INFO - Started process (PID=101) to work on /home/airflow/.local/lib/python3.7/site-packages/airflow/example_dags/example_dag_decorator.py
[2023-07-21T09:58:38.194+0000] {processor.py:826} INFO - Processing file /home/airflow/.local/lib/python3.7/site-packages/airflow/example_dags/example_dag_decorator.py for tasks to queue
[2023-07-21T09:58:38.196+0000] {logging_mixin.py:150} INFO - [2023-07-21T09:58:38.195+0000] {dagbag.py:541} INFO - Filling up the DagBag from /home/airflow/.local/lib/python3.7/site-packages/airflow/example_dags/example_dag_decorator.py
[2023-07-21T09:58:38.219+0000] {processor.py:836} INFO - DAG(s) dict_keys(['example_dag_decorator']) retrieved from /home/airflow/.local/lib/python3.7/site-packages/airflow/example_dags/example_dag_decorator.py
[2023-07-21T09:58:38.239+0000] {logging_mixin.py:150} INFO - [2023-07-21T09:58:38.239+0000] {dag.py:2742} INFO - Sync 1 DAGs
[2023-07-21T09:58:38.291+0000] {logging_mixin.py:150} INFO - [2023-07-21T09:58:38.291+0000] {dag.py:3508} INFO - Setting next_dagrun for example_dag_decorator to None, run_after=None
[2023-07-21T09:58:38.336+0000] {processor.py:179} INFO - Processing /home/airflow/.local/lib/python3.7/site-packages/airflow/example_dags/example_dag_decorator.py took 0.148 seconds
[2023-07-21T09:59:09.034+0000] {processor.py:157} INFO - Started process (PID=162) to work on /home/airflow/.local/lib/python3.7/site-packages/airflow/example_dags/example_dag_decorator.py
[2023-07-21T09:59:09.036+0000] {processor.py:826} INFO - Processing file /home/airflow/.local/lib/python3.7/site-packages/airflow/example_dags/example_dag_decorator.py for tasks to queue
[2023-07-21T09:59:09.037+0000] {logging_mixin.py:150} INFO - [2023-07-21T09:59:09.037+0000] {dagbag.py:541} INFO - Filling up the DagBag from /home/airflow/.local/lib/python3.7/site-packages/airflow/example_dags/example_dag_decorator.py
[2023-07-21T09:59:09.062+0000] {processor.py:836} INFO - DAG(s) dict_keys(['example_dag_decorator']) retrieved from /home/airflow/.local/lib/python3.7/site-packages/airflow/example_dags/example_dag_decorator.py
[2023-07-21T09:59:09.341+0000] {logging_mixin.py:150} INFO - [2023-07-21T09:59:09.341+0000] {dag.py:2742} INFO - Sync 1 DAGs
[2023-07-21T09:59:09.380+0000] {logging_mixin.py:150} INFO - [2023-07-21T09:59:09.379+0000] {dag.py:3508} INFO - Setting next_dagrun for example_dag_decorator to None, run_after=None
[2023-07-21T09:59:09.418+0000] {processor.py:179} INFO - Processing /home/airflow/.local/lib/python3.7/site-packages/airflow/example_dags/example_dag_decorator.py took 0.390 seconds
[2023-07-21T09:59:39.452+0000] {processor.py:157} INFO - Started process (PID=223) to work on /home/airflow/.local/lib/python3.7/site-packages/airflow/example_dags/example_dag_decorator.py
[2023-07-21T09:59:39.454+0000] {processor.py:826} INFO - Processing file /home/airflow/.local/lib/python3.7/site-packages/airflow/example_dags/example_dag_decorator.py for tasks to queue
[2023-07-21T09:59:39.455+0000] {logging_mixin.py:150} INFO - [2023-07-21T09:59:39.455+0000] {dagbag.py:541} INFO - Filling up the DagBag from /home/airflow/.local/lib/python3.7/site-packages/airflow/example_dags/example_dag_decorator.py
[2023-07-21T09:59:39.475+0000] {processor.py:836} INFO - DAG(s) dict_keys(['example_dag_decorator']) retrieved from /home/airflow/.local/lib/python3.7/site-packages/airflow/example_dags/example_dag_decorator.py
[2023-07-21T09:59:39.775+0000] {logging_mixin.py:150} INFO - [2023-07-21T09:59:39.775+0000] {dag.py:2742} INFO - Sync 1 DAGs
[2023-07-21T09:59:39.803+0000] {logging_mixin.py:150} INFO - [2023-07-21T09:59:39.803+0000] {dag.py:3508} INFO - Setting next_dagrun for example_dag_decorator to None, run_after=None
[2023-07-21T09:59:39.833+0000] {processor.py:179} INFO - Processing /home/airflow/.local/lib/python3.7/site-packages/airflow/example_dags/example_dag_decorator.py took 0.385 seconds
[2023-07-21T10:00:10.878+0000] {processor.py:157} INFO - Started process (PID=284) to work on /home/airflow/.local/lib/python3.7/site-packages/airflow/example_dags/example_dag_decorator.py
[2023-07-21T10:00:10.880+0000] {processor.py:826} INFO - Processing file /home/airflow/.local/lib/python3.7/site-packages/airflow/example_dags/example_dag_decorator.py for tasks to queue
[2023-07-21T10:00:10.881+0000] {logging_mixin.py:150} INFO - [2023-07-21T10:00:10.881+0000] {dagbag.py:541} INFO - Filling up the DagBag from /home/airflow/.local/lib/python3.7/site-packages/airflow/example_dags/example_dag_decorator.py
[2023-07-21T10:00:11.072+0000] {processor.py:836} INFO - DAG(s) dict_keys(['example_dag_decorator']) retrieved from /home/airflow/.local/lib/python3.7/site-packages/airflow/example_dags/example_dag_decorator.py
[2023-07-21T10:00:11.271+0000] {logging_mixin.py:150} INFO - [2023-07-21T10:00:11.271+0000] {dag.py:2742} INFO - Sync 1 DAGs
[2023-07-21T10:00:11.298+0000] {logging_mixin.py:150} INFO - [2023-07-21T10:00:11.298+0000] {dag.py:3508} INFO - Setting next_dagrun for example_dag_decorator to None, run_after=None
[2023-07-21T10:00:11.334+0000] {processor.py:179} INFO - Processing /home/airflow/.local/lib/python3.7/site-packages/airflow/example_dags/example_dag_decorator.py took 0.495 seconds
[2023-07-21T10:00:41.897+0000] {processor.py:157} INFO - Started process (PID=345) to work on /home/airflow/.local/lib/python3.7/site-packages/airflow/example_dags/example_dag_decorator.py
[2023-07-21T10:00:41.900+0000] {processor.py:826} INFO - Processing file /home/airflow/.local/lib/python3.7/site-packages/airflow/example_dags/example_dag_decorator.py for tasks to queue
[2023-07-21T10:00:41.902+0000] {logging_mixin.py:150} INFO - [2023-07-21T10:00:41.901+0000] {dagbag.py:541} INFO - Filling up the DagBag from /home/airflow/.local/lib/python3.7/site-packages/airflow/example_dags/example_dag_decorator.py
[2023-07-21T10:00:41.925+0000] {processor.py:836} INFO - DAG(s) dict_keys(['example_dag_decorator']) retrieved from /home/airflow/.local/lib/python3.7/site-packages/airflow/example_dags/example_dag_decorator.py
[2023-07-21T10:00:42.107+0000] {logging_mixin.py:150} INFO - [2023-07-21T10:00:42.107+0000] {dag.py:2742} INFO - Sync 1 DAGs
[2023-07-21T10:00:42.138+0000] {logging_mixin.py:150} INFO - [2023-07-21T10:00:42.137+0000] {dag.py:3508} INFO - Setting next_dagrun for example_dag_decorator to None, run_after=None
[2023-07-21T10:00:42.183+0000] {processor.py:179} INFO - Processing /home/airflow/.local/lib/python3.7/site-packages/airflow/example_dags/example_dag_decorator.py took 0.294 seconds
[2023-07-21T10:01:13.221+0000] {processor.py:157} INFO - Started process (PID=406) to work on /home/airflow/.local/lib/python3.7/site-packages/airflow/example_dags/example_dag_decorator.py
[2023-07-21T10:01:13.224+0000] {processor.py:826} INFO - Processing file /home/airflow/.local/lib/python3.7/site-packages/airflow/example_dags/example_dag_decorator.py for tasks to queue
[2023-07-21T10:01:13.226+0000] {logging_mixin.py:150} INFO - [2023-07-21T10:01:13.225+0000] {dagbag.py:541} INFO - Filling up the DagBag from /home/airflow/.local/lib/python3.7/site-packages/airflow/example_dags/example_dag_decorator.py
[2023-07-21T10:01:13.259+0000] {processor.py:836} INFO - DAG(s) dict_keys(['example_dag_decorator']) retrieved from /home/airflow/.local/lib/python3.7/site-packages/airflow/example_dags/example_dag_decorator.py
[2023-07-21T10:01:13.388+0000] {logging_mixin.py:150} INFO - [2023-07-21T10:01:13.388+0000] {dag.py:2742} INFO - Sync 1 DAGs
[2023-07-21T10:01:13.411+0000] {logging_mixin.py:150} INFO - [2023-07-21T10:01:13.411+0000] {dag.py:3508} INFO - Setting next_dagrun for example_dag_decorator to None, run_after=None
[2023-07-21T10:01:13.437+0000] {processor.py:179} INFO - Processing /home/airflow/.local/lib/python3.7/site-packages/airflow/example_dags/example_dag_decorator.py took 0.224 seconds
[2023-07-21T10:01:44.285+0000] {processor.py:157} INFO - Started process (PID=467) to work on /home/airflow/.local/lib/python3.7/site-packages/airflow/example_dags/example_dag_decorator.py
[2023-07-21T10:01:44.287+0000] {processor.py:826} INFO - Processing file /home/airflow/.local/lib/python3.7/site-packages/airflow/example_dags/example_dag_decorator.py for tasks to queue
[2023-07-21T10:01:44.288+0000] {logging_mixin.py:150} INFO - [2023-07-21T10:01:44.288+0000] {dagbag.py:541} INFO - Filling up the DagBag from /home/airflow/.local/lib/python3.7/site-packages/airflow/example_dags/example_dag_decorator.py
[2023-07-21T10:01:44.313+0000] {processor.py:836} INFO - DAG(s) dict_keys(['example_dag_decorator']) retrieved from /home/airflow/.local/lib/python3.7/site-packages/airflow/example_dags/example_dag_decorator.py
[2023-07-21T10:01:44.570+0000] {logging_mixin.py:150} INFO - [2023-07-21T10:01:44.570+0000] {dag.py:2742} INFO - Sync 1 DAGs
[2023-07-21T10:01:44.613+0000] {logging_mixin.py:150} INFO - [2023-07-21T10:01:44.613+0000] {dag.py:3508} INFO - Setting next_dagrun for example_dag_decorator to None, run_after=None
[2023-07-21T10:01:44.681+0000] {processor.py:179} INFO - Processing /home/airflow/.local/lib/python3.7/site-packages/airflow/example_dags/example_dag_decorator.py took 0.406 seconds
[2023-07-21T10:02:15.692+0000] {processor.py:157} INFO - Started process (PID=529) to work on /home/airflow/.local/lib/python3.7/site-packages/airflow/example_dags/example_dag_decorator.py
[2023-07-21T10:02:15.694+0000] {processor.py:826} INFO - Processing file /home/airflow/.local/lib/python3.7/site-packages/airflow/example_dags/example_dag_decorator.py for tasks to queue
[2023-07-21T10:02:15.695+0000] {logging_mixin.py:150} INFO - [2023-07-21T10:02:15.695+0000] {dagbag.py:541} INFO - Filling up the DagBag from /home/airflow/.local/lib/python3.7/site-packages/airflow/example_dags/example_dag_decorator.py
[2023-07-21T10:02:15.710+0000] {processor.py:836} INFO - DAG(s) dict_keys(['example_dag_decorator']) retrieved from /home/airflow/.local/lib/python3.7/site-packages/airflow/example_dags/example_dag_decorator.py
[2023-07-21T10:02:15.854+0000] {logging_mixin.py:150} INFO - [2023-07-21T10:02:15.853+0000] {dag.py:2742} INFO - Sync 1 DAGs
[2023-07-21T10:02:15.882+0000] {logging_mixin.py:150} INFO - [2023-07-21T10:02:15.882+0000] {dag.py:3508} INFO - Setting next_dagrun for example_dag_decorator to None, run_after=None
[2023-07-21T10:02:15.906+0000] {processor.py:179} INFO - Processing /home/airflow/.local/lib/python3.7/site-packages/airflow/example_dags/example_dag_decorator.py took 0.217 seconds
[2023-07-21T10:02:46.638+0000] {processor.py:157} INFO - Started process (PID=590) to work on /home/airflow/.local/lib/python3.7/site-packages/airflow/example_dags/example_dag_decorator.py
[2023-07-21T10:02:46.642+0000] {processor.py:826} INFO - Processing file /home/airflow/.local/lib/python3.7/site-packages/airflow/example_dags/example_dag_decorator.py for tasks to queue
[2023-07-21T10:02:46.645+0000] {logging_mixin.py:150} INFO - [2023-07-21T10:02:46.644+0000] {dagbag.py:541} INFO - Filling up the DagBag from /home/airflow/.local/lib/python3.7/site-packages/airflow/example_dags/example_dag_decorator.py
[2023-07-21T10:02:46.747+0000] {processor.py:836} INFO - DAG(s) dict_keys(['example_dag_decorator']) retrieved from /home/airflow/.local/lib/python3.7/site-packages/airflow/example_dags/example_dag_decorator.py
[2023-07-21T10:02:47.153+0000] {logging_mixin.py:150} INFO - [2023-07-21T10:02:47.144+0000] {dag.py:2742} INFO - Sync 1 DAGs
[2023-07-21T10:02:47.703+0000] {logging_mixin.py:150} INFO - [2023-07-21T10:02:47.703+0000] {dag.py:3508} INFO - Setting next_dagrun for example_dag_decorator to None, run_after=None
[2023-07-21T10:02:47.753+0000] {processor.py:179} INFO - Processing /home/airflow/.local/lib/python3.7/site-packages/airflow/example_dags/example_dag_decorator.py took 1.151 seconds
[2023-07-21T10:03:18.294+0000] {processor.py:157} INFO - Started process (PID=650) to work on /home/airflow/.local/lib/python3.7/site-packages/airflow/example_dags/example_dag_decorator.py
[2023-07-21T10:03:18.295+0000] {processor.py:826} INFO - Processing file /home/airflow/.local/lib/python3.7/site-packages/airflow/example_dags/example_dag_decorator.py for tasks to queue
[2023-07-21T10:03:18.297+0000] {logging_mixin.py:150} INFO - [2023-07-21T10:03:18.296+0000] {dagbag.py:541} INFO - Filling up the DagBag from /home/airflow/.local/lib/python3.7/site-packages/airflow/example_dags/example_dag_decorator.py
[2023-07-21T10:03:18.314+0000] {processor.py:836} INFO - DAG(s) dict_keys(['example_dag_decorator']) retrieved from /home/airflow/.local/lib/python3.7/site-packages/airflow/example_dags/example_dag_decorator.py
[2023-07-21T10:03:18.461+0000] {logging_mixin.py:150} INFO - [2023-07-21T10:03:18.461+0000] {dag.py:2742} INFO - Sync 1 DAGs
[2023-07-21T10:03:18.486+0000] {logging_mixin.py:150} INFO - [2023-07-21T10:03:18.486+0000] {dag.py:3508} INFO - Setting next_dagrun for example_dag_decorator to None, run_after=None
[2023-07-21T10:03:18.511+0000] {processor.py:179} INFO - Processing /home/airflow/.local/lib/python3.7/site-packages/airflow/example_dags/example_dag_decorator.py took 0.221 seconds
[2023-07-21T10:03:48.648+0000] {processor.py:157} INFO - Started process (PID=712) to work on /home/airflow/.local/lib/python3.7/site-packages/airflow/example_dags/example_dag_decorator.py
[2023-07-21T10:03:48.649+0000] {processor.py:826} INFO - Processing file /home/airflow/.local/lib/python3.7/site-packages/airflow/example_dags/example_dag_decorator.py for tasks to queue
[2023-07-21T10:03:48.651+0000] {logging_mixin.py:150} INFO - [2023-07-21T10:03:48.651+0000] {dagbag.py:541} INFO - Filling up the DagBag from /home/airflow/.local/lib/python3.7/site-packages/airflow/example_dags/example_dag_decorator.py
[2023-07-21T10:03:48.669+0000] {processor.py:836} INFO - DAG(s) dict_keys(['example_dag_decorator']) retrieved from /home/airflow/.local/lib/python3.7/site-packages/airflow/example_dags/example_dag_decorator.py
[2023-07-21T10:03:48.847+0000] {logging_mixin.py:150} INFO - [2023-07-21T10:03:48.847+0000] {dag.py:2742} INFO - Sync 1 DAGs
[2023-07-21T10:03:48.879+0000] {logging_mixin.py:150} INFO - [2023-07-21T10:03:48.879+0000] {dag.py:3508} INFO - Setting next_dagrun for example_dag_decorator to None, run_after=None
[2023-07-21T10:03:48.910+0000] {processor.py:179} INFO - Processing /home/airflow/.local/lib/python3.7/site-packages/airflow/example_dags/example_dag_decorator.py took 0.266 seconds
[2023-07-21T10:04:19.096+0000] {processor.py:157} INFO - Started process (PID=772) to work on /home/airflow/.local/lib/python3.7/site-packages/airflow/example_dags/example_dag_decorator.py
[2023-07-21T10:04:19.097+0000] {processor.py:826} INFO - Processing file /home/airflow/.local/lib/python3.7/site-packages/airflow/example_dags/example_dag_decorator.py for tasks to queue
[2023-07-21T10:04:19.099+0000] {logging_mixin.py:150} INFO - [2023-07-21T10:04:19.099+0000] {dagbag.py:541} INFO - Filling up the DagBag from /home/airflow/.local/lib/python3.7/site-packages/airflow/example_dags/example_dag_decorator.py
[2023-07-21T10:04:19.117+0000] {processor.py:836} INFO - DAG(s) dict_keys(['example_dag_decorator']) retrieved from /home/airflow/.local/lib/python3.7/site-packages/airflow/example_dags/example_dag_decorator.py
[2023-07-21T10:04:19.269+0000] {logging_mixin.py:150} INFO - [2023-07-21T10:04:19.269+0000] {dag.py:2742} INFO - Sync 1 DAGs
[2023-07-21T10:04:19.291+0000] {logging_mixin.py:150} INFO - [2023-07-21T10:04:19.290+0000] {dag.py:3508} INFO - Setting next_dagrun for example_dag_decorator to None, run_after=None
[2023-07-21T10:04:19.320+0000] {processor.py:179} INFO - Processing /home/airflow/.local/lib/python3.7/site-packages/airflow/example_dags/example_dag_decorator.py took 0.229 seconds
[2023-07-21T10:04:49.469+0000] {processor.py:157} INFO - Started process (PID=833) to work on /home/airflow/.local/lib/python3.7/site-packages/airflow/example_dags/example_dag_decorator.py
[2023-07-21T10:04:49.471+0000] {processor.py:826} INFO - Processing file /home/airflow/.local/lib/python3.7/site-packages/airflow/example_dags/example_dag_decorator.py for tasks to queue
[2023-07-21T10:04:49.472+0000] {logging_mixin.py:150} INFO - [2023-07-21T10:04:49.472+0000] {dagbag.py:541} INFO - Filling up the DagBag from /home/airflow/.local/lib/python3.7/site-packages/airflow/example_dags/example_dag_decorator.py
[2023-07-21T10:04:49.490+0000] {processor.py:836} INFO - DAG(s) dict_keys(['example_dag_decorator']) retrieved from /home/airflow/.local/lib/python3.7/site-packages/airflow/example_dags/example_dag_decorator.py
[2023-07-21T10:04:49.651+0000] {logging_mixin.py:150} INFO - [2023-07-21T10:04:49.651+0000] {dag.py:2742} INFO - Sync 1 DAGs
[2023-07-21T10:04:49.681+0000] {logging_mixin.py:150} INFO - [2023-07-21T10:04:49.681+0000] {dag.py:3508} INFO - Setting next_dagrun for example_dag_decorator to None, run_after=None
[2023-07-21T10:04:49.717+0000] {processor.py:179} INFO - Processing /home/airflow/.local/lib/python3.7/site-packages/airflow/example_dags/example_dag_decorator.py took 0.255 seconds
[2023-07-21T10:05:20.318+0000] {processor.py:157} INFO - Started process (PID=895) to work on /home/airflow/.local/lib/python3.7/site-packages/airflow/example_dags/example_dag_decorator.py
[2023-07-21T10:05:20.319+0000] {processor.py:826} INFO - Processing file /home/airflow/.local/lib/python3.7/site-packages/airflow/example_dags/example_dag_decorator.py for tasks to queue
[2023-07-21T10:05:20.320+0000] {logging_mixin.py:150} INFO - [2023-07-21T10:05:20.320+0000] {dagbag.py:541} INFO - Filling up the DagBag from /home/airflow/.local/lib/python3.7/site-packages/airflow/example_dags/example_dag_decorator.py
[2023-07-21T10:05:20.336+0000] {processor.py:836} INFO - DAG(s) dict_keys(['example_dag_decorator']) retrieved from /home/airflow/.local/lib/python3.7/site-packages/airflow/example_dags/example_dag_decorator.py
[2023-07-21T10:05:20.506+0000] {logging_mixin.py:150} INFO - [2023-07-21T10:05:20.506+0000] {dag.py:2742} INFO - Sync 1 DAGs
[2023-07-21T10:05:20.541+0000] {logging_mixin.py:150} INFO - [2023-07-21T10:05:20.540+0000] {dag.py:3508} INFO - Setting next_dagrun for example_dag_decorator to None, run_after=None
[2023-07-21T10:05:20.568+0000] {processor.py:179} INFO - Processing /home/airflow/.local/lib/python3.7/site-packages/airflow/example_dags/example_dag_decorator.py took 0.254 seconds
[2023-07-21T10:05:51.555+0000] {processor.py:157} INFO - Started process (PID=956) to work on /home/airflow/.local/lib/python3.7/site-packages/airflow/example_dags/example_dag_decorator.py
[2023-07-21T10:05:51.556+0000] {processor.py:826} INFO - Processing file /home/airflow/.local/lib/python3.7/site-packages/airflow/example_dags/example_dag_decorator.py for tasks to queue
[2023-07-21T10:05:51.558+0000] {logging_mixin.py:150} INFO - [2023-07-21T10:05:51.557+0000] {dagbag.py:541} INFO - Filling up the DagBag from /home/airflow/.local/lib/python3.7/site-packages/airflow/example_dags/example_dag_decorator.py
[2023-07-21T10:05:51.574+0000] {processor.py:836} INFO - DAG(s) dict_keys(['example_dag_decorator']) retrieved from /home/airflow/.local/lib/python3.7/site-packages/airflow/example_dags/example_dag_decorator.py
[2023-07-21T10:05:51.736+0000] {logging_mixin.py:150} INFO - [2023-07-21T10:05:51.736+0000] {dag.py:2742} INFO - Sync 1 DAGs
[2023-07-21T10:05:51.777+0000] {logging_mixin.py:150} INFO - [2023-07-21T10:05:51.777+0000] {dag.py:3508} INFO - Setting next_dagrun for example_dag_decorator to None, run_after=None
[2023-07-21T10:05:51.813+0000] {processor.py:179} INFO - Processing /home/airflow/.local/lib/python3.7/site-packages/airflow/example_dags/example_dag_decorator.py took 0.263 seconds
[2023-07-21T10:06:21.928+0000] {processor.py:157} INFO - Started process (PID=1016) to work on /home/airflow/.local/lib/python3.7/site-packages/airflow/example_dags/example_dag_decorator.py
[2023-07-21T10:06:21.929+0000] {processor.py:826} INFO - Processing file /home/airflow/.local/lib/python3.7/site-packages/airflow/example_dags/example_dag_decorator.py for tasks to queue
[2023-07-21T10:06:21.930+0000] {logging_mixin.py:150} INFO - [2023-07-21T10:06:21.930+0000] {dagbag.py:541} INFO - Filling up the DagBag from /home/airflow/.local/lib/python3.7/site-packages/airflow/example_dags/example_dag_decorator.py
[2023-07-21T10:06:21.947+0000] {processor.py:836} INFO - DAG(s) dict_keys(['example_dag_decorator']) retrieved from /home/airflow/.local/lib/python3.7/site-packages/airflow/example_dags/example_dag_decorator.py
[2023-07-21T10:06:22.093+0000] {logging_mixin.py:150} INFO - [2023-07-21T10:06:22.092+0000] {dag.py:2742} INFO - Sync 1 DAGs
[2023-07-21T10:06:22.124+0000] {logging_mixin.py:150} INFO - [2023-07-21T10:06:22.124+0000] {dag.py:3508} INFO - Setting next_dagrun for example_dag_decorator to None, run_after=None
[2023-07-21T10:06:22.161+0000] {processor.py:179} INFO - Processing /home/airflow/.local/lib/python3.7/site-packages/airflow/example_dags/example_dag_decorator.py took 0.237 seconds
[2023-07-21T10:06:52.767+0000] {processor.py:157} INFO - Started process (PID=1078) to work on /home/airflow/.local/lib/python3.7/site-packages/airflow/example_dags/example_dag_decorator.py
[2023-07-21T10:06:52.769+0000] {processor.py:826} INFO - Processing file /home/airflow/.local/lib/python3.7/site-packages/airflow/example_dags/example_dag_decorator.py for tasks to queue
[2023-07-21T10:06:52.770+0000] {logging_mixin.py:150} INFO - [2023-07-21T10:06:52.769+0000] {dagbag.py:541} INFO - Filling up the DagBag from /home/airflow/.local/lib/python3.7/site-packages/airflow/example_dags/example_dag_decorator.py
[2023-07-21T10:06:52.791+0000] {processor.py:836} INFO - DAG(s) dict_keys(['example_dag_decorator']) retrieved from /home/airflow/.local/lib/python3.7/site-packages/airflow/example_dags/example_dag_decorator.py
[2023-07-21T10:06:52.971+0000] {logging_mixin.py:150} INFO - [2023-07-21T10:06:52.970+0000] {dag.py:2742} INFO - Sync 1 DAGs
[2023-07-21T10:06:53.007+0000] {logging_mixin.py:150} INFO - [2023-07-21T10:06:53.007+0000] {dag.py:3508} INFO - Setting next_dagrun for example_dag_decorator to None, run_after=None
[2023-07-21T10:06:53.053+0000] {processor.py:179} INFO - Processing /home/airflow/.local/lib/python3.7/site-packages/airflow/example_dags/example_dag_decorator.py took 0.289 seconds
[2023-07-21T10:07:23.952+0000] {processor.py:157} INFO - Started process (PID=1139) to work on /home/airflow/.local/lib/python3.7/site-packages/airflow/example_dags/example_dag_decorator.py
[2023-07-21T10:07:23.954+0000] {processor.py:826} INFO - Processing file /home/airflow/.local/lib/python3.7/site-packages/airflow/example_dags/example_dag_decorator.py for tasks to queue
[2023-07-21T10:07:23.956+0000] {logging_mixin.py:150} INFO - [2023-07-21T10:07:23.955+0000] {dagbag.py:541} INFO - Filling up the DagBag from /home/airflow/.local/lib/python3.7/site-packages/airflow/example_dags/example_dag_decorator.py
[2023-07-21T10:07:23.989+0000] {processor.py:836} INFO - DAG(s) dict_keys(['example_dag_decorator']) retrieved from /home/airflow/.local/lib/python3.7/site-packages/airflow/example_dags/example_dag_decorator.py
[2023-07-21T10:07:24.274+0000] {logging_mixin.py:150} INFO - [2023-07-21T10:07:24.273+0000] {dag.py:2742} INFO - Sync 1 DAGs
[2023-07-21T10:07:24.314+0000] {logging_mixin.py:150} INFO - [2023-07-21T10:07:24.314+0000] {dag.py:3508} INFO - Setting next_dagrun for example_dag_decorator to None, run_after=None
[2023-07-21T10:07:24.351+0000] {processor.py:179} INFO - Processing /home/airflow/.local/lib/python3.7/site-packages/airflow/example_dags/example_dag_decorator.py took 0.407 seconds
[2023-07-21T10:07:54.502+0000] {processor.py:157} INFO - Started process (PID=1199) to work on /home/airflow/.local/lib/python3.7/site-packages/airflow/example_dags/example_dag_decorator.py
[2023-07-21T10:07:54.504+0000] {processor.py:826} INFO - Processing file /home/airflow/.local/lib/python3.7/site-packages/airflow/example_dags/example_dag_decorator.py for tasks to queue
[2023-07-21T10:07:54.505+0000] {logging_mixin.py:150} INFO - [2023-07-21T10:07:54.505+0000] {dagbag.py:541} INFO - Filling up the DagBag from /home/airflow/.local/lib/python3.7/site-packages/airflow/example_dags/example_dag_decorator.py
[2023-07-21T10:07:54.523+0000] {processor.py:836} INFO - DAG(s) dict_keys(['example_dag_decorator']) retrieved from /home/airflow/.local/lib/python3.7/site-packages/airflow/example_dags/example_dag_decorator.py
[2023-07-21T10:07:54.704+0000] {logging_mixin.py:150} INFO - [2023-07-21T10:07:54.703+0000] {dag.py:2742} INFO - Sync 1 DAGs
[2023-07-21T10:07:54.732+0000] {logging_mixin.py:150} INFO - [2023-07-21T10:07:54.732+0000] {dag.py:3508} INFO - Setting next_dagrun for example_dag_decorator to None, run_after=None
[2023-07-21T10:07:54.761+0000] {processor.py:179} INFO - Processing /home/airflow/.local/lib/python3.7/site-packages/airflow/example_dags/example_dag_decorator.py took 0.264 seconds
[2023-07-21T10:08:24.868+0000] {processor.py:157} INFO - Started process (PID=1260) to work on /home/airflow/.local/lib/python3.7/site-packages/airflow/example_dags/example_dag_decorator.py
[2023-07-21T10:08:24.871+0000] {processor.py:826} INFO - Processing file /home/airflow/.local/lib/python3.7/site-packages/airflow/example_dags/example_dag_decorator.py for tasks to queue
[2023-07-21T10:08:24.874+0000] {logging_mixin.py:150} INFO - [2023-07-21T10:08:24.873+0000] {dagbag.py:541} INFO - Filling up the DagBag from /home/airflow/.local/lib/python3.7/site-packages/airflow/example_dags/example_dag_decorator.py
[2023-07-21T10:08:24.931+0000] {processor.py:836} INFO - DAG(s) dict_keys(['example_dag_decorator']) retrieved from /home/airflow/.local/lib/python3.7/site-packages/airflow/example_dags/example_dag_decorator.py
[2023-07-21T10:08:25.322+0000] {logging_mixin.py:150} INFO - [2023-07-21T10:08:25.322+0000] {dag.py:2742} INFO - Sync 1 DAGs
[2023-07-21T10:08:25.390+0000] {logging_mixin.py:150} INFO - [2023-07-21T10:08:25.390+0000] {dag.py:3508} INFO - Setting next_dagrun for example_dag_decorator to None, run_after=None
[2023-07-21T10:08:25.442+0000] {processor.py:179} INFO - Processing /home/airflow/.local/lib/python3.7/site-packages/airflow/example_dags/example_dag_decorator.py took 0.587 seconds
[2023-07-21T10:08:55.897+0000] {processor.py:157} INFO - Started process (PID=1322) to work on /home/airflow/.local/lib/python3.7/site-packages/airflow/example_dags/example_dag_decorator.py
[2023-07-21T10:08:55.898+0000] {processor.py:826} INFO - Processing file /home/airflow/.local/lib/python3.7/site-packages/airflow/example_dags/example_dag_decorator.py for tasks to queue
[2023-07-21T10:08:55.900+0000] {logging_mixin.py:150} INFO - [2023-07-21T10:08:55.899+0000] {dagbag.py:541} INFO - Filling up the DagBag from /home/airflow/.local/lib/python3.7/site-packages/airflow/example_dags/example_dag_decorator.py
[2023-07-21T10:08:55.921+0000] {processor.py:836} INFO - DAG(s) dict_keys(['example_dag_decorator']) retrieved from /home/airflow/.local/lib/python3.7/site-packages/airflow/example_dags/example_dag_decorator.py
[2023-07-21T10:08:56.045+0000] {logging_mixin.py:150} INFO - [2023-07-21T10:08:56.045+0000] {dag.py:2742} INFO - Sync 1 DAGs
[2023-07-21T10:08:56.070+0000] {logging_mixin.py:150} INFO - [2023-07-21T10:08:56.070+0000] {dag.py:3508} INFO - Setting next_dagrun for example_dag_decorator to None, run_after=None
[2023-07-21T10:08:56.094+0000] {processor.py:179} INFO - Processing /home/airflow/.local/lib/python3.7/site-packages/airflow/example_dags/example_dag_decorator.py took 0.202 seconds
[2023-07-21T10:09:26.241+0000] {processor.py:157} INFO - Started process (PID=1383) to work on /home/airflow/.local/lib/python3.7/site-packages/airflow/example_dags/example_dag_decorator.py
[2023-07-21T10:09:26.244+0000] {processor.py:826} INFO - Processing file /home/airflow/.local/lib/python3.7/site-packages/airflow/example_dags/example_dag_decorator.py for tasks to queue
[2023-07-21T10:09:26.246+0000] {logging_mixin.py:150} INFO - [2023-07-21T10:09:26.246+0000] {dagbag.py:541} INFO - Filling up the DagBag from /home/airflow/.local/lib/python3.7/site-packages/airflow/example_dags/example_dag_decorator.py
[2023-07-21T10:09:26.280+0000] {processor.py:836} INFO - DAG(s) dict_keys(['example_dag_decorator']) retrieved from /home/airflow/.local/lib/python3.7/site-packages/airflow/example_dags/example_dag_decorator.py
[2023-07-21T10:09:26.451+0000] {logging_mixin.py:150} INFO - [2023-07-21T10:09:26.451+0000] {dag.py:2742} INFO - Sync 1 DAGs
[2023-07-21T10:09:26.473+0000] {logging_mixin.py:150} INFO - [2023-07-21T10:09:26.473+0000] {dag.py:3508} INFO - Setting next_dagrun for example_dag_decorator to None, run_after=None
[2023-07-21T10:09:26.499+0000] {processor.py:179} INFO - Processing /home/airflow/.local/lib/python3.7/site-packages/airflow/example_dags/example_dag_decorator.py took 0.271 seconds
[2023-07-21T10:09:56.736+0000] {processor.py:157} INFO - Started process (PID=1444) to work on /home/airflow/.local/lib/python3.7/site-packages/airflow/example_dags/example_dag_decorator.py
[2023-07-21T10:09:56.738+0000] {processor.py:826} INFO - Processing file /home/airflow/.local/lib/python3.7/site-packages/airflow/example_dags/example_dag_decorator.py for tasks to queue
[2023-07-21T10:09:56.741+0000] {logging_mixin.py:150} INFO - [2023-07-21T10:09:56.740+0000] {dagbag.py:541} INFO - Filling up the DagBag from /home/airflow/.local/lib/python3.7/site-packages/airflow/example_dags/example_dag_decorator.py
[2023-07-21T10:09:56.773+0000] {processor.py:836} INFO - DAG(s) dict_keys(['example_dag_decorator']) retrieved from /home/airflow/.local/lib/python3.7/site-packages/airflow/example_dags/example_dag_decorator.py
[2023-07-21T10:09:56.966+0000] {logging_mixin.py:150} INFO - [2023-07-21T10:09:56.966+0000] {dag.py:2742} INFO - Sync 1 DAGs
[2023-07-21T10:09:56.985+0000] {logging_mixin.py:150} INFO - [2023-07-21T10:09:56.985+0000] {dag.py:3508} INFO - Setting next_dagrun for example_dag_decorator to None, run_after=None
[2023-07-21T10:09:57.003+0000] {processor.py:179} INFO - Processing /home/airflow/.local/lib/python3.7/site-packages/airflow/example_dags/example_dag_decorator.py took 0.275 seconds
[2023-07-21T10:10:27.088+0000] {processor.py:157} INFO - Started process (PID=1506) to work on /home/airflow/.local/lib/python3.7/site-packages/airflow/example_dags/example_dag_decorator.py
[2023-07-21T10:10:27.089+0000] {processor.py:826} INFO - Processing file /home/airflow/.local/lib/python3.7/site-packages/airflow/example_dags/example_dag_decorator.py for tasks to queue
[2023-07-21T10:10:27.090+0000] {logging_mixin.py:150} INFO - [2023-07-21T10:10:27.090+0000] {dagbag.py:541} INFO - Filling up the DagBag from /home/airflow/.local/lib/python3.7/site-packages/airflow/example_dags/example_dag_decorator.py
[2023-07-21T10:10:27.104+0000] {processor.py:836} INFO - DAG(s) dict_keys(['example_dag_decorator']) retrieved from /home/airflow/.local/lib/python3.7/site-packages/airflow/example_dags/example_dag_decorator.py
[2023-07-21T10:10:27.231+0000] {logging_mixin.py:150} INFO - [2023-07-21T10:10:27.231+0000] {dag.py:2742} INFO - Sync 1 DAGs
[2023-07-21T10:10:27.253+0000] {logging_mixin.py:150} INFO - [2023-07-21T10:10:27.253+0000] {dag.py:3508} INFO - Setting next_dagrun for example_dag_decorator to None, run_after=None
[2023-07-21T10:10:27.276+0000] {processor.py:179} INFO - Processing /home/airflow/.local/lib/python3.7/site-packages/airflow/example_dags/example_dag_decorator.py took 0.191 seconds
[2023-07-21T10:10:58.017+0000] {processor.py:157} INFO - Started process (PID=1572) to work on /home/airflow/.local/lib/python3.7/site-packages/airflow/example_dags/example_dag_decorator.py
[2023-07-21T10:10:58.019+0000] {processor.py:826} INFO - Processing file /home/airflow/.local/lib/python3.7/site-packages/airflow/example_dags/example_dag_decorator.py for tasks to queue
[2023-07-21T10:10:58.021+0000] {logging_mixin.py:150} INFO - [2023-07-21T10:10:58.021+0000] {dagbag.py:541} INFO - Filling up the DagBag from /home/airflow/.local/lib/python3.7/site-packages/airflow/example_dags/example_dag_decorator.py
[2023-07-21T10:10:58.050+0000] {processor.py:836} INFO - DAG(s) dict_keys(['example_dag_decorator']) retrieved from /home/airflow/.local/lib/python3.7/site-packages/airflow/example_dags/example_dag_decorator.py
[2023-07-21T10:10:58.194+0000] {logging_mixin.py:150} INFO - [2023-07-21T10:10:58.193+0000] {dag.py:2742} INFO - Sync 1 DAGs
[2023-07-21T10:10:58.226+0000] {logging_mixin.py:150} INFO - [2023-07-21T10:10:58.226+0000] {dag.py:3508} INFO - Setting next_dagrun for example_dag_decorator to None, run_after=None
[2023-07-21T10:10:58.254+0000] {processor.py:179} INFO - Processing /home/airflow/.local/lib/python3.7/site-packages/airflow/example_dags/example_dag_decorator.py took 0.241 seconds
[2023-07-21T10:11:28.951+0000] {processor.py:157} INFO - Started process (PID=1634) to work on /home/airflow/.local/lib/python3.7/site-packages/airflow/example_dags/example_dag_decorator.py
[2023-07-21T10:11:28.958+0000] {processor.py:826} INFO - Processing file /home/airflow/.local/lib/python3.7/site-packages/airflow/example_dags/example_dag_decorator.py for tasks to queue
[2023-07-21T10:11:28.961+0000] {logging_mixin.py:150} INFO - [2023-07-21T10:11:28.960+0000] {dagbag.py:541} INFO - Filling up the DagBag from /home/airflow/.local/lib/python3.7/site-packages/airflow/example_dags/example_dag_decorator.py
[2023-07-21T10:11:28.998+0000] {processor.py:836} INFO - DAG(s) dict_keys(['example_dag_decorator']) retrieved from /home/airflow/.local/lib/python3.7/site-packages/airflow/example_dags/example_dag_decorator.py
[2023-07-21T10:11:29.136+0000] {logging_mixin.py:150} INFO - [2023-07-21T10:11:29.136+0000] {dag.py:2742} INFO - Sync 1 DAGs
[2023-07-21T10:11:29.155+0000] {logging_mixin.py:150} INFO - [2023-07-21T10:11:29.155+0000] {dag.py:3508} INFO - Setting next_dagrun for example_dag_decorator to None, run_after=None
[2023-07-21T10:11:29.176+0000] {processor.py:179} INFO - Processing /home/airflow/.local/lib/python3.7/site-packages/airflow/example_dags/example_dag_decorator.py took 0.234 seconds
[2023-07-21T10:11:59.659+0000] {processor.py:157} INFO - Started process (PID=1695) to work on /home/airflow/.local/lib/python3.7/site-packages/airflow/example_dags/example_dag_decorator.py
[2023-07-21T10:11:59.662+0000] {processor.py:826} INFO - Processing file /home/airflow/.local/lib/python3.7/site-packages/airflow/example_dags/example_dag_decorator.py for tasks to queue
[2023-07-21T10:11:59.664+0000] {logging_mixin.py:150} INFO - [2023-07-21T10:11:59.663+0000] {dagbag.py:541} INFO - Filling up the DagBag from /home/airflow/.local/lib/python3.7/site-packages/airflow/example_dags/example_dag_decorator.py
[2023-07-21T10:11:59.686+0000] {processor.py:836} INFO - DAG(s) dict_keys(['example_dag_decorator']) retrieved from /home/airflow/.local/lib/python3.7/site-packages/airflow/example_dags/example_dag_decorator.py
[2023-07-21T10:11:59.850+0000] {logging_mixin.py:150} INFO - [2023-07-21T10:11:59.850+0000] {dag.py:2742} INFO - Sync 1 DAGs
[2023-07-21T10:11:59.876+0000] {logging_mixin.py:150} INFO - [2023-07-21T10:11:59.876+0000] {dag.py:3508} INFO - Setting next_dagrun for example_dag_decorator to None, run_after=None
[2023-07-21T10:11:59.900+0000] {processor.py:179} INFO - Processing /home/airflow/.local/lib/python3.7/site-packages/airflow/example_dags/example_dag_decorator.py took 0.246 seconds
[2023-07-21T10:12:30.051+0000] {processor.py:157} INFO - Started process (PID=1757) to work on /home/airflow/.local/lib/python3.7/site-packages/airflow/example_dags/example_dag_decorator.py
[2023-07-21T10:12:30.052+0000] {processor.py:826} INFO - Processing file /home/airflow/.local/lib/python3.7/site-packages/airflow/example_dags/example_dag_decorator.py for tasks to queue
[2023-07-21T10:12:30.054+0000] {logging_mixin.py:150} INFO - [2023-07-21T10:12:30.054+0000] {dagbag.py:541} INFO - Filling up the DagBag from /home/airflow/.local/lib/python3.7/site-packages/airflow/example_dags/example_dag_decorator.py
[2023-07-21T10:12:30.074+0000] {processor.py:836} INFO - DAG(s) dict_keys(['example_dag_decorator']) retrieved from /home/airflow/.local/lib/python3.7/site-packages/airflow/example_dags/example_dag_decorator.py
[2023-07-21T10:12:30.264+0000] {logging_mixin.py:150} INFO - [2023-07-21T10:12:30.264+0000] {dag.py:2742} INFO - Sync 1 DAGs
[2023-07-21T10:12:30.298+0000] {logging_mixin.py:150} INFO - [2023-07-21T10:12:30.298+0000] {dag.py:3508} INFO - Setting next_dagrun for example_dag_decorator to None, run_after=None
[2023-07-21T10:12:30.330+0000] {processor.py:179} INFO - Processing /home/airflow/.local/lib/python3.7/site-packages/airflow/example_dags/example_dag_decorator.py took 0.285 seconds
[2023-07-21T10:13:00.703+0000] {processor.py:157} INFO - Started process (PID=1817) to work on /home/airflow/.local/lib/python3.7/site-packages/airflow/example_dags/example_dag_decorator.py
[2023-07-21T10:13:00.724+0000] {processor.py:826} INFO - Processing file /home/airflow/.local/lib/python3.7/site-packages/airflow/example_dags/example_dag_decorator.py for tasks to queue
[2023-07-21T10:13:00.734+0000] {logging_mixin.py:150} INFO - [2023-07-21T10:13:00.731+0000] {dagbag.py:541} INFO - Filling up the DagBag from /home/airflow/.local/lib/python3.7/site-packages/airflow/example_dags/example_dag_decorator.py
[2023-07-21T10:13:00.887+0000] {processor.py:836} INFO - DAG(s) dict_keys(['example_dag_decorator']) retrieved from /home/airflow/.local/lib/python3.7/site-packages/airflow/example_dags/example_dag_decorator.py
[2023-07-21T10:13:01.272+0000] {logging_mixin.py:150} INFO - [2023-07-21T10:13:01.272+0000] {dag.py:2742} INFO - Sync 1 DAGs
[2023-07-21T10:13:01.303+0000] {logging_mixin.py:150} INFO - [2023-07-21T10:13:01.302+0000] {dag.py:3508} INFO - Setting next_dagrun for example_dag_decorator to None, run_after=None
[2023-07-21T10:13:01.328+0000] {processor.py:179} INFO - Processing /home/airflow/.local/lib/python3.7/site-packages/airflow/example_dags/example_dag_decorator.py took 0.675 seconds
[2023-07-21T10:13:32.049+0000] {processor.py:157} INFO - Started process (PID=1878) to work on /home/airflow/.local/lib/python3.7/site-packages/airflow/example_dags/example_dag_decorator.py
[2023-07-21T10:13:32.051+0000] {processor.py:826} INFO - Processing file /home/airflow/.local/lib/python3.7/site-packages/airflow/example_dags/example_dag_decorator.py for tasks to queue
[2023-07-21T10:13:32.052+0000] {logging_mixin.py:150} INFO - [2023-07-21T10:13:32.052+0000] {dagbag.py:541} INFO - Filling up the DagBag from /home/airflow/.local/lib/python3.7/site-packages/airflow/example_dags/example_dag_decorator.py
[2023-07-21T10:13:32.083+0000] {processor.py:836} INFO - DAG(s) dict_keys(['example_dag_decorator']) retrieved from /home/airflow/.local/lib/python3.7/site-packages/airflow/example_dags/example_dag_decorator.py
[2023-07-21T10:13:32.364+0000] {logging_mixin.py:150} INFO - [2023-07-21T10:13:32.364+0000] {dag.py:2742} INFO - Sync 1 DAGs
[2023-07-21T10:13:32.410+0000] {logging_mixin.py:150} INFO - [2023-07-21T10:13:32.410+0000] {dag.py:3508} INFO - Setting next_dagrun for example_dag_decorator to None, run_after=None
[2023-07-21T10:13:32.448+0000] {processor.py:179} INFO - Processing /home/airflow/.local/lib/python3.7/site-packages/airflow/example_dags/example_dag_decorator.py took 0.408 seconds
[2023-07-21T10:14:02.577+0000] {processor.py:157} INFO - Started process (PID=1939) to work on /home/airflow/.local/lib/python3.7/site-packages/airflow/example_dags/example_dag_decorator.py
[2023-07-21T10:14:02.579+0000] {processor.py:826} INFO - Processing file /home/airflow/.local/lib/python3.7/site-packages/airflow/example_dags/example_dag_decorator.py for tasks to queue
[2023-07-21T10:14:02.580+0000] {logging_mixin.py:150} INFO - [2023-07-21T10:14:02.580+0000] {dagbag.py:541} INFO - Filling up the DagBag from /home/airflow/.local/lib/python3.7/site-packages/airflow/example_dags/example_dag_decorator.py
[2023-07-21T10:14:02.598+0000] {processor.py:836} INFO - DAG(s) dict_keys(['example_dag_decorator']) retrieved from /home/airflow/.local/lib/python3.7/site-packages/airflow/example_dags/example_dag_decorator.py
[2023-07-21T10:14:02.762+0000] {logging_mixin.py:150} INFO - [2023-07-21T10:14:02.761+0000] {dag.py:2742} INFO - Sync 1 DAGs
[2023-07-21T10:14:02.802+0000] {logging_mixin.py:150} INFO - [2023-07-21T10:14:02.801+0000] {dag.py:3508} INFO - Setting next_dagrun for example_dag_decorator to None, run_after=None
[2023-07-21T10:14:02.832+0000] {processor.py:179} INFO - Processing /home/airflow/.local/lib/python3.7/site-packages/airflow/example_dags/example_dag_decorator.py took 0.259 seconds
[2023-07-21T10:14:32.984+0000] {processor.py:157} INFO - Started process (PID=2000) to work on /home/airflow/.local/lib/python3.7/site-packages/airflow/example_dags/example_dag_decorator.py
[2023-07-21T10:14:32.986+0000] {processor.py:826} INFO - Processing file /home/airflow/.local/lib/python3.7/site-packages/airflow/example_dags/example_dag_decorator.py for tasks to queue
[2023-07-21T10:14:32.988+0000] {logging_mixin.py:150} INFO - [2023-07-21T10:14:32.987+0000] {dagbag.py:541} INFO - Filling up the DagBag from /home/airflow/.local/lib/python3.7/site-packages/airflow/example_dags/example_dag_decorator.py
[2023-07-21T10:14:33.009+0000] {processor.py:836} INFO - DAG(s) dict_keys(['example_dag_decorator']) retrieved from /home/airflow/.local/lib/python3.7/site-packages/airflow/example_dags/example_dag_decorator.py
[2023-07-21T10:14:33.173+0000] {logging_mixin.py:150} INFO - [2023-07-21T10:14:33.172+0000] {dag.py:2742} INFO - Sync 1 DAGs
[2023-07-21T10:14:33.202+0000] {logging_mixin.py:150} INFO - [2023-07-21T10:14:33.201+0000] {dag.py:3508} INFO - Setting next_dagrun for example_dag_decorator to None, run_after=None
[2023-07-21T10:14:33.230+0000] {processor.py:179} INFO - Processing /home/airflow/.local/lib/python3.7/site-packages/airflow/example_dags/example_dag_decorator.py took 0.250 seconds
[2023-07-21T10:15:03.430+0000] {processor.py:157} INFO - Started process (PID=2062) to work on /home/airflow/.local/lib/python3.7/site-packages/airflow/example_dags/example_dag_decorator.py
[2023-07-21T10:15:03.441+0000] {processor.py:826} INFO - Processing file /home/airflow/.local/lib/python3.7/site-packages/airflow/example_dags/example_dag_decorator.py for tasks to queue
[2023-07-21T10:15:03.444+0000] {logging_mixin.py:150} INFO - [2023-07-21T10:15:03.444+0000] {dagbag.py:541} INFO - Filling up the DagBag from /home/airflow/.local/lib/python3.7/site-packages/airflow/example_dags/example_dag_decorator.py
[2023-07-21T10:15:03.481+0000] {processor.py:836} INFO - DAG(s) dict_keys(['example_dag_decorator']) retrieved from /home/airflow/.local/lib/python3.7/site-packages/airflow/example_dags/example_dag_decorator.py
[2023-07-21T10:15:03.876+0000] {logging_mixin.py:150} INFO - [2023-07-21T10:15:03.875+0000] {dag.py:2742} INFO - Sync 1 DAGs
[2023-07-21T10:15:03.928+0000] {logging_mixin.py:150} INFO - [2023-07-21T10:15:03.927+0000] {dag.py:3508} INFO - Setting next_dagrun for example_dag_decorator to None, run_after=None
[2023-07-21T10:15:03.963+0000] {processor.py:179} INFO - Processing /home/airflow/.local/lib/python3.7/site-packages/airflow/example_dags/example_dag_decorator.py took 0.539 seconds
