[2023-07-21T09:58:11.698+0000] {processor.py:157} INFO - Started process (PID=55) to work on /home/airflow/.local/lib/python3.7/site-packages/airflow/example_dags/example_latest_only.py
[2023-07-21T09:58:11.700+0000] {processor.py:826} INFO - Processing file /home/airflow/.local/lib/python3.7/site-packages/airflow/example_dags/example_latest_only.py for tasks to queue
[2023-07-21T09:58:11.701+0000] {logging_mixin.py:150} INFO - [2023-07-21T09:58:11.701+0000] {dagbag.py:541} INFO - Filling up the DagBag from /home/airflow/.local/lib/python3.7/site-packages/airflow/example_dags/example_latest_only.py
[2023-07-21T09:58:11.715+0000] {processor.py:836} INFO - DAG(s) dict_keys(['latest_only']) retrieved from /home/airflow/.local/lib/python3.7/site-packages/airflow/example_dags/example_latest_only.py
[2023-07-21T09:58:11.895+0000] {logging_mixin.py:150} INFO - [2023-07-21T09:58:11.894+0000] {dag.py:2742} INFO - Sync 1 DAGs
[2023-07-21T09:58:11.931+0000] {logging_mixin.py:150} INFO - [2023-07-21T09:58:11.930+0000] {dag.py:3508} INFO - Setting next_dagrun for latest_only to 2023-07-21T05:58:11.930606+00:00, run_after=2023-07-21T09:58:11.930606+00:00
[2023-07-21T09:58:11.968+0000] {processor.py:179} INFO - Processing /home/airflow/.local/lib/python3.7/site-packages/airflow/example_dags/example_latest_only.py took 0.274 seconds
[2023-07-21T09:58:42.536+0000] {processor.py:157} INFO - Started process (PID=116) to work on /home/airflow/.local/lib/python3.7/site-packages/airflow/example_dags/example_latest_only.py
[2023-07-21T09:58:42.538+0000] {processor.py:826} INFO - Processing file /home/airflow/.local/lib/python3.7/site-packages/airflow/example_dags/example_latest_only.py for tasks to queue
[2023-07-21T09:58:42.540+0000] {logging_mixin.py:150} INFO - [2023-07-21T09:58:42.540+0000] {dagbag.py:541} INFO - Filling up the DagBag from /home/airflow/.local/lib/python3.7/site-packages/airflow/example_dags/example_latest_only.py
[2023-07-21T09:58:42.552+0000] {processor.py:836} INFO - DAG(s) dict_keys(['latest_only']) retrieved from /home/airflow/.local/lib/python3.7/site-packages/airflow/example_dags/example_latest_only.py
[2023-07-21T09:58:42.585+0000] {logging_mixin.py:150} INFO - [2023-07-21T09:58:42.584+0000] {dag.py:2742} INFO - Sync 1 DAGs
[2023-07-21T09:58:42.644+0000] {logging_mixin.py:150} INFO - [2023-07-21T09:58:42.644+0000] {dag.py:3508} INFO - Setting next_dagrun for latest_only to 2023-07-21T05:58:42.643619+00:00, run_after=2023-07-21T09:58:42.643619+00:00
[2023-07-21T09:58:42.695+0000] {processor.py:179} INFO - Processing /home/airflow/.local/lib/python3.7/site-packages/airflow/example_dags/example_latest_only.py took 0.164 seconds
[2023-07-21T09:59:13.389+0000] {processor.py:157} INFO - Started process (PID=177) to work on /home/airflow/.local/lib/python3.7/site-packages/airflow/example_dags/example_latest_only.py
[2023-07-21T09:59:13.392+0000] {processor.py:826} INFO - Processing file /home/airflow/.local/lib/python3.7/site-packages/airflow/example_dags/example_latest_only.py for tasks to queue
[2023-07-21T09:59:13.395+0000] {logging_mixin.py:150} INFO - [2023-07-21T09:59:13.394+0000] {dagbag.py:541} INFO - Filling up the DagBag from /home/airflow/.local/lib/python3.7/site-packages/airflow/example_dags/example_latest_only.py
[2023-07-21T09:59:13.413+0000] {processor.py:836} INFO - DAG(s) dict_keys(['latest_only']) retrieved from /home/airflow/.local/lib/python3.7/site-packages/airflow/example_dags/example_latest_only.py
[2023-07-21T09:59:13.475+0000] {logging_mixin.py:150} INFO - [2023-07-21T09:59:13.475+0000] {dag.py:2742} INFO - Sync 1 DAGs
[2023-07-21T09:59:13.567+0000] {logging_mixin.py:150} INFO - [2023-07-21T09:59:13.566+0000] {dag.py:3508} INFO - Setting next_dagrun for latest_only to 2023-07-21T05:59:13.565264+00:00, run_after=2023-07-21T09:59:13.565264+00:00
[2023-07-21T09:59:13.638+0000] {processor.py:179} INFO - Processing /home/airflow/.local/lib/python3.7/site-packages/airflow/example_dags/example_latest_only.py took 0.259 seconds
[2023-07-21T09:59:44.231+0000] {processor.py:157} INFO - Started process (PID=238) to work on /home/airflow/.local/lib/python3.7/site-packages/airflow/example_dags/example_latest_only.py
[2023-07-21T09:59:44.233+0000] {processor.py:826} INFO - Processing file /home/airflow/.local/lib/python3.7/site-packages/airflow/example_dags/example_latest_only.py for tasks to queue
[2023-07-21T09:59:44.234+0000] {logging_mixin.py:150} INFO - [2023-07-21T09:59:44.234+0000] {dagbag.py:541} INFO - Filling up the DagBag from /home/airflow/.local/lib/python3.7/site-packages/airflow/example_dags/example_latest_only.py
[2023-07-21T09:59:44.242+0000] {processor.py:836} INFO - DAG(s) dict_keys(['latest_only']) retrieved from /home/airflow/.local/lib/python3.7/site-packages/airflow/example_dags/example_latest_only.py
[2023-07-21T09:59:44.272+0000] {logging_mixin.py:150} INFO - [2023-07-21T09:59:44.272+0000] {dag.py:2742} INFO - Sync 1 DAGs
[2023-07-21T09:59:44.313+0000] {logging_mixin.py:150} INFO - [2023-07-21T09:59:44.313+0000] {dag.py:3508} INFO - Setting next_dagrun for latest_only to 2023-07-21T05:59:44.312795+00:00, run_after=2023-07-21T09:59:44.312795+00:00
[2023-07-21T09:59:44.342+0000] {processor.py:179} INFO - Processing /home/airflow/.local/lib/python3.7/site-packages/airflow/example_dags/example_latest_only.py took 0.116 seconds
[2023-07-21T10:00:14.614+0000] {processor.py:157} INFO - Started process (PID=299) to work on /home/airflow/.local/lib/python3.7/site-packages/airflow/example_dags/example_latest_only.py
[2023-07-21T10:00:14.616+0000] {processor.py:826} INFO - Processing file /home/airflow/.local/lib/python3.7/site-packages/airflow/example_dags/example_latest_only.py for tasks to queue
[2023-07-21T10:00:14.617+0000] {logging_mixin.py:150} INFO - [2023-07-21T10:00:14.617+0000] {dagbag.py:541} INFO - Filling up the DagBag from /home/airflow/.local/lib/python3.7/site-packages/airflow/example_dags/example_latest_only.py
[2023-07-21T10:00:14.624+0000] {processor.py:836} INFO - DAG(s) dict_keys(['latest_only']) retrieved from /home/airflow/.local/lib/python3.7/site-packages/airflow/example_dags/example_latest_only.py
[2023-07-21T10:00:14.657+0000] {logging_mixin.py:150} INFO - [2023-07-21T10:00:14.657+0000] {dag.py:2742} INFO - Sync 1 DAGs
[2023-07-21T10:00:14.704+0000] {logging_mixin.py:150} INFO - [2023-07-21T10:00:14.704+0000] {dag.py:3508} INFO - Setting next_dagrun for latest_only to 2023-07-21T06:00:14.703647+00:00, run_after=2023-07-21T10:00:14.703647+00:00
[2023-07-21T10:00:14.739+0000] {processor.py:179} INFO - Processing /home/airflow/.local/lib/python3.7/site-packages/airflow/example_dags/example_latest_only.py took 0.128 seconds
[2023-07-21T10:00:45.705+0000] {processor.py:157} INFO - Started process (PID=360) to work on /home/airflow/.local/lib/python3.7/site-packages/airflow/example_dags/example_latest_only.py
[2023-07-21T10:00:45.706+0000] {processor.py:826} INFO - Processing file /home/airflow/.local/lib/python3.7/site-packages/airflow/example_dags/example_latest_only.py for tasks to queue
[2023-07-21T10:00:45.707+0000] {logging_mixin.py:150} INFO - [2023-07-21T10:00:45.707+0000] {dagbag.py:541} INFO - Filling up the DagBag from /home/airflow/.local/lib/python3.7/site-packages/airflow/example_dags/example_latest_only.py
[2023-07-21T10:00:45.718+0000] {processor.py:836} INFO - DAG(s) dict_keys(['latest_only']) retrieved from /home/airflow/.local/lib/python3.7/site-packages/airflow/example_dags/example_latest_only.py
[2023-07-21T10:00:45.757+0000] {logging_mixin.py:150} INFO - [2023-07-21T10:00:45.756+0000] {dag.py:2742} INFO - Sync 1 DAGs
[2023-07-21T10:00:45.794+0000] {logging_mixin.py:150} INFO - [2023-07-21T10:00:45.793+0000] {dag.py:3508} INFO - Setting next_dagrun for latest_only to 2023-07-21T06:00:45.793487+00:00, run_after=2023-07-21T10:00:45.793487+00:00
[2023-07-21T10:00:46.292+0000] {processor.py:179} INFO - Processing /home/airflow/.local/lib/python3.7/site-packages/airflow/example_dags/example_latest_only.py took 0.591 seconds
[2023-07-21T10:01:16.654+0000] {processor.py:157} INFO - Started process (PID=421) to work on /home/airflow/.local/lib/python3.7/site-packages/airflow/example_dags/example_latest_only.py
[2023-07-21T10:01:16.656+0000] {processor.py:826} INFO - Processing file /home/airflow/.local/lib/python3.7/site-packages/airflow/example_dags/example_latest_only.py for tasks to queue
[2023-07-21T10:01:16.658+0000] {logging_mixin.py:150} INFO - [2023-07-21T10:01:16.657+0000] {dagbag.py:541} INFO - Filling up the DagBag from /home/airflow/.local/lib/python3.7/site-packages/airflow/example_dags/example_latest_only.py
[2023-07-21T10:01:16.665+0000] {processor.py:836} INFO - DAG(s) dict_keys(['latest_only']) retrieved from /home/airflow/.local/lib/python3.7/site-packages/airflow/example_dags/example_latest_only.py
[2023-07-21T10:01:16.759+0000] {logging_mixin.py:150} INFO - [2023-07-21T10:01:16.759+0000] {dag.py:2742} INFO - Sync 1 DAGs
[2023-07-21T10:01:16.813+0000] {logging_mixin.py:150} INFO - [2023-07-21T10:01:16.812+0000] {dag.py:3508} INFO - Setting next_dagrun for latest_only to 2023-07-21T06:01:16.812618+00:00, run_after=2023-07-21T10:01:16.812618+00:00
[2023-07-21T10:01:16.853+0000] {processor.py:179} INFO - Processing /home/airflow/.local/lib/python3.7/site-packages/airflow/example_dags/example_latest_only.py took 0.204 seconds
[2023-07-21T10:01:47.622+0000] {processor.py:157} INFO - Started process (PID=482) to work on /home/airflow/.local/lib/python3.7/site-packages/airflow/example_dags/example_latest_only.py
[2023-07-21T10:01:47.624+0000] {processor.py:826} INFO - Processing file /home/airflow/.local/lib/python3.7/site-packages/airflow/example_dags/example_latest_only.py for tasks to queue
[2023-07-21T10:01:47.626+0000] {logging_mixin.py:150} INFO - [2023-07-21T10:01:47.625+0000] {dagbag.py:541} INFO - Filling up the DagBag from /home/airflow/.local/lib/python3.7/site-packages/airflow/example_dags/example_latest_only.py
[2023-07-21T10:01:47.644+0000] {processor.py:836} INFO - DAG(s) dict_keys(['latest_only']) retrieved from /home/airflow/.local/lib/python3.7/site-packages/airflow/example_dags/example_latest_only.py
[2023-07-21T10:01:47.714+0000] {logging_mixin.py:150} INFO - [2023-07-21T10:01:47.713+0000] {dag.py:2742} INFO - Sync 1 DAGs
[2023-07-21T10:01:47.772+0000] {logging_mixin.py:150} INFO - [2023-07-21T10:01:47.771+0000] {dag.py:3508} INFO - Setting next_dagrun for latest_only to 2023-07-21T06:01:47.771633+00:00, run_after=2023-07-21T10:01:47.771633+00:00
[2023-07-21T10:01:47.813+0000] {processor.py:179} INFO - Processing /home/airflow/.local/lib/python3.7/site-packages/airflow/example_dags/example_latest_only.py took 0.198 seconds
[2023-07-21T10:02:17.965+0000] {processor.py:157} INFO - Started process (PID=544) to work on /home/airflow/.local/lib/python3.7/site-packages/airflow/example_dags/example_latest_only.py
[2023-07-21T10:02:17.966+0000] {processor.py:826} INFO - Processing file /home/airflow/.local/lib/python3.7/site-packages/airflow/example_dags/example_latest_only.py for tasks to queue
[2023-07-21T10:02:17.967+0000] {logging_mixin.py:150} INFO - [2023-07-21T10:02:17.967+0000] {dagbag.py:541} INFO - Filling up the DagBag from /home/airflow/.local/lib/python3.7/site-packages/airflow/example_dags/example_latest_only.py
[2023-07-21T10:02:17.973+0000] {processor.py:836} INFO - DAG(s) dict_keys(['latest_only']) retrieved from /home/airflow/.local/lib/python3.7/site-packages/airflow/example_dags/example_latest_only.py
[2023-07-21T10:02:17.997+0000] {logging_mixin.py:150} INFO - [2023-07-21T10:02:17.997+0000] {dag.py:2742} INFO - Sync 1 DAGs
[2023-07-21T10:02:18.025+0000] {logging_mixin.py:150} INFO - [2023-07-21T10:02:18.025+0000] {dag.py:3508} INFO - Setting next_dagrun for latest_only to 2023-07-21T06:02:18.025258+00:00, run_after=2023-07-21T10:02:18.025258+00:00
[2023-07-21T10:02:18.053+0000] {processor.py:179} INFO - Processing /home/airflow/.local/lib/python3.7/site-packages/airflow/example_dags/example_latest_only.py took 0.092 seconds
[2023-07-21T10:02:49.011+0000] {processor.py:157} INFO - Started process (PID=605) to work on /home/airflow/.local/lib/python3.7/site-packages/airflow/example_dags/example_latest_only.py
[2023-07-21T10:02:49.012+0000] {processor.py:826} INFO - Processing file /home/airflow/.local/lib/python3.7/site-packages/airflow/example_dags/example_latest_only.py for tasks to queue
[2023-07-21T10:02:49.014+0000] {logging_mixin.py:150} INFO - [2023-07-21T10:02:49.013+0000] {dagbag.py:541} INFO - Filling up the DagBag from /home/airflow/.local/lib/python3.7/site-packages/airflow/example_dags/example_latest_only.py
[2023-07-21T10:02:49.021+0000] {processor.py:836} INFO - DAG(s) dict_keys(['latest_only']) retrieved from /home/airflow/.local/lib/python3.7/site-packages/airflow/example_dags/example_latest_only.py
[2023-07-21T10:02:49.041+0000] {logging_mixin.py:150} INFO - [2023-07-21T10:02:49.041+0000] {dag.py:2742} INFO - Sync 1 DAGs
[2023-07-21T10:02:49.073+0000] {logging_mixin.py:150} INFO - [2023-07-21T10:02:49.072+0000] {dag.py:3508} INFO - Setting next_dagrun for latest_only to 2023-07-21T06:02:49.072151+00:00, run_after=2023-07-21T10:02:49.072151+00:00
[2023-07-21T10:02:49.102+0000] {processor.py:179} INFO - Processing /home/airflow/.local/lib/python3.7/site-packages/airflow/example_dags/example_latest_only.py took 0.095 seconds
[2023-07-21T10:03:19.605+0000] {processor.py:157} INFO - Started process (PID=666) to work on /home/airflow/.local/lib/python3.7/site-packages/airflow/example_dags/example_latest_only.py
[2023-07-21T10:03:19.607+0000] {processor.py:826} INFO - Processing file /home/airflow/.local/lib/python3.7/site-packages/airflow/example_dags/example_latest_only.py for tasks to queue
[2023-07-21T10:03:19.608+0000] {logging_mixin.py:150} INFO - [2023-07-21T10:03:19.607+0000] {dagbag.py:541} INFO - Filling up the DagBag from /home/airflow/.local/lib/python3.7/site-packages/airflow/example_dags/example_latest_only.py
[2023-07-21T10:03:19.617+0000] {processor.py:836} INFO - DAG(s) dict_keys(['latest_only']) retrieved from /home/airflow/.local/lib/python3.7/site-packages/airflow/example_dags/example_latest_only.py
[2023-07-21T10:03:19.643+0000] {logging_mixin.py:150} INFO - [2023-07-21T10:03:19.643+0000] {dag.py:2742} INFO - Sync 1 DAGs
[2023-07-21T10:03:19.675+0000] {logging_mixin.py:150} INFO - [2023-07-21T10:03:19.674+0000] {dag.py:3508} INFO - Setting next_dagrun for latest_only to 2023-07-21T06:03:19.674493+00:00, run_after=2023-07-21T10:03:19.674493+00:00
[2023-07-21T10:03:19.698+0000] {processor.py:179} INFO - Processing /home/airflow/.local/lib/python3.7/site-packages/airflow/example_dags/example_latest_only.py took 0.096 seconds
[2023-07-21T10:03:49.827+0000] {processor.py:157} INFO - Started process (PID=727) to work on /home/airflow/.local/lib/python3.7/site-packages/airflow/example_dags/example_latest_only.py
[2023-07-21T10:03:49.829+0000] {processor.py:826} INFO - Processing file /home/airflow/.local/lib/python3.7/site-packages/airflow/example_dags/example_latest_only.py for tasks to queue
[2023-07-21T10:03:49.830+0000] {logging_mixin.py:150} INFO - [2023-07-21T10:03:49.830+0000] {dagbag.py:541} INFO - Filling up the DagBag from /home/airflow/.local/lib/python3.7/site-packages/airflow/example_dags/example_latest_only.py
[2023-07-21T10:03:49.836+0000] {processor.py:836} INFO - DAG(s) dict_keys(['latest_only']) retrieved from /home/airflow/.local/lib/python3.7/site-packages/airflow/example_dags/example_latest_only.py
[2023-07-21T10:03:49.859+0000] {logging_mixin.py:150} INFO - [2023-07-21T10:03:49.859+0000] {dag.py:2742} INFO - Sync 1 DAGs
[2023-07-21T10:03:49.884+0000] {logging_mixin.py:150} INFO - [2023-07-21T10:03:49.883+0000] {dag.py:3508} INFO - Setting next_dagrun for latest_only to 2023-07-21T06:03:49.883771+00:00, run_after=2023-07-21T10:03:49.883771+00:00
[2023-07-21T10:03:49.905+0000] {processor.py:179} INFO - Processing /home/airflow/.local/lib/python3.7/site-packages/airflow/example_dags/example_latest_only.py took 0.081 seconds
[2023-07-21T10:04:20.593+0000] {processor.py:157} INFO - Started process (PID=788) to work on /home/airflow/.local/lib/python3.7/site-packages/airflow/example_dags/example_latest_only.py
[2023-07-21T10:04:20.596+0000] {processor.py:826} INFO - Processing file /home/airflow/.local/lib/python3.7/site-packages/airflow/example_dags/example_latest_only.py for tasks to queue
[2023-07-21T10:04:20.598+0000] {logging_mixin.py:150} INFO - [2023-07-21T10:04:20.597+0000] {dagbag.py:541} INFO - Filling up the DagBag from /home/airflow/.local/lib/python3.7/site-packages/airflow/example_dags/example_latest_only.py
[2023-07-21T10:04:20.611+0000] {processor.py:836} INFO - DAG(s) dict_keys(['latest_only']) retrieved from /home/airflow/.local/lib/python3.7/site-packages/airflow/example_dags/example_latest_only.py
[2023-07-21T10:04:20.668+0000] {logging_mixin.py:150} INFO - [2023-07-21T10:04:20.667+0000] {dag.py:2742} INFO - Sync 1 DAGs
[2023-07-21T10:04:20.694+0000] {logging_mixin.py:150} INFO - [2023-07-21T10:04:20.694+0000] {dag.py:3508} INFO - Setting next_dagrun for latest_only to 2023-07-21T06:04:20.694037+00:00, run_after=2023-07-21T10:04:20.694037+00:00
[2023-07-21T10:04:20.719+0000] {processor.py:179} INFO - Processing /home/airflow/.local/lib/python3.7/site-packages/airflow/example_dags/example_latest_only.py took 0.134 seconds
[2023-07-21T10:04:50.757+0000] {processor.py:157} INFO - Started process (PID=849) to work on /home/airflow/.local/lib/python3.7/site-packages/airflow/example_dags/example_latest_only.py
[2023-07-21T10:04:50.758+0000] {processor.py:826} INFO - Processing file /home/airflow/.local/lib/python3.7/site-packages/airflow/example_dags/example_latest_only.py for tasks to queue
[2023-07-21T10:04:50.760+0000] {logging_mixin.py:150} INFO - [2023-07-21T10:04:50.759+0000] {dagbag.py:541} INFO - Filling up the DagBag from /home/airflow/.local/lib/python3.7/site-packages/airflow/example_dags/example_latest_only.py
[2023-07-21T10:04:50.767+0000] {processor.py:836} INFO - DAG(s) dict_keys(['latest_only']) retrieved from /home/airflow/.local/lib/python3.7/site-packages/airflow/example_dags/example_latest_only.py
[2023-07-21T10:04:50.790+0000] {logging_mixin.py:150} INFO - [2023-07-21T10:04:50.790+0000] {dag.py:2742} INFO - Sync 1 DAGs
[2023-07-21T10:04:50.825+0000] {logging_mixin.py:150} INFO - [2023-07-21T10:04:50.824+0000] {dag.py:3508} INFO - Setting next_dagrun for latest_only to 2023-07-21T06:04:50.824409+00:00, run_after=2023-07-21T10:04:50.824409+00:00
[2023-07-21T10:04:50.847+0000] {processor.py:179} INFO - Processing /home/airflow/.local/lib/python3.7/site-packages/airflow/example_dags/example_latest_only.py took 0.093 seconds
[2023-07-21T10:05:21.538+0000] {processor.py:157} INFO - Started process (PID=910) to work on /home/airflow/.local/lib/python3.7/site-packages/airflow/example_dags/example_latest_only.py
[2023-07-21T10:05:21.539+0000] {processor.py:826} INFO - Processing file /home/airflow/.local/lib/python3.7/site-packages/airflow/example_dags/example_latest_only.py for tasks to queue
[2023-07-21T10:05:21.540+0000] {logging_mixin.py:150} INFO - [2023-07-21T10:05:21.540+0000] {dagbag.py:541} INFO - Filling up the DagBag from /home/airflow/.local/lib/python3.7/site-packages/airflow/example_dags/example_latest_only.py
[2023-07-21T10:05:21.546+0000] {processor.py:836} INFO - DAG(s) dict_keys(['latest_only']) retrieved from /home/airflow/.local/lib/python3.7/site-packages/airflow/example_dags/example_latest_only.py
[2023-07-21T10:05:21.570+0000] {logging_mixin.py:150} INFO - [2023-07-21T10:05:21.570+0000] {dag.py:2742} INFO - Sync 1 DAGs
[2023-07-21T10:05:21.597+0000] {logging_mixin.py:150} INFO - [2023-07-21T10:05:21.596+0000] {dag.py:3508} INFO - Setting next_dagrun for latest_only to 2023-07-21T06:05:21.596574+00:00, run_after=2023-07-21T10:05:21.596574+00:00
[2023-07-21T10:05:21.618+0000] {processor.py:179} INFO - Processing /home/airflow/.local/lib/python3.7/site-packages/airflow/example_dags/example_latest_only.py took 0.085 seconds
[2023-07-21T10:05:53.188+0000] {processor.py:157} INFO - Started process (PID=971) to work on /home/airflow/.local/lib/python3.7/site-packages/airflow/example_dags/example_latest_only.py
[2023-07-21T10:05:53.189+0000] {processor.py:826} INFO - Processing file /home/airflow/.local/lib/python3.7/site-packages/airflow/example_dags/example_latest_only.py for tasks to queue
[2023-07-21T10:05:53.191+0000] {logging_mixin.py:150} INFO - [2023-07-21T10:05:53.190+0000] {dagbag.py:541} INFO - Filling up the DagBag from /home/airflow/.local/lib/python3.7/site-packages/airflow/example_dags/example_latest_only.py
[2023-07-21T10:05:53.197+0000] {processor.py:836} INFO - DAG(s) dict_keys(['latest_only']) retrieved from /home/airflow/.local/lib/python3.7/site-packages/airflow/example_dags/example_latest_only.py
[2023-07-21T10:05:53.230+0000] {logging_mixin.py:150} INFO - [2023-07-21T10:05:53.230+0000] {dag.py:2742} INFO - Sync 1 DAGs
[2023-07-21T10:05:53.258+0000] {logging_mixin.py:150} INFO - [2023-07-21T10:05:53.258+0000] {dag.py:3508} INFO - Setting next_dagrun for latest_only to 2023-07-21T06:05:53.258356+00:00, run_after=2023-07-21T10:05:53.258356+00:00
[2023-07-21T10:05:53.289+0000] {processor.py:179} INFO - Processing /home/airflow/.local/lib/python3.7/site-packages/airflow/example_dags/example_latest_only.py took 0.104 seconds
[2023-07-21T10:06:23.490+0000] {processor.py:157} INFO - Started process (PID=1032) to work on /home/airflow/.local/lib/python3.7/site-packages/airflow/example_dags/example_latest_only.py
[2023-07-21T10:06:23.492+0000] {processor.py:826} INFO - Processing file /home/airflow/.local/lib/python3.7/site-packages/airflow/example_dags/example_latest_only.py for tasks to queue
[2023-07-21T10:06:23.494+0000] {logging_mixin.py:150} INFO - [2023-07-21T10:06:23.494+0000] {dagbag.py:541} INFO - Filling up the DagBag from /home/airflow/.local/lib/python3.7/site-packages/airflow/example_dags/example_latest_only.py
[2023-07-21T10:06:23.503+0000] {processor.py:836} INFO - DAG(s) dict_keys(['latest_only']) retrieved from /home/airflow/.local/lib/python3.7/site-packages/airflow/example_dags/example_latest_only.py
[2023-07-21T10:06:23.532+0000] {logging_mixin.py:150} INFO - [2023-07-21T10:06:23.532+0000] {dag.py:2742} INFO - Sync 1 DAGs
[2023-07-21T10:06:23.567+0000] {logging_mixin.py:150} INFO - [2023-07-21T10:06:23.567+0000] {dag.py:3508} INFO - Setting next_dagrun for latest_only to 2023-07-21T06:06:23.567252+00:00, run_after=2023-07-21T10:06:23.567252+00:00
[2023-07-21T10:06:23.597+0000] {processor.py:179} INFO - Processing /home/airflow/.local/lib/python3.7/site-packages/airflow/example_dags/example_latest_only.py took 0.111 seconds
[2023-07-21T10:06:54.641+0000] {processor.py:157} INFO - Started process (PID=1093) to work on /home/airflow/.local/lib/python3.7/site-packages/airflow/example_dags/example_latest_only.py
[2023-07-21T10:06:54.643+0000] {processor.py:826} INFO - Processing file /home/airflow/.local/lib/python3.7/site-packages/airflow/example_dags/example_latest_only.py for tasks to queue
[2023-07-21T10:06:54.644+0000] {logging_mixin.py:150} INFO - [2023-07-21T10:06:54.644+0000] {dagbag.py:541} INFO - Filling up the DagBag from /home/airflow/.local/lib/python3.7/site-packages/airflow/example_dags/example_latest_only.py
[2023-07-21T10:06:54.651+0000] {processor.py:836} INFO - DAG(s) dict_keys(['latest_only']) retrieved from /home/airflow/.local/lib/python3.7/site-packages/airflow/example_dags/example_latest_only.py
[2023-07-21T10:06:54.684+0000] {logging_mixin.py:150} INFO - [2023-07-21T10:06:54.683+0000] {dag.py:2742} INFO - Sync 1 DAGs
[2023-07-21T10:06:54.718+0000] {logging_mixin.py:150} INFO - [2023-07-21T10:06:54.718+0000] {dag.py:3508} INFO - Setting next_dagrun for latest_only to 2023-07-21T06:06:54.718123+00:00, run_after=2023-07-21T10:06:54.718123+00:00
[2023-07-21T10:06:54.751+0000] {processor.py:179} INFO - Processing /home/airflow/.local/lib/python3.7/site-packages/airflow/example_dags/example_latest_only.py took 0.115 seconds
[2023-07-21T10:07:25.748+0000] {processor.py:157} INFO - Started process (PID=1154) to work on /home/airflow/.local/lib/python3.7/site-packages/airflow/example_dags/example_latest_only.py
[2023-07-21T10:07:25.750+0000] {processor.py:826} INFO - Processing file /home/airflow/.local/lib/python3.7/site-packages/airflow/example_dags/example_latest_only.py for tasks to queue
[2023-07-21T10:07:25.752+0000] {logging_mixin.py:150} INFO - [2023-07-21T10:07:25.751+0000] {dagbag.py:541} INFO - Filling up the DagBag from /home/airflow/.local/lib/python3.7/site-packages/airflow/example_dags/example_latest_only.py
[2023-07-21T10:07:25.761+0000] {processor.py:836} INFO - DAG(s) dict_keys(['latest_only']) retrieved from /home/airflow/.local/lib/python3.7/site-packages/airflow/example_dags/example_latest_only.py
[2023-07-21T10:07:25.801+0000] {logging_mixin.py:150} INFO - [2023-07-21T10:07:25.801+0000] {dag.py:2742} INFO - Sync 1 DAGs
[2023-07-21T10:07:25.837+0000] {logging_mixin.py:150} INFO - [2023-07-21T10:07:25.837+0000] {dag.py:3508} INFO - Setting next_dagrun for latest_only to 2023-07-21T06:07:25.837036+00:00, run_after=2023-07-21T10:07:25.837036+00:00
[2023-07-21T10:07:25.868+0000] {processor.py:179} INFO - Processing /home/airflow/.local/lib/python3.7/site-packages/airflow/example_dags/example_latest_only.py took 0.125 seconds
[2023-07-21T10:07:56.167+0000] {processor.py:157} INFO - Started process (PID=1215) to work on /home/airflow/.local/lib/python3.7/site-packages/airflow/example_dags/example_latest_only.py
[2023-07-21T10:07:56.168+0000] {processor.py:826} INFO - Processing file /home/airflow/.local/lib/python3.7/site-packages/airflow/example_dags/example_latest_only.py for tasks to queue
[2023-07-21T10:07:56.169+0000] {logging_mixin.py:150} INFO - [2023-07-21T10:07:56.169+0000] {dagbag.py:541} INFO - Filling up the DagBag from /home/airflow/.local/lib/python3.7/site-packages/airflow/example_dags/example_latest_only.py
[2023-07-21T10:07:56.180+0000] {processor.py:836} INFO - DAG(s) dict_keys(['latest_only']) retrieved from /home/airflow/.local/lib/python3.7/site-packages/airflow/example_dags/example_latest_only.py
[2023-07-21T10:07:56.210+0000] {logging_mixin.py:150} INFO - [2023-07-21T10:07:56.210+0000] {dag.py:2742} INFO - Sync 1 DAGs
[2023-07-21T10:07:56.240+0000] {logging_mixin.py:150} INFO - [2023-07-21T10:07:56.240+0000] {dag.py:3508} INFO - Setting next_dagrun for latest_only to 2023-07-21T06:07:56.240224+00:00, run_after=2023-07-21T10:07:56.240224+00:00
[2023-07-21T10:07:56.270+0000] {processor.py:179} INFO - Processing /home/airflow/.local/lib/python3.7/site-packages/airflow/example_dags/example_latest_only.py took 0.107 seconds
[2023-07-21T10:08:28.508+0000] {processor.py:157} INFO - Started process (PID=1284) to work on /home/airflow/.local/lib/python3.7/site-packages/airflow/example_dags/example_latest_only.py
[2023-07-21T10:08:28.512+0000] {processor.py:826} INFO - Processing file /home/airflow/.local/lib/python3.7/site-packages/airflow/example_dags/example_latest_only.py for tasks to queue
[2023-07-21T10:08:28.515+0000] {logging_mixin.py:150} INFO - [2023-07-21T10:08:28.514+0000] {dagbag.py:541} INFO - Filling up the DagBag from /home/airflow/.local/lib/python3.7/site-packages/airflow/example_dags/example_latest_only.py
[2023-07-21T10:08:28.532+0000] {processor.py:836} INFO - DAG(s) dict_keys(['latest_only']) retrieved from /home/airflow/.local/lib/python3.7/site-packages/airflow/example_dags/example_latest_only.py
[2023-07-21T10:08:28.599+0000] {logging_mixin.py:150} INFO - [2023-07-21T10:08:28.599+0000] {dag.py:2742} INFO - Sync 1 DAGs
[2023-07-21T10:08:28.715+0000] {logging_mixin.py:150} INFO - [2023-07-21T10:08:28.706+0000] {dag.py:3508} INFO - Setting next_dagrun for latest_only to 2023-07-21T06:08:28.705728+00:00, run_after=2023-07-21T10:08:28.705728+00:00
[2023-07-21T10:08:28.814+0000] {processor.py:179} INFO - Processing /home/airflow/.local/lib/python3.7/site-packages/airflow/example_dags/example_latest_only.py took 0.315 seconds
[2023-07-21T10:08:59.334+0000] {processor.py:157} INFO - Started process (PID=1345) to work on /home/airflow/.local/lib/python3.7/site-packages/airflow/example_dags/example_latest_only.py
[2023-07-21T10:08:59.336+0000] {processor.py:826} INFO - Processing file /home/airflow/.local/lib/python3.7/site-packages/airflow/example_dags/example_latest_only.py for tasks to queue
[2023-07-21T10:08:59.337+0000] {logging_mixin.py:150} INFO - [2023-07-21T10:08:59.337+0000] {dagbag.py:541} INFO - Filling up the DagBag from /home/airflow/.local/lib/python3.7/site-packages/airflow/example_dags/example_latest_only.py
[2023-07-21T10:08:59.346+0000] {processor.py:836} INFO - DAG(s) dict_keys(['latest_only']) retrieved from /home/airflow/.local/lib/python3.7/site-packages/airflow/example_dags/example_latest_only.py
[2023-07-21T10:08:59.376+0000] {logging_mixin.py:150} INFO - [2023-07-21T10:08:59.376+0000] {dag.py:2742} INFO - Sync 1 DAGs
[2023-07-21T10:08:59.406+0000] {logging_mixin.py:150} INFO - [2023-07-21T10:08:59.406+0000] {dag.py:3508} INFO - Setting next_dagrun for latest_only to 2023-07-21T06:08:59.406225+00:00, run_after=2023-07-21T10:08:59.406225+00:00
[2023-07-21T10:08:59.440+0000] {processor.py:179} INFO - Processing /home/airflow/.local/lib/python3.7/site-packages/airflow/example_dags/example_latest_only.py took 0.110 seconds
[2023-07-21T10:09:29.667+0000] {processor.py:157} INFO - Started process (PID=1406) to work on /home/airflow/.local/lib/python3.7/site-packages/airflow/example_dags/example_latest_only.py
[2023-07-21T10:09:29.669+0000] {processor.py:826} INFO - Processing file /home/airflow/.local/lib/python3.7/site-packages/airflow/example_dags/example_latest_only.py for tasks to queue
[2023-07-21T10:09:29.670+0000] {logging_mixin.py:150} INFO - [2023-07-21T10:09:29.670+0000] {dagbag.py:541} INFO - Filling up the DagBag from /home/airflow/.local/lib/python3.7/site-packages/airflow/example_dags/example_latest_only.py
[2023-07-21T10:09:29.678+0000] {processor.py:836} INFO - DAG(s) dict_keys(['latest_only']) retrieved from /home/airflow/.local/lib/python3.7/site-packages/airflow/example_dags/example_latest_only.py
[2023-07-21T10:09:29.714+0000] {logging_mixin.py:150} INFO - [2023-07-21T10:09:29.713+0000] {dag.py:2742} INFO - Sync 1 DAGs
[2023-07-21T10:09:29.746+0000] {logging_mixin.py:150} INFO - [2023-07-21T10:09:29.746+0000] {dag.py:3508} INFO - Setting next_dagrun for latest_only to 2023-07-21T06:09:29.745763+00:00, run_after=2023-07-21T10:09:29.745763+00:00
[2023-07-21T10:09:29.776+0000] {processor.py:179} INFO - Processing /home/airflow/.local/lib/python3.7/site-packages/airflow/example_dags/example_latest_only.py took 0.113 seconds
[2023-07-21T10:10:00.121+0000] {processor.py:157} INFO - Started process (PID=1467) to work on /home/airflow/.local/lib/python3.7/site-packages/airflow/example_dags/example_latest_only.py
[2023-07-21T10:10:00.123+0000] {processor.py:826} INFO - Processing file /home/airflow/.local/lib/python3.7/site-packages/airflow/example_dags/example_latest_only.py for tasks to queue
[2023-07-21T10:10:00.124+0000] {logging_mixin.py:150} INFO - [2023-07-21T10:10:00.124+0000] {dagbag.py:541} INFO - Filling up the DagBag from /home/airflow/.local/lib/python3.7/site-packages/airflow/example_dags/example_latest_only.py
[2023-07-21T10:10:00.132+0000] {processor.py:836} INFO - DAG(s) dict_keys(['latest_only']) retrieved from /home/airflow/.local/lib/python3.7/site-packages/airflow/example_dags/example_latest_only.py
[2023-07-21T10:10:00.160+0000] {logging_mixin.py:150} INFO - [2023-07-21T10:10:00.160+0000] {dag.py:2742} INFO - Sync 1 DAGs
[2023-07-21T10:10:00.194+0000] {logging_mixin.py:150} INFO - [2023-07-21T10:10:00.194+0000] {dag.py:3508} INFO - Setting next_dagrun for latest_only to 2023-07-21T06:10:00.193934+00:00, run_after=2023-07-21T10:10:00.193934+00:00
[2023-07-21T10:10:00.222+0000] {processor.py:179} INFO - Processing /home/airflow/.local/lib/python3.7/site-packages/airflow/example_dags/example_latest_only.py took 0.105 seconds
[2023-07-21T10:10:30.413+0000] {processor.py:157} INFO - Started process (PID=1528) to work on /home/airflow/.local/lib/python3.7/site-packages/airflow/example_dags/example_latest_only.py
[2023-07-21T10:10:30.414+0000] {processor.py:826} INFO - Processing file /home/airflow/.local/lib/python3.7/site-packages/airflow/example_dags/example_latest_only.py for tasks to queue
[2023-07-21T10:10:30.416+0000] {logging_mixin.py:150} INFO - [2023-07-21T10:10:30.416+0000] {dagbag.py:541} INFO - Filling up the DagBag from /home/airflow/.local/lib/python3.7/site-packages/airflow/example_dags/example_latest_only.py
[2023-07-21T10:10:30.425+0000] {processor.py:836} INFO - DAG(s) dict_keys(['latest_only']) retrieved from /home/airflow/.local/lib/python3.7/site-packages/airflow/example_dags/example_latest_only.py
[2023-07-21T10:10:30.465+0000] {logging_mixin.py:150} INFO - [2023-07-21T10:10:30.465+0000] {dag.py:2742} INFO - Sync 1 DAGs
[2023-07-21T10:10:30.503+0000] {logging_mixin.py:150} INFO - [2023-07-21T10:10:30.502+0000] {dag.py:3508} INFO - Setting next_dagrun for latest_only to 2023-07-21T06:10:30.502564+00:00, run_after=2023-07-21T10:10:30.502564+00:00
[2023-07-21T10:10:30.532+0000] {processor.py:179} INFO - Processing /home/airflow/.local/lib/python3.7/site-packages/airflow/example_dags/example_latest_only.py took 0.124 seconds
[2023-07-21T10:11:01.417+0000] {processor.py:157} INFO - Started process (PID=1589) to work on /home/airflow/.local/lib/python3.7/site-packages/airflow/example_dags/example_latest_only.py
[2023-07-21T10:11:01.419+0000] {processor.py:826} INFO - Processing file /home/airflow/.local/lib/python3.7/site-packages/airflow/example_dags/example_latest_only.py for tasks to queue
[2023-07-21T10:11:01.420+0000] {logging_mixin.py:150} INFO - [2023-07-21T10:11:01.420+0000] {dagbag.py:541} INFO - Filling up the DagBag from /home/airflow/.local/lib/python3.7/site-packages/airflow/example_dags/example_latest_only.py
[2023-07-21T10:11:01.427+0000] {processor.py:836} INFO - DAG(s) dict_keys(['latest_only']) retrieved from /home/airflow/.local/lib/python3.7/site-packages/airflow/example_dags/example_latest_only.py
[2023-07-21T10:11:01.455+0000] {logging_mixin.py:150} INFO - [2023-07-21T10:11:01.455+0000] {dag.py:2742} INFO - Sync 1 DAGs
[2023-07-21T10:11:01.491+0000] {logging_mixin.py:150} INFO - [2023-07-21T10:11:01.491+0000] {dag.py:3508} INFO - Setting next_dagrun for latest_only to 2023-07-21T06:11:01.490768+00:00, run_after=2023-07-21T10:11:01.490768+00:00
[2023-07-21T10:11:01.528+0000] {processor.py:179} INFO - Processing /home/airflow/.local/lib/python3.7/site-packages/airflow/example_dags/example_latest_only.py took 0.115 seconds
[2023-07-21T10:11:32.297+0000] {processor.py:157} INFO - Started process (PID=1650) to work on /home/airflow/.local/lib/python3.7/site-packages/airflow/example_dags/example_latest_only.py
[2023-07-21T10:11:32.300+0000] {processor.py:826} INFO - Processing file /home/airflow/.local/lib/python3.7/site-packages/airflow/example_dags/example_latest_only.py for tasks to queue
[2023-07-21T10:11:32.301+0000] {logging_mixin.py:150} INFO - [2023-07-21T10:11:32.301+0000] {dagbag.py:541} INFO - Filling up the DagBag from /home/airflow/.local/lib/python3.7/site-packages/airflow/example_dags/example_latest_only.py
[2023-07-21T10:11:32.310+0000] {processor.py:836} INFO - DAG(s) dict_keys(['latest_only']) retrieved from /home/airflow/.local/lib/python3.7/site-packages/airflow/example_dags/example_latest_only.py
[2023-07-21T10:11:32.346+0000] {logging_mixin.py:150} INFO - [2023-07-21T10:11:32.346+0000] {dag.py:2742} INFO - Sync 1 DAGs
[2023-07-21T10:11:32.383+0000] {logging_mixin.py:150} INFO - [2023-07-21T10:11:32.383+0000] {dag.py:3508} INFO - Setting next_dagrun for latest_only to 2023-07-21T06:11:32.382927+00:00, run_after=2023-07-21T10:11:32.382927+00:00
[2023-07-21T10:11:32.419+0000] {processor.py:179} INFO - Processing /home/airflow/.local/lib/python3.7/site-packages/airflow/example_dags/example_latest_only.py took 0.126 seconds
[2023-07-21T10:12:02.980+0000] {processor.py:157} INFO - Started process (PID=1711) to work on /home/airflow/.local/lib/python3.7/site-packages/airflow/example_dags/example_latest_only.py
[2023-07-21T10:12:02.981+0000] {processor.py:826} INFO - Processing file /home/airflow/.local/lib/python3.7/site-packages/airflow/example_dags/example_latest_only.py for tasks to queue
[2023-07-21T10:12:02.983+0000] {logging_mixin.py:150} INFO - [2023-07-21T10:12:02.982+0000] {dagbag.py:541} INFO - Filling up the DagBag from /home/airflow/.local/lib/python3.7/site-packages/airflow/example_dags/example_latest_only.py
[2023-07-21T10:12:02.991+0000] {processor.py:836} INFO - DAG(s) dict_keys(['latest_only']) retrieved from /home/airflow/.local/lib/python3.7/site-packages/airflow/example_dags/example_latest_only.py
[2023-07-21T10:12:03.021+0000] {logging_mixin.py:150} INFO - [2023-07-21T10:12:03.020+0000] {dag.py:2742} INFO - Sync 1 DAGs
[2023-07-21T10:12:03.058+0000] {logging_mixin.py:150} INFO - [2023-07-21T10:12:03.058+0000] {dag.py:3508} INFO - Setting next_dagrun for latest_only to 2023-07-21T06:12:03.057841+00:00, run_after=2023-07-21T10:12:03.057841+00:00
[2023-07-21T10:12:03.095+0000] {processor.py:179} INFO - Processing /home/airflow/.local/lib/python3.7/site-packages/airflow/example_dags/example_latest_only.py took 0.119 seconds
[2023-07-21T10:12:33.579+0000] {processor.py:157} INFO - Started process (PID=1772) to work on /home/airflow/.local/lib/python3.7/site-packages/airflow/example_dags/example_latest_only.py
[2023-07-21T10:12:33.580+0000] {processor.py:826} INFO - Processing file /home/airflow/.local/lib/python3.7/site-packages/airflow/example_dags/example_latest_only.py for tasks to queue
[2023-07-21T10:12:33.582+0000] {logging_mixin.py:150} INFO - [2023-07-21T10:12:33.581+0000] {dagbag.py:541} INFO - Filling up the DagBag from /home/airflow/.local/lib/python3.7/site-packages/airflow/example_dags/example_latest_only.py
[2023-07-21T10:12:33.590+0000] {processor.py:836} INFO - DAG(s) dict_keys(['latest_only']) retrieved from /home/airflow/.local/lib/python3.7/site-packages/airflow/example_dags/example_latest_only.py
[2023-07-21T10:12:33.620+0000] {logging_mixin.py:150} INFO - [2023-07-21T10:12:33.620+0000] {dag.py:2742} INFO - Sync 1 DAGs
[2023-07-21T10:12:33.652+0000] {logging_mixin.py:150} INFO - [2023-07-21T10:12:33.652+0000] {dag.py:3508} INFO - Setting next_dagrun for latest_only to 2023-07-21T06:12:33.652354+00:00, run_after=2023-07-21T10:12:33.652354+00:00
[2023-07-21T10:12:33.679+0000] {processor.py:179} INFO - Processing /home/airflow/.local/lib/python3.7/site-packages/airflow/example_dags/example_latest_only.py took 0.104 seconds
[2023-07-21T10:13:04.060+0000] {processor.py:157} INFO - Started process (PID=1833) to work on /home/airflow/.local/lib/python3.7/site-packages/airflow/example_dags/example_latest_only.py
[2023-07-21T10:13:04.062+0000] {processor.py:826} INFO - Processing file /home/airflow/.local/lib/python3.7/site-packages/airflow/example_dags/example_latest_only.py for tasks to queue
[2023-07-21T10:13:04.063+0000] {logging_mixin.py:150} INFO - [2023-07-21T10:13:04.062+0000] {dagbag.py:541} INFO - Filling up the DagBag from /home/airflow/.local/lib/python3.7/site-packages/airflow/example_dags/example_latest_only.py
[2023-07-21T10:13:04.069+0000] {processor.py:836} INFO - DAG(s) dict_keys(['latest_only']) retrieved from /home/airflow/.local/lib/python3.7/site-packages/airflow/example_dags/example_latest_only.py
[2023-07-21T10:13:04.097+0000] {logging_mixin.py:150} INFO - [2023-07-21T10:13:04.097+0000] {dag.py:2742} INFO - Sync 1 DAGs
[2023-07-21T10:13:04.127+0000] {logging_mixin.py:150} INFO - [2023-07-21T10:13:04.126+0000] {dag.py:3508} INFO - Setting next_dagrun for latest_only to 2023-07-21T06:13:04.126413+00:00, run_after=2023-07-21T10:13:04.126413+00:00
[2023-07-21T10:13:04.151+0000] {processor.py:179} INFO - Processing /home/airflow/.local/lib/python3.7/site-packages/airflow/example_dags/example_latest_only.py took 0.095 seconds
[2023-07-21T10:13:35.115+0000] {processor.py:157} INFO - Started process (PID=1894) to work on /home/airflow/.local/lib/python3.7/site-packages/airflow/example_dags/example_latest_only.py
[2023-07-21T10:13:35.116+0000] {processor.py:826} INFO - Processing file /home/airflow/.local/lib/python3.7/site-packages/airflow/example_dags/example_latest_only.py for tasks to queue
[2023-07-21T10:13:35.117+0000] {logging_mixin.py:150} INFO - [2023-07-21T10:13:35.117+0000] {dagbag.py:541} INFO - Filling up the DagBag from /home/airflow/.local/lib/python3.7/site-packages/airflow/example_dags/example_latest_only.py
[2023-07-21T10:13:35.125+0000] {processor.py:836} INFO - DAG(s) dict_keys(['latest_only']) retrieved from /home/airflow/.local/lib/python3.7/site-packages/airflow/example_dags/example_latest_only.py
[2023-07-21T10:13:35.161+0000] {logging_mixin.py:150} INFO - [2023-07-21T10:13:35.161+0000] {dag.py:2742} INFO - Sync 1 DAGs
[2023-07-21T10:13:35.199+0000] {logging_mixin.py:150} INFO - [2023-07-21T10:13:35.198+0000] {dag.py:3508} INFO - Setting next_dagrun for latest_only to 2023-07-21T06:13:35.198599+00:00, run_after=2023-07-21T10:13:35.198599+00:00
[2023-07-21T10:13:35.228+0000] {processor.py:179} INFO - Processing /home/airflow/.local/lib/python3.7/site-packages/airflow/example_dags/example_latest_only.py took 0.117 seconds
[2023-07-21T10:14:06.039+0000] {processor.py:157} INFO - Started process (PID=1955) to work on /home/airflow/.local/lib/python3.7/site-packages/airflow/example_dags/example_latest_only.py
[2023-07-21T10:14:06.040+0000] {processor.py:826} INFO - Processing file /home/airflow/.local/lib/python3.7/site-packages/airflow/example_dags/example_latest_only.py for tasks to queue
[2023-07-21T10:14:06.042+0000] {logging_mixin.py:150} INFO - [2023-07-21T10:14:06.041+0000] {dagbag.py:541} INFO - Filling up the DagBag from /home/airflow/.local/lib/python3.7/site-packages/airflow/example_dags/example_latest_only.py
[2023-07-21T10:14:06.049+0000] {processor.py:836} INFO - DAG(s) dict_keys(['latest_only']) retrieved from /home/airflow/.local/lib/python3.7/site-packages/airflow/example_dags/example_latest_only.py
[2023-07-21T10:14:06.079+0000] {logging_mixin.py:150} INFO - [2023-07-21T10:14:06.079+0000] {dag.py:2742} INFO - Sync 1 DAGs
[2023-07-21T10:14:06.113+0000] {logging_mixin.py:150} INFO - [2023-07-21T10:14:06.113+0000] {dag.py:3508} INFO - Setting next_dagrun for latest_only to 2023-07-21T06:14:06.112490+00:00, run_after=2023-07-21T10:14:06.112490+00:00
[2023-07-21T10:14:06.145+0000] {processor.py:179} INFO - Processing /home/airflow/.local/lib/python3.7/site-packages/airflow/example_dags/example_latest_only.py took 0.111 seconds
[2023-07-21T10:14:36.511+0000] {processor.py:157} INFO - Started process (PID=2016) to work on /home/airflow/.local/lib/python3.7/site-packages/airflow/example_dags/example_latest_only.py
[2023-07-21T10:14:36.512+0000] {processor.py:826} INFO - Processing file /home/airflow/.local/lib/python3.7/site-packages/airflow/example_dags/example_latest_only.py for tasks to queue
[2023-07-21T10:14:36.513+0000] {logging_mixin.py:150} INFO - [2023-07-21T10:14:36.513+0000] {dagbag.py:541} INFO - Filling up the DagBag from /home/airflow/.local/lib/python3.7/site-packages/airflow/example_dags/example_latest_only.py
[2023-07-21T10:14:36.521+0000] {processor.py:836} INFO - DAG(s) dict_keys(['latest_only']) retrieved from /home/airflow/.local/lib/python3.7/site-packages/airflow/example_dags/example_latest_only.py
[2023-07-21T10:14:36.552+0000] {logging_mixin.py:150} INFO - [2023-07-21T10:14:36.552+0000] {dag.py:2742} INFO - Sync 1 DAGs
[2023-07-21T10:14:36.592+0000] {logging_mixin.py:150} INFO - [2023-07-21T10:14:36.592+0000] {dag.py:3508} INFO - Setting next_dagrun for latest_only to 2023-07-21T06:14:36.591939+00:00, run_after=2023-07-21T10:14:36.591939+00:00
[2023-07-21T10:14:36.626+0000] {processor.py:179} INFO - Processing /home/airflow/.local/lib/python3.7/site-packages/airflow/example_dags/example_latest_only.py took 0.119 seconds
