[2023-07-21T09:58:06.423+0000] {processor.py:157} INFO - Started process (PID=38) to work on /home/airflow/.local/lib/python3.7/site-packages/airflow/example_dags/example_branch_operator_decorator.py
[2023-07-21T09:58:06.425+0000] {processor.py:826} INFO - Processing file /home/airflow/.local/lib/python3.7/site-packages/airflow/example_dags/example_branch_operator_decorator.py for tasks to queue
[2023-07-21T09:58:06.432+0000] {logging_mixin.py:150} INFO - [2023-07-21T09:58:06.432+0000] {dagbag.py:541} INFO - Filling up the DagBag from /home/airflow/.local/lib/python3.7/site-packages/airflow/example_dags/example_branch_operator_decorator.py
[2023-07-21T09:58:06.496+0000] {processor.py:836} INFO - DAG(s) dict_keys(['example_branch_python_operator_decorator']) retrieved from /home/airflow/.local/lib/python3.7/site-packages/airflow/example_dags/example_branch_operator_decorator.py
[2023-07-21T09:58:06.578+0000] {logging_mixin.py:150} INFO - [2023-07-21T09:58:06.577+0000] {dag.py:2742} INFO - Sync 1 DAGs
[2023-07-21T09:58:06.954+0000] {logging_mixin.py:150} INFO - [2023-07-21T09:58:06.953+0000] {dag.py:3508} INFO - Setting next_dagrun for example_branch_python_operator_decorator to 2023-07-20T00:00:00+00:00, run_after=2023-07-21T00:00:00+00:00
[2023-07-21T09:58:07.000+0000] {processor.py:179} INFO - Processing /home/airflow/.local/lib/python3.7/site-packages/airflow/example_dags/example_branch_operator_decorator.py took 0.582 seconds
[2023-07-21T09:58:37.891+0000] {processor.py:157} INFO - Started process (PID=99) to work on /home/airflow/.local/lib/python3.7/site-packages/airflow/example_dags/example_branch_operator_decorator.py
[2023-07-21T09:58:37.892+0000] {processor.py:826} INFO - Processing file /home/airflow/.local/lib/python3.7/site-packages/airflow/example_dags/example_branch_operator_decorator.py for tasks to queue
[2023-07-21T09:58:37.894+0000] {logging_mixin.py:150} INFO - [2023-07-21T09:58:37.893+0000] {dagbag.py:541} INFO - Filling up the DagBag from /home/airflow/.local/lib/python3.7/site-packages/airflow/example_dags/example_branch_operator_decorator.py
[2023-07-21T09:58:37.909+0000] {processor.py:836} INFO - DAG(s) dict_keys(['example_branch_python_operator_decorator']) retrieved from /home/airflow/.local/lib/python3.7/site-packages/airflow/example_dags/example_branch_operator_decorator.py
[2023-07-21T09:58:37.929+0000] {logging_mixin.py:150} INFO - [2023-07-21T09:58:37.928+0000] {dag.py:2742} INFO - Sync 1 DAGs
[2023-07-21T09:58:37.961+0000] {logging_mixin.py:150} INFO - [2023-07-21T09:58:37.961+0000] {dag.py:3508} INFO - Setting next_dagrun for example_branch_python_operator_decorator to 2023-07-20T00:00:00+00:00, run_after=2023-07-21T00:00:00+00:00
[2023-07-21T09:58:37.992+0000] {processor.py:179} INFO - Processing /home/airflow/.local/lib/python3.7/site-packages/airflow/example_dags/example_branch_operator_decorator.py took 0.105 seconds
[2023-07-21T09:59:08.617+0000] {processor.py:157} INFO - Started process (PID=160) to work on /home/airflow/.local/lib/python3.7/site-packages/airflow/example_dags/example_branch_operator_decorator.py
[2023-07-21T09:59:08.623+0000] {processor.py:826} INFO - Processing file /home/airflow/.local/lib/python3.7/site-packages/airflow/example_dags/example_branch_operator_decorator.py for tasks to queue
[2023-07-21T09:59:08.625+0000] {logging_mixin.py:150} INFO - [2023-07-21T09:59:08.624+0000] {dagbag.py:541} INFO - Filling up the DagBag from /home/airflow/.local/lib/python3.7/site-packages/airflow/example_dags/example_branch_operator_decorator.py
[2023-07-21T09:59:08.647+0000] {processor.py:836} INFO - DAG(s) dict_keys(['example_branch_python_operator_decorator']) retrieved from /home/airflow/.local/lib/python3.7/site-packages/airflow/example_dags/example_branch_operator_decorator.py
[2023-07-21T09:59:08.698+0000] {logging_mixin.py:150} INFO - [2023-07-21T09:59:08.698+0000] {dag.py:2742} INFO - Sync 1 DAGs
[2023-07-21T09:59:08.757+0000] {logging_mixin.py:150} INFO - [2023-07-21T09:59:08.757+0000] {dag.py:3508} INFO - Setting next_dagrun for example_branch_python_operator_decorator to 2023-07-20T00:00:00+00:00, run_after=2023-07-21T00:00:00+00:00
[2023-07-21T09:59:08.797+0000] {processor.py:179} INFO - Processing /home/airflow/.local/lib/python3.7/site-packages/airflow/example_dags/example_branch_operator_decorator.py took 0.186 seconds
[2023-07-21T09:59:39.043+0000] {processor.py:157} INFO - Started process (PID=220) to work on /home/airflow/.local/lib/python3.7/site-packages/airflow/example_dags/example_branch_operator_decorator.py
[2023-07-21T09:59:39.047+0000] {processor.py:826} INFO - Processing file /home/airflow/.local/lib/python3.7/site-packages/airflow/example_dags/example_branch_operator_decorator.py for tasks to queue
[2023-07-21T09:59:39.050+0000] {logging_mixin.py:150} INFO - [2023-07-21T09:59:39.049+0000] {dagbag.py:541} INFO - Filling up the DagBag from /home/airflow/.local/lib/python3.7/site-packages/airflow/example_dags/example_branch_operator_decorator.py
[2023-07-21T09:59:39.095+0000] {processor.py:836} INFO - DAG(s) dict_keys(['example_branch_python_operator_decorator']) retrieved from /home/airflow/.local/lib/python3.7/site-packages/airflow/example_dags/example_branch_operator_decorator.py
[2023-07-21T09:59:39.217+0000] {logging_mixin.py:150} INFO - [2023-07-21T09:59:39.216+0000] {dag.py:2742} INFO - Sync 1 DAGs
[2023-07-21T09:59:39.376+0000] {logging_mixin.py:150} INFO - [2023-07-21T09:59:39.375+0000] {dag.py:3508} INFO - Setting next_dagrun for example_branch_python_operator_decorator to 2023-07-20T00:00:00+00:00, run_after=2023-07-21T00:00:00+00:00
[2023-07-21T09:59:39.418+0000] {processor.py:179} INFO - Processing /home/airflow/.local/lib/python3.7/site-packages/airflow/example_dags/example_branch_operator_decorator.py took 0.382 seconds
[2023-07-21T10:00:10.303+0000] {processor.py:157} INFO - Started process (PID=282) to work on /home/airflow/.local/lib/python3.7/site-packages/airflow/example_dags/example_branch_operator_decorator.py
[2023-07-21T10:00:10.305+0000] {processor.py:826} INFO - Processing file /home/airflow/.local/lib/python3.7/site-packages/airflow/example_dags/example_branch_operator_decorator.py for tasks to queue
[2023-07-21T10:00:10.307+0000] {logging_mixin.py:150} INFO - [2023-07-21T10:00:10.306+0000] {dagbag.py:541} INFO - Filling up the DagBag from /home/airflow/.local/lib/python3.7/site-packages/airflow/example_dags/example_branch_operator_decorator.py
[2023-07-21T10:00:10.324+0000] {processor.py:836} INFO - DAG(s) dict_keys(['example_branch_python_operator_decorator']) retrieved from /home/airflow/.local/lib/python3.7/site-packages/airflow/example_dags/example_branch_operator_decorator.py
[2023-07-21T10:00:10.373+0000] {logging_mixin.py:150} INFO - [2023-07-21T10:00:10.372+0000] {dag.py:2742} INFO - Sync 1 DAGs
[2023-07-21T10:00:10.489+0000] {logging_mixin.py:150} INFO - [2023-07-21T10:00:10.487+0000] {dag.py:3508} INFO - Setting next_dagrun for example_branch_python_operator_decorator to 2023-07-20T00:00:00+00:00, run_after=2023-07-21T00:00:00+00:00
[2023-07-21T10:00:10.539+0000] {processor.py:179} INFO - Processing /home/airflow/.local/lib/python3.7/site-packages/airflow/example_dags/example_branch_operator_decorator.py took 0.245 seconds
[2023-07-21T10:00:40.689+0000] {processor.py:157} INFO - Started process (PID=342) to work on /home/airflow/.local/lib/python3.7/site-packages/airflow/example_dags/example_branch_operator_decorator.py
[2023-07-21T10:00:40.691+0000] {processor.py:826} INFO - Processing file /home/airflow/.local/lib/python3.7/site-packages/airflow/example_dags/example_branch_operator_decorator.py for tasks to queue
[2023-07-21T10:00:40.693+0000] {logging_mixin.py:150} INFO - [2023-07-21T10:00:40.693+0000] {dagbag.py:541} INFO - Filling up the DagBag from /home/airflow/.local/lib/python3.7/site-packages/airflow/example_dags/example_branch_operator_decorator.py
[2023-07-21T10:00:40.711+0000] {processor.py:836} INFO - DAG(s) dict_keys(['example_branch_python_operator_decorator']) retrieved from /home/airflow/.local/lib/python3.7/site-packages/airflow/example_dags/example_branch_operator_decorator.py
[2023-07-21T10:00:40.760+0000] {logging_mixin.py:150} INFO - [2023-07-21T10:00:40.760+0000] {dag.py:2742} INFO - Sync 1 DAGs
[2023-07-21T10:00:40.789+0000] {logging_mixin.py:150} INFO - [2023-07-21T10:00:40.789+0000] {dag.py:3508} INFO - Setting next_dagrun for example_branch_python_operator_decorator to 2023-07-20T00:00:00+00:00, run_after=2023-07-21T00:00:00+00:00
[2023-07-21T10:00:40.811+0000] {processor.py:179} INFO - Processing /home/airflow/.local/lib/python3.7/site-packages/airflow/example_dags/example_branch_operator_decorator.py took 0.126 seconds
[2023-07-21T10:01:11.024+0000] {processor.py:157} INFO - Started process (PID=403) to work on /home/airflow/.local/lib/python3.7/site-packages/airflow/example_dags/example_branch_operator_decorator.py
[2023-07-21T10:01:11.026+0000] {processor.py:826} INFO - Processing file /home/airflow/.local/lib/python3.7/site-packages/airflow/example_dags/example_branch_operator_decorator.py for tasks to queue
[2023-07-21T10:01:11.028+0000] {logging_mixin.py:150} INFO - [2023-07-21T10:01:11.028+0000] {dagbag.py:541} INFO - Filling up the DagBag from /home/airflow/.local/lib/python3.7/site-packages/airflow/example_dags/example_branch_operator_decorator.py
[2023-07-21T10:01:11.048+0000] {processor.py:836} INFO - DAG(s) dict_keys(['example_branch_python_operator_decorator']) retrieved from /home/airflow/.local/lib/python3.7/site-packages/airflow/example_dags/example_branch_operator_decorator.py
[2023-07-21T10:01:11.083+0000] {logging_mixin.py:150} INFO - [2023-07-21T10:01:11.083+0000] {dag.py:2742} INFO - Sync 1 DAGs
[2023-07-21T10:01:11.120+0000] {logging_mixin.py:150} INFO - [2023-07-21T10:01:11.119+0000] {dag.py:3508} INFO - Setting next_dagrun for example_branch_python_operator_decorator to 2023-07-20T00:00:00+00:00, run_after=2023-07-21T00:00:00+00:00
[2023-07-21T10:01:11.147+0000] {processor.py:179} INFO - Processing /home/airflow/.local/lib/python3.7/site-packages/airflow/example_dags/example_branch_operator_decorator.py took 0.126 seconds
[2023-07-21T10:01:41.932+0000] {processor.py:157} INFO - Started process (PID=464) to work on /home/airflow/.local/lib/python3.7/site-packages/airflow/example_dags/example_branch_operator_decorator.py
[2023-07-21T10:01:41.935+0000] {processor.py:826} INFO - Processing file /home/airflow/.local/lib/python3.7/site-packages/airflow/example_dags/example_branch_operator_decorator.py for tasks to queue
[2023-07-21T10:01:41.938+0000] {logging_mixin.py:150} INFO - [2023-07-21T10:01:41.938+0000] {dagbag.py:541} INFO - Filling up the DagBag from /home/airflow/.local/lib/python3.7/site-packages/airflow/example_dags/example_branch_operator_decorator.py
[2023-07-21T10:01:41.975+0000] {processor.py:836} INFO - DAG(s) dict_keys(['example_branch_python_operator_decorator']) retrieved from /home/airflow/.local/lib/python3.7/site-packages/airflow/example_dags/example_branch_operator_decorator.py
[2023-07-21T10:01:42.063+0000] {logging_mixin.py:150} INFO - [2023-07-21T10:01:42.062+0000] {dag.py:2742} INFO - Sync 1 DAGs
[2023-07-21T10:01:42.166+0000] {logging_mixin.py:150} INFO - [2023-07-21T10:01:42.165+0000] {dag.py:3508} INFO - Setting next_dagrun for example_branch_python_operator_decorator to 2023-07-20T00:00:00+00:00, run_after=2023-07-21T00:00:00+00:00
[2023-07-21T10:01:42.240+0000] {processor.py:179} INFO - Processing /home/airflow/.local/lib/python3.7/site-packages/airflow/example_dags/example_branch_operator_decorator.py took 0.315 seconds
[2023-07-21T10:02:12.484+0000] {processor.py:157} INFO - Started process (PID=526) to work on /home/airflow/.local/lib/python3.7/site-packages/airflow/example_dags/example_branch_operator_decorator.py
[2023-07-21T10:02:12.487+0000] {processor.py:826} INFO - Processing file /home/airflow/.local/lib/python3.7/site-packages/airflow/example_dags/example_branch_operator_decorator.py for tasks to queue
[2023-07-21T10:02:12.489+0000] {logging_mixin.py:150} INFO - [2023-07-21T10:02:12.488+0000] {dagbag.py:541} INFO - Filling up the DagBag from /home/airflow/.local/lib/python3.7/site-packages/airflow/example_dags/example_branch_operator_decorator.py
[2023-07-21T10:02:12.509+0000] {processor.py:836} INFO - DAG(s) dict_keys(['example_branch_python_operator_decorator']) retrieved from /home/airflow/.local/lib/python3.7/site-packages/airflow/example_dags/example_branch_operator_decorator.py
[2023-07-21T10:02:12.556+0000] {logging_mixin.py:150} INFO - [2023-07-21T10:02:12.555+0000] {dag.py:2742} INFO - Sync 1 DAGs
[2023-07-21T10:02:12.602+0000] {logging_mixin.py:150} INFO - [2023-07-21T10:02:12.602+0000] {dag.py:3508} INFO - Setting next_dagrun for example_branch_python_operator_decorator to 2023-07-20T00:00:00+00:00, run_after=2023-07-21T00:00:00+00:00
[2023-07-21T10:02:12.639+0000] {processor.py:179} INFO - Processing /home/airflow/.local/lib/python3.7/site-packages/airflow/example_dags/example_branch_operator_decorator.py took 0.165 seconds
[2023-07-21T10:02:43.503+0000] {processor.py:157} INFO - Started process (PID=587) to work on /home/airflow/.local/lib/python3.7/site-packages/airflow/example_dags/example_branch_operator_decorator.py
[2023-07-21T10:02:43.513+0000] {processor.py:826} INFO - Processing file /home/airflow/.local/lib/python3.7/site-packages/airflow/example_dags/example_branch_operator_decorator.py for tasks to queue
[2023-07-21T10:02:43.517+0000] {logging_mixin.py:150} INFO - [2023-07-21T10:02:43.516+0000] {dagbag.py:541} INFO - Filling up the DagBag from /home/airflow/.local/lib/python3.7/site-packages/airflow/example_dags/example_branch_operator_decorator.py
[2023-07-21T10:02:43.556+0000] {processor.py:836} INFO - DAG(s) dict_keys(['example_branch_python_operator_decorator']) retrieved from /home/airflow/.local/lib/python3.7/site-packages/airflow/example_dags/example_branch_operator_decorator.py
[2023-07-21T10:02:43.624+0000] {logging_mixin.py:150} INFO - [2023-07-21T10:02:43.624+0000] {dag.py:2742} INFO - Sync 1 DAGs
[2023-07-21T10:02:43.683+0000] {logging_mixin.py:150} INFO - [2023-07-21T10:02:43.682+0000] {dag.py:3508} INFO - Setting next_dagrun for example_branch_python_operator_decorator to 2023-07-20T00:00:00+00:00, run_after=2023-07-21T00:00:00+00:00
[2023-07-21T10:02:43.716+0000] {processor.py:179} INFO - Processing /home/airflow/.local/lib/python3.7/site-packages/airflow/example_dags/example_branch_operator_decorator.py took 0.245 seconds
[2023-07-21T10:03:14.184+0000] {processor.py:157} INFO - Started process (PID=648) to work on /home/airflow/.local/lib/python3.7/site-packages/airflow/example_dags/example_branch_operator_decorator.py
[2023-07-21T10:03:14.187+0000] {processor.py:826} INFO - Processing file /home/airflow/.local/lib/python3.7/site-packages/airflow/example_dags/example_branch_operator_decorator.py for tasks to queue
[2023-07-21T10:03:14.189+0000] {logging_mixin.py:150} INFO - [2023-07-21T10:03:14.188+0000] {dagbag.py:541} INFO - Filling up the DagBag from /home/airflow/.local/lib/python3.7/site-packages/airflow/example_dags/example_branch_operator_decorator.py
[2023-07-21T10:03:14.215+0000] {processor.py:836} INFO - DAG(s) dict_keys(['example_branch_python_operator_decorator']) retrieved from /home/airflow/.local/lib/python3.7/site-packages/airflow/example_dags/example_branch_operator_decorator.py
[2023-07-21T10:03:14.249+0000] {logging_mixin.py:150} INFO - [2023-07-21T10:03:14.248+0000] {dag.py:2742} INFO - Sync 1 DAGs
[2023-07-21T10:03:14.330+0000] {logging_mixin.py:150} INFO - [2023-07-21T10:03:14.330+0000] {dag.py:3508} INFO - Setting next_dagrun for example_branch_python_operator_decorator to 2023-07-20T00:00:00+00:00, run_after=2023-07-21T00:00:00+00:00
[2023-07-21T10:03:14.366+0000] {processor.py:179} INFO - Processing /home/airflow/.local/lib/python3.7/site-packages/airflow/example_dags/example_branch_operator_decorator.py took 0.191 seconds
[2023-07-21T10:03:44.490+0000] {processor.py:157} INFO - Started process (PID=709) to work on /home/airflow/.local/lib/python3.7/site-packages/airflow/example_dags/example_branch_operator_decorator.py
[2023-07-21T10:03:44.492+0000] {processor.py:826} INFO - Processing file /home/airflow/.local/lib/python3.7/site-packages/airflow/example_dags/example_branch_operator_decorator.py for tasks to queue
[2023-07-21T10:03:44.493+0000] {logging_mixin.py:150} INFO - [2023-07-21T10:03:44.493+0000] {dagbag.py:541} INFO - Filling up the DagBag from /home/airflow/.local/lib/python3.7/site-packages/airflow/example_dags/example_branch_operator_decorator.py
[2023-07-21T10:03:44.506+0000] {processor.py:836} INFO - DAG(s) dict_keys(['example_branch_python_operator_decorator']) retrieved from /home/airflow/.local/lib/python3.7/site-packages/airflow/example_dags/example_branch_operator_decorator.py
[2023-07-21T10:03:44.535+0000] {logging_mixin.py:150} INFO - [2023-07-21T10:03:44.534+0000] {dag.py:2742} INFO - Sync 1 DAGs
[2023-07-21T10:03:44.562+0000] {logging_mixin.py:150} INFO - [2023-07-21T10:03:44.562+0000] {dag.py:3508} INFO - Setting next_dagrun for example_branch_python_operator_decorator to 2023-07-20T00:00:00+00:00, run_after=2023-07-21T00:00:00+00:00
[2023-07-21T10:03:44.583+0000] {processor.py:179} INFO - Processing /home/airflow/.local/lib/python3.7/site-packages/airflow/example_dags/example_branch_operator_decorator.py took 0.097 seconds
[2023-07-21T10:04:14.869+0000] {processor.py:157} INFO - Started process (PID=770) to work on /home/airflow/.local/lib/python3.7/site-packages/airflow/example_dags/example_branch_operator_decorator.py
[2023-07-21T10:04:14.872+0000] {processor.py:826} INFO - Processing file /home/airflow/.local/lib/python3.7/site-packages/airflow/example_dags/example_branch_operator_decorator.py for tasks to queue
[2023-07-21T10:04:14.874+0000] {logging_mixin.py:150} INFO - [2023-07-21T10:04:14.873+0000] {dagbag.py:541} INFO - Filling up the DagBag from /home/airflow/.local/lib/python3.7/site-packages/airflow/example_dags/example_branch_operator_decorator.py
[2023-07-21T10:04:14.893+0000] {processor.py:836} INFO - DAG(s) dict_keys(['example_branch_python_operator_decorator']) retrieved from /home/airflow/.local/lib/python3.7/site-packages/airflow/example_dags/example_branch_operator_decorator.py
[2023-07-21T10:04:14.950+0000] {logging_mixin.py:150} INFO - [2023-07-21T10:04:14.949+0000] {dag.py:2742} INFO - Sync 1 DAGs
[2023-07-21T10:04:15.002+0000] {logging_mixin.py:150} INFO - [2023-07-21T10:04:15.002+0000] {dag.py:3508} INFO - Setting next_dagrun for example_branch_python_operator_decorator to 2023-07-20T00:00:00+00:00, run_after=2023-07-21T00:00:00+00:00
[2023-07-21T10:04:15.031+0000] {processor.py:179} INFO - Processing /home/airflow/.local/lib/python3.7/site-packages/airflow/example_dags/example_branch_operator_decorator.py took 0.170 seconds
[2023-07-21T10:04:45.164+0000] {processor.py:157} INFO - Started process (PID=831) to work on /home/airflow/.local/lib/python3.7/site-packages/airflow/example_dags/example_branch_operator_decorator.py
[2023-07-21T10:04:45.166+0000] {processor.py:826} INFO - Processing file /home/airflow/.local/lib/python3.7/site-packages/airflow/example_dags/example_branch_operator_decorator.py for tasks to queue
[2023-07-21T10:04:45.168+0000] {logging_mixin.py:150} INFO - [2023-07-21T10:04:45.168+0000] {dagbag.py:541} INFO - Filling up the DagBag from /home/airflow/.local/lib/python3.7/site-packages/airflow/example_dags/example_branch_operator_decorator.py
[2023-07-21T10:04:45.198+0000] {processor.py:836} INFO - DAG(s) dict_keys(['example_branch_python_operator_decorator']) retrieved from /home/airflow/.local/lib/python3.7/site-packages/airflow/example_dags/example_branch_operator_decorator.py
[2023-07-21T10:04:45.260+0000] {logging_mixin.py:150} INFO - [2023-07-21T10:04:45.260+0000] {dag.py:2742} INFO - Sync 1 DAGs
[2023-07-21T10:04:45.312+0000] {logging_mixin.py:150} INFO - [2023-07-21T10:04:45.312+0000] {dag.py:3508} INFO - Setting next_dagrun for example_branch_python_operator_decorator to 2023-07-20T00:00:00+00:00, run_after=2023-07-21T00:00:00+00:00
[2023-07-21T10:04:45.348+0000] {processor.py:179} INFO - Processing /home/airflow/.local/lib/python3.7/site-packages/airflow/example_dags/example_branch_operator_decorator.py took 0.191 seconds
[2023-07-21T10:05:16.142+0000] {processor.py:157} INFO - Started process (PID=892) to work on /home/airflow/.local/lib/python3.7/site-packages/airflow/example_dags/example_branch_operator_decorator.py
[2023-07-21T10:05:16.144+0000] {processor.py:826} INFO - Processing file /home/airflow/.local/lib/python3.7/site-packages/airflow/example_dags/example_branch_operator_decorator.py for tasks to queue
[2023-07-21T10:05:16.145+0000] {logging_mixin.py:150} INFO - [2023-07-21T10:05:16.145+0000] {dagbag.py:541} INFO - Filling up the DagBag from /home/airflow/.local/lib/python3.7/site-packages/airflow/example_dags/example_branch_operator_decorator.py
[2023-07-21T10:05:16.159+0000] {processor.py:836} INFO - DAG(s) dict_keys(['example_branch_python_operator_decorator']) retrieved from /home/airflow/.local/lib/python3.7/site-packages/airflow/example_dags/example_branch_operator_decorator.py
[2023-07-21T10:05:16.196+0000] {logging_mixin.py:150} INFO - [2023-07-21T10:05:16.196+0000] {dag.py:2742} INFO - Sync 1 DAGs
[2023-07-21T10:05:16.227+0000] {logging_mixin.py:150} INFO - [2023-07-21T10:05:16.227+0000] {dag.py:3508} INFO - Setting next_dagrun for example_branch_python_operator_decorator to 2023-07-20T00:00:00+00:00, run_after=2023-07-21T00:00:00+00:00
[2023-07-21T10:05:16.256+0000] {processor.py:179} INFO - Processing /home/airflow/.local/lib/python3.7/site-packages/airflow/example_dags/example_branch_operator_decorator.py took 0.118 seconds
[2023-07-21T10:05:46.390+0000] {processor.py:157} INFO - Started process (PID=953) to work on /home/airflow/.local/lib/python3.7/site-packages/airflow/example_dags/example_branch_operator_decorator.py
[2023-07-21T10:05:46.392+0000] {processor.py:826} INFO - Processing file /home/airflow/.local/lib/python3.7/site-packages/airflow/example_dags/example_branch_operator_decorator.py for tasks to queue
[2023-07-21T10:05:46.394+0000] {logging_mixin.py:150} INFO - [2023-07-21T10:05:46.393+0000] {dagbag.py:541} INFO - Filling up the DagBag from /home/airflow/.local/lib/python3.7/site-packages/airflow/example_dags/example_branch_operator_decorator.py
[2023-07-21T10:05:46.409+0000] {processor.py:836} INFO - DAG(s) dict_keys(['example_branch_python_operator_decorator']) retrieved from /home/airflow/.local/lib/python3.7/site-packages/airflow/example_dags/example_branch_operator_decorator.py
[2023-07-21T10:05:46.447+0000] {logging_mixin.py:150} INFO - [2023-07-21T10:05:46.447+0000] {dag.py:2742} INFO - Sync 1 DAGs
[2023-07-21T10:05:46.485+0000] {logging_mixin.py:150} INFO - [2023-07-21T10:05:46.485+0000] {dag.py:3508} INFO - Setting next_dagrun for example_branch_python_operator_decorator to 2023-07-20T00:00:00+00:00, run_after=2023-07-21T00:00:00+00:00
[2023-07-21T10:05:46.512+0000] {processor.py:179} INFO - Processing /home/airflow/.local/lib/python3.7/site-packages/airflow/example_dags/example_branch_operator_decorator.py took 0.126 seconds
[2023-07-21T10:06:16.766+0000] {processor.py:157} INFO - Started process (PID=1014) to work on /home/airflow/.local/lib/python3.7/site-packages/airflow/example_dags/example_branch_operator_decorator.py
[2023-07-21T10:06:16.767+0000] {processor.py:826} INFO - Processing file /home/airflow/.local/lib/python3.7/site-packages/airflow/example_dags/example_branch_operator_decorator.py for tasks to queue
[2023-07-21T10:06:16.768+0000] {logging_mixin.py:150} INFO - [2023-07-21T10:06:16.768+0000] {dagbag.py:541} INFO - Filling up the DagBag from /home/airflow/.local/lib/python3.7/site-packages/airflow/example_dags/example_branch_operator_decorator.py
[2023-07-21T10:06:16.780+0000] {processor.py:836} INFO - DAG(s) dict_keys(['example_branch_python_operator_decorator']) retrieved from /home/airflow/.local/lib/python3.7/site-packages/airflow/example_dags/example_branch_operator_decorator.py
[2023-07-21T10:06:16.809+0000] {logging_mixin.py:150} INFO - [2023-07-21T10:06:16.809+0000] {dag.py:2742} INFO - Sync 1 DAGs
[2023-07-21T10:06:16.839+0000] {logging_mixin.py:150} INFO - [2023-07-21T10:06:16.839+0000] {dag.py:3508} INFO - Setting next_dagrun for example_branch_python_operator_decorator to 2023-07-20T00:00:00+00:00, run_after=2023-07-21T00:00:00+00:00
[2023-07-21T10:06:16.866+0000] {processor.py:179} INFO - Processing /home/airflow/.local/lib/python3.7/site-packages/airflow/example_dags/example_branch_operator_decorator.py took 0.104 seconds
[2023-07-21T10:06:47.631+0000] {processor.py:157} INFO - Started process (PID=1075) to work on /home/airflow/.local/lib/python3.7/site-packages/airflow/example_dags/example_branch_operator_decorator.py
[2023-07-21T10:06:47.633+0000] {processor.py:826} INFO - Processing file /home/airflow/.local/lib/python3.7/site-packages/airflow/example_dags/example_branch_operator_decorator.py for tasks to queue
[2023-07-21T10:06:47.635+0000] {logging_mixin.py:150} INFO - [2023-07-21T10:06:47.634+0000] {dagbag.py:541} INFO - Filling up the DagBag from /home/airflow/.local/lib/python3.7/site-packages/airflow/example_dags/example_branch_operator_decorator.py
[2023-07-21T10:06:47.652+0000] {processor.py:836} INFO - DAG(s) dict_keys(['example_branch_python_operator_decorator']) retrieved from /home/airflow/.local/lib/python3.7/site-packages/airflow/example_dags/example_branch_operator_decorator.py
[2023-07-21T10:06:47.687+0000] {logging_mixin.py:150} INFO - [2023-07-21T10:06:47.686+0000] {dag.py:2742} INFO - Sync 1 DAGs
[2023-07-21T10:06:47.716+0000] {logging_mixin.py:150} INFO - [2023-07-21T10:06:47.716+0000] {dag.py:3508} INFO - Setting next_dagrun for example_branch_python_operator_decorator to 2023-07-20T00:00:00+00:00, run_after=2023-07-21T00:00:00+00:00
[2023-07-21T10:06:47.782+0000] {processor.py:179} INFO - Processing /home/airflow/.local/lib/python3.7/site-packages/airflow/example_dags/example_branch_operator_decorator.py took 0.155 seconds
[2023-07-21T10:07:18.718+0000] {processor.py:157} INFO - Started process (PID=1136) to work on /home/airflow/.local/lib/python3.7/site-packages/airflow/example_dags/example_branch_operator_decorator.py
[2023-07-21T10:07:18.719+0000] {processor.py:826} INFO - Processing file /home/airflow/.local/lib/python3.7/site-packages/airflow/example_dags/example_branch_operator_decorator.py for tasks to queue
[2023-07-21T10:07:18.721+0000] {logging_mixin.py:150} INFO - [2023-07-21T10:07:18.720+0000] {dagbag.py:541} INFO - Filling up the DagBag from /home/airflow/.local/lib/python3.7/site-packages/airflow/example_dags/example_branch_operator_decorator.py
[2023-07-21T10:07:18.735+0000] {processor.py:836} INFO - DAG(s) dict_keys(['example_branch_python_operator_decorator']) retrieved from /home/airflow/.local/lib/python3.7/site-packages/airflow/example_dags/example_branch_operator_decorator.py
[2023-07-21T10:07:18.773+0000] {logging_mixin.py:150} INFO - [2023-07-21T10:07:18.773+0000] {dag.py:2742} INFO - Sync 1 DAGs
[2023-07-21T10:07:18.809+0000] {logging_mixin.py:150} INFO - [2023-07-21T10:07:18.809+0000] {dag.py:3508} INFO - Setting next_dagrun for example_branch_python_operator_decorator to 2023-07-20T00:00:00+00:00, run_after=2023-07-21T00:00:00+00:00
[2023-07-21T10:07:18.839+0000] {processor.py:179} INFO - Processing /home/airflow/.local/lib/python3.7/site-packages/airflow/example_dags/example_branch_operator_decorator.py took 0.125 seconds
[2023-07-21T10:07:48.899+0000] {processor.py:157} INFO - Started process (PID=1197) to work on /home/airflow/.local/lib/python3.7/site-packages/airflow/example_dags/example_branch_operator_decorator.py
[2023-07-21T10:07:48.908+0000] {processor.py:826} INFO - Processing file /home/airflow/.local/lib/python3.7/site-packages/airflow/example_dags/example_branch_operator_decorator.py for tasks to queue
[2023-07-21T10:07:48.913+0000] {logging_mixin.py:150} INFO - [2023-07-21T10:07:48.912+0000] {dagbag.py:541} INFO - Filling up the DagBag from /home/airflow/.local/lib/python3.7/site-packages/airflow/example_dags/example_branch_operator_decorator.py
[2023-07-21T10:07:48.953+0000] {processor.py:836} INFO - DAG(s) dict_keys(['example_branch_python_operator_decorator']) retrieved from /home/airflow/.local/lib/python3.7/site-packages/airflow/example_dags/example_branch_operator_decorator.py
[2023-07-21T10:07:49.042+0000] {logging_mixin.py:150} INFO - [2023-07-21T10:07:49.042+0000] {dag.py:2742} INFO - Sync 1 DAGs
[2023-07-21T10:07:49.420+0000] {logging_mixin.py:150} INFO - [2023-07-21T10:07:49.420+0000] {dag.py:3508} INFO - Setting next_dagrun for example_branch_python_operator_decorator to 2023-07-20T00:00:00+00:00, run_after=2023-07-21T00:00:00+00:00
[2023-07-21T10:07:49.561+0000] {processor.py:179} INFO - Processing /home/airflow/.local/lib/python3.7/site-packages/airflow/example_dags/example_branch_operator_decorator.py took 0.669 seconds
[2023-07-21T10:08:19.666+0000] {processor.py:157} INFO - Started process (PID=1259) to work on /home/airflow/.local/lib/python3.7/site-packages/airflow/example_dags/example_branch_operator_decorator.py
[2023-07-21T10:08:19.668+0000] {processor.py:826} INFO - Processing file /home/airflow/.local/lib/python3.7/site-packages/airflow/example_dags/example_branch_operator_decorator.py for tasks to queue
[2023-07-21T10:08:19.669+0000] {logging_mixin.py:150} INFO - [2023-07-21T10:08:19.669+0000] {dagbag.py:541} INFO - Filling up the DagBag from /home/airflow/.local/lib/python3.7/site-packages/airflow/example_dags/example_branch_operator_decorator.py
[2023-07-21T10:08:19.683+0000] {processor.py:836} INFO - DAG(s) dict_keys(['example_branch_python_operator_decorator']) retrieved from /home/airflow/.local/lib/python3.7/site-packages/airflow/example_dags/example_branch_operator_decorator.py
[2023-07-21T10:08:19.710+0000] {logging_mixin.py:150} INFO - [2023-07-21T10:08:19.710+0000] {dag.py:2742} INFO - Sync 1 DAGs
[2023-07-21T10:08:19.736+0000] {logging_mixin.py:150} INFO - [2023-07-21T10:08:19.736+0000] {dag.py:3508} INFO - Setting next_dagrun for example_branch_python_operator_decorator to 2023-07-20T00:00:00+00:00, run_after=2023-07-21T00:00:00+00:00
[2023-07-21T10:08:19.769+0000] {processor.py:179} INFO - Processing /home/airflow/.local/lib/python3.7/site-packages/airflow/example_dags/example_branch_operator_decorator.py took 0.107 seconds
[2023-07-21T10:08:49.822+0000] {processor.py:157} INFO - Started process (PID=1321) to work on /home/airflow/.local/lib/python3.7/site-packages/airflow/example_dags/example_branch_operator_decorator.py
[2023-07-21T10:08:49.823+0000] {processor.py:826} INFO - Processing file /home/airflow/.local/lib/python3.7/site-packages/airflow/example_dags/example_branch_operator_decorator.py for tasks to queue
[2023-07-21T10:08:49.825+0000] {logging_mixin.py:150} INFO - [2023-07-21T10:08:49.825+0000] {dagbag.py:541} INFO - Filling up the DagBag from /home/airflow/.local/lib/python3.7/site-packages/airflow/example_dags/example_branch_operator_decorator.py
[2023-07-21T10:08:49.844+0000] {processor.py:836} INFO - DAG(s) dict_keys(['example_branch_python_operator_decorator']) retrieved from /home/airflow/.local/lib/python3.7/site-packages/airflow/example_dags/example_branch_operator_decorator.py
[2023-07-21T10:08:49.881+0000] {logging_mixin.py:150} INFO - [2023-07-21T10:08:49.881+0000] {dag.py:2742} INFO - Sync 1 DAGs
[2023-07-21T10:08:49.922+0000] {logging_mixin.py:150} INFO - [2023-07-21T10:08:49.922+0000] {dag.py:3508} INFO - Setting next_dagrun for example_branch_python_operator_decorator to 2023-07-20T00:00:00+00:00, run_after=2023-07-21T00:00:00+00:00
[2023-07-21T10:08:49.951+0000] {processor.py:179} INFO - Processing /home/airflow/.local/lib/python3.7/site-packages/airflow/example_dags/example_branch_operator_decorator.py took 0.134 seconds
[2023-07-21T10:09:20.158+0000] {processor.py:157} INFO - Started process (PID=1382) to work on /home/airflow/.local/lib/python3.7/site-packages/airflow/example_dags/example_branch_operator_decorator.py
[2023-07-21T10:09:20.160+0000] {processor.py:826} INFO - Processing file /home/airflow/.local/lib/python3.7/site-packages/airflow/example_dags/example_branch_operator_decorator.py for tasks to queue
[2023-07-21T10:09:20.161+0000] {logging_mixin.py:150} INFO - [2023-07-21T10:09:20.161+0000] {dagbag.py:541} INFO - Filling up the DagBag from /home/airflow/.local/lib/python3.7/site-packages/airflow/example_dags/example_branch_operator_decorator.py
[2023-07-21T10:09:20.172+0000] {processor.py:836} INFO - DAG(s) dict_keys(['example_branch_python_operator_decorator']) retrieved from /home/airflow/.local/lib/python3.7/site-packages/airflow/example_dags/example_branch_operator_decorator.py
[2023-07-21T10:09:20.206+0000] {logging_mixin.py:150} INFO - [2023-07-21T10:09:20.205+0000] {dag.py:2742} INFO - Sync 1 DAGs
[2023-07-21T10:09:20.240+0000] {logging_mixin.py:150} INFO - [2023-07-21T10:09:20.240+0000] {dag.py:3508} INFO - Setting next_dagrun for example_branch_python_operator_decorator to 2023-07-20T00:00:00+00:00, run_after=2023-07-21T00:00:00+00:00
[2023-07-21T10:09:20.266+0000] {processor.py:179} INFO - Processing /home/airflow/.local/lib/python3.7/site-packages/airflow/example_dags/example_branch_operator_decorator.py took 0.112 seconds
[2023-07-21T10:09:50.530+0000] {processor.py:157} INFO - Started process (PID=1442) to work on /home/airflow/.local/lib/python3.7/site-packages/airflow/example_dags/example_branch_operator_decorator.py
[2023-07-21T10:09:50.531+0000] {processor.py:826} INFO - Processing file /home/airflow/.local/lib/python3.7/site-packages/airflow/example_dags/example_branch_operator_decorator.py for tasks to queue
[2023-07-21T10:09:50.532+0000] {logging_mixin.py:150} INFO - [2023-07-21T10:09:50.532+0000] {dagbag.py:541} INFO - Filling up the DagBag from /home/airflow/.local/lib/python3.7/site-packages/airflow/example_dags/example_branch_operator_decorator.py
[2023-07-21T10:09:50.545+0000] {processor.py:836} INFO - DAG(s) dict_keys(['example_branch_python_operator_decorator']) retrieved from /home/airflow/.local/lib/python3.7/site-packages/airflow/example_dags/example_branch_operator_decorator.py
[2023-07-21T10:09:50.579+0000] {logging_mixin.py:150} INFO - [2023-07-21T10:09:50.579+0000] {dag.py:2742} INFO - Sync 1 DAGs
[2023-07-21T10:09:50.607+0000] {logging_mixin.py:150} INFO - [2023-07-21T10:09:50.607+0000] {dag.py:3508} INFO - Setting next_dagrun for example_branch_python_operator_decorator to 2023-07-20T00:00:00+00:00, run_after=2023-07-21T00:00:00+00:00
[2023-07-21T10:09:50.632+0000] {processor.py:179} INFO - Processing /home/airflow/.local/lib/python3.7/site-packages/airflow/example_dags/example_branch_operator_decorator.py took 0.106 seconds
[2023-07-21T10:10:20.799+0000] {processor.py:157} INFO - Started process (PID=1503) to work on /home/airflow/.local/lib/python3.7/site-packages/airflow/example_dags/example_branch_operator_decorator.py
[2023-07-21T10:10:20.801+0000] {processor.py:826} INFO - Processing file /home/airflow/.local/lib/python3.7/site-packages/airflow/example_dags/example_branch_operator_decorator.py for tasks to queue
[2023-07-21T10:10:20.802+0000] {logging_mixin.py:150} INFO - [2023-07-21T10:10:20.802+0000] {dagbag.py:541} INFO - Filling up the DagBag from /home/airflow/.local/lib/python3.7/site-packages/airflow/example_dags/example_branch_operator_decorator.py
[2023-07-21T10:10:20.816+0000] {processor.py:836} INFO - DAG(s) dict_keys(['example_branch_python_operator_decorator']) retrieved from /home/airflow/.local/lib/python3.7/site-packages/airflow/example_dags/example_branch_operator_decorator.py
[2023-07-21T10:10:20.850+0000] {logging_mixin.py:150} INFO - [2023-07-21T10:10:20.850+0000] {dag.py:2742} INFO - Sync 1 DAGs
[2023-07-21T10:10:20.883+0000] {logging_mixin.py:150} INFO - [2023-07-21T10:10:20.883+0000] {dag.py:3508} INFO - Setting next_dagrun for example_branch_python_operator_decorator to 2023-07-20T00:00:00+00:00, run_after=2023-07-21T00:00:00+00:00
[2023-07-21T10:10:20.912+0000] {processor.py:179} INFO - Processing /home/airflow/.local/lib/python3.7/site-packages/airflow/example_dags/example_branch_operator_decorator.py took 0.117 seconds
[2023-07-21T10:10:51.789+0000] {processor.py:157} INFO - Started process (PID=1564) to work on /home/airflow/.local/lib/python3.7/site-packages/airflow/example_dags/example_branch_operator_decorator.py
[2023-07-21T10:10:51.791+0000] {processor.py:826} INFO - Processing file /home/airflow/.local/lib/python3.7/site-packages/airflow/example_dags/example_branch_operator_decorator.py for tasks to queue
[2023-07-21T10:10:51.793+0000] {logging_mixin.py:150} INFO - [2023-07-21T10:10:51.792+0000] {dagbag.py:541} INFO - Filling up the DagBag from /home/airflow/.local/lib/python3.7/site-packages/airflow/example_dags/example_branch_operator_decorator.py
[2023-07-21T10:10:51.805+0000] {processor.py:836} INFO - DAG(s) dict_keys(['example_branch_python_operator_decorator']) retrieved from /home/airflow/.local/lib/python3.7/site-packages/airflow/example_dags/example_branch_operator_decorator.py
[2023-07-21T10:10:51.838+0000] {logging_mixin.py:150} INFO - [2023-07-21T10:10:51.838+0000] {dag.py:2742} INFO - Sync 1 DAGs
[2023-07-21T10:10:51.870+0000] {logging_mixin.py:150} INFO - [2023-07-21T10:10:51.869+0000] {dag.py:3508} INFO - Setting next_dagrun for example_branch_python_operator_decorator to 2023-07-20T00:00:00+00:00, run_after=2023-07-21T00:00:00+00:00
[2023-07-21T10:10:51.901+0000] {processor.py:179} INFO - Processing /home/airflow/.local/lib/python3.7/site-packages/airflow/example_dags/example_branch_operator_decorator.py took 0.117 seconds
[2023-07-21T10:11:22.760+0000] {processor.py:157} INFO - Started process (PID=1625) to work on /home/airflow/.local/lib/python3.7/site-packages/airflow/example_dags/example_branch_operator_decorator.py
[2023-07-21T10:11:22.762+0000] {processor.py:826} INFO - Processing file /home/airflow/.local/lib/python3.7/site-packages/airflow/example_dags/example_branch_operator_decorator.py for tasks to queue
[2023-07-21T10:11:22.763+0000] {logging_mixin.py:150} INFO - [2023-07-21T10:11:22.762+0000] {dagbag.py:541} INFO - Filling up the DagBag from /home/airflow/.local/lib/python3.7/site-packages/airflow/example_dags/example_branch_operator_decorator.py
[2023-07-21T10:11:22.776+0000] {processor.py:836} INFO - DAG(s) dict_keys(['example_branch_python_operator_decorator']) retrieved from /home/airflow/.local/lib/python3.7/site-packages/airflow/example_dags/example_branch_operator_decorator.py
[2023-07-21T10:11:22.816+0000] {logging_mixin.py:150} INFO - [2023-07-21T10:11:22.816+0000] {dag.py:2742} INFO - Sync 1 DAGs
[2023-07-21T10:11:22.843+0000] {logging_mixin.py:150} INFO - [2023-07-21T10:11:22.843+0000] {dag.py:3508} INFO - Setting next_dagrun for example_branch_python_operator_decorator to 2023-07-20T00:00:00+00:00, run_after=2023-07-21T00:00:00+00:00
[2023-07-21T10:11:22.868+0000] {processor.py:179} INFO - Processing /home/airflow/.local/lib/python3.7/site-packages/airflow/example_dags/example_branch_operator_decorator.py took 0.111 seconds
[2023-07-21T10:11:53.284+0000] {processor.py:157} INFO - Started process (PID=1686) to work on /home/airflow/.local/lib/python3.7/site-packages/airflow/example_dags/example_branch_operator_decorator.py
[2023-07-21T10:11:53.291+0000] {processor.py:826} INFO - Processing file /home/airflow/.local/lib/python3.7/site-packages/airflow/example_dags/example_branch_operator_decorator.py for tasks to queue
[2023-07-21T10:11:53.293+0000] {logging_mixin.py:150} INFO - [2023-07-21T10:11:53.293+0000] {dagbag.py:541} INFO - Filling up the DagBag from /home/airflow/.local/lib/python3.7/site-packages/airflow/example_dags/example_branch_operator_decorator.py
[2023-07-21T10:11:53.330+0000] {processor.py:836} INFO - DAG(s) dict_keys(['example_branch_python_operator_decorator']) retrieved from /home/airflow/.local/lib/python3.7/site-packages/airflow/example_dags/example_branch_operator_decorator.py
[2023-07-21T10:11:53.396+0000] {logging_mixin.py:150} INFO - [2023-07-21T10:11:53.395+0000] {dag.py:2742} INFO - Sync 1 DAGs
[2023-07-21T10:11:53.496+0000] {logging_mixin.py:150} INFO - [2023-07-21T10:11:53.496+0000] {dag.py:3508} INFO - Setting next_dagrun for example_branch_python_operator_decorator to 2023-07-20T00:00:00+00:00, run_after=2023-07-21T00:00:00+00:00
[2023-07-21T10:11:53.546+0000] {processor.py:179} INFO - Processing /home/airflow/.local/lib/python3.7/site-packages/airflow/example_dags/example_branch_operator_decorator.py took 0.267 seconds
[2023-07-21T10:12:23.661+0000] {processor.py:157} INFO - Started process (PID=1747) to work on /home/airflow/.local/lib/python3.7/site-packages/airflow/example_dags/example_branch_operator_decorator.py
[2023-07-21T10:12:23.663+0000] {processor.py:826} INFO - Processing file /home/airflow/.local/lib/python3.7/site-packages/airflow/example_dags/example_branch_operator_decorator.py for tasks to queue
[2023-07-21T10:12:23.664+0000] {logging_mixin.py:150} INFO - [2023-07-21T10:12:23.664+0000] {dagbag.py:541} INFO - Filling up the DagBag from /home/airflow/.local/lib/python3.7/site-packages/airflow/example_dags/example_branch_operator_decorator.py
[2023-07-21T10:12:23.678+0000] {processor.py:836} INFO - DAG(s) dict_keys(['example_branch_python_operator_decorator']) retrieved from /home/airflow/.local/lib/python3.7/site-packages/airflow/example_dags/example_branch_operator_decorator.py
[2023-07-21T10:12:23.723+0000] {logging_mixin.py:150} INFO - [2023-07-21T10:12:23.722+0000] {dag.py:2742} INFO - Sync 1 DAGs
[2023-07-21T10:12:23.761+0000] {logging_mixin.py:150} INFO - [2023-07-21T10:12:23.761+0000] {dag.py:3508} INFO - Setting next_dagrun for example_branch_python_operator_decorator to 2023-07-20T00:00:00+00:00, run_after=2023-07-21T00:00:00+00:00
[2023-07-21T10:12:23.795+0000] {processor.py:179} INFO - Processing /home/airflow/.local/lib/python3.7/site-packages/airflow/example_dags/example_branch_operator_decorator.py took 0.140 seconds
[2023-07-21T10:12:54.334+0000] {processor.py:157} INFO - Started process (PID=1808) to work on /home/airflow/.local/lib/python3.7/site-packages/airflow/example_dags/example_branch_operator_decorator.py
[2023-07-21T10:12:54.336+0000] {processor.py:826} INFO - Processing file /home/airflow/.local/lib/python3.7/site-packages/airflow/example_dags/example_branch_operator_decorator.py for tasks to queue
[2023-07-21T10:12:54.337+0000] {logging_mixin.py:150} INFO - [2023-07-21T10:12:54.337+0000] {dagbag.py:541} INFO - Filling up the DagBag from /home/airflow/.local/lib/python3.7/site-packages/airflow/example_dags/example_branch_operator_decorator.py
[2023-07-21T10:12:54.356+0000] {processor.py:836} INFO - DAG(s) dict_keys(['example_branch_python_operator_decorator']) retrieved from /home/airflow/.local/lib/python3.7/site-packages/airflow/example_dags/example_branch_operator_decorator.py
[2023-07-21T10:12:54.401+0000] {logging_mixin.py:150} INFO - [2023-07-21T10:12:54.400+0000] {dag.py:2742} INFO - Sync 1 DAGs
[2023-07-21T10:12:54.488+0000] {logging_mixin.py:150} INFO - [2023-07-21T10:12:54.488+0000] {dag.py:3508} INFO - Setting next_dagrun for example_branch_python_operator_decorator to 2023-07-20T00:00:00+00:00, run_after=2023-07-21T00:00:00+00:00
[2023-07-21T10:12:54.539+0000] {processor.py:179} INFO - Processing /home/airflow/.local/lib/python3.7/site-packages/airflow/example_dags/example_branch_operator_decorator.py took 0.208 seconds
[2023-07-21T10:13:24.786+0000] {processor.py:157} INFO - Started process (PID=1869) to work on /home/airflow/.local/lib/python3.7/site-packages/airflow/example_dags/example_branch_operator_decorator.py
[2023-07-21T10:13:24.788+0000] {processor.py:826} INFO - Processing file /home/airflow/.local/lib/python3.7/site-packages/airflow/example_dags/example_branch_operator_decorator.py for tasks to queue
[2023-07-21T10:13:24.789+0000] {logging_mixin.py:150} INFO - [2023-07-21T10:13:24.789+0000] {dagbag.py:541} INFO - Filling up the DagBag from /home/airflow/.local/lib/python3.7/site-packages/airflow/example_dags/example_branch_operator_decorator.py
[2023-07-21T10:13:24.806+0000] {processor.py:836} INFO - DAG(s) dict_keys(['example_branch_python_operator_decorator']) retrieved from /home/airflow/.local/lib/python3.7/site-packages/airflow/example_dags/example_branch_operator_decorator.py
[2023-07-21T10:13:24.854+0000] {logging_mixin.py:150} INFO - [2023-07-21T10:13:24.853+0000] {dag.py:2742} INFO - Sync 1 DAGs
[2023-07-21T10:13:24.905+0000] {logging_mixin.py:150} INFO - [2023-07-21T10:13:24.904+0000] {dag.py:3508} INFO - Setting next_dagrun for example_branch_python_operator_decorator to 2023-07-20T00:00:00+00:00, run_after=2023-07-21T00:00:00+00:00
[2023-07-21T10:13:24.932+0000] {processor.py:179} INFO - Processing /home/airflow/.local/lib/python3.7/site-packages/airflow/example_dags/example_branch_operator_decorator.py took 0.150 seconds
[2023-07-21T10:13:55.609+0000] {processor.py:157} INFO - Started process (PID=1921) to work on /home/airflow/.local/lib/python3.7/site-packages/airflow/example_dags/example_branch_operator_decorator.py
[2023-07-21T10:13:55.611+0000] {processor.py:826} INFO - Processing file /home/airflow/.local/lib/python3.7/site-packages/airflow/example_dags/example_branch_operator_decorator.py for tasks to queue
[2023-07-21T10:13:55.612+0000] {logging_mixin.py:150} INFO - [2023-07-21T10:13:55.612+0000] {dagbag.py:541} INFO - Filling up the DagBag from /home/airflow/.local/lib/python3.7/site-packages/airflow/example_dags/example_branch_operator_decorator.py
[2023-07-21T10:13:55.625+0000] {processor.py:836} INFO - DAG(s) dict_keys(['example_branch_python_operator_decorator']) retrieved from /home/airflow/.local/lib/python3.7/site-packages/airflow/example_dags/example_branch_operator_decorator.py
[2023-07-21T10:13:55.658+0000] {logging_mixin.py:150} INFO - [2023-07-21T10:13:55.658+0000] {dag.py:2742} INFO - Sync 1 DAGs
[2023-07-21T10:13:55.690+0000] {logging_mixin.py:150} INFO - [2023-07-21T10:13:55.690+0000] {dag.py:3508} INFO - Setting next_dagrun for example_branch_python_operator_decorator to 2023-07-20T00:00:00+00:00, run_after=2023-07-21T00:00:00+00:00
[2023-07-21T10:13:55.731+0000] {processor.py:179} INFO - Processing /home/airflow/.local/lib/python3.7/site-packages/airflow/example_dags/example_branch_operator_decorator.py took 0.125 seconds
[2023-07-21T10:14:26.618+0000] {processor.py:157} INFO - Started process (PID=1982) to work on /home/airflow/.local/lib/python3.7/site-packages/airflow/example_dags/example_branch_operator_decorator.py
[2023-07-21T10:14:26.620+0000] {processor.py:826} INFO - Processing file /home/airflow/.local/lib/python3.7/site-packages/airflow/example_dags/example_branch_operator_decorator.py for tasks to queue
[2023-07-21T10:14:26.621+0000] {logging_mixin.py:150} INFO - [2023-07-21T10:14:26.621+0000] {dagbag.py:541} INFO - Filling up the DagBag from /home/airflow/.local/lib/python3.7/site-packages/airflow/example_dags/example_branch_operator_decorator.py
[2023-07-21T10:14:26.634+0000] {processor.py:836} INFO - DAG(s) dict_keys(['example_branch_python_operator_decorator']) retrieved from /home/airflow/.local/lib/python3.7/site-packages/airflow/example_dags/example_branch_operator_decorator.py
[2023-07-21T10:14:26.676+0000] {logging_mixin.py:150} INFO - [2023-07-21T10:14:26.676+0000] {dag.py:2742} INFO - Sync 1 DAGs
[2023-07-21T10:14:26.713+0000] {logging_mixin.py:150} INFO - [2023-07-21T10:14:26.712+0000] {dag.py:3508} INFO - Setting next_dagrun for example_branch_python_operator_decorator to 2023-07-20T00:00:00+00:00, run_after=2023-07-21T00:00:00+00:00
[2023-07-21T10:14:26.746+0000] {processor.py:179} INFO - Processing /home/airflow/.local/lib/python3.7/site-packages/airflow/example_dags/example_branch_operator_decorator.py took 0.134 seconds
[2023-07-21T10:14:56.833+0000] {processor.py:157} INFO - Started process (PID=2043) to work on /home/airflow/.local/lib/python3.7/site-packages/airflow/example_dags/example_branch_operator_decorator.py
[2023-07-21T10:14:56.835+0000] {processor.py:826} INFO - Processing file /home/airflow/.local/lib/python3.7/site-packages/airflow/example_dags/example_branch_operator_decorator.py for tasks to queue
[2023-07-21T10:14:56.836+0000] {logging_mixin.py:150} INFO - [2023-07-21T10:14:56.836+0000] {dagbag.py:541} INFO - Filling up the DagBag from /home/airflow/.local/lib/python3.7/site-packages/airflow/example_dags/example_branch_operator_decorator.py
[2023-07-21T10:14:56.852+0000] {processor.py:836} INFO - DAG(s) dict_keys(['example_branch_python_operator_decorator']) retrieved from /home/airflow/.local/lib/python3.7/site-packages/airflow/example_dags/example_branch_operator_decorator.py
[2023-07-21T10:14:56.890+0000] {logging_mixin.py:150} INFO - [2023-07-21T10:14:56.889+0000] {dag.py:2742} INFO - Sync 1 DAGs
[2023-07-21T10:14:56.930+0000] {logging_mixin.py:150} INFO - [2023-07-21T10:14:56.930+0000] {dag.py:3508} INFO - Setting next_dagrun for example_branch_python_operator_decorator to 2023-07-20T00:00:00+00:00, run_after=2023-07-21T00:00:00+00:00
[2023-07-21T10:14:56.964+0000] {processor.py:179} INFO - Processing /home/airflow/.local/lib/python3.7/site-packages/airflow/example_dags/example_branch_operator_decorator.py took 0.136 seconds
