[2023-07-21T09:58:12.009+0000] {processor.py:157} INFO - Started process (PID=57) to work on /home/airflow/.local/lib/python3.7/site-packages/airflow/example_dags/example_sla_dag.py
[2023-07-21T09:58:12.011+0000] {processor.py:826} INFO - Processing file /home/airflow/.local/lib/python3.7/site-packages/airflow/example_dags/example_sla_dag.py for tasks to queue
[2023-07-21T09:58:12.013+0000] {logging_mixin.py:150} INFO - [2023-07-21T09:58:12.012+0000] {dagbag.py:541} INFO - Filling up the DagBag from /home/airflow/.local/lib/python3.7/site-packages/airflow/example_dags/example_sla_dag.py
[2023-07-21T09:58:12.035+0000] {processor.py:836} INFO - DAG(s) dict_keys(['example_sla_dag']) retrieved from /home/airflow/.local/lib/python3.7/site-packages/airflow/example_dags/example_sla_dag.py
[2023-07-21T09:58:12.243+0000] {logging_mixin.py:150} INFO - [2023-07-21T09:58:12.242+0000] {dag.py:2742} INFO - Sync 1 DAGs
[2023-07-21T09:58:12.285+0000] {logging_mixin.py:150} INFO - [2023-07-21T09:58:12.285+0000] {dag.py:3508} INFO - Setting next_dagrun for example_sla_dag to 2023-07-21T09:56:00+00:00, run_after=2023-07-21T09:58:00+00:00
[2023-07-21T09:58:12.317+0000] {processor.py:179} INFO - Processing /home/airflow/.local/lib/python3.7/site-packages/airflow/example_dags/example_sla_dag.py took 0.312 seconds
[2023-07-21T09:58:42.751+0000] {processor.py:157} INFO - Started process (PID=118) to work on /home/airflow/.local/lib/python3.7/site-packages/airflow/example_dags/example_sla_dag.py
[2023-07-21T09:58:42.753+0000] {processor.py:826} INFO - Processing file /home/airflow/.local/lib/python3.7/site-packages/airflow/example_dags/example_sla_dag.py for tasks to queue
[2023-07-21T09:58:42.755+0000] {logging_mixin.py:150} INFO - [2023-07-21T09:58:42.755+0000] {dagbag.py:541} INFO - Filling up the DagBag from /home/airflow/.local/lib/python3.7/site-packages/airflow/example_dags/example_sla_dag.py
[2023-07-21T09:58:42.772+0000] {processor.py:836} INFO - DAG(s) dict_keys(['example_sla_dag']) retrieved from /home/airflow/.local/lib/python3.7/site-packages/airflow/example_dags/example_sla_dag.py
[2023-07-21T09:58:42.837+0000] {logging_mixin.py:150} INFO - [2023-07-21T09:58:42.836+0000] {dag.py:2742} INFO - Sync 1 DAGs
[2023-07-21T09:58:42.907+0000] {logging_mixin.py:150} INFO - [2023-07-21T09:58:42.907+0000] {dag.py:3508} INFO - Setting next_dagrun for example_sla_dag to 2023-07-21T09:56:00+00:00, run_after=2023-07-21T09:58:00+00:00
[2023-07-21T09:58:42.944+0000] {processor.py:179} INFO - Processing /home/airflow/.local/lib/python3.7/site-packages/airflow/example_dags/example_sla_dag.py took 0.199 seconds
[2023-07-21T09:59:13.714+0000] {processor.py:157} INFO - Started process (PID=179) to work on /home/airflow/.local/lib/python3.7/site-packages/airflow/example_dags/example_sla_dag.py
[2023-07-21T09:59:13.719+0000] {processor.py:826} INFO - Processing file /home/airflow/.local/lib/python3.7/site-packages/airflow/example_dags/example_sla_dag.py for tasks to queue
[2023-07-21T09:59:13.722+0000] {logging_mixin.py:150} INFO - [2023-07-21T09:59:13.721+0000] {dagbag.py:541} INFO - Filling up the DagBag from /home/airflow/.local/lib/python3.7/site-packages/airflow/example_dags/example_sla_dag.py
[2023-07-21T09:59:13.750+0000] {processor.py:836} INFO - DAG(s) dict_keys(['example_sla_dag']) retrieved from /home/airflow/.local/lib/python3.7/site-packages/airflow/example_dags/example_sla_dag.py
[2023-07-21T09:59:13.829+0000] {logging_mixin.py:150} INFO - [2023-07-21T09:59:13.828+0000] {dag.py:2742} INFO - Sync 1 DAGs
[2023-07-21T09:59:14.014+0000] {logging_mixin.py:150} INFO - [2023-07-21T09:59:14.014+0000] {dag.py:3508} INFO - Setting next_dagrun for example_sla_dag to 2023-07-21T09:56:00+00:00, run_after=2023-07-21T09:58:00+00:00
[2023-07-21T09:59:14.089+0000] {processor.py:179} INFO - Processing /home/airflow/.local/lib/python3.7/site-packages/airflow/example_dags/example_sla_dag.py took 0.387 seconds
[2023-07-21T09:59:44.308+0000] {processor.py:157} INFO - Started process (PID=239) to work on /home/airflow/.local/lib/python3.7/site-packages/airflow/example_dags/example_sla_dag.py
[2023-07-21T09:59:44.310+0000] {processor.py:826} INFO - Processing file /home/airflow/.local/lib/python3.7/site-packages/airflow/example_dags/example_sla_dag.py for tasks to queue
[2023-07-21T09:59:44.312+0000] {logging_mixin.py:150} INFO - [2023-07-21T09:59:44.311+0000] {dagbag.py:541} INFO - Filling up the DagBag from /home/airflow/.local/lib/python3.7/site-packages/airflow/example_dags/example_sla_dag.py
[2023-07-21T09:59:44.323+0000] {processor.py:836} INFO - DAG(s) dict_keys(['example_sla_dag']) retrieved from /home/airflow/.local/lib/python3.7/site-packages/airflow/example_dags/example_sla_dag.py
[2023-07-21T09:59:44.349+0000] {logging_mixin.py:150} INFO - [2023-07-21T09:59:44.349+0000] {dag.py:2742} INFO - Sync 1 DAGs
[2023-07-21T09:59:44.384+0000] {logging_mixin.py:150} INFO - [2023-07-21T09:59:44.384+0000] {dag.py:3508} INFO - Setting next_dagrun for example_sla_dag to 2023-07-21T09:56:00+00:00, run_after=2023-07-21T09:58:00+00:00
[2023-07-21T09:59:44.410+0000] {processor.py:179} INFO - Processing /home/airflow/.local/lib/python3.7/site-packages/airflow/example_dags/example_sla_dag.py took 0.106 seconds
[2023-07-21T10:00:14.776+0000] {processor.py:157} INFO - Started process (PID=301) to work on /home/airflow/.local/lib/python3.7/site-packages/airflow/example_dags/example_sla_dag.py
[2023-07-21T10:00:14.778+0000] {processor.py:826} INFO - Processing file /home/airflow/.local/lib/python3.7/site-packages/airflow/example_dags/example_sla_dag.py for tasks to queue
[2023-07-21T10:00:14.779+0000] {logging_mixin.py:150} INFO - [2023-07-21T10:00:14.779+0000] {dagbag.py:541} INFO - Filling up the DagBag from /home/airflow/.local/lib/python3.7/site-packages/airflow/example_dags/example_sla_dag.py
[2023-07-21T10:00:14.793+0000] {processor.py:836} INFO - DAG(s) dict_keys(['example_sla_dag']) retrieved from /home/airflow/.local/lib/python3.7/site-packages/airflow/example_dags/example_sla_dag.py
[2023-07-21T10:00:14.821+0000] {logging_mixin.py:150} INFO - [2023-07-21T10:00:14.821+0000] {dag.py:2742} INFO - Sync 1 DAGs
[2023-07-21T10:00:14.853+0000] {logging_mixin.py:150} INFO - [2023-07-21T10:00:14.853+0000] {dag.py:3508} INFO - Setting next_dagrun for example_sla_dag to 2023-07-21T09:58:00+00:00, run_after=2023-07-21T10:00:00+00:00
[2023-07-21T10:00:14.884+0000] {processor.py:179} INFO - Processing /home/airflow/.local/lib/python3.7/site-packages/airflow/example_dags/example_sla_dag.py took 0.113 seconds
[2023-07-21T10:00:46.348+0000] {processor.py:157} INFO - Started process (PID=362) to work on /home/airflow/.local/lib/python3.7/site-packages/airflow/example_dags/example_sla_dag.py
[2023-07-21T10:00:46.350+0000] {processor.py:826} INFO - Processing file /home/airflow/.local/lib/python3.7/site-packages/airflow/example_dags/example_sla_dag.py for tasks to queue
[2023-07-21T10:00:46.352+0000] {logging_mixin.py:150} INFO - [2023-07-21T10:00:46.351+0000] {dagbag.py:541} INFO - Filling up the DagBag from /home/airflow/.local/lib/python3.7/site-packages/airflow/example_dags/example_sla_dag.py
[2023-07-21T10:00:46.367+0000] {processor.py:836} INFO - DAG(s) dict_keys(['example_sla_dag']) retrieved from /home/airflow/.local/lib/python3.7/site-packages/airflow/example_dags/example_sla_dag.py
[2023-07-21T10:00:46.409+0000] {logging_mixin.py:150} INFO - [2023-07-21T10:00:46.409+0000] {dag.py:2742} INFO - Sync 1 DAGs
[2023-07-21T10:00:46.462+0000] {logging_mixin.py:150} INFO - [2023-07-21T10:00:46.462+0000] {dag.py:3508} INFO - Setting next_dagrun for example_sla_dag to 2023-07-21T09:58:00+00:00, run_after=2023-07-21T10:00:00+00:00
[2023-07-21T10:00:46.499+0000] {processor.py:179} INFO - Processing /home/airflow/.local/lib/python3.7/site-packages/airflow/example_dags/example_sla_dag.py took 0.158 seconds
[2023-07-21T10:01:16.891+0000] {processor.py:157} INFO - Started process (PID=423) to work on /home/airflow/.local/lib/python3.7/site-packages/airflow/example_dags/example_sla_dag.py
[2023-07-21T10:01:16.893+0000] {processor.py:826} INFO - Processing file /home/airflow/.local/lib/python3.7/site-packages/airflow/example_dags/example_sla_dag.py for tasks to queue
[2023-07-21T10:01:16.894+0000] {logging_mixin.py:150} INFO - [2023-07-21T10:01:16.894+0000] {dagbag.py:541} INFO - Filling up the DagBag from /home/airflow/.local/lib/python3.7/site-packages/airflow/example_dags/example_sla_dag.py
[2023-07-21T10:01:16.909+0000] {processor.py:836} INFO - DAG(s) dict_keys(['example_sla_dag']) retrieved from /home/airflow/.local/lib/python3.7/site-packages/airflow/example_dags/example_sla_dag.py
[2023-07-21T10:01:16.944+0000] {logging_mixin.py:150} INFO - [2023-07-21T10:01:16.943+0000] {dag.py:2742} INFO - Sync 1 DAGs
[2023-07-21T10:01:16.984+0000] {logging_mixin.py:150} INFO - [2023-07-21T10:01:16.984+0000] {dag.py:3508} INFO - Setting next_dagrun for example_sla_dag to 2023-07-21T09:58:00+00:00, run_after=2023-07-21T10:00:00+00:00
[2023-07-21T10:01:17.016+0000] {processor.py:179} INFO - Processing /home/airflow/.local/lib/python3.7/site-packages/airflow/example_dags/example_sla_dag.py took 0.131 seconds
[2023-07-21T10:01:47.879+0000] {processor.py:157} INFO - Started process (PID=484) to work on /home/airflow/.local/lib/python3.7/site-packages/airflow/example_dags/example_sla_dag.py
[2023-07-21T10:01:47.881+0000] {processor.py:826} INFO - Processing file /home/airflow/.local/lib/python3.7/site-packages/airflow/example_dags/example_sla_dag.py for tasks to queue
[2023-07-21T10:01:47.883+0000] {logging_mixin.py:150} INFO - [2023-07-21T10:01:47.882+0000] {dagbag.py:541} INFO - Filling up the DagBag from /home/airflow/.local/lib/python3.7/site-packages/airflow/example_dags/example_sla_dag.py
[2023-07-21T10:01:47.914+0000] {processor.py:836} INFO - DAG(s) dict_keys(['example_sla_dag']) retrieved from /home/airflow/.local/lib/python3.7/site-packages/airflow/example_dags/example_sla_dag.py
[2023-07-21T10:01:47.978+0000] {logging_mixin.py:150} INFO - [2023-07-21T10:01:47.978+0000] {dag.py:2742} INFO - Sync 1 DAGs
[2023-07-21T10:01:48.093+0000] {logging_mixin.py:150} INFO - [2023-07-21T10:01:48.093+0000] {dag.py:3508} INFO - Setting next_dagrun for example_sla_dag to 2023-07-21T09:58:00+00:00, run_after=2023-07-21T10:00:00+00:00
[2023-07-21T10:01:48.152+0000] {processor.py:179} INFO - Processing /home/airflow/.local/lib/python3.7/site-packages/airflow/example_dags/example_sla_dag.py took 0.277 seconds
[2023-07-21T10:02:19.002+0000] {processor.py:157} INFO - Started process (PID=546) to work on /home/airflow/.local/lib/python3.7/site-packages/airflow/example_dags/example_sla_dag.py
[2023-07-21T10:02:19.004+0000] {processor.py:826} INFO - Processing file /home/airflow/.local/lib/python3.7/site-packages/airflow/example_dags/example_sla_dag.py for tasks to queue
[2023-07-21T10:02:19.006+0000] {logging_mixin.py:150} INFO - [2023-07-21T10:02:19.006+0000] {dagbag.py:541} INFO - Filling up the DagBag from /home/airflow/.local/lib/python3.7/site-packages/airflow/example_dags/example_sla_dag.py
[2023-07-21T10:02:19.017+0000] {processor.py:836} INFO - DAG(s) dict_keys(['example_sla_dag']) retrieved from /home/airflow/.local/lib/python3.7/site-packages/airflow/example_dags/example_sla_dag.py
[2023-07-21T10:02:19.053+0000] {logging_mixin.py:150} INFO - [2023-07-21T10:02:19.052+0000] {dag.py:2742} INFO - Sync 1 DAGs
[2023-07-21T10:02:19.092+0000] {logging_mixin.py:150} INFO - [2023-07-21T10:02:19.092+0000] {dag.py:3508} INFO - Setting next_dagrun for example_sla_dag to 2023-07-21T10:00:00+00:00, run_after=2023-07-21T10:02:00+00:00
[2023-07-21T10:02:19.119+0000] {processor.py:179} INFO - Processing /home/airflow/.local/lib/python3.7/site-packages/airflow/example_dags/example_sla_dag.py took 0.122 seconds
[2023-07-21T10:02:50.136+0000] {processor.py:157} INFO - Started process (PID=607) to work on /home/airflow/.local/lib/python3.7/site-packages/airflow/example_dags/example_sla_dag.py
[2023-07-21T10:02:50.137+0000] {processor.py:826} INFO - Processing file /home/airflow/.local/lib/python3.7/site-packages/airflow/example_dags/example_sla_dag.py for tasks to queue
[2023-07-21T10:02:50.139+0000] {logging_mixin.py:150} INFO - [2023-07-21T10:02:50.139+0000] {dagbag.py:541} INFO - Filling up the DagBag from /home/airflow/.local/lib/python3.7/site-packages/airflow/example_dags/example_sla_dag.py
[2023-07-21T10:02:50.151+0000] {processor.py:836} INFO - DAG(s) dict_keys(['example_sla_dag']) retrieved from /home/airflow/.local/lib/python3.7/site-packages/airflow/example_dags/example_sla_dag.py
[2023-07-21T10:02:50.171+0000] {logging_mixin.py:150} INFO - [2023-07-21T10:02:50.170+0000] {dag.py:2742} INFO - Sync 1 DAGs
[2023-07-21T10:02:50.222+0000] {logging_mixin.py:150} INFO - [2023-07-21T10:02:50.222+0000] {dag.py:3508} INFO - Setting next_dagrun for example_sla_dag to 2023-07-21T10:00:00+00:00, run_after=2023-07-21T10:02:00+00:00
[2023-07-21T10:02:50.247+0000] {processor.py:179} INFO - Processing /home/airflow/.local/lib/python3.7/site-packages/airflow/example_dags/example_sla_dag.py took 0.118 seconds
[2023-07-21T10:03:20.733+0000] {processor.py:157} INFO - Started process (PID=668) to work on /home/airflow/.local/lib/python3.7/site-packages/airflow/example_dags/example_sla_dag.py
[2023-07-21T10:03:20.735+0000] {processor.py:826} INFO - Processing file /home/airflow/.local/lib/python3.7/site-packages/airflow/example_dags/example_sla_dag.py for tasks to queue
[2023-07-21T10:03:20.737+0000] {logging_mixin.py:150} INFO - [2023-07-21T10:03:20.736+0000] {dagbag.py:541} INFO - Filling up the DagBag from /home/airflow/.local/lib/python3.7/site-packages/airflow/example_dags/example_sla_dag.py
[2023-07-21T10:03:20.748+0000] {processor.py:836} INFO - DAG(s) dict_keys(['example_sla_dag']) retrieved from /home/airflow/.local/lib/python3.7/site-packages/airflow/example_dags/example_sla_dag.py
[2023-07-21T10:03:20.773+0000] {logging_mixin.py:150} INFO - [2023-07-21T10:03:20.773+0000] {dag.py:2742} INFO - Sync 1 DAGs
[2023-07-21T10:03:20.811+0000] {logging_mixin.py:150} INFO - [2023-07-21T10:03:20.810+0000] {dag.py:3508} INFO - Setting next_dagrun for example_sla_dag to 2023-07-21T10:00:00+00:00, run_after=2023-07-21T10:02:00+00:00
[2023-07-21T10:03:20.836+0000] {processor.py:179} INFO - Processing /home/airflow/.local/lib/python3.7/site-packages/airflow/example_dags/example_sla_dag.py took 0.109 seconds
[2023-07-21T10:03:50.957+0000] {processor.py:157} INFO - Started process (PID=728) to work on /home/airflow/.local/lib/python3.7/site-packages/airflow/example_dags/example_sla_dag.py
[2023-07-21T10:03:50.959+0000] {processor.py:826} INFO - Processing file /home/airflow/.local/lib/python3.7/site-packages/airflow/example_dags/example_sla_dag.py for tasks to queue
[2023-07-21T10:03:50.961+0000] {logging_mixin.py:150} INFO - [2023-07-21T10:03:50.961+0000] {dagbag.py:541} INFO - Filling up the DagBag from /home/airflow/.local/lib/python3.7/site-packages/airflow/example_dags/example_sla_dag.py
[2023-07-21T10:03:50.977+0000] {processor.py:836} INFO - DAG(s) dict_keys(['example_sla_dag']) retrieved from /home/airflow/.local/lib/python3.7/site-packages/airflow/example_dags/example_sla_dag.py
[2023-07-21T10:03:51.006+0000] {logging_mixin.py:150} INFO - [2023-07-21T10:03:51.006+0000] {dag.py:2742} INFO - Sync 1 DAGs
[2023-07-21T10:03:51.043+0000] {logging_mixin.py:150} INFO - [2023-07-21T10:03:51.042+0000] {dag.py:3508} INFO - Setting next_dagrun for example_sla_dag to 2023-07-21T10:00:00+00:00, run_after=2023-07-21T10:02:00+00:00
[2023-07-21T10:03:51.069+0000] {processor.py:179} INFO - Processing /home/airflow/.local/lib/python3.7/site-packages/airflow/example_dags/example_sla_dag.py took 0.116 seconds
[2023-07-21T10:04:21.637+0000] {processor.py:157} INFO - Started process (PID=790) to work on /home/airflow/.local/lib/python3.7/site-packages/airflow/example_dags/example_sla_dag.py
[2023-07-21T10:04:21.640+0000] {processor.py:826} INFO - Processing file /home/airflow/.local/lib/python3.7/site-packages/airflow/example_dags/example_sla_dag.py for tasks to queue
[2023-07-21T10:04:21.643+0000] {logging_mixin.py:150} INFO - [2023-07-21T10:04:21.642+0000] {dagbag.py:541} INFO - Filling up the DagBag from /home/airflow/.local/lib/python3.7/site-packages/airflow/example_dags/example_sla_dag.py
[2023-07-21T10:04:21.662+0000] {processor.py:836} INFO - DAG(s) dict_keys(['example_sla_dag']) retrieved from /home/airflow/.local/lib/python3.7/site-packages/airflow/example_dags/example_sla_dag.py
[2023-07-21T10:04:21.720+0000] {logging_mixin.py:150} INFO - [2023-07-21T10:04:21.720+0000] {dag.py:2742} INFO - Sync 1 DAGs
[2023-07-21T10:04:21.789+0000] {logging_mixin.py:150} INFO - [2023-07-21T10:04:21.789+0000] {dag.py:3508} INFO - Setting next_dagrun for example_sla_dag to 2023-07-21T10:02:00+00:00, run_after=2023-07-21T10:04:00+00:00
[2023-07-21T10:04:21.820+0000] {processor.py:179} INFO - Processing /home/airflow/.local/lib/python3.7/site-packages/airflow/example_dags/example_sla_dag.py took 0.194 seconds
[2023-07-21T10:04:51.913+0000] {processor.py:157} INFO - Started process (PID=851) to work on /home/airflow/.local/lib/python3.7/site-packages/airflow/example_dags/example_sla_dag.py
[2023-07-21T10:04:51.915+0000] {processor.py:826} INFO - Processing file /home/airflow/.local/lib/python3.7/site-packages/airflow/example_dags/example_sla_dag.py for tasks to queue
[2023-07-21T10:04:51.917+0000] {logging_mixin.py:150} INFO - [2023-07-21T10:04:51.917+0000] {dagbag.py:541} INFO - Filling up the DagBag from /home/airflow/.local/lib/python3.7/site-packages/airflow/example_dags/example_sla_dag.py
[2023-07-21T10:04:51.934+0000] {processor.py:836} INFO - DAG(s) dict_keys(['example_sla_dag']) retrieved from /home/airflow/.local/lib/python3.7/site-packages/airflow/example_dags/example_sla_dag.py
[2023-07-21T10:04:51.976+0000] {logging_mixin.py:150} INFO - [2023-07-21T10:04:51.976+0000] {dag.py:2742} INFO - Sync 1 DAGs
[2023-07-21T10:04:52.006+0000] {logging_mixin.py:150} INFO - [2023-07-21T10:04:52.005+0000] {dag.py:3508} INFO - Setting next_dagrun for example_sla_dag to 2023-07-21T10:02:00+00:00, run_after=2023-07-21T10:04:00+00:00
[2023-07-21T10:04:52.033+0000] {processor.py:179} INFO - Processing /home/airflow/.local/lib/python3.7/site-packages/airflow/example_dags/example_sla_dag.py took 0.126 seconds
[2023-07-21T10:05:22.657+0000] {processor.py:157} INFO - Started process (PID=912) to work on /home/airflow/.local/lib/python3.7/site-packages/airflow/example_dags/example_sla_dag.py
[2023-07-21T10:05:22.658+0000] {processor.py:826} INFO - Processing file /home/airflow/.local/lib/python3.7/site-packages/airflow/example_dags/example_sla_dag.py for tasks to queue
[2023-07-21T10:05:22.660+0000] {logging_mixin.py:150} INFO - [2023-07-21T10:05:22.660+0000] {dagbag.py:541} INFO - Filling up the DagBag from /home/airflow/.local/lib/python3.7/site-packages/airflow/example_dags/example_sla_dag.py
[2023-07-21T10:05:22.671+0000] {processor.py:836} INFO - DAG(s) dict_keys(['example_sla_dag']) retrieved from /home/airflow/.local/lib/python3.7/site-packages/airflow/example_dags/example_sla_dag.py
[2023-07-21T10:05:22.703+0000] {logging_mixin.py:150} INFO - [2023-07-21T10:05:22.702+0000] {dag.py:2742} INFO - Sync 1 DAGs
[2023-07-21T10:05:22.740+0000] {logging_mixin.py:150} INFO - [2023-07-21T10:05:22.740+0000] {dag.py:3508} INFO - Setting next_dagrun for example_sla_dag to 2023-07-21T10:02:00+00:00, run_after=2023-07-21T10:04:00+00:00
[2023-07-21T10:05:22.762+0000] {processor.py:179} INFO - Processing /home/airflow/.local/lib/python3.7/site-packages/airflow/example_dags/example_sla_dag.py took 0.114 seconds
[2023-07-21T10:05:53.330+0000] {processor.py:157} INFO - Started process (PID=973) to work on /home/airflow/.local/lib/python3.7/site-packages/airflow/example_dags/example_sla_dag.py
[2023-07-21T10:05:53.332+0000] {processor.py:826} INFO - Processing file /home/airflow/.local/lib/python3.7/site-packages/airflow/example_dags/example_sla_dag.py for tasks to queue
[2023-07-21T10:05:53.333+0000] {logging_mixin.py:150} INFO - [2023-07-21T10:05:53.333+0000] {dagbag.py:541} INFO - Filling up the DagBag from /home/airflow/.local/lib/python3.7/site-packages/airflow/example_dags/example_sla_dag.py
[2023-07-21T10:05:53.344+0000] {processor.py:836} INFO - DAG(s) dict_keys(['example_sla_dag']) retrieved from /home/airflow/.local/lib/python3.7/site-packages/airflow/example_dags/example_sla_dag.py
[2023-07-21T10:05:53.368+0000] {logging_mixin.py:150} INFO - [2023-07-21T10:05:53.368+0000] {dag.py:2742} INFO - Sync 1 DAGs
[2023-07-21T10:05:53.397+0000] {logging_mixin.py:150} INFO - [2023-07-21T10:05:53.397+0000] {dag.py:3508} INFO - Setting next_dagrun for example_sla_dag to 2023-07-21T10:02:00+00:00, run_after=2023-07-21T10:04:00+00:00
[2023-07-21T10:05:53.424+0000] {processor.py:179} INFO - Processing /home/airflow/.local/lib/python3.7/site-packages/airflow/example_dags/example_sla_dag.py took 0.097 seconds
[2023-07-21T10:06:23.629+0000] {processor.py:157} INFO - Started process (PID=1034) to work on /home/airflow/.local/lib/python3.7/site-packages/airflow/example_dags/example_sla_dag.py
[2023-07-21T10:06:23.631+0000] {processor.py:826} INFO - Processing file /home/airflow/.local/lib/python3.7/site-packages/airflow/example_dags/example_sla_dag.py for tasks to queue
[2023-07-21T10:06:23.632+0000] {logging_mixin.py:150} INFO - [2023-07-21T10:06:23.632+0000] {dagbag.py:541} INFO - Filling up the DagBag from /home/airflow/.local/lib/python3.7/site-packages/airflow/example_dags/example_sla_dag.py
[2023-07-21T10:06:23.643+0000] {processor.py:836} INFO - DAG(s) dict_keys(['example_sla_dag']) retrieved from /home/airflow/.local/lib/python3.7/site-packages/airflow/example_dags/example_sla_dag.py
[2023-07-21T10:06:23.678+0000] {logging_mixin.py:150} INFO - [2023-07-21T10:06:23.677+0000] {dag.py:2742} INFO - Sync 1 DAGs
[2023-07-21T10:06:23.714+0000] {logging_mixin.py:150} INFO - [2023-07-21T10:06:23.714+0000] {dag.py:3508} INFO - Setting next_dagrun for example_sla_dag to 2023-07-21T10:04:00+00:00, run_after=2023-07-21T10:06:00+00:00
[2023-07-21T10:06:23.737+0000] {processor.py:179} INFO - Processing /home/airflow/.local/lib/python3.7/site-packages/airflow/example_dags/example_sla_dag.py took 0.113 seconds
[2023-07-21T10:06:54.781+0000] {processor.py:157} INFO - Started process (PID=1095) to work on /home/airflow/.local/lib/python3.7/site-packages/airflow/example_dags/example_sla_dag.py
[2023-07-21T10:06:54.783+0000] {processor.py:826} INFO - Processing file /home/airflow/.local/lib/python3.7/site-packages/airflow/example_dags/example_sla_dag.py for tasks to queue
[2023-07-21T10:06:54.784+0000] {logging_mixin.py:150} INFO - [2023-07-21T10:06:54.784+0000] {dagbag.py:541} INFO - Filling up the DagBag from /home/airflow/.local/lib/python3.7/site-packages/airflow/example_dags/example_sla_dag.py
[2023-07-21T10:06:54.794+0000] {processor.py:836} INFO - DAG(s) dict_keys(['example_sla_dag']) retrieved from /home/airflow/.local/lib/python3.7/site-packages/airflow/example_dags/example_sla_dag.py
[2023-07-21T10:06:54.829+0000] {logging_mixin.py:150} INFO - [2023-07-21T10:06:54.829+0000] {dag.py:2742} INFO - Sync 1 DAGs
[2023-07-21T10:06:54.881+0000] {logging_mixin.py:150} INFO - [2023-07-21T10:06:54.881+0000] {dag.py:3508} INFO - Setting next_dagrun for example_sla_dag to 2023-07-21T10:04:00+00:00, run_after=2023-07-21T10:06:00+00:00
[2023-07-21T10:06:54.911+0000] {processor.py:179} INFO - Processing /home/airflow/.local/lib/python3.7/site-packages/airflow/example_dags/example_sla_dag.py took 0.133 seconds
[2023-07-21T10:07:25.906+0000] {processor.py:157} INFO - Started process (PID=1156) to work on /home/airflow/.local/lib/python3.7/site-packages/airflow/example_dags/example_sla_dag.py
[2023-07-21T10:07:25.907+0000] {processor.py:826} INFO - Processing file /home/airflow/.local/lib/python3.7/site-packages/airflow/example_dags/example_sla_dag.py for tasks to queue
[2023-07-21T10:07:25.908+0000] {logging_mixin.py:150} INFO - [2023-07-21T10:07:25.908+0000] {dagbag.py:541} INFO - Filling up the DagBag from /home/airflow/.local/lib/python3.7/site-packages/airflow/example_dags/example_sla_dag.py
[2023-07-21T10:07:25.922+0000] {processor.py:836} INFO - DAG(s) dict_keys(['example_sla_dag']) retrieved from /home/airflow/.local/lib/python3.7/site-packages/airflow/example_dags/example_sla_dag.py
[2023-07-21T10:07:25.960+0000] {logging_mixin.py:150} INFO - [2023-07-21T10:07:25.960+0000] {dag.py:2742} INFO - Sync 1 DAGs
[2023-07-21T10:07:26.008+0000] {logging_mixin.py:150} INFO - [2023-07-21T10:07:26.007+0000] {dag.py:3508} INFO - Setting next_dagrun for example_sla_dag to 2023-07-21T10:04:00+00:00, run_after=2023-07-21T10:06:00+00:00
[2023-07-21T10:07:26.042+0000] {processor.py:179} INFO - Processing /home/airflow/.local/lib/python3.7/site-packages/airflow/example_dags/example_sla_dag.py took 0.141 seconds
[2023-07-21T10:07:56.460+0000] {processor.py:157} INFO - Started process (PID=1217) to work on /home/airflow/.local/lib/python3.7/site-packages/airflow/example_dags/example_sla_dag.py
[2023-07-21T10:07:56.461+0000] {processor.py:826} INFO - Processing file /home/airflow/.local/lib/python3.7/site-packages/airflow/example_dags/example_sla_dag.py for tasks to queue
[2023-07-21T10:07:56.463+0000] {logging_mixin.py:150} INFO - [2023-07-21T10:07:56.462+0000] {dagbag.py:541} INFO - Filling up the DagBag from /home/airflow/.local/lib/python3.7/site-packages/airflow/example_dags/example_sla_dag.py
[2023-07-21T10:07:56.475+0000] {processor.py:836} INFO - DAG(s) dict_keys(['example_sla_dag']) retrieved from /home/airflow/.local/lib/python3.7/site-packages/airflow/example_dags/example_sla_dag.py
[2023-07-21T10:07:56.504+0000] {logging_mixin.py:150} INFO - [2023-07-21T10:07:56.504+0000] {dag.py:2742} INFO - Sync 1 DAGs
[2023-07-21T10:07:56.542+0000] {logging_mixin.py:150} INFO - [2023-07-21T10:07:56.542+0000] {dag.py:3508} INFO - Setting next_dagrun for example_sla_dag to 2023-07-21T10:04:00+00:00, run_after=2023-07-21T10:06:00+00:00
[2023-07-21T10:07:56.572+0000] {processor.py:179} INFO - Processing /home/airflow/.local/lib/python3.7/site-packages/airflow/example_dags/example_sla_dag.py took 0.117 seconds
[2023-07-21T10:08:28.901+0000] {processor.py:157} INFO - Started process (PID=1286) to work on /home/airflow/.local/lib/python3.7/site-packages/airflow/example_dags/example_sla_dag.py
[2023-07-21T10:08:28.905+0000] {processor.py:826} INFO - Processing file /home/airflow/.local/lib/python3.7/site-packages/airflow/example_dags/example_sla_dag.py for tasks to queue
[2023-07-21T10:08:28.908+0000] {logging_mixin.py:150} INFO - [2023-07-21T10:08:28.907+0000] {dagbag.py:541} INFO - Filling up the DagBag from /home/airflow/.local/lib/python3.7/site-packages/airflow/example_dags/example_sla_dag.py
[2023-07-21T10:08:28.949+0000] {processor.py:836} INFO - DAG(s) dict_keys(['example_sla_dag']) retrieved from /home/airflow/.local/lib/python3.7/site-packages/airflow/example_dags/example_sla_dag.py
[2023-07-21T10:08:29.065+0000] {logging_mixin.py:150} INFO - [2023-07-21T10:08:29.064+0000] {dag.py:2742} INFO - Sync 1 DAGs
[2023-07-21T10:08:29.177+0000] {logging_mixin.py:150} INFO - [2023-07-21T10:08:29.174+0000] {dag.py:3508} INFO - Setting next_dagrun for example_sla_dag to 2023-07-21T10:06:00+00:00, run_after=2023-07-21T10:08:00+00:00
[2023-07-21T10:08:29.242+0000] {processor.py:179} INFO - Processing /home/airflow/.local/lib/python3.7/site-packages/airflow/example_dags/example_sla_dag.py took 0.358 seconds
[2023-07-21T10:08:59.482+0000] {processor.py:157} INFO - Started process (PID=1347) to work on /home/airflow/.local/lib/python3.7/site-packages/airflow/example_dags/example_sla_dag.py
[2023-07-21T10:08:59.483+0000] {processor.py:826} INFO - Processing file /home/airflow/.local/lib/python3.7/site-packages/airflow/example_dags/example_sla_dag.py for tasks to queue
[2023-07-21T10:08:59.484+0000] {logging_mixin.py:150} INFO - [2023-07-21T10:08:59.484+0000] {dagbag.py:541} INFO - Filling up the DagBag from /home/airflow/.local/lib/python3.7/site-packages/airflow/example_dags/example_sla_dag.py
[2023-07-21T10:08:59.494+0000] {processor.py:836} INFO - DAG(s) dict_keys(['example_sla_dag']) retrieved from /home/airflow/.local/lib/python3.7/site-packages/airflow/example_dags/example_sla_dag.py
[2023-07-21T10:08:59.533+0000] {logging_mixin.py:150} INFO - [2023-07-21T10:08:59.533+0000] {dag.py:2742} INFO - Sync 1 DAGs
[2023-07-21T10:08:59.577+0000] {logging_mixin.py:150} INFO - [2023-07-21T10:08:59.577+0000] {dag.py:3508} INFO - Setting next_dagrun for example_sla_dag to 2023-07-21T10:06:00+00:00, run_after=2023-07-21T10:08:00+00:00
[2023-07-21T10:08:59.610+0000] {processor.py:179} INFO - Processing /home/airflow/.local/lib/python3.7/site-packages/airflow/example_dags/example_sla_dag.py took 0.133 seconds
[2023-07-21T10:09:29.806+0000] {processor.py:157} INFO - Started process (PID=1408) to work on /home/airflow/.local/lib/python3.7/site-packages/airflow/example_dags/example_sla_dag.py
[2023-07-21T10:09:29.807+0000] {processor.py:826} INFO - Processing file /home/airflow/.local/lib/python3.7/site-packages/airflow/example_dags/example_sla_dag.py for tasks to queue
[2023-07-21T10:09:29.808+0000] {logging_mixin.py:150} INFO - [2023-07-21T10:09:29.808+0000] {dagbag.py:541} INFO - Filling up the DagBag from /home/airflow/.local/lib/python3.7/site-packages/airflow/example_dags/example_sla_dag.py
[2023-07-21T10:09:29.817+0000] {processor.py:836} INFO - DAG(s) dict_keys(['example_sla_dag']) retrieved from /home/airflow/.local/lib/python3.7/site-packages/airflow/example_dags/example_sla_dag.py
[2023-07-21T10:09:29.845+0000] {logging_mixin.py:150} INFO - [2023-07-21T10:09:29.845+0000] {dag.py:2742} INFO - Sync 1 DAGs
[2023-07-21T10:09:29.880+0000] {logging_mixin.py:150} INFO - [2023-07-21T10:09:29.879+0000] {dag.py:3508} INFO - Setting next_dagrun for example_sla_dag to 2023-07-21T10:06:00+00:00, run_after=2023-07-21T10:08:00+00:00
[2023-07-21T10:09:29.907+0000] {processor.py:179} INFO - Processing /home/airflow/.local/lib/python3.7/site-packages/airflow/example_dags/example_sla_dag.py took 0.105 seconds
[2023-07-21T10:10:00.259+0000] {processor.py:157} INFO - Started process (PID=1469) to work on /home/airflow/.local/lib/python3.7/site-packages/airflow/example_dags/example_sla_dag.py
[2023-07-21T10:10:00.260+0000] {processor.py:826} INFO - Processing file /home/airflow/.local/lib/python3.7/site-packages/airflow/example_dags/example_sla_dag.py for tasks to queue
[2023-07-21T10:10:00.262+0000] {logging_mixin.py:150} INFO - [2023-07-21T10:10:00.261+0000] {dagbag.py:541} INFO - Filling up the DagBag from /home/airflow/.local/lib/python3.7/site-packages/airflow/example_dags/example_sla_dag.py
[2023-07-21T10:10:00.273+0000] {processor.py:836} INFO - DAG(s) dict_keys(['example_sla_dag']) retrieved from /home/airflow/.local/lib/python3.7/site-packages/airflow/example_dags/example_sla_dag.py
[2023-07-21T10:10:00.301+0000] {logging_mixin.py:150} INFO - [2023-07-21T10:10:00.300+0000] {dag.py:2742} INFO - Sync 1 DAGs
[2023-07-21T10:10:00.334+0000] {logging_mixin.py:150} INFO - [2023-07-21T10:10:00.334+0000] {dag.py:3508} INFO - Setting next_dagrun for example_sla_dag to 2023-07-21T10:08:00+00:00, run_after=2023-07-21T10:10:00+00:00
[2023-07-21T10:10:00.364+0000] {processor.py:179} INFO - Processing /home/airflow/.local/lib/python3.7/site-packages/airflow/example_dags/example_sla_dag.py took 0.109 seconds
[2023-07-21T10:10:30.578+0000] {processor.py:157} INFO - Started process (PID=1530) to work on /home/airflow/.local/lib/python3.7/site-packages/airflow/example_dags/example_sla_dag.py
[2023-07-21T10:10:30.580+0000] {processor.py:826} INFO - Processing file /home/airflow/.local/lib/python3.7/site-packages/airflow/example_dags/example_sla_dag.py for tasks to queue
[2023-07-21T10:10:30.581+0000] {logging_mixin.py:150} INFO - [2023-07-21T10:10:30.581+0000] {dagbag.py:541} INFO - Filling up the DagBag from /home/airflow/.local/lib/python3.7/site-packages/airflow/example_dags/example_sla_dag.py
[2023-07-21T10:10:30.592+0000] {processor.py:836} INFO - DAG(s) dict_keys(['example_sla_dag']) retrieved from /home/airflow/.local/lib/python3.7/site-packages/airflow/example_dags/example_sla_dag.py
[2023-07-21T10:10:30.619+0000] {logging_mixin.py:150} INFO - [2023-07-21T10:10:30.619+0000] {dag.py:2742} INFO - Sync 1 DAGs
[2023-07-21T10:10:30.650+0000] {logging_mixin.py:150} INFO - [2023-07-21T10:10:30.650+0000] {dag.py:3508} INFO - Setting next_dagrun for example_sla_dag to 2023-07-21T10:08:00+00:00, run_after=2023-07-21T10:10:00+00:00
[2023-07-21T10:10:30.671+0000] {processor.py:179} INFO - Processing /home/airflow/.local/lib/python3.7/site-packages/airflow/example_dags/example_sla_dag.py took 0.098 seconds
[2023-07-21T10:11:01.564+0000] {processor.py:157} INFO - Started process (PID=1591) to work on /home/airflow/.local/lib/python3.7/site-packages/airflow/example_dags/example_sla_dag.py
[2023-07-21T10:11:01.566+0000] {processor.py:826} INFO - Processing file /home/airflow/.local/lib/python3.7/site-packages/airflow/example_dags/example_sla_dag.py for tasks to queue
[2023-07-21T10:11:01.568+0000] {logging_mixin.py:150} INFO - [2023-07-21T10:11:01.567+0000] {dagbag.py:541} INFO - Filling up the DagBag from /home/airflow/.local/lib/python3.7/site-packages/airflow/example_dags/example_sla_dag.py
[2023-07-21T10:11:01.582+0000] {processor.py:836} INFO - DAG(s) dict_keys(['example_sla_dag']) retrieved from /home/airflow/.local/lib/python3.7/site-packages/airflow/example_dags/example_sla_dag.py
[2023-07-21T10:11:01.623+0000] {logging_mixin.py:150} INFO - [2023-07-21T10:11:01.622+0000] {dag.py:2742} INFO - Sync 1 DAGs
[2023-07-21T10:11:01.670+0000] {logging_mixin.py:150} INFO - [2023-07-21T10:11:01.669+0000] {dag.py:3508} INFO - Setting next_dagrun for example_sla_dag to 2023-07-21T10:08:00+00:00, run_after=2023-07-21T10:10:00+00:00
[2023-07-21T10:11:01.698+0000] {processor.py:179} INFO - Processing /home/airflow/.local/lib/python3.7/site-packages/airflow/example_dags/example_sla_dag.py took 0.138 seconds
[2023-07-21T10:11:32.460+0000] {processor.py:157} INFO - Started process (PID=1652) to work on /home/airflow/.local/lib/python3.7/site-packages/airflow/example_dags/example_sla_dag.py
[2023-07-21T10:11:32.462+0000] {processor.py:826} INFO - Processing file /home/airflow/.local/lib/python3.7/site-packages/airflow/example_dags/example_sla_dag.py for tasks to queue
[2023-07-21T10:11:32.464+0000] {logging_mixin.py:150} INFO - [2023-07-21T10:11:32.463+0000] {dagbag.py:541} INFO - Filling up the DagBag from /home/airflow/.local/lib/python3.7/site-packages/airflow/example_dags/example_sla_dag.py
[2023-07-21T10:11:32.478+0000] {processor.py:836} INFO - DAG(s) dict_keys(['example_sla_dag']) retrieved from /home/airflow/.local/lib/python3.7/site-packages/airflow/example_dags/example_sla_dag.py
[2023-07-21T10:11:32.509+0000] {logging_mixin.py:150} INFO - [2023-07-21T10:11:32.509+0000] {dag.py:2742} INFO - Sync 1 DAGs
[2023-07-21T10:11:32.553+0000] {logging_mixin.py:150} INFO - [2023-07-21T10:11:32.552+0000] {dag.py:3508} INFO - Setting next_dagrun for example_sla_dag to 2023-07-21T10:08:00+00:00, run_after=2023-07-21T10:10:00+00:00
[2023-07-21T10:11:32.598+0000] {processor.py:179} INFO - Processing /home/airflow/.local/lib/python3.7/site-packages/airflow/example_dags/example_sla_dag.py took 0.145 seconds
[2023-07-21T10:12:03.137+0000] {processor.py:157} INFO - Started process (PID=1713) to work on /home/airflow/.local/lib/python3.7/site-packages/airflow/example_dags/example_sla_dag.py
[2023-07-21T10:12:03.140+0000] {processor.py:826} INFO - Processing file /home/airflow/.local/lib/python3.7/site-packages/airflow/example_dags/example_sla_dag.py for tasks to queue
[2023-07-21T10:12:03.142+0000] {logging_mixin.py:150} INFO - [2023-07-21T10:12:03.141+0000] {dagbag.py:541} INFO - Filling up the DagBag from /home/airflow/.local/lib/python3.7/site-packages/airflow/example_dags/example_sla_dag.py
[2023-07-21T10:12:03.151+0000] {processor.py:836} INFO - DAG(s) dict_keys(['example_sla_dag']) retrieved from /home/airflow/.local/lib/python3.7/site-packages/airflow/example_dags/example_sla_dag.py
[2023-07-21T10:12:03.188+0000] {logging_mixin.py:150} INFO - [2023-07-21T10:12:03.187+0000] {dag.py:2742} INFO - Sync 1 DAGs
[2023-07-21T10:12:03.229+0000] {logging_mixin.py:150} INFO - [2023-07-21T10:12:03.229+0000] {dag.py:3508} INFO - Setting next_dagrun for example_sla_dag to 2023-07-21T10:10:00+00:00, run_after=2023-07-21T10:12:00+00:00
[2023-07-21T10:12:03.258+0000] {processor.py:179} INFO - Processing /home/airflow/.local/lib/python3.7/site-packages/airflow/example_dags/example_sla_dag.py took 0.126 seconds
[2023-07-21T10:12:33.707+0000] {processor.py:157} INFO - Started process (PID=1774) to work on /home/airflow/.local/lib/python3.7/site-packages/airflow/example_dags/example_sla_dag.py
[2023-07-21T10:12:33.709+0000] {processor.py:826} INFO - Processing file /home/airflow/.local/lib/python3.7/site-packages/airflow/example_dags/example_sla_dag.py for tasks to queue
[2023-07-21T10:12:33.710+0000] {logging_mixin.py:150} INFO - [2023-07-21T10:12:33.710+0000] {dagbag.py:541} INFO - Filling up the DagBag from /home/airflow/.local/lib/python3.7/site-packages/airflow/example_dags/example_sla_dag.py
[2023-07-21T10:12:33.724+0000] {processor.py:836} INFO - DAG(s) dict_keys(['example_sla_dag']) retrieved from /home/airflow/.local/lib/python3.7/site-packages/airflow/example_dags/example_sla_dag.py
[2023-07-21T10:12:33.768+0000] {logging_mixin.py:150} INFO - [2023-07-21T10:12:33.768+0000] {dag.py:2742} INFO - Sync 1 DAGs
[2023-07-21T10:12:33.805+0000] {logging_mixin.py:150} INFO - [2023-07-21T10:12:33.804+0000] {dag.py:3508} INFO - Setting next_dagrun for example_sla_dag to 2023-07-21T10:10:00+00:00, run_after=2023-07-21T10:12:00+00:00
[2023-07-21T10:12:33.830+0000] {processor.py:179} INFO - Processing /home/airflow/.local/lib/python3.7/site-packages/airflow/example_dags/example_sla_dag.py took 0.126 seconds
[2023-07-21T10:13:04.178+0000] {processor.py:157} INFO - Started process (PID=1835) to work on /home/airflow/.local/lib/python3.7/site-packages/airflow/example_dags/example_sla_dag.py
[2023-07-21T10:13:04.180+0000] {processor.py:826} INFO - Processing file /home/airflow/.local/lib/python3.7/site-packages/airflow/example_dags/example_sla_dag.py for tasks to queue
[2023-07-21T10:13:04.181+0000] {logging_mixin.py:150} INFO - [2023-07-21T10:13:04.180+0000] {dagbag.py:541} INFO - Filling up the DagBag from /home/airflow/.local/lib/python3.7/site-packages/airflow/example_dags/example_sla_dag.py
[2023-07-21T10:13:04.190+0000] {processor.py:836} INFO - DAG(s) dict_keys(['example_sla_dag']) retrieved from /home/airflow/.local/lib/python3.7/site-packages/airflow/example_dags/example_sla_dag.py
[2023-07-21T10:13:04.214+0000] {logging_mixin.py:150} INFO - [2023-07-21T10:13:04.213+0000] {dag.py:2742} INFO - Sync 1 DAGs
[2023-07-21T10:13:04.240+0000] {logging_mixin.py:150} INFO - [2023-07-21T10:13:04.240+0000] {dag.py:3508} INFO - Setting next_dagrun for example_sla_dag to 2023-07-21T10:10:00+00:00, run_after=2023-07-21T10:12:00+00:00
[2023-07-21T10:13:04.262+0000] {processor.py:179} INFO - Processing /home/airflow/.local/lib/python3.7/site-packages/airflow/example_dags/example_sla_dag.py took 0.087 seconds
[2023-07-21T10:13:35.261+0000] {processor.py:157} INFO - Started process (PID=1896) to work on /home/airflow/.local/lib/python3.7/site-packages/airflow/example_dags/example_sla_dag.py
[2023-07-21T10:13:35.263+0000] {processor.py:826} INFO - Processing file /home/airflow/.local/lib/python3.7/site-packages/airflow/example_dags/example_sla_dag.py for tasks to queue
[2023-07-21T10:13:35.264+0000] {logging_mixin.py:150} INFO - [2023-07-21T10:13:35.264+0000] {dagbag.py:541} INFO - Filling up the DagBag from /home/airflow/.local/lib/python3.7/site-packages/airflow/example_dags/example_sla_dag.py
[2023-07-21T10:13:35.273+0000] {processor.py:836} INFO - DAG(s) dict_keys(['example_sla_dag']) retrieved from /home/airflow/.local/lib/python3.7/site-packages/airflow/example_dags/example_sla_dag.py
[2023-07-21T10:13:35.314+0000] {logging_mixin.py:150} INFO - [2023-07-21T10:13:35.314+0000] {dag.py:2742} INFO - Sync 1 DAGs
[2023-07-21T10:13:35.366+0000] {logging_mixin.py:150} INFO - [2023-07-21T10:13:35.366+0000] {dag.py:3508} INFO - Setting next_dagrun for example_sla_dag to 2023-07-21T10:10:00+00:00, run_after=2023-07-21T10:12:00+00:00
[2023-07-21T10:13:35.404+0000] {processor.py:179} INFO - Processing /home/airflow/.local/lib/python3.7/site-packages/airflow/example_dags/example_sla_dag.py took 0.148 seconds
[2023-07-21T10:14:06.189+0000] {processor.py:157} INFO - Started process (PID=1957) to work on /home/airflow/.local/lib/python3.7/site-packages/airflow/example_dags/example_sla_dag.py
[2023-07-21T10:14:06.191+0000] {processor.py:826} INFO - Processing file /home/airflow/.local/lib/python3.7/site-packages/airflow/example_dags/example_sla_dag.py for tasks to queue
[2023-07-21T10:14:06.193+0000] {logging_mixin.py:150} INFO - [2023-07-21T10:14:06.192+0000] {dagbag.py:541} INFO - Filling up the DagBag from /home/airflow/.local/lib/python3.7/site-packages/airflow/example_dags/example_sla_dag.py
[2023-07-21T10:14:06.204+0000] {processor.py:836} INFO - DAG(s) dict_keys(['example_sla_dag']) retrieved from /home/airflow/.local/lib/python3.7/site-packages/airflow/example_dags/example_sla_dag.py
[2023-07-21T10:14:06.235+0000] {logging_mixin.py:150} INFO - [2023-07-21T10:14:06.235+0000] {dag.py:2742} INFO - Sync 1 DAGs
[2023-07-21T10:14:06.266+0000] {logging_mixin.py:150} INFO - [2023-07-21T10:14:06.266+0000] {dag.py:3508} INFO - Setting next_dagrun for example_sla_dag to 2023-07-21T10:12:00+00:00, run_after=2023-07-21T10:14:00+00:00
[2023-07-21T10:14:06.295+0000] {processor.py:179} INFO - Processing /home/airflow/.local/lib/python3.7/site-packages/airflow/example_dags/example_sla_dag.py took 0.110 seconds
[2023-07-21T10:14:36.652+0000] {processor.py:157} INFO - Started process (PID=2018) to work on /home/airflow/.local/lib/python3.7/site-packages/airflow/example_dags/example_sla_dag.py
[2023-07-21T10:14:36.653+0000] {processor.py:826} INFO - Processing file /home/airflow/.local/lib/python3.7/site-packages/airflow/example_dags/example_sla_dag.py for tasks to queue
[2023-07-21T10:14:36.655+0000] {logging_mixin.py:150} INFO - [2023-07-21T10:14:36.654+0000] {dagbag.py:541} INFO - Filling up the DagBag from /home/airflow/.local/lib/python3.7/site-packages/airflow/example_dags/example_sla_dag.py
[2023-07-21T10:14:36.664+0000] {processor.py:836} INFO - DAG(s) dict_keys(['example_sla_dag']) retrieved from /home/airflow/.local/lib/python3.7/site-packages/airflow/example_dags/example_sla_dag.py
[2023-07-21T10:14:36.688+0000] {logging_mixin.py:150} INFO - [2023-07-21T10:14:36.688+0000] {dag.py:2742} INFO - Sync 1 DAGs
[2023-07-21T10:14:36.716+0000] {logging_mixin.py:150} INFO - [2023-07-21T10:14:36.716+0000] {dag.py:3508} INFO - Setting next_dagrun for example_sla_dag to 2023-07-21T10:12:00+00:00, run_after=2023-07-21T10:14:00+00:00
[2023-07-21T10:14:36.741+0000] {processor.py:179} INFO - Processing /home/airflow/.local/lib/python3.7/site-packages/airflow/example_dags/example_sla_dag.py took 0.093 seconds
