[2023-07-21T09:58:12.398+0000] {processor.py:157} INFO - Started process (PID=58) to work on /home/airflow/.local/lib/python3.7/site-packages/airflow/example_dags/example_branch_operator.py
[2023-07-21T09:58:12.400+0000] {processor.py:826} INFO - Processing file /home/airflow/.local/lib/python3.7/site-packages/airflow/example_dags/example_branch_operator.py for tasks to queue
[2023-07-21T09:58:12.401+0000] {logging_mixin.py:150} INFO - [2023-07-21T09:58:12.401+0000] {dagbag.py:541} INFO - Filling up the DagBag from /home/airflow/.local/lib/python3.7/site-packages/airflow/example_dags/example_branch_operator.py
[2023-07-21T09:58:12.426+0000] {processor.py:836} INFO - DAG(s) dict_keys(['example_branch_operator']) retrieved from /home/airflow/.local/lib/python3.7/site-packages/airflow/example_dags/example_branch_operator.py
[2023-07-21T09:58:12.611+0000] {logging_mixin.py:150} INFO - [2023-07-21T09:58:12.611+0000] {dag.py:2742} INFO - Sync 1 DAGs
[2023-07-21T09:58:12.635+0000] {logging_mixin.py:150} INFO - [2023-07-21T09:58:12.635+0000] {dag.py:3508} INFO - Setting next_dagrun for example_branch_operator to 2023-07-20T00:00:00+00:00, run_after=2023-07-21T00:00:00+00:00
[2023-07-21T09:58:12.663+0000] {processor.py:179} INFO - Processing /home/airflow/.local/lib/python3.7/site-packages/airflow/example_dags/example_branch_operator.py took 0.269 seconds
[2023-07-21T09:58:42.990+0000] {processor.py:157} INFO - Started process (PID=119) to work on /home/airflow/.local/lib/python3.7/site-packages/airflow/example_dags/example_branch_operator.py
[2023-07-21T09:58:42.993+0000] {processor.py:826} INFO - Processing file /home/airflow/.local/lib/python3.7/site-packages/airflow/example_dags/example_branch_operator.py for tasks to queue
[2023-07-21T09:58:42.995+0000] {logging_mixin.py:150} INFO - [2023-07-21T09:58:42.994+0000] {dagbag.py:541} INFO - Filling up the DagBag from /home/airflow/.local/lib/python3.7/site-packages/airflow/example_dags/example_branch_operator.py
[2023-07-21T09:58:43.017+0000] {processor.py:836} INFO - DAG(s) dict_keys(['example_branch_operator']) retrieved from /home/airflow/.local/lib/python3.7/site-packages/airflow/example_dags/example_branch_operator.py
[2023-07-21T09:58:43.040+0000] {logging_mixin.py:150} INFO - [2023-07-21T09:58:43.039+0000] {dag.py:2742} INFO - Sync 1 DAGs
[2023-07-21T09:58:43.118+0000] {logging_mixin.py:150} INFO - [2023-07-21T09:58:43.116+0000] {dag.py:3508} INFO - Setting next_dagrun for example_branch_operator to 2023-07-20T00:00:00+00:00, run_after=2023-07-21T00:00:00+00:00
[2023-07-21T09:58:43.169+0000] {processor.py:179} INFO - Processing /home/airflow/.local/lib/python3.7/site-packages/airflow/example_dags/example_branch_operator.py took 0.184 seconds
[2023-07-21T09:59:14.167+0000] {processor.py:157} INFO - Started process (PID=180) to work on /home/airflow/.local/lib/python3.7/site-packages/airflow/example_dags/example_branch_operator.py
[2023-07-21T09:59:14.172+0000] {processor.py:826} INFO - Processing file /home/airflow/.local/lib/python3.7/site-packages/airflow/example_dags/example_branch_operator.py for tasks to queue
[2023-07-21T09:59:14.175+0000] {logging_mixin.py:150} INFO - [2023-07-21T09:59:14.175+0000] {dagbag.py:541} INFO - Filling up the DagBag from /home/airflow/.local/lib/python3.7/site-packages/airflow/example_dags/example_branch_operator.py
[2023-07-21T09:59:14.227+0000] {processor.py:836} INFO - DAG(s) dict_keys(['example_branch_operator']) retrieved from /home/airflow/.local/lib/python3.7/site-packages/airflow/example_dags/example_branch_operator.py
[2023-07-21T09:59:14.318+0000] {logging_mixin.py:150} INFO - [2023-07-21T09:59:14.317+0000] {dag.py:2742} INFO - Sync 1 DAGs
[2023-07-21T09:59:14.425+0000] {logging_mixin.py:150} INFO - [2023-07-21T09:59:14.425+0000] {dag.py:3508} INFO - Setting next_dagrun for example_branch_operator to 2023-07-20T00:00:00+00:00, run_after=2023-07-21T00:00:00+00:00
[2023-07-21T09:59:14.491+0000] {processor.py:179} INFO - Processing /home/airflow/.local/lib/python3.7/site-packages/airflow/example_dags/example_branch_operator.py took 0.339 seconds
[2023-07-21T09:59:45.480+0000] {processor.py:157} INFO - Started process (PID=241) to work on /home/airflow/.local/lib/python3.7/site-packages/airflow/example_dags/example_branch_operator.py
[2023-07-21T09:59:45.483+0000] {processor.py:826} INFO - Processing file /home/airflow/.local/lib/python3.7/site-packages/airflow/example_dags/example_branch_operator.py for tasks to queue
[2023-07-21T09:59:45.486+0000] {logging_mixin.py:150} INFO - [2023-07-21T09:59:45.485+0000] {dagbag.py:541} INFO - Filling up the DagBag from /home/airflow/.local/lib/python3.7/site-packages/airflow/example_dags/example_branch_operator.py
[2023-07-21T09:59:45.502+0000] {processor.py:836} INFO - DAG(s) dict_keys(['example_branch_operator']) retrieved from /home/airflow/.local/lib/python3.7/site-packages/airflow/example_dags/example_branch_operator.py
[2023-07-21T09:59:45.537+0000] {logging_mixin.py:150} INFO - [2023-07-21T09:59:45.536+0000] {dag.py:2742} INFO - Sync 1 DAGs
[2023-07-21T09:59:45.571+0000] {logging_mixin.py:150} INFO - [2023-07-21T09:59:45.571+0000] {dag.py:3508} INFO - Setting next_dagrun for example_branch_operator to 2023-07-20T00:00:00+00:00, run_after=2023-07-21T00:00:00+00:00
[2023-07-21T09:59:45.599+0000] {processor.py:179} INFO - Processing /home/airflow/.local/lib/python3.7/site-packages/airflow/example_dags/example_branch_operator.py took 0.127 seconds
[2023-07-21T10:00:15.822+0000] {processor.py:157} INFO - Started process (PID=302) to work on /home/airflow/.local/lib/python3.7/site-packages/airflow/example_dags/example_branch_operator.py
[2023-07-21T10:00:15.824+0000] {processor.py:826} INFO - Processing file /home/airflow/.local/lib/python3.7/site-packages/airflow/example_dags/example_branch_operator.py for tasks to queue
[2023-07-21T10:00:15.826+0000] {logging_mixin.py:150} INFO - [2023-07-21T10:00:15.825+0000] {dagbag.py:541} INFO - Filling up the DagBag from /home/airflow/.local/lib/python3.7/site-packages/airflow/example_dags/example_branch_operator.py
[2023-07-21T10:00:15.839+0000] {processor.py:836} INFO - DAG(s) dict_keys(['example_branch_operator']) retrieved from /home/airflow/.local/lib/python3.7/site-packages/airflow/example_dags/example_branch_operator.py
[2023-07-21T10:00:15.873+0000] {logging_mixin.py:150} INFO - [2023-07-21T10:00:15.873+0000] {dag.py:2742} INFO - Sync 1 DAGs
[2023-07-21T10:00:15.899+0000] {logging_mixin.py:150} INFO - [2023-07-21T10:00:15.898+0000] {dag.py:3508} INFO - Setting next_dagrun for example_branch_operator to 2023-07-20T00:00:00+00:00, run_after=2023-07-21T00:00:00+00:00
[2023-07-21T10:00:15.923+0000] {processor.py:179} INFO - Processing /home/airflow/.local/lib/python3.7/site-packages/airflow/example_dags/example_branch_operator.py took 0.105 seconds
[2023-07-21T10:00:46.556+0000] {processor.py:157} INFO - Started process (PID=363) to work on /home/airflow/.local/lib/python3.7/site-packages/airflow/example_dags/example_branch_operator.py
[2023-07-21T10:00:46.558+0000] {processor.py:826} INFO - Processing file /home/airflow/.local/lib/python3.7/site-packages/airflow/example_dags/example_branch_operator.py for tasks to queue
[2023-07-21T10:00:46.560+0000] {logging_mixin.py:150} INFO - [2023-07-21T10:00:46.560+0000] {dagbag.py:541} INFO - Filling up the DagBag from /home/airflow/.local/lib/python3.7/site-packages/airflow/example_dags/example_branch_operator.py
[2023-07-21T10:00:46.578+0000] {processor.py:836} INFO - DAG(s) dict_keys(['example_branch_operator']) retrieved from /home/airflow/.local/lib/python3.7/site-packages/airflow/example_dags/example_branch_operator.py
[2023-07-21T10:00:46.634+0000] {logging_mixin.py:150} INFO - [2023-07-21T10:00:46.634+0000] {dag.py:2742} INFO - Sync 1 DAGs
[2023-07-21T10:00:46.680+0000] {logging_mixin.py:150} INFO - [2023-07-21T10:00:46.679+0000] {dag.py:3508} INFO - Setting next_dagrun for example_branch_operator to 2023-07-20T00:00:00+00:00, run_after=2023-07-21T00:00:00+00:00
[2023-07-21T10:00:46.710+0000] {processor.py:179} INFO - Processing /home/airflow/.local/lib/python3.7/site-packages/airflow/example_dags/example_branch_operator.py took 0.158 seconds
[2023-07-21T10:01:17.001+0000] {processor.py:157} INFO - Started process (PID=424) to work on /home/airflow/.local/lib/python3.7/site-packages/airflow/example_dags/example_branch_operator.py
[2023-07-21T10:01:17.003+0000] {processor.py:826} INFO - Processing file /home/airflow/.local/lib/python3.7/site-packages/airflow/example_dags/example_branch_operator.py for tasks to queue
[2023-07-21T10:01:17.005+0000] {logging_mixin.py:150} INFO - [2023-07-21T10:01:17.004+0000] {dagbag.py:541} INFO - Filling up the DagBag from /home/airflow/.local/lib/python3.7/site-packages/airflow/example_dags/example_branch_operator.py
[2023-07-21T10:01:17.026+0000] {processor.py:836} INFO - DAG(s) dict_keys(['example_branch_operator']) retrieved from /home/airflow/.local/lib/python3.7/site-packages/airflow/example_dags/example_branch_operator.py
[2023-07-21T10:01:17.071+0000] {logging_mixin.py:150} INFO - [2023-07-21T10:01:17.071+0000] {dag.py:2742} INFO - Sync 1 DAGs
[2023-07-21T10:01:17.119+0000] {logging_mixin.py:150} INFO - [2023-07-21T10:01:17.118+0000] {dag.py:3508} INFO - Setting next_dagrun for example_branch_operator to 2023-07-20T00:00:00+00:00, run_after=2023-07-21T00:00:00+00:00
[2023-07-21T10:01:17.158+0000] {processor.py:179} INFO - Processing /home/airflow/.local/lib/python3.7/site-packages/airflow/example_dags/example_branch_operator.py took 0.161 seconds
[2023-07-21T10:01:48.231+0000] {processor.py:157} INFO - Started process (PID=485) to work on /home/airflow/.local/lib/python3.7/site-packages/airflow/example_dags/example_branch_operator.py
[2023-07-21T10:01:48.233+0000] {processor.py:826} INFO - Processing file /home/airflow/.local/lib/python3.7/site-packages/airflow/example_dags/example_branch_operator.py for tasks to queue
[2023-07-21T10:01:48.239+0000] {logging_mixin.py:150} INFO - [2023-07-21T10:01:48.238+0000] {dagbag.py:541} INFO - Filling up the DagBag from /home/airflow/.local/lib/python3.7/site-packages/airflow/example_dags/example_branch_operator.py
[2023-07-21T10:01:48.267+0000] {processor.py:836} INFO - DAG(s) dict_keys(['example_branch_operator']) retrieved from /home/airflow/.local/lib/python3.7/site-packages/airflow/example_dags/example_branch_operator.py
[2023-07-21T10:01:48.335+0000] {logging_mixin.py:150} INFO - [2023-07-21T10:01:48.335+0000] {dag.py:2742} INFO - Sync 1 DAGs
[2023-07-21T10:01:48.403+0000] {logging_mixin.py:150} INFO - [2023-07-21T10:01:48.403+0000] {dag.py:3508} INFO - Setting next_dagrun for example_branch_operator to 2023-07-20T00:00:00+00:00, run_after=2023-07-21T00:00:00+00:00
[2023-07-21T10:01:48.464+0000] {processor.py:179} INFO - Processing /home/airflow/.local/lib/python3.7/site-packages/airflow/example_dags/example_branch_operator.py took 0.239 seconds
[2023-07-21T10:02:19.148+0000] {processor.py:157} INFO - Started process (PID=547) to work on /home/airflow/.local/lib/python3.7/site-packages/airflow/example_dags/example_branch_operator.py
[2023-07-21T10:02:19.149+0000] {processor.py:826} INFO - Processing file /home/airflow/.local/lib/python3.7/site-packages/airflow/example_dags/example_branch_operator.py for tasks to queue
[2023-07-21T10:02:19.150+0000] {logging_mixin.py:150} INFO - [2023-07-21T10:02:19.150+0000] {dagbag.py:541} INFO - Filling up the DagBag from /home/airflow/.local/lib/python3.7/site-packages/airflow/example_dags/example_branch_operator.py
[2023-07-21T10:02:19.161+0000] {processor.py:836} INFO - DAG(s) dict_keys(['example_branch_operator']) retrieved from /home/airflow/.local/lib/python3.7/site-packages/airflow/example_dags/example_branch_operator.py
[2023-07-21T10:02:19.191+0000] {logging_mixin.py:150} INFO - [2023-07-21T10:02:19.191+0000] {dag.py:2742} INFO - Sync 1 DAGs
[2023-07-21T10:02:19.218+0000] {logging_mixin.py:150} INFO - [2023-07-21T10:02:19.218+0000] {dag.py:3508} INFO - Setting next_dagrun for example_branch_operator to 2023-07-20T00:00:00+00:00, run_after=2023-07-21T00:00:00+00:00
[2023-07-21T10:02:19.239+0000] {processor.py:179} INFO - Processing /home/airflow/.local/lib/python3.7/site-packages/airflow/example_dags/example_branch_operator.py took 0.095 seconds
[2023-07-21T10:02:50.277+0000] {processor.py:157} INFO - Started process (PID=608) to work on /home/airflow/.local/lib/python3.7/site-packages/airflow/example_dags/example_branch_operator.py
[2023-07-21T10:02:50.279+0000] {processor.py:826} INFO - Processing file /home/airflow/.local/lib/python3.7/site-packages/airflow/example_dags/example_branch_operator.py for tasks to queue
[2023-07-21T10:02:50.280+0000] {logging_mixin.py:150} INFO - [2023-07-21T10:02:50.280+0000] {dagbag.py:541} INFO - Filling up the DagBag from /home/airflow/.local/lib/python3.7/site-packages/airflow/example_dags/example_branch_operator.py
[2023-07-21T10:02:50.291+0000] {processor.py:836} INFO - DAG(s) dict_keys(['example_branch_operator']) retrieved from /home/airflow/.local/lib/python3.7/site-packages/airflow/example_dags/example_branch_operator.py
[2023-07-21T10:02:50.304+0000] {logging_mixin.py:150} INFO - [2023-07-21T10:02:50.304+0000] {dag.py:2742} INFO - Sync 1 DAGs
[2023-07-21T10:02:50.339+0000] {logging_mixin.py:150} INFO - [2023-07-21T10:02:50.339+0000] {dag.py:3508} INFO - Setting next_dagrun for example_branch_operator to 2023-07-20T00:00:00+00:00, run_after=2023-07-21T00:00:00+00:00
[2023-07-21T10:02:50.365+0000] {processor.py:179} INFO - Processing /home/airflow/.local/lib/python3.7/site-packages/airflow/example_dags/example_branch_operator.py took 0.091 seconds
[2023-07-21T10:03:20.863+0000] {processor.py:157} INFO - Started process (PID=669) to work on /home/airflow/.local/lib/python3.7/site-packages/airflow/example_dags/example_branch_operator.py
[2023-07-21T10:03:20.865+0000] {processor.py:826} INFO - Processing file /home/airflow/.local/lib/python3.7/site-packages/airflow/example_dags/example_branch_operator.py for tasks to queue
[2023-07-21T10:03:20.866+0000] {logging_mixin.py:150} INFO - [2023-07-21T10:03:20.866+0000] {dagbag.py:541} INFO - Filling up the DagBag from /home/airflow/.local/lib/python3.7/site-packages/airflow/example_dags/example_branch_operator.py
[2023-07-21T10:03:20.879+0000] {processor.py:836} INFO - DAG(s) dict_keys(['example_branch_operator']) retrieved from /home/airflow/.local/lib/python3.7/site-packages/airflow/example_dags/example_branch_operator.py
[2023-07-21T10:03:20.915+0000] {logging_mixin.py:150} INFO - [2023-07-21T10:03:20.915+0000] {dag.py:2742} INFO - Sync 1 DAGs
[2023-07-21T10:03:20.951+0000] {logging_mixin.py:150} INFO - [2023-07-21T10:03:20.950+0000] {dag.py:3508} INFO - Setting next_dagrun for example_branch_operator to 2023-07-20T00:00:00+00:00, run_after=2023-07-21T00:00:00+00:00
[2023-07-21T10:03:20.975+0000] {processor.py:179} INFO - Processing /home/airflow/.local/lib/python3.7/site-packages/airflow/example_dags/example_branch_operator.py took 0.115 seconds
[2023-07-21T10:03:51.103+0000] {processor.py:157} INFO - Started process (PID=730) to work on /home/airflow/.local/lib/python3.7/site-packages/airflow/example_dags/example_branch_operator.py
[2023-07-21T10:03:51.104+0000] {processor.py:826} INFO - Processing file /home/airflow/.local/lib/python3.7/site-packages/airflow/example_dags/example_branch_operator.py for tasks to queue
[2023-07-21T10:03:51.106+0000] {logging_mixin.py:150} INFO - [2023-07-21T10:03:51.105+0000] {dagbag.py:541} INFO - Filling up the DagBag from /home/airflow/.local/lib/python3.7/site-packages/airflow/example_dags/example_branch_operator.py
[2023-07-21T10:03:51.115+0000] {processor.py:836} INFO - DAG(s) dict_keys(['example_branch_operator']) retrieved from /home/airflow/.local/lib/python3.7/site-packages/airflow/example_dags/example_branch_operator.py
[2023-07-21T10:03:51.144+0000] {logging_mixin.py:150} INFO - [2023-07-21T10:03:51.144+0000] {dag.py:2742} INFO - Sync 1 DAGs
[2023-07-21T10:03:51.170+0000] {logging_mixin.py:150} INFO - [2023-07-21T10:03:51.170+0000] {dag.py:3508} INFO - Setting next_dagrun for example_branch_operator to 2023-07-20T00:00:00+00:00, run_after=2023-07-21T00:00:00+00:00
[2023-07-21T10:03:51.192+0000] {processor.py:179} INFO - Processing /home/airflow/.local/lib/python3.7/site-packages/airflow/example_dags/example_branch_operator.py took 0.093 seconds
[2023-07-21T10:04:21.858+0000] {processor.py:157} INFO - Started process (PID=791) to work on /home/airflow/.local/lib/python3.7/site-packages/airflow/example_dags/example_branch_operator.py
[2023-07-21T10:04:21.860+0000] {processor.py:826} INFO - Processing file /home/airflow/.local/lib/python3.7/site-packages/airflow/example_dags/example_branch_operator.py for tasks to queue
[2023-07-21T10:04:21.861+0000] {logging_mixin.py:150} INFO - [2023-07-21T10:04:21.861+0000] {dagbag.py:541} INFO - Filling up the DagBag from /home/airflow/.local/lib/python3.7/site-packages/airflow/example_dags/example_branch_operator.py
[2023-07-21T10:04:21.872+0000] {processor.py:836} INFO - DAG(s) dict_keys(['example_branch_operator']) retrieved from /home/airflow/.local/lib/python3.7/site-packages/airflow/example_dags/example_branch_operator.py
[2023-07-21T10:04:21.927+0000] {logging_mixin.py:150} INFO - [2023-07-21T10:04:21.927+0000] {dag.py:2742} INFO - Sync 1 DAGs
[2023-07-21T10:04:21.956+0000] {logging_mixin.py:150} INFO - [2023-07-21T10:04:21.956+0000] {dag.py:3508} INFO - Setting next_dagrun for example_branch_operator to 2023-07-20T00:00:00+00:00, run_after=2023-07-21T00:00:00+00:00
[2023-07-21T10:04:21.982+0000] {processor.py:179} INFO - Processing /home/airflow/.local/lib/python3.7/site-packages/airflow/example_dags/example_branch_operator.py took 0.127 seconds
[2023-07-21T10:04:52.067+0000] {processor.py:157} INFO - Started process (PID=852) to work on /home/airflow/.local/lib/python3.7/site-packages/airflow/example_dags/example_branch_operator.py
[2023-07-21T10:04:52.068+0000] {processor.py:826} INFO - Processing file /home/airflow/.local/lib/python3.7/site-packages/airflow/example_dags/example_branch_operator.py for tasks to queue
[2023-07-21T10:04:52.069+0000] {logging_mixin.py:150} INFO - [2023-07-21T10:04:52.069+0000] {dagbag.py:541} INFO - Filling up the DagBag from /home/airflow/.local/lib/python3.7/site-packages/airflow/example_dags/example_branch_operator.py
[2023-07-21T10:04:52.077+0000] {processor.py:836} INFO - DAG(s) dict_keys(['example_branch_operator']) retrieved from /home/airflow/.local/lib/python3.7/site-packages/airflow/example_dags/example_branch_operator.py
[2023-07-21T10:04:52.105+0000] {logging_mixin.py:150} INFO - [2023-07-21T10:04:52.105+0000] {dag.py:2742} INFO - Sync 1 DAGs
[2023-07-21T10:04:52.134+0000] {logging_mixin.py:150} INFO - [2023-07-21T10:04:52.134+0000] {dag.py:3508} INFO - Setting next_dagrun for example_branch_operator to 2023-07-20T00:00:00+00:00, run_after=2023-07-21T00:00:00+00:00
[2023-07-21T10:04:52.157+0000] {processor.py:179} INFO - Processing /home/airflow/.local/lib/python3.7/site-packages/airflow/example_dags/example_branch_operator.py took 0.094 seconds
[2023-07-21T10:05:22.796+0000] {processor.py:157} INFO - Started process (PID=913) to work on /home/airflow/.local/lib/python3.7/site-packages/airflow/example_dags/example_branch_operator.py
[2023-07-21T10:05:22.798+0000] {processor.py:826} INFO - Processing file /home/airflow/.local/lib/python3.7/site-packages/airflow/example_dags/example_branch_operator.py for tasks to queue
[2023-07-21T10:05:22.799+0000] {logging_mixin.py:150} INFO - [2023-07-21T10:05:22.799+0000] {dagbag.py:541} INFO - Filling up the DagBag from /home/airflow/.local/lib/python3.7/site-packages/airflow/example_dags/example_branch_operator.py
[2023-07-21T10:05:22.809+0000] {processor.py:836} INFO - DAG(s) dict_keys(['example_branch_operator']) retrieved from /home/airflow/.local/lib/python3.7/site-packages/airflow/example_dags/example_branch_operator.py
[2023-07-21T10:05:22.839+0000] {logging_mixin.py:150} INFO - [2023-07-21T10:05:22.838+0000] {dag.py:2742} INFO - Sync 1 DAGs
[2023-07-21T10:05:22.871+0000] {logging_mixin.py:150} INFO - [2023-07-21T10:05:22.871+0000] {dag.py:3508} INFO - Setting next_dagrun for example_branch_operator to 2023-07-20T00:00:00+00:00, run_after=2023-07-21T00:00:00+00:00
[2023-07-21T10:05:22.898+0000] {processor.py:179} INFO - Processing /home/airflow/.local/lib/python3.7/site-packages/airflow/example_dags/example_branch_operator.py took 0.105 seconds
[2023-07-21T10:05:53.465+0000] {processor.py:157} INFO - Started process (PID=974) to work on /home/airflow/.local/lib/python3.7/site-packages/airflow/example_dags/example_branch_operator.py
[2023-07-21T10:05:53.467+0000] {processor.py:826} INFO - Processing file /home/airflow/.local/lib/python3.7/site-packages/airflow/example_dags/example_branch_operator.py for tasks to queue
[2023-07-21T10:05:53.468+0000] {logging_mixin.py:150} INFO - [2023-07-21T10:05:53.468+0000] {dagbag.py:541} INFO - Filling up the DagBag from /home/airflow/.local/lib/python3.7/site-packages/airflow/example_dags/example_branch_operator.py
[2023-07-21T10:05:53.479+0000] {processor.py:836} INFO - DAG(s) dict_keys(['example_branch_operator']) retrieved from /home/airflow/.local/lib/python3.7/site-packages/airflow/example_dags/example_branch_operator.py
[2023-07-21T10:05:53.512+0000] {logging_mixin.py:150} INFO - [2023-07-21T10:05:53.511+0000] {dag.py:2742} INFO - Sync 1 DAGs
[2023-07-21T10:05:53.545+0000] {logging_mixin.py:150} INFO - [2023-07-21T10:05:53.545+0000] {dag.py:3508} INFO - Setting next_dagrun for example_branch_operator to 2023-07-20T00:00:00+00:00, run_after=2023-07-21T00:00:00+00:00
[2023-07-21T10:05:53.572+0000] {processor.py:179} INFO - Processing /home/airflow/.local/lib/python3.7/site-packages/airflow/example_dags/example_branch_operator.py took 0.111 seconds
[2023-07-21T10:06:23.676+0000] {processor.py:157} INFO - Started process (PID=1035) to work on /home/airflow/.local/lib/python3.7/site-packages/airflow/example_dags/example_branch_operator.py
[2023-07-21T10:06:23.677+0000] {processor.py:826} INFO - Processing file /home/airflow/.local/lib/python3.7/site-packages/airflow/example_dags/example_branch_operator.py for tasks to queue
[2023-07-21T10:06:23.678+0000] {logging_mixin.py:150} INFO - [2023-07-21T10:06:23.678+0000] {dagbag.py:541} INFO - Filling up the DagBag from /home/airflow/.local/lib/python3.7/site-packages/airflow/example_dags/example_branch_operator.py
[2023-07-21T10:06:23.693+0000] {processor.py:836} INFO - DAG(s) dict_keys(['example_branch_operator']) retrieved from /home/airflow/.local/lib/python3.7/site-packages/airflow/example_dags/example_branch_operator.py
[2023-07-21T10:06:23.724+0000] {logging_mixin.py:150} INFO - [2023-07-21T10:06:23.724+0000] {dag.py:2742} INFO - Sync 1 DAGs
[2023-07-21T10:06:23.762+0000] {logging_mixin.py:150} INFO - [2023-07-21T10:06:23.762+0000] {dag.py:3508} INFO - Setting next_dagrun for example_branch_operator to 2023-07-20T00:00:00+00:00, run_after=2023-07-21T00:00:00+00:00
[2023-07-21T10:06:23.790+0000] {processor.py:179} INFO - Processing /home/airflow/.local/lib/python3.7/site-packages/airflow/example_dags/example_branch_operator.py took 0.118 seconds
[2023-07-21T10:06:54.894+0000] {processor.py:157} INFO - Started process (PID=1096) to work on /home/airflow/.local/lib/python3.7/site-packages/airflow/example_dags/example_branch_operator.py
[2023-07-21T10:06:54.895+0000] {processor.py:826} INFO - Processing file /home/airflow/.local/lib/python3.7/site-packages/airflow/example_dags/example_branch_operator.py for tasks to queue
[2023-07-21T10:06:54.896+0000] {logging_mixin.py:150} INFO - [2023-07-21T10:06:54.896+0000] {dagbag.py:541} INFO - Filling up the DagBag from /home/airflow/.local/lib/python3.7/site-packages/airflow/example_dags/example_branch_operator.py
[2023-07-21T10:06:54.908+0000] {processor.py:836} INFO - DAG(s) dict_keys(['example_branch_operator']) retrieved from /home/airflow/.local/lib/python3.7/site-packages/airflow/example_dags/example_branch_operator.py
[2023-07-21T10:06:54.949+0000] {logging_mixin.py:150} INFO - [2023-07-21T10:06:54.949+0000] {dag.py:2742} INFO - Sync 1 DAGs
[2023-07-21T10:06:54.989+0000] {logging_mixin.py:150} INFO - [2023-07-21T10:06:54.989+0000] {dag.py:3508} INFO - Setting next_dagrun for example_branch_operator to 2023-07-20T00:00:00+00:00, run_after=2023-07-21T00:00:00+00:00
[2023-07-21T10:06:55.014+0000] {processor.py:179} INFO - Processing /home/airflow/.local/lib/python3.7/site-packages/airflow/example_dags/example_branch_operator.py took 0.127 seconds
[2023-07-21T10:07:26.059+0000] {processor.py:157} INFO - Started process (PID=1157) to work on /home/airflow/.local/lib/python3.7/site-packages/airflow/example_dags/example_branch_operator.py
[2023-07-21T10:07:26.061+0000] {processor.py:826} INFO - Processing file /home/airflow/.local/lib/python3.7/site-packages/airflow/example_dags/example_branch_operator.py for tasks to queue
[2023-07-21T10:07:26.063+0000] {logging_mixin.py:150} INFO - [2023-07-21T10:07:26.062+0000] {dagbag.py:541} INFO - Filling up the DagBag from /home/airflow/.local/lib/python3.7/site-packages/airflow/example_dags/example_branch_operator.py
[2023-07-21T10:07:26.076+0000] {processor.py:836} INFO - DAG(s) dict_keys(['example_branch_operator']) retrieved from /home/airflow/.local/lib/python3.7/site-packages/airflow/example_dags/example_branch_operator.py
[2023-07-21T10:07:26.116+0000] {logging_mixin.py:150} INFO - [2023-07-21T10:07:26.115+0000] {dag.py:2742} INFO - Sync 1 DAGs
[2023-07-21T10:07:26.164+0000] {logging_mixin.py:150} INFO - [2023-07-21T10:07:26.164+0000] {dag.py:3508} INFO - Setting next_dagrun for example_branch_operator to 2023-07-20T00:00:00+00:00, run_after=2023-07-21T00:00:00+00:00
[2023-07-21T10:07:26.206+0000] {processor.py:179} INFO - Processing /home/airflow/.local/lib/python3.7/site-packages/airflow/example_dags/example_branch_operator.py took 0.151 seconds
[2023-07-21T10:07:56.614+0000] {processor.py:157} INFO - Started process (PID=1218) to work on /home/airflow/.local/lib/python3.7/site-packages/airflow/example_dags/example_branch_operator.py
[2023-07-21T10:07:56.616+0000] {processor.py:826} INFO - Processing file /home/airflow/.local/lib/python3.7/site-packages/airflow/example_dags/example_branch_operator.py for tasks to queue
[2023-07-21T10:07:56.617+0000] {logging_mixin.py:150} INFO - [2023-07-21T10:07:56.617+0000] {dagbag.py:541} INFO - Filling up the DagBag from /home/airflow/.local/lib/python3.7/site-packages/airflow/example_dags/example_branch_operator.py
[2023-07-21T10:07:56.633+0000] {processor.py:836} INFO - DAG(s) dict_keys(['example_branch_operator']) retrieved from /home/airflow/.local/lib/python3.7/site-packages/airflow/example_dags/example_branch_operator.py
[2023-07-21T10:07:56.673+0000] {logging_mixin.py:150} INFO - [2023-07-21T10:07:56.673+0000] {dag.py:2742} INFO - Sync 1 DAGs
[2023-07-21T10:07:56.717+0000] {logging_mixin.py:150} INFO - [2023-07-21T10:07:56.717+0000] {dag.py:3508} INFO - Setting next_dagrun for example_branch_operator to 2023-07-20T00:00:00+00:00, run_after=2023-07-21T00:00:00+00:00
[2023-07-21T10:07:56.747+0000] {processor.py:179} INFO - Processing /home/airflow/.local/lib/python3.7/site-packages/airflow/example_dags/example_branch_operator.py took 0.138 seconds
[2023-07-21T10:08:29.305+0000] {processor.py:157} INFO - Started process (PID=1287) to work on /home/airflow/.local/lib/python3.7/site-packages/airflow/example_dags/example_branch_operator.py
[2023-07-21T10:08:29.308+0000] {processor.py:826} INFO - Processing file /home/airflow/.local/lib/python3.7/site-packages/airflow/example_dags/example_branch_operator.py for tasks to queue
[2023-07-21T10:08:29.312+0000] {logging_mixin.py:150} INFO - [2023-07-21T10:08:29.311+0000] {dagbag.py:541} INFO - Filling up the DagBag from /home/airflow/.local/lib/python3.7/site-packages/airflow/example_dags/example_branch_operator.py
[2023-07-21T10:08:29.335+0000] {processor.py:836} INFO - DAG(s) dict_keys(['example_branch_operator']) retrieved from /home/airflow/.local/lib/python3.7/site-packages/airflow/example_dags/example_branch_operator.py
[2023-07-21T10:08:29.407+0000] {logging_mixin.py:150} INFO - [2023-07-21T10:08:29.406+0000] {dag.py:2742} INFO - Sync 1 DAGs
[2023-07-21T10:08:29.475+0000] {logging_mixin.py:150} INFO - [2023-07-21T10:08:29.474+0000] {dag.py:3508} INFO - Setting next_dagrun for example_branch_operator to 2023-07-20T00:00:00+00:00, run_after=2023-07-21T00:00:00+00:00
[2023-07-21T10:08:29.540+0000] {processor.py:179} INFO - Processing /home/airflow/.local/lib/python3.7/site-packages/airflow/example_dags/example_branch_operator.py took 0.243 seconds
[2023-07-21T10:08:59.663+0000] {processor.py:157} INFO - Started process (PID=1348) to work on /home/airflow/.local/lib/python3.7/site-packages/airflow/example_dags/example_branch_operator.py
[2023-07-21T10:08:59.665+0000] {processor.py:826} INFO - Processing file /home/airflow/.local/lib/python3.7/site-packages/airflow/example_dags/example_branch_operator.py for tasks to queue
[2023-07-21T10:08:59.674+0000] {logging_mixin.py:150} INFO - [2023-07-21T10:08:59.673+0000] {dagbag.py:541} INFO - Filling up the DagBag from /home/airflow/.local/lib/python3.7/site-packages/airflow/example_dags/example_branch_operator.py
[2023-07-21T10:08:59.697+0000] {processor.py:836} INFO - DAG(s) dict_keys(['example_branch_operator']) retrieved from /home/airflow/.local/lib/python3.7/site-packages/airflow/example_dags/example_branch_operator.py
[2023-07-21T10:08:59.736+0000] {logging_mixin.py:150} INFO - [2023-07-21T10:08:59.735+0000] {dag.py:2742} INFO - Sync 1 DAGs
[2023-07-21T10:08:59.769+0000] {logging_mixin.py:150} INFO - [2023-07-21T10:08:59.769+0000] {dag.py:3508} INFO - Setting next_dagrun for example_branch_operator to 2023-07-20T00:00:00+00:00, run_after=2023-07-21T00:00:00+00:00
[2023-07-21T10:08:59.799+0000] {processor.py:179} INFO - Processing /home/airflow/.local/lib/python3.7/site-packages/airflow/example_dags/example_branch_operator.py took 0.141 seconds
[2023-07-21T10:09:29.827+0000] {processor.py:157} INFO - Started process (PID=1409) to work on /home/airflow/.local/lib/python3.7/site-packages/airflow/example_dags/example_branch_operator.py
[2023-07-21T10:09:29.828+0000] {processor.py:826} INFO - Processing file /home/airflow/.local/lib/python3.7/site-packages/airflow/example_dags/example_branch_operator.py for tasks to queue
[2023-07-21T10:09:29.829+0000] {logging_mixin.py:150} INFO - [2023-07-21T10:09:29.829+0000] {dagbag.py:541} INFO - Filling up the DagBag from /home/airflow/.local/lib/python3.7/site-packages/airflow/example_dags/example_branch_operator.py
[2023-07-21T10:09:29.839+0000] {processor.py:836} INFO - DAG(s) dict_keys(['example_branch_operator']) retrieved from /home/airflow/.local/lib/python3.7/site-packages/airflow/example_dags/example_branch_operator.py
[2023-07-21T10:09:29.871+0000] {logging_mixin.py:150} INFO - [2023-07-21T10:09:29.870+0000] {dag.py:2742} INFO - Sync 1 DAGs
[2023-07-21T10:09:29.909+0000] {logging_mixin.py:150} INFO - [2023-07-21T10:09:29.909+0000] {dag.py:3508} INFO - Setting next_dagrun for example_branch_operator to 2023-07-20T00:00:00+00:00, run_after=2023-07-21T00:00:00+00:00
[2023-07-21T10:09:29.932+0000] {processor.py:179} INFO - Processing /home/airflow/.local/lib/python3.7/site-packages/airflow/example_dags/example_branch_operator.py took 0.108 seconds
[2023-07-21T10:10:00.373+0000] {processor.py:157} INFO - Started process (PID=1470) to work on /home/airflow/.local/lib/python3.7/site-packages/airflow/example_dags/example_branch_operator.py
[2023-07-21T10:10:00.374+0000] {processor.py:826} INFO - Processing file /home/airflow/.local/lib/python3.7/site-packages/airflow/example_dags/example_branch_operator.py for tasks to queue
[2023-07-21T10:10:00.376+0000] {logging_mixin.py:150} INFO - [2023-07-21T10:10:00.375+0000] {dagbag.py:541} INFO - Filling up the DagBag from /home/airflow/.local/lib/python3.7/site-packages/airflow/example_dags/example_branch_operator.py
[2023-07-21T10:10:00.389+0000] {processor.py:836} INFO - DAG(s) dict_keys(['example_branch_operator']) retrieved from /home/airflow/.local/lib/python3.7/site-packages/airflow/example_dags/example_branch_operator.py
[2023-07-21T10:10:00.419+0000] {logging_mixin.py:150} INFO - [2023-07-21T10:10:00.419+0000] {dag.py:2742} INFO - Sync 1 DAGs
[2023-07-21T10:10:00.451+0000] {logging_mixin.py:150} INFO - [2023-07-21T10:10:00.451+0000] {dag.py:3508} INFO - Setting next_dagrun for example_branch_operator to 2023-07-20T00:00:00+00:00, run_after=2023-07-21T00:00:00+00:00
[2023-07-21T10:10:00.478+0000] {processor.py:179} INFO - Processing /home/airflow/.local/lib/python3.7/site-packages/airflow/example_dags/example_branch_operator.py took 0.109 seconds
[2023-07-21T10:10:30.708+0000] {processor.py:157} INFO - Started process (PID=1531) to work on /home/airflow/.local/lib/python3.7/site-packages/airflow/example_dags/example_branch_operator.py
[2023-07-21T10:10:30.709+0000] {processor.py:826} INFO - Processing file /home/airflow/.local/lib/python3.7/site-packages/airflow/example_dags/example_branch_operator.py for tasks to queue
[2023-07-21T10:10:30.710+0000] {logging_mixin.py:150} INFO - [2023-07-21T10:10:30.710+0000] {dagbag.py:541} INFO - Filling up the DagBag from /home/airflow/.local/lib/python3.7/site-packages/airflow/example_dags/example_branch_operator.py
[2023-07-21T10:10:30.721+0000] {processor.py:836} INFO - DAG(s) dict_keys(['example_branch_operator']) retrieved from /home/airflow/.local/lib/python3.7/site-packages/airflow/example_dags/example_branch_operator.py
[2023-07-21T10:10:30.750+0000] {logging_mixin.py:150} INFO - [2023-07-21T10:10:30.750+0000] {dag.py:2742} INFO - Sync 1 DAGs
[2023-07-21T10:10:30.778+0000] {logging_mixin.py:150} INFO - [2023-07-21T10:10:30.778+0000] {dag.py:3508} INFO - Setting next_dagrun for example_branch_operator to 2023-07-20T00:00:00+00:00, run_after=2023-07-21T00:00:00+00:00
[2023-07-21T10:10:30.800+0000] {processor.py:179} INFO - Processing /home/airflow/.local/lib/python3.7/site-packages/airflow/example_dags/example_branch_operator.py took 0.097 seconds
[2023-07-21T10:11:01.673+0000] {processor.py:157} INFO - Started process (PID=1592) to work on /home/airflow/.local/lib/python3.7/site-packages/airflow/example_dags/example_branch_operator.py
[2023-07-21T10:11:01.675+0000] {processor.py:826} INFO - Processing file /home/airflow/.local/lib/python3.7/site-packages/airflow/example_dags/example_branch_operator.py for tasks to queue
[2023-07-21T10:11:01.677+0000] {logging_mixin.py:150} INFO - [2023-07-21T10:11:01.676+0000] {dagbag.py:541} INFO - Filling up the DagBag from /home/airflow/.local/lib/python3.7/site-packages/airflow/example_dags/example_branch_operator.py
[2023-07-21T10:11:01.689+0000] {processor.py:836} INFO - DAG(s) dict_keys(['example_branch_operator']) retrieved from /home/airflow/.local/lib/python3.7/site-packages/airflow/example_dags/example_branch_operator.py
[2023-07-21T10:11:01.723+0000] {logging_mixin.py:150} INFO - [2023-07-21T10:11:01.723+0000] {dag.py:2742} INFO - Sync 1 DAGs
[2023-07-21T10:11:01.755+0000] {logging_mixin.py:150} INFO - [2023-07-21T10:11:01.755+0000] {dag.py:3508} INFO - Setting next_dagrun for example_branch_operator to 2023-07-20T00:00:00+00:00, run_after=2023-07-21T00:00:00+00:00
[2023-07-21T10:11:01.781+0000] {processor.py:179} INFO - Processing /home/airflow/.local/lib/python3.7/site-packages/airflow/example_dags/example_branch_operator.py took 0.111 seconds
[2023-07-21T10:11:32.619+0000] {processor.py:157} INFO - Started process (PID=1653) to work on /home/airflow/.local/lib/python3.7/site-packages/airflow/example_dags/example_branch_operator.py
[2023-07-21T10:11:32.622+0000] {processor.py:826} INFO - Processing file /home/airflow/.local/lib/python3.7/site-packages/airflow/example_dags/example_branch_operator.py for tasks to queue
[2023-07-21T10:11:32.623+0000] {logging_mixin.py:150} INFO - [2023-07-21T10:11:32.623+0000] {dagbag.py:541} INFO - Filling up the DagBag from /home/airflow/.local/lib/python3.7/site-packages/airflow/example_dags/example_branch_operator.py
[2023-07-21T10:11:32.635+0000] {processor.py:836} INFO - DAG(s) dict_keys(['example_branch_operator']) retrieved from /home/airflow/.local/lib/python3.7/site-packages/airflow/example_dags/example_branch_operator.py
[2023-07-21T10:11:32.665+0000] {logging_mixin.py:150} INFO - [2023-07-21T10:11:32.664+0000] {dag.py:2742} INFO - Sync 1 DAGs
[2023-07-21T10:11:32.698+0000] {logging_mixin.py:150} INFO - [2023-07-21T10:11:32.697+0000] {dag.py:3508} INFO - Setting next_dagrun for example_branch_operator to 2023-07-20T00:00:00+00:00, run_after=2023-07-21T00:00:00+00:00
[2023-07-21T10:11:32.725+0000] {processor.py:179} INFO - Processing /home/airflow/.local/lib/python3.7/site-packages/airflow/example_dags/example_branch_operator.py took 0.108 seconds
[2023-07-21T10:12:03.214+0000] {processor.py:157} INFO - Started process (PID=1714) to work on /home/airflow/.local/lib/python3.7/site-packages/airflow/example_dags/example_branch_operator.py
[2023-07-21T10:12:03.215+0000] {processor.py:826} INFO - Processing file /home/airflow/.local/lib/python3.7/site-packages/airflow/example_dags/example_branch_operator.py for tasks to queue
[2023-07-21T10:12:03.217+0000] {logging_mixin.py:150} INFO - [2023-07-21T10:12:03.217+0000] {dagbag.py:541} INFO - Filling up the DagBag from /home/airflow/.local/lib/python3.7/site-packages/airflow/example_dags/example_branch_operator.py
[2023-07-21T10:12:03.230+0000] {processor.py:836} INFO - DAG(s) dict_keys(['example_branch_operator']) retrieved from /home/airflow/.local/lib/python3.7/site-packages/airflow/example_dags/example_branch_operator.py
[2023-07-21T10:12:03.266+0000] {logging_mixin.py:150} INFO - [2023-07-21T10:12:03.265+0000] {dag.py:2742} INFO - Sync 1 DAGs
[2023-07-21T10:12:03.301+0000] {logging_mixin.py:150} INFO - [2023-07-21T10:12:03.301+0000] {dag.py:3508} INFO - Setting next_dagrun for example_branch_operator to 2023-07-20T00:00:00+00:00, run_after=2023-07-21T00:00:00+00:00
[2023-07-21T10:12:03.337+0000] {processor.py:179} INFO - Processing /home/airflow/.local/lib/python3.7/site-packages/airflow/example_dags/example_branch_operator.py took 0.127 seconds
[2023-07-21T10:12:33.804+0000] {processor.py:157} INFO - Started process (PID=1775) to work on /home/airflow/.local/lib/python3.7/site-packages/airflow/example_dags/example_branch_operator.py
[2023-07-21T10:12:33.806+0000] {processor.py:826} INFO - Processing file /home/airflow/.local/lib/python3.7/site-packages/airflow/example_dags/example_branch_operator.py for tasks to queue
[2023-07-21T10:12:33.808+0000] {logging_mixin.py:150} INFO - [2023-07-21T10:12:33.807+0000] {dagbag.py:541} INFO - Filling up the DagBag from /home/airflow/.local/lib/python3.7/site-packages/airflow/example_dags/example_branch_operator.py
[2023-07-21T10:12:33.819+0000] {processor.py:836} INFO - DAG(s) dict_keys(['example_branch_operator']) retrieved from /home/airflow/.local/lib/python3.7/site-packages/airflow/example_dags/example_branch_operator.py
[2023-07-21T10:12:33.848+0000] {logging_mixin.py:150} INFO - [2023-07-21T10:12:33.848+0000] {dag.py:2742} INFO - Sync 1 DAGs
[2023-07-21T10:12:33.881+0000] {logging_mixin.py:150} INFO - [2023-07-21T10:12:33.880+0000] {dag.py:3508} INFO - Setting next_dagrun for example_branch_operator to 2023-07-20T00:00:00+00:00, run_after=2023-07-21T00:00:00+00:00
[2023-07-21T10:12:33.915+0000] {processor.py:179} INFO - Processing /home/airflow/.local/lib/python3.7/site-packages/airflow/example_dags/example_branch_operator.py took 0.115 seconds
[2023-07-21T10:13:04.284+0000] {processor.py:157} INFO - Started process (PID=1836) to work on /home/airflow/.local/lib/python3.7/site-packages/airflow/example_dags/example_branch_operator.py
[2023-07-21T10:13:04.286+0000] {processor.py:826} INFO - Processing file /home/airflow/.local/lib/python3.7/site-packages/airflow/example_dags/example_branch_operator.py for tasks to queue
[2023-07-21T10:13:04.287+0000] {logging_mixin.py:150} INFO - [2023-07-21T10:13:04.287+0000] {dagbag.py:541} INFO - Filling up the DagBag from /home/airflow/.local/lib/python3.7/site-packages/airflow/example_dags/example_branch_operator.py
[2023-07-21T10:13:04.301+0000] {processor.py:836} INFO - DAG(s) dict_keys(['example_branch_operator']) retrieved from /home/airflow/.local/lib/python3.7/site-packages/airflow/example_dags/example_branch_operator.py
[2023-07-21T10:13:04.329+0000] {logging_mixin.py:150} INFO - [2023-07-21T10:13:04.328+0000] {dag.py:2742} INFO - Sync 1 DAGs
[2023-07-21T10:13:04.358+0000] {logging_mixin.py:150} INFO - [2023-07-21T10:13:04.357+0000] {dag.py:3508} INFO - Setting next_dagrun for example_branch_operator to 2023-07-20T00:00:00+00:00, run_after=2023-07-21T00:00:00+00:00
[2023-07-21T10:13:04.380+0000] {processor.py:179} INFO - Processing /home/airflow/.local/lib/python3.7/site-packages/airflow/example_dags/example_branch_operator.py took 0.098 seconds
[2023-07-21T10:13:35.388+0000] {processor.py:157} INFO - Started process (PID=1897) to work on /home/airflow/.local/lib/python3.7/site-packages/airflow/example_dags/example_branch_operator.py
[2023-07-21T10:13:35.390+0000] {processor.py:826} INFO - Processing file /home/airflow/.local/lib/python3.7/site-packages/airflow/example_dags/example_branch_operator.py for tasks to queue
[2023-07-21T10:13:35.391+0000] {logging_mixin.py:150} INFO - [2023-07-21T10:13:35.391+0000] {dagbag.py:541} INFO - Filling up the DagBag from /home/airflow/.local/lib/python3.7/site-packages/airflow/example_dags/example_branch_operator.py
[2023-07-21T10:13:35.412+0000] {processor.py:836} INFO - DAG(s) dict_keys(['example_branch_operator']) retrieved from /home/airflow/.local/lib/python3.7/site-packages/airflow/example_dags/example_branch_operator.py
[2023-07-21T10:13:35.455+0000] {logging_mixin.py:150} INFO - [2023-07-21T10:13:35.454+0000] {dag.py:2742} INFO - Sync 1 DAGs
[2023-07-21T10:13:35.515+0000] {logging_mixin.py:150} INFO - [2023-07-21T10:13:35.514+0000] {dag.py:3508} INFO - Setting next_dagrun for example_branch_operator to 2023-07-20T00:00:00+00:00, run_after=2023-07-21T00:00:00+00:00
[2023-07-21T10:13:35.547+0000] {processor.py:179} INFO - Processing /home/airflow/.local/lib/python3.7/site-packages/airflow/example_dags/example_branch_operator.py took 0.163 seconds
[2023-07-21T10:14:06.333+0000] {processor.py:157} INFO - Started process (PID=1958) to work on /home/airflow/.local/lib/python3.7/site-packages/airflow/example_dags/example_branch_operator.py
[2023-07-21T10:14:06.334+0000] {processor.py:826} INFO - Processing file /home/airflow/.local/lib/python3.7/site-packages/airflow/example_dags/example_branch_operator.py for tasks to queue
[2023-07-21T10:14:06.335+0000] {logging_mixin.py:150} INFO - [2023-07-21T10:14:06.335+0000] {dagbag.py:541} INFO - Filling up the DagBag from /home/airflow/.local/lib/python3.7/site-packages/airflow/example_dags/example_branch_operator.py
[2023-07-21T10:14:06.352+0000] {processor.py:836} INFO - DAG(s) dict_keys(['example_branch_operator']) retrieved from /home/airflow/.local/lib/python3.7/site-packages/airflow/example_dags/example_branch_operator.py
[2023-07-21T10:14:06.386+0000] {logging_mixin.py:150} INFO - [2023-07-21T10:14:06.386+0000] {dag.py:2742} INFO - Sync 1 DAGs
[2023-07-21T10:14:06.416+0000] {logging_mixin.py:150} INFO - [2023-07-21T10:14:06.416+0000] {dag.py:3508} INFO - Setting next_dagrun for example_branch_operator to 2023-07-20T00:00:00+00:00, run_after=2023-07-21T00:00:00+00:00
[2023-07-21T10:14:06.448+0000] {processor.py:179} INFO - Processing /home/airflow/.local/lib/python3.7/site-packages/airflow/example_dags/example_branch_operator.py took 0.119 seconds
[2023-07-21T10:14:36.751+0000] {processor.py:157} INFO - Started process (PID=2019) to work on /home/airflow/.local/lib/python3.7/site-packages/airflow/example_dags/example_branch_operator.py
[2023-07-21T10:14:36.752+0000] {processor.py:826} INFO - Processing file /home/airflow/.local/lib/python3.7/site-packages/airflow/example_dags/example_branch_operator.py for tasks to queue
[2023-07-21T10:14:36.753+0000] {logging_mixin.py:150} INFO - [2023-07-21T10:14:36.753+0000] {dagbag.py:541} INFO - Filling up the DagBag from /home/airflow/.local/lib/python3.7/site-packages/airflow/example_dags/example_branch_operator.py
[2023-07-21T10:14:36.764+0000] {processor.py:836} INFO - DAG(s) dict_keys(['example_branch_operator']) retrieved from /home/airflow/.local/lib/python3.7/site-packages/airflow/example_dags/example_branch_operator.py
[2023-07-21T10:14:36.797+0000] {logging_mixin.py:150} INFO - [2023-07-21T10:14:36.797+0000] {dag.py:2742} INFO - Sync 1 DAGs
[2023-07-21T10:14:36.824+0000] {logging_mixin.py:150} INFO - [2023-07-21T10:14:36.824+0000] {dag.py:3508} INFO - Setting next_dagrun for example_branch_operator to 2023-07-20T00:00:00+00:00, run_after=2023-07-21T00:00:00+00:00
[2023-07-21T10:14:36.849+0000] {processor.py:179} INFO - Processing /home/airflow/.local/lib/python3.7/site-packages/airflow/example_dags/example_branch_operator.py took 0.104 seconds
