[2023-07-21T09:58:13.127+0000] {processor.py:157} INFO - Started process (PID=63) to work on /home/airflow/.local/lib/python3.7/site-packages/airflow/example_dags/example_task_group_decorator.py
[2023-07-21T09:58:13.129+0000] {processor.py:826} INFO - Processing file /home/airflow/.local/lib/python3.7/site-packages/airflow/example_dags/example_task_group_decorator.py for tasks to queue
[2023-07-21T09:58:13.130+0000] {logging_mixin.py:150} INFO - [2023-07-21T09:58:13.130+0000] {dagbag.py:541} INFO - Filling up the DagBag from /home/airflow/.local/lib/python3.7/site-packages/airflow/example_dags/example_task_group_decorator.py
[2023-07-21T09:58:13.153+0000] {processor.py:836} INFO - DAG(s) dict_keys(['example_task_group_decorator']) retrieved from /home/airflow/.local/lib/python3.7/site-packages/airflow/example_dags/example_task_group_decorator.py
[2023-07-21T09:58:13.352+0000] {logging_mixin.py:150} INFO - [2023-07-21T09:58:13.351+0000] {dag.py:2742} INFO - Sync 1 DAGs
[2023-07-21T09:58:13.391+0000] {logging_mixin.py:150} INFO - [2023-07-21T09:58:13.390+0000] {dag.py:3508} INFO - Setting next_dagrun for example_task_group_decorator to 2023-07-20T09:58:13.390444+00:00, run_after=2023-07-21T09:58:13.390444+00:00
[2023-07-21T09:58:13.419+0000] {processor.py:179} INFO - Processing /home/airflow/.local/lib/python3.7/site-packages/airflow/example_dags/example_task_group_decorator.py took 0.297 seconds
[2023-07-21T09:58:43.711+0000] {processor.py:157} INFO - Started process (PID=124) to work on /home/airflow/.local/lib/python3.7/site-packages/airflow/example_dags/example_task_group_decorator.py
[2023-07-21T09:58:43.713+0000] {processor.py:826} INFO - Processing file /home/airflow/.local/lib/python3.7/site-packages/airflow/example_dags/example_task_group_decorator.py for tasks to queue
[2023-07-21T09:58:43.716+0000] {logging_mixin.py:150} INFO - [2023-07-21T09:58:43.715+0000] {dagbag.py:541} INFO - Filling up the DagBag from /home/airflow/.local/lib/python3.7/site-packages/airflow/example_dags/example_task_group_decorator.py
[2023-07-21T09:58:43.744+0000] {processor.py:836} INFO - DAG(s) dict_keys(['example_task_group_decorator']) retrieved from /home/airflow/.local/lib/python3.7/site-packages/airflow/example_dags/example_task_group_decorator.py
[2023-07-21T09:58:43.773+0000] {logging_mixin.py:150} INFO - [2023-07-21T09:58:43.772+0000] {dag.py:2742} INFO - Sync 1 DAGs
[2023-07-21T09:58:43.842+0000] {logging_mixin.py:150} INFO - [2023-07-21T09:58:43.842+0000] {dag.py:3508} INFO - Setting next_dagrun for example_task_group_decorator to 2023-07-20T09:58:43.841692+00:00, run_after=2023-07-21T09:58:43.841692+00:00
[2023-07-21T09:58:43.891+0000] {processor.py:179} INFO - Processing /home/airflow/.local/lib/python3.7/site-packages/airflow/example_dags/example_task_group_decorator.py took 0.186 seconds
[2023-07-21T09:59:15.287+0000] {processor.py:157} INFO - Started process (PID=185) to work on /home/airflow/.local/lib/python3.7/site-packages/airflow/example_dags/example_task_group_decorator.py
[2023-07-21T09:59:15.293+0000] {processor.py:826} INFO - Processing file /home/airflow/.local/lib/python3.7/site-packages/airflow/example_dags/example_task_group_decorator.py for tasks to queue
[2023-07-21T09:59:15.296+0000] {logging_mixin.py:150} INFO - [2023-07-21T09:59:15.296+0000] {dagbag.py:541} INFO - Filling up the DagBag from /home/airflow/.local/lib/python3.7/site-packages/airflow/example_dags/example_task_group_decorator.py
[2023-07-21T09:59:15.350+0000] {processor.py:836} INFO - DAG(s) dict_keys(['example_task_group_decorator']) retrieved from /home/airflow/.local/lib/python3.7/site-packages/airflow/example_dags/example_task_group_decorator.py
[2023-07-21T09:59:15.449+0000] {logging_mixin.py:150} INFO - [2023-07-21T09:59:15.449+0000] {dag.py:2742} INFO - Sync 1 DAGs
[2023-07-21T09:59:15.530+0000] {logging_mixin.py:150} INFO - [2023-07-21T09:59:15.529+0000] {dag.py:3508} INFO - Setting next_dagrun for example_task_group_decorator to 2023-07-20T09:59:15.528746+00:00, run_after=2023-07-21T09:59:15.528746+00:00
[2023-07-21T09:59:15.617+0000] {processor.py:179} INFO - Processing /home/airflow/.local/lib/python3.7/site-packages/airflow/example_dags/example_task_group_decorator.py took 0.347 seconds
[2023-07-21T09:59:45.781+0000] {processor.py:157} INFO - Started process (PID=246) to work on /home/airflow/.local/lib/python3.7/site-packages/airflow/example_dags/example_task_group_decorator.py
[2023-07-21T09:59:45.783+0000] {processor.py:826} INFO - Processing file /home/airflow/.local/lib/python3.7/site-packages/airflow/example_dags/example_task_group_decorator.py for tasks to queue
[2023-07-21T09:59:45.784+0000] {logging_mixin.py:150} INFO - [2023-07-21T09:59:45.784+0000] {dagbag.py:541} INFO - Filling up the DagBag from /home/airflow/.local/lib/python3.7/site-packages/airflow/example_dags/example_task_group_decorator.py
[2023-07-21T09:59:45.802+0000] {processor.py:836} INFO - DAG(s) dict_keys(['example_task_group_decorator']) retrieved from /home/airflow/.local/lib/python3.7/site-packages/airflow/example_dags/example_task_group_decorator.py
[2023-07-21T09:59:45.832+0000] {logging_mixin.py:150} INFO - [2023-07-21T09:59:45.832+0000] {dag.py:2742} INFO - Sync 1 DAGs
[2023-07-21T09:59:45.858+0000] {logging_mixin.py:150} INFO - [2023-07-21T09:59:45.857+0000] {dag.py:3508} INFO - Setting next_dagrun for example_task_group_decorator to 2023-07-20T09:59:45.857650+00:00, run_after=2023-07-21T09:59:45.857650+00:00
[2023-07-21T09:59:45.879+0000] {processor.py:179} INFO - Processing /home/airflow/.local/lib/python3.7/site-packages/airflow/example_dags/example_task_group_decorator.py took 0.101 seconds
[2023-07-21T10:00:16.266+0000] {processor.py:157} INFO - Started process (PID=307) to work on /home/airflow/.local/lib/python3.7/site-packages/airflow/example_dags/example_task_group_decorator.py
[2023-07-21T10:00:16.267+0000] {processor.py:826} INFO - Processing file /home/airflow/.local/lib/python3.7/site-packages/airflow/example_dags/example_task_group_decorator.py for tasks to queue
[2023-07-21T10:00:16.268+0000] {logging_mixin.py:150} INFO - [2023-07-21T10:00:16.268+0000] {dagbag.py:541} INFO - Filling up the DagBag from /home/airflow/.local/lib/python3.7/site-packages/airflow/example_dags/example_task_group_decorator.py
[2023-07-21T10:00:16.284+0000] {processor.py:836} INFO - DAG(s) dict_keys(['example_task_group_decorator']) retrieved from /home/airflow/.local/lib/python3.7/site-packages/airflow/example_dags/example_task_group_decorator.py
[2023-07-21T10:00:16.312+0000] {logging_mixin.py:150} INFO - [2023-07-21T10:00:16.312+0000] {dag.py:2742} INFO - Sync 1 DAGs
[2023-07-21T10:00:16.338+0000] {logging_mixin.py:150} INFO - [2023-07-21T10:00:16.338+0000] {dag.py:3508} INFO - Setting next_dagrun for example_task_group_decorator to 2023-07-20T10:00:16.338281+00:00, run_after=2023-07-21T10:00:16.338281+00:00
[2023-07-21T10:00:16.362+0000] {processor.py:179} INFO - Processing /home/airflow/.local/lib/python3.7/site-packages/airflow/example_dags/example_task_group_decorator.py took 0.099 seconds
[2023-07-21T10:00:47.053+0000] {processor.py:157} INFO - Started process (PID=368) to work on /home/airflow/.local/lib/python3.7/site-packages/airflow/example_dags/example_task_group_decorator.py
[2023-07-21T10:00:47.054+0000] {processor.py:826} INFO - Processing file /home/airflow/.local/lib/python3.7/site-packages/airflow/example_dags/example_task_group_decorator.py for tasks to queue
[2023-07-21T10:00:47.055+0000] {logging_mixin.py:150} INFO - [2023-07-21T10:00:47.055+0000] {dagbag.py:541} INFO - Filling up the DagBag from /home/airflow/.local/lib/python3.7/site-packages/airflow/example_dags/example_task_group_decorator.py
[2023-07-21T10:00:47.075+0000] {processor.py:836} INFO - DAG(s) dict_keys(['example_task_group_decorator']) retrieved from /home/airflow/.local/lib/python3.7/site-packages/airflow/example_dags/example_task_group_decorator.py
[2023-07-21T10:00:47.106+0000] {logging_mixin.py:150} INFO - [2023-07-21T10:00:47.105+0000] {dag.py:2742} INFO - Sync 1 DAGs
[2023-07-21T10:00:47.139+0000] {logging_mixin.py:150} INFO - [2023-07-21T10:00:47.139+0000] {dag.py:3508} INFO - Setting next_dagrun for example_task_group_decorator to 2023-07-20T10:00:47.139144+00:00, run_after=2023-07-21T10:00:47.139144+00:00
[2023-07-21T10:00:47.172+0000] {processor.py:179} INFO - Processing /home/airflow/.local/lib/python3.7/site-packages/airflow/example_dags/example_task_group_decorator.py took 0.122 seconds
[2023-07-21T10:01:17.464+0000] {processor.py:157} INFO - Started process (PID=429) to work on /home/airflow/.local/lib/python3.7/site-packages/airflow/example_dags/example_task_group_decorator.py
[2023-07-21T10:01:17.465+0000] {processor.py:826} INFO - Processing file /home/airflow/.local/lib/python3.7/site-packages/airflow/example_dags/example_task_group_decorator.py for tasks to queue
[2023-07-21T10:01:17.467+0000] {logging_mixin.py:150} INFO - [2023-07-21T10:01:17.466+0000] {dagbag.py:541} INFO - Filling up the DagBag from /home/airflow/.local/lib/python3.7/site-packages/airflow/example_dags/example_task_group_decorator.py
[2023-07-21T10:01:17.484+0000] {processor.py:836} INFO - DAG(s) dict_keys(['example_task_group_decorator']) retrieved from /home/airflow/.local/lib/python3.7/site-packages/airflow/example_dags/example_task_group_decorator.py
[2023-07-21T10:01:17.523+0000] {logging_mixin.py:150} INFO - [2023-07-21T10:01:17.523+0000] {dag.py:2742} INFO - Sync 1 DAGs
[2023-07-21T10:01:17.560+0000] {logging_mixin.py:150} INFO - [2023-07-21T10:01:17.559+0000] {dag.py:3508} INFO - Setting next_dagrun for example_task_group_decorator to 2023-07-20T10:01:17.559390+00:00, run_after=2023-07-21T10:01:17.559390+00:00
[2023-07-21T10:01:17.586+0000] {processor.py:179} INFO - Processing /home/airflow/.local/lib/python3.7/site-packages/airflow/example_dags/example_task_group_decorator.py took 0.126 seconds
[2023-07-21T10:01:50.500+0000] {processor.py:157} INFO - Started process (PID=490) to work on /home/airflow/.local/lib/python3.7/site-packages/airflow/example_dags/example_task_group_decorator.py
[2023-07-21T10:01:50.506+0000] {processor.py:826} INFO - Processing file /home/airflow/.local/lib/python3.7/site-packages/airflow/example_dags/example_task_group_decorator.py for tasks to queue
[2023-07-21T10:01:50.514+0000] {logging_mixin.py:150} INFO - [2023-07-21T10:01:50.513+0000] {dagbag.py:541} INFO - Filling up the DagBag from /home/airflow/.local/lib/python3.7/site-packages/airflow/example_dags/example_task_group_decorator.py
[2023-07-21T10:01:50.583+0000] {processor.py:836} INFO - DAG(s) dict_keys(['example_task_group_decorator']) retrieved from /home/airflow/.local/lib/python3.7/site-packages/airflow/example_dags/example_task_group_decorator.py
[2023-07-21T10:01:50.728+0000] {logging_mixin.py:150} INFO - [2023-07-21T10:01:50.728+0000] {dag.py:2742} INFO - Sync 1 DAGs
[2023-07-21T10:01:50.902+0000] {logging_mixin.py:150} INFO - [2023-07-21T10:01:50.902+0000] {dag.py:3508} INFO - Setting next_dagrun for example_task_group_decorator to 2023-07-20T10:01:50.901666+00:00, run_after=2023-07-21T10:01:50.901666+00:00
[2023-07-21T10:01:51.016+0000] {processor.py:179} INFO - Processing /home/airflow/.local/lib/python3.7/site-packages/airflow/example_dags/example_task_group_decorator.py took 0.521 seconds
[2023-07-21T10:02:21.646+0000] {processor.py:157} INFO - Started process (PID=552) to work on /home/airflow/.local/lib/python3.7/site-packages/airflow/example_dags/example_task_group_decorator.py
[2023-07-21T10:02:21.649+0000] {processor.py:826} INFO - Processing file /home/airflow/.local/lib/python3.7/site-packages/airflow/example_dags/example_task_group_decorator.py for tasks to queue
[2023-07-21T10:02:21.652+0000] {logging_mixin.py:150} INFO - [2023-07-21T10:02:21.651+0000] {dagbag.py:541} INFO - Filling up the DagBag from /home/airflow/.local/lib/python3.7/site-packages/airflow/example_dags/example_task_group_decorator.py
[2023-07-21T10:02:21.671+0000] {processor.py:836} INFO - DAG(s) dict_keys(['example_task_group_decorator']) retrieved from /home/airflow/.local/lib/python3.7/site-packages/airflow/example_dags/example_task_group_decorator.py
[2023-07-21T10:02:21.706+0000] {logging_mixin.py:150} INFO - [2023-07-21T10:02:21.706+0000] {dag.py:2742} INFO - Sync 1 DAGs
[2023-07-21T10:02:21.741+0000] {logging_mixin.py:150} INFO - [2023-07-21T10:02:21.741+0000] {dag.py:3508} INFO - Setting next_dagrun for example_task_group_decorator to 2023-07-20T10:02:21.740645+00:00, run_after=2023-07-21T10:02:21.740645+00:00
[2023-07-21T10:02:21.778+0000] {processor.py:179} INFO - Processing /home/airflow/.local/lib/python3.7/site-packages/airflow/example_dags/example_task_group_decorator.py took 0.141 seconds
[2023-07-21T10:02:52.681+0000] {processor.py:157} INFO - Started process (PID=613) to work on /home/airflow/.local/lib/python3.7/site-packages/airflow/example_dags/example_task_group_decorator.py
[2023-07-21T10:02:52.682+0000] {processor.py:826} INFO - Processing file /home/airflow/.local/lib/python3.7/site-packages/airflow/example_dags/example_task_group_decorator.py for tasks to queue
[2023-07-21T10:02:52.685+0000] {logging_mixin.py:150} INFO - [2023-07-21T10:02:52.685+0000] {dagbag.py:541} INFO - Filling up the DagBag from /home/airflow/.local/lib/python3.7/site-packages/airflow/example_dags/example_task_group_decorator.py
[2023-07-21T10:02:52.706+0000] {processor.py:836} INFO - DAG(s) dict_keys(['example_task_group_decorator']) retrieved from /home/airflow/.local/lib/python3.7/site-packages/airflow/example_dags/example_task_group_decorator.py
[2023-07-21T10:02:52.722+0000] {logging_mixin.py:150} INFO - [2023-07-21T10:02:52.722+0000] {dag.py:2742} INFO - Sync 1 DAGs
[2023-07-21T10:02:52.755+0000] {logging_mixin.py:150} INFO - [2023-07-21T10:02:52.755+0000] {dag.py:3508} INFO - Setting next_dagrun for example_task_group_decorator to 2023-07-20T10:02:52.754583+00:00, run_after=2023-07-21T10:02:52.754583+00:00
[2023-07-21T10:02:52.794+0000] {processor.py:179} INFO - Processing /home/airflow/.local/lib/python3.7/site-packages/airflow/example_dags/example_task_group_decorator.py took 0.119 seconds
[2023-07-21T10:03:23.316+0000] {processor.py:157} INFO - Started process (PID=674) to work on /home/airflow/.local/lib/python3.7/site-packages/airflow/example_dags/example_task_group_decorator.py
[2023-07-21T10:03:23.317+0000] {processor.py:826} INFO - Processing file /home/airflow/.local/lib/python3.7/site-packages/airflow/example_dags/example_task_group_decorator.py for tasks to queue
[2023-07-21T10:03:23.318+0000] {logging_mixin.py:150} INFO - [2023-07-21T10:03:23.318+0000] {dagbag.py:541} INFO - Filling up the DagBag from /home/airflow/.local/lib/python3.7/site-packages/airflow/example_dags/example_task_group_decorator.py
[2023-07-21T10:03:23.341+0000] {processor.py:836} INFO - DAG(s) dict_keys(['example_task_group_decorator']) retrieved from /home/airflow/.local/lib/python3.7/site-packages/airflow/example_dags/example_task_group_decorator.py
[2023-07-21T10:03:23.378+0000] {logging_mixin.py:150} INFO - [2023-07-21T10:03:23.377+0000] {dag.py:2742} INFO - Sync 1 DAGs
[2023-07-21T10:03:23.411+0000] {logging_mixin.py:150} INFO - [2023-07-21T10:03:23.410+0000] {dag.py:3508} INFO - Setting next_dagrun for example_task_group_decorator to 2023-07-20T10:03:23.410702+00:00, run_after=2023-07-21T10:03:23.410702+00:00
[2023-07-21T10:03:23.446+0000] {processor.py:179} INFO - Processing /home/airflow/.local/lib/python3.7/site-packages/airflow/example_dags/example_task_group_decorator.py took 0.137 seconds
[2023-07-21T10:03:53.604+0000] {processor.py:157} INFO - Started process (PID=735) to work on /home/airflow/.local/lib/python3.7/site-packages/airflow/example_dags/example_task_group_decorator.py
[2023-07-21T10:03:53.607+0000] {processor.py:826} INFO - Processing file /home/airflow/.local/lib/python3.7/site-packages/airflow/example_dags/example_task_group_decorator.py for tasks to queue
[2023-07-21T10:03:53.610+0000] {logging_mixin.py:150} INFO - [2023-07-21T10:03:53.609+0000] {dagbag.py:541} INFO - Filling up the DagBag from /home/airflow/.local/lib/python3.7/site-packages/airflow/example_dags/example_task_group_decorator.py
[2023-07-21T10:03:53.648+0000] {processor.py:836} INFO - DAG(s) dict_keys(['example_task_group_decorator']) retrieved from /home/airflow/.local/lib/python3.7/site-packages/airflow/example_dags/example_task_group_decorator.py
[2023-07-21T10:03:53.679+0000] {logging_mixin.py:150} INFO - [2023-07-21T10:03:53.679+0000] {dag.py:2742} INFO - Sync 1 DAGs
[2023-07-21T10:03:53.705+0000] {logging_mixin.py:150} INFO - [2023-07-21T10:03:53.705+0000] {dag.py:3508} INFO - Setting next_dagrun for example_task_group_decorator to 2023-07-20T10:03:53.704982+00:00, run_after=2023-07-21T10:03:53.704982+00:00
[2023-07-21T10:03:53.729+0000] {processor.py:179} INFO - Processing /home/airflow/.local/lib/python3.7/site-packages/airflow/example_dags/example_task_group_decorator.py took 0.135 seconds
[2023-07-21T10:04:24.349+0000] {processor.py:157} INFO - Started process (PID=796) to work on /home/airflow/.local/lib/python3.7/site-packages/airflow/example_dags/example_task_group_decorator.py
[2023-07-21T10:04:24.351+0000] {processor.py:826} INFO - Processing file /home/airflow/.local/lib/python3.7/site-packages/airflow/example_dags/example_task_group_decorator.py for tasks to queue
[2023-07-21T10:04:24.354+0000] {logging_mixin.py:150} INFO - [2023-07-21T10:04:24.353+0000] {dagbag.py:541} INFO - Filling up the DagBag from /home/airflow/.local/lib/python3.7/site-packages/airflow/example_dags/example_task_group_decorator.py
[2023-07-21T10:04:24.376+0000] {processor.py:836} INFO - DAG(s) dict_keys(['example_task_group_decorator']) retrieved from /home/airflow/.local/lib/python3.7/site-packages/airflow/example_dags/example_task_group_decorator.py
[2023-07-21T10:04:24.407+0000] {logging_mixin.py:150} INFO - [2023-07-21T10:04:24.407+0000] {dag.py:2742} INFO - Sync 1 DAGs
[2023-07-21T10:04:24.433+0000] {logging_mixin.py:150} INFO - [2023-07-21T10:04:24.432+0000] {dag.py:3508} INFO - Setting next_dagrun for example_task_group_decorator to 2023-07-20T10:04:24.432639+00:00, run_after=2023-07-21T10:04:24.432639+00:00
[2023-07-21T10:04:24.455+0000] {processor.py:179} INFO - Processing /home/airflow/.local/lib/python3.7/site-packages/airflow/example_dags/example_task_group_decorator.py took 0.115 seconds
[2023-07-21T10:04:54.546+0000] {processor.py:157} INFO - Started process (PID=857) to work on /home/airflow/.local/lib/python3.7/site-packages/airflow/example_dags/example_task_group_decorator.py
[2023-07-21T10:04:54.549+0000] {processor.py:826} INFO - Processing file /home/airflow/.local/lib/python3.7/site-packages/airflow/example_dags/example_task_group_decorator.py for tasks to queue
[2023-07-21T10:04:54.550+0000] {logging_mixin.py:150} INFO - [2023-07-21T10:04:54.550+0000] {dagbag.py:541} INFO - Filling up the DagBag from /home/airflow/.local/lib/python3.7/site-packages/airflow/example_dags/example_task_group_decorator.py
[2023-07-21T10:04:54.584+0000] {processor.py:836} INFO - DAG(s) dict_keys(['example_task_group_decorator']) retrieved from /home/airflow/.local/lib/python3.7/site-packages/airflow/example_dags/example_task_group_decorator.py
[2023-07-21T10:04:54.626+0000] {logging_mixin.py:150} INFO - [2023-07-21T10:04:54.626+0000] {dag.py:2742} INFO - Sync 1 DAGs
[2023-07-21T10:04:54.658+0000] {logging_mixin.py:150} INFO - [2023-07-21T10:04:54.658+0000] {dag.py:3508} INFO - Setting next_dagrun for example_task_group_decorator to 2023-07-20T10:04:54.658002+00:00, run_after=2023-07-21T10:04:54.658002+00:00
[2023-07-21T10:04:54.684+0000] {processor.py:179} INFO - Processing /home/airflow/.local/lib/python3.7/site-packages/airflow/example_dags/example_task_group_decorator.py took 0.143 seconds
[2023-07-21T10:05:25.293+0000] {processor.py:157} INFO - Started process (PID=918) to work on /home/airflow/.local/lib/python3.7/site-packages/airflow/example_dags/example_task_group_decorator.py
[2023-07-21T10:05:25.295+0000] {processor.py:826} INFO - Processing file /home/airflow/.local/lib/python3.7/site-packages/airflow/example_dags/example_task_group_decorator.py for tasks to queue
[2023-07-21T10:05:25.297+0000] {logging_mixin.py:150} INFO - [2023-07-21T10:05:25.297+0000] {dagbag.py:541} INFO - Filling up the DagBag from /home/airflow/.local/lib/python3.7/site-packages/airflow/example_dags/example_task_group_decorator.py
[2023-07-21T10:05:25.316+0000] {processor.py:836} INFO - DAG(s) dict_keys(['example_task_group_decorator']) retrieved from /home/airflow/.local/lib/python3.7/site-packages/airflow/example_dags/example_task_group_decorator.py
[2023-07-21T10:05:25.355+0000] {logging_mixin.py:150} INFO - [2023-07-21T10:05:25.355+0000] {dag.py:2742} INFO - Sync 1 DAGs
[2023-07-21T10:05:25.390+0000] {logging_mixin.py:150} INFO - [2023-07-21T10:05:25.390+0000] {dag.py:3508} INFO - Setting next_dagrun for example_task_group_decorator to 2023-07-20T10:05:25.389760+00:00, run_after=2023-07-21T10:05:25.389760+00:00
[2023-07-21T10:05:25.417+0000] {processor.py:179} INFO - Processing /home/airflow/.local/lib/python3.7/site-packages/airflow/example_dags/example_task_group_decorator.py took 0.132 seconds
[2023-07-21T10:05:55.937+0000] {processor.py:157} INFO - Started process (PID=979) to work on /home/airflow/.local/lib/python3.7/site-packages/airflow/example_dags/example_task_group_decorator.py
[2023-07-21T10:05:55.939+0000] {processor.py:826} INFO - Processing file /home/airflow/.local/lib/python3.7/site-packages/airflow/example_dags/example_task_group_decorator.py for tasks to queue
[2023-07-21T10:05:55.941+0000] {logging_mixin.py:150} INFO - [2023-07-21T10:05:55.940+0000] {dagbag.py:541} INFO - Filling up the DagBag from /home/airflow/.local/lib/python3.7/site-packages/airflow/example_dags/example_task_group_decorator.py
[2023-07-21T10:05:55.969+0000] {processor.py:836} INFO - DAG(s) dict_keys(['example_task_group_decorator']) retrieved from /home/airflow/.local/lib/python3.7/site-packages/airflow/example_dags/example_task_group_decorator.py
[2023-07-21T10:05:56.004+0000] {logging_mixin.py:150} INFO - [2023-07-21T10:05:56.004+0000] {dag.py:2742} INFO - Sync 1 DAGs
[2023-07-21T10:05:56.036+0000] {logging_mixin.py:150} INFO - [2023-07-21T10:05:56.036+0000] {dag.py:3508} INFO - Setting next_dagrun for example_task_group_decorator to 2023-07-20T10:05:56.035719+00:00, run_after=2023-07-21T10:05:56.035719+00:00
[2023-07-21T10:05:56.068+0000] {processor.py:179} INFO - Processing /home/airflow/.local/lib/python3.7/site-packages/airflow/example_dags/example_task_group_decorator.py took 0.135 seconds
[2023-07-21T10:06:26.150+0000] {processor.py:157} INFO - Started process (PID=1041) to work on /home/airflow/.local/lib/python3.7/site-packages/airflow/example_dags/example_task_group_decorator.py
[2023-07-21T10:06:26.151+0000] {processor.py:826} INFO - Processing file /home/airflow/.local/lib/python3.7/site-packages/airflow/example_dags/example_task_group_decorator.py for tasks to queue
[2023-07-21T10:06:26.152+0000] {logging_mixin.py:150} INFO - [2023-07-21T10:06:26.152+0000] {dagbag.py:541} INFO - Filling up the DagBag from /home/airflow/.local/lib/python3.7/site-packages/airflow/example_dags/example_task_group_decorator.py
[2023-07-21T10:06:26.174+0000] {processor.py:836} INFO - DAG(s) dict_keys(['example_task_group_decorator']) retrieved from /home/airflow/.local/lib/python3.7/site-packages/airflow/example_dags/example_task_group_decorator.py
[2023-07-21T10:06:26.207+0000] {logging_mixin.py:150} INFO - [2023-07-21T10:06:26.207+0000] {dag.py:2742} INFO - Sync 1 DAGs
[2023-07-21T10:06:26.239+0000] {logging_mixin.py:150} INFO - [2023-07-21T10:06:26.239+0000] {dag.py:3508} INFO - Setting next_dagrun for example_task_group_decorator to 2023-07-20T10:06:26.239095+00:00, run_after=2023-07-21T10:06:26.239095+00:00
[2023-07-21T10:06:26.267+0000] {processor.py:179} INFO - Processing /home/airflow/.local/lib/python3.7/site-packages/airflow/example_dags/example_task_group_decorator.py took 0.120 seconds
[2023-07-21T10:06:56.395+0000] {processor.py:157} INFO - Started process (PID=1102) to work on /home/airflow/.local/lib/python3.7/site-packages/airflow/example_dags/example_task_group_decorator.py
[2023-07-21T10:06:56.397+0000] {processor.py:826} INFO - Processing file /home/airflow/.local/lib/python3.7/site-packages/airflow/example_dags/example_task_group_decorator.py for tasks to queue
[2023-07-21T10:06:56.399+0000] {logging_mixin.py:150} INFO - [2023-07-21T10:06:56.398+0000] {dagbag.py:541} INFO - Filling up the DagBag from /home/airflow/.local/lib/python3.7/site-packages/airflow/example_dags/example_task_group_decorator.py
[2023-07-21T10:06:56.422+0000] {processor.py:836} INFO - DAG(s) dict_keys(['example_task_group_decorator']) retrieved from /home/airflow/.local/lib/python3.7/site-packages/airflow/example_dags/example_task_group_decorator.py
[2023-07-21T10:06:56.519+0000] {logging_mixin.py:150} INFO - [2023-07-21T10:06:56.519+0000] {dag.py:2742} INFO - Sync 1 DAGs
[2023-07-21T10:06:56.556+0000] {logging_mixin.py:150} INFO - [2023-07-21T10:06:56.556+0000] {dag.py:3508} INFO - Setting next_dagrun for example_task_group_decorator to 2023-07-20T10:06:56.555689+00:00, run_after=2023-07-21T10:06:56.555689+00:00
[2023-07-21T10:06:56.593+0000] {processor.py:179} INFO - Processing /home/airflow/.local/lib/python3.7/site-packages/airflow/example_dags/example_task_group_decorator.py took 0.203 seconds
[2023-07-21T10:07:26.660+0000] {processor.py:157} INFO - Started process (PID=1168) to work on /home/airflow/.local/lib/python3.7/site-packages/airflow/example_dags/example_task_group_decorator.py
[2023-07-21T10:07:26.663+0000] {processor.py:826} INFO - Processing file /home/airflow/.local/lib/python3.7/site-packages/airflow/example_dags/example_task_group_decorator.py for tasks to queue
[2023-07-21T10:07:26.664+0000] {logging_mixin.py:150} INFO - [2023-07-21T10:07:26.664+0000] {dagbag.py:541} INFO - Filling up the DagBag from /home/airflow/.local/lib/python3.7/site-packages/airflow/example_dags/example_task_group_decorator.py
[2023-07-21T10:07:26.690+0000] {processor.py:836} INFO - DAG(s) dict_keys(['example_task_group_decorator']) retrieved from /home/airflow/.local/lib/python3.7/site-packages/airflow/example_dags/example_task_group_decorator.py
[2023-07-21T10:07:26.736+0000] {logging_mixin.py:150} INFO - [2023-07-21T10:07:26.736+0000] {dag.py:2742} INFO - Sync 1 DAGs
[2023-07-21T10:07:26.778+0000] {logging_mixin.py:150} INFO - [2023-07-21T10:07:26.777+0000] {dag.py:3508} INFO - Setting next_dagrun for example_task_group_decorator to 2023-07-20T10:07:26.777403+00:00, run_after=2023-07-21T10:07:26.777403+00:00
[2023-07-21T10:07:26.821+0000] {processor.py:179} INFO - Processing /home/airflow/.local/lib/python3.7/site-packages/airflow/example_dags/example_task_group_decorator.py took 0.166 seconds
[2023-07-21T10:07:57.119+0000] {processor.py:157} INFO - Started process (PID=1230) to work on /home/airflow/.local/lib/python3.7/site-packages/airflow/example_dags/example_task_group_decorator.py
[2023-07-21T10:07:57.120+0000] {processor.py:826} INFO - Processing file /home/airflow/.local/lib/python3.7/site-packages/airflow/example_dags/example_task_group_decorator.py for tasks to queue
[2023-07-21T10:07:57.121+0000] {logging_mixin.py:150} INFO - [2023-07-21T10:07:57.121+0000] {dagbag.py:541} INFO - Filling up the DagBag from /home/airflow/.local/lib/python3.7/site-packages/airflow/example_dags/example_task_group_decorator.py
[2023-07-21T10:07:57.139+0000] {processor.py:836} INFO - DAG(s) dict_keys(['example_task_group_decorator']) retrieved from /home/airflow/.local/lib/python3.7/site-packages/airflow/example_dags/example_task_group_decorator.py
[2023-07-21T10:07:57.176+0000] {logging_mixin.py:150} INFO - [2023-07-21T10:07:57.176+0000] {dag.py:2742} INFO - Sync 1 DAGs
[2023-07-21T10:07:57.210+0000] {logging_mixin.py:150} INFO - [2023-07-21T10:07:57.210+0000] {dag.py:3508} INFO - Setting next_dagrun for example_task_group_decorator to 2023-07-20T10:07:57.210353+00:00, run_after=2023-07-21T10:07:57.210353+00:00
[2023-07-21T10:07:57.237+0000] {processor.py:179} INFO - Processing /home/airflow/.local/lib/python3.7/site-packages/airflow/example_dags/example_task_group_decorator.py took 0.122 seconds
[2023-07-21T10:08:30.291+0000] {processor.py:157} INFO - Started process (PID=1292) to work on /home/airflow/.local/lib/python3.7/site-packages/airflow/example_dags/example_task_group_decorator.py
[2023-07-21T10:08:30.294+0000] {processor.py:826} INFO - Processing file /home/airflow/.local/lib/python3.7/site-packages/airflow/example_dags/example_task_group_decorator.py for tasks to queue
[2023-07-21T10:08:30.299+0000] {logging_mixin.py:150} INFO - [2023-07-21T10:08:30.298+0000] {dagbag.py:541} INFO - Filling up the DagBag from /home/airflow/.local/lib/python3.7/site-packages/airflow/example_dags/example_task_group_decorator.py
[2023-07-21T10:08:30.354+0000] {processor.py:836} INFO - DAG(s) dict_keys(['example_task_group_decorator']) retrieved from /home/airflow/.local/lib/python3.7/site-packages/airflow/example_dags/example_task_group_decorator.py
[2023-07-21T10:08:30.452+0000] {logging_mixin.py:150} INFO - [2023-07-21T10:08:30.451+0000] {dag.py:2742} INFO - Sync 1 DAGs
[2023-07-21T10:08:30.530+0000] {logging_mixin.py:150} INFO - [2023-07-21T10:08:30.529+0000] {dag.py:3508} INFO - Setting next_dagrun for example_task_group_decorator to 2023-07-20T10:08:30.528969+00:00, run_after=2023-07-21T10:08:30.528969+00:00
[2023-07-21T10:08:30.588+0000] {processor.py:179} INFO - Processing /home/airflow/.local/lib/python3.7/site-packages/airflow/example_dags/example_task_group_decorator.py took 0.306 seconds
[2023-07-21T10:09:01.055+0000] {processor.py:157} INFO - Started process (PID=1353) to work on /home/airflow/.local/lib/python3.7/site-packages/airflow/example_dags/example_task_group_decorator.py
[2023-07-21T10:09:01.057+0000] {processor.py:826} INFO - Processing file /home/airflow/.local/lib/python3.7/site-packages/airflow/example_dags/example_task_group_decorator.py for tasks to queue
[2023-07-21T10:09:01.059+0000] {logging_mixin.py:150} INFO - [2023-07-21T10:09:01.058+0000] {dagbag.py:541} INFO - Filling up the DagBag from /home/airflow/.local/lib/python3.7/site-packages/airflow/example_dags/example_task_group_decorator.py
[2023-07-21T10:09:01.084+0000] {processor.py:836} INFO - DAG(s) dict_keys(['example_task_group_decorator']) retrieved from /home/airflow/.local/lib/python3.7/site-packages/airflow/example_dags/example_task_group_decorator.py
[2023-07-21T10:09:01.128+0000] {logging_mixin.py:150} INFO - [2023-07-21T10:09:01.128+0000] {dag.py:2742} INFO - Sync 1 DAGs
[2023-07-21T10:09:01.154+0000] {logging_mixin.py:150} INFO - [2023-07-21T10:09:01.154+0000] {dag.py:3508} INFO - Setting next_dagrun for example_task_group_decorator to 2023-07-20T10:09:01.154308+00:00, run_after=2023-07-21T10:09:01.154308+00:00
[2023-07-21T10:09:01.187+0000] {processor.py:179} INFO - Processing /home/airflow/.local/lib/python3.7/site-packages/airflow/example_dags/example_task_group_decorator.py took 0.137 seconds
[2023-07-21T10:09:31.374+0000] {processor.py:157} INFO - Started process (PID=1414) to work on /home/airflow/.local/lib/python3.7/site-packages/airflow/example_dags/example_task_group_decorator.py
[2023-07-21T10:09:31.375+0000] {processor.py:826} INFO - Processing file /home/airflow/.local/lib/python3.7/site-packages/airflow/example_dags/example_task_group_decorator.py for tasks to queue
[2023-07-21T10:09:31.376+0000] {logging_mixin.py:150} INFO - [2023-07-21T10:09:31.376+0000] {dagbag.py:541} INFO - Filling up the DagBag from /home/airflow/.local/lib/python3.7/site-packages/airflow/example_dags/example_task_group_decorator.py
[2023-07-21T10:09:31.394+0000] {processor.py:836} INFO - DAG(s) dict_keys(['example_task_group_decorator']) retrieved from /home/airflow/.local/lib/python3.7/site-packages/airflow/example_dags/example_task_group_decorator.py
[2023-07-21T10:09:31.425+0000] {logging_mixin.py:150} INFO - [2023-07-21T10:09:31.425+0000] {dag.py:2742} INFO - Sync 1 DAGs
[2023-07-21T10:09:31.453+0000] {logging_mixin.py:150} INFO - [2023-07-21T10:09:31.453+0000] {dag.py:3508} INFO - Setting next_dagrun for example_task_group_decorator to 2023-07-20T10:09:31.453191+00:00, run_after=2023-07-21T10:09:31.453191+00:00
[2023-07-21T10:09:31.478+0000] {processor.py:179} INFO - Processing /home/airflow/.local/lib/python3.7/site-packages/airflow/example_dags/example_task_group_decorator.py took 0.108 seconds
[2023-07-21T10:10:01.728+0000] {processor.py:157} INFO - Started process (PID=1475) to work on /home/airflow/.local/lib/python3.7/site-packages/airflow/example_dags/example_task_group_decorator.py
[2023-07-21T10:10:01.730+0000] {processor.py:826} INFO - Processing file /home/airflow/.local/lib/python3.7/site-packages/airflow/example_dags/example_task_group_decorator.py for tasks to queue
[2023-07-21T10:10:01.732+0000] {logging_mixin.py:150} INFO - [2023-07-21T10:10:01.731+0000] {dagbag.py:541} INFO - Filling up the DagBag from /home/airflow/.local/lib/python3.7/site-packages/airflow/example_dags/example_task_group_decorator.py
[2023-07-21T10:10:01.756+0000] {processor.py:836} INFO - DAG(s) dict_keys(['example_task_group_decorator']) retrieved from /home/airflow/.local/lib/python3.7/site-packages/airflow/example_dags/example_task_group_decorator.py
[2023-07-21T10:10:01.799+0000] {logging_mixin.py:150} INFO - [2023-07-21T10:10:01.798+0000] {dag.py:2742} INFO - Sync 1 DAGs
[2023-07-21T10:10:01.826+0000] {logging_mixin.py:150} INFO - [2023-07-21T10:10:01.826+0000] {dag.py:3508} INFO - Setting next_dagrun for example_task_group_decorator to 2023-07-20T10:10:01.825935+00:00, run_after=2023-07-21T10:10:01.825935+00:00
[2023-07-21T10:10:01.852+0000] {processor.py:179} INFO - Processing /home/airflow/.local/lib/python3.7/site-packages/airflow/example_dags/example_task_group_decorator.py took 0.130 seconds
[2023-07-21T10:10:32.033+0000] {processor.py:157} INFO - Started process (PID=1536) to work on /home/airflow/.local/lib/python3.7/site-packages/airflow/example_dags/example_task_group_decorator.py
[2023-07-21T10:10:32.034+0000] {processor.py:826} INFO - Processing file /home/airflow/.local/lib/python3.7/site-packages/airflow/example_dags/example_task_group_decorator.py for tasks to queue
[2023-07-21T10:10:32.035+0000] {logging_mixin.py:150} INFO - [2023-07-21T10:10:32.035+0000] {dagbag.py:541} INFO - Filling up the DagBag from /home/airflow/.local/lib/python3.7/site-packages/airflow/example_dags/example_task_group_decorator.py
[2023-07-21T10:10:32.057+0000] {processor.py:836} INFO - DAG(s) dict_keys(['example_task_group_decorator']) retrieved from /home/airflow/.local/lib/python3.7/site-packages/airflow/example_dags/example_task_group_decorator.py
[2023-07-21T10:10:32.090+0000] {logging_mixin.py:150} INFO - [2023-07-21T10:10:32.090+0000] {dag.py:2742} INFO - Sync 1 DAGs
[2023-07-21T10:10:32.126+0000] {logging_mixin.py:150} INFO - [2023-07-21T10:10:32.125+0000] {dag.py:3508} INFO - Setting next_dagrun for example_task_group_decorator to 2023-07-20T10:10:32.125475+00:00, run_after=2023-07-21T10:10:32.125475+00:00
[2023-07-21T10:10:32.151+0000] {processor.py:179} INFO - Processing /home/airflow/.local/lib/python3.7/site-packages/airflow/example_dags/example_task_group_decorator.py took 0.123 seconds
[2023-07-21T10:11:03.080+0000] {processor.py:157} INFO - Started process (PID=1597) to work on /home/airflow/.local/lib/python3.7/site-packages/airflow/example_dags/example_task_group_decorator.py
[2023-07-21T10:11:03.082+0000] {processor.py:826} INFO - Processing file /home/airflow/.local/lib/python3.7/site-packages/airflow/example_dags/example_task_group_decorator.py for tasks to queue
[2023-07-21T10:11:03.083+0000] {logging_mixin.py:150} INFO - [2023-07-21T10:11:03.083+0000] {dagbag.py:541} INFO - Filling up the DagBag from /home/airflow/.local/lib/python3.7/site-packages/airflow/example_dags/example_task_group_decorator.py
[2023-07-21T10:11:03.101+0000] {processor.py:836} INFO - DAG(s) dict_keys(['example_task_group_decorator']) retrieved from /home/airflow/.local/lib/python3.7/site-packages/airflow/example_dags/example_task_group_decorator.py
[2023-07-21T10:11:03.131+0000] {logging_mixin.py:150} INFO - [2023-07-21T10:11:03.131+0000] {dag.py:2742} INFO - Sync 1 DAGs
[2023-07-21T10:11:03.162+0000] {logging_mixin.py:150} INFO - [2023-07-21T10:11:03.161+0000] {dag.py:3508} INFO - Setting next_dagrun for example_task_group_decorator to 2023-07-20T10:11:03.160998+00:00, run_after=2023-07-21T10:11:03.160998+00:00
[2023-07-21T10:11:03.193+0000] {processor.py:179} INFO - Processing /home/airflow/.local/lib/python3.7/site-packages/airflow/example_dags/example_task_group_decorator.py took 0.117 seconds
[2023-07-21T10:11:34.022+0000] {processor.py:157} INFO - Started process (PID=1658) to work on /home/airflow/.local/lib/python3.7/site-packages/airflow/example_dags/example_task_group_decorator.py
[2023-07-21T10:11:34.024+0000] {processor.py:826} INFO - Processing file /home/airflow/.local/lib/python3.7/site-packages/airflow/example_dags/example_task_group_decorator.py for tasks to queue
[2023-07-21T10:11:34.025+0000] {logging_mixin.py:150} INFO - [2023-07-21T10:11:34.025+0000] {dagbag.py:541} INFO - Filling up the DagBag from /home/airflow/.local/lib/python3.7/site-packages/airflow/example_dags/example_task_group_decorator.py
[2023-07-21T10:11:34.042+0000] {processor.py:836} INFO - DAG(s) dict_keys(['example_task_group_decorator']) retrieved from /home/airflow/.local/lib/python3.7/site-packages/airflow/example_dags/example_task_group_decorator.py
[2023-07-21T10:11:34.070+0000] {logging_mixin.py:150} INFO - [2023-07-21T10:11:34.070+0000] {dag.py:2742} INFO - Sync 1 DAGs
[2023-07-21T10:11:34.097+0000] {logging_mixin.py:150} INFO - [2023-07-21T10:11:34.097+0000] {dag.py:3508} INFO - Setting next_dagrun for example_task_group_decorator to 2023-07-20T10:11:34.096817+00:00, run_after=2023-07-21T10:11:34.096817+00:00
[2023-07-21T10:11:34.124+0000] {processor.py:179} INFO - Processing /home/airflow/.local/lib/python3.7/site-packages/airflow/example_dags/example_task_group_decorator.py took 0.105 seconds
[2023-07-21T10:12:04.612+0000] {processor.py:157} INFO - Started process (PID=1719) to work on /home/airflow/.local/lib/python3.7/site-packages/airflow/example_dags/example_task_group_decorator.py
[2023-07-21T10:12:04.613+0000] {processor.py:826} INFO - Processing file /home/airflow/.local/lib/python3.7/site-packages/airflow/example_dags/example_task_group_decorator.py for tasks to queue
[2023-07-21T10:12:04.614+0000] {logging_mixin.py:150} INFO - [2023-07-21T10:12:04.614+0000] {dagbag.py:541} INFO - Filling up the DagBag from /home/airflow/.local/lib/python3.7/site-packages/airflow/example_dags/example_task_group_decorator.py
[2023-07-21T10:12:04.633+0000] {processor.py:836} INFO - DAG(s) dict_keys(['example_task_group_decorator']) retrieved from /home/airflow/.local/lib/python3.7/site-packages/airflow/example_dags/example_task_group_decorator.py
[2023-07-21T10:12:04.660+0000] {logging_mixin.py:150} INFO - [2023-07-21T10:12:04.660+0000] {dag.py:2742} INFO - Sync 1 DAGs
[2023-07-21T10:12:04.692+0000] {logging_mixin.py:150} INFO - [2023-07-21T10:12:04.692+0000] {dag.py:3508} INFO - Setting next_dagrun for example_task_group_decorator to 2023-07-20T10:12:04.692513+00:00, run_after=2023-07-21T10:12:04.692513+00:00
[2023-07-21T10:12:04.713+0000] {processor.py:179} INFO - Processing /home/airflow/.local/lib/python3.7/site-packages/airflow/example_dags/example_task_group_decorator.py took 0.105 seconds
[2023-07-21T10:12:35.342+0000] {processor.py:157} INFO - Started process (PID=1780) to work on /home/airflow/.local/lib/python3.7/site-packages/airflow/example_dags/example_task_group_decorator.py
[2023-07-21T10:12:35.344+0000] {processor.py:826} INFO - Processing file /home/airflow/.local/lib/python3.7/site-packages/airflow/example_dags/example_task_group_decorator.py for tasks to queue
[2023-07-21T10:12:35.345+0000] {logging_mixin.py:150} INFO - [2023-07-21T10:12:35.345+0000] {dagbag.py:541} INFO - Filling up the DagBag from /home/airflow/.local/lib/python3.7/site-packages/airflow/example_dags/example_task_group_decorator.py
[2023-07-21T10:12:35.378+0000] {processor.py:836} INFO - DAG(s) dict_keys(['example_task_group_decorator']) retrieved from /home/airflow/.local/lib/python3.7/site-packages/airflow/example_dags/example_task_group_decorator.py
[2023-07-21T10:12:35.464+0000] {logging_mixin.py:150} INFO - [2023-07-21T10:12:35.464+0000] {dag.py:2742} INFO - Sync 1 DAGs
[2023-07-21T10:12:35.509+0000] {logging_mixin.py:150} INFO - [2023-07-21T10:12:35.509+0000] {dag.py:3508} INFO - Setting next_dagrun for example_task_group_decorator to 2023-07-20T10:12:35.509242+00:00, run_after=2023-07-21T10:12:35.509242+00:00
[2023-07-21T10:12:35.539+0000] {processor.py:179} INFO - Processing /home/airflow/.local/lib/python3.7/site-packages/airflow/example_dags/example_task_group_decorator.py took 0.201 seconds
[2023-07-21T10:13:05.614+0000] {processor.py:157} INFO - Started process (PID=1841) to work on /home/airflow/.local/lib/python3.7/site-packages/airflow/example_dags/example_task_group_decorator.py
[2023-07-21T10:13:05.616+0000] {processor.py:826} INFO - Processing file /home/airflow/.local/lib/python3.7/site-packages/airflow/example_dags/example_task_group_decorator.py for tasks to queue
[2023-07-21T10:13:05.617+0000] {logging_mixin.py:150} INFO - [2023-07-21T10:13:05.617+0000] {dagbag.py:541} INFO - Filling up the DagBag from /home/airflow/.local/lib/python3.7/site-packages/airflow/example_dags/example_task_group_decorator.py
[2023-07-21T10:13:05.638+0000] {processor.py:836} INFO - DAG(s) dict_keys(['example_task_group_decorator']) retrieved from /home/airflow/.local/lib/python3.7/site-packages/airflow/example_dags/example_task_group_decorator.py
[2023-07-21T10:13:05.672+0000] {logging_mixin.py:150} INFO - [2023-07-21T10:13:05.672+0000] {dag.py:2742} INFO - Sync 1 DAGs
[2023-07-21T10:13:05.707+0000] {logging_mixin.py:150} INFO - [2023-07-21T10:13:05.707+0000] {dag.py:3508} INFO - Setting next_dagrun for example_task_group_decorator to 2023-07-20T10:13:05.707019+00:00, run_after=2023-07-21T10:13:05.707019+00:00
[2023-07-21T10:13:05.736+0000] {processor.py:179} INFO - Processing /home/airflow/.local/lib/python3.7/site-packages/airflow/example_dags/example_task_group_decorator.py took 0.126 seconds
[2023-07-21T10:13:35.865+0000] {processor.py:157} INFO - Started process (PID=1902) to work on /home/airflow/.local/lib/python3.7/site-packages/airflow/example_dags/example_task_group_decorator.py
[2023-07-21T10:13:35.868+0000] {processor.py:826} INFO - Processing file /home/airflow/.local/lib/python3.7/site-packages/airflow/example_dags/example_task_group_decorator.py for tasks to queue
[2023-07-21T10:13:35.870+0000] {logging_mixin.py:150} INFO - [2023-07-21T10:13:35.869+0000] {dagbag.py:541} INFO - Filling up the DagBag from /home/airflow/.local/lib/python3.7/site-packages/airflow/example_dags/example_task_group_decorator.py
[2023-07-21T10:13:35.899+0000] {processor.py:836} INFO - DAG(s) dict_keys(['example_task_group_decorator']) retrieved from /home/airflow/.local/lib/python3.7/site-packages/airflow/example_dags/example_task_group_decorator.py
[2023-07-21T10:13:35.946+0000] {logging_mixin.py:150} INFO - [2023-07-21T10:13:35.946+0000] {dag.py:2742} INFO - Sync 1 DAGs
[2023-07-21T10:13:36.019+0000] {logging_mixin.py:150} INFO - [2023-07-21T10:13:36.019+0000] {dag.py:3508} INFO - Setting next_dagrun for example_task_group_decorator to 2023-07-20T10:13:36.017974+00:00, run_after=2023-07-21T10:13:36.017974+00:00
[2023-07-21T10:13:36.057+0000] {processor.py:179} INFO - Processing /home/airflow/.local/lib/python3.7/site-packages/airflow/example_dags/example_task_group_decorator.py took 0.199 seconds
[2023-07-21T10:14:06.807+0000] {processor.py:157} INFO - Started process (PID=1963) to work on /home/airflow/.local/lib/python3.7/site-packages/airflow/example_dags/example_task_group_decorator.py
[2023-07-21T10:14:06.809+0000] {processor.py:826} INFO - Processing file /home/airflow/.local/lib/python3.7/site-packages/airflow/example_dags/example_task_group_decorator.py for tasks to queue
[2023-07-21T10:14:06.810+0000] {logging_mixin.py:150} INFO - [2023-07-21T10:14:06.810+0000] {dagbag.py:541} INFO - Filling up the DagBag from /home/airflow/.local/lib/python3.7/site-packages/airflow/example_dags/example_task_group_decorator.py
[2023-07-21T10:14:06.827+0000] {processor.py:836} INFO - DAG(s) dict_keys(['example_task_group_decorator']) retrieved from /home/airflow/.local/lib/python3.7/site-packages/airflow/example_dags/example_task_group_decorator.py
[2023-07-21T10:14:06.862+0000] {logging_mixin.py:150} INFO - [2023-07-21T10:14:06.861+0000] {dag.py:2742} INFO - Sync 1 DAGs
[2023-07-21T10:14:06.895+0000] {logging_mixin.py:150} INFO - [2023-07-21T10:14:06.895+0000] {dag.py:3508} INFO - Setting next_dagrun for example_task_group_decorator to 2023-07-20T10:14:06.895288+00:00, run_after=2023-07-21T10:14:06.895288+00:00
[2023-07-21T10:14:06.922+0000] {processor.py:179} INFO - Processing /home/airflow/.local/lib/python3.7/site-packages/airflow/example_dags/example_task_group_decorator.py took 0.119 seconds
[2023-07-21T10:14:37.058+0000] {processor.py:157} INFO - Started process (PID=2024) to work on /home/airflow/.local/lib/python3.7/site-packages/airflow/example_dags/example_task_group_decorator.py
[2023-07-21T10:14:37.059+0000] {processor.py:826} INFO - Processing file /home/airflow/.local/lib/python3.7/site-packages/airflow/example_dags/example_task_group_decorator.py for tasks to queue
[2023-07-21T10:14:37.061+0000] {logging_mixin.py:150} INFO - [2023-07-21T10:14:37.060+0000] {dagbag.py:541} INFO - Filling up the DagBag from /home/airflow/.local/lib/python3.7/site-packages/airflow/example_dags/example_task_group_decorator.py
[2023-07-21T10:14:37.078+0000] {processor.py:836} INFO - DAG(s) dict_keys(['example_task_group_decorator']) retrieved from /home/airflow/.local/lib/python3.7/site-packages/airflow/example_dags/example_task_group_decorator.py
[2023-07-21T10:14:37.111+0000] {logging_mixin.py:150} INFO - [2023-07-21T10:14:37.111+0000] {dag.py:2742} INFO - Sync 1 DAGs
[2023-07-21T10:14:37.141+0000] {logging_mixin.py:150} INFO - [2023-07-21T10:14:37.141+0000] {dag.py:3508} INFO - Setting next_dagrun for example_task_group_decorator to 2023-07-20T10:14:37.141109+00:00, run_after=2023-07-21T10:14:37.141109+00:00
[2023-07-21T10:14:37.167+0000] {processor.py:179} INFO - Processing /home/airflow/.local/lib/python3.7/site-packages/airflow/example_dags/example_task_group_decorator.py took 0.112 seconds
