[2023-07-21T09:58:09.177+0000] {processor.py:157} INFO - Started process (PID=45) to work on /home/airflow/.local/lib/python3.7/site-packages/airflow/example_dags/example_sensors.py
[2023-07-21T09:58:09.179+0000] {processor.py:826} INFO - Processing file /home/airflow/.local/lib/python3.7/site-packages/airflow/example_dags/example_sensors.py for tasks to queue
[2023-07-21T09:58:09.183+0000] {logging_mixin.py:150} INFO - [2023-07-21T09:58:09.181+0000] {dagbag.py:541} INFO - Filling up the DagBag from /home/airflow/.local/lib/python3.7/site-packages/airflow/example_dags/example_sensors.py
[2023-07-21T09:58:09.211+0000] {processor.py:836} INFO - DAG(s) dict_keys(['example_sensors']) retrieved from /home/airflow/.local/lib/python3.7/site-packages/airflow/example_dags/example_sensors.py
[2023-07-21T09:58:10.274+0000] {logging_mixin.py:150} INFO - [2023-07-21T09:58:10.274+0000] {dag.py:2742} INFO - Sync 1 DAGs
[2023-07-21T09:58:10.327+0000] {logging_mixin.py:150} INFO - [2023-07-21T09:58:10.326+0000] {dag.py:3508} INFO - Setting next_dagrun for example_sensors to None, run_after=None
[2023-07-21T09:58:10.379+0000] {processor.py:179} INFO - Processing /home/airflow/.local/lib/python3.7/site-packages/airflow/example_dags/example_sensors.py took 1.207 seconds
[2023-07-21T09:58:40.630+0000] {processor.py:157} INFO - Started process (PID=106) to work on /home/airflow/.local/lib/python3.7/site-packages/airflow/example_dags/example_sensors.py
[2023-07-21T09:58:40.631+0000] {processor.py:826} INFO - Processing file /home/airflow/.local/lib/python3.7/site-packages/airflow/example_dags/example_sensors.py for tasks to queue
[2023-07-21T09:58:40.634+0000] {logging_mixin.py:150} INFO - [2023-07-21T09:58:40.633+0000] {dagbag.py:541} INFO - Filling up the DagBag from /home/airflow/.local/lib/python3.7/site-packages/airflow/example_dags/example_sensors.py
[2023-07-21T09:58:40.668+0000] {processor.py:836} INFO - DAG(s) dict_keys(['example_sensors']) retrieved from /home/airflow/.local/lib/python3.7/site-packages/airflow/example_dags/example_sensors.py
[2023-07-21T09:58:40.706+0000] {logging_mixin.py:150} INFO - [2023-07-21T09:58:40.705+0000] {dag.py:2742} INFO - Sync 1 DAGs
[2023-07-21T09:58:40.826+0000] {logging_mixin.py:150} INFO - [2023-07-21T09:58:40.826+0000] {dag.py:3508} INFO - Setting next_dagrun for example_sensors to None, run_after=None
[2023-07-21T09:58:40.904+0000] {processor.py:179} INFO - Processing /home/airflow/.local/lib/python3.7/site-packages/airflow/example_dags/example_sensors.py took 0.280 seconds
[2023-07-21T09:59:11.891+0000] {processor.py:157} INFO - Started process (PID=168) to work on /home/airflow/.local/lib/python3.7/site-packages/airflow/example_dags/example_sensors.py
[2023-07-21T09:59:11.895+0000] {processor.py:826} INFO - Processing file /home/airflow/.local/lib/python3.7/site-packages/airflow/example_dags/example_sensors.py for tasks to queue
[2023-07-21T09:59:11.897+0000] {logging_mixin.py:150} INFO - [2023-07-21T09:59:11.897+0000] {dagbag.py:541} INFO - Filling up the DagBag from /home/airflow/.local/lib/python3.7/site-packages/airflow/example_dags/example_sensors.py
[2023-07-21T09:59:11.947+0000] {processor.py:836} INFO - DAG(s) dict_keys(['example_sensors']) retrieved from /home/airflow/.local/lib/python3.7/site-packages/airflow/example_dags/example_sensors.py
[2023-07-21T09:59:12.057+0000] {logging_mixin.py:150} INFO - [2023-07-21T09:59:12.056+0000] {dag.py:2742} INFO - Sync 1 DAGs
[2023-07-21T09:59:12.152+0000] {logging_mixin.py:150} INFO - [2023-07-21T09:59:12.151+0000] {dag.py:3508} INFO - Setting next_dagrun for example_sensors to None, run_after=None
[2023-07-21T09:59:12.211+0000] {processor.py:179} INFO - Processing /home/airflow/.local/lib/python3.7/site-packages/airflow/example_dags/example_sensors.py took 0.328 seconds
[2023-07-21T09:59:42.346+0000] {processor.py:157} INFO - Started process (PID=229) to work on /home/airflow/.local/lib/python3.7/site-packages/airflow/example_dags/example_sensors.py
[2023-07-21T09:59:42.347+0000] {processor.py:826} INFO - Processing file /home/airflow/.local/lib/python3.7/site-packages/airflow/example_dags/example_sensors.py for tasks to queue
[2023-07-21T09:59:42.349+0000] {logging_mixin.py:150} INFO - [2023-07-21T09:59:42.349+0000] {dagbag.py:541} INFO - Filling up the DagBag from /home/airflow/.local/lib/python3.7/site-packages/airflow/example_dags/example_sensors.py
[2023-07-21T09:59:42.362+0000] {processor.py:836} INFO - DAG(s) dict_keys(['example_sensors']) retrieved from /home/airflow/.local/lib/python3.7/site-packages/airflow/example_dags/example_sensors.py
[2023-07-21T09:59:42.398+0000] {logging_mixin.py:150} INFO - [2023-07-21T09:59:42.398+0000] {dag.py:2742} INFO - Sync 1 DAGs
[2023-07-21T09:59:42.426+0000] {logging_mixin.py:150} INFO - [2023-07-21T09:59:42.426+0000] {dag.py:3508} INFO - Setting next_dagrun for example_sensors to None, run_after=None
[2023-07-21T09:59:42.454+0000] {processor.py:179} INFO - Processing /home/airflow/.local/lib/python3.7/site-packages/airflow/example_dags/example_sensors.py took 0.113 seconds
[2023-07-21T10:00:12.607+0000] {processor.py:157} INFO - Started process (PID=290) to work on /home/airflow/.local/lib/python3.7/site-packages/airflow/example_dags/example_sensors.py
[2023-07-21T10:00:12.610+0000] {processor.py:826} INFO - Processing file /home/airflow/.local/lib/python3.7/site-packages/airflow/example_dags/example_sensors.py for tasks to queue
[2023-07-21T10:00:12.613+0000] {logging_mixin.py:150} INFO - [2023-07-21T10:00:12.612+0000] {dagbag.py:541} INFO - Filling up the DagBag from /home/airflow/.local/lib/python3.7/site-packages/airflow/example_dags/example_sensors.py
[2023-07-21T10:00:12.631+0000] {processor.py:836} INFO - DAG(s) dict_keys(['example_sensors']) retrieved from /home/airflow/.local/lib/python3.7/site-packages/airflow/example_dags/example_sensors.py
[2023-07-21T10:00:12.671+0000] {logging_mixin.py:150} INFO - [2023-07-21T10:00:12.670+0000] {dag.py:2742} INFO - Sync 1 DAGs
[2023-07-21T10:00:12.720+0000] {logging_mixin.py:150} INFO - [2023-07-21T10:00:12.719+0000] {dag.py:3508} INFO - Setting next_dagrun for example_sensors to None, run_after=None
[2023-07-21T10:00:12.750+0000] {processor.py:179} INFO - Processing /home/airflow/.local/lib/python3.7/site-packages/airflow/example_dags/example_sensors.py took 0.153 seconds
[2023-07-21T10:00:42.794+0000] {processor.py:157} INFO - Started process (PID=351) to work on /home/airflow/.local/lib/python3.7/site-packages/airflow/example_dags/example_sensors.py
[2023-07-21T10:00:42.795+0000] {processor.py:826} INFO - Processing file /home/airflow/.local/lib/python3.7/site-packages/airflow/example_dags/example_sensors.py for tasks to queue
[2023-07-21T10:00:42.796+0000] {logging_mixin.py:150} INFO - [2023-07-21T10:00:42.796+0000] {dagbag.py:541} INFO - Filling up the DagBag from /home/airflow/.local/lib/python3.7/site-packages/airflow/example_dags/example_sensors.py
[2023-07-21T10:00:42.809+0000] {processor.py:836} INFO - DAG(s) dict_keys(['example_sensors']) retrieved from /home/airflow/.local/lib/python3.7/site-packages/airflow/example_dags/example_sensors.py
[2023-07-21T10:00:42.842+0000] {logging_mixin.py:150} INFO - [2023-07-21T10:00:42.841+0000] {dag.py:2742} INFO - Sync 1 DAGs
[2023-07-21T10:00:42.869+0000] {logging_mixin.py:150} INFO - [2023-07-21T10:00:42.869+0000] {dag.py:3508} INFO - Setting next_dagrun for example_sensors to None, run_after=None
[2023-07-21T10:00:42.893+0000] {processor.py:179} INFO - Processing /home/airflow/.local/lib/python3.7/site-packages/airflow/example_dags/example_sensors.py took 0.104 seconds
[2023-07-21T10:01:13.909+0000] {processor.py:157} INFO - Started process (PID=411) to work on /home/airflow/.local/lib/python3.7/site-packages/airflow/example_dags/example_sensors.py
[2023-07-21T10:01:13.910+0000] {processor.py:826} INFO - Processing file /home/airflow/.local/lib/python3.7/site-packages/airflow/example_dags/example_sensors.py for tasks to queue
[2023-07-21T10:01:13.911+0000] {logging_mixin.py:150} INFO - [2023-07-21T10:01:13.911+0000] {dagbag.py:541} INFO - Filling up the DagBag from /home/airflow/.local/lib/python3.7/site-packages/airflow/example_dags/example_sensors.py
[2023-07-21T10:01:13.922+0000] {processor.py:836} INFO - DAG(s) dict_keys(['example_sensors']) retrieved from /home/airflow/.local/lib/python3.7/site-packages/airflow/example_dags/example_sensors.py
[2023-07-21T10:01:13.954+0000] {logging_mixin.py:150} INFO - [2023-07-21T10:01:13.954+0000] {dag.py:2742} INFO - Sync 1 DAGs
[2023-07-21T10:01:13.977+0000] {logging_mixin.py:150} INFO - [2023-07-21T10:01:13.977+0000] {dag.py:3508} INFO - Setting next_dagrun for example_sensors to None, run_after=None
[2023-07-21T10:01:13.994+0000] {processor.py:179} INFO - Processing /home/airflow/.local/lib/python3.7/site-packages/airflow/example_dags/example_sensors.py took 0.089 seconds
[2023-07-21T10:01:45.461+0000] {processor.py:157} INFO - Started process (PID=472) to work on /home/airflow/.local/lib/python3.7/site-packages/airflow/example_dags/example_sensors.py
[2023-07-21T10:01:45.464+0000] {processor.py:826} INFO - Processing file /home/airflow/.local/lib/python3.7/site-packages/airflow/example_dags/example_sensors.py for tasks to queue
[2023-07-21T10:01:45.465+0000] {logging_mixin.py:150} INFO - [2023-07-21T10:01:45.465+0000] {dagbag.py:541} INFO - Filling up the DagBag from /home/airflow/.local/lib/python3.7/site-packages/airflow/example_dags/example_sensors.py
[2023-07-21T10:01:45.498+0000] {processor.py:836} INFO - DAG(s) dict_keys(['example_sensors']) retrieved from /home/airflow/.local/lib/python3.7/site-packages/airflow/example_dags/example_sensors.py
[2023-07-21T10:01:45.594+0000] {logging_mixin.py:150} INFO - [2023-07-21T10:01:45.593+0000] {dag.py:2742} INFO - Sync 1 DAGs
[2023-07-21T10:01:45.684+0000] {logging_mixin.py:150} INFO - [2023-07-21T10:01:45.683+0000] {dag.py:3508} INFO - Setting next_dagrun for example_sensors to None, run_after=None
[2023-07-21T10:01:45.738+0000] {processor.py:179} INFO - Processing /home/airflow/.local/lib/python3.7/site-packages/airflow/example_dags/example_sensors.py took 0.283 seconds
[2023-07-21T10:02:16.235+0000] {processor.py:157} INFO - Started process (PID=534) to work on /home/airflow/.local/lib/python3.7/site-packages/airflow/example_dags/example_sensors.py
[2023-07-21T10:02:16.236+0000] {processor.py:826} INFO - Processing file /home/airflow/.local/lib/python3.7/site-packages/airflow/example_dags/example_sensors.py for tasks to queue
[2023-07-21T10:02:16.237+0000] {logging_mixin.py:150} INFO - [2023-07-21T10:02:16.237+0000] {dagbag.py:541} INFO - Filling up the DagBag from /home/airflow/.local/lib/python3.7/site-packages/airflow/example_dags/example_sensors.py
[2023-07-21T10:02:16.248+0000] {processor.py:836} INFO - DAG(s) dict_keys(['example_sensors']) retrieved from /home/airflow/.local/lib/python3.7/site-packages/airflow/example_dags/example_sensors.py
[2023-07-21T10:02:16.276+0000] {logging_mixin.py:150} INFO - [2023-07-21T10:02:16.276+0000] {dag.py:2742} INFO - Sync 1 DAGs
[2023-07-21T10:02:16.306+0000] {logging_mixin.py:150} INFO - [2023-07-21T10:02:16.306+0000] {dag.py:3508} INFO - Setting next_dagrun for example_sensors to None, run_after=None
[2023-07-21T10:02:16.336+0000] {processor.py:179} INFO - Processing /home/airflow/.local/lib/python3.7/site-packages/airflow/example_dags/example_sensors.py took 0.105 seconds
[2023-07-21T10:02:48.415+0000] {processor.py:157} INFO - Started process (PID=595) to work on /home/airflow/.local/lib/python3.7/site-packages/airflow/example_dags/example_sensors.py
[2023-07-21T10:02:48.417+0000] {processor.py:826} INFO - Processing file /home/airflow/.local/lib/python3.7/site-packages/airflow/example_dags/example_sensors.py for tasks to queue
[2023-07-21T10:02:48.418+0000] {logging_mixin.py:150} INFO - [2023-07-21T10:02:48.418+0000] {dagbag.py:541} INFO - Filling up the DagBag from /home/airflow/.local/lib/python3.7/site-packages/airflow/example_dags/example_sensors.py
[2023-07-21T10:02:48.431+0000] {processor.py:836} INFO - DAG(s) dict_keys(['example_sensors']) retrieved from /home/airflow/.local/lib/python3.7/site-packages/airflow/example_dags/example_sensors.py
[2023-07-21T10:02:48.452+0000] {logging_mixin.py:150} INFO - [2023-07-21T10:02:48.451+0000] {dag.py:2742} INFO - Sync 1 DAGs
[2023-07-21T10:02:48.491+0000] {logging_mixin.py:150} INFO - [2023-07-21T10:02:48.491+0000] {dag.py:3508} INFO - Setting next_dagrun for example_sensors to None, run_after=None
[2023-07-21T10:02:48.524+0000] {processor.py:179} INFO - Processing /home/airflow/.local/lib/python3.7/site-packages/airflow/example_dags/example_sensors.py took 0.115 seconds
[2023-07-21T10:03:19.002+0000] {processor.py:157} INFO - Started process (PID=657) to work on /home/airflow/.local/lib/python3.7/site-packages/airflow/example_dags/example_sensors.py
[2023-07-21T10:03:19.004+0000] {processor.py:826} INFO - Processing file /home/airflow/.local/lib/python3.7/site-packages/airflow/example_dags/example_sensors.py for tasks to queue
[2023-07-21T10:03:19.005+0000] {logging_mixin.py:150} INFO - [2023-07-21T10:03:19.005+0000] {dagbag.py:541} INFO - Filling up the DagBag from /home/airflow/.local/lib/python3.7/site-packages/airflow/example_dags/example_sensors.py
[2023-07-21T10:03:19.015+0000] {processor.py:836} INFO - DAG(s) dict_keys(['example_sensors']) retrieved from /home/airflow/.local/lib/python3.7/site-packages/airflow/example_dags/example_sensors.py
[2023-07-21T10:03:19.046+0000] {logging_mixin.py:150} INFO - [2023-07-21T10:03:19.046+0000] {dag.py:2742} INFO - Sync 1 DAGs
[2023-07-21T10:03:19.074+0000] {logging_mixin.py:150} INFO - [2023-07-21T10:03:19.074+0000] {dag.py:3508} INFO - Setting next_dagrun for example_sensors to None, run_after=None
[2023-07-21T10:03:19.102+0000] {processor.py:179} INFO - Processing /home/airflow/.local/lib/python3.7/site-packages/airflow/example_dags/example_sensors.py took 0.103 seconds
[2023-07-21T10:03:49.200+0000] {processor.py:157} INFO - Started process (PID=717) to work on /home/airflow/.local/lib/python3.7/site-packages/airflow/example_dags/example_sensors.py
[2023-07-21T10:03:49.202+0000] {processor.py:826} INFO - Processing file /home/airflow/.local/lib/python3.7/site-packages/airflow/example_dags/example_sensors.py for tasks to queue
[2023-07-21T10:03:49.203+0000] {logging_mixin.py:150} INFO - [2023-07-21T10:03:49.202+0000] {dagbag.py:541} INFO - Filling up the DagBag from /home/airflow/.local/lib/python3.7/site-packages/airflow/example_dags/example_sensors.py
[2023-07-21T10:03:49.213+0000] {processor.py:836} INFO - DAG(s) dict_keys(['example_sensors']) retrieved from /home/airflow/.local/lib/python3.7/site-packages/airflow/example_dags/example_sensors.py
[2023-07-21T10:03:49.242+0000] {logging_mixin.py:150} INFO - [2023-07-21T10:03:49.242+0000] {dag.py:2742} INFO - Sync 1 DAGs
[2023-07-21T10:03:49.267+0000] {logging_mixin.py:150} INFO - [2023-07-21T10:03:49.267+0000] {dag.py:3508} INFO - Setting next_dagrun for example_sensors to None, run_after=None
[2023-07-21T10:03:49.290+0000] {processor.py:179} INFO - Processing /home/airflow/.local/lib/python3.7/site-packages/airflow/example_dags/example_sensors.py took 0.093 seconds
[2023-07-21T10:04:19.584+0000] {processor.py:157} INFO - Started process (PID=778) to work on /home/airflow/.local/lib/python3.7/site-packages/airflow/example_dags/example_sensors.py
[2023-07-21T10:04:19.585+0000] {processor.py:826} INFO - Processing file /home/airflow/.local/lib/python3.7/site-packages/airflow/example_dags/example_sensors.py for tasks to queue
[2023-07-21T10:04:19.586+0000] {logging_mixin.py:150} INFO - [2023-07-21T10:04:19.586+0000] {dagbag.py:541} INFO - Filling up the DagBag from /home/airflow/.local/lib/python3.7/site-packages/airflow/example_dags/example_sensors.py
[2023-07-21T10:04:19.598+0000] {processor.py:836} INFO - DAG(s) dict_keys(['example_sensors']) retrieved from /home/airflow/.local/lib/python3.7/site-packages/airflow/example_dags/example_sensors.py
[2023-07-21T10:04:19.627+0000] {logging_mixin.py:150} INFO - [2023-07-21T10:04:19.627+0000] {dag.py:2742} INFO - Sync 1 DAGs
[2023-07-21T10:04:19.654+0000] {logging_mixin.py:150} INFO - [2023-07-21T10:04:19.654+0000] {dag.py:3508} INFO - Setting next_dagrun for example_sensors to None, run_after=None
[2023-07-21T10:04:19.676+0000] {processor.py:179} INFO - Processing /home/airflow/.local/lib/python3.7/site-packages/airflow/example_dags/example_sensors.py took 0.095 seconds
[2023-07-21T10:04:50.047+0000] {processor.py:157} INFO - Started process (PID=839) to work on /home/airflow/.local/lib/python3.7/site-packages/airflow/example_dags/example_sensors.py
[2023-07-21T10:04:50.048+0000] {processor.py:826} INFO - Processing file /home/airflow/.local/lib/python3.7/site-packages/airflow/example_dags/example_sensors.py for tasks to queue
[2023-07-21T10:04:50.049+0000] {logging_mixin.py:150} INFO - [2023-07-21T10:04:50.049+0000] {dagbag.py:541} INFO - Filling up the DagBag from /home/airflow/.local/lib/python3.7/site-packages/airflow/example_dags/example_sensors.py
[2023-07-21T10:04:50.060+0000] {processor.py:836} INFO - DAG(s) dict_keys(['example_sensors']) retrieved from /home/airflow/.local/lib/python3.7/site-packages/airflow/example_dags/example_sensors.py
[2023-07-21T10:04:50.096+0000] {logging_mixin.py:150} INFO - [2023-07-21T10:04:50.096+0000] {dag.py:2742} INFO - Sync 1 DAGs
[2023-07-21T10:04:50.135+0000] {logging_mixin.py:150} INFO - [2023-07-21T10:04:50.134+0000] {dag.py:3508} INFO - Setting next_dagrun for example_sensors to None, run_after=None
[2023-07-21T10:04:50.165+0000] {processor.py:179} INFO - Processing /home/airflow/.local/lib/python3.7/site-packages/airflow/example_dags/example_sensors.py took 0.122 seconds
[2023-07-21T10:05:20.918+0000] {processor.py:157} INFO - Started process (PID=900) to work on /home/airflow/.local/lib/python3.7/site-packages/airflow/example_dags/example_sensors.py
[2023-07-21T10:05:20.920+0000] {processor.py:826} INFO - Processing file /home/airflow/.local/lib/python3.7/site-packages/airflow/example_dags/example_sensors.py for tasks to queue
[2023-07-21T10:05:20.921+0000] {logging_mixin.py:150} INFO - [2023-07-21T10:05:20.921+0000] {dagbag.py:541} INFO - Filling up the DagBag from /home/airflow/.local/lib/python3.7/site-packages/airflow/example_dags/example_sensors.py
[2023-07-21T10:05:20.933+0000] {processor.py:836} INFO - DAG(s) dict_keys(['example_sensors']) retrieved from /home/airflow/.local/lib/python3.7/site-packages/airflow/example_dags/example_sensors.py
[2023-07-21T10:05:20.967+0000] {logging_mixin.py:150} INFO - [2023-07-21T10:05:20.967+0000] {dag.py:2742} INFO - Sync 1 DAGs
[2023-07-21T10:05:20.997+0000] {logging_mixin.py:150} INFO - [2023-07-21T10:05:20.997+0000] {dag.py:3508} INFO - Setting next_dagrun for example_sensors to None, run_after=None
[2023-07-21T10:05:21.026+0000] {processor.py:179} INFO - Processing /home/airflow/.local/lib/python3.7/site-packages/airflow/example_dags/example_sensors.py took 0.111 seconds
[2023-07-21T10:05:52.350+0000] {processor.py:157} INFO - Started process (PID=961) to work on /home/airflow/.local/lib/python3.7/site-packages/airflow/example_dags/example_sensors.py
[2023-07-21T10:05:52.358+0000] {processor.py:826} INFO - Processing file /home/airflow/.local/lib/python3.7/site-packages/airflow/example_dags/example_sensors.py for tasks to queue
[2023-07-21T10:05:52.361+0000] {logging_mixin.py:150} INFO - [2023-07-21T10:05:52.361+0000] {dagbag.py:541} INFO - Filling up the DagBag from /home/airflow/.local/lib/python3.7/site-packages/airflow/example_dags/example_sensors.py
[2023-07-21T10:05:52.377+0000] {processor.py:836} INFO - DAG(s) dict_keys(['example_sensors']) retrieved from /home/airflow/.local/lib/python3.7/site-packages/airflow/example_dags/example_sensors.py
[2023-07-21T10:05:52.423+0000] {logging_mixin.py:150} INFO - [2023-07-21T10:05:52.422+0000] {dag.py:2742} INFO - Sync 1 DAGs
[2023-07-21T10:05:52.454+0000] {logging_mixin.py:150} INFO - [2023-07-21T10:05:52.453+0000] {dag.py:3508} INFO - Setting next_dagrun for example_sensors to None, run_after=None
[2023-07-21T10:05:52.479+0000] {processor.py:179} INFO - Processing /home/airflow/.local/lib/python3.7/site-packages/airflow/example_dags/example_sensors.py took 0.134 seconds
[2023-07-21T10:06:22.727+0000] {processor.py:157} INFO - Started process (PID=1022) to work on /home/airflow/.local/lib/python3.7/site-packages/airflow/example_dags/example_sensors.py
[2023-07-21T10:06:22.729+0000] {processor.py:826} INFO - Processing file /home/airflow/.local/lib/python3.7/site-packages/airflow/example_dags/example_sensors.py for tasks to queue
[2023-07-21T10:06:22.730+0000] {logging_mixin.py:150} INFO - [2023-07-21T10:06:22.730+0000] {dagbag.py:541} INFO - Filling up the DagBag from /home/airflow/.local/lib/python3.7/site-packages/airflow/example_dags/example_sensors.py
[2023-07-21T10:06:22.742+0000] {processor.py:836} INFO - DAG(s) dict_keys(['example_sensors']) retrieved from /home/airflow/.local/lib/python3.7/site-packages/airflow/example_dags/example_sensors.py
[2023-07-21T10:06:22.778+0000] {logging_mixin.py:150} INFO - [2023-07-21T10:06:22.778+0000] {dag.py:2742} INFO - Sync 1 DAGs
[2023-07-21T10:06:22.812+0000] {logging_mixin.py:150} INFO - [2023-07-21T10:06:22.812+0000] {dag.py:3508} INFO - Setting next_dagrun for example_sensors to None, run_after=None
[2023-07-21T10:06:22.839+0000] {processor.py:179} INFO - Processing /home/airflow/.local/lib/python3.7/site-packages/airflow/example_dags/example_sensors.py took 0.117 seconds
[2023-07-21T10:06:53.735+0000] {processor.py:157} INFO - Started process (PID=1083) to work on /home/airflow/.local/lib/python3.7/site-packages/airflow/example_dags/example_sensors.py
[2023-07-21T10:06:53.737+0000] {processor.py:826} INFO - Processing file /home/airflow/.local/lib/python3.7/site-packages/airflow/example_dags/example_sensors.py for tasks to queue
[2023-07-21T10:06:53.738+0000] {logging_mixin.py:150} INFO - [2023-07-21T10:06:53.738+0000] {dagbag.py:541} INFO - Filling up the DagBag from /home/airflow/.local/lib/python3.7/site-packages/airflow/example_dags/example_sensors.py
[2023-07-21T10:06:53.754+0000] {processor.py:836} INFO - DAG(s) dict_keys(['example_sensors']) retrieved from /home/airflow/.local/lib/python3.7/site-packages/airflow/example_dags/example_sensors.py
[2023-07-21T10:06:53.798+0000] {logging_mixin.py:150} INFO - [2023-07-21T10:06:53.797+0000] {dag.py:2742} INFO - Sync 1 DAGs
[2023-07-21T10:06:53.830+0000] {logging_mixin.py:150} INFO - [2023-07-21T10:06:53.830+0000] {dag.py:3508} INFO - Setting next_dagrun for example_sensors to None, run_after=None
[2023-07-21T10:06:53.856+0000] {processor.py:179} INFO - Processing /home/airflow/.local/lib/python3.7/site-packages/airflow/example_dags/example_sensors.py took 0.124 seconds
[2023-07-21T10:07:24.981+0000] {processor.py:157} INFO - Started process (PID=1144) to work on /home/airflow/.local/lib/python3.7/site-packages/airflow/example_dags/example_sensors.py
[2023-07-21T10:07:24.983+0000] {processor.py:826} INFO - Processing file /home/airflow/.local/lib/python3.7/site-packages/airflow/example_dags/example_sensors.py for tasks to queue
[2023-07-21T10:07:24.986+0000] {logging_mixin.py:150} INFO - [2023-07-21T10:07:24.985+0000] {dagbag.py:541} INFO - Filling up the DagBag from /home/airflow/.local/lib/python3.7/site-packages/airflow/example_dags/example_sensors.py
[2023-07-21T10:07:25.012+0000] {processor.py:836} INFO - DAG(s) dict_keys(['example_sensors']) retrieved from /home/airflow/.local/lib/python3.7/site-packages/airflow/example_dags/example_sensors.py
[2023-07-21T10:07:25.065+0000] {logging_mixin.py:150} INFO - [2023-07-21T10:07:25.064+0000] {dag.py:2742} INFO - Sync 1 DAGs
[2023-07-21T10:07:25.101+0000] {logging_mixin.py:150} INFO - [2023-07-21T10:07:25.101+0000] {dag.py:3508} INFO - Setting next_dagrun for example_sensors to None, run_after=None
[2023-07-21T10:07:25.133+0000] {processor.py:179} INFO - Processing /home/airflow/.local/lib/python3.7/site-packages/airflow/example_dags/example_sensors.py took 0.158 seconds
[2023-07-21T10:07:55.257+0000] {processor.py:157} INFO - Started process (PID=1205) to work on /home/airflow/.local/lib/python3.7/site-packages/airflow/example_dags/example_sensors.py
[2023-07-21T10:07:55.258+0000] {processor.py:826} INFO - Processing file /home/airflow/.local/lib/python3.7/site-packages/airflow/example_dags/example_sensors.py for tasks to queue
[2023-07-21T10:07:55.260+0000] {logging_mixin.py:150} INFO - [2023-07-21T10:07:55.260+0000] {dagbag.py:541} INFO - Filling up the DagBag from /home/airflow/.local/lib/python3.7/site-packages/airflow/example_dags/example_sensors.py
[2023-07-21T10:07:55.279+0000] {processor.py:836} INFO - DAG(s) dict_keys(['example_sensors']) retrieved from /home/airflow/.local/lib/python3.7/site-packages/airflow/example_dags/example_sensors.py
[2023-07-21T10:07:55.325+0000] {logging_mixin.py:150} INFO - [2023-07-21T10:07:55.324+0000] {dag.py:2742} INFO - Sync 1 DAGs
[2023-07-21T10:07:55.368+0000] {logging_mixin.py:150} INFO - [2023-07-21T10:07:55.367+0000] {dag.py:3508} INFO - Setting next_dagrun for example_sensors to None, run_after=None
[2023-07-21T10:07:55.397+0000] {processor.py:179} INFO - Processing /home/airflow/.local/lib/python3.7/site-packages/airflow/example_dags/example_sensors.py took 0.146 seconds
[2023-07-21T10:08:26.592+0000] {processor.py:157} INFO - Started process (PID=1266) to work on /home/airflow/.local/lib/python3.7/site-packages/airflow/example_dags/example_sensors.py
[2023-07-21T10:08:26.595+0000] {processor.py:826} INFO - Processing file /home/airflow/.local/lib/python3.7/site-packages/airflow/example_dags/example_sensors.py for tasks to queue
[2023-07-21T10:08:26.597+0000] {logging_mixin.py:150} INFO - [2023-07-21T10:08:26.597+0000] {dagbag.py:541} INFO - Filling up the DagBag from /home/airflow/.local/lib/python3.7/site-packages/airflow/example_dags/example_sensors.py
[2023-07-21T10:08:26.635+0000] {processor.py:836} INFO - DAG(s) dict_keys(['example_sensors']) retrieved from /home/airflow/.local/lib/python3.7/site-packages/airflow/example_dags/example_sensors.py
[2023-07-21T10:08:26.728+0000] {logging_mixin.py:150} INFO - [2023-07-21T10:08:26.728+0000] {dag.py:2742} INFO - Sync 1 DAGs
[2023-07-21T10:08:26.798+0000] {logging_mixin.py:150} INFO - [2023-07-21T10:08:26.797+0000] {dag.py:3508} INFO - Setting next_dagrun for example_sensors to None, run_after=None
[2023-07-21T10:08:26.888+0000] {processor.py:179} INFO - Processing /home/airflow/.local/lib/python3.7/site-packages/airflow/example_dags/example_sensors.py took 0.306 seconds
[2023-07-21T10:08:57.398+0000] {processor.py:157} INFO - Started process (PID=1335) to work on /home/airflow/.local/lib/python3.7/site-packages/airflow/example_dags/example_sensors.py
[2023-07-21T10:08:57.400+0000] {processor.py:826} INFO - Processing file /home/airflow/.local/lib/python3.7/site-packages/airflow/example_dags/example_sensors.py for tasks to queue
[2023-07-21T10:08:57.402+0000] {logging_mixin.py:150} INFO - [2023-07-21T10:08:57.401+0000] {dagbag.py:541} INFO - Filling up the DagBag from /home/airflow/.local/lib/python3.7/site-packages/airflow/example_dags/example_sensors.py
[2023-07-21T10:08:57.412+0000] {processor.py:836} INFO - DAG(s) dict_keys(['example_sensors']) retrieved from /home/airflow/.local/lib/python3.7/site-packages/airflow/example_dags/example_sensors.py
[2023-07-21T10:08:57.445+0000] {logging_mixin.py:150} INFO - [2023-07-21T10:08:57.445+0000] {dag.py:2742} INFO - Sync 1 DAGs
[2023-07-21T10:08:57.472+0000] {logging_mixin.py:150} INFO - [2023-07-21T10:08:57.471+0000] {dag.py:3508} INFO - Setting next_dagrun for example_sensors to None, run_after=None
[2023-07-21T10:08:57.499+0000] {processor.py:179} INFO - Processing /home/airflow/.local/lib/python3.7/site-packages/airflow/example_dags/example_sensors.py took 0.105 seconds
[2023-07-21T10:09:27.875+0000] {processor.py:157} INFO - Started process (PID=1396) to work on /home/airflow/.local/lib/python3.7/site-packages/airflow/example_dags/example_sensors.py
[2023-07-21T10:09:27.876+0000] {processor.py:826} INFO - Processing file /home/airflow/.local/lib/python3.7/site-packages/airflow/example_dags/example_sensors.py for tasks to queue
[2023-07-21T10:09:27.877+0000] {logging_mixin.py:150} INFO - [2023-07-21T10:09:27.877+0000] {dagbag.py:541} INFO - Filling up the DagBag from /home/airflow/.local/lib/python3.7/site-packages/airflow/example_dags/example_sensors.py
[2023-07-21T10:09:27.887+0000] {processor.py:836} INFO - DAG(s) dict_keys(['example_sensors']) retrieved from /home/airflow/.local/lib/python3.7/site-packages/airflow/example_dags/example_sensors.py
[2023-07-21T10:09:27.918+0000] {logging_mixin.py:150} INFO - [2023-07-21T10:09:27.918+0000] {dag.py:2742} INFO - Sync 1 DAGs
[2023-07-21T10:09:27.950+0000] {logging_mixin.py:150} INFO - [2023-07-21T10:09:27.950+0000] {dag.py:3508} INFO - Setting next_dagrun for example_sensors to None, run_after=None
[2023-07-21T10:09:27.976+0000] {processor.py:179} INFO - Processing /home/airflow/.local/lib/python3.7/site-packages/airflow/example_dags/example_sensors.py took 0.104 seconds
[2023-07-21T10:09:58.307+0000] {processor.py:157} INFO - Started process (PID=1457) to work on /home/airflow/.local/lib/python3.7/site-packages/airflow/example_dags/example_sensors.py
[2023-07-21T10:09:58.309+0000] {processor.py:826} INFO - Processing file /home/airflow/.local/lib/python3.7/site-packages/airflow/example_dags/example_sensors.py for tasks to queue
[2023-07-21T10:09:58.311+0000] {logging_mixin.py:150} INFO - [2023-07-21T10:09:58.310+0000] {dagbag.py:541} INFO - Filling up the DagBag from /home/airflow/.local/lib/python3.7/site-packages/airflow/example_dags/example_sensors.py
[2023-07-21T10:09:58.327+0000] {processor.py:836} INFO - DAG(s) dict_keys(['example_sensors']) retrieved from /home/airflow/.local/lib/python3.7/site-packages/airflow/example_dags/example_sensors.py
[2023-07-21T10:09:58.367+0000] {logging_mixin.py:150} INFO - [2023-07-21T10:09:58.367+0000] {dag.py:2742} INFO - Sync 1 DAGs
[2023-07-21T10:09:58.402+0000] {logging_mixin.py:150} INFO - [2023-07-21T10:09:58.402+0000] {dag.py:3508} INFO - Setting next_dagrun for example_sensors to None, run_after=None
[2023-07-21T10:09:58.431+0000] {processor.py:179} INFO - Processing /home/airflow/.local/lib/python3.7/site-packages/airflow/example_dags/example_sensors.py took 0.128 seconds
[2023-07-21T10:10:28.604+0000] {processor.py:157} INFO - Started process (PID=1518) to work on /home/airflow/.local/lib/python3.7/site-packages/airflow/example_dags/example_sensors.py
[2023-07-21T10:10:28.605+0000] {processor.py:826} INFO - Processing file /home/airflow/.local/lib/python3.7/site-packages/airflow/example_dags/example_sensors.py for tasks to queue
[2023-07-21T10:10:28.606+0000] {logging_mixin.py:150} INFO - [2023-07-21T10:10:28.606+0000] {dagbag.py:541} INFO - Filling up the DagBag from /home/airflow/.local/lib/python3.7/site-packages/airflow/example_dags/example_sensors.py
[2023-07-21T10:10:28.617+0000] {processor.py:836} INFO - DAG(s) dict_keys(['example_sensors']) retrieved from /home/airflow/.local/lib/python3.7/site-packages/airflow/example_dags/example_sensors.py
[2023-07-21T10:10:28.650+0000] {logging_mixin.py:150} INFO - [2023-07-21T10:10:28.650+0000] {dag.py:2742} INFO - Sync 1 DAGs
[2023-07-21T10:10:28.687+0000] {logging_mixin.py:150} INFO - [2023-07-21T10:10:28.687+0000] {dag.py:3508} INFO - Setting next_dagrun for example_sensors to None, run_after=None
[2023-07-21T10:10:28.710+0000] {processor.py:179} INFO - Processing /home/airflow/.local/lib/python3.7/site-packages/airflow/example_dags/example_sensors.py took 0.109 seconds
[2023-07-21T10:10:59.722+0000] {processor.py:157} INFO - Started process (PID=1579) to work on /home/airflow/.local/lib/python3.7/site-packages/airflow/example_dags/example_sensors.py
[2023-07-21T10:10:59.723+0000] {processor.py:826} INFO - Processing file /home/airflow/.local/lib/python3.7/site-packages/airflow/example_dags/example_sensors.py for tasks to queue
[2023-07-21T10:10:59.725+0000] {logging_mixin.py:150} INFO - [2023-07-21T10:10:59.724+0000] {dagbag.py:541} INFO - Filling up the DagBag from /home/airflow/.local/lib/python3.7/site-packages/airflow/example_dags/example_sensors.py
[2023-07-21T10:10:59.736+0000] {processor.py:836} INFO - DAG(s) dict_keys(['example_sensors']) retrieved from /home/airflow/.local/lib/python3.7/site-packages/airflow/example_dags/example_sensors.py
[2023-07-21T10:10:59.791+0000] {logging_mixin.py:150} INFO - [2023-07-21T10:10:59.791+0000] {dag.py:2742} INFO - Sync 1 DAGs
[2023-07-21T10:10:59.822+0000] {logging_mixin.py:150} INFO - [2023-07-21T10:10:59.822+0000] {dag.py:3508} INFO - Setting next_dagrun for example_sensors to None, run_after=None
[2023-07-21T10:10:59.851+0000] {processor.py:179} INFO - Processing /home/airflow/.local/lib/python3.7/site-packages/airflow/example_dags/example_sensors.py took 0.133 seconds
[2023-07-21T10:11:30.619+0000] {processor.py:157} INFO - Started process (PID=1640) to work on /home/airflow/.local/lib/python3.7/site-packages/airflow/example_dags/example_sensors.py
[2023-07-21T10:11:30.621+0000] {processor.py:826} INFO - Processing file /home/airflow/.local/lib/python3.7/site-packages/airflow/example_dags/example_sensors.py for tasks to queue
[2023-07-21T10:11:30.623+0000] {logging_mixin.py:150} INFO - [2023-07-21T10:11:30.622+0000] {dagbag.py:541} INFO - Filling up the DagBag from /home/airflow/.local/lib/python3.7/site-packages/airflow/example_dags/example_sensors.py
[2023-07-21T10:11:30.640+0000] {processor.py:836} INFO - DAG(s) dict_keys(['example_sensors']) retrieved from /home/airflow/.local/lib/python3.7/site-packages/airflow/example_dags/example_sensors.py
[2023-07-21T10:11:30.698+0000] {logging_mixin.py:150} INFO - [2023-07-21T10:11:30.698+0000] {dag.py:2742} INFO - Sync 1 DAGs
[2023-07-21T10:11:30.740+0000] {logging_mixin.py:150} INFO - [2023-07-21T10:11:30.740+0000] {dag.py:3508} INFO - Setting next_dagrun for example_sensors to None, run_after=None
[2023-07-21T10:11:30.766+0000] {processor.py:179} INFO - Processing /home/airflow/.local/lib/python3.7/site-packages/airflow/example_dags/example_sensors.py took 0.154 seconds
[2023-07-21T10:12:01.235+0000] {processor.py:157} INFO - Started process (PID=1701) to work on /home/airflow/.local/lib/python3.7/site-packages/airflow/example_dags/example_sensors.py
[2023-07-21T10:12:01.236+0000] {processor.py:826} INFO - Processing file /home/airflow/.local/lib/python3.7/site-packages/airflow/example_dags/example_sensors.py for tasks to queue
[2023-07-21T10:12:01.237+0000] {logging_mixin.py:150} INFO - [2023-07-21T10:12:01.237+0000] {dagbag.py:541} INFO - Filling up the DagBag from /home/airflow/.local/lib/python3.7/site-packages/airflow/example_dags/example_sensors.py
[2023-07-21T10:12:01.248+0000] {processor.py:836} INFO - DAG(s) dict_keys(['example_sensors']) retrieved from /home/airflow/.local/lib/python3.7/site-packages/airflow/example_dags/example_sensors.py
[2023-07-21T10:12:01.280+0000] {logging_mixin.py:150} INFO - [2023-07-21T10:12:01.280+0000] {dag.py:2742} INFO - Sync 1 DAGs
[2023-07-21T10:12:01.307+0000] {logging_mixin.py:150} INFO - [2023-07-21T10:12:01.307+0000] {dag.py:3508} INFO - Setting next_dagrun for example_sensors to None, run_after=None
[2023-07-21T10:12:01.332+0000] {processor.py:179} INFO - Processing /home/airflow/.local/lib/python3.7/site-packages/airflow/example_dags/example_sensors.py took 0.101 seconds
[2023-07-21T10:12:31.765+0000] {processor.py:157} INFO - Started process (PID=1762) to work on /home/airflow/.local/lib/python3.7/site-packages/airflow/example_dags/example_sensors.py
[2023-07-21T10:12:31.767+0000] {processor.py:826} INFO - Processing file /home/airflow/.local/lib/python3.7/site-packages/airflow/example_dags/example_sensors.py for tasks to queue
[2023-07-21T10:12:31.768+0000] {logging_mixin.py:150} INFO - [2023-07-21T10:12:31.768+0000] {dagbag.py:541} INFO - Filling up the DagBag from /home/airflow/.local/lib/python3.7/site-packages/airflow/example_dags/example_sensors.py
[2023-07-21T10:12:31.791+0000] {processor.py:836} INFO - DAG(s) dict_keys(['example_sensors']) retrieved from /home/airflow/.local/lib/python3.7/site-packages/airflow/example_dags/example_sensors.py
[2023-07-21T10:12:31.828+0000] {logging_mixin.py:150} INFO - [2023-07-21T10:12:31.828+0000] {dag.py:2742} INFO - Sync 1 DAGs
[2023-07-21T10:12:31.858+0000] {logging_mixin.py:150} INFO - [2023-07-21T10:12:31.857+0000] {dag.py:3508} INFO - Setting next_dagrun for example_sensors to None, run_after=None
[2023-07-21T10:12:31.893+0000] {processor.py:179} INFO - Processing /home/airflow/.local/lib/python3.7/site-packages/airflow/example_dags/example_sensors.py took 0.133 seconds
[2023-07-21T10:13:03.294+0000] {processor.py:157} INFO - Started process (PID=1823) to work on /home/airflow/.local/lib/python3.7/site-packages/airflow/example_dags/example_sensors.py
[2023-07-21T10:13:03.296+0000] {processor.py:826} INFO - Processing file /home/airflow/.local/lib/python3.7/site-packages/airflow/example_dags/example_sensors.py for tasks to queue
[2023-07-21T10:13:03.297+0000] {logging_mixin.py:150} INFO - [2023-07-21T10:13:03.297+0000] {dagbag.py:541} INFO - Filling up the DagBag from /home/airflow/.local/lib/python3.7/site-packages/airflow/example_dags/example_sensors.py
[2023-07-21T10:13:03.309+0000] {processor.py:836} INFO - DAG(s) dict_keys(['example_sensors']) retrieved from /home/airflow/.local/lib/python3.7/site-packages/airflow/example_dags/example_sensors.py
[2023-07-21T10:13:03.362+0000] {logging_mixin.py:150} INFO - [2023-07-21T10:13:03.361+0000] {dag.py:2742} INFO - Sync 1 DAGs
[2023-07-21T10:13:03.404+0000] {logging_mixin.py:150} INFO - [2023-07-21T10:13:03.404+0000] {dag.py:3508} INFO - Setting next_dagrun for example_sensors to None, run_after=None
[2023-07-21T10:13:03.436+0000] {processor.py:179} INFO - Processing /home/airflow/.local/lib/python3.7/site-packages/airflow/example_dags/example_sensors.py took 0.146 seconds
[2023-07-21T10:13:33.877+0000] {processor.py:157} INFO - Started process (PID=1884) to work on /home/airflow/.local/lib/python3.7/site-packages/airflow/example_dags/example_sensors.py
[2023-07-21T10:13:33.880+0000] {processor.py:826} INFO - Processing file /home/airflow/.local/lib/python3.7/site-packages/airflow/example_dags/example_sensors.py for tasks to queue
[2023-07-21T10:13:33.882+0000] {logging_mixin.py:150} INFO - [2023-07-21T10:13:33.881+0000] {dagbag.py:541} INFO - Filling up the DagBag from /home/airflow/.local/lib/python3.7/site-packages/airflow/example_dags/example_sensors.py
[2023-07-21T10:13:33.907+0000] {processor.py:836} INFO - DAG(s) dict_keys(['example_sensors']) retrieved from /home/airflow/.local/lib/python3.7/site-packages/airflow/example_dags/example_sensors.py
[2023-07-21T10:13:34.009+0000] {logging_mixin.py:150} INFO - [2023-07-21T10:13:34.009+0000] {dag.py:2742} INFO - Sync 1 DAGs
[2023-07-21T10:13:34.186+0000] {logging_mixin.py:150} INFO - [2023-07-21T10:13:34.186+0000] {dag.py:3508} INFO - Setting next_dagrun for example_sensors to None, run_after=None
[2023-07-21T10:13:34.258+0000] {processor.py:179} INFO - Processing /home/airflow/.local/lib/python3.7/site-packages/airflow/example_dags/example_sensors.py took 0.398 seconds
[2023-07-21T10:14:05.053+0000] {processor.py:157} INFO - Started process (PID=1945) to work on /home/airflow/.local/lib/python3.7/site-packages/airflow/example_dags/example_sensors.py
[2023-07-21T10:14:05.054+0000] {processor.py:826} INFO - Processing file /home/airflow/.local/lib/python3.7/site-packages/airflow/example_dags/example_sensors.py for tasks to queue
[2023-07-21T10:14:05.056+0000] {logging_mixin.py:150} INFO - [2023-07-21T10:14:05.055+0000] {dagbag.py:541} INFO - Filling up the DagBag from /home/airflow/.local/lib/python3.7/site-packages/airflow/example_dags/example_sensors.py
[2023-07-21T10:14:05.068+0000] {processor.py:836} INFO - DAG(s) dict_keys(['example_sensors']) retrieved from /home/airflow/.local/lib/python3.7/site-packages/airflow/example_dags/example_sensors.py
[2023-07-21T10:14:05.103+0000] {logging_mixin.py:150} INFO - [2023-07-21T10:14:05.102+0000] {dag.py:2742} INFO - Sync 1 DAGs
[2023-07-21T10:14:05.127+0000] {logging_mixin.py:150} INFO - [2023-07-21T10:14:05.127+0000] {dag.py:3508} INFO - Setting next_dagrun for example_sensors to None, run_after=None
[2023-07-21T10:14:05.151+0000] {processor.py:179} INFO - Processing /home/airflow/.local/lib/python3.7/site-packages/airflow/example_dags/example_sensors.py took 0.103 seconds
[2023-07-21T10:14:35.379+0000] {processor.py:157} INFO - Started process (PID=2005) to work on /home/airflow/.local/lib/python3.7/site-packages/airflow/example_dags/example_sensors.py
[2023-07-21T10:14:35.380+0000] {processor.py:826} INFO - Processing file /home/airflow/.local/lib/python3.7/site-packages/airflow/example_dags/example_sensors.py for tasks to queue
[2023-07-21T10:14:35.381+0000] {logging_mixin.py:150} INFO - [2023-07-21T10:14:35.381+0000] {dagbag.py:541} INFO - Filling up the DagBag from /home/airflow/.local/lib/python3.7/site-packages/airflow/example_dags/example_sensors.py
[2023-07-21T10:14:35.391+0000] {processor.py:836} INFO - DAG(s) dict_keys(['example_sensors']) retrieved from /home/airflow/.local/lib/python3.7/site-packages/airflow/example_dags/example_sensors.py
[2023-07-21T10:14:35.420+0000] {logging_mixin.py:150} INFO - [2023-07-21T10:14:35.420+0000] {dag.py:2742} INFO - Sync 1 DAGs
[2023-07-21T10:14:35.442+0000] {logging_mixin.py:150} INFO - [2023-07-21T10:14:35.442+0000] {dag.py:3508} INFO - Setting next_dagrun for example_sensors to None, run_after=None
[2023-07-21T10:14:35.468+0000] {processor.py:179} INFO - Processing /home/airflow/.local/lib/python3.7/site-packages/airflow/example_dags/example_sensors.py took 0.092 seconds
