[2023-07-21T09:58:14.753+0000] {processor.py:157} INFO - Started process (PID=72) to work on /home/airflow/.local/lib/python3.7/site-packages/airflow/example_dags/example_xcomargs.py
[2023-07-21T09:58:14.755+0000] {processor.py:826} INFO - Processing file /home/airflow/.local/lib/python3.7/site-packages/airflow/example_dags/example_xcomargs.py for tasks to queue
[2023-07-21T09:58:14.757+0000] {logging_mixin.py:150} INFO - [2023-07-21T09:58:14.757+0000] {dagbag.py:541} INFO - Filling up the DagBag from /home/airflow/.local/lib/python3.7/site-packages/airflow/example_dags/example_xcomargs.py
[2023-07-21T09:58:14.925+0000] {processor.py:836} INFO - DAG(s) dict_keys(['example_xcom_args', 'example_xcom_args_with_operators']) retrieved from /home/airflow/.local/lib/python3.7/site-packages/airflow/example_dags/example_xcomargs.py
[2023-07-21T09:58:14.964+0000] {logging_mixin.py:150} INFO - [2023-07-21T09:58:14.964+0000] {dag.py:2742} INFO - Sync 2 DAGs
[2023-07-21T09:58:14.998+0000] {logging_mixin.py:150} INFO - [2023-07-21T09:58:14.997+0000] {dag.py:3508} INFO - Setting next_dagrun for example_xcom_args to None, run_after=None
[2023-07-21T09:58:15.008+0000] {logging_mixin.py:150} INFO - [2023-07-21T09:58:15.007+0000] {dag.py:3508} INFO - Setting next_dagrun for example_xcom_args_with_operators to None, run_after=None
[2023-07-21T09:58:15.037+0000] {processor.py:179} INFO - Processing /home/airflow/.local/lib/python3.7/site-packages/airflow/example_dags/example_xcomargs.py took 0.290 seconds
[2023-07-21T09:58:45.608+0000] {processor.py:157} INFO - Started process (PID=133) to work on /home/airflow/.local/lib/python3.7/site-packages/airflow/example_dags/example_xcomargs.py
[2023-07-21T09:58:45.625+0000] {processor.py:826} INFO - Processing file /home/airflow/.local/lib/python3.7/site-packages/airflow/example_dags/example_xcomargs.py for tasks to queue
[2023-07-21T09:58:45.638+0000] {logging_mixin.py:150} INFO - [2023-07-21T09:58:45.637+0000] {dagbag.py:541} INFO - Filling up the DagBag from /home/airflow/.local/lib/python3.7/site-packages/airflow/example_dags/example_xcomargs.py
[2023-07-21T09:58:45.677+0000] {processor.py:836} INFO - DAG(s) dict_keys(['example_xcom_args_with_operators', 'example_xcom_args']) retrieved from /home/airflow/.local/lib/python3.7/site-packages/airflow/example_dags/example_xcomargs.py
[2023-07-21T09:58:45.722+0000] {logging_mixin.py:150} INFO - [2023-07-21T09:58:45.722+0000] {dag.py:2742} INFO - Sync 2 DAGs
[2023-07-21T09:58:45.837+0000] {logging_mixin.py:150} INFO - [2023-07-21T09:58:45.836+0000] {dag.py:3508} INFO - Setting next_dagrun for example_xcom_args to None, run_after=None
[2023-07-21T09:58:45.873+0000] {logging_mixin.py:150} INFO - [2023-07-21T09:58:45.872+0000] {dag.py:3508} INFO - Setting next_dagrun for example_xcom_args_with_operators to None, run_after=None
[2023-07-21T09:58:45.931+0000] {processor.py:179} INFO - Processing /home/airflow/.local/lib/python3.7/site-packages/airflow/example_dags/example_xcomargs.py took 0.334 seconds
[2023-07-21T09:59:17.457+0000] {processor.py:157} INFO - Started process (PID=194) to work on /home/airflow/.local/lib/python3.7/site-packages/airflow/example_dags/example_xcomargs.py
[2023-07-21T09:59:17.460+0000] {processor.py:826} INFO - Processing file /home/airflow/.local/lib/python3.7/site-packages/airflow/example_dags/example_xcomargs.py for tasks to queue
[2023-07-21T09:59:17.463+0000] {logging_mixin.py:150} INFO - [2023-07-21T09:59:17.463+0000] {dagbag.py:541} INFO - Filling up the DagBag from /home/airflow/.local/lib/python3.7/site-packages/airflow/example_dags/example_xcomargs.py
[2023-07-21T09:59:17.491+0000] {processor.py:836} INFO - DAG(s) dict_keys(['example_xcom_args_with_operators', 'example_xcom_args']) retrieved from /home/airflow/.local/lib/python3.7/site-packages/airflow/example_dags/example_xcomargs.py
[2023-07-21T09:59:17.631+0000] {logging_mixin.py:150} INFO - [2023-07-21T09:59:17.631+0000] {dag.py:2742} INFO - Sync 2 DAGs
[2023-07-21T09:59:17.703+0000] {logging_mixin.py:150} INFO - [2023-07-21T09:59:17.703+0000] {dag.py:3508} INFO - Setting next_dagrun for example_xcom_args to None, run_after=None
[2023-07-21T09:59:17.713+0000] {logging_mixin.py:150} INFO - [2023-07-21T09:59:17.713+0000] {dag.py:3508} INFO - Setting next_dagrun for example_xcom_args_with_operators to None, run_after=None
[2023-07-21T09:59:17.763+0000] {processor.py:179} INFO - Processing /home/airflow/.local/lib/python3.7/site-packages/airflow/example_dags/example_xcomargs.py took 0.316 seconds
[2023-07-21T09:59:48.664+0000] {processor.py:157} INFO - Started process (PID=256) to work on /home/airflow/.local/lib/python3.7/site-packages/airflow/example_dags/example_xcomargs.py
[2023-07-21T09:59:48.665+0000] {processor.py:826} INFO - Processing file /home/airflow/.local/lib/python3.7/site-packages/airflow/example_dags/example_xcomargs.py for tasks to queue
[2023-07-21T09:59:48.667+0000] {logging_mixin.py:150} INFO - [2023-07-21T09:59:48.667+0000] {dagbag.py:541} INFO - Filling up the DagBag from /home/airflow/.local/lib/python3.7/site-packages/airflow/example_dags/example_xcomargs.py
[2023-07-21T09:59:48.679+0000] {processor.py:836} INFO - DAG(s) dict_keys(['example_xcom_args_with_operators', 'example_xcom_args']) retrieved from /home/airflow/.local/lib/python3.7/site-packages/airflow/example_dags/example_xcomargs.py
[2023-07-21T09:59:48.714+0000] {logging_mixin.py:150} INFO - [2023-07-21T09:59:48.714+0000] {dag.py:2742} INFO - Sync 2 DAGs
[2023-07-21T09:59:48.745+0000] {logging_mixin.py:150} INFO - [2023-07-21T09:59:48.745+0000] {dag.py:3508} INFO - Setting next_dagrun for example_xcom_args to None, run_after=None
[2023-07-21T09:59:48.750+0000] {logging_mixin.py:150} INFO - [2023-07-21T09:59:48.750+0000] {dag.py:3508} INFO - Setting next_dagrun for example_xcom_args_with_operators to None, run_after=None
[2023-07-21T09:59:48.781+0000] {processor.py:179} INFO - Processing /home/airflow/.local/lib/python3.7/site-packages/airflow/example_dags/example_xcomargs.py took 0.121 seconds
[2023-07-21T10:00:19.180+0000] {processor.py:157} INFO - Started process (PID=317) to work on /home/airflow/.local/lib/python3.7/site-packages/airflow/example_dags/example_xcomargs.py
[2023-07-21T10:00:19.183+0000] {processor.py:826} INFO - Processing file /home/airflow/.local/lib/python3.7/site-packages/airflow/example_dags/example_xcomargs.py for tasks to queue
[2023-07-21T10:00:19.185+0000] {logging_mixin.py:150} INFO - [2023-07-21T10:00:19.184+0000] {dagbag.py:541} INFO - Filling up the DagBag from /home/airflow/.local/lib/python3.7/site-packages/airflow/example_dags/example_xcomargs.py
[2023-07-21T10:00:19.205+0000] {processor.py:836} INFO - DAG(s) dict_keys(['example_xcom_args', 'example_xcom_args_with_operators']) retrieved from /home/airflow/.local/lib/python3.7/site-packages/airflow/example_dags/example_xcomargs.py
[2023-07-21T10:00:19.248+0000] {logging_mixin.py:150} INFO - [2023-07-21T10:00:19.248+0000] {dag.py:2742} INFO - Sync 2 DAGs
[2023-07-21T10:00:19.285+0000] {logging_mixin.py:150} INFO - [2023-07-21T10:00:19.285+0000] {dag.py:3508} INFO - Setting next_dagrun for example_xcom_args to None, run_after=None
[2023-07-21T10:00:19.290+0000] {logging_mixin.py:150} INFO - [2023-07-21T10:00:19.290+0000] {dag.py:3508} INFO - Setting next_dagrun for example_xcom_args_with_operators to None, run_after=None
[2023-07-21T10:00:19.311+0000] {processor.py:179} INFO - Processing /home/airflow/.local/lib/python3.7/site-packages/airflow/example_dags/example_xcomargs.py took 0.140 seconds
[2023-07-21T10:00:49.798+0000] {processor.py:157} INFO - Started process (PID=378) to work on /home/airflow/.local/lib/python3.7/site-packages/airflow/example_dags/example_xcomargs.py
[2023-07-21T10:00:49.804+0000] {processor.py:826} INFO - Processing file /home/airflow/.local/lib/python3.7/site-packages/airflow/example_dags/example_xcomargs.py for tasks to queue
[2023-07-21T10:00:49.805+0000] {logging_mixin.py:150} INFO - [2023-07-21T10:00:49.805+0000] {dagbag.py:541} INFO - Filling up the DagBag from /home/airflow/.local/lib/python3.7/site-packages/airflow/example_dags/example_xcomargs.py
[2023-07-21T10:00:49.813+0000] {processor.py:836} INFO - DAG(s) dict_keys(['example_xcom_args', 'example_xcom_args_with_operators']) retrieved from /home/airflow/.local/lib/python3.7/site-packages/airflow/example_dags/example_xcomargs.py
[2023-07-21T10:00:49.858+0000] {logging_mixin.py:150} INFO - [2023-07-21T10:00:49.858+0000] {dag.py:2742} INFO - Sync 2 DAGs
[2023-07-21T10:00:49.887+0000] {logging_mixin.py:150} INFO - [2023-07-21T10:00:49.886+0000] {dag.py:3508} INFO - Setting next_dagrun for example_xcom_args to None, run_after=None
[2023-07-21T10:00:49.891+0000] {logging_mixin.py:150} INFO - [2023-07-21T10:00:49.891+0000] {dag.py:3508} INFO - Setting next_dagrun for example_xcom_args_with_operators to None, run_after=None
[2023-07-21T10:00:49.914+0000] {processor.py:179} INFO - Processing /home/airflow/.local/lib/python3.7/site-packages/airflow/example_dags/example_xcomargs.py took 0.120 seconds
[2023-07-21T10:01:20.482+0000] {processor.py:157} INFO - Started process (PID=439) to work on /home/airflow/.local/lib/python3.7/site-packages/airflow/example_dags/example_xcomargs.py
[2023-07-21T10:01:20.485+0000] {processor.py:826} INFO - Processing file /home/airflow/.local/lib/python3.7/site-packages/airflow/example_dags/example_xcomargs.py for tasks to queue
[2023-07-21T10:01:20.487+0000] {logging_mixin.py:150} INFO - [2023-07-21T10:01:20.486+0000] {dagbag.py:541} INFO - Filling up the DagBag from /home/airflow/.local/lib/python3.7/site-packages/airflow/example_dags/example_xcomargs.py
[2023-07-21T10:01:20.507+0000] {processor.py:836} INFO - DAG(s) dict_keys(['example_xcom_args', 'example_xcom_args_with_operators']) retrieved from /home/airflow/.local/lib/python3.7/site-packages/airflow/example_dags/example_xcomargs.py
[2023-07-21T10:01:20.560+0000] {logging_mixin.py:150} INFO - [2023-07-21T10:01:20.560+0000] {dag.py:2742} INFO - Sync 2 DAGs
[2023-07-21T10:01:20.600+0000] {logging_mixin.py:150} INFO - [2023-07-21T10:01:20.599+0000] {dag.py:3508} INFO - Setting next_dagrun for example_xcom_args to None, run_after=None
[2023-07-21T10:01:20.614+0000] {logging_mixin.py:150} INFO - [2023-07-21T10:01:20.614+0000] {dag.py:3508} INFO - Setting next_dagrun for example_xcom_args_with_operators to None, run_after=None
[2023-07-21T10:01:20.651+0000] {processor.py:179} INFO - Processing /home/airflow/.local/lib/python3.7/site-packages/airflow/example_dags/example_xcomargs.py took 0.175 seconds
[2023-07-21T10:01:55.124+0000] {processor.py:157} INFO - Started process (PID=508) to work on /home/airflow/.local/lib/python3.7/site-packages/airflow/example_dags/example_xcomargs.py
[2023-07-21T10:01:55.136+0000] {processor.py:826} INFO - Processing file /home/airflow/.local/lib/python3.7/site-packages/airflow/example_dags/example_xcomargs.py for tasks to queue
[2023-07-21T10:01:55.138+0000] {logging_mixin.py:150} INFO - [2023-07-21T10:01:55.137+0000] {dagbag.py:541} INFO - Filling up the DagBag from /home/airflow/.local/lib/python3.7/site-packages/airflow/example_dags/example_xcomargs.py
[2023-07-21T10:01:55.163+0000] {processor.py:836} INFO - DAG(s) dict_keys(['example_xcom_args_with_operators', 'example_xcom_args']) retrieved from /home/airflow/.local/lib/python3.7/site-packages/airflow/example_dags/example_xcomargs.py
[2023-07-21T10:01:55.279+0000] {logging_mixin.py:150} INFO - [2023-07-21T10:01:55.279+0000] {dag.py:2742} INFO - Sync 2 DAGs
[2023-07-21T10:01:55.372+0000] {logging_mixin.py:150} INFO - [2023-07-21T10:01:55.371+0000] {dag.py:3508} INFO - Setting next_dagrun for example_xcom_args to None, run_after=None
[2023-07-21T10:01:55.388+0000] {logging_mixin.py:150} INFO - [2023-07-21T10:01:55.388+0000] {dag.py:3508} INFO - Setting next_dagrun for example_xcom_args_with_operators to None, run_after=None
[2023-07-21T10:01:55.487+0000] {processor.py:179} INFO - Processing /home/airflow/.local/lib/python3.7/site-packages/airflow/example_dags/example_xcomargs.py took 0.369 seconds
[2023-07-21T10:02:26.449+0000] {processor.py:157} INFO - Started process (PID=569) to work on /home/airflow/.local/lib/python3.7/site-packages/airflow/example_dags/example_xcomargs.py
[2023-07-21T10:02:26.451+0000] {processor.py:826} INFO - Processing file /home/airflow/.local/lib/python3.7/site-packages/airflow/example_dags/example_xcomargs.py for tasks to queue
[2023-07-21T10:02:26.452+0000] {logging_mixin.py:150} INFO - [2023-07-21T10:02:26.452+0000] {dagbag.py:541} INFO - Filling up the DagBag from /home/airflow/.local/lib/python3.7/site-packages/airflow/example_dags/example_xcomargs.py
[2023-07-21T10:02:26.461+0000] {processor.py:836} INFO - DAG(s) dict_keys(['example_xcom_args_with_operators', 'example_xcom_args']) retrieved from /home/airflow/.local/lib/python3.7/site-packages/airflow/example_dags/example_xcomargs.py
[2023-07-21T10:02:26.500+0000] {logging_mixin.py:150} INFO - [2023-07-21T10:02:26.500+0000] {dag.py:2742} INFO - Sync 2 DAGs
[2023-07-21T10:02:26.541+0000] {logging_mixin.py:150} INFO - [2023-07-21T10:02:26.541+0000] {dag.py:3508} INFO - Setting next_dagrun for example_xcom_args to None, run_after=None
[2023-07-21T10:02:26.547+0000] {logging_mixin.py:150} INFO - [2023-07-21T10:02:26.547+0000] {dag.py:3508} INFO - Setting next_dagrun for example_xcom_args_with_operators to None, run_after=None
[2023-07-21T10:02:26.570+0000] {processor.py:179} INFO - Processing /home/airflow/.local/lib/python3.7/site-packages/airflow/example_dags/example_xcomargs.py took 0.125 seconds
[2023-07-21T10:02:57.405+0000] {processor.py:157} INFO - Started process (PID=630) to work on /home/airflow/.local/lib/python3.7/site-packages/airflow/example_dags/example_xcomargs.py
[2023-07-21T10:02:57.407+0000] {processor.py:826} INFO - Processing file /home/airflow/.local/lib/python3.7/site-packages/airflow/example_dags/example_xcomargs.py for tasks to queue
[2023-07-21T10:02:57.408+0000] {logging_mixin.py:150} INFO - [2023-07-21T10:02:57.408+0000] {dagbag.py:541} INFO - Filling up the DagBag from /home/airflow/.local/lib/python3.7/site-packages/airflow/example_dags/example_xcomargs.py
[2023-07-21T10:02:57.419+0000] {processor.py:836} INFO - DAG(s) dict_keys(['example_xcom_args', 'example_xcom_args_with_operators']) retrieved from /home/airflow/.local/lib/python3.7/site-packages/airflow/example_dags/example_xcomargs.py
[2023-07-21T10:02:57.438+0000] {logging_mixin.py:150} INFO - [2023-07-21T10:02:57.437+0000] {dag.py:2742} INFO - Sync 2 DAGs
[2023-07-21T10:02:57.469+0000] {logging_mixin.py:150} INFO - [2023-07-21T10:02:57.469+0000] {dag.py:3508} INFO - Setting next_dagrun for example_xcom_args to None, run_after=None
[2023-07-21T10:02:57.475+0000] {logging_mixin.py:150} INFO - [2023-07-21T10:02:57.475+0000] {dag.py:3508} INFO - Setting next_dagrun for example_xcom_args_with_operators to None, run_after=None
[2023-07-21T10:02:57.499+0000] {processor.py:179} INFO - Processing /home/airflow/.local/lib/python3.7/site-packages/airflow/example_dags/example_xcomargs.py took 0.100 seconds
[2023-07-21T10:03:28.082+0000] {processor.py:157} INFO - Started process (PID=691) to work on /home/airflow/.local/lib/python3.7/site-packages/airflow/example_dags/example_xcomargs.py
[2023-07-21T10:03:28.085+0000] {processor.py:826} INFO - Processing file /home/airflow/.local/lib/python3.7/site-packages/airflow/example_dags/example_xcomargs.py for tasks to queue
[2023-07-21T10:03:28.089+0000] {logging_mixin.py:150} INFO - [2023-07-21T10:03:28.088+0000] {dagbag.py:541} INFO - Filling up the DagBag from /home/airflow/.local/lib/python3.7/site-packages/airflow/example_dags/example_xcomargs.py
[2023-07-21T10:03:28.113+0000] {processor.py:836} INFO - DAG(s) dict_keys(['example_xcom_args', 'example_xcom_args_with_operators']) retrieved from /home/airflow/.local/lib/python3.7/site-packages/airflow/example_dags/example_xcomargs.py
[2023-07-21T10:03:28.191+0000] {logging_mixin.py:150} INFO - [2023-07-21T10:03:28.191+0000] {dag.py:2742} INFO - Sync 2 DAGs
[2023-07-21T10:03:28.239+0000] {logging_mixin.py:150} INFO - [2023-07-21T10:03:28.238+0000] {dag.py:3508} INFO - Setting next_dagrun for example_xcom_args to None, run_after=None
[2023-07-21T10:03:28.245+0000] {logging_mixin.py:150} INFO - [2023-07-21T10:03:28.244+0000] {dag.py:3508} INFO - Setting next_dagrun for example_xcom_args_with_operators to None, run_after=None
[2023-07-21T10:03:28.278+0000] {processor.py:179} INFO - Processing /home/airflow/.local/lib/python3.7/site-packages/airflow/example_dags/example_xcomargs.py took 0.208 seconds
[2023-07-21T10:03:58.522+0000] {processor.py:157} INFO - Started process (PID=752) to work on /home/airflow/.local/lib/python3.7/site-packages/airflow/example_dags/example_xcomargs.py
[2023-07-21T10:03:58.525+0000] {processor.py:826} INFO - Processing file /home/airflow/.local/lib/python3.7/site-packages/airflow/example_dags/example_xcomargs.py for tasks to queue
[2023-07-21T10:03:58.527+0000] {logging_mixin.py:150} INFO - [2023-07-21T10:03:58.527+0000] {dagbag.py:541} INFO - Filling up the DagBag from /home/airflow/.local/lib/python3.7/site-packages/airflow/example_dags/example_xcomargs.py
[2023-07-21T10:03:58.548+0000] {processor.py:836} INFO - DAG(s) dict_keys(['example_xcom_args_with_operators', 'example_xcom_args']) retrieved from /home/airflow/.local/lib/python3.7/site-packages/airflow/example_dags/example_xcomargs.py
[2023-07-21T10:03:58.609+0000] {logging_mixin.py:150} INFO - [2023-07-21T10:03:58.609+0000] {dag.py:2742} INFO - Sync 2 DAGs
[2023-07-21T10:03:58.653+0000] {logging_mixin.py:150} INFO - [2023-07-21T10:03:58.652+0000] {dag.py:3508} INFO - Setting next_dagrun for example_xcom_args to None, run_after=None
[2023-07-21T10:03:58.659+0000] {logging_mixin.py:150} INFO - [2023-07-21T10:03:58.659+0000] {dag.py:3508} INFO - Setting next_dagrun for example_xcom_args_with_operators to None, run_after=None
[2023-07-21T10:03:58.755+0000] {processor.py:179} INFO - Processing /home/airflow/.local/lib/python3.7/site-packages/airflow/example_dags/example_xcomargs.py took 0.242 seconds
[2023-07-21T10:04:29.217+0000] {processor.py:157} INFO - Started process (PID=813) to work on /home/airflow/.local/lib/python3.7/site-packages/airflow/example_dags/example_xcomargs.py
[2023-07-21T10:04:29.219+0000] {processor.py:826} INFO - Processing file /home/airflow/.local/lib/python3.7/site-packages/airflow/example_dags/example_xcomargs.py for tasks to queue
[2023-07-21T10:04:29.221+0000] {logging_mixin.py:150} INFO - [2023-07-21T10:04:29.220+0000] {dagbag.py:541} INFO - Filling up the DagBag from /home/airflow/.local/lib/python3.7/site-packages/airflow/example_dags/example_xcomargs.py
[2023-07-21T10:04:29.236+0000] {processor.py:836} INFO - DAG(s) dict_keys(['example_xcom_args', 'example_xcom_args_with_operators']) retrieved from /home/airflow/.local/lib/python3.7/site-packages/airflow/example_dags/example_xcomargs.py
[2023-07-21T10:04:29.271+0000] {logging_mixin.py:150} INFO - [2023-07-21T10:04:29.270+0000] {dag.py:2742} INFO - Sync 2 DAGs
[2023-07-21T10:04:29.297+0000] {logging_mixin.py:150} INFO - [2023-07-21T10:04:29.297+0000] {dag.py:3508} INFO - Setting next_dagrun for example_xcom_args to None, run_after=None
[2023-07-21T10:04:29.303+0000] {logging_mixin.py:150} INFO - [2023-07-21T10:04:29.302+0000] {dag.py:3508} INFO - Setting next_dagrun for example_xcom_args_with_operators to None, run_after=None
[2023-07-21T10:04:29.329+0000] {processor.py:179} INFO - Processing /home/airflow/.local/lib/python3.7/site-packages/airflow/example_dags/example_xcomargs.py took 0.117 seconds
[2023-07-21T10:04:59.808+0000] {processor.py:157} INFO - Started process (PID=874) to work on /home/airflow/.local/lib/python3.7/site-packages/airflow/example_dags/example_xcomargs.py
[2023-07-21T10:04:59.813+0000] {processor.py:826} INFO - Processing file /home/airflow/.local/lib/python3.7/site-packages/airflow/example_dags/example_xcomargs.py for tasks to queue
[2023-07-21T10:04:59.816+0000] {logging_mixin.py:150} INFO - [2023-07-21T10:04:59.815+0000] {dagbag.py:541} INFO - Filling up the DagBag from /home/airflow/.local/lib/python3.7/site-packages/airflow/example_dags/example_xcomargs.py
[2023-07-21T10:04:59.832+0000] {processor.py:836} INFO - DAG(s) dict_keys(['example_xcom_args_with_operators', 'example_xcom_args']) retrieved from /home/airflow/.local/lib/python3.7/site-packages/airflow/example_dags/example_xcomargs.py
[2023-07-21T10:04:59.879+0000] {logging_mixin.py:150} INFO - [2023-07-21T10:04:59.879+0000] {dag.py:2742} INFO - Sync 2 DAGs
[2023-07-21T10:04:59.923+0000] {logging_mixin.py:150} INFO - [2023-07-21T10:04:59.922+0000] {dag.py:3508} INFO - Setting next_dagrun for example_xcom_args to None, run_after=None
[2023-07-21T10:04:59.929+0000] {logging_mixin.py:150} INFO - [2023-07-21T10:04:59.929+0000] {dag.py:3508} INFO - Setting next_dagrun for example_xcom_args_with_operators to None, run_after=None
[2023-07-21T10:04:59.961+0000] {processor.py:179} INFO - Processing /home/airflow/.local/lib/python3.7/site-packages/airflow/example_dags/example_xcomargs.py took 0.159 seconds
[2023-07-21T10:05:30.162+0000] {processor.py:157} INFO - Started process (PID=935) to work on /home/airflow/.local/lib/python3.7/site-packages/airflow/example_dags/example_xcomargs.py
[2023-07-21T10:05:30.164+0000] {processor.py:826} INFO - Processing file /home/airflow/.local/lib/python3.7/site-packages/airflow/example_dags/example_xcomargs.py for tasks to queue
[2023-07-21T10:05:30.166+0000] {logging_mixin.py:150} INFO - [2023-07-21T10:05:30.165+0000] {dagbag.py:541} INFO - Filling up the DagBag from /home/airflow/.local/lib/python3.7/site-packages/airflow/example_dags/example_xcomargs.py
[2023-07-21T10:05:30.177+0000] {processor.py:836} INFO - DAG(s) dict_keys(['example_xcom_args', 'example_xcom_args_with_operators']) retrieved from /home/airflow/.local/lib/python3.7/site-packages/airflow/example_dags/example_xcomargs.py
[2023-07-21T10:05:30.222+0000] {logging_mixin.py:150} INFO - [2023-07-21T10:05:30.221+0000] {dag.py:2742} INFO - Sync 2 DAGs
[2023-07-21T10:05:30.257+0000] {logging_mixin.py:150} INFO - [2023-07-21T10:05:30.256+0000] {dag.py:3508} INFO - Setting next_dagrun for example_xcom_args to None, run_after=None
[2023-07-21T10:05:30.262+0000] {logging_mixin.py:150} INFO - [2023-07-21T10:05:30.262+0000] {dag.py:3508} INFO - Setting next_dagrun for example_xcom_args_with_operators to None, run_after=None
[2023-07-21T10:05:30.291+0000] {processor.py:179} INFO - Processing /home/airflow/.local/lib/python3.7/site-packages/airflow/example_dags/example_xcomargs.py took 0.134 seconds
[2023-07-21T10:06:00.682+0000] {processor.py:157} INFO - Started process (PID=996) to work on /home/airflow/.local/lib/python3.7/site-packages/airflow/example_dags/example_xcomargs.py
[2023-07-21T10:06:00.683+0000] {processor.py:826} INFO - Processing file /home/airflow/.local/lib/python3.7/site-packages/airflow/example_dags/example_xcomargs.py for tasks to queue
[2023-07-21T10:06:00.684+0000] {logging_mixin.py:150} INFO - [2023-07-21T10:06:00.684+0000] {dagbag.py:541} INFO - Filling up the DagBag from /home/airflow/.local/lib/python3.7/site-packages/airflow/example_dags/example_xcomargs.py
[2023-07-21T10:06:00.696+0000] {processor.py:836} INFO - DAG(s) dict_keys(['example_xcom_args', 'example_xcom_args_with_operators']) retrieved from /home/airflow/.local/lib/python3.7/site-packages/airflow/example_dags/example_xcomargs.py
[2023-07-21T10:06:00.736+0000] {logging_mixin.py:150} INFO - [2023-07-21T10:06:00.736+0000] {dag.py:2742} INFO - Sync 2 DAGs
[2023-07-21T10:06:00.772+0000] {logging_mixin.py:150} INFO - [2023-07-21T10:06:00.771+0000] {dag.py:3508} INFO - Setting next_dagrun for example_xcom_args to None, run_after=None
[2023-07-21T10:06:00.777+0000] {logging_mixin.py:150} INFO - [2023-07-21T10:06:00.777+0000] {dag.py:3508} INFO - Setting next_dagrun for example_xcom_args_with_operators to None, run_after=None
[2023-07-21T10:06:00.811+0000] {processor.py:179} INFO - Processing /home/airflow/.local/lib/python3.7/site-packages/airflow/example_dags/example_xcomargs.py took 0.134 seconds
[2023-07-21T10:06:30.875+0000] {processor.py:157} INFO - Started process (PID=1057) to work on /home/airflow/.local/lib/python3.7/site-packages/airflow/example_dags/example_xcomargs.py
[2023-07-21T10:06:30.877+0000] {processor.py:826} INFO - Processing file /home/airflow/.local/lib/python3.7/site-packages/airflow/example_dags/example_xcomargs.py for tasks to queue
[2023-07-21T10:06:30.879+0000] {logging_mixin.py:150} INFO - [2023-07-21T10:06:30.878+0000] {dagbag.py:541} INFO - Filling up the DagBag from /home/airflow/.local/lib/python3.7/site-packages/airflow/example_dags/example_xcomargs.py
[2023-07-21T10:06:30.902+0000] {processor.py:836} INFO - DAG(s) dict_keys(['example_xcom_args_with_operators', 'example_xcom_args']) retrieved from /home/airflow/.local/lib/python3.7/site-packages/airflow/example_dags/example_xcomargs.py
[2023-07-21T10:06:30.951+0000] {logging_mixin.py:150} INFO - [2023-07-21T10:06:30.951+0000] {dag.py:2742} INFO - Sync 2 DAGs
[2023-07-21T10:06:30.983+0000] {logging_mixin.py:150} INFO - [2023-07-21T10:06:30.983+0000] {dag.py:3508} INFO - Setting next_dagrun for example_xcom_args to None, run_after=None
[2023-07-21T10:06:30.989+0000] {logging_mixin.py:150} INFO - [2023-07-21T10:06:30.989+0000] {dag.py:3508} INFO - Setting next_dagrun for example_xcom_args_with_operators to None, run_after=None
[2023-07-21T10:06:31.016+0000] {processor.py:179} INFO - Processing /home/airflow/.local/lib/python3.7/site-packages/airflow/example_dags/example_xcomargs.py took 0.146 seconds
[2023-07-21T10:07:01.271+0000] {processor.py:157} INFO - Started process (PID=1118) to work on /home/airflow/.local/lib/python3.7/site-packages/airflow/example_dags/example_xcomargs.py
[2023-07-21T10:07:01.273+0000] {processor.py:826} INFO - Processing file /home/airflow/.local/lib/python3.7/site-packages/airflow/example_dags/example_xcomargs.py for tasks to queue
[2023-07-21T10:07:01.274+0000] {logging_mixin.py:150} INFO - [2023-07-21T10:07:01.274+0000] {dagbag.py:541} INFO - Filling up the DagBag from /home/airflow/.local/lib/python3.7/site-packages/airflow/example_dags/example_xcomargs.py
[2023-07-21T10:07:01.286+0000] {processor.py:836} INFO - DAG(s) dict_keys(['example_xcom_args', 'example_xcom_args_with_operators']) retrieved from /home/airflow/.local/lib/python3.7/site-packages/airflow/example_dags/example_xcomargs.py
[2023-07-21T10:07:01.330+0000] {logging_mixin.py:150} INFO - [2023-07-21T10:07:01.330+0000] {dag.py:2742} INFO - Sync 2 DAGs
[2023-07-21T10:07:01.361+0000] {logging_mixin.py:150} INFO - [2023-07-21T10:07:01.360+0000] {dag.py:3508} INFO - Setting next_dagrun for example_xcom_args to None, run_after=None
[2023-07-21T10:07:01.365+0000] {logging_mixin.py:150} INFO - [2023-07-21T10:07:01.365+0000] {dag.py:3508} INFO - Setting next_dagrun for example_xcom_args_with_operators to None, run_after=None
[2023-07-21T10:07:01.391+0000] {processor.py:179} INFO - Processing /home/airflow/.local/lib/python3.7/site-packages/airflow/example_dags/example_xcomargs.py took 0.124 seconds
[2023-07-21T10:07:31.994+0000] {processor.py:157} INFO - Started process (PID=1179) to work on /home/airflow/.local/lib/python3.7/site-packages/airflow/example_dags/example_xcomargs.py
[2023-07-21T10:07:31.995+0000] {processor.py:826} INFO - Processing file /home/airflow/.local/lib/python3.7/site-packages/airflow/example_dags/example_xcomargs.py for tasks to queue
[2023-07-21T10:07:32.003+0000] {logging_mixin.py:150} INFO - [2023-07-21T10:07:32.002+0000] {dagbag.py:541} INFO - Filling up the DagBag from /home/airflow/.local/lib/python3.7/site-packages/airflow/example_dags/example_xcomargs.py
[2023-07-21T10:07:32.025+0000] {processor.py:836} INFO - DAG(s) dict_keys(['example_xcom_args', 'example_xcom_args_with_operators']) retrieved from /home/airflow/.local/lib/python3.7/site-packages/airflow/example_dags/example_xcomargs.py
[2023-07-21T10:07:32.142+0000] {logging_mixin.py:150} INFO - [2023-07-21T10:07:32.134+0000] {dag.py:2742} INFO - Sync 2 DAGs
[2023-07-21T10:07:32.265+0000] {logging_mixin.py:150} INFO - [2023-07-21T10:07:32.255+0000] {dag.py:3508} INFO - Setting next_dagrun for example_xcom_args to None, run_after=None
[2023-07-21T10:07:32.303+0000] {logging_mixin.py:150} INFO - [2023-07-21T10:07:32.303+0000] {dag.py:3508} INFO - Setting next_dagrun for example_xcom_args_with_operators to None, run_after=None
[2023-07-21T10:07:32.405+0000] {processor.py:179} INFO - Processing /home/airflow/.local/lib/python3.7/site-packages/airflow/example_dags/example_xcomargs.py took 0.417 seconds
[2023-07-21T10:08:03.290+0000] {processor.py:157} INFO - Started process (PID=1241) to work on /home/airflow/.local/lib/python3.7/site-packages/airflow/example_dags/example_xcomargs.py
[2023-07-21T10:08:03.294+0000] {processor.py:826} INFO - Processing file /home/airflow/.local/lib/python3.7/site-packages/airflow/example_dags/example_xcomargs.py for tasks to queue
[2023-07-21T10:08:03.301+0000] {logging_mixin.py:150} INFO - [2023-07-21T10:08:03.300+0000] {dagbag.py:541} INFO - Filling up the DagBag from /home/airflow/.local/lib/python3.7/site-packages/airflow/example_dags/example_xcomargs.py
[2023-07-21T10:08:03.321+0000] {processor.py:836} INFO - DAG(s) dict_keys(['example_xcom_args', 'example_xcom_args_with_operators']) retrieved from /home/airflow/.local/lib/python3.7/site-packages/airflow/example_dags/example_xcomargs.py
[2023-07-21T10:08:03.386+0000] {logging_mixin.py:150} INFO - [2023-07-21T10:08:03.386+0000] {dag.py:2742} INFO - Sync 2 DAGs
[2023-07-21T10:08:03.443+0000] {logging_mixin.py:150} INFO - [2023-07-21T10:08:03.443+0000] {dag.py:3508} INFO - Setting next_dagrun for example_xcom_args to None, run_after=None
[2023-07-21T10:08:03.449+0000] {logging_mixin.py:150} INFO - [2023-07-21T10:08:03.448+0000] {dag.py:3508} INFO - Setting next_dagrun for example_xcom_args_with_operators to None, run_after=None
[2023-07-21T10:08:03.478+0000] {processor.py:179} INFO - Processing /home/airflow/.local/lib/python3.7/site-packages/airflow/example_dags/example_xcomargs.py took 0.195 seconds
[2023-07-21T10:08:33.912+0000] {processor.py:157} INFO - Started process (PID=1303) to work on /home/airflow/.local/lib/python3.7/site-packages/airflow/example_dags/example_xcomargs.py
[2023-07-21T10:08:33.915+0000] {processor.py:826} INFO - Processing file /home/airflow/.local/lib/python3.7/site-packages/airflow/example_dags/example_xcomargs.py for tasks to queue
[2023-07-21T10:08:33.918+0000] {logging_mixin.py:150} INFO - [2023-07-21T10:08:33.917+0000] {dagbag.py:541} INFO - Filling up the DagBag from /home/airflow/.local/lib/python3.7/site-packages/airflow/example_dags/example_xcomargs.py
[2023-07-21T10:08:33.943+0000] {processor.py:836} INFO - DAG(s) dict_keys(['example_xcom_args', 'example_xcom_args_with_operators']) retrieved from /home/airflow/.local/lib/python3.7/site-packages/airflow/example_dags/example_xcomargs.py
[2023-07-21T10:08:34.007+0000] {logging_mixin.py:150} INFO - [2023-07-21T10:08:34.007+0000] {dag.py:2742} INFO - Sync 2 DAGs
[2023-07-21T10:08:34.070+0000] {logging_mixin.py:150} INFO - [2023-07-21T10:08:34.070+0000] {dag.py:3508} INFO - Setting next_dagrun for example_xcom_args to None, run_after=None
[2023-07-21T10:08:34.080+0000] {logging_mixin.py:150} INFO - [2023-07-21T10:08:34.080+0000] {dag.py:3508} INFO - Setting next_dagrun for example_xcom_args_with_operators to None, run_after=None
[2023-07-21T10:08:34.124+0000] {processor.py:179} INFO - Processing /home/airflow/.local/lib/python3.7/site-packages/airflow/example_dags/example_xcomargs.py took 0.229 seconds
[2023-07-21T10:09:04.284+0000] {processor.py:157} INFO - Started process (PID=1364) to work on /home/airflow/.local/lib/python3.7/site-packages/airflow/example_dags/example_xcomargs.py
[2023-07-21T10:09:04.285+0000] {processor.py:826} INFO - Processing file /home/airflow/.local/lib/python3.7/site-packages/airflow/example_dags/example_xcomargs.py for tasks to queue
[2023-07-21T10:09:04.286+0000] {logging_mixin.py:150} INFO - [2023-07-21T10:09:04.286+0000] {dagbag.py:541} INFO - Filling up the DagBag from /home/airflow/.local/lib/python3.7/site-packages/airflow/example_dags/example_xcomargs.py
[2023-07-21T10:09:04.293+0000] {processor.py:836} INFO - DAG(s) dict_keys(['example_xcom_args_with_operators', 'example_xcom_args']) retrieved from /home/airflow/.local/lib/python3.7/site-packages/airflow/example_dags/example_xcomargs.py
[2023-07-21T10:09:04.326+0000] {logging_mixin.py:150} INFO - [2023-07-21T10:09:04.325+0000] {dag.py:2742} INFO - Sync 2 DAGs
[2023-07-21T10:09:04.348+0000] {logging_mixin.py:150} INFO - [2023-07-21T10:09:04.348+0000] {dag.py:3508} INFO - Setting next_dagrun for example_xcom_args to None, run_after=None
[2023-07-21T10:09:04.352+0000] {logging_mixin.py:150} INFO - [2023-07-21T10:09:04.351+0000] {dag.py:3508} INFO - Setting next_dagrun for example_xcom_args_with_operators to None, run_after=None
[2023-07-21T10:09:04.373+0000] {processor.py:179} INFO - Processing /home/airflow/.local/lib/python3.7/site-packages/airflow/example_dags/example_xcomargs.py took 0.093 seconds
[2023-07-21T10:09:34.525+0000] {processor.py:157} INFO - Started process (PID=1426) to work on /home/airflow/.local/lib/python3.7/site-packages/airflow/example_dags/example_xcomargs.py
[2023-07-21T10:09:34.527+0000] {processor.py:826} INFO - Processing file /home/airflow/.local/lib/python3.7/site-packages/airflow/example_dags/example_xcomargs.py for tasks to queue
[2023-07-21T10:09:34.529+0000] {logging_mixin.py:150} INFO - [2023-07-21T10:09:34.529+0000] {dagbag.py:541} INFO - Filling up the DagBag from /home/airflow/.local/lib/python3.7/site-packages/airflow/example_dags/example_xcomargs.py
[2023-07-21T10:09:34.549+0000] {processor.py:836} INFO - DAG(s) dict_keys(['example_xcom_args', 'example_xcom_args_with_operators']) retrieved from /home/airflow/.local/lib/python3.7/site-packages/airflow/example_dags/example_xcomargs.py
[2023-07-21T10:09:34.591+0000] {logging_mixin.py:150} INFO - [2023-07-21T10:09:34.591+0000] {dag.py:2742} INFO - Sync 2 DAGs
[2023-07-21T10:09:34.621+0000] {logging_mixin.py:150} INFO - [2023-07-21T10:09:34.621+0000] {dag.py:3508} INFO - Setting next_dagrun for example_xcom_args to None, run_after=None
[2023-07-21T10:09:34.626+0000] {logging_mixin.py:150} INFO - [2023-07-21T10:09:34.626+0000] {dag.py:3508} INFO - Setting next_dagrun for example_xcom_args_with_operators to None, run_after=None
[2023-07-21T10:09:34.655+0000] {processor.py:179} INFO - Processing /home/airflow/.local/lib/python3.7/site-packages/airflow/example_dags/example_xcomargs.py took 0.137 seconds
[2023-07-21T10:10:04.711+0000] {processor.py:157} INFO - Started process (PID=1486) to work on /home/airflow/.local/lib/python3.7/site-packages/airflow/example_dags/example_xcomargs.py
[2023-07-21T10:10:04.712+0000] {processor.py:826} INFO - Processing file /home/airflow/.local/lib/python3.7/site-packages/airflow/example_dags/example_xcomargs.py for tasks to queue
[2023-07-21T10:10:04.714+0000] {logging_mixin.py:150} INFO - [2023-07-21T10:10:04.713+0000] {dagbag.py:541} INFO - Filling up the DagBag from /home/airflow/.local/lib/python3.7/site-packages/airflow/example_dags/example_xcomargs.py
[2023-07-21T10:10:04.726+0000] {processor.py:836} INFO - DAG(s) dict_keys(['example_xcom_args_with_operators', 'example_xcom_args']) retrieved from /home/airflow/.local/lib/python3.7/site-packages/airflow/example_dags/example_xcomargs.py
[2023-07-21T10:10:04.761+0000] {logging_mixin.py:150} INFO - [2023-07-21T10:10:04.760+0000] {dag.py:2742} INFO - Sync 2 DAGs
[2023-07-21T10:10:04.793+0000] {logging_mixin.py:150} INFO - [2023-07-21T10:10:04.793+0000] {dag.py:3508} INFO - Setting next_dagrun for example_xcom_args to None, run_after=None
[2023-07-21T10:10:04.798+0000] {logging_mixin.py:150} INFO - [2023-07-21T10:10:04.798+0000] {dag.py:3508} INFO - Setting next_dagrun for example_xcom_args_with_operators to None, run_after=None
[2023-07-21T10:10:04.826+0000] {processor.py:179} INFO - Processing /home/airflow/.local/lib/python3.7/site-packages/airflow/example_dags/example_xcomargs.py took 0.120 seconds
[2023-07-21T10:10:35.028+0000] {processor.py:157} INFO - Started process (PID=1547) to work on /home/airflow/.local/lib/python3.7/site-packages/airflow/example_dags/example_xcomargs.py
[2023-07-21T10:10:35.030+0000] {processor.py:826} INFO - Processing file /home/airflow/.local/lib/python3.7/site-packages/airflow/example_dags/example_xcomargs.py for tasks to queue
[2023-07-21T10:10:35.031+0000] {logging_mixin.py:150} INFO - [2023-07-21T10:10:35.031+0000] {dagbag.py:541} INFO - Filling up the DagBag from /home/airflow/.local/lib/python3.7/site-packages/airflow/example_dags/example_xcomargs.py
[2023-07-21T10:10:35.043+0000] {processor.py:836} INFO - DAG(s) dict_keys(['example_xcom_args_with_operators', 'example_xcom_args']) retrieved from /home/airflow/.local/lib/python3.7/site-packages/airflow/example_dags/example_xcomargs.py
[2023-07-21T10:10:35.074+0000] {logging_mixin.py:150} INFO - [2023-07-21T10:10:35.074+0000] {dag.py:2742} INFO - Sync 2 DAGs
[2023-07-21T10:10:35.097+0000] {logging_mixin.py:150} INFO - [2023-07-21T10:10:35.097+0000] {dag.py:3508} INFO - Setting next_dagrun for example_xcom_args to None, run_after=None
[2023-07-21T10:10:35.102+0000] {logging_mixin.py:150} INFO - [2023-07-21T10:10:35.101+0000] {dag.py:3508} INFO - Setting next_dagrun for example_xcom_args_with_operators to None, run_after=None
[2023-07-21T10:10:35.141+0000] {processor.py:179} INFO - Processing /home/airflow/.local/lib/python3.7/site-packages/airflow/example_dags/example_xcomargs.py took 0.116 seconds
[2023-07-21T10:11:06.215+0000] {processor.py:157} INFO - Started process (PID=1608) to work on /home/airflow/.local/lib/python3.7/site-packages/airflow/example_dags/example_xcomargs.py
[2023-07-21T10:11:06.260+0000] {processor.py:826} INFO - Processing file /home/airflow/.local/lib/python3.7/site-packages/airflow/example_dags/example_xcomargs.py for tasks to queue
[2023-07-21T10:11:06.278+0000] {logging_mixin.py:150} INFO - [2023-07-21T10:11:06.272+0000] {dagbag.py:541} INFO - Filling up the DagBag from /home/airflow/.local/lib/python3.7/site-packages/airflow/example_dags/example_xcomargs.py
[2023-07-21T10:11:06.491+0000] {processor.py:836} INFO - DAG(s) dict_keys(['example_xcom_args_with_operators', 'example_xcom_args']) retrieved from /home/airflow/.local/lib/python3.7/site-packages/airflow/example_dags/example_xcomargs.py
[2023-07-21T10:11:06.740+0000] {logging_mixin.py:150} INFO - [2023-07-21T10:11:06.740+0000] {dag.py:2742} INFO - Sync 2 DAGs
[2023-07-21T10:11:06.881+0000] {logging_mixin.py:150} INFO - [2023-07-21T10:11:06.881+0000] {dag.py:3508} INFO - Setting next_dagrun for example_xcom_args to None, run_after=None
[2023-07-21T10:11:06.888+0000] {logging_mixin.py:150} INFO - [2023-07-21T10:11:06.888+0000] {dag.py:3508} INFO - Setting next_dagrun for example_xcom_args_with_operators to None, run_after=None
[2023-07-21T10:11:06.942+0000] {processor.py:179} INFO - Processing /home/airflow/.local/lib/python3.7/site-packages/airflow/example_dags/example_xcomargs.py took 0.971 seconds
[2023-07-21T10:11:37.688+0000] {processor.py:157} INFO - Started process (PID=1669) to work on /home/airflow/.local/lib/python3.7/site-packages/airflow/example_dags/example_xcomargs.py
[2023-07-21T10:11:37.692+0000] {processor.py:826} INFO - Processing file /home/airflow/.local/lib/python3.7/site-packages/airflow/example_dags/example_xcomargs.py for tasks to queue
[2023-07-21T10:11:37.694+0000] {logging_mixin.py:150} INFO - [2023-07-21T10:11:37.693+0000] {dagbag.py:541} INFO - Filling up the DagBag from /home/airflow/.local/lib/python3.7/site-packages/airflow/example_dags/example_xcomargs.py
[2023-07-21T10:11:37.705+0000] {processor.py:836} INFO - DAG(s) dict_keys(['example_xcom_args_with_operators', 'example_xcom_args']) retrieved from /home/airflow/.local/lib/python3.7/site-packages/airflow/example_dags/example_xcomargs.py
[2023-07-21T10:11:37.749+0000] {logging_mixin.py:150} INFO - [2023-07-21T10:11:37.748+0000] {dag.py:2742} INFO - Sync 2 DAGs
[2023-07-21T10:11:37.788+0000] {logging_mixin.py:150} INFO - [2023-07-21T10:11:37.788+0000] {dag.py:3508} INFO - Setting next_dagrun for example_xcom_args to None, run_after=None
[2023-07-21T10:11:37.794+0000] {logging_mixin.py:150} INFO - [2023-07-21T10:11:37.794+0000] {dag.py:3508} INFO - Setting next_dagrun for example_xcom_args_with_operators to None, run_after=None
[2023-07-21T10:11:37.827+0000] {processor.py:179} INFO - Processing /home/airflow/.local/lib/python3.7/site-packages/airflow/example_dags/example_xcomargs.py took 0.144 seconds
[2023-07-21T10:12:08.131+0000] {processor.py:157} INFO - Started process (PID=1730) to work on /home/airflow/.local/lib/python3.7/site-packages/airflow/example_dags/example_xcomargs.py
[2023-07-21T10:12:08.135+0000] {processor.py:826} INFO - Processing file /home/airflow/.local/lib/python3.7/site-packages/airflow/example_dags/example_xcomargs.py for tasks to queue
[2023-07-21T10:12:08.140+0000] {logging_mixin.py:150} INFO - [2023-07-21T10:12:08.139+0000] {dagbag.py:541} INFO - Filling up the DagBag from /home/airflow/.local/lib/python3.7/site-packages/airflow/example_dags/example_xcomargs.py
[2023-07-21T10:12:08.165+0000] {processor.py:836} INFO - DAG(s) dict_keys(['example_xcom_args', 'example_xcom_args_with_operators']) retrieved from /home/airflow/.local/lib/python3.7/site-packages/airflow/example_dags/example_xcomargs.py
[2023-07-21T10:12:08.247+0000] {logging_mixin.py:150} INFO - [2023-07-21T10:12:08.247+0000] {dag.py:2742} INFO - Sync 2 DAGs
[2023-07-21T10:12:08.317+0000] {logging_mixin.py:150} INFO - [2023-07-21T10:12:08.316+0000] {dag.py:3508} INFO - Setting next_dagrun for example_xcom_args to None, run_after=None
[2023-07-21T10:12:08.328+0000] {logging_mixin.py:150} INFO - [2023-07-21T10:12:08.328+0000] {dag.py:3508} INFO - Setting next_dagrun for example_xcom_args_with_operators to None, run_after=None
[2023-07-21T10:12:08.382+0000] {processor.py:179} INFO - Processing /home/airflow/.local/lib/python3.7/site-packages/airflow/example_dags/example_xcomargs.py took 0.258 seconds
[2023-07-21T10:12:39.188+0000] {processor.py:157} INFO - Started process (PID=1791) to work on /home/airflow/.local/lib/python3.7/site-packages/airflow/example_dags/example_xcomargs.py
[2023-07-21T10:12:39.191+0000] {processor.py:826} INFO - Processing file /home/airflow/.local/lib/python3.7/site-packages/airflow/example_dags/example_xcomargs.py for tasks to queue
[2023-07-21T10:12:39.194+0000] {logging_mixin.py:150} INFO - [2023-07-21T10:12:39.193+0000] {dagbag.py:541} INFO - Filling up the DagBag from /home/airflow/.local/lib/python3.7/site-packages/airflow/example_dags/example_xcomargs.py
[2023-07-21T10:12:39.214+0000] {processor.py:836} INFO - DAG(s) dict_keys(['example_xcom_args', 'example_xcom_args_with_operators']) retrieved from /home/airflow/.local/lib/python3.7/site-packages/airflow/example_dags/example_xcomargs.py
[2023-07-21T10:12:39.262+0000] {logging_mixin.py:150} INFO - [2023-07-21T10:12:39.261+0000] {dag.py:2742} INFO - Sync 2 DAGs
[2023-07-21T10:12:39.310+0000] {logging_mixin.py:150} INFO - [2023-07-21T10:12:39.309+0000] {dag.py:3508} INFO - Setting next_dagrun for example_xcom_args to None, run_after=None
[2023-07-21T10:12:39.317+0000] {logging_mixin.py:150} INFO - [2023-07-21T10:12:39.316+0000] {dag.py:3508} INFO - Setting next_dagrun for example_xcom_args_with_operators to None, run_after=None
[2023-07-21T10:12:39.344+0000] {processor.py:179} INFO - Processing /home/airflow/.local/lib/python3.7/site-packages/airflow/example_dags/example_xcomargs.py took 0.165 seconds
[2023-07-21T10:13:09.405+0000] {processor.py:157} INFO - Started process (PID=1851) to work on /home/airflow/.local/lib/python3.7/site-packages/airflow/example_dags/example_xcomargs.py
[2023-07-21T10:13:09.408+0000] {processor.py:826} INFO - Processing file /home/airflow/.local/lib/python3.7/site-packages/airflow/example_dags/example_xcomargs.py for tasks to queue
[2023-07-21T10:13:09.410+0000] {logging_mixin.py:150} INFO - [2023-07-21T10:13:09.409+0000] {dagbag.py:541} INFO - Filling up the DagBag from /home/airflow/.local/lib/python3.7/site-packages/airflow/example_dags/example_xcomargs.py
[2023-07-21T10:13:09.418+0000] {processor.py:836} INFO - DAG(s) dict_keys(['example_xcom_args_with_operators', 'example_xcom_args']) retrieved from /home/airflow/.local/lib/python3.7/site-packages/airflow/example_dags/example_xcomargs.py
[2023-07-21T10:13:09.452+0000] {logging_mixin.py:150} INFO - [2023-07-21T10:13:09.452+0000] {dag.py:2742} INFO - Sync 2 DAGs
[2023-07-21T10:13:09.481+0000] {logging_mixin.py:150} INFO - [2023-07-21T10:13:09.480+0000] {dag.py:3508} INFO - Setting next_dagrun for example_xcom_args to None, run_after=None
[2023-07-21T10:13:09.487+0000] {logging_mixin.py:150} INFO - [2023-07-21T10:13:09.487+0000] {dag.py:3508} INFO - Setting next_dagrun for example_xcom_args_with_operators to None, run_after=None
[2023-07-21T10:13:09.516+0000] {processor.py:179} INFO - Processing /home/airflow/.local/lib/python3.7/site-packages/airflow/example_dags/example_xcomargs.py took 0.118 seconds
[2023-07-21T10:13:39.873+0000] {processor.py:157} INFO - Started process (PID=1913) to work on /home/airflow/.local/lib/python3.7/site-packages/airflow/example_dags/example_xcomargs.py
[2023-07-21T10:13:39.874+0000] {processor.py:826} INFO - Processing file /home/airflow/.local/lib/python3.7/site-packages/airflow/example_dags/example_xcomargs.py for tasks to queue
[2023-07-21T10:13:39.875+0000] {logging_mixin.py:150} INFO - [2023-07-21T10:13:39.875+0000] {dagbag.py:541} INFO - Filling up the DagBag from /home/airflow/.local/lib/python3.7/site-packages/airflow/example_dags/example_xcomargs.py
[2023-07-21T10:13:39.884+0000] {processor.py:836} INFO - DAG(s) dict_keys(['example_xcom_args_with_operators', 'example_xcom_args']) retrieved from /home/airflow/.local/lib/python3.7/site-packages/airflow/example_dags/example_xcomargs.py
[2023-07-21T10:13:39.920+0000] {logging_mixin.py:150} INFO - [2023-07-21T10:13:39.919+0000] {dag.py:2742} INFO - Sync 2 DAGs
[2023-07-21T10:13:39.985+0000] {logging_mixin.py:150} INFO - [2023-07-21T10:13:39.985+0000] {dag.py:3508} INFO - Setting next_dagrun for example_xcom_args to None, run_after=None
[2023-07-21T10:13:39.990+0000] {logging_mixin.py:150} INFO - [2023-07-21T10:13:39.990+0000] {dag.py:3508} INFO - Setting next_dagrun for example_xcom_args_with_operators to None, run_after=None
[2023-07-21T10:13:40.017+0000] {processor.py:179} INFO - Processing /home/airflow/.local/lib/python3.7/site-packages/airflow/example_dags/example_xcomargs.py took 0.149 seconds
[2023-07-21T10:14:10.777+0000] {processor.py:157} INFO - Started process (PID=1974) to work on /home/airflow/.local/lib/python3.7/site-packages/airflow/example_dags/example_xcomargs.py
[2023-07-21T10:14:10.778+0000] {processor.py:826} INFO - Processing file /home/airflow/.local/lib/python3.7/site-packages/airflow/example_dags/example_xcomargs.py for tasks to queue
[2023-07-21T10:14:10.780+0000] {logging_mixin.py:150} INFO - [2023-07-21T10:14:10.779+0000] {dagbag.py:541} INFO - Filling up the DagBag from /home/airflow/.local/lib/python3.7/site-packages/airflow/example_dags/example_xcomargs.py
[2023-07-21T10:14:10.795+0000] {processor.py:836} INFO - DAG(s) dict_keys(['example_xcom_args', 'example_xcom_args_with_operators']) retrieved from /home/airflow/.local/lib/python3.7/site-packages/airflow/example_dags/example_xcomargs.py
[2023-07-21T10:14:10.851+0000] {logging_mixin.py:150} INFO - [2023-07-21T10:14:10.850+0000] {dag.py:2742} INFO - Sync 2 DAGs
[2023-07-21T10:14:10.885+0000] {logging_mixin.py:150} INFO - [2023-07-21T10:14:10.885+0000] {dag.py:3508} INFO - Setting next_dagrun for example_xcom_args to None, run_after=None
[2023-07-21T10:14:10.893+0000] {logging_mixin.py:150} INFO - [2023-07-21T10:14:10.893+0000] {dag.py:3508} INFO - Setting next_dagrun for example_xcom_args_with_operators to None, run_after=None
[2023-07-21T10:14:10.920+0000] {processor.py:179} INFO - Processing /home/airflow/.local/lib/python3.7/site-packages/airflow/example_dags/example_xcomargs.py took 0.153 seconds
[2023-07-21T10:14:41.771+0000] {processor.py:157} INFO - Started process (PID=2035) to work on /home/airflow/.local/lib/python3.7/site-packages/airflow/example_dags/example_xcomargs.py
[2023-07-21T10:14:41.774+0000] {processor.py:826} INFO - Processing file /home/airflow/.local/lib/python3.7/site-packages/airflow/example_dags/example_xcomargs.py for tasks to queue
[2023-07-21T10:14:41.775+0000] {logging_mixin.py:150} INFO - [2023-07-21T10:14:41.775+0000] {dagbag.py:541} INFO - Filling up the DagBag from /home/airflow/.local/lib/python3.7/site-packages/airflow/example_dags/example_xcomargs.py
[2023-07-21T10:14:41.790+0000] {processor.py:836} INFO - DAG(s) dict_keys(['example_xcom_args_with_operators', 'example_xcom_args']) retrieved from /home/airflow/.local/lib/python3.7/site-packages/airflow/example_dags/example_xcomargs.py
[2023-07-21T10:14:41.833+0000] {logging_mixin.py:150} INFO - [2023-07-21T10:14:41.832+0000] {dag.py:2742} INFO - Sync 2 DAGs
[2023-07-21T10:14:41.867+0000] {logging_mixin.py:150} INFO - [2023-07-21T10:14:41.867+0000] {dag.py:3508} INFO - Setting next_dagrun for example_xcom_args to None, run_after=None
[2023-07-21T10:14:41.874+0000] {logging_mixin.py:150} INFO - [2023-07-21T10:14:41.873+0000] {dag.py:3508} INFO - Setting next_dagrun for example_xcom_args_with_operators to None, run_after=None
[2023-07-21T10:14:41.899+0000] {processor.py:179} INFO - Processing /home/airflow/.local/lib/python3.7/site-packages/airflow/example_dags/example_xcomargs.py took 0.139 seconds
