[2023-07-21T09:58:07.565+0000] {processor.py:157} INFO - Started process (PID=41) to work on /home/airflow/.local/lib/python3.7/site-packages/airflow/example_dags/example_task_group.py
[2023-07-21T09:58:07.572+0000] {processor.py:826} INFO - Processing file /home/airflow/.local/lib/python3.7/site-packages/airflow/example_dags/example_task_group.py for tasks to queue
[2023-07-21T09:58:07.574+0000] {logging_mixin.py:150} INFO - [2023-07-21T09:58:07.574+0000] {dagbag.py:541} INFO - Filling up the DagBag from /home/airflow/.local/lib/python3.7/site-packages/airflow/example_dags/example_task_group.py
[2023-07-21T09:58:07.607+0000] {processor.py:836} INFO - DAG(s) dict_keys(['example_task_group']) retrieved from /home/airflow/.local/lib/python3.7/site-packages/airflow/example_dags/example_task_group.py
[2023-07-21T09:58:07.702+0000] {logging_mixin.py:150} INFO - [2023-07-21T09:58:07.702+0000] {dag.py:2742} INFO - Sync 1 DAGs
[2023-07-21T09:58:08.046+0000] {logging_mixin.py:150} INFO - [2023-07-21T09:58:08.046+0000] {dag.py:3508} INFO - Setting next_dagrun for example_task_group to 2023-07-20T09:58:08.044161+00:00, run_after=2023-07-21T09:58:08.044161+00:00
[2023-07-21T09:58:08.098+0000] {processor.py:179} INFO - Processing /home/airflow/.local/lib/python3.7/site-packages/airflow/example_dags/example_task_group.py took 0.537 seconds
[2023-07-21T09:58:38.361+0000] {processor.py:157} INFO - Started process (PID=102) to work on /home/airflow/.local/lib/python3.7/site-packages/airflow/example_dags/example_task_group.py
[2023-07-21T09:58:38.363+0000] {processor.py:826} INFO - Processing file /home/airflow/.local/lib/python3.7/site-packages/airflow/example_dags/example_task_group.py for tasks to queue
[2023-07-21T09:58:38.365+0000] {logging_mixin.py:150} INFO - [2023-07-21T09:58:38.365+0000] {dagbag.py:541} INFO - Filling up the DagBag from /home/airflow/.local/lib/python3.7/site-packages/airflow/example_dags/example_task_group.py
[2023-07-21T09:58:38.378+0000] {processor.py:836} INFO - DAG(s) dict_keys(['example_task_group']) retrieved from /home/airflow/.local/lib/python3.7/site-packages/airflow/example_dags/example_task_group.py
[2023-07-21T09:58:38.393+0000] {logging_mixin.py:150} INFO - [2023-07-21T09:58:38.393+0000] {dag.py:2742} INFO - Sync 1 DAGs
[2023-07-21T09:58:38.426+0000] {logging_mixin.py:150} INFO - [2023-07-21T09:58:38.426+0000] {dag.py:3508} INFO - Setting next_dagrun for example_task_group to 2023-07-20T09:58:38.426288+00:00, run_after=2023-07-21T09:58:38.426288+00:00
[2023-07-21T09:58:38.455+0000] {processor.py:179} INFO - Processing /home/airflow/.local/lib/python3.7/site-packages/airflow/example_dags/example_task_group.py took 0.098 seconds
[2023-07-21T09:59:09.285+0000] {processor.py:157} INFO - Started process (PID=163) to work on /home/airflow/.local/lib/python3.7/site-packages/airflow/example_dags/example_task_group.py
[2023-07-21T09:59:09.287+0000] {processor.py:826} INFO - Processing file /home/airflow/.local/lib/python3.7/site-packages/airflow/example_dags/example_task_group.py for tasks to queue
[2023-07-21T09:59:09.289+0000] {logging_mixin.py:150} INFO - [2023-07-21T09:59:09.288+0000] {dagbag.py:541} INFO - Filling up the DagBag from /home/airflow/.local/lib/python3.7/site-packages/airflow/example_dags/example_task_group.py
[2023-07-21T09:59:09.305+0000] {processor.py:836} INFO - DAG(s) dict_keys(['example_task_group']) retrieved from /home/airflow/.local/lib/python3.7/site-packages/airflow/example_dags/example_task_group.py
[2023-07-21T09:59:09.348+0000] {logging_mixin.py:150} INFO - [2023-07-21T09:59:09.347+0000] {dag.py:2742} INFO - Sync 1 DAGs
[2023-07-21T09:59:09.390+0000] {logging_mixin.py:150} INFO - [2023-07-21T09:59:09.389+0000] {dag.py:3508} INFO - Setting next_dagrun for example_task_group to 2023-07-20T09:59:09.389538+00:00, run_after=2023-07-21T09:59:09.389538+00:00
[2023-07-21T09:59:09.424+0000] {processor.py:179} INFO - Processing /home/airflow/.local/lib/python3.7/site-packages/airflow/example_dags/example_task_group.py took 0.146 seconds
[2023-07-21T09:59:39.868+0000] {processor.py:157} INFO - Started process (PID=224) to work on /home/airflow/.local/lib/python3.7/site-packages/airflow/example_dags/example_task_group.py
[2023-07-21T09:59:39.869+0000] {processor.py:826} INFO - Processing file /home/airflow/.local/lib/python3.7/site-packages/airflow/example_dags/example_task_group.py for tasks to queue
[2023-07-21T09:59:39.871+0000] {logging_mixin.py:150} INFO - [2023-07-21T09:59:39.870+0000] {dagbag.py:541} INFO - Filling up the DagBag from /home/airflow/.local/lib/python3.7/site-packages/airflow/example_dags/example_task_group.py
[2023-07-21T09:59:39.885+0000] {processor.py:836} INFO - DAG(s) dict_keys(['example_task_group']) retrieved from /home/airflow/.local/lib/python3.7/site-packages/airflow/example_dags/example_task_group.py
[2023-07-21T09:59:39.933+0000] {logging_mixin.py:150} INFO - [2023-07-21T09:59:39.933+0000] {dag.py:2742} INFO - Sync 1 DAGs
[2023-07-21T09:59:39.976+0000] {logging_mixin.py:150} INFO - [2023-07-21T09:59:39.976+0000] {dag.py:3508} INFO - Setting next_dagrun for example_task_group to 2023-07-20T09:59:39.975941+00:00, run_after=2023-07-21T09:59:39.975941+00:00
[2023-07-21T09:59:40.007+0000] {processor.py:179} INFO - Processing /home/airflow/.local/lib/python3.7/site-packages/airflow/example_dags/example_task_group.py took 0.147 seconds
[2023-07-21T10:00:11.086+0000] {processor.py:157} INFO - Started process (PID=285) to work on /home/airflow/.local/lib/python3.7/site-packages/airflow/example_dags/example_task_group.py
[2023-07-21T10:00:11.088+0000] {processor.py:826} INFO - Processing file /home/airflow/.local/lib/python3.7/site-packages/airflow/example_dags/example_task_group.py for tasks to queue
[2023-07-21T10:00:11.089+0000] {logging_mixin.py:150} INFO - [2023-07-21T10:00:11.089+0000] {dagbag.py:541} INFO - Filling up the DagBag from /home/airflow/.local/lib/python3.7/site-packages/airflow/example_dags/example_task_group.py
[2023-07-21T10:00:11.103+0000] {processor.py:836} INFO - DAG(s) dict_keys(['example_task_group']) retrieved from /home/airflow/.local/lib/python3.7/site-packages/airflow/example_dags/example_task_group.py
[2023-07-21T10:00:11.140+0000] {logging_mixin.py:150} INFO - [2023-07-21T10:00:11.139+0000] {dag.py:2742} INFO - Sync 1 DAGs
[2023-07-21T10:00:11.185+0000] {logging_mixin.py:150} INFO - [2023-07-21T10:00:11.185+0000] {dag.py:3508} INFO - Setting next_dagrun for example_task_group to 2023-07-20T10:00:11.184937+00:00, run_after=2023-07-21T10:00:11.184937+00:00
[2023-07-21T10:00:11.211+0000] {processor.py:179} INFO - Processing /home/airflow/.local/lib/python3.7/site-packages/airflow/example_dags/example_task_group.py took 0.129 seconds
[2023-07-21T10:00:42.227+0000] {processor.py:157} INFO - Started process (PID=346) to work on /home/airflow/.local/lib/python3.7/site-packages/airflow/example_dags/example_task_group.py
[2023-07-21T10:00:42.229+0000] {processor.py:826} INFO - Processing file /home/airflow/.local/lib/python3.7/site-packages/airflow/example_dags/example_task_group.py for tasks to queue
[2023-07-21T10:00:42.230+0000] {logging_mixin.py:150} INFO - [2023-07-21T10:00:42.230+0000] {dagbag.py:541} INFO - Filling up the DagBag from /home/airflow/.local/lib/python3.7/site-packages/airflow/example_dags/example_task_group.py
[2023-07-21T10:00:42.249+0000] {processor.py:836} INFO - DAG(s) dict_keys(['example_task_group']) retrieved from /home/airflow/.local/lib/python3.7/site-packages/airflow/example_dags/example_task_group.py
[2023-07-21T10:00:42.292+0000] {logging_mixin.py:150} INFO - [2023-07-21T10:00:42.291+0000] {dag.py:2742} INFO - Sync 1 DAGs
[2023-07-21T10:00:42.352+0000] {logging_mixin.py:150} INFO - [2023-07-21T10:00:42.352+0000] {dag.py:3508} INFO - Setting next_dagrun for example_task_group to 2023-07-20T10:00:42.352300+00:00, run_after=2023-07-21T10:00:42.352300+00:00
[2023-07-21T10:00:42.389+0000] {processor.py:179} INFO - Processing /home/airflow/.local/lib/python3.7/site-packages/airflow/example_dags/example_task_group.py took 0.177 seconds
[2023-07-21T10:01:13.463+0000] {processor.py:157} INFO - Started process (PID=407) to work on /home/airflow/.local/lib/python3.7/site-packages/airflow/example_dags/example_task_group.py
[2023-07-21T10:01:13.465+0000] {processor.py:826} INFO - Processing file /home/airflow/.local/lib/python3.7/site-packages/airflow/example_dags/example_task_group.py for tasks to queue
[2023-07-21T10:01:13.466+0000] {logging_mixin.py:150} INFO - [2023-07-21T10:01:13.465+0000] {dagbag.py:541} INFO - Filling up the DagBag from /home/airflow/.local/lib/python3.7/site-packages/airflow/example_dags/example_task_group.py
[2023-07-21T10:01:13.475+0000] {processor.py:836} INFO - DAG(s) dict_keys(['example_task_group']) retrieved from /home/airflow/.local/lib/python3.7/site-packages/airflow/example_dags/example_task_group.py
[2023-07-21T10:01:13.505+0000] {logging_mixin.py:150} INFO - [2023-07-21T10:01:13.505+0000] {dag.py:2742} INFO - Sync 1 DAGs
[2023-07-21T10:01:13.551+0000] {logging_mixin.py:150} INFO - [2023-07-21T10:01:13.551+0000] {dag.py:3508} INFO - Setting next_dagrun for example_task_group to 2023-07-20T10:01:13.550540+00:00, run_after=2023-07-21T10:01:13.550540+00:00
[2023-07-21T10:01:13.586+0000] {processor.py:179} INFO - Processing /home/airflow/.local/lib/python3.7/site-packages/airflow/example_dags/example_task_group.py took 0.126 seconds
[2023-07-21T10:01:44.745+0000] {processor.py:157} INFO - Started process (PID=468) to work on /home/airflow/.local/lib/python3.7/site-packages/airflow/example_dags/example_task_group.py
[2023-07-21T10:01:44.747+0000] {processor.py:826} INFO - Processing file /home/airflow/.local/lib/python3.7/site-packages/airflow/example_dags/example_task_group.py for tasks to queue
[2023-07-21T10:01:44.749+0000] {logging_mixin.py:150} INFO - [2023-07-21T10:01:44.748+0000] {dagbag.py:541} INFO - Filling up the DagBag from /home/airflow/.local/lib/python3.7/site-packages/airflow/example_dags/example_task_group.py
[2023-07-21T10:01:44.761+0000] {processor.py:836} INFO - DAG(s) dict_keys(['example_task_group']) retrieved from /home/airflow/.local/lib/python3.7/site-packages/airflow/example_dags/example_task_group.py
[2023-07-21T10:01:44.799+0000] {logging_mixin.py:150} INFO - [2023-07-21T10:01:44.799+0000] {dag.py:2742} INFO - Sync 1 DAGs
[2023-07-21T10:01:44.844+0000] {logging_mixin.py:150} INFO - [2023-07-21T10:01:44.844+0000] {dag.py:3508} INFO - Setting next_dagrun for example_task_group to 2023-07-20T10:01:44.843666+00:00, run_after=2023-07-21T10:01:44.843666+00:00
[2023-07-21T10:01:44.904+0000] {processor.py:179} INFO - Processing /home/airflow/.local/lib/python3.7/site-packages/airflow/example_dags/example_task_group.py took 0.165 seconds
[2023-07-21T10:02:15.931+0000] {processor.py:157} INFO - Started process (PID=530) to work on /home/airflow/.local/lib/python3.7/site-packages/airflow/example_dags/example_task_group.py
[2023-07-21T10:02:15.932+0000] {processor.py:826} INFO - Processing file /home/airflow/.local/lib/python3.7/site-packages/airflow/example_dags/example_task_group.py for tasks to queue
[2023-07-21T10:02:15.933+0000] {logging_mixin.py:150} INFO - [2023-07-21T10:02:15.933+0000] {dagbag.py:541} INFO - Filling up the DagBag from /home/airflow/.local/lib/python3.7/site-packages/airflow/example_dags/example_task_group.py
[2023-07-21T10:02:15.943+0000] {processor.py:836} INFO - DAG(s) dict_keys(['example_task_group']) retrieved from /home/airflow/.local/lib/python3.7/site-packages/airflow/example_dags/example_task_group.py
[2023-07-21T10:02:15.970+0000] {logging_mixin.py:150} INFO - [2023-07-21T10:02:15.969+0000] {dag.py:2742} INFO - Sync 1 DAGs
[2023-07-21T10:02:15.999+0000] {logging_mixin.py:150} INFO - [2023-07-21T10:02:15.998+0000] {dag.py:3508} INFO - Setting next_dagrun for example_task_group to 2023-07-20T10:02:15.998296+00:00, run_after=2023-07-21T10:02:15.998296+00:00
[2023-07-21T10:02:16.030+0000] {processor.py:179} INFO - Processing /home/airflow/.local/lib/python3.7/site-packages/airflow/example_dags/example_task_group.py took 0.102 seconds
[2023-07-21T10:02:47.805+0000] {processor.py:157} INFO - Started process (PID=591) to work on /home/airflow/.local/lib/python3.7/site-packages/airflow/example_dags/example_task_group.py
[2023-07-21T10:02:47.807+0000] {processor.py:826} INFO - Processing file /home/airflow/.local/lib/python3.7/site-packages/airflow/example_dags/example_task_group.py for tasks to queue
[2023-07-21T10:02:47.809+0000] {logging_mixin.py:150} INFO - [2023-07-21T10:02:47.808+0000] {dagbag.py:541} INFO - Filling up the DagBag from /home/airflow/.local/lib/python3.7/site-packages/airflow/example_dags/example_task_group.py
[2023-07-21T10:02:47.822+0000] {processor.py:836} INFO - DAG(s) dict_keys(['example_task_group']) retrieved from /home/airflow/.local/lib/python3.7/site-packages/airflow/example_dags/example_task_group.py
[2023-07-21T10:02:47.841+0000] {logging_mixin.py:150} INFO - [2023-07-21T10:02:47.841+0000] {dag.py:2742} INFO - Sync 1 DAGs
[2023-07-21T10:02:47.898+0000] {logging_mixin.py:150} INFO - [2023-07-21T10:02:47.897+0000] {dag.py:3508} INFO - Setting next_dagrun for example_task_group to 2023-07-20T10:02:47.897526+00:00, run_after=2023-07-21T10:02:47.897526+00:00
[2023-07-21T10:02:47.954+0000] {processor.py:179} INFO - Processing /home/airflow/.local/lib/python3.7/site-packages/airflow/example_dags/example_task_group.py took 0.153 seconds
[2023-07-21T10:03:18.295+0000] {processor.py:157} INFO - Started process (PID=651) to work on /home/airflow/.local/lib/python3.7/site-packages/airflow/example_dags/example_task_group.py
[2023-07-21T10:03:18.296+0000] {processor.py:826} INFO - Processing file /home/airflow/.local/lib/python3.7/site-packages/airflow/example_dags/example_task_group.py for tasks to queue
[2023-07-21T10:03:18.298+0000] {logging_mixin.py:150} INFO - [2023-07-21T10:03:18.298+0000] {dagbag.py:541} INFO - Filling up the DagBag from /home/airflow/.local/lib/python3.7/site-packages/airflow/example_dags/example_task_group.py
[2023-07-21T10:03:18.309+0000] {processor.py:836} INFO - DAG(s) dict_keys(['example_task_group']) retrieved from /home/airflow/.local/lib/python3.7/site-packages/airflow/example_dags/example_task_group.py
[2023-07-21T10:03:18.342+0000] {logging_mixin.py:150} INFO - [2023-07-21T10:03:18.342+0000] {dag.py:2742} INFO - Sync 1 DAGs
[2023-07-21T10:03:18.375+0000] {logging_mixin.py:150} INFO - [2023-07-21T10:03:18.375+0000] {dag.py:3508} INFO - Setting next_dagrun for example_task_group to 2023-07-20T10:03:18.375063+00:00, run_after=2023-07-21T10:03:18.375063+00:00
[2023-07-21T10:03:18.406+0000] {processor.py:179} INFO - Processing /home/airflow/.local/lib/python3.7/site-packages/airflow/example_dags/example_task_group.py took 0.114 seconds
[2023-07-21T10:03:48.537+0000] {processor.py:157} INFO - Started process (PID=711) to work on /home/airflow/.local/lib/python3.7/site-packages/airflow/example_dags/example_task_group.py
[2023-07-21T10:03:48.538+0000] {processor.py:826} INFO - Processing file /home/airflow/.local/lib/python3.7/site-packages/airflow/example_dags/example_task_group.py for tasks to queue
[2023-07-21T10:03:48.539+0000] {logging_mixin.py:150} INFO - [2023-07-21T10:03:48.539+0000] {dagbag.py:541} INFO - Filling up the DagBag from /home/airflow/.local/lib/python3.7/site-packages/airflow/example_dags/example_task_group.py
[2023-07-21T10:03:48.548+0000] {processor.py:836} INFO - DAG(s) dict_keys(['example_task_group']) retrieved from /home/airflow/.local/lib/python3.7/site-packages/airflow/example_dags/example_task_group.py
[2023-07-21T10:03:48.622+0000] {logging_mixin.py:150} INFO - [2023-07-21T10:03:48.622+0000] {dag.py:2742} INFO - Sync 1 DAGs
[2023-07-21T10:03:48.660+0000] {logging_mixin.py:150} INFO - [2023-07-21T10:03:48.659+0000] {dag.py:3508} INFO - Setting next_dagrun for example_task_group to 2023-07-20T10:03:48.659673+00:00, run_after=2023-07-21T10:03:48.659673+00:00
[2023-07-21T10:03:48.692+0000] {processor.py:179} INFO - Processing /home/airflow/.local/lib/python3.7/site-packages/airflow/example_dags/example_task_group.py took 0.160 seconds
[2023-07-21T10:04:19.096+0000] {processor.py:157} INFO - Started process (PID=773) to work on /home/airflow/.local/lib/python3.7/site-packages/airflow/example_dags/example_task_group.py
[2023-07-21T10:04:19.097+0000] {processor.py:826} INFO - Processing file /home/airflow/.local/lib/python3.7/site-packages/airflow/example_dags/example_task_group.py for tasks to queue
[2023-07-21T10:04:19.099+0000] {logging_mixin.py:150} INFO - [2023-07-21T10:04:19.099+0000] {dagbag.py:541} INFO - Filling up the DagBag from /home/airflow/.local/lib/python3.7/site-packages/airflow/example_dags/example_task_group.py
[2023-07-21T10:04:19.110+0000] {processor.py:836} INFO - DAG(s) dict_keys(['example_task_group']) retrieved from /home/airflow/.local/lib/python3.7/site-packages/airflow/example_dags/example_task_group.py
[2023-07-21T10:04:19.142+0000] {logging_mixin.py:150} INFO - [2023-07-21T10:04:19.142+0000] {dag.py:2742} INFO - Sync 1 DAGs
[2023-07-21T10:04:19.168+0000] {logging_mixin.py:150} INFO - [2023-07-21T10:04:19.168+0000] {dag.py:3508} INFO - Setting next_dagrun for example_task_group to 2023-07-20T10:04:19.168420+00:00, run_after=2023-07-21T10:04:19.168420+00:00
[2023-07-21T10:04:19.200+0000] {processor.py:179} INFO - Processing /home/airflow/.local/lib/python3.7/site-packages/airflow/example_dags/example_task_group.py took 0.108 seconds
[2023-07-21T10:04:49.469+0000] {processor.py:157} INFO - Started process (PID=834) to work on /home/airflow/.local/lib/python3.7/site-packages/airflow/example_dags/example_task_group.py
[2023-07-21T10:04:49.471+0000] {processor.py:826} INFO - Processing file /home/airflow/.local/lib/python3.7/site-packages/airflow/example_dags/example_task_group.py for tasks to queue
[2023-07-21T10:04:49.472+0000] {logging_mixin.py:150} INFO - [2023-07-21T10:04:49.472+0000] {dagbag.py:541} INFO - Filling up the DagBag from /home/airflow/.local/lib/python3.7/site-packages/airflow/example_dags/example_task_group.py
[2023-07-21T10:04:49.486+0000] {processor.py:836} INFO - DAG(s) dict_keys(['example_task_group']) retrieved from /home/airflow/.local/lib/python3.7/site-packages/airflow/example_dags/example_task_group.py
[2023-07-21T10:04:49.519+0000] {logging_mixin.py:150} INFO - [2023-07-21T10:04:49.519+0000] {dag.py:2742} INFO - Sync 1 DAGs
[2023-07-21T10:04:49.544+0000] {logging_mixin.py:150} INFO - [2023-07-21T10:04:49.544+0000] {dag.py:3508} INFO - Setting next_dagrun for example_task_group to 2023-07-20T10:04:49.544515+00:00, run_after=2023-07-21T10:04:49.544515+00:00
[2023-07-21T10:04:49.571+0000] {processor.py:179} INFO - Processing /home/airflow/.local/lib/python3.7/site-packages/airflow/example_dags/example_task_group.py took 0.108 seconds
[2023-07-21T10:05:20.596+0000] {processor.py:157} INFO - Started process (PID=896) to work on /home/airflow/.local/lib/python3.7/site-packages/airflow/example_dags/example_task_group.py
[2023-07-21T10:05:20.597+0000] {processor.py:826} INFO - Processing file /home/airflow/.local/lib/python3.7/site-packages/airflow/example_dags/example_task_group.py for tasks to queue
[2023-07-21T10:05:20.599+0000] {logging_mixin.py:150} INFO - [2023-07-21T10:05:20.598+0000] {dagbag.py:541} INFO - Filling up the DagBag from /home/airflow/.local/lib/python3.7/site-packages/airflow/example_dags/example_task_group.py
[2023-07-21T10:05:20.610+0000] {processor.py:836} INFO - DAG(s) dict_keys(['example_task_group']) retrieved from /home/airflow/.local/lib/python3.7/site-packages/airflow/example_dags/example_task_group.py
[2023-07-21T10:05:20.643+0000] {logging_mixin.py:150} INFO - [2023-07-21T10:05:20.642+0000] {dag.py:2742} INFO - Sync 1 DAGs
[2023-07-21T10:05:20.673+0000] {logging_mixin.py:150} INFO - [2023-07-21T10:05:20.673+0000] {dag.py:3508} INFO - Setting next_dagrun for example_task_group to 2023-07-20T10:05:20.673367+00:00, run_after=2023-07-21T10:05:20.673367+00:00
[2023-07-21T10:05:20.701+0000] {processor.py:179} INFO - Processing /home/airflow/.local/lib/python3.7/site-packages/airflow/example_dags/example_task_group.py took 0.109 seconds
[2023-07-21T10:05:51.845+0000] {processor.py:157} INFO - Started process (PID=957) to work on /home/airflow/.local/lib/python3.7/site-packages/airflow/example_dags/example_task_group.py
[2023-07-21T10:05:51.846+0000] {processor.py:826} INFO - Processing file /home/airflow/.local/lib/python3.7/site-packages/airflow/example_dags/example_task_group.py for tasks to queue
[2023-07-21T10:05:51.848+0000] {logging_mixin.py:150} INFO - [2023-07-21T10:05:51.847+0000] {dagbag.py:541} INFO - Filling up the DagBag from /home/airflow/.local/lib/python3.7/site-packages/airflow/example_dags/example_task_group.py
[2023-07-21T10:05:51.857+0000] {processor.py:836} INFO - DAG(s) dict_keys(['example_task_group']) retrieved from /home/airflow/.local/lib/python3.7/site-packages/airflow/example_dags/example_task_group.py
[2023-07-21T10:05:51.894+0000] {logging_mixin.py:150} INFO - [2023-07-21T10:05:51.893+0000] {dag.py:2742} INFO - Sync 1 DAGs
[2023-07-21T10:05:51.926+0000] {logging_mixin.py:150} INFO - [2023-07-21T10:05:51.926+0000] {dag.py:3508} INFO - Setting next_dagrun for example_task_group to 2023-07-20T10:05:51.925911+00:00, run_after=2023-07-21T10:05:51.925911+00:00
[2023-07-21T10:05:51.958+0000] {processor.py:179} INFO - Processing /home/airflow/.local/lib/python3.7/site-packages/airflow/example_dags/example_task_group.py took 0.116 seconds
[2023-07-21T10:06:22.202+0000] {processor.py:157} INFO - Started process (PID=1018) to work on /home/airflow/.local/lib/python3.7/site-packages/airflow/example_dags/example_task_group.py
[2023-07-21T10:06:22.204+0000] {processor.py:826} INFO - Processing file /home/airflow/.local/lib/python3.7/site-packages/airflow/example_dags/example_task_group.py for tasks to queue
[2023-07-21T10:06:22.205+0000] {logging_mixin.py:150} INFO - [2023-07-21T10:06:22.205+0000] {dagbag.py:541} INFO - Filling up the DagBag from /home/airflow/.local/lib/python3.7/site-packages/airflow/example_dags/example_task_group.py
[2023-07-21T10:06:22.215+0000] {processor.py:836} INFO - DAG(s) dict_keys(['example_task_group']) retrieved from /home/airflow/.local/lib/python3.7/site-packages/airflow/example_dags/example_task_group.py
[2023-07-21T10:06:22.249+0000] {logging_mixin.py:150} INFO - [2023-07-21T10:06:22.248+0000] {dag.py:2742} INFO - Sync 1 DAGs
[2023-07-21T10:06:22.276+0000] {logging_mixin.py:150} INFO - [2023-07-21T10:06:22.275+0000] {dag.py:3508} INFO - Setting next_dagrun for example_task_group to 2023-07-20T10:06:22.275690+00:00, run_after=2023-07-21T10:06:22.275690+00:00
[2023-07-21T10:06:22.313+0000] {processor.py:179} INFO - Processing /home/airflow/.local/lib/python3.7/site-packages/airflow/example_dags/example_task_group.py took 0.114 seconds
[2023-07-21T10:06:53.095+0000] {processor.py:157} INFO - Started process (PID=1079) to work on /home/airflow/.local/lib/python3.7/site-packages/airflow/example_dags/example_task_group.py
[2023-07-21T10:06:53.097+0000] {processor.py:826} INFO - Processing file /home/airflow/.local/lib/python3.7/site-packages/airflow/example_dags/example_task_group.py for tasks to queue
[2023-07-21T10:06:53.098+0000] {logging_mixin.py:150} INFO - [2023-07-21T10:06:53.098+0000] {dagbag.py:541} INFO - Filling up the DagBag from /home/airflow/.local/lib/python3.7/site-packages/airflow/example_dags/example_task_group.py
[2023-07-21T10:06:53.114+0000] {processor.py:836} INFO - DAG(s) dict_keys(['example_task_group']) retrieved from /home/airflow/.local/lib/python3.7/site-packages/airflow/example_dags/example_task_group.py
[2023-07-21T10:06:53.176+0000] {logging_mixin.py:150} INFO - [2023-07-21T10:06:53.176+0000] {dag.py:2742} INFO - Sync 1 DAGs
[2023-07-21T10:06:53.252+0000] {logging_mixin.py:150} INFO - [2023-07-21T10:06:53.251+0000] {dag.py:3508} INFO - Setting next_dagrun for example_task_group to 2023-07-20T10:06:53.251474+00:00, run_after=2023-07-21T10:06:53.251474+00:00
[2023-07-21T10:06:53.286+0000] {processor.py:179} INFO - Processing /home/airflow/.local/lib/python3.7/site-packages/airflow/example_dags/example_task_group.py took 0.200 seconds
[2023-07-21T10:07:24.387+0000] {processor.py:157} INFO - Started process (PID=1140) to work on /home/airflow/.local/lib/python3.7/site-packages/airflow/example_dags/example_task_group.py
[2023-07-21T10:07:24.388+0000] {processor.py:826} INFO - Processing file /home/airflow/.local/lib/python3.7/site-packages/airflow/example_dags/example_task_group.py for tasks to queue
[2023-07-21T10:07:24.390+0000] {logging_mixin.py:150} INFO - [2023-07-21T10:07:24.390+0000] {dagbag.py:541} INFO - Filling up the DagBag from /home/airflow/.local/lib/python3.7/site-packages/airflow/example_dags/example_task_group.py
[2023-07-21T10:07:24.402+0000] {processor.py:836} INFO - DAG(s) dict_keys(['example_task_group']) retrieved from /home/airflow/.local/lib/python3.7/site-packages/airflow/example_dags/example_task_group.py
[2023-07-21T10:07:24.435+0000] {logging_mixin.py:150} INFO - [2023-07-21T10:07:24.435+0000] {dag.py:2742} INFO - Sync 1 DAGs
[2023-07-21T10:07:24.471+0000] {logging_mixin.py:150} INFO - [2023-07-21T10:07:24.471+0000] {dag.py:3508} INFO - Setting next_dagrun for example_task_group to 2023-07-20T10:07:24.470964+00:00, run_after=2023-07-21T10:07:24.470964+00:00
[2023-07-21T10:07:24.503+0000] {processor.py:179} INFO - Processing /home/airflow/.local/lib/python3.7/site-packages/airflow/example_dags/example_task_group.py took 0.121 seconds
[2023-07-21T10:07:54.794+0000] {processor.py:157} INFO - Started process (PID=1201) to work on /home/airflow/.local/lib/python3.7/site-packages/airflow/example_dags/example_task_group.py
[2023-07-21T10:07:54.795+0000] {processor.py:826} INFO - Processing file /home/airflow/.local/lib/python3.7/site-packages/airflow/example_dags/example_task_group.py for tasks to queue
[2023-07-21T10:07:54.797+0000] {logging_mixin.py:150} INFO - [2023-07-21T10:07:54.796+0000] {dagbag.py:541} INFO - Filling up the DagBag from /home/airflow/.local/lib/python3.7/site-packages/airflow/example_dags/example_task_group.py
[2023-07-21T10:07:54.808+0000] {processor.py:836} INFO - DAG(s) dict_keys(['example_task_group']) retrieved from /home/airflow/.local/lib/python3.7/site-packages/airflow/example_dags/example_task_group.py
[2023-07-21T10:07:54.839+0000] {logging_mixin.py:150} INFO - [2023-07-21T10:07:54.839+0000] {dag.py:2742} INFO - Sync 1 DAGs
[2023-07-21T10:07:54.866+0000] {logging_mixin.py:150} INFO - [2023-07-21T10:07:54.866+0000] {dag.py:3508} INFO - Setting next_dagrun for example_task_group to 2023-07-20T10:07:54.866472+00:00, run_after=2023-07-21T10:07:54.866472+00:00
[2023-07-21T10:07:54.897+0000] {processor.py:179} INFO - Processing /home/airflow/.local/lib/python3.7/site-packages/airflow/example_dags/example_task_group.py took 0.107 seconds
[2023-07-21T10:08:25.530+0000] {processor.py:157} INFO - Started process (PID=1262) to work on /home/airflow/.local/lib/python3.7/site-packages/airflow/example_dags/example_task_group.py
[2023-07-21T10:08:25.533+0000] {processor.py:826} INFO - Processing file /home/airflow/.local/lib/python3.7/site-packages/airflow/example_dags/example_task_group.py for tasks to queue
[2023-07-21T10:08:25.536+0000] {logging_mixin.py:150} INFO - [2023-07-21T10:08:25.535+0000] {dagbag.py:541} INFO - Filling up the DagBag from /home/airflow/.local/lib/python3.7/site-packages/airflow/example_dags/example_task_group.py
[2023-07-21T10:08:25.561+0000] {processor.py:836} INFO - DAG(s) dict_keys(['example_task_group']) retrieved from /home/airflow/.local/lib/python3.7/site-packages/airflow/example_dags/example_task_group.py
[2023-07-21T10:08:25.635+0000] {logging_mixin.py:150} INFO - [2023-07-21T10:08:25.634+0000] {dag.py:2742} INFO - Sync 1 DAGs
[2023-07-21T10:08:25.712+0000] {logging_mixin.py:150} INFO - [2023-07-21T10:08:25.712+0000] {dag.py:3508} INFO - Setting next_dagrun for example_task_group to 2023-07-20T10:08:25.711859+00:00, run_after=2023-07-21T10:08:25.711859+00:00
[2023-07-21T10:08:25.769+0000] {processor.py:179} INFO - Processing /home/airflow/.local/lib/python3.7/site-packages/airflow/example_dags/example_task_group.py took 0.250 seconds
[2023-07-21T10:08:55.900+0000] {processor.py:157} INFO - Started process (PID=1323) to work on /home/airflow/.local/lib/python3.7/site-packages/airflow/example_dags/example_task_group.py
[2023-07-21T10:08:55.901+0000] {processor.py:826} INFO - Processing file /home/airflow/.local/lib/python3.7/site-packages/airflow/example_dags/example_task_group.py for tasks to queue
[2023-07-21T10:08:55.903+0000] {logging_mixin.py:150} INFO - [2023-07-21T10:08:55.902+0000] {dagbag.py:541} INFO - Filling up the DagBag from /home/airflow/.local/lib/python3.7/site-packages/airflow/example_dags/example_task_group.py
[2023-07-21T10:08:55.911+0000] {processor.py:836} INFO - DAG(s) dict_keys(['example_task_group']) retrieved from /home/airflow/.local/lib/python3.7/site-packages/airflow/example_dags/example_task_group.py
[2023-07-21T10:08:55.939+0000] {logging_mixin.py:150} INFO - [2023-07-21T10:08:55.939+0000] {dag.py:2742} INFO - Sync 1 DAGs
[2023-07-21T10:08:55.964+0000] {logging_mixin.py:150} INFO - [2023-07-21T10:08:55.964+0000] {dag.py:3508} INFO - Setting next_dagrun for example_task_group to 2023-07-20T10:08:55.964301+00:00, run_after=2023-07-21T10:08:55.964301+00:00
[2023-07-21T10:08:55.997+0000] {processor.py:179} INFO - Processing /home/airflow/.local/lib/python3.7/site-packages/airflow/example_dags/example_task_group.py took 0.102 seconds
[2023-07-21T10:09:26.240+0000] {processor.py:157} INFO - Started process (PID=1384) to work on /home/airflow/.local/lib/python3.7/site-packages/airflow/example_dags/example_task_group.py
[2023-07-21T10:09:26.243+0000] {processor.py:826} INFO - Processing file /home/airflow/.local/lib/python3.7/site-packages/airflow/example_dags/example_task_group.py for tasks to queue
[2023-07-21T10:09:26.246+0000] {logging_mixin.py:150} INFO - [2023-07-21T10:09:26.245+0000] {dagbag.py:541} INFO - Filling up the DagBag from /home/airflow/.local/lib/python3.7/site-packages/airflow/example_dags/example_task_group.py
[2023-07-21T10:09:26.268+0000] {processor.py:836} INFO - DAG(s) dict_keys(['example_task_group']) retrieved from /home/airflow/.local/lib/python3.7/site-packages/airflow/example_dags/example_task_group.py
[2023-07-21T10:09:26.319+0000] {logging_mixin.py:150} INFO - [2023-07-21T10:09:26.318+0000] {dag.py:2742} INFO - Sync 1 DAGs
[2023-07-21T10:09:26.362+0000] {logging_mixin.py:150} INFO - [2023-07-21T10:09:26.362+0000] {dag.py:3508} INFO - Setting next_dagrun for example_task_group to 2023-07-20T10:09:26.362196+00:00, run_after=2023-07-21T10:09:26.362196+00:00
[2023-07-21T10:09:26.387+0000] {processor.py:179} INFO - Processing /home/airflow/.local/lib/python3.7/site-packages/airflow/example_dags/example_task_group.py took 0.159 seconds
[2023-07-21T10:09:56.736+0000] {processor.py:157} INFO - Started process (PID=1445) to work on /home/airflow/.local/lib/python3.7/site-packages/airflow/example_dags/example_task_group.py
[2023-07-21T10:09:56.739+0000] {processor.py:826} INFO - Processing file /home/airflow/.local/lib/python3.7/site-packages/airflow/example_dags/example_task_group.py for tasks to queue
[2023-07-21T10:09:56.741+0000] {logging_mixin.py:150} INFO - [2023-07-21T10:09:56.740+0000] {dagbag.py:541} INFO - Filling up the DagBag from /home/airflow/.local/lib/python3.7/site-packages/airflow/example_dags/example_task_group.py
[2023-07-21T10:09:56.761+0000] {processor.py:836} INFO - DAG(s) dict_keys(['example_task_group']) retrieved from /home/airflow/.local/lib/python3.7/site-packages/airflow/example_dags/example_task_group.py
[2023-07-21T10:09:56.827+0000] {logging_mixin.py:150} INFO - [2023-07-21T10:09:56.826+0000] {dag.py:2742} INFO - Sync 1 DAGs
[2023-07-21T10:09:56.882+0000] {logging_mixin.py:150} INFO - [2023-07-21T10:09:56.882+0000] {dag.py:3508} INFO - Setting next_dagrun for example_task_group to 2023-07-20T10:09:56.881375+00:00, run_after=2023-07-21T10:09:56.881375+00:00
[2023-07-21T10:09:56.914+0000] {processor.py:179} INFO - Processing /home/airflow/.local/lib/python3.7/site-packages/airflow/example_dags/example_task_group.py took 0.185 seconds
[2023-07-21T10:10:27.055+0000] {processor.py:157} INFO - Started process (PID=1505) to work on /home/airflow/.local/lib/python3.7/site-packages/airflow/example_dags/example_task_group.py
[2023-07-21T10:10:27.057+0000] {processor.py:826} INFO - Processing file /home/airflow/.local/lib/python3.7/site-packages/airflow/example_dags/example_task_group.py for tasks to queue
[2023-07-21T10:10:27.058+0000] {logging_mixin.py:150} INFO - [2023-07-21T10:10:27.058+0000] {dagbag.py:541} INFO - Filling up the DagBag from /home/airflow/.local/lib/python3.7/site-packages/airflow/example_dags/example_task_group.py
[2023-07-21T10:10:27.071+0000] {processor.py:836} INFO - DAG(s) dict_keys(['example_task_group']) retrieved from /home/airflow/.local/lib/python3.7/site-packages/airflow/example_dags/example_task_group.py
[2023-07-21T10:10:27.099+0000] {logging_mixin.py:150} INFO - [2023-07-21T10:10:27.098+0000] {dag.py:2742} INFO - Sync 1 DAGs
[2023-07-21T10:10:27.127+0000] {logging_mixin.py:150} INFO - [2023-07-21T10:10:27.127+0000] {dag.py:3508} INFO - Setting next_dagrun for example_task_group to 2023-07-20T10:10:27.126881+00:00, run_after=2023-07-21T10:10:27.126881+00:00
[2023-07-21T10:10:27.155+0000] {processor.py:179} INFO - Processing /home/airflow/.local/lib/python3.7/site-packages/airflow/example_dags/example_task_group.py took 0.108 seconds
[2023-07-21T10:10:58.020+0000] {processor.py:157} INFO - Started process (PID=1573) to work on /home/airflow/.local/lib/python3.7/site-packages/airflow/example_dags/example_task_group.py
[2023-07-21T10:10:58.022+0000] {processor.py:826} INFO - Processing file /home/airflow/.local/lib/python3.7/site-packages/airflow/example_dags/example_task_group.py for tasks to queue
[2023-07-21T10:10:58.024+0000] {logging_mixin.py:150} INFO - [2023-07-21T10:10:58.023+0000] {dagbag.py:541} INFO - Filling up the DagBag from /home/airflow/.local/lib/python3.7/site-packages/airflow/example_dags/example_task_group.py
[2023-07-21T10:10:58.042+0000] {processor.py:836} INFO - DAG(s) dict_keys(['example_task_group']) retrieved from /home/airflow/.local/lib/python3.7/site-packages/airflow/example_dags/example_task_group.py
[2023-07-21T10:10:58.084+0000] {logging_mixin.py:150} INFO - [2023-07-21T10:10:58.083+0000] {dag.py:2742} INFO - Sync 1 DAGs
[2023-07-21T10:10:58.111+0000] {logging_mixin.py:150} INFO - [2023-07-21T10:10:58.111+0000] {dag.py:3508} INFO - Setting next_dagrun for example_task_group to 2023-07-20T10:10:58.111317+00:00, run_after=2023-07-21T10:10:58.111317+00:00
[2023-07-21T10:10:58.136+0000] {processor.py:179} INFO - Processing /home/airflow/.local/lib/python3.7/site-packages/airflow/example_dags/example_task_group.py took 0.122 seconds
[2023-07-21T10:11:28.953+0000] {processor.py:157} INFO - Started process (PID=1635) to work on /home/airflow/.local/lib/python3.7/site-packages/airflow/example_dags/example_task_group.py
[2023-07-21T10:11:28.958+0000] {processor.py:826} INFO - Processing file /home/airflow/.local/lib/python3.7/site-packages/airflow/example_dags/example_task_group.py for tasks to queue
[2023-07-21T10:11:28.960+0000] {logging_mixin.py:150} INFO - [2023-07-21T10:11:28.960+0000] {dagbag.py:541} INFO - Filling up the DagBag from /home/airflow/.local/lib/python3.7/site-packages/airflow/example_dags/example_task_group.py
[2023-07-21T10:11:28.978+0000] {processor.py:836} INFO - DAG(s) dict_keys(['example_task_group']) retrieved from /home/airflow/.local/lib/python3.7/site-packages/airflow/example_dags/example_task_group.py
[2023-07-21T10:11:29.016+0000] {logging_mixin.py:150} INFO - [2023-07-21T10:11:29.015+0000] {dag.py:2742} INFO - Sync 1 DAGs
[2023-07-21T10:11:29.050+0000] {logging_mixin.py:150} INFO - [2023-07-21T10:11:29.050+0000] {dag.py:3508} INFO - Setting next_dagrun for example_task_group to 2023-07-20T10:11:29.050417+00:00, run_after=2023-07-21T10:11:29.050417+00:00
[2023-07-21T10:11:29.076+0000] {processor.py:179} INFO - Processing /home/airflow/.local/lib/python3.7/site-packages/airflow/example_dags/example_task_group.py took 0.128 seconds
[2023-07-21T10:11:59.660+0000] {processor.py:157} INFO - Started process (PID=1696) to work on /home/airflow/.local/lib/python3.7/site-packages/airflow/example_dags/example_task_group.py
[2023-07-21T10:11:59.662+0000] {processor.py:826} INFO - Processing file /home/airflow/.local/lib/python3.7/site-packages/airflow/example_dags/example_task_group.py for tasks to queue
[2023-07-21T10:11:59.664+0000] {logging_mixin.py:150} INFO - [2023-07-21T10:11:59.663+0000] {dagbag.py:541} INFO - Filling up the DagBag from /home/airflow/.local/lib/python3.7/site-packages/airflow/example_dags/example_task_group.py
[2023-07-21T10:11:59.673+0000] {processor.py:836} INFO - DAG(s) dict_keys(['example_task_group']) retrieved from /home/airflow/.local/lib/python3.7/site-packages/airflow/example_dags/example_task_group.py
[2023-07-21T10:11:59.712+0000] {logging_mixin.py:150} INFO - [2023-07-21T10:11:59.712+0000] {dag.py:2742} INFO - Sync 1 DAGs
[2023-07-21T10:11:59.757+0000] {logging_mixin.py:150} INFO - [2023-07-21T10:11:59.756+0000] {dag.py:3508} INFO - Setting next_dagrun for example_task_group to 2023-07-20T10:11:59.756661+00:00, run_after=2023-07-21T10:11:59.756661+00:00
[2023-07-21T10:11:59.779+0000] {processor.py:179} INFO - Processing /home/airflow/.local/lib/python3.7/site-packages/airflow/example_dags/example_task_group.py took 0.124 seconds
[2023-07-21T10:12:29.885+0000] {processor.py:157} INFO - Started process (PID=1756) to work on /home/airflow/.local/lib/python3.7/site-packages/airflow/example_dags/example_task_group.py
[2023-07-21T10:12:29.887+0000] {processor.py:826} INFO - Processing file /home/airflow/.local/lib/python3.7/site-packages/airflow/example_dags/example_task_group.py for tasks to queue
[2023-07-21T10:12:29.890+0000] {logging_mixin.py:150} INFO - [2023-07-21T10:12:29.889+0000] {dagbag.py:541} INFO - Filling up the DagBag from /home/airflow/.local/lib/python3.7/site-packages/airflow/example_dags/example_task_group.py
[2023-07-21T10:12:29.908+0000] {processor.py:836} INFO - DAG(s) dict_keys(['example_task_group']) retrieved from /home/airflow/.local/lib/python3.7/site-packages/airflow/example_dags/example_task_group.py
[2023-07-21T10:12:29.946+0000] {logging_mixin.py:150} INFO - [2023-07-21T10:12:29.946+0000] {dag.py:2742} INFO - Sync 1 DAGs
[2023-07-21T10:12:29.979+0000] {logging_mixin.py:150} INFO - [2023-07-21T10:12:29.979+0000] {dag.py:3508} INFO - Setting next_dagrun for example_task_group to 2023-07-20T10:12:29.979079+00:00, run_after=2023-07-21T10:12:29.979079+00:00
[2023-07-21T10:12:30.011+0000] {processor.py:179} INFO - Processing /home/airflow/.local/lib/python3.7/site-packages/airflow/example_dags/example_task_group.py took 0.133 seconds
[2023-07-21T10:13:00.707+0000] {processor.py:157} INFO - Started process (PID=1818) to work on /home/airflow/.local/lib/python3.7/site-packages/airflow/example_dags/example_task_group.py
[2023-07-21T10:13:00.729+0000] {processor.py:826} INFO - Processing file /home/airflow/.local/lib/python3.7/site-packages/airflow/example_dags/example_task_group.py for tasks to queue
[2023-07-21T10:13:00.738+0000] {logging_mixin.py:150} INFO - [2023-07-21T10:13:00.735+0000] {dagbag.py:541} INFO - Filling up the DagBag from /home/airflow/.local/lib/python3.7/site-packages/airflow/example_dags/example_task_group.py
[2023-07-21T10:13:00.826+0000] {processor.py:836} INFO - DAG(s) dict_keys(['example_task_group']) retrieved from /home/airflow/.local/lib/python3.7/site-packages/airflow/example_dags/example_task_group.py
[2023-07-21T10:13:00.997+0000] {logging_mixin.py:150} INFO - [2023-07-21T10:13:00.996+0000] {dag.py:2742} INFO - Sync 1 DAGs
[2023-07-21T10:13:01.101+0000] {logging_mixin.py:150} INFO - [2023-07-21T10:13:01.101+0000] {dag.py:3508} INFO - Setting next_dagrun for example_task_group to 2023-07-20T10:13:01.099160+00:00, run_after=2023-07-21T10:13:01.099160+00:00
[2023-07-21T10:13:01.180+0000] {processor.py:179} INFO - Processing /home/airflow/.local/lib/python3.7/site-packages/airflow/example_dags/example_task_group.py took 0.524 seconds
[2023-07-21T10:13:32.050+0000] {processor.py:157} INFO - Started process (PID=1879) to work on /home/airflow/.local/lib/python3.7/site-packages/airflow/example_dags/example_task_group.py
[2023-07-21T10:13:32.051+0000] {processor.py:826} INFO - Processing file /home/airflow/.local/lib/python3.7/site-packages/airflow/example_dags/example_task_group.py for tasks to queue
[2023-07-21T10:13:32.053+0000] {logging_mixin.py:150} INFO - [2023-07-21T10:13:32.052+0000] {dagbag.py:541} INFO - Filling up the DagBag from /home/airflow/.local/lib/python3.7/site-packages/airflow/example_dags/example_task_group.py
[2023-07-21T10:13:32.068+0000] {processor.py:836} INFO - DAG(s) dict_keys(['example_task_group']) retrieved from /home/airflow/.local/lib/python3.7/site-packages/airflow/example_dags/example_task_group.py
[2023-07-21T10:13:32.110+0000] {logging_mixin.py:150} INFO - [2023-07-21T10:13:32.110+0000] {dag.py:2742} INFO - Sync 1 DAGs
[2023-07-21T10:13:32.179+0000] {logging_mixin.py:150} INFO - [2023-07-21T10:13:32.179+0000] {dag.py:3508} INFO - Setting next_dagrun for example_task_group to 2023-07-20T10:13:32.178807+00:00, run_after=2023-07-21T10:13:32.178807+00:00
[2023-07-21T10:13:32.232+0000] {processor.py:179} INFO - Processing /home/airflow/.local/lib/python3.7/site-packages/airflow/example_dags/example_task_group.py took 0.192 seconds
[2023-07-21T10:14:02.577+0000] {processor.py:157} INFO - Started process (PID=1940) to work on /home/airflow/.local/lib/python3.7/site-packages/airflow/example_dags/example_task_group.py
[2023-07-21T10:14:02.579+0000] {processor.py:826} INFO - Processing file /home/airflow/.local/lib/python3.7/site-packages/airflow/example_dags/example_task_group.py for tasks to queue
[2023-07-21T10:14:02.580+0000] {logging_mixin.py:150} INFO - [2023-07-21T10:14:02.580+0000] {dagbag.py:541} INFO - Filling up the DagBag from /home/airflow/.local/lib/python3.7/site-packages/airflow/example_dags/example_task_group.py
[2023-07-21T10:14:02.589+0000] {processor.py:836} INFO - DAG(s) dict_keys(['example_task_group']) retrieved from /home/airflow/.local/lib/python3.7/site-packages/airflow/example_dags/example_task_group.py
[2023-07-21T10:14:02.626+0000] {logging_mixin.py:150} INFO - [2023-07-21T10:14:02.626+0000] {dag.py:2742} INFO - Sync 1 DAGs
[2023-07-21T10:14:02.660+0000] {logging_mixin.py:150} INFO - [2023-07-21T10:14:02.660+0000] {dag.py:3508} INFO - Setting next_dagrun for example_task_group to 2023-07-20T10:14:02.660218+00:00, run_after=2023-07-21T10:14:02.660218+00:00
[2023-07-21T10:14:02.696+0000] {processor.py:179} INFO - Processing /home/airflow/.local/lib/python3.7/site-packages/airflow/example_dags/example_task_group.py took 0.122 seconds
[2023-07-21T10:14:32.986+0000] {processor.py:157} INFO - Started process (PID=2001) to work on /home/airflow/.local/lib/python3.7/site-packages/airflow/example_dags/example_task_group.py
[2023-07-21T10:14:32.988+0000] {processor.py:826} INFO - Processing file /home/airflow/.local/lib/python3.7/site-packages/airflow/example_dags/example_task_group.py for tasks to queue
[2023-07-21T10:14:32.989+0000] {logging_mixin.py:150} INFO - [2023-07-21T10:14:32.989+0000] {dagbag.py:541} INFO - Filling up the DagBag from /home/airflow/.local/lib/python3.7/site-packages/airflow/example_dags/example_task_group.py
[2023-07-21T10:14:32.999+0000] {processor.py:836} INFO - DAG(s) dict_keys(['example_task_group']) retrieved from /home/airflow/.local/lib/python3.7/site-packages/airflow/example_dags/example_task_group.py
[2023-07-21T10:14:33.031+0000] {logging_mixin.py:150} INFO - [2023-07-21T10:14:33.031+0000] {dag.py:2742} INFO - Sync 1 DAGs
[2023-07-21T10:14:33.069+0000] {logging_mixin.py:150} INFO - [2023-07-21T10:14:33.069+0000] {dag.py:3508} INFO - Setting next_dagrun for example_task_group to 2023-07-20T10:14:33.068896+00:00, run_after=2023-07-21T10:14:33.068896+00:00
[2023-07-21T10:14:33.110+0000] {processor.py:179} INFO - Processing /home/airflow/.local/lib/python3.7/site-packages/airflow/example_dags/example_task_group.py took 0.128 seconds
[2023-07-21T10:15:03.221+0000] {processor.py:157} INFO - Started process (PID=2061) to work on /home/airflow/.local/lib/python3.7/site-packages/airflow/example_dags/example_task_group.py
[2023-07-21T10:15:03.225+0000] {processor.py:826} INFO - Processing file /home/airflow/.local/lib/python3.7/site-packages/airflow/example_dags/example_task_group.py for tasks to queue
[2023-07-21T10:15:03.230+0000] {logging_mixin.py:150} INFO - [2023-07-21T10:15:03.229+0000] {dagbag.py:541} INFO - Filling up the DagBag from /home/airflow/.local/lib/python3.7/site-packages/airflow/example_dags/example_task_group.py
[2023-07-21T10:15:03.244+0000] {processor.py:836} INFO - DAG(s) dict_keys(['example_task_group']) retrieved from /home/airflow/.local/lib/python3.7/site-packages/airflow/example_dags/example_task_group.py
[2023-07-21T10:15:03.285+0000] {logging_mixin.py:150} INFO - [2023-07-21T10:15:03.284+0000] {dag.py:2742} INFO - Sync 1 DAGs
[2023-07-21T10:15:03.332+0000] {logging_mixin.py:150} INFO - [2023-07-21T10:15:03.331+0000] {dag.py:3508} INFO - Setting next_dagrun for example_task_group to 2023-07-20T10:15:03.331128+00:00, run_after=2023-07-21T10:15:03.331128+00:00
[2023-07-21T10:15:03.373+0000] {processor.py:179} INFO - Processing /home/airflow/.local/lib/python3.7/site-packages/airflow/example_dags/example_task_group.py took 0.159 seconds
