[2023-07-21T09:58:04.885+0000] {processor.py:157} INFO - Started process (PID=35) to work on /home/airflow/.local/lib/python3.7/site-packages/airflow/example_dags/example_kubernetes_executor.py
[2023-07-21T09:58:04.887+0000] {processor.py:826} INFO - Processing file /home/airflow/.local/lib/python3.7/site-packages/airflow/example_dags/example_kubernetes_executor.py for tasks to queue
[2023-07-21T09:58:04.889+0000] {logging_mixin.py:150} INFO - [2023-07-21T09:58:04.889+0000] {dagbag.py:541} INFO - Filling up the DagBag from /home/airflow/.local/lib/python3.7/site-packages/airflow/example_dags/example_kubernetes_executor.py
[2023-07-21T09:58:06.849+0000] {processor.py:836} INFO - DAG(s) dict_keys(['example_kubernetes_executor']) retrieved from /home/airflow/.local/lib/python3.7/site-packages/airflow/example_dags/example_kubernetes_executor.py
[2023-07-21T09:58:06.986+0000] {logging_mixin.py:150} INFO - [2023-07-21T09:58:06.986+0000] {dag.py:2742} INFO - Sync 1 DAGs
[2023-07-21T09:58:07.026+0000] {logging_mixin.py:150} INFO - [2023-07-21T09:58:07.026+0000] {dag.py:3508} INFO - Setting next_dagrun for example_kubernetes_executor to None, run_after=None
[2023-07-21T09:58:07.068+0000] {processor.py:179} INFO - Processing /home/airflow/.local/lib/python3.7/site-packages/airflow/example_dags/example_kubernetes_executor.py took 2.188 seconds
[2023-07-21T09:58:37.889+0000] {processor.py:157} INFO - Started process (PID=98) to work on /home/airflow/.local/lib/python3.7/site-packages/airflow/example_dags/example_kubernetes_executor.py
[2023-07-21T09:58:37.892+0000] {processor.py:826} INFO - Processing file /home/airflow/.local/lib/python3.7/site-packages/airflow/example_dags/example_kubernetes_executor.py for tasks to queue
[2023-07-21T09:58:37.894+0000] {logging_mixin.py:150} INFO - [2023-07-21T09:58:37.893+0000] {dagbag.py:541} INFO - Filling up the DagBag from /home/airflow/.local/lib/python3.7/site-packages/airflow/example_dags/example_kubernetes_executor.py
[2023-07-21T09:58:38.207+0000] {processor.py:836} INFO - DAG(s) dict_keys(['example_kubernetes_executor']) retrieved from /home/airflow/.local/lib/python3.7/site-packages/airflow/example_dags/example_kubernetes_executor.py
[2023-07-21T09:58:38.226+0000] {logging_mixin.py:150} INFO - [2023-07-21T09:58:38.226+0000] {dag.py:2742} INFO - Sync 1 DAGs
[2023-07-21T09:58:38.275+0000] {logging_mixin.py:150} INFO - [2023-07-21T09:58:38.275+0000] {dag.py:3508} INFO - Setting next_dagrun for example_kubernetes_executor to None, run_after=None
[2023-07-21T09:58:38.311+0000] {processor.py:179} INFO - Processing /home/airflow/.local/lib/python3.7/site-packages/airflow/example_dags/example_kubernetes_executor.py took 0.427 seconds
[2023-07-21T09:59:08.616+0000] {processor.py:157} INFO - Started process (PID=159) to work on /home/airflow/.local/lib/python3.7/site-packages/airflow/example_dags/example_kubernetes_executor.py
[2023-07-21T09:59:08.622+0000] {processor.py:826} INFO - Processing file /home/airflow/.local/lib/python3.7/site-packages/airflow/example_dags/example_kubernetes_executor.py for tasks to queue
[2023-07-21T09:59:08.625+0000] {logging_mixin.py:150} INFO - [2023-07-21T09:59:08.624+0000] {dagbag.py:541} INFO - Filling up the DagBag from /home/airflow/.local/lib/python3.7/site-packages/airflow/example_dags/example_kubernetes_executor.py
[2023-07-21T09:59:09.025+0000] {processor.py:836} INFO - DAG(s) dict_keys(['example_kubernetes_executor']) retrieved from /home/airflow/.local/lib/python3.7/site-packages/airflow/example_dags/example_kubernetes_executor.py
[2023-07-21T09:59:09.100+0000] {logging_mixin.py:150} INFO - [2023-07-21T09:59:09.099+0000] {dag.py:2742} INFO - Sync 1 DAGs
[2023-07-21T09:59:09.169+0000] {logging_mixin.py:150} INFO - [2023-07-21T09:59:09.169+0000] {dag.py:3508} INFO - Setting next_dagrun for example_kubernetes_executor to None, run_after=None
[2023-07-21T09:59:09.243+0000] {processor.py:179} INFO - Processing /home/airflow/.local/lib/python3.7/site-packages/airflow/example_dags/example_kubernetes_executor.py took 0.633 seconds
[2023-07-21T09:59:39.414+0000] {processor.py:157} INFO - Started process (PID=222) to work on /home/airflow/.local/lib/python3.7/site-packages/airflow/example_dags/example_kubernetes_executor.py
[2023-07-21T09:59:39.417+0000] {processor.py:826} INFO - Processing file /home/airflow/.local/lib/python3.7/site-packages/airflow/example_dags/example_kubernetes_executor.py for tasks to queue
[2023-07-21T09:59:39.418+0000] {logging_mixin.py:150} INFO - [2023-07-21T09:59:39.418+0000] {dagbag.py:541} INFO - Filling up the DagBag from /home/airflow/.local/lib/python3.7/site-packages/airflow/example_dags/example_kubernetes_executor.py
[2023-07-21T09:59:40.069+0000] {processor.py:836} INFO - DAG(s) dict_keys(['example_kubernetes_executor']) retrieved from /home/airflow/.local/lib/python3.7/site-packages/airflow/example_dags/example_kubernetes_executor.py
[2023-07-21T09:59:40.125+0000] {logging_mixin.py:150} INFO - [2023-07-21T09:59:40.125+0000] {dag.py:2742} INFO - Sync 1 DAGs
[2023-07-21T09:59:40.155+0000] {logging_mixin.py:150} INFO - [2023-07-21T09:59:40.155+0000] {dag.py:3508} INFO - Setting next_dagrun for example_kubernetes_executor to None, run_after=None
[2023-07-21T09:59:40.184+0000] {processor.py:179} INFO - Processing /home/airflow/.local/lib/python3.7/site-packages/airflow/example_dags/example_kubernetes_executor.py took 0.774 seconds
[2023-07-21T10:00:10.303+0000] {processor.py:157} INFO - Started process (PID=281) to work on /home/airflow/.local/lib/python3.7/site-packages/airflow/example_dags/example_kubernetes_executor.py
[2023-07-21T10:00:10.305+0000] {processor.py:826} INFO - Processing file /home/airflow/.local/lib/python3.7/site-packages/airflow/example_dags/example_kubernetes_executor.py for tasks to queue
[2023-07-21T10:00:10.306+0000] {logging_mixin.py:150} INFO - [2023-07-21T10:00:10.306+0000] {dagbag.py:541} INFO - Filling up the DagBag from /home/airflow/.local/lib/python3.7/site-packages/airflow/example_dags/example_kubernetes_executor.py
[2023-07-21T10:00:10.821+0000] {processor.py:836} INFO - DAG(s) dict_keys(['example_kubernetes_executor']) retrieved from /home/airflow/.local/lib/python3.7/site-packages/airflow/example_dags/example_kubernetes_executor.py
[2023-07-21T10:00:10.968+0000] {logging_mixin.py:150} INFO - [2023-07-21T10:00:10.968+0000] {dag.py:2742} INFO - Sync 1 DAGs
[2023-07-21T10:00:10.997+0000] {logging_mixin.py:150} INFO - [2023-07-21T10:00:10.997+0000] {dag.py:3508} INFO - Setting next_dagrun for example_kubernetes_executor to None, run_after=None
[2023-07-21T10:00:11.035+0000] {processor.py:179} INFO - Processing /home/airflow/.local/lib/python3.7/site-packages/airflow/example_dags/example_kubernetes_executor.py took 0.742 seconds
[2023-07-21T10:00:41.897+0000] {processor.py:157} INFO - Started process (PID=344) to work on /home/airflow/.local/lib/python3.7/site-packages/airflow/example_dags/example_kubernetes_executor.py
[2023-07-21T10:00:41.899+0000] {processor.py:826} INFO - Processing file /home/airflow/.local/lib/python3.7/site-packages/airflow/example_dags/example_kubernetes_executor.py for tasks to queue
[2023-07-21T10:00:41.901+0000] {logging_mixin.py:150} INFO - [2023-07-21T10:00:41.901+0000] {dagbag.py:541} INFO - Filling up the DagBag from /home/airflow/.local/lib/python3.7/site-packages/airflow/example_dags/example_kubernetes_executor.py
[2023-07-21T10:00:42.211+0000] {processor.py:836} INFO - DAG(s) dict_keys(['example_kubernetes_executor']) retrieved from /home/airflow/.local/lib/python3.7/site-packages/airflow/example_dags/example_kubernetes_executor.py
[2023-07-21T10:00:42.297+0000] {logging_mixin.py:150} INFO - [2023-07-21T10:00:42.297+0000] {dag.py:2742} INFO - Sync 1 DAGs
[2023-07-21T10:00:42.352+0000] {logging_mixin.py:150} INFO - [2023-07-21T10:00:42.352+0000] {dag.py:3508} INFO - Setting next_dagrun for example_kubernetes_executor to None, run_after=None
[2023-07-21T10:00:42.389+0000] {processor.py:179} INFO - Processing /home/airflow/.local/lib/python3.7/site-packages/airflow/example_dags/example_kubernetes_executor.py took 0.499 seconds
[2023-07-21T10:01:13.221+0000] {processor.py:157} INFO - Started process (PID=405) to work on /home/airflow/.local/lib/python3.7/site-packages/airflow/example_dags/example_kubernetes_executor.py
[2023-07-21T10:01:13.225+0000] {processor.py:826} INFO - Processing file /home/airflow/.local/lib/python3.7/site-packages/airflow/example_dags/example_kubernetes_executor.py for tasks to queue
[2023-07-21T10:01:13.228+0000] {logging_mixin.py:150} INFO - [2023-07-21T10:01:13.227+0000] {dagbag.py:541} INFO - Filling up the DagBag from /home/airflow/.local/lib/python3.7/site-packages/airflow/example_dags/example_kubernetes_executor.py
[2023-07-21T10:01:13.449+0000] {processor.py:836} INFO - DAG(s) dict_keys(['example_kubernetes_executor']) retrieved from /home/airflow/.local/lib/python3.7/site-packages/airflow/example_dags/example_kubernetes_executor.py
[2023-07-21T10:01:13.495+0000] {logging_mixin.py:150} INFO - [2023-07-21T10:01:13.495+0000] {dag.py:2742} INFO - Sync 1 DAGs
[2023-07-21T10:01:13.538+0000] {logging_mixin.py:150} INFO - [2023-07-21T10:01:13.537+0000] {dag.py:3508} INFO - Setting next_dagrun for example_kubernetes_executor to None, run_after=None
[2023-07-21T10:01:13.574+0000] {processor.py:179} INFO - Processing /home/airflow/.local/lib/python3.7/site-packages/airflow/example_dags/example_kubernetes_executor.py took 0.362 seconds
[2023-07-21T10:01:44.279+0000] {processor.py:157} INFO - Started process (PID=466) to work on /home/airflow/.local/lib/python3.7/site-packages/airflow/example_dags/example_kubernetes_executor.py
[2023-07-21T10:01:44.281+0000] {processor.py:826} INFO - Processing file /home/airflow/.local/lib/python3.7/site-packages/airflow/example_dags/example_kubernetes_executor.py for tasks to queue
[2023-07-21T10:01:44.282+0000] {logging_mixin.py:150} INFO - [2023-07-21T10:01:44.282+0000] {dagbag.py:541} INFO - Filling up the DagBag from /home/airflow/.local/lib/python3.7/site-packages/airflow/example_dags/example_kubernetes_executor.py
[2023-07-21T10:01:44.751+0000] {processor.py:836} INFO - DAG(s) dict_keys(['example_kubernetes_executor']) retrieved from /home/airflow/.local/lib/python3.7/site-packages/airflow/example_dags/example_kubernetes_executor.py
[2023-07-21T10:01:44.808+0000] {logging_mixin.py:150} INFO - [2023-07-21T10:01:44.807+0000] {dag.py:2742} INFO - Sync 1 DAGs
[2023-07-21T10:01:44.852+0000] {logging_mixin.py:150} INFO - [2023-07-21T10:01:44.852+0000] {dag.py:3508} INFO - Setting next_dagrun for example_kubernetes_executor to None, run_after=None
[2023-07-21T10:01:44.910+0000] {processor.py:179} INFO - Processing /home/airflow/.local/lib/python3.7/site-packages/airflow/example_dags/example_kubernetes_executor.py took 0.638 seconds
[2023-07-21T10:02:15.691+0000] {processor.py:157} INFO - Started process (PID=528) to work on /home/airflow/.local/lib/python3.7/site-packages/airflow/example_dags/example_kubernetes_executor.py
[2023-07-21T10:02:15.693+0000] {processor.py:826} INFO - Processing file /home/airflow/.local/lib/python3.7/site-packages/airflow/example_dags/example_kubernetes_executor.py for tasks to queue
[2023-07-21T10:02:15.694+0000] {logging_mixin.py:150} INFO - [2023-07-21T10:02:15.694+0000] {dagbag.py:541} INFO - Filling up the DagBag from /home/airflow/.local/lib/python3.7/site-packages/airflow/example_dags/example_kubernetes_executor.py
[2023-07-21T10:02:15.910+0000] {processor.py:836} INFO - DAG(s) dict_keys(['example_kubernetes_executor']) retrieved from /home/airflow/.local/lib/python3.7/site-packages/airflow/example_dags/example_kubernetes_executor.py
[2023-07-21T10:02:15.955+0000] {logging_mixin.py:150} INFO - [2023-07-21T10:02:15.955+0000] {dag.py:2742} INFO - Sync 1 DAGs
[2023-07-21T10:02:15.982+0000] {logging_mixin.py:150} INFO - [2023-07-21T10:02:15.982+0000] {dag.py:3508} INFO - Setting next_dagrun for example_kubernetes_executor to None, run_after=None
[2023-07-21T10:02:16.016+0000] {processor.py:179} INFO - Processing /home/airflow/.local/lib/python3.7/site-packages/airflow/example_dags/example_kubernetes_executor.py took 0.329 seconds
[2023-07-21T10:02:46.586+0000] {processor.py:157} INFO - Started process (PID=589) to work on /home/airflow/.local/lib/python3.7/site-packages/airflow/example_dags/example_kubernetes_executor.py
[2023-07-21T10:02:46.587+0000] {processor.py:826} INFO - Processing file /home/airflow/.local/lib/python3.7/site-packages/airflow/example_dags/example_kubernetes_executor.py for tasks to queue
[2023-07-21T10:02:46.590+0000] {logging_mixin.py:150} INFO - [2023-07-21T10:02:46.589+0000] {dagbag.py:541} INFO - Filling up the DagBag from /home/airflow/.local/lib/python3.7/site-packages/airflow/example_dags/example_kubernetes_executor.py
[2023-07-21T10:02:48.142+0000] {processor.py:836} INFO - DAG(s) dict_keys(['example_kubernetes_executor']) retrieved from /home/airflow/.local/lib/python3.7/site-packages/airflow/example_dags/example_kubernetes_executor.py
[2023-07-21T10:02:48.190+0000] {logging_mixin.py:150} INFO - [2023-07-21T10:02:48.190+0000] {dag.py:2742} INFO - Sync 1 DAGs
[2023-07-21T10:02:48.256+0000] {logging_mixin.py:150} INFO - [2023-07-21T10:02:48.255+0000] {dag.py:3508} INFO - Setting next_dagrun for example_kubernetes_executor to None, run_after=None
[2023-07-21T10:02:48.294+0000] {processor.py:179} INFO - Processing /home/airflow/.local/lib/python3.7/site-packages/airflow/example_dags/example_kubernetes_executor.py took 1.718 seconds
[2023-07-21T10:03:18.540+0000] {processor.py:157} INFO - Started process (PID=653) to work on /home/airflow/.local/lib/python3.7/site-packages/airflow/example_dags/example_kubernetes_executor.py
[2023-07-21T10:03:18.542+0000] {processor.py:826} INFO - Processing file /home/airflow/.local/lib/python3.7/site-packages/airflow/example_dags/example_kubernetes_executor.py for tasks to queue
[2023-07-21T10:03:18.543+0000] {logging_mixin.py:150} INFO - [2023-07-21T10:03:18.542+0000] {dagbag.py:541} INFO - Filling up the DagBag from /home/airflow/.local/lib/python3.7/site-packages/airflow/example_dags/example_kubernetes_executor.py
[2023-07-21T10:03:18.774+0000] {processor.py:836} INFO - DAG(s) dict_keys(['example_kubernetes_executor']) retrieved from /home/airflow/.local/lib/python3.7/site-packages/airflow/example_dags/example_kubernetes_executor.py
[2023-07-21T10:03:18.825+0000] {logging_mixin.py:150} INFO - [2023-07-21T10:03:18.824+0000] {dag.py:2742} INFO - Sync 1 DAGs
[2023-07-21T10:03:18.864+0000] {logging_mixin.py:150} INFO - [2023-07-21T10:03:18.864+0000] {dag.py:3508} INFO - Setting next_dagrun for example_kubernetes_executor to None, run_after=None
[2023-07-21T10:03:18.902+0000] {processor.py:179} INFO - Processing /home/airflow/.local/lib/python3.7/site-packages/airflow/example_dags/example_kubernetes_executor.py took 0.366 seconds
[2023-07-21T10:03:48.949+0000] {processor.py:157} INFO - Started process (PID=715) to work on /home/airflow/.local/lib/python3.7/site-packages/airflow/example_dags/example_kubernetes_executor.py
[2023-07-21T10:03:48.951+0000] {processor.py:826} INFO - Processing file /home/airflow/.local/lib/python3.7/site-packages/airflow/example_dags/example_kubernetes_executor.py for tasks to queue
[2023-07-21T10:03:48.952+0000] {logging_mixin.py:150} INFO - [2023-07-21T10:03:48.952+0000] {dagbag.py:541} INFO - Filling up the DagBag from /home/airflow/.local/lib/python3.7/site-packages/airflow/example_dags/example_kubernetes_executor.py
[2023-07-21T10:03:49.169+0000] {processor.py:836} INFO - DAG(s) dict_keys(['example_kubernetes_executor']) retrieved from /home/airflow/.local/lib/python3.7/site-packages/airflow/example_dags/example_kubernetes_executor.py
[2023-07-21T10:03:49.211+0000] {logging_mixin.py:150} INFO - [2023-07-21T10:03:49.211+0000] {dag.py:2742} INFO - Sync 1 DAGs
[2023-07-21T10:03:49.236+0000] {logging_mixin.py:150} INFO - [2023-07-21T10:03:49.236+0000] {dag.py:3508} INFO - Setting next_dagrun for example_kubernetes_executor to None, run_after=None
[2023-07-21T10:03:49.259+0000] {processor.py:179} INFO - Processing /home/airflow/.local/lib/python3.7/site-packages/airflow/example_dags/example_kubernetes_executor.py took 0.315 seconds
[2023-07-21T10:04:19.406+0000] {processor.py:157} INFO - Started process (PID=776) to work on /home/airflow/.local/lib/python3.7/site-packages/airflow/example_dags/example_kubernetes_executor.py
[2023-07-21T10:04:19.407+0000] {processor.py:826} INFO - Processing file /home/airflow/.local/lib/python3.7/site-packages/airflow/example_dags/example_kubernetes_executor.py for tasks to queue
[2023-07-21T10:04:19.408+0000] {logging_mixin.py:150} INFO - [2023-07-21T10:04:19.408+0000] {dagbag.py:541} INFO - Filling up the DagBag from /home/airflow/.local/lib/python3.7/site-packages/airflow/example_dags/example_kubernetes_executor.py
[2023-07-21T10:04:19.620+0000] {processor.py:836} INFO - DAG(s) dict_keys(['example_kubernetes_executor']) retrieved from /home/airflow/.local/lib/python3.7/site-packages/airflow/example_dags/example_kubernetes_executor.py
[2023-07-21T10:04:19.664+0000] {logging_mixin.py:150} INFO - [2023-07-21T10:04:19.664+0000] {dag.py:2742} INFO - Sync 1 DAGs
[2023-07-21T10:04:19.694+0000] {logging_mixin.py:150} INFO - [2023-07-21T10:04:19.693+0000] {dag.py:3508} INFO - Setting next_dagrun for example_kubernetes_executor to None, run_after=None
[2023-07-21T10:04:19.722+0000] {processor.py:179} INFO - Processing /home/airflow/.local/lib/python3.7/site-packages/airflow/example_dags/example_kubernetes_executor.py took 0.318 seconds
[2023-07-21T10:04:49.822+0000] {processor.py:157} INFO - Started process (PID=837) to work on /home/airflow/.local/lib/python3.7/site-packages/airflow/example_dags/example_kubernetes_executor.py
[2023-07-21T10:04:49.823+0000] {processor.py:826} INFO - Processing file /home/airflow/.local/lib/python3.7/site-packages/airflow/example_dags/example_kubernetes_executor.py for tasks to queue
[2023-07-21T10:04:49.824+0000] {logging_mixin.py:150} INFO - [2023-07-21T10:04:49.824+0000] {dagbag.py:541} INFO - Filling up the DagBag from /home/airflow/.local/lib/python3.7/site-packages/airflow/example_dags/example_kubernetes_executor.py
[2023-07-21T10:04:50.045+0000] {processor.py:836} INFO - DAG(s) dict_keys(['example_kubernetes_executor']) retrieved from /home/airflow/.local/lib/python3.7/site-packages/airflow/example_dags/example_kubernetes_executor.py
[2023-07-21T10:04:50.092+0000] {logging_mixin.py:150} INFO - [2023-07-21T10:04:50.091+0000] {dag.py:2742} INFO - Sync 1 DAGs
[2023-07-21T10:04:50.126+0000] {logging_mixin.py:150} INFO - [2023-07-21T10:04:50.126+0000] {dag.py:3508} INFO - Setting next_dagrun for example_kubernetes_executor to None, run_after=None
[2023-07-21T10:04:50.157+0000] {processor.py:179} INFO - Processing /home/airflow/.local/lib/python3.7/site-packages/airflow/example_dags/example_kubernetes_executor.py took 0.339 seconds
[2023-07-21T10:05:20.317+0000] {processor.py:157} INFO - Started process (PID=894) to work on /home/airflow/.local/lib/python3.7/site-packages/airflow/example_dags/example_kubernetes_executor.py
[2023-07-21T10:05:20.319+0000] {processor.py:826} INFO - Processing file /home/airflow/.local/lib/python3.7/site-packages/airflow/example_dags/example_kubernetes_executor.py for tasks to queue
[2023-07-21T10:05:20.320+0000] {logging_mixin.py:150} INFO - [2023-07-21T10:05:20.320+0000] {dagbag.py:541} INFO - Filling up the DagBag from /home/airflow/.local/lib/python3.7/site-packages/airflow/example_dags/example_kubernetes_executor.py
[2023-07-21T10:05:20.608+0000] {processor.py:836} INFO - DAG(s) dict_keys(['example_kubernetes_executor']) retrieved from /home/airflow/.local/lib/python3.7/site-packages/airflow/example_dags/example_kubernetes_executor.py
[2023-07-21T10:05:20.656+0000] {logging_mixin.py:150} INFO - [2023-07-21T10:05:20.656+0000] {dag.py:2742} INFO - Sync 1 DAGs
[2023-07-21T10:05:20.689+0000] {logging_mixin.py:150} INFO - [2023-07-21T10:05:20.688+0000] {dag.py:3508} INFO - Setting next_dagrun for example_kubernetes_executor to None, run_after=None
[2023-07-21T10:05:20.716+0000] {processor.py:179} INFO - Processing /home/airflow/.local/lib/python3.7/site-packages/airflow/example_dags/example_kubernetes_executor.py took 0.403 seconds
[2023-07-21T10:05:51.553+0000] {processor.py:157} INFO - Started process (PID=955) to work on /home/airflow/.local/lib/python3.7/site-packages/airflow/example_dags/example_kubernetes_executor.py
[2023-07-21T10:05:51.554+0000] {processor.py:826} INFO - Processing file /home/airflow/.local/lib/python3.7/site-packages/airflow/example_dags/example_kubernetes_executor.py for tasks to queue
[2023-07-21T10:05:51.555+0000] {logging_mixin.py:150} INFO - [2023-07-21T10:05:51.555+0000] {dagbag.py:541} INFO - Filling up the DagBag from /home/airflow/.local/lib/python3.7/site-packages/airflow/example_dags/example_kubernetes_executor.py
[2023-07-21T10:05:51.837+0000] {processor.py:836} INFO - DAG(s) dict_keys(['example_kubernetes_executor']) retrieved from /home/airflow/.local/lib/python3.7/site-packages/airflow/example_dags/example_kubernetes_executor.py
[2023-07-21T10:05:51.885+0000] {logging_mixin.py:150} INFO - [2023-07-21T10:05:51.884+0000] {dag.py:2742} INFO - Sync 1 DAGs
[2023-07-21T10:05:51.915+0000] {logging_mixin.py:150} INFO - [2023-07-21T10:05:51.915+0000] {dag.py:3508} INFO - Setting next_dagrun for example_kubernetes_executor to None, run_after=None
[2023-07-21T10:05:51.947+0000] {processor.py:179} INFO - Processing /home/airflow/.local/lib/python3.7/site-packages/airflow/example_dags/example_kubernetes_executor.py took 0.400 seconds
[2023-07-21T10:06:22.201+0000] {processor.py:157} INFO - Started process (PID=1017) to work on /home/airflow/.local/lib/python3.7/site-packages/airflow/example_dags/example_kubernetes_executor.py
[2023-07-21T10:06:22.203+0000] {processor.py:826} INFO - Processing file /home/airflow/.local/lib/python3.7/site-packages/airflow/example_dags/example_kubernetes_executor.py for tasks to queue
[2023-07-21T10:06:22.204+0000] {logging_mixin.py:150} INFO - [2023-07-21T10:06:22.204+0000] {dagbag.py:541} INFO - Filling up the DagBag from /home/airflow/.local/lib/python3.7/site-packages/airflow/example_dags/example_kubernetes_executor.py
[2023-07-21T10:06:22.469+0000] {processor.py:836} INFO - DAG(s) dict_keys(['example_kubernetes_executor']) retrieved from /home/airflow/.local/lib/python3.7/site-packages/airflow/example_dags/example_kubernetes_executor.py
[2023-07-21T10:06:22.527+0000] {logging_mixin.py:150} INFO - [2023-07-21T10:06:22.526+0000] {dag.py:2742} INFO - Sync 1 DAGs
[2023-07-21T10:06:22.562+0000] {logging_mixin.py:150} INFO - [2023-07-21T10:06:22.561+0000] {dag.py:3508} INFO - Setting next_dagrun for example_kubernetes_executor to None, run_after=None
[2023-07-21T10:06:22.590+0000] {processor.py:179} INFO - Processing /home/airflow/.local/lib/python3.7/site-packages/airflow/example_dags/example_kubernetes_executor.py took 0.392 seconds
[2023-07-21T10:06:52.766+0000] {processor.py:157} INFO - Started process (PID=1077) to work on /home/airflow/.local/lib/python3.7/site-packages/airflow/example_dags/example_kubernetes_executor.py
[2023-07-21T10:06:52.768+0000] {processor.py:826} INFO - Processing file /home/airflow/.local/lib/python3.7/site-packages/airflow/example_dags/example_kubernetes_executor.py for tasks to queue
[2023-07-21T10:06:52.769+0000] {logging_mixin.py:150} INFO - [2023-07-21T10:06:52.769+0000] {dagbag.py:541} INFO - Filling up the DagBag from /home/airflow/.local/lib/python3.7/site-packages/airflow/example_dags/example_kubernetes_executor.py
[2023-07-21T10:06:53.081+0000] {processor.py:836} INFO - DAG(s) dict_keys(['example_kubernetes_executor']) retrieved from /home/airflow/.local/lib/python3.7/site-packages/airflow/example_dags/example_kubernetes_executor.py
[2023-07-21T10:06:53.191+0000] {logging_mixin.py:150} INFO - [2023-07-21T10:06:53.190+0000] {dag.py:2742} INFO - Sync 1 DAGs
[2023-07-21T10:06:53.255+0000] {logging_mixin.py:150} INFO - [2023-07-21T10:06:53.255+0000] {dag.py:3508} INFO - Setting next_dagrun for example_kubernetes_executor to None, run_after=None
[2023-07-21T10:06:53.292+0000] {processor.py:179} INFO - Processing /home/airflow/.local/lib/python3.7/site-packages/airflow/example_dags/example_kubernetes_executor.py took 0.529 seconds
[2023-07-21T10:07:23.949+0000] {processor.py:157} INFO - Started process (PID=1138) to work on /home/airflow/.local/lib/python3.7/site-packages/airflow/example_dags/example_kubernetes_executor.py
[2023-07-21T10:07:23.951+0000] {processor.py:826} INFO - Processing file /home/airflow/.local/lib/python3.7/site-packages/airflow/example_dags/example_kubernetes_executor.py for tasks to queue
[2023-07-21T10:07:23.955+0000] {logging_mixin.py:150} INFO - [2023-07-21T10:07:23.953+0000] {dagbag.py:541} INFO - Filling up the DagBag from /home/airflow/.local/lib/python3.7/site-packages/airflow/example_dags/example_kubernetes_executor.py
[2023-07-21T10:07:24.383+0000] {processor.py:836} INFO - DAG(s) dict_keys(['example_kubernetes_executor']) retrieved from /home/airflow/.local/lib/python3.7/site-packages/airflow/example_dags/example_kubernetes_executor.py
[2023-07-21T10:07:24.441+0000] {logging_mixin.py:150} INFO - [2023-07-21T10:07:24.441+0000] {dag.py:2742} INFO - Sync 1 DAGs
[2023-07-21T10:07:24.477+0000] {logging_mixin.py:150} INFO - [2023-07-21T10:07:24.477+0000] {dag.py:3508} INFO - Setting next_dagrun for example_kubernetes_executor to None, run_after=None
[2023-07-21T10:07:24.508+0000] {processor.py:179} INFO - Processing /home/airflow/.local/lib/python3.7/site-packages/airflow/example_dags/example_kubernetes_executor.py took 0.565 seconds
[2023-07-21T10:07:54.642+0000] {processor.py:157} INFO - Started process (PID=1200) to work on /home/airflow/.local/lib/python3.7/site-packages/airflow/example_dags/example_kubernetes_executor.py
[2023-07-21T10:07:54.643+0000] {processor.py:826} INFO - Processing file /home/airflow/.local/lib/python3.7/site-packages/airflow/example_dags/example_kubernetes_executor.py for tasks to queue
[2023-07-21T10:07:54.645+0000] {logging_mixin.py:150} INFO - [2023-07-21T10:07:54.644+0000] {dagbag.py:541} INFO - Filling up the DagBag from /home/airflow/.local/lib/python3.7/site-packages/airflow/example_dags/example_kubernetes_executor.py
[2023-07-21T10:07:54.915+0000] {processor.py:836} INFO - DAG(s) dict_keys(['example_kubernetes_executor']) retrieved from /home/airflow/.local/lib/python3.7/site-packages/airflow/example_dags/example_kubernetes_executor.py
[2023-07-21T10:07:54.972+0000] {logging_mixin.py:150} INFO - [2023-07-21T10:07:54.972+0000] {dag.py:2742} INFO - Sync 1 DAGs
[2023-07-21T10:07:55.010+0000] {logging_mixin.py:150} INFO - [2023-07-21T10:07:55.009+0000] {dag.py:3508} INFO - Setting next_dagrun for example_kubernetes_executor to None, run_after=None
[2023-07-21T10:07:55.043+0000] {processor.py:179} INFO - Processing /home/airflow/.local/lib/python3.7/site-packages/airflow/example_dags/example_kubernetes_executor.py took 0.407 seconds
[2023-07-21T10:08:25.529+0000] {processor.py:157} INFO - Started process (PID=1261) to work on /home/airflow/.local/lib/python3.7/site-packages/airflow/example_dags/example_kubernetes_executor.py
[2023-07-21T10:08:25.538+0000] {processor.py:826} INFO - Processing file /home/airflow/.local/lib/python3.7/site-packages/airflow/example_dags/example_kubernetes_executor.py for tasks to queue
[2023-07-21T10:08:25.541+0000] {logging_mixin.py:150} INFO - [2023-07-21T10:08:25.540+0000] {dagbag.py:541} INFO - Filling up the DagBag from /home/airflow/.local/lib/python3.7/site-packages/airflow/example_dags/example_kubernetes_executor.py
[2023-07-21T10:08:26.150+0000] {processor.py:836} INFO - DAG(s) dict_keys(['example_kubernetes_executor']) retrieved from /home/airflow/.local/lib/python3.7/site-packages/airflow/example_dags/example_kubernetes_executor.py
[2023-07-21T10:08:26.264+0000] {logging_mixin.py:150} INFO - [2023-07-21T10:08:26.263+0000] {dag.py:2742} INFO - Sync 1 DAGs
[2023-07-21T10:08:26.331+0000] {logging_mixin.py:150} INFO - [2023-07-21T10:08:26.331+0000] {dag.py:3508} INFO - Setting next_dagrun for example_kubernetes_executor to None, run_after=None
[2023-07-21T10:08:26.383+0000] {processor.py:179} INFO - Processing /home/airflow/.local/lib/python3.7/site-packages/airflow/example_dags/example_kubernetes_executor.py took 0.866 seconds
[2023-07-21T10:08:57.038+0000] {processor.py:157} INFO - Started process (PID=1324) to work on /home/airflow/.local/lib/python3.7/site-packages/airflow/example_dags/example_kubernetes_executor.py
[2023-07-21T10:08:57.040+0000] {processor.py:826} INFO - Processing file /home/airflow/.local/lib/python3.7/site-packages/airflow/example_dags/example_kubernetes_executor.py for tasks to queue
[2023-07-21T10:08:57.042+0000] {logging_mixin.py:150} INFO - [2023-07-21T10:08:57.042+0000] {dagbag.py:541} INFO - Filling up the DagBag from /home/airflow/.local/lib/python3.7/site-packages/airflow/example_dags/example_kubernetes_executor.py
[2023-07-21T10:08:57.249+0000] {processor.py:836} INFO - DAG(s) dict_keys(['example_kubernetes_executor']) retrieved from /home/airflow/.local/lib/python3.7/site-packages/airflow/example_dags/example_kubernetes_executor.py
[2023-07-21T10:08:57.296+0000] {logging_mixin.py:150} INFO - [2023-07-21T10:08:57.296+0000] {dag.py:2742} INFO - Sync 1 DAGs
[2023-07-21T10:08:57.322+0000] {logging_mixin.py:150} INFO - [2023-07-21T10:08:57.322+0000] {dag.py:3508} INFO - Setting next_dagrun for example_kubernetes_executor to None, run_after=None
[2023-07-21T10:08:57.348+0000] {processor.py:179} INFO - Processing /home/airflow/.local/lib/python3.7/site-packages/airflow/example_dags/example_kubernetes_executor.py took 0.316 seconds
[2023-07-21T10:09:27.462+0000] {processor.py:157} INFO - Started process (PID=1391) to work on /home/airflow/.local/lib/python3.7/site-packages/airflow/example_dags/example_kubernetes_executor.py
[2023-07-21T10:09:27.464+0000] {processor.py:826} INFO - Processing file /home/airflow/.local/lib/python3.7/site-packages/airflow/example_dags/example_kubernetes_executor.py for tasks to queue
[2023-07-21T10:09:27.466+0000] {logging_mixin.py:150} INFO - [2023-07-21T10:09:27.466+0000] {dagbag.py:541} INFO - Filling up the DagBag from /home/airflow/.local/lib/python3.7/site-packages/airflow/example_dags/example_kubernetes_executor.py
[2023-07-21T10:09:27.740+0000] {processor.py:836} INFO - DAG(s) dict_keys(['example_kubernetes_executor']) retrieved from /home/airflow/.local/lib/python3.7/site-packages/airflow/example_dags/example_kubernetes_executor.py
[2023-07-21T10:09:27.790+0000] {logging_mixin.py:150} INFO - [2023-07-21T10:09:27.789+0000] {dag.py:2742} INFO - Sync 1 DAGs
[2023-07-21T10:09:27.819+0000] {logging_mixin.py:150} INFO - [2023-07-21T10:09:27.818+0000] {dag.py:3508} INFO - Setting next_dagrun for example_kubernetes_executor to None, run_after=None
[2023-07-21T10:09:27.844+0000] {processor.py:179} INFO - Processing /home/airflow/.local/lib/python3.7/site-packages/airflow/example_dags/example_kubernetes_executor.py took 0.390 seconds
[2023-07-21T10:09:57.954+0000] {processor.py:157} INFO - Started process (PID=1453) to work on /home/airflow/.local/lib/python3.7/site-packages/airflow/example_dags/example_kubernetes_executor.py
[2023-07-21T10:09:57.955+0000] {processor.py:826} INFO - Processing file /home/airflow/.local/lib/python3.7/site-packages/airflow/example_dags/example_kubernetes_executor.py for tasks to queue
[2023-07-21T10:09:57.956+0000] {logging_mixin.py:150} INFO - [2023-07-21T10:09:57.956+0000] {dagbag.py:541} INFO - Filling up the DagBag from /home/airflow/.local/lib/python3.7/site-packages/airflow/example_dags/example_kubernetes_executor.py
[2023-07-21T10:09:58.165+0000] {processor.py:836} INFO - DAG(s) dict_keys(['example_kubernetes_executor']) retrieved from /home/airflow/.local/lib/python3.7/site-packages/airflow/example_dags/example_kubernetes_executor.py
[2023-07-21T10:09:58.202+0000] {logging_mixin.py:150} INFO - [2023-07-21T10:09:58.202+0000] {dag.py:2742} INFO - Sync 1 DAGs
[2023-07-21T10:09:58.233+0000] {logging_mixin.py:150} INFO - [2023-07-21T10:09:58.233+0000] {dag.py:3508} INFO - Setting next_dagrun for example_kubernetes_executor to None, run_after=None
[2023-07-21T10:09:58.269+0000] {processor.py:179} INFO - Processing /home/airflow/.local/lib/python3.7/site-packages/airflow/example_dags/example_kubernetes_executor.py took 0.319 seconds
[2023-07-21T10:10:28.310+0000] {processor.py:157} INFO - Started process (PID=1515) to work on /home/airflow/.local/lib/python3.7/site-packages/airflow/example_dags/example_kubernetes_executor.py
[2023-07-21T10:10:28.312+0000] {processor.py:826} INFO - Processing file /home/airflow/.local/lib/python3.7/site-packages/airflow/example_dags/example_kubernetes_executor.py for tasks to queue
[2023-07-21T10:10:28.313+0000] {logging_mixin.py:150} INFO - [2023-07-21T10:10:28.313+0000] {dagbag.py:541} INFO - Filling up the DagBag from /home/airflow/.local/lib/python3.7/site-packages/airflow/example_dags/example_kubernetes_executor.py
[2023-07-21T10:10:28.493+0000] {processor.py:836} INFO - DAG(s) dict_keys(['example_kubernetes_executor']) retrieved from /home/airflow/.local/lib/python3.7/site-packages/airflow/example_dags/example_kubernetes_executor.py
[2023-07-21T10:10:28.531+0000] {logging_mixin.py:150} INFO - [2023-07-21T10:10:28.530+0000] {dag.py:2742} INFO - Sync 1 DAGs
[2023-07-21T10:10:28.558+0000] {logging_mixin.py:150} INFO - [2023-07-21T10:10:28.558+0000] {dag.py:3508} INFO - Setting next_dagrun for example_kubernetes_executor to None, run_after=None
[2023-07-21T10:10:28.578+0000] {processor.py:179} INFO - Processing /home/airflow/.local/lib/python3.7/site-packages/airflow/example_dags/example_kubernetes_executor.py took 0.271 seconds
[2023-07-21T10:10:59.196+0000] {processor.py:157} INFO - Started process (PID=1575) to work on /home/airflow/.local/lib/python3.7/site-packages/airflow/example_dags/example_kubernetes_executor.py
[2023-07-21T10:10:59.198+0000] {processor.py:826} INFO - Processing file /home/airflow/.local/lib/python3.7/site-packages/airflow/example_dags/example_kubernetes_executor.py for tasks to queue
[2023-07-21T10:10:59.200+0000] {logging_mixin.py:150} INFO - [2023-07-21T10:10:59.199+0000] {dagbag.py:541} INFO - Filling up the DagBag from /home/airflow/.local/lib/python3.7/site-packages/airflow/example_dags/example_kubernetes_executor.py
[2023-07-21T10:10:59.448+0000] {processor.py:836} INFO - DAG(s) dict_keys(['example_kubernetes_executor']) retrieved from /home/airflow/.local/lib/python3.7/site-packages/airflow/example_dags/example_kubernetes_executor.py
[2023-07-21T10:10:59.502+0000] {logging_mixin.py:150} INFO - [2023-07-21T10:10:59.501+0000] {dag.py:2742} INFO - Sync 1 DAGs
[2023-07-21T10:10:59.532+0000] {logging_mixin.py:150} INFO - [2023-07-21T10:10:59.532+0000] {dag.py:3508} INFO - Setting next_dagrun for example_kubernetes_executor to None, run_after=None
[2023-07-21T10:10:59.556+0000] {processor.py:179} INFO - Processing /home/airflow/.local/lib/python3.7/site-packages/airflow/example_dags/example_kubernetes_executor.py took 0.365 seconds
[2023-07-21T10:11:30.145+0000] {processor.py:157} INFO - Started process (PID=1636) to work on /home/airflow/.local/lib/python3.7/site-packages/airflow/example_dags/example_kubernetes_executor.py
[2023-07-21T10:11:30.147+0000] {processor.py:826} INFO - Processing file /home/airflow/.local/lib/python3.7/site-packages/airflow/example_dags/example_kubernetes_executor.py for tasks to queue
[2023-07-21T10:11:30.149+0000] {logging_mixin.py:150} INFO - [2023-07-21T10:11:30.148+0000] {dagbag.py:541} INFO - Filling up the DagBag from /home/airflow/.local/lib/python3.7/site-packages/airflow/example_dags/example_kubernetes_executor.py
[2023-07-21T10:11:30.436+0000] {processor.py:836} INFO - DAG(s) dict_keys(['example_kubernetes_executor']) retrieved from /home/airflow/.local/lib/python3.7/site-packages/airflow/example_dags/example_kubernetes_executor.py
[2023-07-21T10:11:30.499+0000] {logging_mixin.py:150} INFO - [2023-07-21T10:11:30.499+0000] {dag.py:2742} INFO - Sync 1 DAGs
[2023-07-21T10:11:30.543+0000] {logging_mixin.py:150} INFO - [2023-07-21T10:11:30.543+0000] {dag.py:3508} INFO - Setting next_dagrun for example_kubernetes_executor to None, run_after=None
[2023-07-21T10:11:30.579+0000] {processor.py:179} INFO - Processing /home/airflow/.local/lib/python3.7/site-packages/airflow/example_dags/example_kubernetes_executor.py took 0.440 seconds
[2023-07-21T10:12:00.818+0000] {processor.py:157} INFO - Started process (PID=1697) to work on /home/airflow/.local/lib/python3.7/site-packages/airflow/example_dags/example_kubernetes_executor.py
[2023-07-21T10:12:00.820+0000] {processor.py:826} INFO - Processing file /home/airflow/.local/lib/python3.7/site-packages/airflow/example_dags/example_kubernetes_executor.py for tasks to queue
[2023-07-21T10:12:00.822+0000] {logging_mixin.py:150} INFO - [2023-07-21T10:12:00.821+0000] {dagbag.py:541} INFO - Filling up the DagBag from /home/airflow/.local/lib/python3.7/site-packages/airflow/example_dags/example_kubernetes_executor.py
[2023-07-21T10:12:01.095+0000] {processor.py:836} INFO - DAG(s) dict_keys(['example_kubernetes_executor']) retrieved from /home/airflow/.local/lib/python3.7/site-packages/airflow/example_dags/example_kubernetes_executor.py
[2023-07-21T10:12:01.143+0000] {logging_mixin.py:150} INFO - [2023-07-21T10:12:01.143+0000] {dag.py:2742} INFO - Sync 1 DAGs
[2023-07-21T10:12:01.180+0000] {logging_mixin.py:150} INFO - [2023-07-21T10:12:01.180+0000] {dag.py:3508} INFO - Setting next_dagrun for example_kubernetes_executor to None, run_after=None
[2023-07-21T10:12:01.205+0000] {processor.py:179} INFO - Processing /home/airflow/.local/lib/python3.7/site-packages/airflow/example_dags/example_kubernetes_executor.py took 0.391 seconds
[2023-07-21T10:12:31.277+0000] {processor.py:157} INFO - Started process (PID=1759) to work on /home/airflow/.local/lib/python3.7/site-packages/airflow/example_dags/example_kubernetes_executor.py
[2023-07-21T10:12:31.279+0000] {processor.py:826} INFO - Processing file /home/airflow/.local/lib/python3.7/site-packages/airflow/example_dags/example_kubernetes_executor.py for tasks to queue
[2023-07-21T10:12:31.280+0000] {logging_mixin.py:150} INFO - [2023-07-21T10:12:31.280+0000] {dagbag.py:541} INFO - Filling up the DagBag from /home/airflow/.local/lib/python3.7/site-packages/airflow/example_dags/example_kubernetes_executor.py
[2023-07-21T10:12:31.722+0000] {processor.py:836} INFO - DAG(s) dict_keys(['example_kubernetes_executor']) retrieved from /home/airflow/.local/lib/python3.7/site-packages/airflow/example_dags/example_kubernetes_executor.py
[2023-07-21T10:12:31.781+0000] {logging_mixin.py:150} INFO - [2023-07-21T10:12:31.781+0000] {dag.py:2742} INFO - Sync 1 DAGs
[2023-07-21T10:12:31.824+0000] {logging_mixin.py:150} INFO - [2023-07-21T10:12:31.824+0000] {dag.py:3508} INFO - Setting next_dagrun for example_kubernetes_executor to None, run_after=None
[2023-07-21T10:12:31.849+0000] {processor.py:179} INFO - Processing /home/airflow/.local/lib/python3.7/site-packages/airflow/example_dags/example_kubernetes_executor.py took 0.575 seconds
[2023-07-21T10:13:02.607+0000] {processor.py:157} INFO - Started process (PID=1821) to work on /home/airflow/.local/lib/python3.7/site-packages/airflow/example_dags/example_kubernetes_executor.py
[2023-07-21T10:13:02.609+0000] {processor.py:826} INFO - Processing file /home/airflow/.local/lib/python3.7/site-packages/airflow/example_dags/example_kubernetes_executor.py for tasks to queue
[2023-07-21T10:13:02.610+0000] {logging_mixin.py:150} INFO - [2023-07-21T10:13:02.609+0000] {dagbag.py:541} INFO - Filling up the DagBag from /home/airflow/.local/lib/python3.7/site-packages/airflow/example_dags/example_kubernetes_executor.py
[2023-07-21T10:13:03.085+0000] {processor.py:836} INFO - DAG(s) dict_keys(['example_kubernetes_executor']) retrieved from /home/airflow/.local/lib/python3.7/site-packages/airflow/example_dags/example_kubernetes_executor.py
[2023-07-21T10:13:03.142+0000] {logging_mixin.py:150} INFO - [2023-07-21T10:13:03.142+0000] {dag.py:2742} INFO - Sync 1 DAGs
[2023-07-21T10:13:03.215+0000] {logging_mixin.py:150} INFO - [2023-07-21T10:13:03.214+0000] {dag.py:3508} INFO - Setting next_dagrun for example_kubernetes_executor to None, run_after=None
[2023-07-21T10:13:03.245+0000] {processor.py:179} INFO - Processing /home/airflow/.local/lib/python3.7/site-packages/airflow/example_dags/example_kubernetes_executor.py took 0.642 seconds
[2023-07-21T10:13:33.606+0000] {processor.py:157} INFO - Started process (PID=1882) to work on /home/airflow/.local/lib/python3.7/site-packages/airflow/example_dags/example_kubernetes_executor.py
[2023-07-21T10:13:33.608+0000] {processor.py:826} INFO - Processing file /home/airflow/.local/lib/python3.7/site-packages/airflow/example_dags/example_kubernetes_executor.py for tasks to queue
[2023-07-21T10:13:33.611+0000] {logging_mixin.py:150} INFO - [2023-07-21T10:13:33.611+0000] {dagbag.py:541} INFO - Filling up the DagBag from /home/airflow/.local/lib/python3.7/site-packages/airflow/example_dags/example_kubernetes_executor.py
[2023-07-21T10:13:34.166+0000] {processor.py:836} INFO - DAG(s) dict_keys(['example_kubernetes_executor']) retrieved from /home/airflow/.local/lib/python3.7/site-packages/airflow/example_dags/example_kubernetes_executor.py
[2023-07-21T10:13:34.327+0000] {logging_mixin.py:150} INFO - [2023-07-21T10:13:34.327+0000] {dag.py:2742} INFO - Sync 1 DAGs
[2023-07-21T10:13:34.401+0000] {logging_mixin.py:150} INFO - [2023-07-21T10:13:34.401+0000] {dag.py:3508} INFO - Setting next_dagrun for example_kubernetes_executor to None, run_after=None
[2023-07-21T10:13:34.432+0000] {processor.py:179} INFO - Processing /home/airflow/.local/lib/python3.7/site-packages/airflow/example_dags/example_kubernetes_executor.py took 0.831 seconds
[2023-07-21T10:14:05.049+0000] {processor.py:157} INFO - Started process (PID=1944) to work on /home/airflow/.local/lib/python3.7/site-packages/airflow/example_dags/example_kubernetes_executor.py
[2023-07-21T10:14:05.050+0000] {processor.py:826} INFO - Processing file /home/airflow/.local/lib/python3.7/site-packages/airflow/example_dags/example_kubernetes_executor.py for tasks to queue
[2023-07-21T10:14:05.051+0000] {logging_mixin.py:150} INFO - [2023-07-21T10:14:05.051+0000] {dagbag.py:541} INFO - Filling up the DagBag from /home/airflow/.local/lib/python3.7/site-packages/airflow/example_dags/example_kubernetes_executor.py
[2023-07-21T10:14:05.260+0000] {processor.py:836} INFO - DAG(s) dict_keys(['example_kubernetes_executor']) retrieved from /home/airflow/.local/lib/python3.7/site-packages/airflow/example_dags/example_kubernetes_executor.py
[2023-07-21T10:14:05.305+0000] {logging_mixin.py:150} INFO - [2023-07-21T10:14:05.305+0000] {dag.py:2742} INFO - Sync 1 DAGs
[2023-07-21T10:14:05.331+0000] {logging_mixin.py:150} INFO - [2023-07-21T10:14:05.331+0000] {dag.py:3508} INFO - Setting next_dagrun for example_kubernetes_executor to None, run_after=None
[2023-07-21T10:14:05.357+0000] {processor.py:179} INFO - Processing /home/airflow/.local/lib/python3.7/site-packages/airflow/example_dags/example_kubernetes_executor.py took 0.313 seconds
[2023-07-21T10:14:35.500+0000] {processor.py:157} INFO - Started process (PID=2006) to work on /home/airflow/.local/lib/python3.7/site-packages/airflow/example_dags/example_kubernetes_executor.py
[2023-07-21T10:14:35.502+0000] {processor.py:826} INFO - Processing file /home/airflow/.local/lib/python3.7/site-packages/airflow/example_dags/example_kubernetes_executor.py for tasks to queue
[2023-07-21T10:14:35.503+0000] {logging_mixin.py:150} INFO - [2023-07-21T10:14:35.503+0000] {dagbag.py:541} INFO - Filling up the DagBag from /home/airflow/.local/lib/python3.7/site-packages/airflow/example_dags/example_kubernetes_executor.py
[2023-07-21T10:14:35.771+0000] {processor.py:836} INFO - DAG(s) dict_keys(['example_kubernetes_executor']) retrieved from /home/airflow/.local/lib/python3.7/site-packages/airflow/example_dags/example_kubernetes_executor.py
[2023-07-21T10:14:35.828+0000] {logging_mixin.py:150} INFO - [2023-07-21T10:14:35.828+0000] {dag.py:2742} INFO - Sync 1 DAGs
[2023-07-21T10:14:35.871+0000] {logging_mixin.py:150} INFO - [2023-07-21T10:14:35.870+0000] {dag.py:3508} INFO - Setting next_dagrun for example_kubernetes_executor to None, run_after=None
[2023-07-21T10:14:35.908+0000] {processor.py:179} INFO - Processing /home/airflow/.local/lib/python3.7/site-packages/airflow/example_dags/example_kubernetes_executor.py took 0.412 seconds
