[2023-07-21T09:58:04.407+0000] {processor.py:157} INFO - Started process (PID=33) to work on /home/airflow/.local/lib/python3.7/site-packages/airflow/example_dags/example_short_circuit_operator.py
[2023-07-21T09:58:04.409+0000] {processor.py:826} INFO - Processing file /home/airflow/.local/lib/python3.7/site-packages/airflow/example_dags/example_short_circuit_operator.py for tasks to queue
[2023-07-21T09:58:04.410+0000] {logging_mixin.py:150} INFO - [2023-07-21T09:58:04.410+0000] {dagbag.py:541} INFO - Filling up the DagBag from /home/airflow/.local/lib/python3.7/site-packages/airflow/example_dags/example_short_circuit_operator.py
[2023-07-21T09:58:04.431+0000] {processor.py:836} INFO - DAG(s) dict_keys(['example_short_circuit_operator']) retrieved from /home/airflow/.local/lib/python3.7/site-packages/airflow/example_dags/example_short_circuit_operator.py
[2023-07-21T09:58:04.494+0000] {logging_mixin.py:150} INFO - [2023-07-21T09:58:04.493+0000] {dag.py:2742} INFO - Sync 1 DAGs
[2023-07-21T09:58:04.774+0000] {logging_mixin.py:150} INFO - [2023-07-21T09:58:04.774+0000] {dag.py:3508} INFO - Setting next_dagrun for example_short_circuit_operator to 2023-07-20T09:58:04.773971+00:00, run_after=2023-07-21T09:58:04.773971+00:00
[2023-07-21T09:58:04.822+0000] {processor.py:179} INFO - Processing /home/airflow/.local/lib/python3.7/site-packages/airflow/example_dags/example_short_circuit_operator.py took 0.422 seconds
[2023-07-21T09:58:35.479+0000] {processor.py:157} INFO - Started process (PID=94) to work on /home/airflow/.local/lib/python3.7/site-packages/airflow/example_dags/example_short_circuit_operator.py
[2023-07-21T09:58:35.481+0000] {processor.py:826} INFO - Processing file /home/airflow/.local/lib/python3.7/site-packages/airflow/example_dags/example_short_circuit_operator.py for tasks to queue
[2023-07-21T09:58:35.482+0000] {logging_mixin.py:150} INFO - [2023-07-21T09:58:35.482+0000] {dagbag.py:541} INFO - Filling up the DagBag from /home/airflow/.local/lib/python3.7/site-packages/airflow/example_dags/example_short_circuit_operator.py
[2023-07-21T09:58:35.494+0000] {processor.py:836} INFO - DAG(s) dict_keys(['example_short_circuit_operator']) retrieved from /home/airflow/.local/lib/python3.7/site-packages/airflow/example_dags/example_short_circuit_operator.py
[2023-07-21T09:58:35.534+0000] {logging_mixin.py:150} INFO - [2023-07-21T09:58:35.533+0000] {dag.py:2742} INFO - Sync 1 DAGs
[2023-07-21T09:58:35.567+0000] {logging_mixin.py:150} INFO - [2023-07-21T09:58:35.567+0000] {dag.py:3508} INFO - Setting next_dagrun for example_short_circuit_operator to 2023-07-20T09:58:35.566595+00:00, run_after=2023-07-21T09:58:35.566595+00:00
[2023-07-21T09:58:35.600+0000] {processor.py:179} INFO - Processing /home/airflow/.local/lib/python3.7/site-packages/airflow/example_dags/example_short_circuit_operator.py took 0.127 seconds
[2023-07-21T09:59:06.225+0000] {processor.py:157} INFO - Started process (PID=155) to work on /home/airflow/.local/lib/python3.7/site-packages/airflow/example_dags/example_short_circuit_operator.py
[2023-07-21T09:59:06.229+0000] {processor.py:826} INFO - Processing file /home/airflow/.local/lib/python3.7/site-packages/airflow/example_dags/example_short_circuit_operator.py for tasks to queue
[2023-07-21T09:59:06.231+0000] {logging_mixin.py:150} INFO - [2023-07-21T09:59:06.230+0000] {dagbag.py:541} INFO - Filling up the DagBag from /home/airflow/.local/lib/python3.7/site-packages/airflow/example_dags/example_short_circuit_operator.py
[2023-07-21T09:59:06.240+0000] {processor.py:836} INFO - DAG(s) dict_keys(['example_short_circuit_operator']) retrieved from /home/airflow/.local/lib/python3.7/site-packages/airflow/example_dags/example_short_circuit_operator.py
[2023-07-21T09:59:06.273+0000] {logging_mixin.py:150} INFO - [2023-07-21T09:59:06.273+0000] {dag.py:2742} INFO - Sync 1 DAGs
[2023-07-21T09:59:06.306+0000] {logging_mixin.py:150} INFO - [2023-07-21T09:59:06.306+0000] {dag.py:3508} INFO - Setting next_dagrun for example_short_circuit_operator to 2023-07-20T09:59:06.306397+00:00, run_after=2023-07-21T09:59:06.306397+00:00
[2023-07-21T09:59:06.333+0000] {processor.py:179} INFO - Processing /home/airflow/.local/lib/python3.7/site-packages/airflow/example_dags/example_short_circuit_operator.py took 0.112 seconds
[2023-07-21T09:59:36.576+0000] {processor.py:157} INFO - Started process (PID=216) to work on /home/airflow/.local/lib/python3.7/site-packages/airflow/example_dags/example_short_circuit_operator.py
[2023-07-21T09:59:36.578+0000] {processor.py:826} INFO - Processing file /home/airflow/.local/lib/python3.7/site-packages/airflow/example_dags/example_short_circuit_operator.py for tasks to queue
[2023-07-21T09:59:36.580+0000] {logging_mixin.py:150} INFO - [2023-07-21T09:59:36.579+0000] {dagbag.py:541} INFO - Filling up the DagBag from /home/airflow/.local/lib/python3.7/site-packages/airflow/example_dags/example_short_circuit_operator.py
[2023-07-21T09:59:36.619+0000] {processor.py:836} INFO - DAG(s) dict_keys(['example_short_circuit_operator']) retrieved from /home/airflow/.local/lib/python3.7/site-packages/airflow/example_dags/example_short_circuit_operator.py
[2023-07-21T09:59:36.761+0000] {logging_mixin.py:150} INFO - [2023-07-21T09:59:36.760+0000] {dag.py:2742} INFO - Sync 1 DAGs
[2023-07-21T09:59:36.849+0000] {logging_mixin.py:150} INFO - [2023-07-21T09:59:36.849+0000] {dag.py:3508} INFO - Setting next_dagrun for example_short_circuit_operator to 2023-07-20T09:59:36.846447+00:00, run_after=2023-07-21T09:59:36.846447+00:00
[2023-07-21T09:59:36.896+0000] {processor.py:179} INFO - Processing /home/airflow/.local/lib/python3.7/site-packages/airflow/example_dags/example_short_circuit_operator.py took 0.336 seconds
[2023-07-21T10:00:07.726+0000] {processor.py:157} INFO - Started process (PID=277) to work on /home/airflow/.local/lib/python3.7/site-packages/airflow/example_dags/example_short_circuit_operator.py
[2023-07-21T10:00:07.727+0000] {processor.py:826} INFO - Processing file /home/airflow/.local/lib/python3.7/site-packages/airflow/example_dags/example_short_circuit_operator.py for tasks to queue
[2023-07-21T10:00:07.729+0000] {logging_mixin.py:150} INFO - [2023-07-21T10:00:07.728+0000] {dagbag.py:541} INFO - Filling up the DagBag from /home/airflow/.local/lib/python3.7/site-packages/airflow/example_dags/example_short_circuit_operator.py
[2023-07-21T10:00:07.741+0000] {processor.py:836} INFO - DAG(s) dict_keys(['example_short_circuit_operator']) retrieved from /home/airflow/.local/lib/python3.7/site-packages/airflow/example_dags/example_short_circuit_operator.py
[2023-07-21T10:00:07.833+0000] {logging_mixin.py:150} INFO - [2023-07-21T10:00:07.833+0000] {dag.py:2742} INFO - Sync 1 DAGs
[2023-07-21T10:00:07.944+0000] {logging_mixin.py:150} INFO - [2023-07-21T10:00:07.944+0000] {dag.py:3508} INFO - Setting next_dagrun for example_short_circuit_operator to 2023-07-20T10:00:07.942965+00:00, run_after=2023-07-21T10:00:07.942965+00:00
[2023-07-21T10:00:07.990+0000] {processor.py:179} INFO - Processing /home/airflow/.local/lib/python3.7/site-packages/airflow/example_dags/example_short_circuit_operator.py took 0.269 seconds
[2023-07-21T10:00:38.307+0000] {processor.py:157} INFO - Started process (PID=338) to work on /home/airflow/.local/lib/python3.7/site-packages/airflow/example_dags/example_short_circuit_operator.py
[2023-07-21T10:00:38.309+0000] {processor.py:826} INFO - Processing file /home/airflow/.local/lib/python3.7/site-packages/airflow/example_dags/example_short_circuit_operator.py for tasks to queue
[2023-07-21T10:00:38.311+0000] {logging_mixin.py:150} INFO - [2023-07-21T10:00:38.311+0000] {dagbag.py:541} INFO - Filling up the DagBag from /home/airflow/.local/lib/python3.7/site-packages/airflow/example_dags/example_short_circuit_operator.py
[2023-07-21T10:00:38.326+0000] {processor.py:836} INFO - DAG(s) dict_keys(['example_short_circuit_operator']) retrieved from /home/airflow/.local/lib/python3.7/site-packages/airflow/example_dags/example_short_circuit_operator.py
[2023-07-21T10:00:38.366+0000] {logging_mixin.py:150} INFO - [2023-07-21T10:00:38.366+0000] {dag.py:2742} INFO - Sync 1 DAGs
[2023-07-21T10:00:38.405+0000] {logging_mixin.py:150} INFO - [2023-07-21T10:00:38.404+0000] {dag.py:3508} INFO - Setting next_dagrun for example_short_circuit_operator to 2023-07-20T10:00:38.404028+00:00, run_after=2023-07-21T10:00:38.404028+00:00
[2023-07-21T10:00:38.433+0000] {processor.py:179} INFO - Processing /home/airflow/.local/lib/python3.7/site-packages/airflow/example_dags/example_short_circuit_operator.py took 0.133 seconds
[2023-07-21T10:01:08.595+0000] {processor.py:157} INFO - Started process (PID=399) to work on /home/airflow/.local/lib/python3.7/site-packages/airflow/example_dags/example_short_circuit_operator.py
[2023-07-21T10:01:08.597+0000] {processor.py:826} INFO - Processing file /home/airflow/.local/lib/python3.7/site-packages/airflow/example_dags/example_short_circuit_operator.py for tasks to queue
[2023-07-21T10:01:08.598+0000] {logging_mixin.py:150} INFO - [2023-07-21T10:01:08.598+0000] {dagbag.py:541} INFO - Filling up the DagBag from /home/airflow/.local/lib/python3.7/site-packages/airflow/example_dags/example_short_circuit_operator.py
[2023-07-21T10:01:08.610+0000] {processor.py:836} INFO - DAG(s) dict_keys(['example_short_circuit_operator']) retrieved from /home/airflow/.local/lib/python3.7/site-packages/airflow/example_dags/example_short_circuit_operator.py
[2023-07-21T10:01:08.656+0000] {logging_mixin.py:150} INFO - [2023-07-21T10:01:08.656+0000] {dag.py:2742} INFO - Sync 1 DAGs
[2023-07-21T10:01:08.706+0000] {logging_mixin.py:150} INFO - [2023-07-21T10:01:08.706+0000] {dag.py:3508} INFO - Setting next_dagrun for example_short_circuit_operator to 2023-07-20T10:01:08.705829+00:00, run_after=2023-07-21T10:01:08.705829+00:00
[2023-07-21T10:01:08.745+0000] {processor.py:179} INFO - Processing /home/airflow/.local/lib/python3.7/site-packages/airflow/example_dags/example_short_circuit_operator.py took 0.154 seconds
[2023-07-21T10:01:38.853+0000] {processor.py:157} INFO - Started process (PID=459) to work on /home/airflow/.local/lib/python3.7/site-packages/airflow/example_dags/example_short_circuit_operator.py
[2023-07-21T10:01:38.855+0000] {processor.py:826} INFO - Processing file /home/airflow/.local/lib/python3.7/site-packages/airflow/example_dags/example_short_circuit_operator.py for tasks to queue
[2023-07-21T10:01:38.857+0000] {logging_mixin.py:150} INFO - [2023-07-21T10:01:38.856+0000] {dagbag.py:541} INFO - Filling up the DagBag from /home/airflow/.local/lib/python3.7/site-packages/airflow/example_dags/example_short_circuit_operator.py
[2023-07-21T10:01:38.870+0000] {processor.py:836} INFO - DAG(s) dict_keys(['example_short_circuit_operator']) retrieved from /home/airflow/.local/lib/python3.7/site-packages/airflow/example_dags/example_short_circuit_operator.py
[2023-07-21T10:01:38.909+0000] {logging_mixin.py:150} INFO - [2023-07-21T10:01:38.908+0000] {dag.py:2742} INFO - Sync 1 DAGs
[2023-07-21T10:01:38.946+0000] {logging_mixin.py:150} INFO - [2023-07-21T10:01:38.946+0000] {dag.py:3508} INFO - Setting next_dagrun for example_short_circuit_operator to 2023-07-20T10:01:38.946309+00:00, run_after=2023-07-21T10:01:38.946309+00:00
[2023-07-21T10:01:38.976+0000] {processor.py:179} INFO - Processing /home/airflow/.local/lib/python3.7/site-packages/airflow/example_dags/example_short_circuit_operator.py took 0.127 seconds
[2023-07-21T10:02:09.159+0000] {processor.py:157} INFO - Started process (PID=521) to work on /home/airflow/.local/lib/python3.7/site-packages/airflow/example_dags/example_short_circuit_operator.py
[2023-07-21T10:02:09.161+0000] {processor.py:826} INFO - Processing file /home/airflow/.local/lib/python3.7/site-packages/airflow/example_dags/example_short_circuit_operator.py for tasks to queue
[2023-07-21T10:02:09.162+0000] {logging_mixin.py:150} INFO - [2023-07-21T10:02:09.162+0000] {dagbag.py:541} INFO - Filling up the DagBag from /home/airflow/.local/lib/python3.7/site-packages/airflow/example_dags/example_short_circuit_operator.py
[2023-07-21T10:02:09.175+0000] {processor.py:836} INFO - DAG(s) dict_keys(['example_short_circuit_operator']) retrieved from /home/airflow/.local/lib/python3.7/site-packages/airflow/example_dags/example_short_circuit_operator.py
[2023-07-21T10:02:09.206+0000] {logging_mixin.py:150} INFO - [2023-07-21T10:02:09.205+0000] {dag.py:2742} INFO - Sync 1 DAGs
[2023-07-21T10:02:09.230+0000] {logging_mixin.py:150} INFO - [2023-07-21T10:02:09.230+0000] {dag.py:3508} INFO - Setting next_dagrun for example_short_circuit_operator to 2023-07-20T10:02:09.230248+00:00, run_after=2023-07-21T10:02:09.230248+00:00
[2023-07-21T10:02:09.254+0000] {processor.py:179} INFO - Processing /home/airflow/.local/lib/python3.7/site-packages/airflow/example_dags/example_short_circuit_operator.py took 0.101 seconds
[2023-07-21T10:02:39.305+0000] {processor.py:157} INFO - Started process (PID=582) to work on /home/airflow/.local/lib/python3.7/site-packages/airflow/example_dags/example_short_circuit_operator.py
[2023-07-21T10:02:39.306+0000] {processor.py:826} INFO - Processing file /home/airflow/.local/lib/python3.7/site-packages/airflow/example_dags/example_short_circuit_operator.py for tasks to queue
[2023-07-21T10:02:39.308+0000] {logging_mixin.py:150} INFO - [2023-07-21T10:02:39.307+0000] {dagbag.py:541} INFO - Filling up the DagBag from /home/airflow/.local/lib/python3.7/site-packages/airflow/example_dags/example_short_circuit_operator.py
[2023-07-21T10:02:39.317+0000] {processor.py:836} INFO - DAG(s) dict_keys(['example_short_circuit_operator']) retrieved from /home/airflow/.local/lib/python3.7/site-packages/airflow/example_dags/example_short_circuit_operator.py
[2023-07-21T10:02:39.357+0000] {logging_mixin.py:150} INFO - [2023-07-21T10:02:39.356+0000] {dag.py:2742} INFO - Sync 1 DAGs
[2023-07-21T10:02:39.387+0000] {logging_mixin.py:150} INFO - [2023-07-21T10:02:39.387+0000] {dag.py:3508} INFO - Setting next_dagrun for example_short_circuit_operator to 2023-07-20T10:02:39.387457+00:00, run_after=2023-07-21T10:02:39.387457+00:00
[2023-07-21T10:02:39.417+0000] {processor.py:179} INFO - Processing /home/airflow/.local/lib/python3.7/site-packages/airflow/example_dags/example_short_circuit_operator.py took 0.116 seconds
[2023-07-21T10:03:09.674+0000] {processor.py:157} INFO - Started process (PID=643) to work on /home/airflow/.local/lib/python3.7/site-packages/airflow/example_dags/example_short_circuit_operator.py
[2023-07-21T10:03:09.675+0000] {processor.py:826} INFO - Processing file /home/airflow/.local/lib/python3.7/site-packages/airflow/example_dags/example_short_circuit_operator.py for tasks to queue
[2023-07-21T10:03:09.677+0000] {logging_mixin.py:150} INFO - [2023-07-21T10:03:09.676+0000] {dagbag.py:541} INFO - Filling up the DagBag from /home/airflow/.local/lib/python3.7/site-packages/airflow/example_dags/example_short_circuit_operator.py
[2023-07-21T10:03:09.692+0000] {processor.py:836} INFO - DAG(s) dict_keys(['example_short_circuit_operator']) retrieved from /home/airflow/.local/lib/python3.7/site-packages/airflow/example_dags/example_short_circuit_operator.py
[2023-07-21T10:03:09.718+0000] {logging_mixin.py:150} INFO - [2023-07-21T10:03:09.718+0000] {dag.py:2742} INFO - Sync 1 DAGs
[2023-07-21T10:03:09.756+0000] {logging_mixin.py:150} INFO - [2023-07-21T10:03:09.756+0000] {dag.py:3508} INFO - Setting next_dagrun for example_short_circuit_operator to 2023-07-20T10:03:09.755765+00:00, run_after=2023-07-21T10:03:09.755765+00:00
[2023-07-21T10:03:09.786+0000] {processor.py:179} INFO - Processing /home/airflow/.local/lib/python3.7/site-packages/airflow/example_dags/example_short_circuit_operator.py took 0.117 seconds
[2023-07-21T10:03:39.956+0000] {processor.py:157} INFO - Started process (PID=704) to work on /home/airflow/.local/lib/python3.7/site-packages/airflow/example_dags/example_short_circuit_operator.py
[2023-07-21T10:03:39.957+0000] {processor.py:826} INFO - Processing file /home/airflow/.local/lib/python3.7/site-packages/airflow/example_dags/example_short_circuit_operator.py for tasks to queue
[2023-07-21T10:03:39.959+0000] {logging_mixin.py:150} INFO - [2023-07-21T10:03:39.958+0000] {dagbag.py:541} INFO - Filling up the DagBag from /home/airflow/.local/lib/python3.7/site-packages/airflow/example_dags/example_short_circuit_operator.py
[2023-07-21T10:03:39.971+0000] {processor.py:836} INFO - DAG(s) dict_keys(['example_short_circuit_operator']) retrieved from /home/airflow/.local/lib/python3.7/site-packages/airflow/example_dags/example_short_circuit_operator.py
[2023-07-21T10:03:40.004+0000] {logging_mixin.py:150} INFO - [2023-07-21T10:03:40.003+0000] {dag.py:2742} INFO - Sync 1 DAGs
[2023-07-21T10:03:40.030+0000] {logging_mixin.py:150} INFO - [2023-07-21T10:03:40.030+0000] {dag.py:3508} INFO - Setting next_dagrun for example_short_circuit_operator to 2023-07-20T10:03:40.030402+00:00, run_after=2023-07-21T10:03:40.030402+00:00
[2023-07-21T10:03:40.056+0000] {processor.py:179} INFO - Processing /home/airflow/.local/lib/python3.7/site-packages/airflow/example_dags/example_short_circuit_operator.py took 0.106 seconds
[2023-07-21T10:04:10.201+0000] {processor.py:157} INFO - Started process (PID=765) to work on /home/airflow/.local/lib/python3.7/site-packages/airflow/example_dags/example_short_circuit_operator.py
[2023-07-21T10:04:10.202+0000] {processor.py:826} INFO - Processing file /home/airflow/.local/lib/python3.7/site-packages/airflow/example_dags/example_short_circuit_operator.py for tasks to queue
[2023-07-21T10:04:10.204+0000] {logging_mixin.py:150} INFO - [2023-07-21T10:04:10.204+0000] {dagbag.py:541} INFO - Filling up the DagBag from /home/airflow/.local/lib/python3.7/site-packages/airflow/example_dags/example_short_circuit_operator.py
[2023-07-21T10:04:10.215+0000] {processor.py:836} INFO - DAG(s) dict_keys(['example_short_circuit_operator']) retrieved from /home/airflow/.local/lib/python3.7/site-packages/airflow/example_dags/example_short_circuit_operator.py
[2023-07-21T10:04:10.246+0000] {logging_mixin.py:150} INFO - [2023-07-21T10:04:10.246+0000] {dag.py:2742} INFO - Sync 1 DAGs
[2023-07-21T10:04:10.279+0000] {logging_mixin.py:150} INFO - [2023-07-21T10:04:10.279+0000] {dag.py:3508} INFO - Setting next_dagrun for example_short_circuit_operator to 2023-07-20T10:04:10.279109+00:00, run_after=2023-07-21T10:04:10.279109+00:00
[2023-07-21T10:04:10.309+0000] {processor.py:179} INFO - Processing /home/airflow/.local/lib/python3.7/site-packages/airflow/example_dags/example_short_circuit_operator.py took 0.111 seconds
[2023-07-21T10:04:40.451+0000] {processor.py:157} INFO - Started process (PID=826) to work on /home/airflow/.local/lib/python3.7/site-packages/airflow/example_dags/example_short_circuit_operator.py
[2023-07-21T10:04:40.452+0000] {processor.py:826} INFO - Processing file /home/airflow/.local/lib/python3.7/site-packages/airflow/example_dags/example_short_circuit_operator.py for tasks to queue
[2023-07-21T10:04:40.454+0000] {logging_mixin.py:150} INFO - [2023-07-21T10:04:40.453+0000] {dagbag.py:541} INFO - Filling up the DagBag from /home/airflow/.local/lib/python3.7/site-packages/airflow/example_dags/example_short_circuit_operator.py
[2023-07-21T10:04:40.468+0000] {processor.py:836} INFO - DAG(s) dict_keys(['example_short_circuit_operator']) retrieved from /home/airflow/.local/lib/python3.7/site-packages/airflow/example_dags/example_short_circuit_operator.py
[2023-07-21T10:04:40.509+0000] {logging_mixin.py:150} INFO - [2023-07-21T10:04:40.509+0000] {dag.py:2742} INFO - Sync 1 DAGs
[2023-07-21T10:04:40.533+0000] {logging_mixin.py:150} INFO - [2023-07-21T10:04:40.533+0000] {dag.py:3508} INFO - Setting next_dagrun for example_short_circuit_operator to 2023-07-20T10:04:40.533103+00:00, run_after=2023-07-21T10:04:40.533103+00:00
[2023-07-21T10:04:40.559+0000] {processor.py:179} INFO - Processing /home/airflow/.local/lib/python3.7/site-packages/airflow/example_dags/example_short_circuit_operator.py took 0.119 seconds
[2023-07-21T10:05:10.610+0000] {processor.py:157} INFO - Started process (PID=887) to work on /home/airflow/.local/lib/python3.7/site-packages/airflow/example_dags/example_short_circuit_operator.py
[2023-07-21T10:05:10.611+0000] {processor.py:826} INFO - Processing file /home/airflow/.local/lib/python3.7/site-packages/airflow/example_dags/example_short_circuit_operator.py for tasks to queue
[2023-07-21T10:05:10.612+0000] {logging_mixin.py:150} INFO - [2023-07-21T10:05:10.612+0000] {dagbag.py:541} INFO - Filling up the DagBag from /home/airflow/.local/lib/python3.7/site-packages/airflow/example_dags/example_short_circuit_operator.py
[2023-07-21T10:05:10.625+0000] {processor.py:836} INFO - DAG(s) dict_keys(['example_short_circuit_operator']) retrieved from /home/airflow/.local/lib/python3.7/site-packages/airflow/example_dags/example_short_circuit_operator.py
[2023-07-21T10:05:10.665+0000] {logging_mixin.py:150} INFO - [2023-07-21T10:05:10.665+0000] {dag.py:2742} INFO - Sync 1 DAGs
[2023-07-21T10:05:10.697+0000] {logging_mixin.py:150} INFO - [2023-07-21T10:05:10.697+0000] {dag.py:3508} INFO - Setting next_dagrun for example_short_circuit_operator to 2023-07-20T10:05:10.697011+00:00, run_after=2023-07-21T10:05:10.697011+00:00
[2023-07-21T10:05:10.725+0000] {processor.py:179} INFO - Processing /home/airflow/.local/lib/python3.7/site-packages/airflow/example_dags/example_short_circuit_operator.py took 0.121 seconds
[2023-07-21T10:05:40.914+0000] {processor.py:157} INFO - Started process (PID=948) to work on /home/airflow/.local/lib/python3.7/site-packages/airflow/example_dags/example_short_circuit_operator.py
[2023-07-21T10:05:40.916+0000] {processor.py:826} INFO - Processing file /home/airflow/.local/lib/python3.7/site-packages/airflow/example_dags/example_short_circuit_operator.py for tasks to queue
[2023-07-21T10:05:40.918+0000] {logging_mixin.py:150} INFO - [2023-07-21T10:05:40.917+0000] {dagbag.py:541} INFO - Filling up the DagBag from /home/airflow/.local/lib/python3.7/site-packages/airflow/example_dags/example_short_circuit_operator.py
[2023-07-21T10:05:40.933+0000] {processor.py:836} INFO - DAG(s) dict_keys(['example_short_circuit_operator']) retrieved from /home/airflow/.local/lib/python3.7/site-packages/airflow/example_dags/example_short_circuit_operator.py
[2023-07-21T10:05:40.980+0000] {logging_mixin.py:150} INFO - [2023-07-21T10:05:40.980+0000] {dag.py:2742} INFO - Sync 1 DAGs
[2023-07-21T10:05:41.013+0000] {logging_mixin.py:150} INFO - [2023-07-21T10:05:41.013+0000] {dag.py:3508} INFO - Setting next_dagrun for example_short_circuit_operator to 2023-07-20T10:05:41.012899+00:00, run_after=2023-07-21T10:05:41.012899+00:00
[2023-07-21T10:05:41.038+0000] {processor.py:179} INFO - Processing /home/airflow/.local/lib/python3.7/site-packages/airflow/example_dags/example_short_circuit_operator.py took 0.131 seconds
[2023-07-21T10:06:11.427+0000] {processor.py:157} INFO - Started process (PID=1009) to work on /home/airflow/.local/lib/python3.7/site-packages/airflow/example_dags/example_short_circuit_operator.py
[2023-07-21T10:06:11.429+0000] {processor.py:826} INFO - Processing file /home/airflow/.local/lib/python3.7/site-packages/airflow/example_dags/example_short_circuit_operator.py for tasks to queue
[2023-07-21T10:06:11.431+0000] {logging_mixin.py:150} INFO - [2023-07-21T10:06:11.430+0000] {dagbag.py:541} INFO - Filling up the DagBag from /home/airflow/.local/lib/python3.7/site-packages/airflow/example_dags/example_short_circuit_operator.py
[2023-07-21T10:06:11.444+0000] {processor.py:836} INFO - DAG(s) dict_keys(['example_short_circuit_operator']) retrieved from /home/airflow/.local/lib/python3.7/site-packages/airflow/example_dags/example_short_circuit_operator.py
[2023-07-21T10:06:11.487+0000] {logging_mixin.py:150} INFO - [2023-07-21T10:06:11.487+0000] {dag.py:2742} INFO - Sync 1 DAGs
[2023-07-21T10:06:11.521+0000] {logging_mixin.py:150} INFO - [2023-07-21T10:06:11.521+0000] {dag.py:3508} INFO - Setting next_dagrun for example_short_circuit_operator to 2023-07-20T10:06:11.520872+00:00, run_after=2023-07-21T10:06:11.520872+00:00
[2023-07-21T10:06:11.550+0000] {processor.py:179} INFO - Processing /home/airflow/.local/lib/python3.7/site-packages/airflow/example_dags/example_short_circuit_operator.py took 0.128 seconds
[2023-07-21T10:06:42.120+0000] {processor.py:157} INFO - Started process (PID=1070) to work on /home/airflow/.local/lib/python3.7/site-packages/airflow/example_dags/example_short_circuit_operator.py
[2023-07-21T10:06:42.122+0000] {processor.py:826} INFO - Processing file /home/airflow/.local/lib/python3.7/site-packages/airflow/example_dags/example_short_circuit_operator.py for tasks to queue
[2023-07-21T10:06:42.128+0000] {logging_mixin.py:150} INFO - [2023-07-21T10:06:42.127+0000] {dagbag.py:541} INFO - Filling up the DagBag from /home/airflow/.local/lib/python3.7/site-packages/airflow/example_dags/example_short_circuit_operator.py
[2023-07-21T10:06:42.141+0000] {processor.py:836} INFO - DAG(s) dict_keys(['example_short_circuit_operator']) retrieved from /home/airflow/.local/lib/python3.7/site-packages/airflow/example_dags/example_short_circuit_operator.py
[2023-07-21T10:06:42.180+0000] {logging_mixin.py:150} INFO - [2023-07-21T10:06:42.180+0000] {dag.py:2742} INFO - Sync 1 DAGs
[2023-07-21T10:06:42.215+0000] {logging_mixin.py:150} INFO - [2023-07-21T10:06:42.215+0000] {dag.py:3508} INFO - Setting next_dagrun for example_short_circuit_operator to 2023-07-20T10:06:42.215461+00:00, run_after=2023-07-21T10:06:42.215461+00:00
[2023-07-21T10:06:42.245+0000] {processor.py:179} INFO - Processing /home/airflow/.local/lib/python3.7/site-packages/airflow/example_dags/example_short_circuit_operator.py took 0.130 seconds
[2023-07-21T10:07:12.514+0000] {processor.py:157} INFO - Started process (PID=1131) to work on /home/airflow/.local/lib/python3.7/site-packages/airflow/example_dags/example_short_circuit_operator.py
[2023-07-21T10:07:12.516+0000] {processor.py:826} INFO - Processing file /home/airflow/.local/lib/python3.7/site-packages/airflow/example_dags/example_short_circuit_operator.py for tasks to queue
[2023-07-21T10:07:12.518+0000] {logging_mixin.py:150} INFO - [2023-07-21T10:07:12.517+0000] {dagbag.py:541} INFO - Filling up the DagBag from /home/airflow/.local/lib/python3.7/site-packages/airflow/example_dags/example_short_circuit_operator.py
[2023-07-21T10:07:12.533+0000] {processor.py:836} INFO - DAG(s) dict_keys(['example_short_circuit_operator']) retrieved from /home/airflow/.local/lib/python3.7/site-packages/airflow/example_dags/example_short_circuit_operator.py
[2023-07-21T10:07:12.580+0000] {logging_mixin.py:150} INFO - [2023-07-21T10:07:12.580+0000] {dag.py:2742} INFO - Sync 1 DAGs
[2023-07-21T10:07:12.621+0000] {logging_mixin.py:150} INFO - [2023-07-21T10:07:12.621+0000] {dag.py:3508} INFO - Setting next_dagrun for example_short_circuit_operator to 2023-07-20T10:07:12.620636+00:00, run_after=2023-07-21T10:07:12.620636+00:00
[2023-07-21T10:07:12.658+0000] {processor.py:179} INFO - Processing /home/airflow/.local/lib/python3.7/site-packages/airflow/example_dags/example_short_circuit_operator.py took 0.150 seconds
[2023-07-21T10:07:43.587+0000] {processor.py:157} INFO - Started process (PID=1192) to work on /home/airflow/.local/lib/python3.7/site-packages/airflow/example_dags/example_short_circuit_operator.py
[2023-07-21T10:07:43.597+0000] {processor.py:826} INFO - Processing file /home/airflow/.local/lib/python3.7/site-packages/airflow/example_dags/example_short_circuit_operator.py for tasks to queue
[2023-07-21T10:07:43.706+0000] {logging_mixin.py:150} INFO - [2023-07-21T10:07:43.705+0000] {dagbag.py:541} INFO - Filling up the DagBag from /home/airflow/.local/lib/python3.7/site-packages/airflow/example_dags/example_short_circuit_operator.py
[2023-07-21T10:07:43.743+0000] {processor.py:836} INFO - DAG(s) dict_keys(['example_short_circuit_operator']) retrieved from /home/airflow/.local/lib/python3.7/site-packages/airflow/example_dags/example_short_circuit_operator.py
[2023-07-21T10:07:43.836+0000] {logging_mixin.py:150} INFO - [2023-07-21T10:07:43.836+0000] {dag.py:2742} INFO - Sync 1 DAGs
[2023-07-21T10:07:43.925+0000] {logging_mixin.py:150} INFO - [2023-07-21T10:07:43.924+0000] {dag.py:3508} INFO - Setting next_dagrun for example_short_circuit_operator to 2023-07-20T10:07:43.924410+00:00, run_after=2023-07-21T10:07:43.924410+00:00
[2023-07-21T10:07:43.970+0000] {processor.py:179} INFO - Processing /home/airflow/.local/lib/python3.7/site-packages/airflow/example_dags/example_short_circuit_operator.py took 0.389 seconds
[2023-07-21T10:08:14.059+0000] {processor.py:157} INFO - Started process (PID=1253) to work on /home/airflow/.local/lib/python3.7/site-packages/airflow/example_dags/example_short_circuit_operator.py
[2023-07-21T10:08:14.060+0000] {processor.py:826} INFO - Processing file /home/airflow/.local/lib/python3.7/site-packages/airflow/example_dags/example_short_circuit_operator.py for tasks to queue
[2023-07-21T10:08:14.062+0000] {logging_mixin.py:150} INFO - [2023-07-21T10:08:14.061+0000] {dagbag.py:541} INFO - Filling up the DagBag from /home/airflow/.local/lib/python3.7/site-packages/airflow/example_dags/example_short_circuit_operator.py
[2023-07-21T10:08:14.072+0000] {processor.py:836} INFO - DAG(s) dict_keys(['example_short_circuit_operator']) retrieved from /home/airflow/.local/lib/python3.7/site-packages/airflow/example_dags/example_short_circuit_operator.py
[2023-07-21T10:08:14.108+0000] {logging_mixin.py:150} INFO - [2023-07-21T10:08:14.108+0000] {dag.py:2742} INFO - Sync 1 DAGs
[2023-07-21T10:08:14.136+0000] {logging_mixin.py:150} INFO - [2023-07-21T10:08:14.136+0000] {dag.py:3508} INFO - Setting next_dagrun for example_short_circuit_operator to 2023-07-20T10:08:14.136016+00:00, run_after=2023-07-21T10:08:14.136016+00:00
[2023-07-21T10:08:14.164+0000] {processor.py:179} INFO - Processing /home/airflow/.local/lib/python3.7/site-packages/airflow/example_dags/example_short_circuit_operator.py took 0.109 seconds
[2023-07-21T10:08:44.219+0000] {processor.py:157} INFO - Started process (PID=1315) to work on /home/airflow/.local/lib/python3.7/site-packages/airflow/example_dags/example_short_circuit_operator.py
[2023-07-21T10:08:44.221+0000] {processor.py:826} INFO - Processing file /home/airflow/.local/lib/python3.7/site-packages/airflow/example_dags/example_short_circuit_operator.py for tasks to queue
[2023-07-21T10:08:44.223+0000] {logging_mixin.py:150} INFO - [2023-07-21T10:08:44.223+0000] {dagbag.py:541} INFO - Filling up the DagBag from /home/airflow/.local/lib/python3.7/site-packages/airflow/example_dags/example_short_circuit_operator.py
[2023-07-21T10:08:44.243+0000] {processor.py:836} INFO - DAG(s) dict_keys(['example_short_circuit_operator']) retrieved from /home/airflow/.local/lib/python3.7/site-packages/airflow/example_dags/example_short_circuit_operator.py
[2023-07-21T10:08:44.284+0000] {logging_mixin.py:150} INFO - [2023-07-21T10:08:44.283+0000] {dag.py:2742} INFO - Sync 1 DAGs
[2023-07-21T10:08:44.317+0000] {logging_mixin.py:150} INFO - [2023-07-21T10:08:44.316+0000] {dag.py:3508} INFO - Setting next_dagrun for example_short_circuit_operator to 2023-07-20T10:08:44.316552+00:00, run_after=2023-07-21T10:08:44.316552+00:00
[2023-07-21T10:08:44.348+0000] {processor.py:179} INFO - Processing /home/airflow/.local/lib/python3.7/site-packages/airflow/example_dags/example_short_circuit_operator.py took 0.134 seconds
[2023-07-21T10:09:14.513+0000] {processor.py:157} INFO - Started process (PID=1376) to work on /home/airflow/.local/lib/python3.7/site-packages/airflow/example_dags/example_short_circuit_operator.py
[2023-07-21T10:09:14.516+0000] {processor.py:826} INFO - Processing file /home/airflow/.local/lib/python3.7/site-packages/airflow/example_dags/example_short_circuit_operator.py for tasks to queue
[2023-07-21T10:09:14.519+0000] {logging_mixin.py:150} INFO - [2023-07-21T10:09:14.519+0000] {dagbag.py:541} INFO - Filling up the DagBag from /home/airflow/.local/lib/python3.7/site-packages/airflow/example_dags/example_short_circuit_operator.py
[2023-07-21T10:09:14.546+0000] {processor.py:836} INFO - DAG(s) dict_keys(['example_short_circuit_operator']) retrieved from /home/airflow/.local/lib/python3.7/site-packages/airflow/example_dags/example_short_circuit_operator.py
[2023-07-21T10:09:14.618+0000] {logging_mixin.py:150} INFO - [2023-07-21T10:09:14.617+0000] {dag.py:2742} INFO - Sync 1 DAGs
[2023-07-21T10:09:14.672+0000] {logging_mixin.py:150} INFO - [2023-07-21T10:09:14.672+0000] {dag.py:3508} INFO - Setting next_dagrun for example_short_circuit_operator to 2023-07-20T10:09:14.672317+00:00, run_after=2023-07-21T10:09:14.672317+00:00
[2023-07-21T10:09:14.700+0000] {processor.py:179} INFO - Processing /home/airflow/.local/lib/python3.7/site-packages/airflow/example_dags/example_short_circuit_operator.py took 0.199 seconds
[2023-07-21T10:09:45.029+0000] {processor.py:157} INFO - Started process (PID=1437) to work on /home/airflow/.local/lib/python3.7/site-packages/airflow/example_dags/example_short_circuit_operator.py
[2023-07-21T10:09:45.032+0000] {processor.py:826} INFO - Processing file /home/airflow/.local/lib/python3.7/site-packages/airflow/example_dags/example_short_circuit_operator.py for tasks to queue
[2023-07-21T10:09:45.034+0000] {logging_mixin.py:150} INFO - [2023-07-21T10:09:45.034+0000] {dagbag.py:541} INFO - Filling up the DagBag from /home/airflow/.local/lib/python3.7/site-packages/airflow/example_dags/example_short_circuit_operator.py
[2023-07-21T10:09:45.053+0000] {processor.py:836} INFO - DAG(s) dict_keys(['example_short_circuit_operator']) retrieved from /home/airflow/.local/lib/python3.7/site-packages/airflow/example_dags/example_short_circuit_operator.py
[2023-07-21T10:09:45.117+0000] {logging_mixin.py:150} INFO - [2023-07-21T10:09:45.117+0000] {dag.py:2742} INFO - Sync 1 DAGs
[2023-07-21T10:09:45.147+0000] {logging_mixin.py:150} INFO - [2023-07-21T10:09:45.147+0000] {dag.py:3508} INFO - Setting next_dagrun for example_short_circuit_operator to 2023-07-20T10:09:45.147059+00:00, run_after=2023-07-21T10:09:45.147059+00:00
[2023-07-21T10:09:45.175+0000] {processor.py:179} INFO - Processing /home/airflow/.local/lib/python3.7/site-packages/airflow/example_dags/example_short_circuit_operator.py took 0.154 seconds
[2023-07-21T10:10:15.397+0000] {processor.py:157} INFO - Started process (PID=1498) to work on /home/airflow/.local/lib/python3.7/site-packages/airflow/example_dags/example_short_circuit_operator.py
[2023-07-21T10:10:15.400+0000] {processor.py:826} INFO - Processing file /home/airflow/.local/lib/python3.7/site-packages/airflow/example_dags/example_short_circuit_operator.py for tasks to queue
[2023-07-21T10:10:15.401+0000] {logging_mixin.py:150} INFO - [2023-07-21T10:10:15.401+0000] {dagbag.py:541} INFO - Filling up the DagBag from /home/airflow/.local/lib/python3.7/site-packages/airflow/example_dags/example_short_circuit_operator.py
[2023-07-21T10:10:15.415+0000] {processor.py:836} INFO - DAG(s) dict_keys(['example_short_circuit_operator']) retrieved from /home/airflow/.local/lib/python3.7/site-packages/airflow/example_dags/example_short_circuit_operator.py
[2023-07-21T10:10:15.444+0000] {logging_mixin.py:150} INFO - [2023-07-21T10:10:15.444+0000] {dag.py:2742} INFO - Sync 1 DAGs
[2023-07-21T10:10:15.474+0000] {logging_mixin.py:150} INFO - [2023-07-21T10:10:15.474+0000] {dag.py:3508} INFO - Setting next_dagrun for example_short_circuit_operator to 2023-07-20T10:10:15.474057+00:00, run_after=2023-07-21T10:10:15.474057+00:00
[2023-07-21T10:10:15.503+0000] {processor.py:179} INFO - Processing /home/airflow/.local/lib/python3.7/site-packages/airflow/example_dags/example_short_circuit_operator.py took 0.110 seconds
[2023-07-21T10:10:46.413+0000] {processor.py:157} INFO - Started process (PID=1559) to work on /home/airflow/.local/lib/python3.7/site-packages/airflow/example_dags/example_short_circuit_operator.py
[2023-07-21T10:10:46.420+0000] {processor.py:826} INFO - Processing file /home/airflow/.local/lib/python3.7/site-packages/airflow/example_dags/example_short_circuit_operator.py for tasks to queue
[2023-07-21T10:10:46.422+0000] {logging_mixin.py:150} INFO - [2023-07-21T10:10:46.422+0000] {dagbag.py:541} INFO - Filling up the DagBag from /home/airflow/.local/lib/python3.7/site-packages/airflow/example_dags/example_short_circuit_operator.py
[2023-07-21T10:10:46.433+0000] {processor.py:836} INFO - DAG(s) dict_keys(['example_short_circuit_operator']) retrieved from /home/airflow/.local/lib/python3.7/site-packages/airflow/example_dags/example_short_circuit_operator.py
[2023-07-21T10:10:46.469+0000] {logging_mixin.py:150} INFO - [2023-07-21T10:10:46.469+0000] {dag.py:2742} INFO - Sync 1 DAGs
[2023-07-21T10:10:46.502+0000] {logging_mixin.py:150} INFO - [2023-07-21T10:10:46.502+0000] {dag.py:3508} INFO - Setting next_dagrun for example_short_circuit_operator to 2023-07-20T10:10:46.501951+00:00, run_after=2023-07-21T10:10:46.501951+00:00
[2023-07-21T10:10:46.527+0000] {processor.py:179} INFO - Processing /home/airflow/.local/lib/python3.7/site-packages/airflow/example_dags/example_short_circuit_operator.py took 0.120 seconds
[2023-07-21T10:11:17.848+0000] {processor.py:157} INFO - Started process (PID=1620) to work on /home/airflow/.local/lib/python3.7/site-packages/airflow/example_dags/example_short_circuit_operator.py
[2023-07-21T10:11:17.849+0000] {processor.py:826} INFO - Processing file /home/airflow/.local/lib/python3.7/site-packages/airflow/example_dags/example_short_circuit_operator.py for tasks to queue
[2023-07-21T10:11:17.851+0000] {logging_mixin.py:150} INFO - [2023-07-21T10:11:17.850+0000] {dagbag.py:541} INFO - Filling up the DagBag from /home/airflow/.local/lib/python3.7/site-packages/airflow/example_dags/example_short_circuit_operator.py
[2023-07-21T10:11:17.903+0000] {processor.py:836} INFO - DAG(s) dict_keys(['example_short_circuit_operator']) retrieved from /home/airflow/.local/lib/python3.7/site-packages/airflow/example_dags/example_short_circuit_operator.py
[2023-07-21T10:11:17.938+0000] {logging_mixin.py:150} INFO - [2023-07-21T10:11:17.938+0000] {dag.py:2742} INFO - Sync 1 DAGs
[2023-07-21T10:11:18.042+0000] {logging_mixin.py:150} INFO - [2023-07-21T10:11:18.042+0000] {dag.py:3508} INFO - Setting next_dagrun for example_short_circuit_operator to 2023-07-20T10:11:18.041991+00:00, run_after=2023-07-21T10:11:18.041991+00:00
[2023-07-21T10:11:18.339+0000] {processor.py:179} INFO - Processing /home/airflow/.local/lib/python3.7/site-packages/airflow/example_dags/example_short_circuit_operator.py took 0.498 seconds
[2023-07-21T10:11:48.543+0000] {processor.py:157} INFO - Started process (PID=1672) to work on /home/airflow/.local/lib/python3.7/site-packages/airflow/example_dags/example_short_circuit_operator.py
[2023-07-21T10:11:48.545+0000] {processor.py:826} INFO - Processing file /home/airflow/.local/lib/python3.7/site-packages/airflow/example_dags/example_short_circuit_operator.py for tasks to queue
[2023-07-21T10:11:48.547+0000] {logging_mixin.py:150} INFO - [2023-07-21T10:11:48.546+0000] {dagbag.py:541} INFO - Filling up the DagBag from /home/airflow/.local/lib/python3.7/site-packages/airflow/example_dags/example_short_circuit_operator.py
[2023-07-21T10:11:48.562+0000] {processor.py:836} INFO - DAG(s) dict_keys(['example_short_circuit_operator']) retrieved from /home/airflow/.local/lib/python3.7/site-packages/airflow/example_dags/example_short_circuit_operator.py
[2023-07-21T10:11:48.609+0000] {logging_mixin.py:150} INFO - [2023-07-21T10:11:48.608+0000] {dag.py:2742} INFO - Sync 1 DAGs
[2023-07-21T10:11:48.651+0000] {logging_mixin.py:150} INFO - [2023-07-21T10:11:48.650+0000] {dag.py:3508} INFO - Setting next_dagrun for example_short_circuit_operator to 2023-07-20T10:11:48.650457+00:00, run_after=2023-07-21T10:11:48.650457+00:00
[2023-07-21T10:11:48.684+0000] {processor.py:179} INFO - Processing /home/airflow/.local/lib/python3.7/site-packages/airflow/example_dags/example_short_circuit_operator.py took 0.147 seconds
[2023-07-21T10:12:18.743+0000] {processor.py:157} INFO - Started process (PID=1733) to work on /home/airflow/.local/lib/python3.7/site-packages/airflow/example_dags/example_short_circuit_operator.py
[2023-07-21T10:12:18.746+0000] {processor.py:826} INFO - Processing file /home/airflow/.local/lib/python3.7/site-packages/airflow/example_dags/example_short_circuit_operator.py for tasks to queue
[2023-07-21T10:12:18.747+0000] {logging_mixin.py:150} INFO - [2023-07-21T10:12:18.746+0000] {dagbag.py:541} INFO - Filling up the DagBag from /home/airflow/.local/lib/python3.7/site-packages/airflow/example_dags/example_short_circuit_operator.py
[2023-07-21T10:12:18.758+0000] {processor.py:836} INFO - DAG(s) dict_keys(['example_short_circuit_operator']) retrieved from /home/airflow/.local/lib/python3.7/site-packages/airflow/example_dags/example_short_circuit_operator.py
[2023-07-21T10:12:18.795+0000] {logging_mixin.py:150} INFO - [2023-07-21T10:12:18.795+0000] {dag.py:2742} INFO - Sync 1 DAGs
[2023-07-21T10:12:18.822+0000] {logging_mixin.py:150} INFO - [2023-07-21T10:12:18.822+0000] {dag.py:3508} INFO - Setting next_dagrun for example_short_circuit_operator to 2023-07-20T10:12:18.821733+00:00, run_after=2023-07-21T10:12:18.821733+00:00
[2023-07-21T10:12:18.849+0000] {processor.py:179} INFO - Processing /home/airflow/.local/lib/python3.7/site-packages/airflow/example_dags/example_short_circuit_operator.py took 0.123 seconds
[2023-07-21T10:12:49.443+0000] {processor.py:157} INFO - Started process (PID=1794) to work on /home/airflow/.local/lib/python3.7/site-packages/airflow/example_dags/example_short_circuit_operator.py
[2023-07-21T10:12:49.446+0000] {processor.py:826} INFO - Processing file /home/airflow/.local/lib/python3.7/site-packages/airflow/example_dags/example_short_circuit_operator.py for tasks to queue
[2023-07-21T10:12:49.447+0000] {logging_mixin.py:150} INFO - [2023-07-21T10:12:49.447+0000] {dagbag.py:541} INFO - Filling up the DagBag from /home/airflow/.local/lib/python3.7/site-packages/airflow/example_dags/example_short_circuit_operator.py
[2023-07-21T10:12:49.462+0000] {processor.py:836} INFO - DAG(s) dict_keys(['example_short_circuit_operator']) retrieved from /home/airflow/.local/lib/python3.7/site-packages/airflow/example_dags/example_short_circuit_operator.py
[2023-07-21T10:12:49.522+0000] {logging_mixin.py:150} INFO - [2023-07-21T10:12:49.522+0000] {dag.py:2742} INFO - Sync 1 DAGs
[2023-07-21T10:12:49.553+0000] {logging_mixin.py:150} INFO - [2023-07-21T10:12:49.552+0000] {dag.py:3508} INFO - Setting next_dagrun for example_short_circuit_operator to 2023-07-20T10:12:49.552531+00:00, run_after=2023-07-21T10:12:49.552531+00:00
[2023-07-21T10:12:49.582+0000] {processor.py:179} INFO - Processing /home/airflow/.local/lib/python3.7/site-packages/airflow/example_dags/example_short_circuit_operator.py took 0.142 seconds
[2023-07-21T10:13:19.690+0000] {processor.py:157} INFO - Started process (PID=1855) to work on /home/airflow/.local/lib/python3.7/site-packages/airflow/example_dags/example_short_circuit_operator.py
[2023-07-21T10:13:19.692+0000] {processor.py:826} INFO - Processing file /home/airflow/.local/lib/python3.7/site-packages/airflow/example_dags/example_short_circuit_operator.py for tasks to queue
[2023-07-21T10:13:19.693+0000] {logging_mixin.py:150} INFO - [2023-07-21T10:13:19.693+0000] {dagbag.py:541} INFO - Filling up the DagBag from /home/airflow/.local/lib/python3.7/site-packages/airflow/example_dags/example_short_circuit_operator.py
[2023-07-21T10:13:19.705+0000] {processor.py:836} INFO - DAG(s) dict_keys(['example_short_circuit_operator']) retrieved from /home/airflow/.local/lib/python3.7/site-packages/airflow/example_dags/example_short_circuit_operator.py
[2023-07-21T10:13:19.746+0000] {logging_mixin.py:150} INFO - [2023-07-21T10:13:19.745+0000] {dag.py:2742} INFO - Sync 1 DAGs
[2023-07-21T10:13:19.775+0000] {logging_mixin.py:150} INFO - [2023-07-21T10:13:19.775+0000] {dag.py:3508} INFO - Setting next_dagrun for example_short_circuit_operator to 2023-07-20T10:13:19.775044+00:00, run_after=2023-07-21T10:13:19.775044+00:00
[2023-07-21T10:13:19.805+0000] {processor.py:179} INFO - Processing /home/airflow/.local/lib/python3.7/site-packages/airflow/example_dags/example_short_circuit_operator.py took 0.118 seconds
[2023-07-21T10:13:50.156+0000] {processor.py:157} INFO - Started process (PID=1916) to work on /home/airflow/.local/lib/python3.7/site-packages/airflow/example_dags/example_short_circuit_operator.py
[2023-07-21T10:13:50.158+0000] {processor.py:826} INFO - Processing file /home/airflow/.local/lib/python3.7/site-packages/airflow/example_dags/example_short_circuit_operator.py for tasks to queue
[2023-07-21T10:13:50.160+0000] {logging_mixin.py:150} INFO - [2023-07-21T10:13:50.160+0000] {dagbag.py:541} INFO - Filling up the DagBag from /home/airflow/.local/lib/python3.7/site-packages/airflow/example_dags/example_short_circuit_operator.py
[2023-07-21T10:13:50.171+0000] {processor.py:836} INFO - DAG(s) dict_keys(['example_short_circuit_operator']) retrieved from /home/airflow/.local/lib/python3.7/site-packages/airflow/example_dags/example_short_circuit_operator.py
[2023-07-21T10:13:50.218+0000] {logging_mixin.py:150} INFO - [2023-07-21T10:13:50.217+0000] {dag.py:2742} INFO - Sync 1 DAGs
[2023-07-21T10:13:50.260+0000] {logging_mixin.py:150} INFO - [2023-07-21T10:13:50.260+0000] {dag.py:3508} INFO - Setting next_dagrun for example_short_circuit_operator to 2023-07-20T10:13:50.259470+00:00, run_after=2023-07-21T10:13:50.259470+00:00
[2023-07-21T10:13:50.305+0000] {processor.py:179} INFO - Processing /home/airflow/.local/lib/python3.7/site-packages/airflow/example_dags/example_short_circuit_operator.py took 0.154 seconds
[2023-07-21T10:14:21.040+0000] {processor.py:157} INFO - Started process (PID=1977) to work on /home/airflow/.local/lib/python3.7/site-packages/airflow/example_dags/example_short_circuit_operator.py
[2023-07-21T10:14:21.043+0000] {processor.py:826} INFO - Processing file /home/airflow/.local/lib/python3.7/site-packages/airflow/example_dags/example_short_circuit_operator.py for tasks to queue
[2023-07-21T10:14:21.044+0000] {logging_mixin.py:150} INFO - [2023-07-21T10:14:21.044+0000] {dagbag.py:541} INFO - Filling up the DagBag from /home/airflow/.local/lib/python3.7/site-packages/airflow/example_dags/example_short_circuit_operator.py
[2023-07-21T10:14:21.059+0000] {processor.py:836} INFO - DAG(s) dict_keys(['example_short_circuit_operator']) retrieved from /home/airflow/.local/lib/python3.7/site-packages/airflow/example_dags/example_short_circuit_operator.py
[2023-07-21T10:14:21.127+0000] {logging_mixin.py:150} INFO - [2023-07-21T10:14:21.127+0000] {dag.py:2742} INFO - Sync 1 DAGs
[2023-07-21T10:14:21.174+0000] {logging_mixin.py:150} INFO - [2023-07-21T10:14:21.174+0000] {dag.py:3508} INFO - Setting next_dagrun for example_short_circuit_operator to 2023-07-20T10:14:21.173974+00:00, run_after=2023-07-21T10:14:21.173974+00:00
[2023-07-21T10:14:21.206+0000] {processor.py:179} INFO - Processing /home/airflow/.local/lib/python3.7/site-packages/airflow/example_dags/example_short_circuit_operator.py took 0.171 seconds
[2023-07-21T10:14:51.447+0000] {processor.py:157} INFO - Started process (PID=2038) to work on /home/airflow/.local/lib/python3.7/site-packages/airflow/example_dags/example_short_circuit_operator.py
[2023-07-21T10:14:51.449+0000] {processor.py:826} INFO - Processing file /home/airflow/.local/lib/python3.7/site-packages/airflow/example_dags/example_short_circuit_operator.py for tasks to queue
[2023-07-21T10:14:51.450+0000] {logging_mixin.py:150} INFO - [2023-07-21T10:14:51.450+0000] {dagbag.py:541} INFO - Filling up the DagBag from /home/airflow/.local/lib/python3.7/site-packages/airflow/example_dags/example_short_circuit_operator.py
[2023-07-21T10:14:51.460+0000] {processor.py:836} INFO - DAG(s) dict_keys(['example_short_circuit_operator']) retrieved from /home/airflow/.local/lib/python3.7/site-packages/airflow/example_dags/example_short_circuit_operator.py
[2023-07-21T10:14:51.495+0000] {logging_mixin.py:150} INFO - [2023-07-21T10:14:51.495+0000] {dag.py:2742} INFO - Sync 1 DAGs
[2023-07-21T10:14:51.526+0000] {logging_mixin.py:150} INFO - [2023-07-21T10:14:51.526+0000] {dag.py:3508} INFO - Setting next_dagrun for example_short_circuit_operator to 2023-07-20T10:14:51.525904+00:00, run_after=2023-07-21T10:14:51.525904+00:00
[2023-07-21T10:14:51.556+0000] {processor.py:179} INFO - Processing /home/airflow/.local/lib/python3.7/site-packages/airflow/example_dags/example_short_circuit_operator.py took 0.113 seconds
