[2023-07-21T09:58:14.077+0000] {processor.py:157} INFO - Started process (PID=68) to work on /home/airflow/.local/lib/python3.7/site-packages/airflow/example_dags/example_latest_only_with_trigger.py
[2023-07-21T09:58:14.084+0000] {processor.py:826} INFO - Processing file /home/airflow/.local/lib/python3.7/site-packages/airflow/example_dags/example_latest_only_with_trigger.py for tasks to queue
[2023-07-21T09:58:14.086+0000] {logging_mixin.py:150} INFO - [2023-07-21T09:58:14.086+0000] {dagbag.py:541} INFO - Filling up the DagBag from /home/airflow/.local/lib/python3.7/site-packages/airflow/example_dags/example_latest_only_with_trigger.py
[2023-07-21T09:58:14.103+0000] {processor.py:836} INFO - DAG(s) dict_keys(['latest_only_with_trigger']) retrieved from /home/airflow/.local/lib/python3.7/site-packages/airflow/example_dags/example_latest_only_with_trigger.py
[2023-07-21T09:58:14.265+0000] {logging_mixin.py:150} INFO - [2023-07-21T09:58:14.265+0000] {dag.py:2742} INFO - Sync 1 DAGs
[2023-07-21T09:58:14.306+0000] {logging_mixin.py:150} INFO - [2023-07-21T09:58:14.305+0000] {dag.py:3508} INFO - Setting next_dagrun for latest_only_with_trigger to 2023-07-21T05:58:14.305727+00:00, run_after=2023-07-21T09:58:14.305727+00:00
[2023-07-21T09:58:14.340+0000] {processor.py:179} INFO - Processing /home/airflow/.local/lib/python3.7/site-packages/airflow/example_dags/example_latest_only_with_trigger.py took 0.272 seconds
[2023-07-21T09:58:44.875+0000] {processor.py:157} INFO - Started process (PID=129) to work on /home/airflow/.local/lib/python3.7/site-packages/airflow/example_dags/example_latest_only_with_trigger.py
[2023-07-21T09:58:44.877+0000] {processor.py:826} INFO - Processing file /home/airflow/.local/lib/python3.7/site-packages/airflow/example_dags/example_latest_only_with_trigger.py for tasks to queue
[2023-07-21T09:58:44.880+0000] {logging_mixin.py:150} INFO - [2023-07-21T09:58:44.879+0000] {dagbag.py:541} INFO - Filling up the DagBag from /home/airflow/.local/lib/python3.7/site-packages/airflow/example_dags/example_latest_only_with_trigger.py
[2023-07-21T09:58:44.897+0000] {processor.py:836} INFO - DAG(s) dict_keys(['latest_only_with_trigger']) retrieved from /home/airflow/.local/lib/python3.7/site-packages/airflow/example_dags/example_latest_only_with_trigger.py
[2023-07-21T09:58:44.925+0000] {logging_mixin.py:150} INFO - [2023-07-21T09:58:44.925+0000] {dag.py:2742} INFO - Sync 1 DAGs
[2023-07-21T09:58:44.978+0000] {logging_mixin.py:150} INFO - [2023-07-21T09:58:44.978+0000] {dag.py:3508} INFO - Setting next_dagrun for latest_only_with_trigger to 2023-07-21T05:58:44.977857+00:00, run_after=2023-07-21T09:58:44.977857+00:00
[2023-07-21T09:58:45.022+0000] {processor.py:179} INFO - Processing /home/airflow/.local/lib/python3.7/site-packages/airflow/example_dags/example_latest_only_with_trigger.py took 0.157 seconds
[2023-07-21T09:59:16.787+0000] {processor.py:157} INFO - Started process (PID=190) to work on /home/airflow/.local/lib/python3.7/site-packages/airflow/example_dags/example_latest_only_with_trigger.py
[2023-07-21T09:59:16.791+0000] {processor.py:826} INFO - Processing file /home/airflow/.local/lib/python3.7/site-packages/airflow/example_dags/example_latest_only_with_trigger.py for tasks to queue
[2023-07-21T09:59:16.794+0000] {logging_mixin.py:150} INFO - [2023-07-21T09:59:16.794+0000] {dagbag.py:541} INFO - Filling up the DagBag from /home/airflow/.local/lib/python3.7/site-packages/airflow/example_dags/example_latest_only_with_trigger.py
[2023-07-21T09:59:16.817+0000] {processor.py:836} INFO - DAG(s) dict_keys(['latest_only_with_trigger']) retrieved from /home/airflow/.local/lib/python3.7/site-packages/airflow/example_dags/example_latest_only_with_trigger.py
[2023-07-21T09:59:16.893+0000] {logging_mixin.py:150} INFO - [2023-07-21T09:59:16.892+0000] {dag.py:2742} INFO - Sync 1 DAGs
[2023-07-21T09:59:16.973+0000] {logging_mixin.py:150} INFO - [2023-07-21T09:59:16.972+0000] {dag.py:3508} INFO - Setting next_dagrun for latest_only_with_trigger to 2023-07-21T05:59:16.972255+00:00, run_after=2023-07-21T09:59:16.972255+00:00
[2023-07-21T09:59:17.035+0000] {processor.py:179} INFO - Processing /home/airflow/.local/lib/python3.7/site-packages/airflow/example_dags/example_latest_only_with_trigger.py took 0.262 seconds
[2023-07-21T09:59:47.346+0000] {processor.py:157} INFO - Started process (PID=251) to work on /home/airflow/.local/lib/python3.7/site-packages/airflow/example_dags/example_latest_only_with_trigger.py
[2023-07-21T09:59:47.349+0000] {processor.py:826} INFO - Processing file /home/airflow/.local/lib/python3.7/site-packages/airflow/example_dags/example_latest_only_with_trigger.py for tasks to queue
[2023-07-21T09:59:47.350+0000] {logging_mixin.py:150} INFO - [2023-07-21T09:59:47.350+0000] {dagbag.py:541} INFO - Filling up the DagBag from /home/airflow/.local/lib/python3.7/site-packages/airflow/example_dags/example_latest_only_with_trigger.py
[2023-07-21T09:59:47.362+0000] {processor.py:836} INFO - DAG(s) dict_keys(['latest_only_with_trigger']) retrieved from /home/airflow/.local/lib/python3.7/site-packages/airflow/example_dags/example_latest_only_with_trigger.py
[2023-07-21T09:59:47.399+0000] {logging_mixin.py:150} INFO - [2023-07-21T09:59:47.398+0000] {dag.py:2742} INFO - Sync 1 DAGs
[2023-07-21T09:59:47.427+0000] {logging_mixin.py:150} INFO - [2023-07-21T09:59:47.427+0000] {dag.py:3508} INFO - Setting next_dagrun for latest_only_with_trigger to 2023-07-21T05:59:47.426920+00:00, run_after=2023-07-21T09:59:47.426920+00:00
[2023-07-21T09:59:47.451+0000] {processor.py:179} INFO - Processing /home/airflow/.local/lib/python3.7/site-packages/airflow/example_dags/example_latest_only_with_trigger.py took 0.110 seconds
[2023-07-21T10:00:17.854+0000] {processor.py:157} INFO - Started process (PID=312) to work on /home/airflow/.local/lib/python3.7/site-packages/airflow/example_dags/example_latest_only_with_trigger.py
[2023-07-21T10:00:17.856+0000] {processor.py:826} INFO - Processing file /home/airflow/.local/lib/python3.7/site-packages/airflow/example_dags/example_latest_only_with_trigger.py for tasks to queue
[2023-07-21T10:00:17.858+0000] {logging_mixin.py:150} INFO - [2023-07-21T10:00:17.857+0000] {dagbag.py:541} INFO - Filling up the DagBag from /home/airflow/.local/lib/python3.7/site-packages/airflow/example_dags/example_latest_only_with_trigger.py
[2023-07-21T10:00:17.866+0000] {processor.py:836} INFO - DAG(s) dict_keys(['latest_only_with_trigger']) retrieved from /home/airflow/.local/lib/python3.7/site-packages/airflow/example_dags/example_latest_only_with_trigger.py
[2023-07-21T10:00:17.894+0000] {logging_mixin.py:150} INFO - [2023-07-21T10:00:17.894+0000] {dag.py:2742} INFO - Sync 1 DAGs
[2023-07-21T10:00:17.923+0000] {logging_mixin.py:150} INFO - [2023-07-21T10:00:17.923+0000] {dag.py:3508} INFO - Setting next_dagrun for latest_only_with_trigger to 2023-07-21T06:00:17.922866+00:00, run_after=2023-07-21T10:00:17.922866+00:00
[2023-07-21T10:00:17.945+0000] {processor.py:179} INFO - Processing /home/airflow/.local/lib/python3.7/site-packages/airflow/example_dags/example_latest_only_with_trigger.py took 0.093 seconds
[2023-07-21T10:00:48.501+0000] {processor.py:157} INFO - Started process (PID=373) to work on /home/airflow/.local/lib/python3.7/site-packages/airflow/example_dags/example_latest_only_with_trigger.py
[2023-07-21T10:00:48.502+0000] {processor.py:826} INFO - Processing file /home/airflow/.local/lib/python3.7/site-packages/airflow/example_dags/example_latest_only_with_trigger.py for tasks to queue
[2023-07-21T10:00:48.504+0000] {logging_mixin.py:150} INFO - [2023-07-21T10:00:48.503+0000] {dagbag.py:541} INFO - Filling up the DagBag from /home/airflow/.local/lib/python3.7/site-packages/airflow/example_dags/example_latest_only_with_trigger.py
[2023-07-21T10:00:48.513+0000] {processor.py:836} INFO - DAG(s) dict_keys(['latest_only_with_trigger']) retrieved from /home/airflow/.local/lib/python3.7/site-packages/airflow/example_dags/example_latest_only_with_trigger.py
[2023-07-21T10:00:48.541+0000] {logging_mixin.py:150} INFO - [2023-07-21T10:00:48.541+0000] {dag.py:2742} INFO - Sync 1 DAGs
[2023-07-21T10:00:48.567+0000] {logging_mixin.py:150} INFO - [2023-07-21T10:00:48.567+0000] {dag.py:3508} INFO - Setting next_dagrun for latest_only_with_trigger to 2023-07-21T06:00:48.567243+00:00, run_after=2023-07-21T10:00:48.567243+00:00
[2023-07-21T10:00:48.591+0000] {processor.py:179} INFO - Processing /home/airflow/.local/lib/python3.7/site-packages/airflow/example_dags/example_latest_only_with_trigger.py took 0.094 seconds
[2023-07-21T10:01:19.099+0000] {processor.py:157} INFO - Started process (PID=434) to work on /home/airflow/.local/lib/python3.7/site-packages/airflow/example_dags/example_latest_only_with_trigger.py
[2023-07-21T10:01:19.101+0000] {processor.py:826} INFO - Processing file /home/airflow/.local/lib/python3.7/site-packages/airflow/example_dags/example_latest_only_with_trigger.py for tasks to queue
[2023-07-21T10:01:19.102+0000] {logging_mixin.py:150} INFO - [2023-07-21T10:01:19.102+0000] {dagbag.py:541} INFO - Filling up the DagBag from /home/airflow/.local/lib/python3.7/site-packages/airflow/example_dags/example_latest_only_with_trigger.py
[2023-07-21T10:01:19.109+0000] {processor.py:836} INFO - DAG(s) dict_keys(['latest_only_with_trigger']) retrieved from /home/airflow/.local/lib/python3.7/site-packages/airflow/example_dags/example_latest_only_with_trigger.py
[2023-07-21T10:01:19.144+0000] {logging_mixin.py:150} INFO - [2023-07-21T10:01:19.143+0000] {dag.py:2742} INFO - Sync 1 DAGs
[2023-07-21T10:01:19.176+0000] {logging_mixin.py:150} INFO - [2023-07-21T10:01:19.176+0000] {dag.py:3508} INFO - Setting next_dagrun for latest_only_with_trigger to 2023-07-21T06:01:19.175830+00:00, run_after=2023-07-21T10:01:19.175830+00:00
[2023-07-21T10:01:19.202+0000] {processor.py:179} INFO - Processing /home/airflow/.local/lib/python3.7/site-packages/airflow/example_dags/example_latest_only_with_trigger.py took 0.107 seconds
[2023-07-21T10:01:53.460+0000] {processor.py:157} INFO - Started process (PID=495) to work on /home/airflow/.local/lib/python3.7/site-packages/airflow/example_dags/example_latest_only_with_trigger.py
[2023-07-21T10:01:53.640+0000] {processor.py:826} INFO - Processing file /home/airflow/.local/lib/python3.7/site-packages/airflow/example_dags/example_latest_only_with_trigger.py for tasks to queue
[2023-07-21T10:01:53.657+0000] {logging_mixin.py:150} INFO - [2023-07-21T10:01:53.656+0000] {dagbag.py:541} INFO - Filling up the DagBag from /home/airflow/.local/lib/python3.7/site-packages/airflow/example_dags/example_latest_only_with_trigger.py
[2023-07-21T10:01:53.680+0000] {processor.py:836} INFO - DAG(s) dict_keys(['latest_only_with_trigger']) retrieved from /home/airflow/.local/lib/python3.7/site-packages/airflow/example_dags/example_latest_only_with_trigger.py
[2023-07-21T10:01:53.723+0000] {logging_mixin.py:150} INFO - [2023-07-21T10:01:53.723+0000] {dag.py:2742} INFO - Sync 1 DAGs
[2023-07-21T10:01:53.778+0000] {logging_mixin.py:150} INFO - [2023-07-21T10:01:53.777+0000] {dag.py:3508} INFO - Setting next_dagrun for latest_only_with_trigger to 2023-07-21T06:01:53.777284+00:00, run_after=2023-07-21T10:01:53.777284+00:00
[2023-07-21T10:01:53.813+0000] {processor.py:179} INFO - Processing /home/airflow/.local/lib/python3.7/site-packages/airflow/example_dags/example_latest_only_with_trigger.py took 0.365 seconds
[2023-07-21T10:02:24.008+0000] {processor.py:157} INFO - Started process (PID=557) to work on /home/airflow/.local/lib/python3.7/site-packages/airflow/example_dags/example_latest_only_with_trigger.py
[2023-07-21T10:02:24.010+0000] {processor.py:826} INFO - Processing file /home/airflow/.local/lib/python3.7/site-packages/airflow/example_dags/example_latest_only_with_trigger.py for tasks to queue
[2023-07-21T10:02:24.011+0000] {logging_mixin.py:150} INFO - [2023-07-21T10:02:24.011+0000] {dagbag.py:541} INFO - Filling up the DagBag from /home/airflow/.local/lib/python3.7/site-packages/airflow/example_dags/example_latest_only_with_trigger.py
[2023-07-21T10:02:24.018+0000] {processor.py:836} INFO - DAG(s) dict_keys(['latest_only_with_trigger']) retrieved from /home/airflow/.local/lib/python3.7/site-packages/airflow/example_dags/example_latest_only_with_trigger.py
[2023-07-21T10:02:24.045+0000] {logging_mixin.py:150} INFO - [2023-07-21T10:02:24.045+0000] {dag.py:2742} INFO - Sync 1 DAGs
[2023-07-21T10:02:24.072+0000] {logging_mixin.py:150} INFO - [2023-07-21T10:02:24.071+0000] {dag.py:3508} INFO - Setting next_dagrun for latest_only_with_trigger to 2023-07-21T06:02:24.071633+00:00, run_after=2023-07-21T10:02:24.071633+00:00
[2023-07-21T10:02:24.096+0000] {processor.py:179} INFO - Processing /home/airflow/.local/lib/python3.7/site-packages/airflow/example_dags/example_latest_only_with_trigger.py took 0.092 seconds
[2023-07-21T10:02:55.011+0000] {processor.py:157} INFO - Started process (PID=618) to work on /home/airflow/.local/lib/python3.7/site-packages/airflow/example_dags/example_latest_only_with_trigger.py
[2023-07-21T10:02:55.013+0000] {processor.py:826} INFO - Processing file /home/airflow/.local/lib/python3.7/site-packages/airflow/example_dags/example_latest_only_with_trigger.py for tasks to queue
[2023-07-21T10:02:55.014+0000] {logging_mixin.py:150} INFO - [2023-07-21T10:02:55.014+0000] {dagbag.py:541} INFO - Filling up the DagBag from /home/airflow/.local/lib/python3.7/site-packages/airflow/example_dags/example_latest_only_with_trigger.py
[2023-07-21T10:02:55.023+0000] {processor.py:836} INFO - DAG(s) dict_keys(['latest_only_with_trigger']) retrieved from /home/airflow/.local/lib/python3.7/site-packages/airflow/example_dags/example_latest_only_with_trigger.py
[2023-07-21T10:02:55.038+0000] {logging_mixin.py:150} INFO - [2023-07-21T10:02:55.037+0000] {dag.py:2742} INFO - Sync 1 DAGs
[2023-07-21T10:02:55.063+0000] {logging_mixin.py:150} INFO - [2023-07-21T10:02:55.063+0000] {dag.py:3508} INFO - Setting next_dagrun for latest_only_with_trigger to 2023-07-21T06:02:55.062967+00:00, run_after=2023-07-21T10:02:55.062967+00:00
[2023-07-21T10:02:55.087+0000] {processor.py:179} INFO - Processing /home/airflow/.local/lib/python3.7/site-packages/airflow/example_dags/example_latest_only_with_trigger.py took 0.080 seconds
[2023-07-21T10:03:25.647+0000] {processor.py:157} INFO - Started process (PID=686) to work on /home/airflow/.local/lib/python3.7/site-packages/airflow/example_dags/example_latest_only_with_trigger.py
[2023-07-21T10:03:25.648+0000] {processor.py:826} INFO - Processing file /home/airflow/.local/lib/python3.7/site-packages/airflow/example_dags/example_latest_only_with_trigger.py for tasks to queue
[2023-07-21T10:03:25.650+0000] {logging_mixin.py:150} INFO - [2023-07-21T10:03:25.649+0000] {dagbag.py:541} INFO - Filling up the DagBag from /home/airflow/.local/lib/python3.7/site-packages/airflow/example_dags/example_latest_only_with_trigger.py
[2023-07-21T10:03:25.660+0000] {processor.py:836} INFO - DAG(s) dict_keys(['latest_only_with_trigger']) retrieved from /home/airflow/.local/lib/python3.7/site-packages/airflow/example_dags/example_latest_only_with_trigger.py
[2023-07-21T10:03:25.694+0000] {logging_mixin.py:150} INFO - [2023-07-21T10:03:25.693+0000] {dag.py:2742} INFO - Sync 1 DAGs
[2023-07-21T10:03:25.719+0000] {logging_mixin.py:150} INFO - [2023-07-21T10:03:25.719+0000] {dag.py:3508} INFO - Setting next_dagrun for latest_only_with_trigger to 2023-07-21T06:03:25.718904+00:00, run_after=2023-07-21T10:03:25.718904+00:00
[2023-07-21T10:03:25.747+0000] {processor.py:179} INFO - Processing /home/airflow/.local/lib/python3.7/site-packages/airflow/example_dags/example_latest_only_with_trigger.py took 0.104 seconds
[2023-07-21T10:03:55.797+0000] {processor.py:157} INFO - Started process (PID=746) to work on /home/airflow/.local/lib/python3.7/site-packages/airflow/example_dags/example_latest_only_with_trigger.py
[2023-07-21T10:03:55.798+0000] {processor.py:826} INFO - Processing file /home/airflow/.local/lib/python3.7/site-packages/airflow/example_dags/example_latest_only_with_trigger.py for tasks to queue
[2023-07-21T10:03:55.799+0000] {logging_mixin.py:150} INFO - [2023-07-21T10:03:55.799+0000] {dagbag.py:541} INFO - Filling up the DagBag from /home/airflow/.local/lib/python3.7/site-packages/airflow/example_dags/example_latest_only_with_trigger.py
[2023-07-21T10:03:55.809+0000] {processor.py:836} INFO - DAG(s) dict_keys(['latest_only_with_trigger']) retrieved from /home/airflow/.local/lib/python3.7/site-packages/airflow/example_dags/example_latest_only_with_trigger.py
[2023-07-21T10:03:55.853+0000] {logging_mixin.py:150} INFO - [2023-07-21T10:03:55.853+0000] {dag.py:2742} INFO - Sync 1 DAGs
[2023-07-21T10:03:55.891+0000] {logging_mixin.py:150} INFO - [2023-07-21T10:03:55.891+0000] {dag.py:3508} INFO - Setting next_dagrun for latest_only_with_trigger to 2023-07-21T06:03:55.890914+00:00, run_after=2023-07-21T10:03:55.890914+00:00
[2023-07-21T10:03:55.917+0000] {processor.py:179} INFO - Processing /home/airflow/.local/lib/python3.7/site-packages/airflow/example_dags/example_latest_only_with_trigger.py took 0.124 seconds
[2023-07-21T10:04:26.700+0000] {processor.py:157} INFO - Started process (PID=808) to work on /home/airflow/.local/lib/python3.7/site-packages/airflow/example_dags/example_latest_only_with_trigger.py
[2023-07-21T10:04:26.701+0000] {processor.py:826} INFO - Processing file /home/airflow/.local/lib/python3.7/site-packages/airflow/example_dags/example_latest_only_with_trigger.py for tasks to queue
[2023-07-21T10:04:26.702+0000] {logging_mixin.py:150} INFO - [2023-07-21T10:04:26.702+0000] {dagbag.py:541} INFO - Filling up the DagBag from /home/airflow/.local/lib/python3.7/site-packages/airflow/example_dags/example_latest_only_with_trigger.py
[2023-07-21T10:04:26.711+0000] {processor.py:836} INFO - DAG(s) dict_keys(['latest_only_with_trigger']) retrieved from /home/airflow/.local/lib/python3.7/site-packages/airflow/example_dags/example_latest_only_with_trigger.py
[2023-07-21T10:04:26.738+0000] {logging_mixin.py:150} INFO - [2023-07-21T10:04:26.737+0000] {dag.py:2742} INFO - Sync 1 DAGs
[2023-07-21T10:04:26.766+0000] {logging_mixin.py:150} INFO - [2023-07-21T10:04:26.766+0000] {dag.py:3508} INFO - Setting next_dagrun for latest_only_with_trigger to 2023-07-21T06:04:26.765828+00:00, run_after=2023-07-21T10:04:26.765828+00:00
[2023-07-21T10:04:26.790+0000] {processor.py:179} INFO - Processing /home/airflow/.local/lib/python3.7/site-packages/airflow/example_dags/example_latest_only_with_trigger.py took 0.094 seconds
[2023-07-21T10:04:56.858+0000] {processor.py:157} INFO - Started process (PID=868) to work on /home/airflow/.local/lib/python3.7/site-packages/airflow/example_dags/example_latest_only_with_trigger.py
[2023-07-21T10:04:56.860+0000] {processor.py:826} INFO - Processing file /home/airflow/.local/lib/python3.7/site-packages/airflow/example_dags/example_latest_only_with_trigger.py for tasks to queue
[2023-07-21T10:04:56.861+0000] {logging_mixin.py:150} INFO - [2023-07-21T10:04:56.860+0000] {dagbag.py:541} INFO - Filling up the DagBag from /home/airflow/.local/lib/python3.7/site-packages/airflow/example_dags/example_latest_only_with_trigger.py
[2023-07-21T10:04:56.873+0000] {processor.py:836} INFO - DAG(s) dict_keys(['latest_only_with_trigger']) retrieved from /home/airflow/.local/lib/python3.7/site-packages/airflow/example_dags/example_latest_only_with_trigger.py
[2023-07-21T10:04:56.903+0000] {logging_mixin.py:150} INFO - [2023-07-21T10:04:56.903+0000] {dag.py:2742} INFO - Sync 1 DAGs
[2023-07-21T10:04:56.933+0000] {logging_mixin.py:150} INFO - [2023-07-21T10:04:56.932+0000] {dag.py:3508} INFO - Setting next_dagrun for latest_only_with_trigger to 2023-07-21T06:04:56.932478+00:00, run_after=2023-07-21T10:04:56.932478+00:00
[2023-07-21T10:04:56.967+0000] {processor.py:179} INFO - Processing /home/airflow/.local/lib/python3.7/site-packages/airflow/example_dags/example_latest_only_with_trigger.py took 0.113 seconds
[2023-07-21T10:05:27.644+0000] {processor.py:157} INFO - Started process (PID=930) to work on /home/airflow/.local/lib/python3.7/site-packages/airflow/example_dags/example_latest_only_with_trigger.py
[2023-07-21T10:05:27.646+0000] {processor.py:826} INFO - Processing file /home/airflow/.local/lib/python3.7/site-packages/airflow/example_dags/example_latest_only_with_trigger.py for tasks to queue
[2023-07-21T10:05:27.647+0000] {logging_mixin.py:150} INFO - [2023-07-21T10:05:27.647+0000] {dagbag.py:541} INFO - Filling up the DagBag from /home/airflow/.local/lib/python3.7/site-packages/airflow/example_dags/example_latest_only_with_trigger.py
[2023-07-21T10:05:27.654+0000] {processor.py:836} INFO - DAG(s) dict_keys(['latest_only_with_trigger']) retrieved from /home/airflow/.local/lib/python3.7/site-packages/airflow/example_dags/example_latest_only_with_trigger.py
[2023-07-21T10:05:27.679+0000] {logging_mixin.py:150} INFO - [2023-07-21T10:05:27.679+0000] {dag.py:2742} INFO - Sync 1 DAGs
[2023-07-21T10:05:27.710+0000] {logging_mixin.py:150} INFO - [2023-07-21T10:05:27.709+0000] {dag.py:3508} INFO - Setting next_dagrun for latest_only_with_trigger to 2023-07-21T06:05:27.709683+00:00, run_after=2023-07-21T10:05:27.709683+00:00
[2023-07-21T10:05:27.744+0000] {processor.py:179} INFO - Processing /home/airflow/.local/lib/python3.7/site-packages/airflow/example_dags/example_latest_only_with_trigger.py took 0.103 seconds
[2023-07-21T10:05:58.279+0000] {processor.py:157} INFO - Started process (PID=991) to work on /home/airflow/.local/lib/python3.7/site-packages/airflow/example_dags/example_latest_only_with_trigger.py
[2023-07-21T10:05:58.281+0000] {processor.py:826} INFO - Processing file /home/airflow/.local/lib/python3.7/site-packages/airflow/example_dags/example_latest_only_with_trigger.py for tasks to queue
[2023-07-21T10:05:58.283+0000] {logging_mixin.py:150} INFO - [2023-07-21T10:05:58.282+0000] {dagbag.py:541} INFO - Filling up the DagBag from /home/airflow/.local/lib/python3.7/site-packages/airflow/example_dags/example_latest_only_with_trigger.py
[2023-07-21T10:05:58.292+0000] {processor.py:836} INFO - DAG(s) dict_keys(['latest_only_with_trigger']) retrieved from /home/airflow/.local/lib/python3.7/site-packages/airflow/example_dags/example_latest_only_with_trigger.py
[2023-07-21T10:05:58.321+0000] {logging_mixin.py:150} INFO - [2023-07-21T10:05:58.321+0000] {dag.py:2742} INFO - Sync 1 DAGs
[2023-07-21T10:05:58.353+0000] {logging_mixin.py:150} INFO - [2023-07-21T10:05:58.352+0000] {dag.py:3508} INFO - Setting next_dagrun for latest_only_with_trigger to 2023-07-21T06:05:58.352407+00:00, run_after=2023-07-21T10:05:58.352407+00:00
[2023-07-21T10:05:58.381+0000] {processor.py:179} INFO - Processing /home/airflow/.local/lib/python3.7/site-packages/airflow/example_dags/example_latest_only_with_trigger.py took 0.107 seconds
[2023-07-21T10:06:28.512+0000] {processor.py:157} INFO - Started process (PID=1052) to work on /home/airflow/.local/lib/python3.7/site-packages/airflow/example_dags/example_latest_only_with_trigger.py
[2023-07-21T10:06:28.513+0000] {processor.py:826} INFO - Processing file /home/airflow/.local/lib/python3.7/site-packages/airflow/example_dags/example_latest_only_with_trigger.py for tasks to queue
[2023-07-21T10:06:28.516+0000] {logging_mixin.py:150} INFO - [2023-07-21T10:06:28.515+0000] {dagbag.py:541} INFO - Filling up the DagBag from /home/airflow/.local/lib/python3.7/site-packages/airflow/example_dags/example_latest_only_with_trigger.py
[2023-07-21T10:06:28.524+0000] {processor.py:836} INFO - DAG(s) dict_keys(['latest_only_with_trigger']) retrieved from /home/airflow/.local/lib/python3.7/site-packages/airflow/example_dags/example_latest_only_with_trigger.py
[2023-07-21T10:06:28.558+0000] {logging_mixin.py:150} INFO - [2023-07-21T10:06:28.558+0000] {dag.py:2742} INFO - Sync 1 DAGs
[2023-07-21T10:06:28.598+0000] {logging_mixin.py:150} INFO - [2023-07-21T10:06:28.598+0000] {dag.py:3508} INFO - Setting next_dagrun for latest_only_with_trigger to 2023-07-21T06:06:28.598252+00:00, run_after=2023-07-21T10:06:28.598252+00:00
[2023-07-21T10:06:28.629+0000] {processor.py:179} INFO - Processing /home/airflow/.local/lib/python3.7/site-packages/airflow/example_dags/example_latest_only_with_trigger.py took 0.122 seconds
[2023-07-21T10:06:58.680+0000] {processor.py:157} INFO - Started process (PID=1112) to work on /home/airflow/.local/lib/python3.7/site-packages/airflow/example_dags/example_latest_only_with_trigger.py
[2023-07-21T10:06:58.681+0000] {processor.py:826} INFO - Processing file /home/airflow/.local/lib/python3.7/site-packages/airflow/example_dags/example_latest_only_with_trigger.py for tasks to queue
[2023-07-21T10:06:58.683+0000] {logging_mixin.py:150} INFO - [2023-07-21T10:06:58.683+0000] {dagbag.py:541} INFO - Filling up the DagBag from /home/airflow/.local/lib/python3.7/site-packages/airflow/example_dags/example_latest_only_with_trigger.py
[2023-07-21T10:06:58.693+0000] {processor.py:836} INFO - DAG(s) dict_keys(['latest_only_with_trigger']) retrieved from /home/airflow/.local/lib/python3.7/site-packages/airflow/example_dags/example_latest_only_with_trigger.py
[2023-07-21T10:06:58.723+0000] {logging_mixin.py:150} INFO - [2023-07-21T10:06:58.723+0000] {dag.py:2742} INFO - Sync 1 DAGs
[2023-07-21T10:06:58.761+0000] {logging_mixin.py:150} INFO - [2023-07-21T10:06:58.761+0000] {dag.py:3508} INFO - Setting next_dagrun for latest_only_with_trigger to 2023-07-21T06:06:58.760741+00:00, run_after=2023-07-21T10:06:58.760741+00:00
[2023-07-21T10:06:58.787+0000] {processor.py:179} INFO - Processing /home/airflow/.local/lib/python3.7/site-packages/airflow/example_dags/example_latest_only_with_trigger.py took 0.112 seconds
[2023-07-21T10:07:28.887+0000] {processor.py:157} INFO - Started process (PID=1173) to work on /home/airflow/.local/lib/python3.7/site-packages/airflow/example_dags/example_latest_only_with_trigger.py
[2023-07-21T10:07:28.888+0000] {processor.py:826} INFO - Processing file /home/airflow/.local/lib/python3.7/site-packages/airflow/example_dags/example_latest_only_with_trigger.py for tasks to queue
[2023-07-21T10:07:28.889+0000] {logging_mixin.py:150} INFO - [2023-07-21T10:07:28.889+0000] {dagbag.py:541} INFO - Filling up the DagBag from /home/airflow/.local/lib/python3.7/site-packages/airflow/example_dags/example_latest_only_with_trigger.py
[2023-07-21T10:07:28.898+0000] {processor.py:836} INFO - DAG(s) dict_keys(['latest_only_with_trigger']) retrieved from /home/airflow/.local/lib/python3.7/site-packages/airflow/example_dags/example_latest_only_with_trigger.py
[2023-07-21T10:07:28.930+0000] {logging_mixin.py:150} INFO - [2023-07-21T10:07:28.929+0000] {dag.py:2742} INFO - Sync 1 DAGs
[2023-07-21T10:07:28.969+0000] {logging_mixin.py:150} INFO - [2023-07-21T10:07:28.968+0000] {dag.py:3508} INFO - Setting next_dagrun for latest_only_with_trigger to 2023-07-21T06:07:28.968105+00:00, run_after=2023-07-21T10:07:28.968105+00:00
[2023-07-21T10:07:29.005+0000] {processor.py:179} INFO - Processing /home/airflow/.local/lib/python3.7/site-packages/airflow/example_dags/example_latest_only_with_trigger.py took 0.123 seconds
[2023-07-21T10:07:59.433+0000] {processor.py:157} INFO - Started process (PID=1234) to work on /home/airflow/.local/lib/python3.7/site-packages/airflow/example_dags/example_latest_only_with_trigger.py
[2023-07-21T10:07:59.434+0000] {processor.py:826} INFO - Processing file /home/airflow/.local/lib/python3.7/site-packages/airflow/example_dags/example_latest_only_with_trigger.py for tasks to queue
[2023-07-21T10:07:59.436+0000] {logging_mixin.py:150} INFO - [2023-07-21T10:07:59.435+0000] {dagbag.py:541} INFO - Filling up the DagBag from /home/airflow/.local/lib/python3.7/site-packages/airflow/example_dags/example_latest_only_with_trigger.py
[2023-07-21T10:07:59.444+0000] {processor.py:836} INFO - DAG(s) dict_keys(['latest_only_with_trigger']) retrieved from /home/airflow/.local/lib/python3.7/site-packages/airflow/example_dags/example_latest_only_with_trigger.py
[2023-07-21T10:07:59.475+0000] {logging_mixin.py:150} INFO - [2023-07-21T10:07:59.475+0000] {dag.py:2742} INFO - Sync 1 DAGs
[2023-07-21T10:07:59.510+0000] {logging_mixin.py:150} INFO - [2023-07-21T10:07:59.510+0000] {dag.py:3508} INFO - Setting next_dagrun for latest_only_with_trigger to 2023-07-21T06:07:59.509662+00:00, run_after=2023-07-21T10:07:59.509662+00:00
[2023-07-21T10:07:59.537+0000] {processor.py:179} INFO - Processing /home/airflow/.local/lib/python3.7/site-packages/airflow/example_dags/example_latest_only_with_trigger.py took 0.108 seconds
[2023-07-21T10:08:30.988+0000] {processor.py:157} INFO - Started process (PID=1296) to work on /home/airflow/.local/lib/python3.7/site-packages/airflow/example_dags/example_latest_only_with_trigger.py
[2023-07-21T10:08:30.991+0000] {processor.py:826} INFO - Processing file /home/airflow/.local/lib/python3.7/site-packages/airflow/example_dags/example_latest_only_with_trigger.py for tasks to queue
[2023-07-21T10:08:30.994+0000] {logging_mixin.py:150} INFO - [2023-07-21T10:08:30.993+0000] {dagbag.py:541} INFO - Filling up the DagBag from /home/airflow/.local/lib/python3.7/site-packages/airflow/example_dags/example_latest_only_with_trigger.py
[2023-07-21T10:08:31.014+0000] {processor.py:836} INFO - DAG(s) dict_keys(['latest_only_with_trigger']) retrieved from /home/airflow/.local/lib/python3.7/site-packages/airflow/example_dags/example_latest_only_with_trigger.py
[2023-07-21T10:08:31.096+0000] {logging_mixin.py:150} INFO - [2023-07-21T10:08:31.096+0000] {dag.py:2742} INFO - Sync 1 DAGs
[2023-07-21T10:08:31.190+0000] {logging_mixin.py:150} INFO - [2023-07-21T10:08:31.189+0000] {dag.py:3508} INFO - Setting next_dagrun for latest_only_with_trigger to 2023-07-21T06:08:31.189135+00:00, run_after=2023-07-21T10:08:31.189135+00:00
[2023-07-21T10:08:31.271+0000] {processor.py:179} INFO - Processing /home/airflow/.local/lib/python3.7/site-packages/airflow/example_dags/example_latest_only_with_trigger.py took 0.293 seconds
[2023-07-21T10:09:01.488+0000] {processor.py:157} INFO - Started process (PID=1357) to work on /home/airflow/.local/lib/python3.7/site-packages/airflow/example_dags/example_latest_only_with_trigger.py
[2023-07-21T10:09:01.490+0000] {processor.py:826} INFO - Processing file /home/airflow/.local/lib/python3.7/site-packages/airflow/example_dags/example_latest_only_with_trigger.py for tasks to queue
[2023-07-21T10:09:01.491+0000] {logging_mixin.py:150} INFO - [2023-07-21T10:09:01.491+0000] {dagbag.py:541} INFO - Filling up the DagBag from /home/airflow/.local/lib/python3.7/site-packages/airflow/example_dags/example_latest_only_with_trigger.py
[2023-07-21T10:09:01.499+0000] {processor.py:836} INFO - DAG(s) dict_keys(['latest_only_with_trigger']) retrieved from /home/airflow/.local/lib/python3.7/site-packages/airflow/example_dags/example_latest_only_with_trigger.py
[2023-07-21T10:09:01.526+0000] {logging_mixin.py:150} INFO - [2023-07-21T10:09:01.526+0000] {dag.py:2742} INFO - Sync 1 DAGs
[2023-07-21T10:09:01.556+0000] {logging_mixin.py:150} INFO - [2023-07-21T10:09:01.556+0000] {dag.py:3508} INFO - Setting next_dagrun for latest_only_with_trigger to 2023-07-21T06:09:01.556472+00:00, run_after=2023-07-21T10:09:01.556472+00:00
[2023-07-21T10:09:01.579+0000] {processor.py:179} INFO - Processing /home/airflow/.local/lib/python3.7/site-packages/airflow/example_dags/example_latest_only_with_trigger.py took 0.094 seconds
[2023-07-21T10:09:31.761+0000] {processor.py:157} INFO - Started process (PID=1418) to work on /home/airflow/.local/lib/python3.7/site-packages/airflow/example_dags/example_latest_only_with_trigger.py
[2023-07-21T10:09:31.762+0000] {processor.py:826} INFO - Processing file /home/airflow/.local/lib/python3.7/site-packages/airflow/example_dags/example_latest_only_with_trigger.py for tasks to queue
[2023-07-21T10:09:31.763+0000] {logging_mixin.py:150} INFO - [2023-07-21T10:09:31.763+0000] {dagbag.py:541} INFO - Filling up the DagBag from /home/airflow/.local/lib/python3.7/site-packages/airflow/example_dags/example_latest_only_with_trigger.py
[2023-07-21T10:09:31.772+0000] {processor.py:836} INFO - DAG(s) dict_keys(['latest_only_with_trigger']) retrieved from /home/airflow/.local/lib/python3.7/site-packages/airflow/example_dags/example_latest_only_with_trigger.py
[2023-07-21T10:09:31.797+0000] {logging_mixin.py:150} INFO - [2023-07-21T10:09:31.797+0000] {dag.py:2742} INFO - Sync 1 DAGs
[2023-07-21T10:09:31.832+0000] {logging_mixin.py:150} INFO - [2023-07-21T10:09:31.832+0000] {dag.py:3508} INFO - Setting next_dagrun for latest_only_with_trigger to 2023-07-21T06:09:31.831683+00:00, run_after=2023-07-21T10:09:31.831683+00:00
[2023-07-21T10:09:31.867+0000] {processor.py:179} INFO - Processing /home/airflow/.local/lib/python3.7/site-packages/airflow/example_dags/example_latest_only_with_trigger.py took 0.111 seconds
[2023-07-21T10:10:02.156+0000] {processor.py:157} INFO - Started process (PID=1479) to work on /home/airflow/.local/lib/python3.7/site-packages/airflow/example_dags/example_latest_only_with_trigger.py
[2023-07-21T10:10:02.158+0000] {processor.py:826} INFO - Processing file /home/airflow/.local/lib/python3.7/site-packages/airflow/example_dags/example_latest_only_with_trigger.py for tasks to queue
[2023-07-21T10:10:02.159+0000] {logging_mixin.py:150} INFO - [2023-07-21T10:10:02.159+0000] {dagbag.py:541} INFO - Filling up the DagBag from /home/airflow/.local/lib/python3.7/site-packages/airflow/example_dags/example_latest_only_with_trigger.py
[2023-07-21T10:10:02.168+0000] {processor.py:836} INFO - DAG(s) dict_keys(['latest_only_with_trigger']) retrieved from /home/airflow/.local/lib/python3.7/site-packages/airflow/example_dags/example_latest_only_with_trigger.py
[2023-07-21T10:10:02.201+0000] {logging_mixin.py:150} INFO - [2023-07-21T10:10:02.201+0000] {dag.py:2742} INFO - Sync 1 DAGs
[2023-07-21T10:10:02.228+0000] {logging_mixin.py:150} INFO - [2023-07-21T10:10:02.228+0000] {dag.py:3508} INFO - Setting next_dagrun for latest_only_with_trigger to 2023-07-21T06:10:02.228140+00:00, run_after=2023-07-21T10:10:02.228140+00:00
[2023-07-21T10:10:02.268+0000] {processor.py:179} INFO - Processing /home/airflow/.local/lib/python3.7/site-packages/airflow/example_dags/example_latest_only_with_trigger.py took 0.116 seconds
[2023-07-21T10:10:32.444+0000] {processor.py:157} INFO - Started process (PID=1540) to work on /home/airflow/.local/lib/python3.7/site-packages/airflow/example_dags/example_latest_only_with_trigger.py
[2023-07-21T10:10:32.445+0000] {processor.py:826} INFO - Processing file /home/airflow/.local/lib/python3.7/site-packages/airflow/example_dags/example_latest_only_with_trigger.py for tasks to queue
[2023-07-21T10:10:32.446+0000] {logging_mixin.py:150} INFO - [2023-07-21T10:10:32.446+0000] {dagbag.py:541} INFO - Filling up the DagBag from /home/airflow/.local/lib/python3.7/site-packages/airflow/example_dags/example_latest_only_with_trigger.py
[2023-07-21T10:10:32.453+0000] {processor.py:836} INFO - DAG(s) dict_keys(['latest_only_with_trigger']) retrieved from /home/airflow/.local/lib/python3.7/site-packages/airflow/example_dags/example_latest_only_with_trigger.py
[2023-07-21T10:10:32.478+0000] {logging_mixin.py:150} INFO - [2023-07-21T10:10:32.478+0000] {dag.py:2742} INFO - Sync 1 DAGs
[2023-07-21T10:10:32.506+0000] {logging_mixin.py:150} INFO - [2023-07-21T10:10:32.505+0000] {dag.py:3508} INFO - Setting next_dagrun for latest_only_with_trigger to 2023-07-21T06:10:32.505750+00:00, run_after=2023-07-21T10:10:32.505750+00:00
[2023-07-21T10:10:32.529+0000] {processor.py:179} INFO - Processing /home/airflow/.local/lib/python3.7/site-packages/airflow/example_dags/example_latest_only_with_trigger.py took 0.088 seconds
[2023-07-21T10:11:03.535+0000] {processor.py:157} INFO - Started process (PID=1601) to work on /home/airflow/.local/lib/python3.7/site-packages/airflow/example_dags/example_latest_only_with_trigger.py
[2023-07-21T10:11:03.537+0000] {processor.py:826} INFO - Processing file /home/airflow/.local/lib/python3.7/site-packages/airflow/example_dags/example_latest_only_with_trigger.py for tasks to queue
[2023-07-21T10:11:03.538+0000] {logging_mixin.py:150} INFO - [2023-07-21T10:11:03.538+0000] {dagbag.py:541} INFO - Filling up the DagBag from /home/airflow/.local/lib/python3.7/site-packages/airflow/example_dags/example_latest_only_with_trigger.py
[2023-07-21T10:11:03.552+0000] {processor.py:836} INFO - DAG(s) dict_keys(['latest_only_with_trigger']) retrieved from /home/airflow/.local/lib/python3.7/site-packages/airflow/example_dags/example_latest_only_with_trigger.py
[2023-07-21T10:11:03.583+0000] {logging_mixin.py:150} INFO - [2023-07-21T10:11:03.582+0000] {dag.py:2742} INFO - Sync 1 DAGs
[2023-07-21T10:11:03.614+0000] {logging_mixin.py:150} INFO - [2023-07-21T10:11:03.614+0000] {dag.py:3508} INFO - Setting next_dagrun for latest_only_with_trigger to 2023-07-21T06:11:03.614170+00:00, run_after=2023-07-21T10:11:03.614170+00:00
[2023-07-21T10:11:03.642+0000] {processor.py:179} INFO - Processing /home/airflow/.local/lib/python3.7/site-packages/airflow/example_dags/example_latest_only_with_trigger.py took 0.111 seconds
[2023-07-21T10:11:34.294+0000] {processor.py:157} INFO - Started process (PID=1662) to work on /home/airflow/.local/lib/python3.7/site-packages/airflow/example_dags/example_latest_only_with_trigger.py
[2023-07-21T10:11:34.296+0000] {processor.py:826} INFO - Processing file /home/airflow/.local/lib/python3.7/site-packages/airflow/example_dags/example_latest_only_with_trigger.py for tasks to queue
[2023-07-21T10:11:34.297+0000] {logging_mixin.py:150} INFO - [2023-07-21T10:11:34.296+0000] {dagbag.py:541} INFO - Filling up the DagBag from /home/airflow/.local/lib/python3.7/site-packages/airflow/example_dags/example_latest_only_with_trigger.py
[2023-07-21T10:11:34.304+0000] {processor.py:836} INFO - DAG(s) dict_keys(['latest_only_with_trigger']) retrieved from /home/airflow/.local/lib/python3.7/site-packages/airflow/example_dags/example_latest_only_with_trigger.py
[2023-07-21T10:11:34.330+0000] {logging_mixin.py:150} INFO - [2023-07-21T10:11:34.330+0000] {dag.py:2742} INFO - Sync 1 DAGs
[2023-07-21T10:11:34.361+0000] {logging_mixin.py:150} INFO - [2023-07-21T10:11:34.361+0000] {dag.py:3508} INFO - Setting next_dagrun for latest_only_with_trigger to 2023-07-21T06:11:34.361063+00:00, run_after=2023-07-21T10:11:34.361063+00:00
[2023-07-21T10:11:34.395+0000] {processor.py:179} INFO - Processing /home/airflow/.local/lib/python3.7/site-packages/airflow/example_dags/example_latest_only_with_trigger.py took 0.104 seconds
[2023-07-21T10:12:04.848+0000] {processor.py:157} INFO - Started process (PID=1723) to work on /home/airflow/.local/lib/python3.7/site-packages/airflow/example_dags/example_latest_only_with_trigger.py
[2023-07-21T10:12:04.849+0000] {processor.py:826} INFO - Processing file /home/airflow/.local/lib/python3.7/site-packages/airflow/example_dags/example_latest_only_with_trigger.py for tasks to queue
[2023-07-21T10:12:04.851+0000] {logging_mixin.py:150} INFO - [2023-07-21T10:12:04.850+0000] {dagbag.py:541} INFO - Filling up the DagBag from /home/airflow/.local/lib/python3.7/site-packages/airflow/example_dags/example_latest_only_with_trigger.py
[2023-07-21T10:12:04.859+0000] {processor.py:836} INFO - DAG(s) dict_keys(['latest_only_with_trigger']) retrieved from /home/airflow/.local/lib/python3.7/site-packages/airflow/example_dags/example_latest_only_with_trigger.py
[2023-07-21T10:12:04.892+0000] {logging_mixin.py:150} INFO - [2023-07-21T10:12:04.892+0000] {dag.py:2742} INFO - Sync 1 DAGs
[2023-07-21T10:12:04.917+0000] {logging_mixin.py:150} INFO - [2023-07-21T10:12:04.917+0000] {dag.py:3508} INFO - Setting next_dagrun for latest_only_with_trigger to 2023-07-21T06:12:04.916893+00:00, run_after=2023-07-21T10:12:04.916893+00:00
[2023-07-21T10:12:04.939+0000] {processor.py:179} INFO - Processing /home/airflow/.local/lib/python3.7/site-packages/airflow/example_dags/example_latest_only_with_trigger.py took 0.095 seconds
[2023-07-21T10:12:35.762+0000] {processor.py:157} INFO - Started process (PID=1784) to work on /home/airflow/.local/lib/python3.7/site-packages/airflow/example_dags/example_latest_only_with_trigger.py
[2023-07-21T10:12:35.765+0000] {processor.py:826} INFO - Processing file /home/airflow/.local/lib/python3.7/site-packages/airflow/example_dags/example_latest_only_with_trigger.py for tasks to queue
[2023-07-21T10:12:35.769+0000] {logging_mixin.py:150} INFO - [2023-07-21T10:12:35.768+0000] {dagbag.py:541} INFO - Filling up the DagBag from /home/airflow/.local/lib/python3.7/site-packages/airflow/example_dags/example_latest_only_with_trigger.py
[2023-07-21T10:12:35.787+0000] {processor.py:836} INFO - DAG(s) dict_keys(['latest_only_with_trigger']) retrieved from /home/airflow/.local/lib/python3.7/site-packages/airflow/example_dags/example_latest_only_with_trigger.py
[2023-07-21T10:12:35.827+0000] {logging_mixin.py:150} INFO - [2023-07-21T10:12:35.827+0000] {dag.py:2742} INFO - Sync 1 DAGs
[2023-07-21T10:12:35.869+0000] {logging_mixin.py:150} INFO - [2023-07-21T10:12:35.869+0000] {dag.py:3508} INFO - Setting next_dagrun for latest_only_with_trigger to 2023-07-21T06:12:35.868504+00:00, run_after=2023-07-21T10:12:35.868504+00:00
[2023-07-21T10:12:35.898+0000] {processor.py:179} INFO - Processing /home/airflow/.local/lib/python3.7/site-packages/airflow/example_dags/example_latest_only_with_trigger.py took 0.142 seconds
[2023-07-21T10:13:06.098+0000] {processor.py:157} INFO - Started process (PID=1845) to work on /home/airflow/.local/lib/python3.7/site-packages/airflow/example_dags/example_latest_only_with_trigger.py
[2023-07-21T10:13:06.100+0000] {processor.py:826} INFO - Processing file /home/airflow/.local/lib/python3.7/site-packages/airflow/example_dags/example_latest_only_with_trigger.py for tasks to queue
[2023-07-21T10:13:06.101+0000] {logging_mixin.py:150} INFO - [2023-07-21T10:13:06.101+0000] {dagbag.py:541} INFO - Filling up the DagBag from /home/airflow/.local/lib/python3.7/site-packages/airflow/example_dags/example_latest_only_with_trigger.py
[2023-07-21T10:13:06.115+0000] {processor.py:836} INFO - DAG(s) dict_keys(['latest_only_with_trigger']) retrieved from /home/airflow/.local/lib/python3.7/site-packages/airflow/example_dags/example_latest_only_with_trigger.py
[2023-07-21T10:13:06.152+0000] {logging_mixin.py:150} INFO - [2023-07-21T10:13:06.151+0000] {dag.py:2742} INFO - Sync 1 DAGs
[2023-07-21T10:13:06.182+0000] {logging_mixin.py:150} INFO - [2023-07-21T10:13:06.181+0000] {dag.py:3508} INFO - Setting next_dagrun for latest_only_with_trigger to 2023-07-21T06:13:06.181437+00:00, run_after=2023-07-21T10:13:06.181437+00:00
[2023-07-21T10:13:06.210+0000] {processor.py:179} INFO - Processing /home/airflow/.local/lib/python3.7/site-packages/airflow/example_dags/example_latest_only_with_trigger.py took 0.117 seconds
[2023-07-21T10:13:36.482+0000] {processor.py:157} INFO - Started process (PID=1906) to work on /home/airflow/.local/lib/python3.7/site-packages/airflow/example_dags/example_latest_only_with_trigger.py
[2023-07-21T10:13:36.484+0000] {processor.py:826} INFO - Processing file /home/airflow/.local/lib/python3.7/site-packages/airflow/example_dags/example_latest_only_with_trigger.py for tasks to queue
[2023-07-21T10:13:36.487+0000] {logging_mixin.py:150} INFO - [2023-07-21T10:13:36.487+0000] {dagbag.py:541} INFO - Filling up the DagBag from /home/airflow/.local/lib/python3.7/site-packages/airflow/example_dags/example_latest_only_with_trigger.py
[2023-07-21T10:13:36.497+0000] {processor.py:836} INFO - DAG(s) dict_keys(['latest_only_with_trigger']) retrieved from /home/airflow/.local/lib/python3.7/site-packages/airflow/example_dags/example_latest_only_with_trigger.py
[2023-07-21T10:13:36.532+0000] {logging_mixin.py:150} INFO - [2023-07-21T10:13:36.532+0000] {dag.py:2742} INFO - Sync 1 DAGs
[2023-07-21T10:13:36.571+0000] {logging_mixin.py:150} INFO - [2023-07-21T10:13:36.571+0000] {dag.py:3508} INFO - Setting next_dagrun for latest_only_with_trigger to 2023-07-21T06:13:36.571116+00:00, run_after=2023-07-21T10:13:36.571116+00:00
[2023-07-21T10:13:36.607+0000] {processor.py:179} INFO - Processing /home/airflow/.local/lib/python3.7/site-packages/airflow/example_dags/example_latest_only_with_trigger.py took 0.129 seconds
[2023-07-21T10:14:07.295+0000] {processor.py:157} INFO - Started process (PID=1967) to work on /home/airflow/.local/lib/python3.7/site-packages/airflow/example_dags/example_latest_only_with_trigger.py
[2023-07-21T10:14:07.296+0000] {processor.py:826} INFO - Processing file /home/airflow/.local/lib/python3.7/site-packages/airflow/example_dags/example_latest_only_with_trigger.py for tasks to queue
[2023-07-21T10:14:07.298+0000] {logging_mixin.py:150} INFO - [2023-07-21T10:14:07.297+0000] {dagbag.py:541} INFO - Filling up the DagBag from /home/airflow/.local/lib/python3.7/site-packages/airflow/example_dags/example_latest_only_with_trigger.py
[2023-07-21T10:14:07.309+0000] {processor.py:836} INFO - DAG(s) dict_keys(['latest_only_with_trigger']) retrieved from /home/airflow/.local/lib/python3.7/site-packages/airflow/example_dags/example_latest_only_with_trigger.py
[2023-07-21T10:14:07.353+0000] {logging_mixin.py:150} INFO - [2023-07-21T10:14:07.353+0000] {dag.py:2742} INFO - Sync 1 DAGs
[2023-07-21T10:14:07.406+0000] {logging_mixin.py:150} INFO - [2023-07-21T10:14:07.406+0000] {dag.py:3508} INFO - Setting next_dagrun for latest_only_with_trigger to 2023-07-21T06:14:07.404715+00:00, run_after=2023-07-21T10:14:07.404715+00:00
[2023-07-21T10:14:07.447+0000] {processor.py:179} INFO - Processing /home/airflow/.local/lib/python3.7/site-packages/airflow/example_dags/example_latest_only_with_trigger.py took 0.157 seconds
[2023-07-21T10:14:38.344+0000] {processor.py:157} INFO - Started process (PID=2028) to work on /home/airflow/.local/lib/python3.7/site-packages/airflow/example_dags/example_latest_only_with_trigger.py
[2023-07-21T10:14:38.346+0000] {processor.py:826} INFO - Processing file /home/airflow/.local/lib/python3.7/site-packages/airflow/example_dags/example_latest_only_with_trigger.py for tasks to queue
[2023-07-21T10:14:38.349+0000] {logging_mixin.py:150} INFO - [2023-07-21T10:14:38.347+0000] {dagbag.py:541} INFO - Filling up the DagBag from /home/airflow/.local/lib/python3.7/site-packages/airflow/example_dags/example_latest_only_with_trigger.py
[2023-07-21T10:14:38.358+0000] {processor.py:836} INFO - DAG(s) dict_keys(['latest_only_with_trigger']) retrieved from /home/airflow/.local/lib/python3.7/site-packages/airflow/example_dags/example_latest_only_with_trigger.py
[2023-07-21T10:14:38.412+0000] {logging_mixin.py:150} INFO - [2023-07-21T10:14:38.412+0000] {dag.py:2742} INFO - Sync 1 DAGs
[2023-07-21T10:14:38.459+0000] {logging_mixin.py:150} INFO - [2023-07-21T10:14:38.458+0000] {dag.py:3508} INFO - Setting next_dagrun for latest_only_with_trigger to 2023-07-21T06:14:38.458224+00:00, run_after=2023-07-21T10:14:38.458224+00:00
[2023-07-21T10:14:38.505+0000] {processor.py:179} INFO - Processing /home/airflow/.local/lib/python3.7/site-packages/airflow/example_dags/example_latest_only_with_trigger.py took 0.166 seconds
