[2023-07-21T09:58:14.647+0000] {processor.py:157} INFO - Started process (PID=71) to work on /home/airflow/.local/lib/python3.7/site-packages/airflow/example_dags/example_external_task_marker_dag.py
[2023-07-21T09:58:14.649+0000] {processor.py:826} INFO - Processing file /home/airflow/.local/lib/python3.7/site-packages/airflow/example_dags/example_external_task_marker_dag.py for tasks to queue
[2023-07-21T09:58:14.650+0000] {logging_mixin.py:150} INFO - [2023-07-21T09:58:14.650+0000] {dagbag.py:541} INFO - Filling up the DagBag from /home/airflow/.local/lib/python3.7/site-packages/airflow/example_dags/example_external_task_marker_dag.py
[2023-07-21T09:58:14.866+0000] {processor.py:836} INFO - DAG(s) dict_keys(['example_external_task_marker_parent', 'example_external_task_marker_child']) retrieved from /home/airflow/.local/lib/python3.7/site-packages/airflow/example_dags/example_external_task_marker_dag.py
[2023-07-21T09:58:14.896+0000] {logging_mixin.py:150} INFO - [2023-07-21T09:58:14.896+0000] {dag.py:2742} INFO - Sync 2 DAGs
[2023-07-21T09:58:14.940+0000] {logging_mixin.py:150} INFO - [2023-07-21T09:58:14.939+0000] {dag.py:3508} INFO - Setting next_dagrun for example_external_task_marker_child to None, run_after=None
[2023-07-21T09:58:14.947+0000] {logging_mixin.py:150} INFO - [2023-07-21T09:58:14.946+0000] {dag.py:3508} INFO - Setting next_dagrun for example_external_task_marker_parent to None, run_after=None
[2023-07-21T09:58:14.975+0000] {processor.py:179} INFO - Processing /home/airflow/.local/lib/python3.7/site-packages/airflow/example_dags/example_external_task_marker_dag.py took 0.331 seconds
[2023-07-21T09:58:45.381+0000] {processor.py:157} INFO - Started process (PID=132) to work on /home/airflow/.local/lib/python3.7/site-packages/airflow/example_dags/example_external_task_marker_dag.py
[2023-07-21T09:58:45.390+0000] {processor.py:826} INFO - Processing file /home/airflow/.local/lib/python3.7/site-packages/airflow/example_dags/example_external_task_marker_dag.py for tasks to queue
[2023-07-21T09:58:45.393+0000] {logging_mixin.py:150} INFO - [2023-07-21T09:58:45.392+0000] {dagbag.py:541} INFO - Filling up the DagBag from /home/airflow/.local/lib/python3.7/site-packages/airflow/example_dags/example_external_task_marker_dag.py
[2023-07-21T09:58:45.433+0000] {processor.py:836} INFO - DAG(s) dict_keys(['example_external_task_marker_parent', 'example_external_task_marker_child']) retrieved from /home/airflow/.local/lib/python3.7/site-packages/airflow/example_dags/example_external_task_marker_dag.py
[2023-07-21T09:58:45.481+0000] {logging_mixin.py:150} INFO - [2023-07-21T09:58:45.480+0000] {dag.py:2742} INFO - Sync 2 DAGs
[2023-07-21T09:58:45.601+0000] {logging_mixin.py:150} INFO - [2023-07-21T09:58:45.601+0000] {dag.py:3508} INFO - Setting next_dagrun for example_external_task_marker_child to None, run_after=None
[2023-07-21T09:58:45.638+0000] {logging_mixin.py:150} INFO - [2023-07-21T09:58:45.638+0000] {dag.py:3508} INFO - Setting next_dagrun for example_external_task_marker_parent to None, run_after=None
[2023-07-21T09:58:45.717+0000] {processor.py:179} INFO - Processing /home/airflow/.local/lib/python3.7/site-packages/airflow/example_dags/example_external_task_marker_dag.py took 0.345 seconds
[2023-07-21T09:59:17.185+0000] {processor.py:157} INFO - Started process (PID=193) to work on /home/airflow/.local/lib/python3.7/site-packages/airflow/example_dags/example_external_task_marker_dag.py
[2023-07-21T09:59:17.188+0000] {processor.py:826} INFO - Processing file /home/airflow/.local/lib/python3.7/site-packages/airflow/example_dags/example_external_task_marker_dag.py for tasks to queue
[2023-07-21T09:59:17.191+0000] {logging_mixin.py:150} INFO - [2023-07-21T09:59:17.191+0000] {dagbag.py:541} INFO - Filling up the DagBag from /home/airflow/.local/lib/python3.7/site-packages/airflow/example_dags/example_external_task_marker_dag.py
[2023-07-21T09:59:17.210+0000] {processor.py:836} INFO - DAG(s) dict_keys(['example_external_task_marker_child', 'example_external_task_marker_parent']) retrieved from /home/airflow/.local/lib/python3.7/site-packages/airflow/example_dags/example_external_task_marker_dag.py
[2023-07-21T09:59:17.302+0000] {logging_mixin.py:150} INFO - [2023-07-21T09:59:17.301+0000] {dag.py:2742} INFO - Sync 2 DAGs
[2023-07-21T09:59:17.375+0000] {logging_mixin.py:150} INFO - [2023-07-21T09:59:17.375+0000] {dag.py:3508} INFO - Setting next_dagrun for example_external_task_marker_child to None, run_after=None
[2023-07-21T09:59:17.385+0000] {logging_mixin.py:150} INFO - [2023-07-21T09:59:17.384+0000] {dag.py:3508} INFO - Setting next_dagrun for example_external_task_marker_parent to None, run_after=None
[2023-07-21T09:59:17.437+0000] {processor.py:179} INFO - Processing /home/airflow/.local/lib/python3.7/site-packages/airflow/example_dags/example_external_task_marker_dag.py took 0.262 seconds
[2023-07-21T09:59:47.515+0000] {processor.py:157} INFO - Started process (PID=254) to work on /home/airflow/.local/lib/python3.7/site-packages/airflow/example_dags/example_external_task_marker_dag.py
[2023-07-21T09:59:47.516+0000] {processor.py:826} INFO - Processing file /home/airflow/.local/lib/python3.7/site-packages/airflow/example_dags/example_external_task_marker_dag.py for tasks to queue
[2023-07-21T09:59:47.518+0000] {logging_mixin.py:150} INFO - [2023-07-21T09:59:47.518+0000] {dagbag.py:541} INFO - Filling up the DagBag from /home/airflow/.local/lib/python3.7/site-packages/airflow/example_dags/example_external_task_marker_dag.py
[2023-07-21T09:59:47.527+0000] {processor.py:836} INFO - DAG(s) dict_keys(['example_external_task_marker_child', 'example_external_task_marker_parent']) retrieved from /home/airflow/.local/lib/python3.7/site-packages/airflow/example_dags/example_external_task_marker_dag.py
[2023-07-21T09:59:47.563+0000] {logging_mixin.py:150} INFO - [2023-07-21T09:59:47.563+0000] {dag.py:2742} INFO - Sync 2 DAGs
[2023-07-21T09:59:47.589+0000] {logging_mixin.py:150} INFO - [2023-07-21T09:59:47.589+0000] {dag.py:3508} INFO - Setting next_dagrun for example_external_task_marker_child to None, run_after=None
[2023-07-21T09:59:47.593+0000] {logging_mixin.py:150} INFO - [2023-07-21T09:59:47.593+0000] {dag.py:3508} INFO - Setting next_dagrun for example_external_task_marker_parent to None, run_after=None
[2023-07-21T09:59:47.614+0000] {processor.py:179} INFO - Processing /home/airflow/.local/lib/python3.7/site-packages/airflow/example_dags/example_external_task_marker_dag.py took 0.104 seconds
[2023-07-21T10:00:17.994+0000] {processor.py:157} INFO - Started process (PID=315) to work on /home/airflow/.local/lib/python3.7/site-packages/airflow/example_dags/example_external_task_marker_dag.py
[2023-07-21T10:00:17.996+0000] {processor.py:826} INFO - Processing file /home/airflow/.local/lib/python3.7/site-packages/airflow/example_dags/example_external_task_marker_dag.py for tasks to queue
[2023-07-21T10:00:17.997+0000] {logging_mixin.py:150} INFO - [2023-07-21T10:00:17.997+0000] {dagbag.py:541} INFO - Filling up the DagBag from /home/airflow/.local/lib/python3.7/site-packages/airflow/example_dags/example_external_task_marker_dag.py
[2023-07-21T10:00:18.003+0000] {processor.py:836} INFO - DAG(s) dict_keys(['example_external_task_marker_child', 'example_external_task_marker_parent']) retrieved from /home/airflow/.local/lib/python3.7/site-packages/airflow/example_dags/example_external_task_marker_dag.py
[2023-07-21T10:00:18.034+0000] {logging_mixin.py:150} INFO - [2023-07-21T10:00:18.034+0000] {dag.py:2742} INFO - Sync 2 DAGs
[2023-07-21T10:00:18.065+0000] {logging_mixin.py:150} INFO - [2023-07-21T10:00:18.064+0000] {dag.py:3508} INFO - Setting next_dagrun for example_external_task_marker_child to None, run_after=None
[2023-07-21T10:00:18.069+0000] {logging_mixin.py:150} INFO - [2023-07-21T10:00:18.068+0000] {dag.py:3508} INFO - Setting next_dagrun for example_external_task_marker_parent to None, run_after=None
[2023-07-21T10:00:18.090+0000] {processor.py:179} INFO - Processing /home/airflow/.local/lib/python3.7/site-packages/airflow/example_dags/example_external_task_marker_dag.py took 0.100 seconds
[2023-07-21T10:00:48.646+0000] {processor.py:157} INFO - Started process (PID=376) to work on /home/airflow/.local/lib/python3.7/site-packages/airflow/example_dags/example_external_task_marker_dag.py
[2023-07-21T10:00:48.648+0000] {processor.py:826} INFO - Processing file /home/airflow/.local/lib/python3.7/site-packages/airflow/example_dags/example_external_task_marker_dag.py for tasks to queue
[2023-07-21T10:00:48.649+0000] {logging_mixin.py:150} INFO - [2023-07-21T10:00:48.648+0000] {dagbag.py:541} INFO - Filling up the DagBag from /home/airflow/.local/lib/python3.7/site-packages/airflow/example_dags/example_external_task_marker_dag.py
[2023-07-21T10:00:48.655+0000] {processor.py:836} INFO - DAG(s) dict_keys(['example_external_task_marker_child', 'example_external_task_marker_parent']) retrieved from /home/airflow/.local/lib/python3.7/site-packages/airflow/example_dags/example_external_task_marker_dag.py
[2023-07-21T10:00:48.683+0000] {logging_mixin.py:150} INFO - [2023-07-21T10:00:48.683+0000] {dag.py:2742} INFO - Sync 2 DAGs
[2023-07-21T10:00:48.713+0000] {logging_mixin.py:150} INFO - [2023-07-21T10:00:48.712+0000] {dag.py:3508} INFO - Setting next_dagrun for example_external_task_marker_child to None, run_after=None
[2023-07-21T10:00:48.717+0000] {logging_mixin.py:150} INFO - [2023-07-21T10:00:48.717+0000] {dag.py:3508} INFO - Setting next_dagrun for example_external_task_marker_parent to None, run_after=None
[2023-07-21T10:00:48.744+0000] {processor.py:179} INFO - Processing /home/airflow/.local/lib/python3.7/site-packages/airflow/example_dags/example_external_task_marker_dag.py took 0.102 seconds
[2023-07-21T10:01:19.278+0000] {processor.py:157} INFO - Started process (PID=437) to work on /home/airflow/.local/lib/python3.7/site-packages/airflow/example_dags/example_external_task_marker_dag.py
[2023-07-21T10:01:19.280+0000] {processor.py:826} INFO - Processing file /home/airflow/.local/lib/python3.7/site-packages/airflow/example_dags/example_external_task_marker_dag.py for tasks to queue
[2023-07-21T10:01:19.282+0000] {logging_mixin.py:150} INFO - [2023-07-21T10:01:19.281+0000] {dagbag.py:541} INFO - Filling up the DagBag from /home/airflow/.local/lib/python3.7/site-packages/airflow/example_dags/example_external_task_marker_dag.py
[2023-07-21T10:01:19.290+0000] {processor.py:836} INFO - DAG(s) dict_keys(['example_external_task_marker_parent', 'example_external_task_marker_child']) retrieved from /home/airflow/.local/lib/python3.7/site-packages/airflow/example_dags/example_external_task_marker_dag.py
[2023-07-21T10:01:19.334+0000] {logging_mixin.py:150} INFO - [2023-07-21T10:01:19.334+0000] {dag.py:2742} INFO - Sync 2 DAGs
[2023-07-21T10:01:19.362+0000] {logging_mixin.py:150} INFO - [2023-07-21T10:01:19.362+0000] {dag.py:3508} INFO - Setting next_dagrun for example_external_task_marker_child to None, run_after=None
[2023-07-21T10:01:19.366+0000] {logging_mixin.py:150} INFO - [2023-07-21T10:01:19.366+0000] {dag.py:3508} INFO - Setting next_dagrun for example_external_task_marker_parent to None, run_after=None
[2023-07-21T10:01:19.391+0000] {processor.py:179} INFO - Processing /home/airflow/.local/lib/python3.7/site-packages/airflow/example_dags/example_external_task_marker_dag.py took 0.116 seconds
[2023-07-21T10:01:54.611+0000] {processor.py:157} INFO - Started process (PID=498) to work on /home/airflow/.local/lib/python3.7/site-packages/airflow/example_dags/example_external_task_marker_dag.py
[2023-07-21T10:01:54.624+0000] {processor.py:826} INFO - Processing file /home/airflow/.local/lib/python3.7/site-packages/airflow/example_dags/example_external_task_marker_dag.py for tasks to queue
[2023-07-21T10:01:54.641+0000] {logging_mixin.py:150} INFO - [2023-07-21T10:01:54.640+0000] {dagbag.py:541} INFO - Filling up the DagBag from /home/airflow/.local/lib/python3.7/site-packages/airflow/example_dags/example_external_task_marker_dag.py
[2023-07-21T10:01:54.665+0000] {processor.py:836} INFO - DAG(s) dict_keys(['example_external_task_marker_child', 'example_external_task_marker_parent']) retrieved from /home/airflow/.local/lib/python3.7/site-packages/airflow/example_dags/example_external_task_marker_dag.py
[2023-07-21T10:01:54.804+0000] {logging_mixin.py:150} INFO - [2023-07-21T10:01:54.803+0000] {dag.py:2742} INFO - Sync 2 DAGs
[2023-07-21T10:01:54.960+0000] {logging_mixin.py:150} INFO - [2023-07-21T10:01:54.960+0000] {dag.py:3508} INFO - Setting next_dagrun for example_external_task_marker_child to None, run_after=None
[2023-07-21T10:01:54.977+0000] {logging_mixin.py:150} INFO - [2023-07-21T10:01:54.977+0000] {dag.py:3508} INFO - Setting next_dagrun for example_external_task_marker_parent to None, run_after=None
[2023-07-21T10:01:55.051+0000] {processor.py:179} INFO - Processing /home/airflow/.local/lib/python3.7/site-packages/airflow/example_dags/example_external_task_marker_dag.py took 0.446 seconds
[2023-07-21T10:02:25.339+0000] {processor.py:157} INFO - Started process (PID=567) to work on /home/airflow/.local/lib/python3.7/site-packages/airflow/example_dags/example_external_task_marker_dag.py
[2023-07-21T10:02:25.340+0000] {processor.py:826} INFO - Processing file /home/airflow/.local/lib/python3.7/site-packages/airflow/example_dags/example_external_task_marker_dag.py for tasks to queue
[2023-07-21T10:02:25.341+0000] {logging_mixin.py:150} INFO - [2023-07-21T10:02:25.341+0000] {dagbag.py:541} INFO - Filling up the DagBag from /home/airflow/.local/lib/python3.7/site-packages/airflow/example_dags/example_external_task_marker_dag.py
[2023-07-21T10:02:25.350+0000] {processor.py:836} INFO - DAG(s) dict_keys(['example_external_task_marker_parent', 'example_external_task_marker_child']) retrieved from /home/airflow/.local/lib/python3.7/site-packages/airflow/example_dags/example_external_task_marker_dag.py
[2023-07-21T10:02:25.387+0000] {logging_mixin.py:150} INFO - [2023-07-21T10:02:25.386+0000] {dag.py:2742} INFO - Sync 2 DAGs
[2023-07-21T10:02:25.420+0000] {logging_mixin.py:150} INFO - [2023-07-21T10:02:25.420+0000] {dag.py:3508} INFO - Setting next_dagrun for example_external_task_marker_child to None, run_after=None
[2023-07-21T10:02:25.427+0000] {logging_mixin.py:150} INFO - [2023-07-21T10:02:25.426+0000] {dag.py:3508} INFO - Setting next_dagrun for example_external_task_marker_parent to None, run_after=None
[2023-07-21T10:02:25.452+0000] {processor.py:179} INFO - Processing /home/airflow/.local/lib/python3.7/site-packages/airflow/example_dags/example_external_task_marker_dag.py took 0.117 seconds
[2023-07-21T10:02:56.300+0000] {processor.py:157} INFO - Started process (PID=628) to work on /home/airflow/.local/lib/python3.7/site-packages/airflow/example_dags/example_external_task_marker_dag.py
[2023-07-21T10:02:56.302+0000] {processor.py:826} INFO - Processing file /home/airflow/.local/lib/python3.7/site-packages/airflow/example_dags/example_external_task_marker_dag.py for tasks to queue
[2023-07-21T10:02:56.303+0000] {logging_mixin.py:150} INFO - [2023-07-21T10:02:56.303+0000] {dagbag.py:541} INFO - Filling up the DagBag from /home/airflow/.local/lib/python3.7/site-packages/airflow/example_dags/example_external_task_marker_dag.py
[2023-07-21T10:02:56.309+0000] {processor.py:836} INFO - DAG(s) dict_keys(['example_external_task_marker_child', 'example_external_task_marker_parent']) retrieved from /home/airflow/.local/lib/python3.7/site-packages/airflow/example_dags/example_external_task_marker_dag.py
[2023-07-21T10:02:56.324+0000] {logging_mixin.py:150} INFO - [2023-07-21T10:02:56.324+0000] {dag.py:2742} INFO - Sync 2 DAGs
[2023-07-21T10:02:56.352+0000] {logging_mixin.py:150} INFO - [2023-07-21T10:02:56.352+0000] {dag.py:3508} INFO - Setting next_dagrun for example_external_task_marker_child to None, run_after=None
[2023-07-21T10:02:56.357+0000] {logging_mixin.py:150} INFO - [2023-07-21T10:02:56.357+0000] {dag.py:3508} INFO - Setting next_dagrun for example_external_task_marker_parent to None, run_after=None
[2023-07-21T10:02:56.383+0000] {processor.py:179} INFO - Processing /home/airflow/.local/lib/python3.7/site-packages/airflow/example_dags/example_external_task_marker_dag.py took 0.086 seconds
[2023-07-21T10:03:26.950+0000] {processor.py:157} INFO - Started process (PID=689) to work on /home/airflow/.local/lib/python3.7/site-packages/airflow/example_dags/example_external_task_marker_dag.py
[2023-07-21T10:03:26.951+0000] {processor.py:826} INFO - Processing file /home/airflow/.local/lib/python3.7/site-packages/airflow/example_dags/example_external_task_marker_dag.py for tasks to queue
[2023-07-21T10:03:26.953+0000] {logging_mixin.py:150} INFO - [2023-07-21T10:03:26.953+0000] {dagbag.py:541} INFO - Filling up the DagBag from /home/airflow/.local/lib/python3.7/site-packages/airflow/example_dags/example_external_task_marker_dag.py
[2023-07-21T10:03:26.965+0000] {processor.py:836} INFO - DAG(s) dict_keys(['example_external_task_marker_child', 'example_external_task_marker_parent']) retrieved from /home/airflow/.local/lib/python3.7/site-packages/airflow/example_dags/example_external_task_marker_dag.py
[2023-07-21T10:03:27.001+0000] {logging_mixin.py:150} INFO - [2023-07-21T10:03:27.001+0000] {dag.py:2742} INFO - Sync 2 DAGs
[2023-07-21T10:03:27.029+0000] {logging_mixin.py:150} INFO - [2023-07-21T10:03:27.029+0000] {dag.py:3508} INFO - Setting next_dagrun for example_external_task_marker_child to None, run_after=None
[2023-07-21T10:03:27.033+0000] {logging_mixin.py:150} INFO - [2023-07-21T10:03:27.033+0000] {dag.py:3508} INFO - Setting next_dagrun for example_external_task_marker_parent to None, run_after=None
[2023-07-21T10:03:27.057+0000] {processor.py:179} INFO - Processing /home/airflow/.local/lib/python3.7/site-packages/airflow/example_dags/example_external_task_marker_dag.py took 0.111 seconds
[2023-07-21T10:03:57.248+0000] {processor.py:157} INFO - Started process (PID=750) to work on /home/airflow/.local/lib/python3.7/site-packages/airflow/example_dags/example_external_task_marker_dag.py
[2023-07-21T10:03:57.250+0000] {processor.py:826} INFO - Processing file /home/airflow/.local/lib/python3.7/site-packages/airflow/example_dags/example_external_task_marker_dag.py for tasks to queue
[2023-07-21T10:03:57.253+0000] {logging_mixin.py:150} INFO - [2023-07-21T10:03:57.252+0000] {dagbag.py:541} INFO - Filling up the DagBag from /home/airflow/.local/lib/python3.7/site-packages/airflow/example_dags/example_external_task_marker_dag.py
[2023-07-21T10:03:57.267+0000] {processor.py:836} INFO - DAG(s) dict_keys(['example_external_task_marker_parent', 'example_external_task_marker_child']) retrieved from /home/airflow/.local/lib/python3.7/site-packages/airflow/example_dags/example_external_task_marker_dag.py
[2023-07-21T10:03:57.336+0000] {logging_mixin.py:150} INFO - [2023-07-21T10:03:57.336+0000] {dag.py:2742} INFO - Sync 2 DAGs
[2023-07-21T10:03:57.388+0000] {logging_mixin.py:150} INFO - [2023-07-21T10:03:57.388+0000] {dag.py:3508} INFO - Setting next_dagrun for example_external_task_marker_child to None, run_after=None
[2023-07-21T10:03:57.394+0000] {logging_mixin.py:150} INFO - [2023-07-21T10:03:57.394+0000] {dag.py:3508} INFO - Setting next_dagrun for example_external_task_marker_parent to None, run_after=None
[2023-07-21T10:03:57.419+0000] {processor.py:179} INFO - Processing /home/airflow/.local/lib/python3.7/site-packages/airflow/example_dags/example_external_task_marker_dag.py took 0.179 seconds
[2023-07-21T10:04:28.038+0000] {processor.py:157} INFO - Started process (PID=811) to work on /home/airflow/.local/lib/python3.7/site-packages/airflow/example_dags/example_external_task_marker_dag.py
[2023-07-21T10:04:28.040+0000] {processor.py:826} INFO - Processing file /home/airflow/.local/lib/python3.7/site-packages/airflow/example_dags/example_external_task_marker_dag.py for tasks to queue
[2023-07-21T10:04:28.041+0000] {logging_mixin.py:150} INFO - [2023-07-21T10:04:28.041+0000] {dagbag.py:541} INFO - Filling up the DagBag from /home/airflow/.local/lib/python3.7/site-packages/airflow/example_dags/example_external_task_marker_dag.py
[2023-07-21T10:04:28.048+0000] {processor.py:836} INFO - DAG(s) dict_keys(['example_external_task_marker_parent', 'example_external_task_marker_child']) retrieved from /home/airflow/.local/lib/python3.7/site-packages/airflow/example_dags/example_external_task_marker_dag.py
[2023-07-21T10:04:28.083+0000] {logging_mixin.py:150} INFO - [2023-07-21T10:04:28.083+0000] {dag.py:2742} INFO - Sync 2 DAGs
[2023-07-21T10:04:28.117+0000] {logging_mixin.py:150} INFO - [2023-07-21T10:04:28.116+0000] {dag.py:3508} INFO - Setting next_dagrun for example_external_task_marker_child to None, run_after=None
[2023-07-21T10:04:28.122+0000] {logging_mixin.py:150} INFO - [2023-07-21T10:04:28.121+0000] {dag.py:3508} INFO - Setting next_dagrun for example_external_task_marker_parent to None, run_after=None
[2023-07-21T10:04:28.144+0000] {processor.py:179} INFO - Processing /home/airflow/.local/lib/python3.7/site-packages/airflow/example_dags/example_external_task_marker_dag.py took 0.110 seconds
[2023-07-21T10:04:58.676+0000] {processor.py:157} INFO - Started process (PID=872) to work on /home/airflow/.local/lib/python3.7/site-packages/airflow/example_dags/example_external_task_marker_dag.py
[2023-07-21T10:04:58.678+0000] {processor.py:826} INFO - Processing file /home/airflow/.local/lib/python3.7/site-packages/airflow/example_dags/example_external_task_marker_dag.py for tasks to queue
[2023-07-21T10:04:58.680+0000] {logging_mixin.py:150} INFO - [2023-07-21T10:04:58.680+0000] {dagbag.py:541} INFO - Filling up the DagBag from /home/airflow/.local/lib/python3.7/site-packages/airflow/example_dags/example_external_task_marker_dag.py
[2023-07-21T10:04:58.690+0000] {processor.py:836} INFO - DAG(s) dict_keys(['example_external_task_marker_parent', 'example_external_task_marker_child']) retrieved from /home/airflow/.local/lib/python3.7/site-packages/airflow/example_dags/example_external_task_marker_dag.py
[2023-07-21T10:04:58.741+0000] {logging_mixin.py:150} INFO - [2023-07-21T10:04:58.741+0000] {dag.py:2742} INFO - Sync 2 DAGs
[2023-07-21T10:04:58.781+0000] {logging_mixin.py:150} INFO - [2023-07-21T10:04:58.781+0000] {dag.py:3508} INFO - Setting next_dagrun for example_external_task_marker_child to None, run_after=None
[2023-07-21T10:04:58.787+0000] {logging_mixin.py:150} INFO - [2023-07-21T10:04:58.786+0000] {dag.py:3508} INFO - Setting next_dagrun for example_external_task_marker_parent to None, run_after=None
[2023-07-21T10:04:58.819+0000] {processor.py:179} INFO - Processing /home/airflow/.local/lib/python3.7/site-packages/airflow/example_dags/example_external_task_marker_dag.py took 0.148 seconds
[2023-07-21T10:05:29.053+0000] {processor.py:157} INFO - Started process (PID=933) to work on /home/airflow/.local/lib/python3.7/site-packages/airflow/example_dags/example_external_task_marker_dag.py
[2023-07-21T10:05:29.054+0000] {processor.py:826} INFO - Processing file /home/airflow/.local/lib/python3.7/site-packages/airflow/example_dags/example_external_task_marker_dag.py for tasks to queue
[2023-07-21T10:05:29.055+0000] {logging_mixin.py:150} INFO - [2023-07-21T10:05:29.055+0000] {dagbag.py:541} INFO - Filling up the DagBag from /home/airflow/.local/lib/python3.7/site-packages/airflow/example_dags/example_external_task_marker_dag.py
[2023-07-21T10:05:29.063+0000] {processor.py:836} INFO - DAG(s) dict_keys(['example_external_task_marker_child', 'example_external_task_marker_parent']) retrieved from /home/airflow/.local/lib/python3.7/site-packages/airflow/example_dags/example_external_task_marker_dag.py
[2023-07-21T10:05:29.100+0000] {logging_mixin.py:150} INFO - [2023-07-21T10:05:29.100+0000] {dag.py:2742} INFO - Sync 2 DAGs
[2023-07-21T10:05:29.140+0000] {logging_mixin.py:150} INFO - [2023-07-21T10:05:29.140+0000] {dag.py:3508} INFO - Setting next_dagrun for example_external_task_marker_child to None, run_after=None
[2023-07-21T10:05:29.145+0000] {logging_mixin.py:150} INFO - [2023-07-21T10:05:29.145+0000] {dag.py:3508} INFO - Setting next_dagrun for example_external_task_marker_parent to None, run_after=None
[2023-07-21T10:05:29.168+0000] {processor.py:179} INFO - Processing /home/airflow/.local/lib/python3.7/site-packages/airflow/example_dags/example_external_task_marker_dag.py took 0.119 seconds
[2023-07-21T10:05:59.561+0000] {processor.py:157} INFO - Started process (PID=994) to work on /home/airflow/.local/lib/python3.7/site-packages/airflow/example_dags/example_external_task_marker_dag.py
[2023-07-21T10:05:59.563+0000] {processor.py:826} INFO - Processing file /home/airflow/.local/lib/python3.7/site-packages/airflow/example_dags/example_external_task_marker_dag.py for tasks to queue
[2023-07-21T10:05:59.564+0000] {logging_mixin.py:150} INFO - [2023-07-21T10:05:59.563+0000] {dagbag.py:541} INFO - Filling up the DagBag from /home/airflow/.local/lib/python3.7/site-packages/airflow/example_dags/example_external_task_marker_dag.py
[2023-07-21T10:05:59.570+0000] {processor.py:836} INFO - DAG(s) dict_keys(['example_external_task_marker_child', 'example_external_task_marker_parent']) retrieved from /home/airflow/.local/lib/python3.7/site-packages/airflow/example_dags/example_external_task_marker_dag.py
[2023-07-21T10:05:59.603+0000] {logging_mixin.py:150} INFO - [2023-07-21T10:05:59.603+0000] {dag.py:2742} INFO - Sync 2 DAGs
[2023-07-21T10:05:59.634+0000] {logging_mixin.py:150} INFO - [2023-07-21T10:05:59.634+0000] {dag.py:3508} INFO - Setting next_dagrun for example_external_task_marker_child to None, run_after=None
[2023-07-21T10:05:59.639+0000] {logging_mixin.py:150} INFO - [2023-07-21T10:05:59.639+0000] {dag.py:3508} INFO - Setting next_dagrun for example_external_task_marker_parent to None, run_after=None
[2023-07-21T10:05:59.661+0000] {processor.py:179} INFO - Processing /home/airflow/.local/lib/python3.7/site-packages/airflow/example_dags/example_external_task_marker_dag.py took 0.104 seconds
[2023-07-21T10:06:29.855+0000] {processor.py:157} INFO - Started process (PID=1056) to work on /home/airflow/.local/lib/python3.7/site-packages/airflow/example_dags/example_external_task_marker_dag.py
[2023-07-21T10:06:29.857+0000] {processor.py:826} INFO - Processing file /home/airflow/.local/lib/python3.7/site-packages/airflow/example_dags/example_external_task_marker_dag.py for tasks to queue
[2023-07-21T10:06:29.858+0000] {logging_mixin.py:150} INFO - [2023-07-21T10:06:29.858+0000] {dagbag.py:541} INFO - Filling up the DagBag from /home/airflow/.local/lib/python3.7/site-packages/airflow/example_dags/example_external_task_marker_dag.py
[2023-07-21T10:06:29.864+0000] {processor.py:836} INFO - DAG(s) dict_keys(['example_external_task_marker_child', 'example_external_task_marker_parent']) retrieved from /home/airflow/.local/lib/python3.7/site-packages/airflow/example_dags/example_external_task_marker_dag.py
[2023-07-21T10:06:29.897+0000] {logging_mixin.py:150} INFO - [2023-07-21T10:06:29.897+0000] {dag.py:2742} INFO - Sync 2 DAGs
[2023-07-21T10:06:29.930+0000] {logging_mixin.py:150} INFO - [2023-07-21T10:06:29.930+0000] {dag.py:3508} INFO - Setting next_dagrun for example_external_task_marker_child to None, run_after=None
[2023-07-21T10:06:29.935+0000] {logging_mixin.py:150} INFO - [2023-07-21T10:06:29.935+0000] {dag.py:3508} INFO - Setting next_dagrun for example_external_task_marker_parent to None, run_after=None
[2023-07-21T10:06:29.958+0000] {processor.py:179} INFO - Processing /home/airflow/.local/lib/python3.7/site-packages/airflow/example_dags/example_external_task_marker_dag.py took 0.106 seconds
[2023-07-21T10:07:00.259+0000] {processor.py:157} INFO - Started process (PID=1117) to work on /home/airflow/.local/lib/python3.7/site-packages/airflow/example_dags/example_external_task_marker_dag.py
[2023-07-21T10:07:00.261+0000] {processor.py:826} INFO - Processing file /home/airflow/.local/lib/python3.7/site-packages/airflow/example_dags/example_external_task_marker_dag.py for tasks to queue
[2023-07-21T10:07:00.262+0000] {logging_mixin.py:150} INFO - [2023-07-21T10:07:00.262+0000] {dagbag.py:541} INFO - Filling up the DagBag from /home/airflow/.local/lib/python3.7/site-packages/airflow/example_dags/example_external_task_marker_dag.py
[2023-07-21T10:07:00.271+0000] {processor.py:836} INFO - DAG(s) dict_keys(['example_external_task_marker_parent', 'example_external_task_marker_child']) retrieved from /home/airflow/.local/lib/python3.7/site-packages/airflow/example_dags/example_external_task_marker_dag.py
[2023-07-21T10:07:00.311+0000] {logging_mixin.py:150} INFO - [2023-07-21T10:07:00.310+0000] {dag.py:2742} INFO - Sync 2 DAGs
[2023-07-21T10:07:00.343+0000] {logging_mixin.py:150} INFO - [2023-07-21T10:07:00.343+0000] {dag.py:3508} INFO - Setting next_dagrun for example_external_task_marker_child to None, run_after=None
[2023-07-21T10:07:00.348+0000] {logging_mixin.py:150} INFO - [2023-07-21T10:07:00.347+0000] {dag.py:3508} INFO - Setting next_dagrun for example_external_task_marker_parent to None, run_after=None
[2023-07-21T10:07:00.380+0000] {processor.py:179} INFO - Processing /home/airflow/.local/lib/python3.7/site-packages/airflow/example_dags/example_external_task_marker_dag.py took 0.126 seconds
[2023-07-21T10:07:30.655+0000] {processor.py:157} INFO - Started process (PID=1178) to work on /home/airflow/.local/lib/python3.7/site-packages/airflow/example_dags/example_external_task_marker_dag.py
[2023-07-21T10:07:30.656+0000] {processor.py:826} INFO - Processing file /home/airflow/.local/lib/python3.7/site-packages/airflow/example_dags/example_external_task_marker_dag.py for tasks to queue
[2023-07-21T10:07:30.659+0000] {logging_mixin.py:150} INFO - [2023-07-21T10:07:30.659+0000] {dagbag.py:541} INFO - Filling up the DagBag from /home/airflow/.local/lib/python3.7/site-packages/airflow/example_dags/example_external_task_marker_dag.py
[2023-07-21T10:07:30.672+0000] {processor.py:836} INFO - DAG(s) dict_keys(['example_external_task_marker_child', 'example_external_task_marker_parent']) retrieved from /home/airflow/.local/lib/python3.7/site-packages/airflow/example_dags/example_external_task_marker_dag.py
[2023-07-21T10:07:30.727+0000] {logging_mixin.py:150} INFO - [2023-07-21T10:07:30.727+0000] {dag.py:2742} INFO - Sync 2 DAGs
[2023-07-21T10:07:30.778+0000] {logging_mixin.py:150} INFO - [2023-07-21T10:07:30.777+0000] {dag.py:3508} INFO - Setting next_dagrun for example_external_task_marker_child to None, run_after=None
[2023-07-21T10:07:30.784+0000] {logging_mixin.py:150} INFO - [2023-07-21T10:07:30.784+0000] {dag.py:3508} INFO - Setting next_dagrun for example_external_task_marker_parent to None, run_after=None
[2023-07-21T10:07:30.817+0000] {processor.py:179} INFO - Processing /home/airflow/.local/lib/python3.7/site-packages/airflow/example_dags/example_external_task_marker_dag.py took 0.168 seconds
[2023-07-21T10:08:01.783+0000] {processor.py:157} INFO - Started process (PID=1239) to work on /home/airflow/.local/lib/python3.7/site-packages/airflow/example_dags/example_external_task_marker_dag.py
[2023-07-21T10:08:01.785+0000] {processor.py:826} INFO - Processing file /home/airflow/.local/lib/python3.7/site-packages/airflow/example_dags/example_external_task_marker_dag.py for tasks to queue
[2023-07-21T10:08:01.788+0000] {logging_mixin.py:150} INFO - [2023-07-21T10:08:01.787+0000] {dagbag.py:541} INFO - Filling up the DagBag from /home/airflow/.local/lib/python3.7/site-packages/airflow/example_dags/example_external_task_marker_dag.py
[2023-07-21T10:08:01.797+0000] {processor.py:836} INFO - DAG(s) dict_keys(['example_external_task_marker_parent', 'example_external_task_marker_child']) retrieved from /home/airflow/.local/lib/python3.7/site-packages/airflow/example_dags/example_external_task_marker_dag.py
[2023-07-21T10:08:01.853+0000] {logging_mixin.py:150} INFO - [2023-07-21T10:08:01.852+0000] {dag.py:2742} INFO - Sync 2 DAGs
[2023-07-21T10:08:01.889+0000] {logging_mixin.py:150} INFO - [2023-07-21T10:08:01.889+0000] {dag.py:3508} INFO - Setting next_dagrun for example_external_task_marker_child to None, run_after=None
[2023-07-21T10:08:01.895+0000] {logging_mixin.py:150} INFO - [2023-07-21T10:08:01.895+0000] {dag.py:3508} INFO - Setting next_dagrun for example_external_task_marker_parent to None, run_after=None
[2023-07-21T10:08:01.920+0000] {processor.py:179} INFO - Processing /home/airflow/.local/lib/python3.7/site-packages/airflow/example_dags/example_external_task_marker_dag.py took 0.143 seconds
[2023-07-21T10:08:32.710+0000] {processor.py:157} INFO - Started process (PID=1301) to work on /home/airflow/.local/lib/python3.7/site-packages/airflow/example_dags/example_external_task_marker_dag.py
[2023-07-21T10:08:32.713+0000] {processor.py:826} INFO - Processing file /home/airflow/.local/lib/python3.7/site-packages/airflow/example_dags/example_external_task_marker_dag.py for tasks to queue
[2023-07-21T10:08:32.716+0000] {logging_mixin.py:150} INFO - [2023-07-21T10:08:32.716+0000] {dagbag.py:541} INFO - Filling up the DagBag from /home/airflow/.local/lib/python3.7/site-packages/airflow/example_dags/example_external_task_marker_dag.py
[2023-07-21T10:08:32.735+0000] {processor.py:836} INFO - DAG(s) dict_keys(['example_external_task_marker_parent', 'example_external_task_marker_child']) retrieved from /home/airflow/.local/lib/python3.7/site-packages/airflow/example_dags/example_external_task_marker_dag.py
[2023-07-21T10:08:32.825+0000] {logging_mixin.py:150} INFO - [2023-07-21T10:08:32.825+0000] {dag.py:2742} INFO - Sync 2 DAGs
[2023-07-21T10:08:32.897+0000] {logging_mixin.py:150} INFO - [2023-07-21T10:08:32.896+0000] {dag.py:3508} INFO - Setting next_dagrun for example_external_task_marker_child to None, run_after=None
[2023-07-21T10:08:32.907+0000] {logging_mixin.py:150} INFO - [2023-07-21T10:08:32.907+0000] {dag.py:3508} INFO - Setting next_dagrun for example_external_task_marker_parent to None, run_after=None
[2023-07-21T10:08:32.962+0000] {processor.py:179} INFO - Processing /home/airflow/.local/lib/python3.7/site-packages/airflow/example_dags/example_external_task_marker_dag.py took 0.260 seconds
[2023-07-21T10:09:03.830+0000] {processor.py:157} INFO - Started process (PID=1361) to work on /home/airflow/.local/lib/python3.7/site-packages/airflow/example_dags/example_external_task_marker_dag.py
[2023-07-21T10:09:03.832+0000] {processor.py:826} INFO - Processing file /home/airflow/.local/lib/python3.7/site-packages/airflow/example_dags/example_external_task_marker_dag.py for tasks to queue
[2023-07-21T10:09:03.833+0000] {logging_mixin.py:150} INFO - [2023-07-21T10:09:03.833+0000] {dagbag.py:541} INFO - Filling up the DagBag from /home/airflow/.local/lib/python3.7/site-packages/airflow/example_dags/example_external_task_marker_dag.py
[2023-07-21T10:09:03.840+0000] {processor.py:836} INFO - DAG(s) dict_keys(['example_external_task_marker_parent', 'example_external_task_marker_child']) retrieved from /home/airflow/.local/lib/python3.7/site-packages/airflow/example_dags/example_external_task_marker_dag.py
[2023-07-21T10:09:03.875+0000] {logging_mixin.py:150} INFO - [2023-07-21T10:09:03.875+0000] {dag.py:2742} INFO - Sync 2 DAGs
[2023-07-21T10:09:03.902+0000] {logging_mixin.py:150} INFO - [2023-07-21T10:09:03.902+0000] {dag.py:3508} INFO - Setting next_dagrun for example_external_task_marker_child to None, run_after=None
[2023-07-21T10:09:03.906+0000] {logging_mixin.py:150} INFO - [2023-07-21T10:09:03.906+0000] {dag.py:3508} INFO - Setting next_dagrun for example_external_task_marker_parent to None, run_after=None
[2023-07-21T10:09:03.928+0000] {processor.py:179} INFO - Processing /home/airflow/.local/lib/python3.7/site-packages/airflow/example_dags/example_external_task_marker_dag.py took 0.101 seconds
[2023-07-21T10:09:34.175+0000] {processor.py:157} INFO - Started process (PID=1422) to work on /home/airflow/.local/lib/python3.7/site-packages/airflow/example_dags/example_external_task_marker_dag.py
[2023-07-21T10:09:34.178+0000] {processor.py:826} INFO - Processing file /home/airflow/.local/lib/python3.7/site-packages/airflow/example_dags/example_external_task_marker_dag.py for tasks to queue
[2023-07-21T10:09:34.182+0000] {logging_mixin.py:150} INFO - [2023-07-21T10:09:34.181+0000] {dagbag.py:541} INFO - Filling up the DagBag from /home/airflow/.local/lib/python3.7/site-packages/airflow/example_dags/example_external_task_marker_dag.py
[2023-07-21T10:09:34.199+0000] {processor.py:836} INFO - DAG(s) dict_keys(['example_external_task_marker_child', 'example_external_task_marker_parent']) retrieved from /home/airflow/.local/lib/python3.7/site-packages/airflow/example_dags/example_external_task_marker_dag.py
[2023-07-21T10:09:34.248+0000] {logging_mixin.py:150} INFO - [2023-07-21T10:09:34.248+0000] {dag.py:2742} INFO - Sync 2 DAGs
[2023-07-21T10:09:34.302+0000] {logging_mixin.py:150} INFO - [2023-07-21T10:09:34.301+0000] {dag.py:3508} INFO - Setting next_dagrun for example_external_task_marker_child to None, run_after=None
[2023-07-21T10:09:34.309+0000] {logging_mixin.py:150} INFO - [2023-07-21T10:09:34.309+0000] {dag.py:3508} INFO - Setting next_dagrun for example_external_task_marker_parent to None, run_after=None
[2023-07-21T10:09:34.355+0000] {processor.py:179} INFO - Processing /home/airflow/.local/lib/python3.7/site-packages/airflow/example_dags/example_external_task_marker_dag.py took 0.193 seconds
[2023-07-21T10:10:04.543+0000] {processor.py:157} INFO - Started process (PID=1483) to work on /home/airflow/.local/lib/python3.7/site-packages/airflow/example_dags/example_external_task_marker_dag.py
[2023-07-21T10:10:04.545+0000] {processor.py:826} INFO - Processing file /home/airflow/.local/lib/python3.7/site-packages/airflow/example_dags/example_external_task_marker_dag.py for tasks to queue
[2023-07-21T10:10:04.547+0000] {logging_mixin.py:150} INFO - [2023-07-21T10:10:04.546+0000] {dagbag.py:541} INFO - Filling up the DagBag from /home/airflow/.local/lib/python3.7/site-packages/airflow/example_dags/example_external_task_marker_dag.py
[2023-07-21T10:10:04.565+0000] {processor.py:836} INFO - DAG(s) dict_keys(['example_external_task_marker_child', 'example_external_task_marker_parent']) retrieved from /home/airflow/.local/lib/python3.7/site-packages/airflow/example_dags/example_external_task_marker_dag.py
[2023-07-21T10:10:04.636+0000] {logging_mixin.py:150} INFO - [2023-07-21T10:10:04.635+0000] {dag.py:2742} INFO - Sync 2 DAGs
[2023-07-21T10:10:04.678+0000] {logging_mixin.py:150} INFO - [2023-07-21T10:10:04.677+0000] {dag.py:3508} INFO - Setting next_dagrun for example_external_task_marker_child to None, run_after=None
[2023-07-21T10:10:04.683+0000] {logging_mixin.py:150} INFO - [2023-07-21T10:10:04.683+0000] {dag.py:3508} INFO - Setting next_dagrun for example_external_task_marker_parent to None, run_after=None
[2023-07-21T10:10:04.713+0000] {processor.py:179} INFO - Processing /home/airflow/.local/lib/python3.7/site-packages/airflow/example_dags/example_external_task_marker_dag.py took 0.177 seconds
[2023-07-21T10:10:34.813+0000] {processor.py:157} INFO - Started process (PID=1546) to work on /home/airflow/.local/lib/python3.7/site-packages/airflow/example_dags/example_external_task_marker_dag.py
[2023-07-21T10:10:34.814+0000] {processor.py:826} INFO - Processing file /home/airflow/.local/lib/python3.7/site-packages/airflow/example_dags/example_external_task_marker_dag.py for tasks to queue
[2023-07-21T10:10:34.816+0000] {logging_mixin.py:150} INFO - [2023-07-21T10:10:34.816+0000] {dagbag.py:541} INFO - Filling up the DagBag from /home/airflow/.local/lib/python3.7/site-packages/airflow/example_dags/example_external_task_marker_dag.py
[2023-07-21T10:10:34.823+0000] {processor.py:836} INFO - DAG(s) dict_keys(['example_external_task_marker_child', 'example_external_task_marker_parent']) retrieved from /home/airflow/.local/lib/python3.7/site-packages/airflow/example_dags/example_external_task_marker_dag.py
[2023-07-21T10:10:34.856+0000] {logging_mixin.py:150} INFO - [2023-07-21T10:10:34.855+0000] {dag.py:2742} INFO - Sync 2 DAGs
[2023-07-21T10:10:34.885+0000] {logging_mixin.py:150} INFO - [2023-07-21T10:10:34.885+0000] {dag.py:3508} INFO - Setting next_dagrun for example_external_task_marker_child to None, run_after=None
[2023-07-21T10:10:34.891+0000] {logging_mixin.py:150} INFO - [2023-07-21T10:10:34.890+0000] {dag.py:3508} INFO - Setting next_dagrun for example_external_task_marker_parent to None, run_after=None
[2023-07-21T10:10:34.920+0000] {processor.py:179} INFO - Processing /home/airflow/.local/lib/python3.7/site-packages/airflow/example_dags/example_external_task_marker_dag.py took 0.111 seconds
[2023-07-21T10:11:06.217+0000] {processor.py:157} INFO - Started process (PID=1607) to work on /home/airflow/.local/lib/python3.7/site-packages/airflow/example_dags/example_external_task_marker_dag.py
[2023-07-21T10:11:06.259+0000] {processor.py:826} INFO - Processing file /home/airflow/.local/lib/python3.7/site-packages/airflow/example_dags/example_external_task_marker_dag.py for tasks to queue
[2023-07-21T10:11:06.278+0000] {logging_mixin.py:150} INFO - [2023-07-21T10:11:06.272+0000] {dagbag.py:541} INFO - Filling up the DagBag from /home/airflow/.local/lib/python3.7/site-packages/airflow/example_dags/example_external_task_marker_dag.py
[2023-07-21T10:11:06.449+0000] {processor.py:836} INFO - DAG(s) dict_keys(['example_external_task_marker_parent', 'example_external_task_marker_child']) retrieved from /home/airflow/.local/lib/python3.7/site-packages/airflow/example_dags/example_external_task_marker_dag.py
[2023-07-21T10:11:06.738+0000] {logging_mixin.py:150} INFO - [2023-07-21T10:11:06.737+0000] {dag.py:2742} INFO - Sync 2 DAGs
[2023-07-21T10:11:06.880+0000] {logging_mixin.py:150} INFO - [2023-07-21T10:11:06.880+0000] {dag.py:3508} INFO - Setting next_dagrun for example_external_task_marker_child to None, run_after=None
[2023-07-21T10:11:06.887+0000] {logging_mixin.py:150} INFO - [2023-07-21T10:11:06.887+0000] {dag.py:3508} INFO - Setting next_dagrun for example_external_task_marker_parent to None, run_after=None
[2023-07-21T10:11:06.943+0000] {processor.py:179} INFO - Processing /home/airflow/.local/lib/python3.7/site-packages/airflow/example_dags/example_external_task_marker_dag.py took 0.973 seconds
[2023-07-21T10:11:37.686+0000] {processor.py:157} INFO - Started process (PID=1668) to work on /home/airflow/.local/lib/python3.7/site-packages/airflow/example_dags/example_external_task_marker_dag.py
[2023-07-21T10:11:37.688+0000] {processor.py:826} INFO - Processing file /home/airflow/.local/lib/python3.7/site-packages/airflow/example_dags/example_external_task_marker_dag.py for tasks to queue
[2023-07-21T10:11:37.693+0000] {logging_mixin.py:150} INFO - [2023-07-21T10:11:37.692+0000] {dagbag.py:541} INFO - Filling up the DagBag from /home/airflow/.local/lib/python3.7/site-packages/airflow/example_dags/example_external_task_marker_dag.py
[2023-07-21T10:11:37.702+0000] {processor.py:836} INFO - DAG(s) dict_keys(['example_external_task_marker_child', 'example_external_task_marker_parent']) retrieved from /home/airflow/.local/lib/python3.7/site-packages/airflow/example_dags/example_external_task_marker_dag.py
[2023-07-21T10:11:37.749+0000] {logging_mixin.py:150} INFO - [2023-07-21T10:11:37.748+0000] {dag.py:2742} INFO - Sync 2 DAGs
[2023-07-21T10:11:37.790+0000] {logging_mixin.py:150} INFO - [2023-07-21T10:11:37.790+0000] {dag.py:3508} INFO - Setting next_dagrun for example_external_task_marker_child to None, run_after=None
[2023-07-21T10:11:37.796+0000] {logging_mixin.py:150} INFO - [2023-07-21T10:11:37.796+0000] {dag.py:3508} INFO - Setting next_dagrun for example_external_task_marker_parent to None, run_after=None
[2023-07-21T10:11:37.828+0000] {processor.py:179} INFO - Processing /home/airflow/.local/lib/python3.7/site-packages/airflow/example_dags/example_external_task_marker_dag.py took 0.146 seconds
[2023-07-21T10:12:08.132+0000] {processor.py:157} INFO - Started process (PID=1729) to work on /home/airflow/.local/lib/python3.7/site-packages/airflow/example_dags/example_external_task_marker_dag.py
[2023-07-21T10:12:08.135+0000] {processor.py:826} INFO - Processing file /home/airflow/.local/lib/python3.7/site-packages/airflow/example_dags/example_external_task_marker_dag.py for tasks to queue
[2023-07-21T10:12:08.139+0000] {logging_mixin.py:150} INFO - [2023-07-21T10:12:08.139+0000] {dagbag.py:541} INFO - Filling up the DagBag from /home/airflow/.local/lib/python3.7/site-packages/airflow/example_dags/example_external_task_marker_dag.py
[2023-07-21T10:12:08.157+0000] {processor.py:836} INFO - DAG(s) dict_keys(['example_external_task_marker_child', 'example_external_task_marker_parent']) retrieved from /home/airflow/.local/lib/python3.7/site-packages/airflow/example_dags/example_external_task_marker_dag.py
[2023-07-21T10:12:08.242+0000] {logging_mixin.py:150} INFO - [2023-07-21T10:12:08.242+0000] {dag.py:2742} INFO - Sync 2 DAGs
[2023-07-21T10:12:08.311+0000] {logging_mixin.py:150} INFO - [2023-07-21T10:12:08.310+0000] {dag.py:3508} INFO - Setting next_dagrun for example_external_task_marker_child to None, run_after=None
[2023-07-21T10:12:08.325+0000] {logging_mixin.py:150} INFO - [2023-07-21T10:12:08.324+0000] {dag.py:3508} INFO - Setting next_dagrun for example_external_task_marker_parent to None, run_after=None
[2023-07-21T10:12:08.381+0000] {processor.py:179} INFO - Processing /home/airflow/.local/lib/python3.7/site-packages/airflow/example_dags/example_external_task_marker_dag.py took 0.260 seconds
[2023-07-21T10:12:39.188+0000] {processor.py:157} INFO - Started process (PID=1790) to work on /home/airflow/.local/lib/python3.7/site-packages/airflow/example_dags/example_external_task_marker_dag.py
[2023-07-21T10:12:39.191+0000] {processor.py:826} INFO - Processing file /home/airflow/.local/lib/python3.7/site-packages/airflow/example_dags/example_external_task_marker_dag.py for tasks to queue
[2023-07-21T10:12:39.194+0000] {logging_mixin.py:150} INFO - [2023-07-21T10:12:39.193+0000] {dagbag.py:541} INFO - Filling up the DagBag from /home/airflow/.local/lib/python3.7/site-packages/airflow/example_dags/example_external_task_marker_dag.py
[2023-07-21T10:12:39.211+0000] {processor.py:836} INFO - DAG(s) dict_keys(['example_external_task_marker_child', 'example_external_task_marker_parent']) retrieved from /home/airflow/.local/lib/python3.7/site-packages/airflow/example_dags/example_external_task_marker_dag.py
[2023-07-21T10:12:39.267+0000] {logging_mixin.py:150} INFO - [2023-07-21T10:12:39.267+0000] {dag.py:2742} INFO - Sync 2 DAGs
[2023-07-21T10:12:39.312+0000] {logging_mixin.py:150} INFO - [2023-07-21T10:12:39.311+0000] {dag.py:3508} INFO - Setting next_dagrun for example_external_task_marker_child to None, run_after=None
[2023-07-21T10:12:39.317+0000] {logging_mixin.py:150} INFO - [2023-07-21T10:12:39.317+0000] {dag.py:3508} INFO - Setting next_dagrun for example_external_task_marker_parent to None, run_after=None
[2023-07-21T10:12:39.346+0000] {processor.py:179} INFO - Processing /home/airflow/.local/lib/python3.7/site-packages/airflow/example_dags/example_external_task_marker_dag.py took 0.167 seconds
[2023-07-21T10:13:09.474+0000] {processor.py:157} INFO - Started process (PID=1852) to work on /home/airflow/.local/lib/python3.7/site-packages/airflow/example_dags/example_external_task_marker_dag.py
[2023-07-21T10:13:09.476+0000] {processor.py:826} INFO - Processing file /home/airflow/.local/lib/python3.7/site-packages/airflow/example_dags/example_external_task_marker_dag.py for tasks to queue
[2023-07-21T10:13:09.477+0000] {logging_mixin.py:150} INFO - [2023-07-21T10:13:09.477+0000] {dagbag.py:541} INFO - Filling up the DagBag from /home/airflow/.local/lib/python3.7/site-packages/airflow/example_dags/example_external_task_marker_dag.py
[2023-07-21T10:13:09.485+0000] {processor.py:836} INFO - DAG(s) dict_keys(['example_external_task_marker_parent', 'example_external_task_marker_child']) retrieved from /home/airflow/.local/lib/python3.7/site-packages/airflow/example_dags/example_external_task_marker_dag.py
[2023-07-21T10:13:09.523+0000] {logging_mixin.py:150} INFO - [2023-07-21T10:13:09.523+0000] {dag.py:2742} INFO - Sync 2 DAGs
[2023-07-21T10:13:09.550+0000] {logging_mixin.py:150} INFO - [2023-07-21T10:13:09.550+0000] {dag.py:3508} INFO - Setting next_dagrun for example_external_task_marker_child to None, run_after=None
[2023-07-21T10:13:09.554+0000] {logging_mixin.py:150} INFO - [2023-07-21T10:13:09.554+0000] {dag.py:3508} INFO - Setting next_dagrun for example_external_task_marker_parent to None, run_after=None
[2023-07-21T10:13:09.578+0000] {processor.py:179} INFO - Processing /home/airflow/.local/lib/python3.7/site-packages/airflow/example_dags/example_external_task_marker_dag.py took 0.108 seconds
[2023-07-21T10:13:39.869+0000] {processor.py:157} INFO - Started process (PID=1912) to work on /home/airflow/.local/lib/python3.7/site-packages/airflow/example_dags/example_external_task_marker_dag.py
[2023-07-21T10:13:39.871+0000] {processor.py:826} INFO - Processing file /home/airflow/.local/lib/python3.7/site-packages/airflow/example_dags/example_external_task_marker_dag.py for tasks to queue
[2023-07-21T10:13:39.873+0000] {logging_mixin.py:150} INFO - [2023-07-21T10:13:39.873+0000] {dagbag.py:541} INFO - Filling up the DagBag from /home/airflow/.local/lib/python3.7/site-packages/airflow/example_dags/example_external_task_marker_dag.py
[2023-07-21T10:13:39.879+0000] {processor.py:836} INFO - DAG(s) dict_keys(['example_external_task_marker_child', 'example_external_task_marker_parent']) retrieved from /home/airflow/.local/lib/python3.7/site-packages/airflow/example_dags/example_external_task_marker_dag.py
[2023-07-21T10:13:39.914+0000] {logging_mixin.py:150} INFO - [2023-07-21T10:13:39.914+0000] {dag.py:2742} INFO - Sync 2 DAGs
[2023-07-21T10:13:39.963+0000] {logging_mixin.py:150} INFO - [2023-07-21T10:13:39.963+0000] {dag.py:3508} INFO - Setting next_dagrun for example_external_task_marker_child to None, run_after=None
[2023-07-21T10:13:39.978+0000] {logging_mixin.py:150} INFO - [2023-07-21T10:13:39.977+0000] {dag.py:3508} INFO - Setting next_dagrun for example_external_task_marker_parent to None, run_after=None
[2023-07-21T10:13:40.009+0000] {processor.py:179} INFO - Processing /home/airflow/.local/lib/python3.7/site-packages/airflow/example_dags/example_external_task_marker_dag.py took 0.144 seconds
[2023-07-21T10:14:10.774+0000] {processor.py:157} INFO - Started process (PID=1973) to work on /home/airflow/.local/lib/python3.7/site-packages/airflow/example_dags/example_external_task_marker_dag.py
[2023-07-21T10:14:10.776+0000] {processor.py:826} INFO - Processing file /home/airflow/.local/lib/python3.7/site-packages/airflow/example_dags/example_external_task_marker_dag.py for tasks to queue
[2023-07-21T10:14:10.779+0000] {logging_mixin.py:150} INFO - [2023-07-21T10:14:10.778+0000] {dagbag.py:541} INFO - Filling up the DagBag from /home/airflow/.local/lib/python3.7/site-packages/airflow/example_dags/example_external_task_marker_dag.py
[2023-07-21T10:14:10.791+0000] {processor.py:836} INFO - DAG(s) dict_keys(['example_external_task_marker_child', 'example_external_task_marker_parent']) retrieved from /home/airflow/.local/lib/python3.7/site-packages/airflow/example_dags/example_external_task_marker_dag.py
[2023-07-21T10:14:10.849+0000] {logging_mixin.py:150} INFO - [2023-07-21T10:14:10.849+0000] {dag.py:2742} INFO - Sync 2 DAGs
[2023-07-21T10:14:10.885+0000] {logging_mixin.py:150} INFO - [2023-07-21T10:14:10.885+0000] {dag.py:3508} INFO - Setting next_dagrun for example_external_task_marker_child to None, run_after=None
[2023-07-21T10:14:10.893+0000] {logging_mixin.py:150} INFO - [2023-07-21T10:14:10.892+0000] {dag.py:3508} INFO - Setting next_dagrun for example_external_task_marker_parent to None, run_after=None
[2023-07-21T10:14:10.920+0000] {processor.py:179} INFO - Processing /home/airflow/.local/lib/python3.7/site-packages/airflow/example_dags/example_external_task_marker_dag.py took 0.155 seconds
[2023-07-21T10:14:41.755+0000] {processor.py:157} INFO - Started process (PID=2034) to work on /home/airflow/.local/lib/python3.7/site-packages/airflow/example_dags/example_external_task_marker_dag.py
[2023-07-21T10:14:41.758+0000] {processor.py:826} INFO - Processing file /home/airflow/.local/lib/python3.7/site-packages/airflow/example_dags/example_external_task_marker_dag.py for tasks to queue
[2023-07-21T10:14:41.760+0000] {logging_mixin.py:150} INFO - [2023-07-21T10:14:41.759+0000] {dagbag.py:541} INFO - Filling up the DagBag from /home/airflow/.local/lib/python3.7/site-packages/airflow/example_dags/example_external_task_marker_dag.py
[2023-07-21T10:14:41.771+0000] {processor.py:836} INFO - DAG(s) dict_keys(['example_external_task_marker_parent', 'example_external_task_marker_child']) retrieved from /home/airflow/.local/lib/python3.7/site-packages/airflow/example_dags/example_external_task_marker_dag.py
[2023-07-21T10:14:41.824+0000] {logging_mixin.py:150} INFO - [2023-07-21T10:14:41.824+0000] {dag.py:2742} INFO - Sync 2 DAGs
[2023-07-21T10:14:41.858+0000] {logging_mixin.py:150} INFO - [2023-07-21T10:14:41.858+0000] {dag.py:3508} INFO - Setting next_dagrun for example_external_task_marker_child to None, run_after=None
[2023-07-21T10:14:41.863+0000] {logging_mixin.py:150} INFO - [2023-07-21T10:14:41.863+0000] {dag.py:3508} INFO - Setting next_dagrun for example_external_task_marker_parent to None, run_after=None
[2023-07-21T10:14:41.889+0000] {processor.py:179} INFO - Processing /home/airflow/.local/lib/python3.7/site-packages/airflow/example_dags/example_external_task_marker_dag.py took 0.141 seconds
