[2023-07-21T09:58:11.145+0000] {processor.py:157} INFO - Started process (PID=52) to work on /home/airflow/.local/lib/python3.7/site-packages/airflow/example_dags/example_short_circuit_decorator.py
[2023-07-21T09:58:11.147+0000] {processor.py:826} INFO - Processing file /home/airflow/.local/lib/python3.7/site-packages/airflow/example_dags/example_short_circuit_decorator.py for tasks to queue
[2023-07-21T09:58:11.149+0000] {logging_mixin.py:150} INFO - [2023-07-21T09:58:11.148+0000] {dagbag.py:541} INFO - Filling up the DagBag from /home/airflow/.local/lib/python3.7/site-packages/airflow/example_dags/example_short_circuit_decorator.py
[2023-07-21T09:58:11.171+0000] {processor.py:836} INFO - DAG(s) dict_keys(['example_short_circuit_decorator']) retrieved from /home/airflow/.local/lib/python3.7/site-packages/airflow/example_dags/example_short_circuit_decorator.py
[2023-07-21T09:58:11.431+0000] {logging_mixin.py:150} INFO - [2023-07-21T09:58:11.431+0000] {dag.py:2742} INFO - Sync 1 DAGs
[2023-07-21T09:58:11.466+0000] {logging_mixin.py:150} INFO - [2023-07-21T09:58:11.466+0000] {dag.py:3508} INFO - Setting next_dagrun for example_short_circuit_decorator to 2023-07-20T09:58:11.466291+00:00, run_after=2023-07-21T09:58:11.466291+00:00
[2023-07-21T09:58:11.493+0000] {processor.py:179} INFO - Processing /home/airflow/.local/lib/python3.7/site-packages/airflow/example_dags/example_short_circuit_decorator.py took 0.353 seconds
[2023-07-21T09:58:41.828+0000] {processor.py:157} INFO - Started process (PID=113) to work on /home/airflow/.local/lib/python3.7/site-packages/airflow/example_dags/example_short_circuit_decorator.py
[2023-07-21T09:58:41.838+0000] {processor.py:826} INFO - Processing file /home/airflow/.local/lib/python3.7/site-packages/airflow/example_dags/example_short_circuit_decorator.py for tasks to queue
[2023-07-21T09:58:41.841+0000] {logging_mixin.py:150} INFO - [2023-07-21T09:58:41.840+0000] {dagbag.py:541} INFO - Filling up the DagBag from /home/airflow/.local/lib/python3.7/site-packages/airflow/example_dags/example_short_circuit_decorator.py
[2023-07-21T09:58:41.888+0000] {processor.py:836} INFO - DAG(s) dict_keys(['example_short_circuit_decorator']) retrieved from /home/airflow/.local/lib/python3.7/site-packages/airflow/example_dags/example_short_circuit_decorator.py
[2023-07-21T09:58:41.940+0000] {logging_mixin.py:150} INFO - [2023-07-21T09:58:41.939+0000] {dag.py:2742} INFO - Sync 1 DAGs
[2023-07-21T09:58:42.098+0000] {logging_mixin.py:150} INFO - [2023-07-21T09:58:42.097+0000] {dag.py:3508} INFO - Setting next_dagrun for example_short_circuit_decorator to 2023-07-20T09:58:42.096724+00:00, run_after=2023-07-21T09:58:42.096724+00:00
[2023-07-21T09:58:42.216+0000] {processor.py:179} INFO - Processing /home/airflow/.local/lib/python3.7/site-packages/airflow/example_dags/example_short_circuit_decorator.py took 0.395 seconds
[2023-07-21T09:59:12.778+0000] {processor.py:157} INFO - Started process (PID=174) to work on /home/airflow/.local/lib/python3.7/site-packages/airflow/example_dags/example_short_circuit_decorator.py
[2023-07-21T09:59:12.783+0000] {processor.py:826} INFO - Processing file /home/airflow/.local/lib/python3.7/site-packages/airflow/example_dags/example_short_circuit_decorator.py for tasks to queue
[2023-07-21T09:59:12.786+0000] {logging_mixin.py:150} INFO - [2023-07-21T09:59:12.785+0000] {dagbag.py:541} INFO - Filling up the DagBag from /home/airflow/.local/lib/python3.7/site-packages/airflow/example_dags/example_short_circuit_decorator.py
[2023-07-21T09:59:12.818+0000] {processor.py:836} INFO - DAG(s) dict_keys(['example_short_circuit_decorator']) retrieved from /home/airflow/.local/lib/python3.7/site-packages/airflow/example_dags/example_short_circuit_decorator.py
[2023-07-21T09:59:12.883+0000] {logging_mixin.py:150} INFO - [2023-07-21T09:59:12.882+0000] {dag.py:2742} INFO - Sync 1 DAGs
[2023-07-21T09:59:12.950+0000] {logging_mixin.py:150} INFO - [2023-07-21T09:59:12.949+0000] {dag.py:3508} INFO - Setting next_dagrun for example_short_circuit_decorator to 2023-07-20T09:59:12.949324+00:00, run_after=2023-07-21T09:59:12.949324+00:00
[2023-07-21T09:59:13.018+0000] {processor.py:179} INFO - Processing /home/airflow/.local/lib/python3.7/site-packages/airflow/example_dags/example_short_circuit_decorator.py took 0.249 seconds
[2023-07-21T09:59:44.002+0000] {processor.py:157} INFO - Started process (PID=235) to work on /home/airflow/.local/lib/python3.7/site-packages/airflow/example_dags/example_short_circuit_decorator.py
[2023-07-21T09:59:44.004+0000] {processor.py:826} INFO - Processing file /home/airflow/.local/lib/python3.7/site-packages/airflow/example_dags/example_short_circuit_decorator.py for tasks to queue
[2023-07-21T09:59:44.005+0000] {logging_mixin.py:150} INFO - [2023-07-21T09:59:44.005+0000] {dagbag.py:541} INFO - Filling up the DagBag from /home/airflow/.local/lib/python3.7/site-packages/airflow/example_dags/example_short_circuit_decorator.py
[2023-07-21T09:59:44.022+0000] {processor.py:836} INFO - DAG(s) dict_keys(['example_short_circuit_decorator']) retrieved from /home/airflow/.local/lib/python3.7/site-packages/airflow/example_dags/example_short_circuit_decorator.py
[2023-07-21T09:59:44.062+0000] {logging_mixin.py:150} INFO - [2023-07-21T09:59:44.061+0000] {dag.py:2742} INFO - Sync 1 DAGs
[2023-07-21T09:59:44.098+0000] {logging_mixin.py:150} INFO - [2023-07-21T09:59:44.097+0000] {dag.py:3508} INFO - Setting next_dagrun for example_short_circuit_decorator to 2023-07-20T09:59:44.097374+00:00, run_after=2023-07-21T09:59:44.097374+00:00
[2023-07-21T09:59:44.131+0000] {processor.py:179} INFO - Processing /home/airflow/.local/lib/python3.7/site-packages/airflow/example_dags/example_short_circuit_decorator.py took 0.134 seconds
[2023-07-21T10:00:14.329+0000] {processor.py:157} INFO - Started process (PID=296) to work on /home/airflow/.local/lib/python3.7/site-packages/airflow/example_dags/example_short_circuit_decorator.py
[2023-07-21T10:00:14.330+0000] {processor.py:826} INFO - Processing file /home/airflow/.local/lib/python3.7/site-packages/airflow/example_dags/example_short_circuit_decorator.py for tasks to queue
[2023-07-21T10:00:14.332+0000] {logging_mixin.py:150} INFO - [2023-07-21T10:00:14.331+0000] {dagbag.py:541} INFO - Filling up the DagBag from /home/airflow/.local/lib/python3.7/site-packages/airflow/example_dags/example_short_circuit_decorator.py
[2023-07-21T10:00:14.343+0000] {processor.py:836} INFO - DAG(s) dict_keys(['example_short_circuit_decorator']) retrieved from /home/airflow/.local/lib/python3.7/site-packages/airflow/example_dags/example_short_circuit_decorator.py
[2023-07-21T10:00:14.376+0000] {logging_mixin.py:150} INFO - [2023-07-21T10:00:14.376+0000] {dag.py:2742} INFO - Sync 1 DAGs
[2023-07-21T10:00:14.409+0000] {logging_mixin.py:150} INFO - [2023-07-21T10:00:14.409+0000] {dag.py:3508} INFO - Setting next_dagrun for example_short_circuit_decorator to 2023-07-20T10:00:14.408675+00:00, run_after=2023-07-21T10:00:14.408675+00:00
[2023-07-21T10:00:14.441+0000] {processor.py:179} INFO - Processing /home/airflow/.local/lib/python3.7/site-packages/airflow/example_dags/example_short_circuit_decorator.py took 0.117 seconds
[2023-07-21T10:00:45.373+0000] {processor.py:157} INFO - Started process (PID=357) to work on /home/airflow/.local/lib/python3.7/site-packages/airflow/example_dags/example_short_circuit_decorator.py
[2023-07-21T10:00:45.375+0000] {processor.py:826} INFO - Processing file /home/airflow/.local/lib/python3.7/site-packages/airflow/example_dags/example_short_circuit_decorator.py for tasks to queue
[2023-07-21T10:00:45.376+0000] {logging_mixin.py:150} INFO - [2023-07-21T10:00:45.376+0000] {dagbag.py:541} INFO - Filling up the DagBag from /home/airflow/.local/lib/python3.7/site-packages/airflow/example_dags/example_short_circuit_decorator.py
[2023-07-21T10:00:45.387+0000] {processor.py:836} INFO - DAG(s) dict_keys(['example_short_circuit_decorator']) retrieved from /home/airflow/.local/lib/python3.7/site-packages/airflow/example_dags/example_short_circuit_decorator.py
[2023-07-21T10:00:45.416+0000] {logging_mixin.py:150} INFO - [2023-07-21T10:00:45.416+0000] {dag.py:2742} INFO - Sync 1 DAGs
[2023-07-21T10:00:45.445+0000] {logging_mixin.py:150} INFO - [2023-07-21T10:00:45.445+0000] {dag.py:3508} INFO - Setting next_dagrun for example_short_circuit_decorator to 2023-07-20T10:00:45.445262+00:00, run_after=2023-07-21T10:00:45.445262+00:00
[2023-07-21T10:00:45.467+0000] {processor.py:179} INFO - Processing /home/airflow/.local/lib/python3.7/site-packages/airflow/example_dags/example_short_circuit_decorator.py took 0.098 seconds
[2023-07-21T10:01:16.428+0000] {processor.py:157} INFO - Started process (PID=418) to work on /home/airflow/.local/lib/python3.7/site-packages/airflow/example_dags/example_short_circuit_decorator.py
[2023-07-21T10:01:16.431+0000] {processor.py:826} INFO - Processing file /home/airflow/.local/lib/python3.7/site-packages/airflow/example_dags/example_short_circuit_decorator.py for tasks to queue
[2023-07-21T10:01:16.433+0000] {logging_mixin.py:150} INFO - [2023-07-21T10:01:16.433+0000] {dagbag.py:541} INFO - Filling up the DagBag from /home/airflow/.local/lib/python3.7/site-packages/airflow/example_dags/example_short_circuit_decorator.py
[2023-07-21T10:01:16.461+0000] {processor.py:836} INFO - DAG(s) dict_keys(['example_short_circuit_decorator']) retrieved from /home/airflow/.local/lib/python3.7/site-packages/airflow/example_dags/example_short_circuit_decorator.py
[2023-07-21T10:01:16.511+0000] {logging_mixin.py:150} INFO - [2023-07-21T10:01:16.510+0000] {dag.py:2742} INFO - Sync 1 DAGs
[2023-07-21T10:01:16.551+0000] {logging_mixin.py:150} INFO - [2023-07-21T10:01:16.551+0000] {dag.py:3508} INFO - Setting next_dagrun for example_short_circuit_decorator to 2023-07-20T10:01:16.550742+00:00, run_after=2023-07-21T10:01:16.550742+00:00
[2023-07-21T10:01:16.586+0000] {processor.py:179} INFO - Processing /home/airflow/.local/lib/python3.7/site-packages/airflow/example_dags/example_short_circuit_decorator.py took 0.164 seconds
[2023-07-21T10:01:47.285+0000] {processor.py:157} INFO - Started process (PID=479) to work on /home/airflow/.local/lib/python3.7/site-packages/airflow/example_dags/example_short_circuit_decorator.py
[2023-07-21T10:01:47.288+0000] {processor.py:826} INFO - Processing file /home/airflow/.local/lib/python3.7/site-packages/airflow/example_dags/example_short_circuit_decorator.py for tasks to queue
[2023-07-21T10:01:47.291+0000] {logging_mixin.py:150} INFO - [2023-07-21T10:01:47.290+0000] {dagbag.py:541} INFO - Filling up the DagBag from /home/airflow/.local/lib/python3.7/site-packages/airflow/example_dags/example_short_circuit_decorator.py
[2023-07-21T10:01:47.325+0000] {processor.py:836} INFO - DAG(s) dict_keys(['example_short_circuit_decorator']) retrieved from /home/airflow/.local/lib/python3.7/site-packages/airflow/example_dags/example_short_circuit_decorator.py
[2023-07-21T10:01:47.393+0000] {logging_mixin.py:150} INFO - [2023-07-21T10:01:47.393+0000] {dag.py:2742} INFO - Sync 1 DAGs
[2023-07-21T10:01:47.463+0000] {logging_mixin.py:150} INFO - [2023-07-21T10:01:47.463+0000] {dag.py:3508} INFO - Setting next_dagrun for example_short_circuit_decorator to 2023-07-20T10:01:47.462768+00:00, run_after=2023-07-21T10:01:47.462768+00:00
[2023-07-21T10:01:47.523+0000] {processor.py:179} INFO - Processing /home/airflow/.local/lib/python3.7/site-packages/airflow/example_dags/example_short_circuit_decorator.py took 0.253 seconds
[2023-07-21T10:02:17.713+0000] {processor.py:157} INFO - Started process (PID=541) to work on /home/airflow/.local/lib/python3.7/site-packages/airflow/example_dags/example_short_circuit_decorator.py
[2023-07-21T10:02:17.715+0000] {processor.py:826} INFO - Processing file /home/airflow/.local/lib/python3.7/site-packages/airflow/example_dags/example_short_circuit_decorator.py for tasks to queue
[2023-07-21T10:02:17.716+0000] {logging_mixin.py:150} INFO - [2023-07-21T10:02:17.716+0000] {dagbag.py:541} INFO - Filling up the DagBag from /home/airflow/.local/lib/python3.7/site-packages/airflow/example_dags/example_short_circuit_decorator.py
[2023-07-21T10:02:17.726+0000] {processor.py:836} INFO - DAG(s) dict_keys(['example_short_circuit_decorator']) retrieved from /home/airflow/.local/lib/python3.7/site-packages/airflow/example_dags/example_short_circuit_decorator.py
[2023-07-21T10:02:17.753+0000] {logging_mixin.py:150} INFO - [2023-07-21T10:02:17.753+0000] {dag.py:2742} INFO - Sync 1 DAGs
[2023-07-21T10:02:17.785+0000] {logging_mixin.py:150} INFO - [2023-07-21T10:02:17.785+0000] {dag.py:3508} INFO - Setting next_dagrun for example_short_circuit_decorator to 2023-07-20T10:02:17.784807+00:00, run_after=2023-07-21T10:02:17.784807+00:00
[2023-07-21T10:02:17.815+0000] {processor.py:179} INFO - Processing /home/airflow/.local/lib/python3.7/site-packages/airflow/example_dags/example_short_circuit_decorator.py took 0.105 seconds
[2023-07-21T10:02:48.842+0000] {processor.py:157} INFO - Started process (PID=602) to work on /home/airflow/.local/lib/python3.7/site-packages/airflow/example_dags/example_short_circuit_decorator.py
[2023-07-21T10:02:48.844+0000] {processor.py:826} INFO - Processing file /home/airflow/.local/lib/python3.7/site-packages/airflow/example_dags/example_short_circuit_decorator.py for tasks to queue
[2023-07-21T10:02:48.845+0000] {logging_mixin.py:150} INFO - [2023-07-21T10:02:48.845+0000] {dagbag.py:541} INFO - Filling up the DagBag from /home/airflow/.local/lib/python3.7/site-packages/airflow/example_dags/example_short_circuit_decorator.py
[2023-07-21T10:02:48.861+0000] {processor.py:836} INFO - DAG(s) dict_keys(['example_short_circuit_decorator']) retrieved from /home/airflow/.local/lib/python3.7/site-packages/airflow/example_dags/example_short_circuit_decorator.py
[2023-07-21T10:02:48.881+0000] {logging_mixin.py:150} INFO - [2023-07-21T10:02:48.880+0000] {dag.py:2742} INFO - Sync 1 DAGs
[2023-07-21T10:02:48.932+0000] {logging_mixin.py:150} INFO - [2023-07-21T10:02:48.932+0000] {dag.py:3508} INFO - Setting next_dagrun for example_short_circuit_decorator to 2023-07-20T10:02:48.931747+00:00, run_after=2023-07-21T10:02:48.931747+00:00
[2023-07-21T10:02:48.957+0000] {processor.py:179} INFO - Processing /home/airflow/.local/lib/python3.7/site-packages/airflow/example_dags/example_short_circuit_decorator.py took 0.121 seconds
[2023-07-21T10:03:19.462+0000] {processor.py:157} INFO - Started process (PID=663) to work on /home/airflow/.local/lib/python3.7/site-packages/airflow/example_dags/example_short_circuit_decorator.py
[2023-07-21T10:03:19.464+0000] {processor.py:826} INFO - Processing file /home/airflow/.local/lib/python3.7/site-packages/airflow/example_dags/example_short_circuit_decorator.py for tasks to queue
[2023-07-21T10:03:19.465+0000] {logging_mixin.py:150} INFO - [2023-07-21T10:03:19.465+0000] {dagbag.py:541} INFO - Filling up the DagBag from /home/airflow/.local/lib/python3.7/site-packages/airflow/example_dags/example_short_circuit_decorator.py
[2023-07-21T10:03:19.482+0000] {processor.py:836} INFO - DAG(s) dict_keys(['example_short_circuit_decorator']) retrieved from /home/airflow/.local/lib/python3.7/site-packages/airflow/example_dags/example_short_circuit_decorator.py
[2023-07-21T10:03:19.510+0000] {logging_mixin.py:150} INFO - [2023-07-21T10:03:19.510+0000] {dag.py:2742} INFO - Sync 1 DAGs
[2023-07-21T10:03:19.540+0000] {logging_mixin.py:150} INFO - [2023-07-21T10:03:19.540+0000] {dag.py:3508} INFO - Setting next_dagrun for example_short_circuit_decorator to 2023-07-20T10:03:19.540015+00:00, run_after=2023-07-21T10:03:19.540015+00:00
[2023-07-21T10:03:19.563+0000] {processor.py:179} INFO - Processing /home/airflow/.local/lib/python3.7/site-packages/airflow/example_dags/example_short_circuit_decorator.py took 0.105 seconds
[2023-07-21T10:03:49.650+0000] {processor.py:157} INFO - Started process (PID=724) to work on /home/airflow/.local/lib/python3.7/site-packages/airflow/example_dags/example_short_circuit_decorator.py
[2023-07-21T10:03:49.652+0000] {processor.py:826} INFO - Processing file /home/airflow/.local/lib/python3.7/site-packages/airflow/example_dags/example_short_circuit_decorator.py for tasks to queue
[2023-07-21T10:03:49.653+0000] {logging_mixin.py:150} INFO - [2023-07-21T10:03:49.653+0000] {dagbag.py:541} INFO - Filling up the DagBag from /home/airflow/.local/lib/python3.7/site-packages/airflow/example_dags/example_short_circuit_decorator.py
[2023-07-21T10:03:49.670+0000] {processor.py:836} INFO - DAG(s) dict_keys(['example_short_circuit_decorator']) retrieved from /home/airflow/.local/lib/python3.7/site-packages/airflow/example_dags/example_short_circuit_decorator.py
[2023-07-21T10:03:49.712+0000] {logging_mixin.py:150} INFO - [2023-07-21T10:03:49.712+0000] {dag.py:2742} INFO - Sync 1 DAGs
[2023-07-21T10:03:49.741+0000] {logging_mixin.py:150} INFO - [2023-07-21T10:03:49.741+0000] {dag.py:3508} INFO - Setting next_dagrun for example_short_circuit_decorator to 2023-07-20T10:03:49.740873+00:00, run_after=2023-07-21T10:03:49.740873+00:00
[2023-07-21T10:03:49.766+0000] {processor.py:179} INFO - Processing /home/airflow/.local/lib/python3.7/site-packages/airflow/example_dags/example_short_circuit_decorator.py took 0.120 seconds
[2023-07-21T10:04:20.308+0000] {processor.py:157} INFO - Started process (PID=785) to work on /home/airflow/.local/lib/python3.7/site-packages/airflow/example_dags/example_short_circuit_decorator.py
[2023-07-21T10:04:20.310+0000] {processor.py:826} INFO - Processing file /home/airflow/.local/lib/python3.7/site-packages/airflow/example_dags/example_short_circuit_decorator.py for tasks to queue
[2023-07-21T10:04:20.311+0000] {logging_mixin.py:150} INFO - [2023-07-21T10:04:20.310+0000] {dagbag.py:541} INFO - Filling up the DagBag from /home/airflow/.local/lib/python3.7/site-packages/airflow/example_dags/example_short_circuit_decorator.py
[2023-07-21T10:04:20.325+0000] {processor.py:836} INFO - DAG(s) dict_keys(['example_short_circuit_decorator']) retrieved from /home/airflow/.local/lib/python3.7/site-packages/airflow/example_dags/example_short_circuit_decorator.py
[2023-07-21T10:04:20.361+0000] {logging_mixin.py:150} INFO - [2023-07-21T10:04:20.360+0000] {dag.py:2742} INFO - Sync 1 DAGs
[2023-07-21T10:04:20.393+0000] {logging_mixin.py:150} INFO - [2023-07-21T10:04:20.393+0000] {dag.py:3508} INFO - Setting next_dagrun for example_short_circuit_decorator to 2023-07-20T10:04:20.393109+00:00, run_after=2023-07-21T10:04:20.393109+00:00
[2023-07-21T10:04:20.419+0000] {processor.py:179} INFO - Processing /home/airflow/.local/lib/python3.7/site-packages/airflow/example_dags/example_short_circuit_decorator.py took 0.115 seconds
[2023-07-21T10:04:50.561+0000] {processor.py:157} INFO - Started process (PID=846) to work on /home/airflow/.local/lib/python3.7/site-packages/airflow/example_dags/example_short_circuit_decorator.py
[2023-07-21T10:04:50.562+0000] {processor.py:826} INFO - Processing file /home/airflow/.local/lib/python3.7/site-packages/airflow/example_dags/example_short_circuit_decorator.py for tasks to queue
[2023-07-21T10:04:50.563+0000] {logging_mixin.py:150} INFO - [2023-07-21T10:04:50.563+0000] {dagbag.py:541} INFO - Filling up the DagBag from /home/airflow/.local/lib/python3.7/site-packages/airflow/example_dags/example_short_circuit_decorator.py
[2023-07-21T10:04:50.574+0000] {processor.py:836} INFO - DAG(s) dict_keys(['example_short_circuit_decorator']) retrieved from /home/airflow/.local/lib/python3.7/site-packages/airflow/example_dags/example_short_circuit_decorator.py
[2023-07-21T10:04:50.608+0000] {logging_mixin.py:150} INFO - [2023-07-21T10:04:50.608+0000] {dag.py:2742} INFO - Sync 1 DAGs
[2023-07-21T10:04:50.639+0000] {logging_mixin.py:150} INFO - [2023-07-21T10:04:50.639+0000] {dag.py:3508} INFO - Setting next_dagrun for example_short_circuit_decorator to 2023-07-20T10:04:50.638881+00:00, run_after=2023-07-21T10:04:50.638881+00:00
[2023-07-21T10:04:50.670+0000] {processor.py:179} INFO - Processing /home/airflow/.local/lib/python3.7/site-packages/airflow/example_dags/example_short_circuit_decorator.py took 0.113 seconds
[2023-07-21T10:05:21.374+0000] {processor.py:157} INFO - Started process (PID=907) to work on /home/airflow/.local/lib/python3.7/site-packages/airflow/example_dags/example_short_circuit_decorator.py
[2023-07-21T10:05:21.375+0000] {processor.py:826} INFO - Processing file /home/airflow/.local/lib/python3.7/site-packages/airflow/example_dags/example_short_circuit_decorator.py for tasks to queue
[2023-07-21T10:05:21.377+0000] {logging_mixin.py:150} INFO - [2023-07-21T10:05:21.376+0000] {dagbag.py:541} INFO - Filling up the DagBag from /home/airflow/.local/lib/python3.7/site-packages/airflow/example_dags/example_short_circuit_decorator.py
[2023-07-21T10:05:21.388+0000] {processor.py:836} INFO - DAG(s) dict_keys(['example_short_circuit_decorator']) retrieved from /home/airflow/.local/lib/python3.7/site-packages/airflow/example_dags/example_short_circuit_decorator.py
[2023-07-21T10:05:21.416+0000] {logging_mixin.py:150} INFO - [2023-07-21T10:05:21.416+0000] {dag.py:2742} INFO - Sync 1 DAGs
[2023-07-21T10:05:21.444+0000] {logging_mixin.py:150} INFO - [2023-07-21T10:05:21.444+0000] {dag.py:3508} INFO - Setting next_dagrun for example_short_circuit_decorator to 2023-07-20T10:05:21.444170+00:00, run_after=2023-07-21T10:05:21.444170+00:00
[2023-07-21T10:05:21.470+0000] {processor.py:179} INFO - Processing /home/airflow/.local/lib/python3.7/site-packages/airflow/example_dags/example_short_circuit_decorator.py took 0.099 seconds
[2023-07-21T10:05:52.828+0000] {processor.py:157} INFO - Started process (PID=968) to work on /home/airflow/.local/lib/python3.7/site-packages/airflow/example_dags/example_short_circuit_decorator.py
[2023-07-21T10:05:52.830+0000] {processor.py:826} INFO - Processing file /home/airflow/.local/lib/python3.7/site-packages/airflow/example_dags/example_short_circuit_decorator.py for tasks to queue
[2023-07-21T10:05:52.831+0000] {logging_mixin.py:150} INFO - [2023-07-21T10:05:52.831+0000] {dagbag.py:541} INFO - Filling up the DagBag from /home/airflow/.local/lib/python3.7/site-packages/airflow/example_dags/example_short_circuit_decorator.py
[2023-07-21T10:05:52.842+0000] {processor.py:836} INFO - DAG(s) dict_keys(['example_short_circuit_decorator']) retrieved from /home/airflow/.local/lib/python3.7/site-packages/airflow/example_dags/example_short_circuit_decorator.py
[2023-07-21T10:05:52.878+0000] {logging_mixin.py:150} INFO - [2023-07-21T10:05:52.877+0000] {dag.py:2742} INFO - Sync 1 DAGs
[2023-07-21T10:05:52.913+0000] {logging_mixin.py:150} INFO - [2023-07-21T10:05:52.913+0000] {dag.py:3508} INFO - Setting next_dagrun for example_short_circuit_decorator to 2023-07-20T10:05:52.912681+00:00, run_after=2023-07-21T10:05:52.912681+00:00
[2023-07-21T10:05:52.948+0000] {processor.py:179} INFO - Processing /home/airflow/.local/lib/python3.7/site-packages/airflow/example_dags/example_short_circuit_decorator.py took 0.124 seconds
[2023-07-21T10:06:23.199+0000] {processor.py:157} INFO - Started process (PID=1029) to work on /home/airflow/.local/lib/python3.7/site-packages/airflow/example_dags/example_short_circuit_decorator.py
[2023-07-21T10:06:23.200+0000] {processor.py:826} INFO - Processing file /home/airflow/.local/lib/python3.7/site-packages/airflow/example_dags/example_short_circuit_decorator.py for tasks to queue
[2023-07-21T10:06:23.202+0000] {logging_mixin.py:150} INFO - [2023-07-21T10:06:23.201+0000] {dagbag.py:541} INFO - Filling up the DagBag from /home/airflow/.local/lib/python3.7/site-packages/airflow/example_dags/example_short_circuit_decorator.py
[2023-07-21T10:06:23.219+0000] {processor.py:836} INFO - DAG(s) dict_keys(['example_short_circuit_decorator']) retrieved from /home/airflow/.local/lib/python3.7/site-packages/airflow/example_dags/example_short_circuit_decorator.py
[2023-07-21T10:06:23.261+0000] {logging_mixin.py:150} INFO - [2023-07-21T10:06:23.260+0000] {dag.py:2742} INFO - Sync 1 DAGs
[2023-07-21T10:06:23.293+0000] {logging_mixin.py:150} INFO - [2023-07-21T10:06:23.293+0000] {dag.py:3508} INFO - Setting next_dagrun for example_short_circuit_decorator to 2023-07-20T10:06:23.292931+00:00, run_after=2023-07-21T10:06:23.292931+00:00
[2023-07-21T10:06:23.324+0000] {processor.py:179} INFO - Processing /home/airflow/.local/lib/python3.7/site-packages/airflow/example_dags/example_short_circuit_decorator.py took 0.130 seconds
[2023-07-21T10:06:54.399+0000] {processor.py:157} INFO - Started process (PID=1090) to work on /home/airflow/.local/lib/python3.7/site-packages/airflow/example_dags/example_short_circuit_decorator.py
[2023-07-21T10:06:54.401+0000] {processor.py:826} INFO - Processing file /home/airflow/.local/lib/python3.7/site-packages/airflow/example_dags/example_short_circuit_decorator.py for tasks to queue
[2023-07-21T10:06:54.402+0000] {logging_mixin.py:150} INFO - [2023-07-21T10:06:54.402+0000] {dagbag.py:541} INFO - Filling up the DagBag from /home/airflow/.local/lib/python3.7/site-packages/airflow/example_dags/example_short_circuit_decorator.py
[2023-07-21T10:06:54.415+0000] {processor.py:836} INFO - DAG(s) dict_keys(['example_short_circuit_decorator']) retrieved from /home/airflow/.local/lib/python3.7/site-packages/airflow/example_dags/example_short_circuit_decorator.py
[2023-07-21T10:06:54.454+0000] {logging_mixin.py:150} INFO - [2023-07-21T10:06:54.454+0000] {dag.py:2742} INFO - Sync 1 DAGs
[2023-07-21T10:06:54.493+0000] {logging_mixin.py:150} INFO - [2023-07-21T10:06:54.493+0000] {dag.py:3508} INFO - Setting next_dagrun for example_short_circuit_decorator to 2023-07-20T10:06:54.492928+00:00, run_after=2023-07-21T10:06:54.492928+00:00
[2023-07-21T10:06:54.530+0000] {processor.py:179} INFO - Processing /home/airflow/.local/lib/python3.7/site-packages/airflow/example_dags/example_short_circuit_decorator.py took 0.134 seconds
[2023-07-21T10:07:25.531+0000] {processor.py:157} INFO - Started process (PID=1151) to work on /home/airflow/.local/lib/python3.7/site-packages/airflow/example_dags/example_short_circuit_decorator.py
[2023-07-21T10:07:25.533+0000] {processor.py:826} INFO - Processing file /home/airflow/.local/lib/python3.7/site-packages/airflow/example_dags/example_short_circuit_decorator.py for tasks to queue
[2023-07-21T10:07:25.534+0000] {logging_mixin.py:150} INFO - [2023-07-21T10:07:25.534+0000] {dagbag.py:541} INFO - Filling up the DagBag from /home/airflow/.local/lib/python3.7/site-packages/airflow/example_dags/example_short_circuit_decorator.py
[2023-07-21T10:07:25.550+0000] {processor.py:836} INFO - DAG(s) dict_keys(['example_short_circuit_decorator']) retrieved from /home/airflow/.local/lib/python3.7/site-packages/airflow/example_dags/example_short_circuit_decorator.py
[2023-07-21T10:07:25.595+0000] {logging_mixin.py:150} INFO - [2023-07-21T10:07:25.594+0000] {dag.py:2742} INFO - Sync 1 DAGs
[2023-07-21T10:07:25.633+0000] {logging_mixin.py:150} INFO - [2023-07-21T10:07:25.632+0000] {dag.py:3508} INFO - Setting next_dagrun for example_short_circuit_decorator to 2023-07-20T10:07:25.632497+00:00, run_after=2023-07-21T10:07:25.632497+00:00
[2023-07-21T10:07:25.676+0000] {processor.py:179} INFO - Processing /home/airflow/.local/lib/python3.7/site-packages/airflow/example_dags/example_short_circuit_decorator.py took 0.151 seconds
[2023-07-21T10:07:55.836+0000] {processor.py:157} INFO - Started process (PID=1212) to work on /home/airflow/.local/lib/python3.7/site-packages/airflow/example_dags/example_short_circuit_decorator.py
[2023-07-21T10:07:55.838+0000] {processor.py:826} INFO - Processing file /home/airflow/.local/lib/python3.7/site-packages/airflow/example_dags/example_short_circuit_decorator.py for tasks to queue
[2023-07-21T10:07:55.840+0000] {logging_mixin.py:150} INFO - [2023-07-21T10:07:55.839+0000] {dagbag.py:541} INFO - Filling up the DagBag from /home/airflow/.local/lib/python3.7/site-packages/airflow/example_dags/example_short_circuit_decorator.py
[2023-07-21T10:07:55.859+0000] {processor.py:836} INFO - DAG(s) dict_keys(['example_short_circuit_decorator']) retrieved from /home/airflow/.local/lib/python3.7/site-packages/airflow/example_dags/example_short_circuit_decorator.py
[2023-07-21T10:07:55.903+0000] {logging_mixin.py:150} INFO - [2023-07-21T10:07:55.902+0000] {dag.py:2742} INFO - Sync 1 DAGs
[2023-07-21T10:07:55.934+0000] {logging_mixin.py:150} INFO - [2023-07-21T10:07:55.934+0000] {dag.py:3508} INFO - Setting next_dagrun for example_short_circuit_decorator to 2023-07-20T10:07:55.934380+00:00, run_after=2023-07-21T10:07:55.934380+00:00
[2023-07-21T10:07:55.963+0000] {processor.py:179} INFO - Processing /home/airflow/.local/lib/python3.7/site-packages/airflow/example_dags/example_short_circuit_decorator.py took 0.132 seconds
[2023-07-21T10:08:27.972+0000] {processor.py:157} INFO - Started process (PID=1281) to work on /home/airflow/.local/lib/python3.7/site-packages/airflow/example_dags/example_short_circuit_decorator.py
[2023-07-21T10:08:27.976+0000] {processor.py:826} INFO - Processing file /home/airflow/.local/lib/python3.7/site-packages/airflow/example_dags/example_short_circuit_decorator.py for tasks to queue
[2023-07-21T10:08:27.979+0000] {logging_mixin.py:150} INFO - [2023-07-21T10:08:27.978+0000] {dagbag.py:541} INFO - Filling up the DagBag from /home/airflow/.local/lib/python3.7/site-packages/airflow/example_dags/example_short_circuit_decorator.py
[2023-07-21T10:08:28.011+0000] {processor.py:836} INFO - DAG(s) dict_keys(['example_short_circuit_decorator']) retrieved from /home/airflow/.local/lib/python3.7/site-packages/airflow/example_dags/example_short_circuit_decorator.py
[2023-07-21T10:08:28.093+0000] {logging_mixin.py:150} INFO - [2023-07-21T10:08:28.092+0000] {dag.py:2742} INFO - Sync 1 DAGs
[2023-07-21T10:08:28.202+0000] {logging_mixin.py:150} INFO - [2023-07-21T10:08:28.202+0000] {dag.py:3508} INFO - Setting next_dagrun for example_short_circuit_decorator to 2023-07-20T10:08:28.201697+00:00, run_after=2023-07-21T10:08:28.201697+00:00
[2023-07-21T10:08:28.344+0000] {processor.py:179} INFO - Processing /home/airflow/.local/lib/python3.7/site-packages/airflow/example_dags/example_short_circuit_decorator.py took 0.382 seconds
[2023-07-21T10:08:59.044+0000] {processor.py:157} INFO - Started process (PID=1342) to work on /home/airflow/.local/lib/python3.7/site-packages/airflow/example_dags/example_short_circuit_decorator.py
[2023-07-21T10:08:59.047+0000] {processor.py:826} INFO - Processing file /home/airflow/.local/lib/python3.7/site-packages/airflow/example_dags/example_short_circuit_decorator.py for tasks to queue
[2023-07-21T10:08:59.050+0000] {logging_mixin.py:150} INFO - [2023-07-21T10:08:59.049+0000] {dagbag.py:541} INFO - Filling up the DagBag from /home/airflow/.local/lib/python3.7/site-packages/airflow/example_dags/example_short_circuit_decorator.py
[2023-07-21T10:08:59.064+0000] {processor.py:836} INFO - DAG(s) dict_keys(['example_short_circuit_decorator']) retrieved from /home/airflow/.local/lib/python3.7/site-packages/airflow/example_dags/example_short_circuit_decorator.py
[2023-07-21T10:08:59.101+0000] {logging_mixin.py:150} INFO - [2023-07-21T10:08:59.101+0000] {dag.py:2742} INFO - Sync 1 DAGs
[2023-07-21T10:08:59.131+0000] {logging_mixin.py:150} INFO - [2023-07-21T10:08:59.131+0000] {dag.py:3508} INFO - Setting next_dagrun for example_short_circuit_decorator to 2023-07-20T10:08:59.131202+00:00, run_after=2023-07-21T10:08:59.131202+00:00
[2023-07-21T10:08:59.156+0000] {processor.py:179} INFO - Processing /home/airflow/.local/lib/python3.7/site-packages/airflow/example_dags/example_short_circuit_decorator.py took 0.116 seconds
[2023-07-21T10:09:29.365+0000] {processor.py:157} INFO - Started process (PID=1403) to work on /home/airflow/.local/lib/python3.7/site-packages/airflow/example_dags/example_short_circuit_decorator.py
[2023-07-21T10:09:29.368+0000] {processor.py:826} INFO - Processing file /home/airflow/.local/lib/python3.7/site-packages/airflow/example_dags/example_short_circuit_decorator.py for tasks to queue
[2023-07-21T10:09:29.370+0000] {logging_mixin.py:150} INFO - [2023-07-21T10:09:29.369+0000] {dagbag.py:541} INFO - Filling up the DagBag from /home/airflow/.local/lib/python3.7/site-packages/airflow/example_dags/example_short_circuit_decorator.py
[2023-07-21T10:09:29.397+0000] {processor.py:836} INFO - DAG(s) dict_keys(['example_short_circuit_decorator']) retrieved from /home/airflow/.local/lib/python3.7/site-packages/airflow/example_dags/example_short_circuit_decorator.py
[2023-07-21T10:09:29.444+0000] {logging_mixin.py:150} INFO - [2023-07-21T10:09:29.444+0000] {dag.py:2742} INFO - Sync 1 DAGs
[2023-07-21T10:09:29.469+0000] {logging_mixin.py:150} INFO - [2023-07-21T10:09:29.468+0000] {dag.py:3508} INFO - Setting next_dagrun for example_short_circuit_decorator to 2023-07-20T10:09:29.468745+00:00, run_after=2023-07-21T10:09:29.468745+00:00
[2023-07-21T10:09:29.497+0000] {processor.py:179} INFO - Processing /home/airflow/.local/lib/python3.7/site-packages/airflow/example_dags/example_short_circuit_decorator.py took 0.142 seconds
[2023-07-21T10:09:59.984+0000] {processor.py:157} INFO - Started process (PID=1464) to work on /home/airflow/.local/lib/python3.7/site-packages/airflow/example_dags/example_short_circuit_decorator.py
[2023-07-21T10:09:59.985+0000] {processor.py:826} INFO - Processing file /home/airflow/.local/lib/python3.7/site-packages/airflow/example_dags/example_short_circuit_decorator.py for tasks to queue
[2023-07-21T10:09:59.986+0000] {logging_mixin.py:150} INFO - [2023-07-21T10:09:59.986+0000] {dagbag.py:541} INFO - Filling up the DagBag from /home/airflow/.local/lib/python3.7/site-packages/airflow/example_dags/example_short_circuit_decorator.py
[2023-07-21T10:09:59.998+0000] {processor.py:836} INFO - DAG(s) dict_keys(['example_short_circuit_decorator']) retrieved from /home/airflow/.local/lib/python3.7/site-packages/airflow/example_dags/example_short_circuit_decorator.py
[2023-07-21T10:10:00.033+0000] {logging_mixin.py:150} INFO - [2023-07-21T10:10:00.033+0000] {dag.py:2742} INFO - Sync 1 DAGs
[2023-07-21T10:10:00.064+0000] {logging_mixin.py:150} INFO - [2023-07-21T10:10:00.064+0000] {dag.py:3508} INFO - Setting next_dagrun for example_short_circuit_decorator to 2023-07-20T10:10:00.063767+00:00, run_after=2023-07-21T10:10:00.063767+00:00
[2023-07-21T10:10:00.089+0000] {processor.py:179} INFO - Processing /home/airflow/.local/lib/python3.7/site-packages/airflow/example_dags/example_short_circuit_decorator.py took 0.109 seconds
[2023-07-21T10:10:30.147+0000] {processor.py:157} INFO - Started process (PID=1525) to work on /home/airflow/.local/lib/python3.7/site-packages/airflow/example_dags/example_short_circuit_decorator.py
[2023-07-21T10:10:30.149+0000] {processor.py:826} INFO - Processing file /home/airflow/.local/lib/python3.7/site-packages/airflow/example_dags/example_short_circuit_decorator.py for tasks to queue
[2023-07-21T10:10:30.151+0000] {logging_mixin.py:150} INFO - [2023-07-21T10:10:30.150+0000] {dagbag.py:541} INFO - Filling up the DagBag from /home/airflow/.local/lib/python3.7/site-packages/airflow/example_dags/example_short_circuit_decorator.py
[2023-07-21T10:10:30.165+0000] {processor.py:836} INFO - DAG(s) dict_keys(['example_short_circuit_decorator']) retrieved from /home/airflow/.local/lib/python3.7/site-packages/airflow/example_dags/example_short_circuit_decorator.py
[2023-07-21T10:10:30.203+0000] {logging_mixin.py:150} INFO - [2023-07-21T10:10:30.203+0000] {dag.py:2742} INFO - Sync 1 DAGs
[2023-07-21T10:10:30.229+0000] {logging_mixin.py:150} INFO - [2023-07-21T10:10:30.229+0000] {dag.py:3508} INFO - Setting next_dagrun for example_short_circuit_decorator to 2023-07-20T10:10:30.229217+00:00, run_after=2023-07-21T10:10:30.229217+00:00
[2023-07-21T10:10:30.253+0000] {processor.py:179} INFO - Processing /home/airflow/.local/lib/python3.7/site-packages/airflow/example_dags/example_short_circuit_decorator.py took 0.110 seconds
[2023-07-21T10:11:01.200+0000] {processor.py:157} INFO - Started process (PID=1586) to work on /home/airflow/.local/lib/python3.7/site-packages/airflow/example_dags/example_short_circuit_decorator.py
[2023-07-21T10:11:01.201+0000] {processor.py:826} INFO - Processing file /home/airflow/.local/lib/python3.7/site-packages/airflow/example_dags/example_short_circuit_decorator.py for tasks to queue
[2023-07-21T10:11:01.203+0000] {logging_mixin.py:150} INFO - [2023-07-21T10:11:01.202+0000] {dagbag.py:541} INFO - Filling up the DagBag from /home/airflow/.local/lib/python3.7/site-packages/airflow/example_dags/example_short_circuit_decorator.py
[2023-07-21T10:11:01.219+0000] {processor.py:836} INFO - DAG(s) dict_keys(['example_short_circuit_decorator']) retrieved from /home/airflow/.local/lib/python3.7/site-packages/airflow/example_dags/example_short_circuit_decorator.py
[2023-07-21T10:11:01.254+0000] {logging_mixin.py:150} INFO - [2023-07-21T10:11:01.254+0000] {dag.py:2742} INFO - Sync 1 DAGs
[2023-07-21T10:11:01.290+0000] {logging_mixin.py:150} INFO - [2023-07-21T10:11:01.290+0000] {dag.py:3508} INFO - Setting next_dagrun for example_short_circuit_decorator to 2023-07-20T10:11:01.289744+00:00, run_after=2023-07-21T10:11:01.289744+00:00
[2023-07-21T10:11:01.320+0000] {processor.py:179} INFO - Processing /home/airflow/.local/lib/python3.7/site-packages/airflow/example_dags/example_short_circuit_decorator.py took 0.124 seconds
[2023-07-21T10:11:32.116+0000] {processor.py:157} INFO - Started process (PID=1647) to work on /home/airflow/.local/lib/python3.7/site-packages/airflow/example_dags/example_short_circuit_decorator.py
[2023-07-21T10:11:32.118+0000] {processor.py:826} INFO - Processing file /home/airflow/.local/lib/python3.7/site-packages/airflow/example_dags/example_short_circuit_decorator.py for tasks to queue
[2023-07-21T10:11:32.120+0000] {logging_mixin.py:150} INFO - [2023-07-21T10:11:32.119+0000] {dagbag.py:541} INFO - Filling up the DagBag from /home/airflow/.local/lib/python3.7/site-packages/airflow/example_dags/example_short_circuit_decorator.py
[2023-07-21T10:11:32.132+0000] {processor.py:836} INFO - DAG(s) dict_keys(['example_short_circuit_decorator']) retrieved from /home/airflow/.local/lib/python3.7/site-packages/airflow/example_dags/example_short_circuit_decorator.py
[2023-07-21T10:11:32.165+0000] {logging_mixin.py:150} INFO - [2023-07-21T10:11:32.165+0000] {dag.py:2742} INFO - Sync 1 DAGs
[2023-07-21T10:11:32.202+0000] {logging_mixin.py:150} INFO - [2023-07-21T10:11:32.201+0000] {dag.py:3508} INFO - Setting next_dagrun for example_short_circuit_decorator to 2023-07-20T10:11:32.201483+00:00, run_after=2023-07-21T10:11:32.201483+00:00
[2023-07-21T10:11:32.234+0000] {processor.py:179} INFO - Processing /home/airflow/.local/lib/python3.7/site-packages/airflow/example_dags/example_short_circuit_decorator.py took 0.122 seconds
[2023-07-21T10:12:02.777+0000] {processor.py:157} INFO - Started process (PID=1708) to work on /home/airflow/.local/lib/python3.7/site-packages/airflow/example_dags/example_short_circuit_decorator.py
[2023-07-21T10:12:02.779+0000] {processor.py:826} INFO - Processing file /home/airflow/.local/lib/python3.7/site-packages/airflow/example_dags/example_short_circuit_decorator.py for tasks to queue
[2023-07-21T10:12:02.780+0000] {logging_mixin.py:150} INFO - [2023-07-21T10:12:02.780+0000] {dagbag.py:541} INFO - Filling up the DagBag from /home/airflow/.local/lib/python3.7/site-packages/airflow/example_dags/example_short_circuit_decorator.py
[2023-07-21T10:12:02.795+0000] {processor.py:836} INFO - DAG(s) dict_keys(['example_short_circuit_decorator']) retrieved from /home/airflow/.local/lib/python3.7/site-packages/airflow/example_dags/example_short_circuit_decorator.py
[2023-07-21T10:12:02.832+0000] {logging_mixin.py:150} INFO - [2023-07-21T10:12:02.832+0000] {dag.py:2742} INFO - Sync 1 DAGs
[2023-07-21T10:12:02.862+0000] {logging_mixin.py:150} INFO - [2023-07-21T10:12:02.862+0000] {dag.py:3508} INFO - Setting next_dagrun for example_short_circuit_decorator to 2023-07-20T10:12:02.862170+00:00, run_after=2023-07-21T10:12:02.862170+00:00
[2023-07-21T10:12:02.889+0000] {processor.py:179} INFO - Processing /home/airflow/.local/lib/python3.7/site-packages/airflow/example_dags/example_short_circuit_decorator.py took 0.116 seconds
[2023-07-21T10:12:33.354+0000] {processor.py:157} INFO - Started process (PID=1769) to work on /home/airflow/.local/lib/python3.7/site-packages/airflow/example_dags/example_short_circuit_decorator.py
[2023-07-21T10:12:33.356+0000] {processor.py:826} INFO - Processing file /home/airflow/.local/lib/python3.7/site-packages/airflow/example_dags/example_short_circuit_decorator.py for tasks to queue
[2023-07-21T10:12:33.358+0000] {logging_mixin.py:150} INFO - [2023-07-21T10:12:33.357+0000] {dagbag.py:541} INFO - Filling up the DagBag from /home/airflow/.local/lib/python3.7/site-packages/airflow/example_dags/example_short_circuit_decorator.py
[2023-07-21T10:12:33.371+0000] {processor.py:836} INFO - DAG(s) dict_keys(['example_short_circuit_decorator']) retrieved from /home/airflow/.local/lib/python3.7/site-packages/airflow/example_dags/example_short_circuit_decorator.py
[2023-07-21T10:12:33.408+0000] {logging_mixin.py:150} INFO - [2023-07-21T10:12:33.408+0000] {dag.py:2742} INFO - Sync 1 DAGs
[2023-07-21T10:12:33.442+0000] {logging_mixin.py:150} INFO - [2023-07-21T10:12:33.441+0000] {dag.py:3508} INFO - Setting next_dagrun for example_short_circuit_decorator to 2023-07-20T10:12:33.441497+00:00, run_after=2023-07-21T10:12:33.441497+00:00
[2023-07-21T10:12:33.471+0000] {processor.py:179} INFO - Processing /home/airflow/.local/lib/python3.7/site-packages/airflow/example_dags/example_short_circuit_decorator.py took 0.121 seconds
[2023-07-21T10:13:03.885+0000] {processor.py:157} INFO - Started process (PID=1830) to work on /home/airflow/.local/lib/python3.7/site-packages/airflow/example_dags/example_short_circuit_decorator.py
[2023-07-21T10:13:03.887+0000] {processor.py:826} INFO - Processing file /home/airflow/.local/lib/python3.7/site-packages/airflow/example_dags/example_short_circuit_decorator.py for tasks to queue
[2023-07-21T10:13:03.889+0000] {logging_mixin.py:150} INFO - [2023-07-21T10:13:03.888+0000] {dagbag.py:541} INFO - Filling up the DagBag from /home/airflow/.local/lib/python3.7/site-packages/airflow/example_dags/example_short_circuit_decorator.py
[2023-07-21T10:13:03.906+0000] {processor.py:836} INFO - DAG(s) dict_keys(['example_short_circuit_decorator']) retrieved from /home/airflow/.local/lib/python3.7/site-packages/airflow/example_dags/example_short_circuit_decorator.py
[2023-07-21T10:13:03.942+0000] {logging_mixin.py:150} INFO - [2023-07-21T10:13:03.942+0000] {dag.py:2742} INFO - Sync 1 DAGs
[2023-07-21T10:13:03.983+0000] {logging_mixin.py:150} INFO - [2023-07-21T10:13:03.983+0000] {dag.py:3508} INFO - Setting next_dagrun for example_short_circuit_decorator to 2023-07-20T10:13:03.982823+00:00, run_after=2023-07-21T10:13:03.982823+00:00
[2023-07-21T10:13:04.009+0000] {processor.py:179} INFO - Processing /home/airflow/.local/lib/python3.7/site-packages/airflow/example_dags/example_short_circuit_decorator.py took 0.128 seconds
[2023-07-21T10:13:34.902+0000] {processor.py:157} INFO - Started process (PID=1891) to work on /home/airflow/.local/lib/python3.7/site-packages/airflow/example_dags/example_short_circuit_decorator.py
[2023-07-21T10:13:34.904+0000] {processor.py:826} INFO - Processing file /home/airflow/.local/lib/python3.7/site-packages/airflow/example_dags/example_short_circuit_decorator.py for tasks to queue
[2023-07-21T10:13:34.905+0000] {logging_mixin.py:150} INFO - [2023-07-21T10:13:34.905+0000] {dagbag.py:541} INFO - Filling up the DagBag from /home/airflow/.local/lib/python3.7/site-packages/airflow/example_dags/example_short_circuit_decorator.py
[2023-07-21T10:13:34.921+0000] {processor.py:836} INFO - DAG(s) dict_keys(['example_short_circuit_decorator']) retrieved from /home/airflow/.local/lib/python3.7/site-packages/airflow/example_dags/example_short_circuit_decorator.py
[2023-07-21T10:13:34.964+0000] {logging_mixin.py:150} INFO - [2023-07-21T10:13:34.964+0000] {dag.py:2742} INFO - Sync 1 DAGs
[2023-07-21T10:13:35.010+0000] {logging_mixin.py:150} INFO - [2023-07-21T10:13:35.010+0000] {dag.py:3508} INFO - Setting next_dagrun for example_short_circuit_decorator to 2023-07-20T10:13:35.010202+00:00, run_after=2023-07-21T10:13:35.010202+00:00
[2023-07-21T10:13:35.040+0000] {processor.py:179} INFO - Processing /home/airflow/.local/lib/python3.7/site-packages/airflow/example_dags/example_short_circuit_decorator.py took 0.143 seconds
[2023-07-21T10:14:05.781+0000] {processor.py:157} INFO - Started process (PID=1952) to work on /home/airflow/.local/lib/python3.7/site-packages/airflow/example_dags/example_short_circuit_decorator.py
[2023-07-21T10:14:05.783+0000] {processor.py:826} INFO - Processing file /home/airflow/.local/lib/python3.7/site-packages/airflow/example_dags/example_short_circuit_decorator.py for tasks to queue
[2023-07-21T10:14:05.784+0000] {logging_mixin.py:150} INFO - [2023-07-21T10:14:05.784+0000] {dagbag.py:541} INFO - Filling up the DagBag from /home/airflow/.local/lib/python3.7/site-packages/airflow/example_dags/example_short_circuit_decorator.py
[2023-07-21T10:14:05.795+0000] {processor.py:836} INFO - DAG(s) dict_keys(['example_short_circuit_decorator']) retrieved from /home/airflow/.local/lib/python3.7/site-packages/airflow/example_dags/example_short_circuit_decorator.py
[2023-07-21T10:14:05.827+0000] {logging_mixin.py:150} INFO - [2023-07-21T10:14:05.826+0000] {dag.py:2742} INFO - Sync 1 DAGs
[2023-07-21T10:14:05.856+0000] {logging_mixin.py:150} INFO - [2023-07-21T10:14:05.855+0000] {dag.py:3508} INFO - Setting next_dagrun for example_short_circuit_decorator to 2023-07-20T10:14:05.855647+00:00, run_after=2023-07-21T10:14:05.855647+00:00
[2023-07-21T10:14:05.880+0000] {processor.py:179} INFO - Processing /home/airflow/.local/lib/python3.7/site-packages/airflow/example_dags/example_short_circuit_decorator.py took 0.103 seconds
[2023-07-21T10:14:36.340+0000] {processor.py:157} INFO - Started process (PID=2013) to work on /home/airflow/.local/lib/python3.7/site-packages/airflow/example_dags/example_short_circuit_decorator.py
[2023-07-21T10:14:36.341+0000] {processor.py:826} INFO - Processing file /home/airflow/.local/lib/python3.7/site-packages/airflow/example_dags/example_short_circuit_decorator.py for tasks to queue
[2023-07-21T10:14:36.342+0000] {logging_mixin.py:150} INFO - [2023-07-21T10:14:36.342+0000] {dagbag.py:541} INFO - Filling up the DagBag from /home/airflow/.local/lib/python3.7/site-packages/airflow/example_dags/example_short_circuit_decorator.py
[2023-07-21T10:14:36.356+0000] {processor.py:836} INFO - DAG(s) dict_keys(['example_short_circuit_decorator']) retrieved from /home/airflow/.local/lib/python3.7/site-packages/airflow/example_dags/example_short_circuit_decorator.py
[2023-07-21T10:14:36.390+0000] {logging_mixin.py:150} INFO - [2023-07-21T10:14:36.389+0000] {dag.py:2742} INFO - Sync 1 DAGs
[2023-07-21T10:14:36.420+0000] {logging_mixin.py:150} INFO - [2023-07-21T10:14:36.420+0000] {dag.py:3508} INFO - Setting next_dagrun for example_short_circuit_decorator to 2023-07-20T10:14:36.419651+00:00, run_after=2023-07-21T10:14:36.419651+00:00
[2023-07-21T10:14:36.449+0000] {processor.py:179} INFO - Processing /home/airflow/.local/lib/python3.7/site-packages/airflow/example_dags/example_short_circuit_decorator.py took 0.112 seconds
