[2023-07-21T09:58:14.390+0000] {processor.py:157} INFO - Started process (PID=70) to work on /home/airflow/.local/lib/python3.7/site-packages/airflow/example_dags/example_subdag_operator.py
[2023-07-21T09:58:14.392+0000] {processor.py:826} INFO - Processing file /home/airflow/.local/lib/python3.7/site-packages/airflow/example_dags/example_subdag_operator.py for tasks to queue
[2023-07-21T09:58:14.393+0000] {logging_mixin.py:150} INFO - [2023-07-21T09:58:14.393+0000] {dagbag.py:541} INFO - Filling up the DagBag from /home/airflow/.local/lib/python3.7/site-packages/airflow/example_dags/example_subdag_operator.py
[2023-07-21T09:58:14.589+0000] {processor.py:836} INFO - DAG(s) dict_keys(['example_subdag_operator.section-1', 'example_subdag_operator.section-2', 'example_subdag_operator']) retrieved from /home/airflow/.local/lib/python3.7/site-packages/airflow/example_dags/example_subdag_operator.py
[2023-07-21T09:58:14.620+0000] {logging_mixin.py:150} INFO - [2023-07-21T09:58:14.620+0000] {dag.py:2742} INFO - Sync 3 DAGs
[2023-07-21T09:58:14.650+0000] {logging_mixin.py:150} INFO - [2023-07-21T09:58:14.650+0000] {dag.py:3508} INFO - Setting next_dagrun for example_subdag_operator to 2022-01-01T00:00:00+00:00, run_after=2022-01-01T00:00:00+00:00
[2023-07-21T09:58:14.657+0000] {logging_mixin.py:150} INFO - [2023-07-21T09:58:14.656+0000] {dag.py:3508} INFO - Setting next_dagrun for example_subdag_operator.section-1 to None, run_after=None
[2023-07-21T09:58:14.659+0000] {logging_mixin.py:150} INFO - [2023-07-21T09:58:14.659+0000] {dag.py:3508} INFO - Setting next_dagrun for example_subdag_operator.section-2 to None, run_after=None
[2023-07-21T09:58:14.674+0000] {logging_mixin.py:150} INFO - [2023-07-21T09:58:14.674+0000] {dag.py:2742} INFO - Sync 2 DAGs
[2023-07-21T09:58:14.684+0000] {logging_mixin.py:150} INFO - [2023-07-21T09:58:14.683+0000] {dag.py:3508} INFO - Setting next_dagrun for example_subdag_operator.section-1 to None, run_after=None
[2023-07-21T09:58:14.685+0000] {logging_mixin.py:150} INFO - [2023-07-21T09:58:14.684+0000] {dag.py:3508} INFO - Setting next_dagrun for example_subdag_operator.section-2 to None, run_after=None
[2023-07-21T09:58:14.708+0000] {processor.py:179} INFO - Processing /home/airflow/.local/lib/python3.7/site-packages/airflow/example_dags/example_subdag_operator.py took 0.325 seconds
[2023-07-21T09:58:45.192+0000] {processor.py:157} INFO - Started process (PID=131) to work on /home/airflow/.local/lib/python3.7/site-packages/airflow/example_dags/example_subdag_operator.py
[2023-07-21T09:58:45.199+0000] {processor.py:826} INFO - Processing file /home/airflow/.local/lib/python3.7/site-packages/airflow/example_dags/example_subdag_operator.py for tasks to queue
[2023-07-21T09:58:45.202+0000] {logging_mixin.py:150} INFO - [2023-07-21T09:58:45.201+0000] {dagbag.py:541} INFO - Filling up the DagBag from /home/airflow/.local/lib/python3.7/site-packages/airflow/example_dags/example_subdag_operator.py
[2023-07-21T09:58:45.288+0000] {processor.py:836} INFO - DAG(s) dict_keys(['example_subdag_operator.section-1', 'example_subdag_operator.section-2', 'example_subdag_operator']) retrieved from /home/airflow/.local/lib/python3.7/site-packages/airflow/example_dags/example_subdag_operator.py
[2023-07-21T09:58:45.306+0000] {logging_mixin.py:150} INFO - [2023-07-21T09:58:45.306+0000] {dag.py:2742} INFO - Sync 3 DAGs
[2023-07-21T09:58:45.402+0000] {logging_mixin.py:150} INFO - [2023-07-21T09:58:45.402+0000] {dag.py:3508} INFO - Setting next_dagrun for example_subdag_operator to 2022-01-01T00:00:00+00:00, run_after=2022-01-01T00:00:00+00:00
[2023-07-21T09:58:45.422+0000] {logging_mixin.py:150} INFO - [2023-07-21T09:58:45.422+0000] {dag.py:3508} INFO - Setting next_dagrun for example_subdag_operator.section-1 to None, run_after=None
[2023-07-21T09:58:45.428+0000] {logging_mixin.py:150} INFO - [2023-07-21T09:58:45.427+0000] {dag.py:3508} INFO - Setting next_dagrun for example_subdag_operator.section-2 to None, run_after=None
[2023-07-21T09:58:45.453+0000] {logging_mixin.py:150} INFO - [2023-07-21T09:58:45.452+0000] {dag.py:2742} INFO - Sync 2 DAGs
[2023-07-21T09:58:45.474+0000] {logging_mixin.py:150} INFO - [2023-07-21T09:58:45.474+0000] {dag.py:3508} INFO - Setting next_dagrun for example_subdag_operator.section-1 to None, run_after=None
[2023-07-21T09:58:45.476+0000] {logging_mixin.py:150} INFO - [2023-07-21T09:58:45.475+0000] {dag.py:3508} INFO - Setting next_dagrun for example_subdag_operator.section-2 to None, run_after=None
[2023-07-21T09:58:45.510+0000] {processor.py:179} INFO - Processing /home/airflow/.local/lib/python3.7/site-packages/airflow/example_dags/example_subdag_operator.py took 0.335 seconds
[2023-07-21T09:59:17.095+0000] {processor.py:157} INFO - Started process (PID=192) to work on /home/airflow/.local/lib/python3.7/site-packages/airflow/example_dags/example_subdag_operator.py
[2023-07-21T09:59:17.099+0000] {processor.py:826} INFO - Processing file /home/airflow/.local/lib/python3.7/site-packages/airflow/example_dags/example_subdag_operator.py for tasks to queue
[2023-07-21T09:59:17.102+0000] {logging_mixin.py:150} INFO - [2023-07-21T09:59:17.101+0000] {dagbag.py:541} INFO - Filling up the DagBag from /home/airflow/.local/lib/python3.7/site-packages/airflow/example_dags/example_subdag_operator.py
[2023-07-21T09:59:17.165+0000] {processor.py:836} INFO - DAG(s) dict_keys(['example_subdag_operator.section-1', 'example_subdag_operator.section-2', 'example_subdag_operator']) retrieved from /home/airflow/.local/lib/python3.7/site-packages/airflow/example_dags/example_subdag_operator.py
[2023-07-21T09:59:17.224+0000] {logging_mixin.py:150} INFO - [2023-07-21T09:59:17.223+0000] {dag.py:2742} INFO - Sync 3 DAGs
[2023-07-21T09:59:17.309+0000] {logging_mixin.py:150} INFO - [2023-07-21T09:59:17.308+0000] {dag.py:3508} INFO - Setting next_dagrun for example_subdag_operator to 2022-01-01T00:00:00+00:00, run_after=2022-01-01T00:00:00+00:00
[2023-07-21T09:59:17.322+0000] {logging_mixin.py:150} INFO - [2023-07-21T09:59:17.321+0000] {dag.py:3508} INFO - Setting next_dagrun for example_subdag_operator.section-1 to None, run_after=None
[2023-07-21T09:59:17.326+0000] {logging_mixin.py:150} INFO - [2023-07-21T09:59:17.325+0000] {dag.py:3508} INFO - Setting next_dagrun for example_subdag_operator.section-2 to None, run_after=None
[2023-07-21T09:59:17.345+0000] {logging_mixin.py:150} INFO - [2023-07-21T09:59:17.345+0000] {dag.py:2742} INFO - Sync 2 DAGs
[2023-07-21T09:59:17.365+0000] {logging_mixin.py:150} INFO - [2023-07-21T09:59:17.364+0000] {dag.py:3508} INFO - Setting next_dagrun for example_subdag_operator.section-1 to None, run_after=None
[2023-07-21T09:59:17.367+0000] {logging_mixin.py:150} INFO - [2023-07-21T09:59:17.366+0000] {dag.py:3508} INFO - Setting next_dagrun for example_subdag_operator.section-2 to None, run_after=None
[2023-07-21T09:59:17.397+0000] {processor.py:179} INFO - Processing /home/airflow/.local/lib/python3.7/site-packages/airflow/example_dags/example_subdag_operator.py took 0.310 seconds
[2023-07-21T09:59:47.478+0000] {processor.py:157} INFO - Started process (PID=253) to work on /home/airflow/.local/lib/python3.7/site-packages/airflow/example_dags/example_subdag_operator.py
[2023-07-21T09:59:47.480+0000] {processor.py:826} INFO - Processing file /home/airflow/.local/lib/python3.7/site-packages/airflow/example_dags/example_subdag_operator.py for tasks to queue
[2023-07-21T09:59:47.481+0000] {logging_mixin.py:150} INFO - [2023-07-21T09:59:47.481+0000] {dagbag.py:541} INFO - Filling up the DagBag from /home/airflow/.local/lib/python3.7/site-packages/airflow/example_dags/example_subdag_operator.py
[2023-07-21T09:59:47.511+0000] {processor.py:836} INFO - DAG(s) dict_keys(['example_subdag_operator.section-1', 'example_subdag_operator.section-2', 'example_subdag_operator']) retrieved from /home/airflow/.local/lib/python3.7/site-packages/airflow/example_dags/example_subdag_operator.py
[2023-07-21T09:59:47.536+0000] {logging_mixin.py:150} INFO - [2023-07-21T09:59:47.535+0000] {dag.py:2742} INFO - Sync 3 DAGs
[2023-07-21T09:59:47.567+0000] {logging_mixin.py:150} INFO - [2023-07-21T09:59:47.567+0000] {dag.py:3508} INFO - Setting next_dagrun for example_subdag_operator to 2022-01-01T00:00:00+00:00, run_after=2022-01-01T00:00:00+00:00
[2023-07-21T09:59:47.571+0000] {logging_mixin.py:150} INFO - [2023-07-21T09:59:47.571+0000] {dag.py:3508} INFO - Setting next_dagrun for example_subdag_operator.section-1 to None, run_after=None
[2023-07-21T09:59:47.572+0000] {logging_mixin.py:150} INFO - [2023-07-21T09:59:47.572+0000] {dag.py:3508} INFO - Setting next_dagrun for example_subdag_operator.section-2 to None, run_after=None
[2023-07-21T09:59:47.581+0000] {logging_mixin.py:150} INFO - [2023-07-21T09:59:47.581+0000] {dag.py:2742} INFO - Sync 2 DAGs
[2023-07-21T09:59:47.588+0000] {logging_mixin.py:150} INFO - [2023-07-21T09:59:47.588+0000] {dag.py:3508} INFO - Setting next_dagrun for example_subdag_operator.section-1 to None, run_after=None
[2023-07-21T09:59:47.589+0000] {logging_mixin.py:150} INFO - [2023-07-21T09:59:47.589+0000] {dag.py:3508} INFO - Setting next_dagrun for example_subdag_operator.section-2 to None, run_after=None
[2023-07-21T09:59:47.603+0000] {processor.py:179} INFO - Processing /home/airflow/.local/lib/python3.7/site-packages/airflow/example_dags/example_subdag_operator.py took 0.128 seconds
[2023-07-21T10:00:17.972+0000] {processor.py:157} INFO - Started process (PID=314) to work on /home/airflow/.local/lib/python3.7/site-packages/airflow/example_dags/example_subdag_operator.py
[2023-07-21T10:00:17.973+0000] {processor.py:826} INFO - Processing file /home/airflow/.local/lib/python3.7/site-packages/airflow/example_dags/example_subdag_operator.py for tasks to queue
[2023-07-21T10:00:17.975+0000] {logging_mixin.py:150} INFO - [2023-07-21T10:00:17.974+0000] {dagbag.py:541} INFO - Filling up the DagBag from /home/airflow/.local/lib/python3.7/site-packages/airflow/example_dags/example_subdag_operator.py
[2023-07-21T10:00:18.002+0000] {processor.py:836} INFO - DAG(s) dict_keys(['example_subdag_operator.section-1', 'example_subdag_operator.section-2', 'example_subdag_operator']) retrieved from /home/airflow/.local/lib/python3.7/site-packages/airflow/example_dags/example_subdag_operator.py
[2023-07-21T10:00:18.025+0000] {logging_mixin.py:150} INFO - [2023-07-21T10:00:18.025+0000] {dag.py:2742} INFO - Sync 3 DAGs
[2023-07-21T10:00:18.051+0000] {logging_mixin.py:150} INFO - [2023-07-21T10:00:18.051+0000] {dag.py:3508} INFO - Setting next_dagrun for example_subdag_operator to 2022-01-01T00:00:00+00:00, run_after=2022-01-01T00:00:00+00:00
[2023-07-21T10:00:18.055+0000] {logging_mixin.py:150} INFO - [2023-07-21T10:00:18.054+0000] {dag.py:3508} INFO - Setting next_dagrun for example_subdag_operator.section-1 to None, run_after=None
[2023-07-21T10:00:18.056+0000] {logging_mixin.py:150} INFO - [2023-07-21T10:00:18.056+0000] {dag.py:3508} INFO - Setting next_dagrun for example_subdag_operator.section-2 to None, run_after=None
[2023-07-21T10:00:18.064+0000] {logging_mixin.py:150} INFO - [2023-07-21T10:00:18.064+0000] {dag.py:2742} INFO - Sync 2 DAGs
[2023-07-21T10:00:18.071+0000] {logging_mixin.py:150} INFO - [2023-07-21T10:00:18.071+0000] {dag.py:3508} INFO - Setting next_dagrun for example_subdag_operator.section-1 to None, run_after=None
[2023-07-21T10:00:18.072+0000] {logging_mixin.py:150} INFO - [2023-07-21T10:00:18.072+0000] {dag.py:3508} INFO - Setting next_dagrun for example_subdag_operator.section-2 to None, run_after=None
[2023-07-21T10:00:18.086+0000] {processor.py:179} INFO - Processing /home/airflow/.local/lib/python3.7/site-packages/airflow/example_dags/example_subdag_operator.py took 0.119 seconds
[2023-07-21T10:00:48.618+0000] {processor.py:157} INFO - Started process (PID=375) to work on /home/airflow/.local/lib/python3.7/site-packages/airflow/example_dags/example_subdag_operator.py
[2023-07-21T10:00:48.619+0000] {processor.py:826} INFO - Processing file /home/airflow/.local/lib/python3.7/site-packages/airflow/example_dags/example_subdag_operator.py for tasks to queue
[2023-07-21T10:00:48.620+0000] {logging_mixin.py:150} INFO - [2023-07-21T10:00:48.620+0000] {dagbag.py:541} INFO - Filling up the DagBag from /home/airflow/.local/lib/python3.7/site-packages/airflow/example_dags/example_subdag_operator.py
[2023-07-21T10:00:48.651+0000] {processor.py:836} INFO - DAG(s) dict_keys(['example_subdag_operator.section-1', 'example_subdag_operator.section-2', 'example_subdag_operator']) retrieved from /home/airflow/.local/lib/python3.7/site-packages/airflow/example_dags/example_subdag_operator.py
[2023-07-21T10:00:48.672+0000] {logging_mixin.py:150} INFO - [2023-07-21T10:00:48.672+0000] {dag.py:2742} INFO - Sync 3 DAGs
[2023-07-21T10:00:48.699+0000] {logging_mixin.py:150} INFO - [2023-07-21T10:00:48.698+0000] {dag.py:3508} INFO - Setting next_dagrun for example_subdag_operator to 2022-01-01T00:00:00+00:00, run_after=2022-01-01T00:00:00+00:00
[2023-07-21T10:00:48.703+0000] {logging_mixin.py:150} INFO - [2023-07-21T10:00:48.703+0000] {dag.py:3508} INFO - Setting next_dagrun for example_subdag_operator.section-1 to None, run_after=None
[2023-07-21T10:00:48.705+0000] {logging_mixin.py:150} INFO - [2023-07-21T10:00:48.705+0000] {dag.py:3508} INFO - Setting next_dagrun for example_subdag_operator.section-2 to None, run_after=None
[2023-07-21T10:00:48.714+0000] {logging_mixin.py:150} INFO - [2023-07-21T10:00:48.714+0000] {dag.py:2742} INFO - Sync 2 DAGs
[2023-07-21T10:00:48.724+0000] {logging_mixin.py:150} INFO - [2023-07-21T10:00:48.724+0000] {dag.py:3508} INFO - Setting next_dagrun for example_subdag_operator.section-1 to None, run_after=None
[2023-07-21T10:00:48.725+0000] {logging_mixin.py:150} INFO - [2023-07-21T10:00:48.725+0000] {dag.py:3508} INFO - Setting next_dagrun for example_subdag_operator.section-2 to None, run_after=None
[2023-07-21T10:00:48.745+0000] {processor.py:179} INFO - Processing /home/airflow/.local/lib/python3.7/site-packages/airflow/example_dags/example_subdag_operator.py took 0.131 seconds
[2023-07-21T10:01:19.233+0000] {processor.py:157} INFO - Started process (PID=436) to work on /home/airflow/.local/lib/python3.7/site-packages/airflow/example_dags/example_subdag_operator.py
[2023-07-21T10:01:19.235+0000] {processor.py:826} INFO - Processing file /home/airflow/.local/lib/python3.7/site-packages/airflow/example_dags/example_subdag_operator.py for tasks to queue
[2023-07-21T10:01:19.236+0000] {logging_mixin.py:150} INFO - [2023-07-21T10:01:19.236+0000] {dagbag.py:541} INFO - Filling up the DagBag from /home/airflow/.local/lib/python3.7/site-packages/airflow/example_dags/example_subdag_operator.py
[2023-07-21T10:01:19.272+0000] {processor.py:836} INFO - DAG(s) dict_keys(['example_subdag_operator.section-1', 'example_subdag_operator.section-2', 'example_subdag_operator']) retrieved from /home/airflow/.local/lib/python3.7/site-packages/airflow/example_dags/example_subdag_operator.py
[2023-07-21T10:01:19.299+0000] {logging_mixin.py:150} INFO - [2023-07-21T10:01:19.299+0000] {dag.py:2742} INFO - Sync 3 DAGs
[2023-07-21T10:01:19.330+0000] {logging_mixin.py:150} INFO - [2023-07-21T10:01:19.329+0000] {dag.py:3508} INFO - Setting next_dagrun for example_subdag_operator to 2022-01-01T00:00:00+00:00, run_after=2022-01-01T00:00:00+00:00
[2023-07-21T10:01:19.335+0000] {logging_mixin.py:150} INFO - [2023-07-21T10:01:19.334+0000] {dag.py:3508} INFO - Setting next_dagrun for example_subdag_operator.section-1 to None, run_after=None
[2023-07-21T10:01:19.337+0000] {logging_mixin.py:150} INFO - [2023-07-21T10:01:19.336+0000] {dag.py:3508} INFO - Setting next_dagrun for example_subdag_operator.section-2 to None, run_after=None
[2023-07-21T10:01:19.345+0000] {logging_mixin.py:150} INFO - [2023-07-21T10:01:19.345+0000] {dag.py:2742} INFO - Sync 2 DAGs
[2023-07-21T10:01:19.353+0000] {logging_mixin.py:150} INFO - [2023-07-21T10:01:19.352+0000] {dag.py:3508} INFO - Setting next_dagrun for example_subdag_operator.section-1 to None, run_after=None
[2023-07-21T10:01:19.354+0000] {logging_mixin.py:150} INFO - [2023-07-21T10:01:19.353+0000] {dag.py:3508} INFO - Setting next_dagrun for example_subdag_operator.section-2 to None, run_after=None
[2023-07-21T10:01:19.372+0000] {processor.py:179} INFO - Processing /home/airflow/.local/lib/python3.7/site-packages/airflow/example_dags/example_subdag_operator.py took 0.144 seconds
[2023-07-21T10:01:53.979+0000] {processor.py:157} INFO - Started process (PID=497) to work on /home/airflow/.local/lib/python3.7/site-packages/airflow/example_dags/example_subdag_operator.py
[2023-07-21T10:01:53.982+0000] {processor.py:826} INFO - Processing file /home/airflow/.local/lib/python3.7/site-packages/airflow/example_dags/example_subdag_operator.py for tasks to queue
[2023-07-21T10:01:53.991+0000] {logging_mixin.py:150} INFO - [2023-07-21T10:01:53.987+0000] {dagbag.py:541} INFO - Filling up the DagBag from /home/airflow/.local/lib/python3.7/site-packages/airflow/example_dags/example_subdag_operator.py
[2023-07-21T10:01:54.107+0000] {processor.py:836} INFO - DAG(s) dict_keys(['example_subdag_operator.section-1', 'example_subdag_operator.section-2', 'example_subdag_operator']) retrieved from /home/airflow/.local/lib/python3.7/site-packages/airflow/example_dags/example_subdag_operator.py
[2023-07-21T10:01:54.173+0000] {logging_mixin.py:150} INFO - [2023-07-21T10:01:54.173+0000] {dag.py:2742} INFO - Sync 3 DAGs
[2023-07-21T10:01:54.416+0000] {logging_mixin.py:150} INFO - [2023-07-21T10:01:54.416+0000] {dag.py:3508} INFO - Setting next_dagrun for example_subdag_operator to 2022-01-01T00:00:00+00:00, run_after=2022-01-01T00:00:00+00:00
[2023-07-21T10:01:54.449+0000] {logging_mixin.py:150} INFO - [2023-07-21T10:01:54.438+0000] {dag.py:3508} INFO - Setting next_dagrun for example_subdag_operator.section-1 to None, run_after=None
[2023-07-21T10:01:54.468+0000] {logging_mixin.py:150} INFO - [2023-07-21T10:01:54.468+0000] {dag.py:3508} INFO - Setting next_dagrun for example_subdag_operator.section-2 to None, run_after=None
[2023-07-21T10:01:54.507+0000] {logging_mixin.py:150} INFO - [2023-07-21T10:01:54.507+0000] {dag.py:2742} INFO - Sync 2 DAGs
[2023-07-21T10:01:54.541+0000] {logging_mixin.py:150} INFO - [2023-07-21T10:01:54.540+0000] {dag.py:3508} INFO - Setting next_dagrun for example_subdag_operator.section-1 to None, run_after=None
[2023-07-21T10:01:54.549+0000] {logging_mixin.py:150} INFO - [2023-07-21T10:01:54.549+0000] {dag.py:3508} INFO - Setting next_dagrun for example_subdag_operator.section-2 to None, run_after=None
[2023-07-21T10:01:54.614+0000] {processor.py:179} INFO - Processing /home/airflow/.local/lib/python3.7/site-packages/airflow/example_dags/example_subdag_operator.py took 0.640 seconds
[2023-07-21T10:02:25.176+0000] {processor.py:157} INFO - Started process (PID=566) to work on /home/airflow/.local/lib/python3.7/site-packages/airflow/example_dags/example_subdag_operator.py
[2023-07-21T10:02:25.178+0000] {processor.py:826} INFO - Processing file /home/airflow/.local/lib/python3.7/site-packages/airflow/example_dags/example_subdag_operator.py for tasks to queue
[2023-07-21T10:02:25.181+0000] {logging_mixin.py:150} INFO - [2023-07-21T10:02:25.180+0000] {dagbag.py:541} INFO - Filling up the DagBag from /home/airflow/.local/lib/python3.7/site-packages/airflow/example_dags/example_subdag_operator.py
[2023-07-21T10:02:25.239+0000] {processor.py:836} INFO - DAG(s) dict_keys(['example_subdag_operator.section-1', 'example_subdag_operator.section-2', 'example_subdag_operator']) retrieved from /home/airflow/.local/lib/python3.7/site-packages/airflow/example_dags/example_subdag_operator.py
[2023-07-21T10:02:25.277+0000] {logging_mixin.py:150} INFO - [2023-07-21T10:02:25.277+0000] {dag.py:2742} INFO - Sync 3 DAGs
[2023-07-21T10:02:25.306+0000] {logging_mixin.py:150} INFO - [2023-07-21T10:02:25.306+0000] {dag.py:3508} INFO - Setting next_dagrun for example_subdag_operator to 2022-01-01T00:00:00+00:00, run_after=2022-01-01T00:00:00+00:00
[2023-07-21T10:02:25.310+0000] {logging_mixin.py:150} INFO - [2023-07-21T10:02:25.310+0000] {dag.py:3508} INFO - Setting next_dagrun for example_subdag_operator.section-1 to None, run_after=None
[2023-07-21T10:02:25.312+0000] {logging_mixin.py:150} INFO - [2023-07-21T10:02:25.312+0000] {dag.py:3508} INFO - Setting next_dagrun for example_subdag_operator.section-2 to None, run_after=None
[2023-07-21T10:02:25.322+0000] {logging_mixin.py:150} INFO - [2023-07-21T10:02:25.322+0000] {dag.py:2742} INFO - Sync 2 DAGs
[2023-07-21T10:02:25.329+0000] {logging_mixin.py:150} INFO - [2023-07-21T10:02:25.328+0000] {dag.py:3508} INFO - Setting next_dagrun for example_subdag_operator.section-1 to None, run_after=None
[2023-07-21T10:02:25.330+0000] {logging_mixin.py:150} INFO - [2023-07-21T10:02:25.329+0000] {dag.py:3508} INFO - Setting next_dagrun for example_subdag_operator.section-2 to None, run_after=None
[2023-07-21T10:02:25.348+0000] {processor.py:179} INFO - Processing /home/airflow/.local/lib/python3.7/site-packages/airflow/example_dags/example_subdag_operator.py took 0.179 seconds
[2023-07-21T10:02:56.157+0000] {processor.py:157} INFO - Started process (PID=627) to work on /home/airflow/.local/lib/python3.7/site-packages/airflow/example_dags/example_subdag_operator.py
[2023-07-21T10:02:56.159+0000] {processor.py:826} INFO - Processing file /home/airflow/.local/lib/python3.7/site-packages/airflow/example_dags/example_subdag_operator.py for tasks to queue
[2023-07-21T10:02:56.160+0000] {logging_mixin.py:150} INFO - [2023-07-21T10:02:56.160+0000] {dagbag.py:541} INFO - Filling up the DagBag from /home/airflow/.local/lib/python3.7/site-packages/airflow/example_dags/example_subdag_operator.py
[2023-07-21T10:02:56.202+0000] {processor.py:836} INFO - DAG(s) dict_keys(['example_subdag_operator.section-1', 'example_subdag_operator.section-2', 'example_subdag_operator']) retrieved from /home/airflow/.local/lib/python3.7/site-packages/airflow/example_dags/example_subdag_operator.py
[2023-07-21T10:02:56.210+0000] {logging_mixin.py:150} INFO - [2023-07-21T10:02:56.209+0000] {dag.py:2742} INFO - Sync 3 DAGs
[2023-07-21T10:02:56.262+0000] {logging_mixin.py:150} INFO - [2023-07-21T10:02:56.261+0000] {dag.py:3508} INFO - Setting next_dagrun for example_subdag_operator to 2022-01-01T00:00:00+00:00, run_after=2022-01-01T00:00:00+00:00
[2023-07-21T10:02:56.266+0000] {logging_mixin.py:150} INFO - [2023-07-21T10:02:56.266+0000] {dag.py:3508} INFO - Setting next_dagrun for example_subdag_operator.section-1 to None, run_after=None
[2023-07-21T10:02:56.268+0000] {logging_mixin.py:150} INFO - [2023-07-21T10:02:56.268+0000] {dag.py:3508} INFO - Setting next_dagrun for example_subdag_operator.section-2 to None, run_after=None
[2023-07-21T10:02:56.277+0000] {logging_mixin.py:150} INFO - [2023-07-21T10:02:56.277+0000] {dag.py:2742} INFO - Sync 2 DAGs
[2023-07-21T10:02:56.285+0000] {logging_mixin.py:150} INFO - [2023-07-21T10:02:56.285+0000] {dag.py:3508} INFO - Setting next_dagrun for example_subdag_operator.section-1 to None, run_after=None
[2023-07-21T10:02:56.286+0000] {logging_mixin.py:150} INFO - [2023-07-21T10:02:56.285+0000] {dag.py:3508} INFO - Setting next_dagrun for example_subdag_operator.section-2 to None, run_after=None
[2023-07-21T10:02:56.303+0000] {processor.py:179} INFO - Processing /home/airflow/.local/lib/python3.7/site-packages/airflow/example_dags/example_subdag_operator.py took 0.153 seconds
[2023-07-21T10:03:26.817+0000] {processor.py:157} INFO - Started process (PID=688) to work on /home/airflow/.local/lib/python3.7/site-packages/airflow/example_dags/example_subdag_operator.py
[2023-07-21T10:03:26.820+0000] {processor.py:826} INFO - Processing file /home/airflow/.local/lib/python3.7/site-packages/airflow/example_dags/example_subdag_operator.py for tasks to queue
[2023-07-21T10:03:26.822+0000] {logging_mixin.py:150} INFO - [2023-07-21T10:03:26.822+0000] {dagbag.py:541} INFO - Filling up the DagBag from /home/airflow/.local/lib/python3.7/site-packages/airflow/example_dags/example_subdag_operator.py
[2023-07-21T10:03:26.858+0000] {processor.py:836} INFO - DAG(s) dict_keys(['example_subdag_operator.section-1', 'example_subdag_operator.section-2', 'example_subdag_operator']) retrieved from /home/airflow/.local/lib/python3.7/site-packages/airflow/example_dags/example_subdag_operator.py
[2023-07-21T10:03:26.879+0000] {logging_mixin.py:150} INFO - [2023-07-21T10:03:26.878+0000] {dag.py:2742} INFO - Sync 3 DAGs
[2023-07-21T10:03:26.903+0000] {logging_mixin.py:150} INFO - [2023-07-21T10:03:26.903+0000] {dag.py:3508} INFO - Setting next_dagrun for example_subdag_operator to 2022-01-01T00:00:00+00:00, run_after=2022-01-01T00:00:00+00:00
[2023-07-21T10:03:26.908+0000] {logging_mixin.py:150} INFO - [2023-07-21T10:03:26.907+0000] {dag.py:3508} INFO - Setting next_dagrun for example_subdag_operator.section-1 to None, run_after=None
[2023-07-21T10:03:26.910+0000] {logging_mixin.py:150} INFO - [2023-07-21T10:03:26.909+0000] {dag.py:3508} INFO - Setting next_dagrun for example_subdag_operator.section-2 to None, run_after=None
[2023-07-21T10:03:26.918+0000] {logging_mixin.py:150} INFO - [2023-07-21T10:03:26.918+0000] {dag.py:2742} INFO - Sync 2 DAGs
[2023-07-21T10:03:26.927+0000] {logging_mixin.py:150} INFO - [2023-07-21T10:03:26.927+0000] {dag.py:3508} INFO - Setting next_dagrun for example_subdag_operator.section-1 to None, run_after=None
[2023-07-21T10:03:26.928+0000] {logging_mixin.py:150} INFO - [2023-07-21T10:03:26.928+0000] {dag.py:3508} INFO - Setting next_dagrun for example_subdag_operator.section-2 to None, run_after=None
[2023-07-21T10:03:26.947+0000] {processor.py:179} INFO - Processing /home/airflow/.local/lib/python3.7/site-packages/airflow/example_dags/example_subdag_operator.py took 0.140 seconds
[2023-07-21T10:03:57.248+0000] {processor.py:157} INFO - Started process (PID=749) to work on /home/airflow/.local/lib/python3.7/site-packages/airflow/example_dags/example_subdag_operator.py
[2023-07-21T10:03:57.251+0000] {processor.py:826} INFO - Processing file /home/airflow/.local/lib/python3.7/site-packages/airflow/example_dags/example_subdag_operator.py for tasks to queue
[2023-07-21T10:03:57.253+0000] {logging_mixin.py:150} INFO - [2023-07-21T10:03:57.253+0000] {dagbag.py:541} INFO - Filling up the DagBag from /home/airflow/.local/lib/python3.7/site-packages/airflow/example_dags/example_subdag_operator.py
[2023-07-21T10:03:57.312+0000] {processor.py:836} INFO - DAG(s) dict_keys(['example_subdag_operator.section-1', 'example_subdag_operator.section-2', 'example_subdag_operator']) retrieved from /home/airflow/.local/lib/python3.7/site-packages/airflow/example_dags/example_subdag_operator.py
[2023-07-21T10:03:57.373+0000] {logging_mixin.py:150} INFO - [2023-07-21T10:03:57.372+0000] {dag.py:2742} INFO - Sync 3 DAGs
[2023-07-21T10:03:57.404+0000] {logging_mixin.py:150} INFO - [2023-07-21T10:03:57.404+0000] {dag.py:3508} INFO - Setting next_dagrun for example_subdag_operator to 2022-01-01T00:00:00+00:00, run_after=2022-01-01T00:00:00+00:00
[2023-07-21T10:03:57.409+0000] {logging_mixin.py:150} INFO - [2023-07-21T10:03:57.409+0000] {dag.py:3508} INFO - Setting next_dagrun for example_subdag_operator.section-1 to None, run_after=None
[2023-07-21T10:03:57.411+0000] {logging_mixin.py:150} INFO - [2023-07-21T10:03:57.411+0000] {dag.py:3508} INFO - Setting next_dagrun for example_subdag_operator.section-2 to None, run_after=None
[2023-07-21T10:03:57.422+0000] {logging_mixin.py:150} INFO - [2023-07-21T10:03:57.421+0000] {dag.py:2742} INFO - Sync 2 DAGs
[2023-07-21T10:03:57.432+0000] {logging_mixin.py:150} INFO - [2023-07-21T10:03:57.432+0000] {dag.py:3508} INFO - Setting next_dagrun for example_subdag_operator.section-1 to None, run_after=None
[2023-07-21T10:03:57.433+0000] {logging_mixin.py:150} INFO - [2023-07-21T10:03:57.433+0000] {dag.py:3508} INFO - Setting next_dagrun for example_subdag_operator.section-2 to None, run_after=None
[2023-07-21T10:03:57.453+0000] {processor.py:179} INFO - Processing /home/airflow/.local/lib/python3.7/site-packages/airflow/example_dags/example_subdag_operator.py took 0.214 seconds
[2023-07-21T10:04:27.871+0000] {processor.py:157} INFO - Started process (PID=810) to work on /home/airflow/.local/lib/python3.7/site-packages/airflow/example_dags/example_subdag_operator.py
[2023-07-21T10:04:27.873+0000] {processor.py:826} INFO - Processing file /home/airflow/.local/lib/python3.7/site-packages/airflow/example_dags/example_subdag_operator.py for tasks to queue
[2023-07-21T10:04:27.876+0000] {logging_mixin.py:150} INFO - [2023-07-21T10:04:27.875+0000] {dagbag.py:541} INFO - Filling up the DagBag from /home/airflow/.local/lib/python3.7/site-packages/airflow/example_dags/example_subdag_operator.py
[2023-07-21T10:04:27.919+0000] {processor.py:836} INFO - DAG(s) dict_keys(['example_subdag_operator.section-1', 'example_subdag_operator.section-2', 'example_subdag_operator']) retrieved from /home/airflow/.local/lib/python3.7/site-packages/airflow/example_dags/example_subdag_operator.py
[2023-07-21T10:04:27.960+0000] {logging_mixin.py:150} INFO - [2023-07-21T10:04:27.959+0000] {dag.py:2742} INFO - Sync 3 DAGs
[2023-07-21T10:04:28.004+0000] {logging_mixin.py:150} INFO - [2023-07-21T10:04:28.004+0000] {dag.py:3508} INFO - Setting next_dagrun for example_subdag_operator to 2022-01-01T00:00:00+00:00, run_after=2022-01-01T00:00:00+00:00
[2023-07-21T10:04:28.008+0000] {logging_mixin.py:150} INFO - [2023-07-21T10:04:28.008+0000] {dag.py:3508} INFO - Setting next_dagrun for example_subdag_operator.section-1 to None, run_after=None
[2023-07-21T10:04:28.010+0000] {logging_mixin.py:150} INFO - [2023-07-21T10:04:28.010+0000] {dag.py:3508} INFO - Setting next_dagrun for example_subdag_operator.section-2 to None, run_after=None
[2023-07-21T10:04:28.019+0000] {logging_mixin.py:150} INFO - [2023-07-21T10:04:28.019+0000] {dag.py:2742} INFO - Sync 2 DAGs
[2023-07-21T10:04:28.028+0000] {logging_mixin.py:150} INFO - [2023-07-21T10:04:28.028+0000] {dag.py:3508} INFO - Setting next_dagrun for example_subdag_operator.section-1 to None, run_after=None
[2023-07-21T10:04:28.029+0000] {logging_mixin.py:150} INFO - [2023-07-21T10:04:28.029+0000] {dag.py:3508} INFO - Setting next_dagrun for example_subdag_operator.section-2 to None, run_after=None
[2023-07-21T10:04:28.046+0000] {processor.py:179} INFO - Processing /home/airflow/.local/lib/python3.7/site-packages/airflow/example_dags/example_subdag_operator.py took 0.187 seconds
[2023-07-21T10:04:58.483+0000] {processor.py:157} INFO - Started process (PID=871) to work on /home/airflow/.local/lib/python3.7/site-packages/airflow/example_dags/example_subdag_operator.py
[2023-07-21T10:04:58.486+0000] {processor.py:826} INFO - Processing file /home/airflow/.local/lib/python3.7/site-packages/airflow/example_dags/example_subdag_operator.py for tasks to queue
[2023-07-21T10:04:58.488+0000] {logging_mixin.py:150} INFO - [2023-07-21T10:04:58.488+0000] {dagbag.py:541} INFO - Filling up the DagBag from /home/airflow/.local/lib/python3.7/site-packages/airflow/example_dags/example_subdag_operator.py
[2023-07-21T10:04:58.545+0000] {processor.py:836} INFO - DAG(s) dict_keys(['example_subdag_operator.section-1', 'example_subdag_operator.section-2', 'example_subdag_operator']) retrieved from /home/airflow/.local/lib/python3.7/site-packages/airflow/example_dags/example_subdag_operator.py
[2023-07-21T10:04:58.580+0000] {logging_mixin.py:150} INFO - [2023-07-21T10:04:58.580+0000] {dag.py:2742} INFO - Sync 3 DAGs
[2023-07-21T10:04:58.623+0000] {logging_mixin.py:150} INFO - [2023-07-21T10:04:58.623+0000] {dag.py:3508} INFO - Setting next_dagrun for example_subdag_operator to 2022-01-01T00:00:00+00:00, run_after=2022-01-01T00:00:00+00:00
[2023-07-21T10:04:58.629+0000] {logging_mixin.py:150} INFO - [2023-07-21T10:04:58.629+0000] {dag.py:3508} INFO - Setting next_dagrun for example_subdag_operator.section-1 to None, run_after=None
[2023-07-21T10:04:58.632+0000] {logging_mixin.py:150} INFO - [2023-07-21T10:04:58.632+0000] {dag.py:3508} INFO - Setting next_dagrun for example_subdag_operator.section-2 to None, run_after=None
[2023-07-21T10:04:58.645+0000] {logging_mixin.py:150} INFO - [2023-07-21T10:04:58.645+0000] {dag.py:2742} INFO - Sync 2 DAGs
[2023-07-21T10:04:58.655+0000] {logging_mixin.py:150} INFO - [2023-07-21T10:04:58.655+0000] {dag.py:3508} INFO - Setting next_dagrun for example_subdag_operator.section-1 to None, run_after=None
[2023-07-21T10:04:58.656+0000] {logging_mixin.py:150} INFO - [2023-07-21T10:04:58.656+0000] {dag.py:3508} INFO - Setting next_dagrun for example_subdag_operator.section-2 to None, run_after=None
[2023-07-21T10:04:58.680+0000] {processor.py:179} INFO - Processing /home/airflow/.local/lib/python3.7/site-packages/airflow/example_dags/example_subdag_operator.py took 0.206 seconds
[2023-07-21T10:05:28.905+0000] {processor.py:157} INFO - Started process (PID=932) to work on /home/airflow/.local/lib/python3.7/site-packages/airflow/example_dags/example_subdag_operator.py
[2023-07-21T10:05:28.908+0000] {processor.py:826} INFO - Processing file /home/airflow/.local/lib/python3.7/site-packages/airflow/example_dags/example_subdag_operator.py for tasks to queue
[2023-07-21T10:05:28.910+0000] {logging_mixin.py:150} INFO - [2023-07-21T10:05:28.909+0000] {dagbag.py:541} INFO - Filling up the DagBag from /home/airflow/.local/lib/python3.7/site-packages/airflow/example_dags/example_subdag_operator.py
[2023-07-21T10:05:28.954+0000] {processor.py:836} INFO - DAG(s) dict_keys(['example_subdag_operator.section-1', 'example_subdag_operator.section-2', 'example_subdag_operator']) retrieved from /home/airflow/.local/lib/python3.7/site-packages/airflow/example_dags/example_subdag_operator.py
[2023-07-21T10:05:28.988+0000] {logging_mixin.py:150} INFO - [2023-07-21T10:05:28.987+0000] {dag.py:2742} INFO - Sync 3 DAGs
[2023-07-21T10:05:29.014+0000] {logging_mixin.py:150} INFO - [2023-07-21T10:05:29.014+0000] {dag.py:3508} INFO - Setting next_dagrun for example_subdag_operator to 2022-01-01T00:00:00+00:00, run_after=2022-01-01T00:00:00+00:00
[2023-07-21T10:05:29.019+0000] {logging_mixin.py:150} INFO - [2023-07-21T10:05:29.019+0000] {dag.py:3508} INFO - Setting next_dagrun for example_subdag_operator.section-1 to None, run_after=None
[2023-07-21T10:05:29.021+0000] {logging_mixin.py:150} INFO - [2023-07-21T10:05:29.021+0000] {dag.py:3508} INFO - Setting next_dagrun for example_subdag_operator.section-2 to None, run_after=None
[2023-07-21T10:05:29.031+0000] {logging_mixin.py:150} INFO - [2023-07-21T10:05:29.031+0000] {dag.py:2742} INFO - Sync 2 DAGs
[2023-07-21T10:05:29.039+0000] {logging_mixin.py:150} INFO - [2023-07-21T10:05:29.039+0000] {dag.py:3508} INFO - Setting next_dagrun for example_subdag_operator.section-1 to None, run_after=None
[2023-07-21T10:05:29.040+0000] {logging_mixin.py:150} INFO - [2023-07-21T10:05:29.040+0000] {dag.py:3508} INFO - Setting next_dagrun for example_subdag_operator.section-2 to None, run_after=None
[2023-07-21T10:05:29.055+0000] {processor.py:179} INFO - Processing /home/airflow/.local/lib/python3.7/site-packages/airflow/example_dags/example_subdag_operator.py took 0.156 seconds
[2023-07-21T10:05:59.426+0000] {processor.py:157} INFO - Started process (PID=993) to work on /home/airflow/.local/lib/python3.7/site-packages/airflow/example_dags/example_subdag_operator.py
[2023-07-21T10:05:59.428+0000] {processor.py:826} INFO - Processing file /home/airflow/.local/lib/python3.7/site-packages/airflow/example_dags/example_subdag_operator.py for tasks to queue
[2023-07-21T10:05:59.429+0000] {logging_mixin.py:150} INFO - [2023-07-21T10:05:59.429+0000] {dagbag.py:541} INFO - Filling up the DagBag from /home/airflow/.local/lib/python3.7/site-packages/airflow/example_dags/example_subdag_operator.py
[2023-07-21T10:05:59.464+0000] {processor.py:836} INFO - DAG(s) dict_keys(['example_subdag_operator.section-1', 'example_subdag_operator.section-2', 'example_subdag_operator']) retrieved from /home/airflow/.local/lib/python3.7/site-packages/airflow/example_dags/example_subdag_operator.py
[2023-07-21T10:05:59.489+0000] {logging_mixin.py:150} INFO - [2023-07-21T10:05:59.489+0000] {dag.py:2742} INFO - Sync 3 DAGs
[2023-07-21T10:05:59.529+0000] {logging_mixin.py:150} INFO - [2023-07-21T10:05:59.529+0000] {dag.py:3508} INFO - Setting next_dagrun for example_subdag_operator to 2022-01-01T00:00:00+00:00, run_after=2022-01-01T00:00:00+00:00
[2023-07-21T10:05:59.536+0000] {logging_mixin.py:150} INFO - [2023-07-21T10:05:59.536+0000] {dag.py:3508} INFO - Setting next_dagrun for example_subdag_operator.section-1 to None, run_after=None
[2023-07-21T10:05:59.540+0000] {logging_mixin.py:150} INFO - [2023-07-21T10:05:59.540+0000] {dag.py:3508} INFO - Setting next_dagrun for example_subdag_operator.section-2 to None, run_after=None
[2023-07-21T10:05:59.554+0000] {logging_mixin.py:150} INFO - [2023-07-21T10:05:59.554+0000] {dag.py:2742} INFO - Sync 2 DAGs
[2023-07-21T10:05:59.562+0000] {logging_mixin.py:150} INFO - [2023-07-21T10:05:59.561+0000] {dag.py:3508} INFO - Setting next_dagrun for example_subdag_operator.section-1 to None, run_after=None
[2023-07-21T10:05:59.563+0000] {logging_mixin.py:150} INFO - [2023-07-21T10:05:59.562+0000] {dag.py:3508} INFO - Setting next_dagrun for example_subdag_operator.section-2 to None, run_after=None
[2023-07-21T10:05:59.580+0000] {processor.py:179} INFO - Processing /home/airflow/.local/lib/python3.7/site-packages/airflow/example_dags/example_subdag_operator.py took 0.159 seconds
[2023-07-21T10:06:29.671+0000] {processor.py:157} INFO - Started process (PID=1054) to work on /home/airflow/.local/lib/python3.7/site-packages/airflow/example_dags/example_subdag_operator.py
[2023-07-21T10:06:29.672+0000] {processor.py:826} INFO - Processing file /home/airflow/.local/lib/python3.7/site-packages/airflow/example_dags/example_subdag_operator.py for tasks to queue
[2023-07-21T10:06:29.674+0000] {logging_mixin.py:150} INFO - [2023-07-21T10:06:29.674+0000] {dagbag.py:541} INFO - Filling up the DagBag from /home/airflow/.local/lib/python3.7/site-packages/airflow/example_dags/example_subdag_operator.py
[2023-07-21T10:06:29.715+0000] {processor.py:836} INFO - DAG(s) dict_keys(['example_subdag_operator.section-1', 'example_subdag_operator.section-2', 'example_subdag_operator']) retrieved from /home/airflow/.local/lib/python3.7/site-packages/airflow/example_dags/example_subdag_operator.py
[2023-07-21T10:06:29.741+0000] {logging_mixin.py:150} INFO - [2023-07-21T10:06:29.741+0000] {dag.py:2742} INFO - Sync 3 DAGs
[2023-07-21T10:06:29.771+0000] {logging_mixin.py:150} INFO - [2023-07-21T10:06:29.771+0000] {dag.py:3508} INFO - Setting next_dagrun for example_subdag_operator to 2022-01-01T00:00:00+00:00, run_after=2022-01-01T00:00:00+00:00
[2023-07-21T10:06:29.776+0000] {logging_mixin.py:150} INFO - [2023-07-21T10:06:29.776+0000] {dag.py:3508} INFO - Setting next_dagrun for example_subdag_operator.section-1 to None, run_after=None
[2023-07-21T10:06:29.778+0000] {logging_mixin.py:150} INFO - [2023-07-21T10:06:29.778+0000] {dag.py:3508} INFO - Setting next_dagrun for example_subdag_operator.section-2 to None, run_after=None
[2023-07-21T10:06:29.789+0000] {logging_mixin.py:150} INFO - [2023-07-21T10:06:29.788+0000] {dag.py:2742} INFO - Sync 2 DAGs
[2023-07-21T10:06:29.798+0000] {logging_mixin.py:150} INFO - [2023-07-21T10:06:29.798+0000] {dag.py:3508} INFO - Setting next_dagrun for example_subdag_operator.section-1 to None, run_after=None
[2023-07-21T10:06:29.799+0000] {logging_mixin.py:150} INFO - [2023-07-21T10:06:29.799+0000] {dag.py:3508} INFO - Setting next_dagrun for example_subdag_operator.section-2 to None, run_after=None
[2023-07-21T10:06:29.816+0000] {processor.py:179} INFO - Processing /home/airflow/.local/lib/python3.7/site-packages/airflow/example_dags/example_subdag_operator.py took 0.149 seconds
[2023-07-21T10:06:59.965+0000] {processor.py:157} INFO - Started process (PID=1115) to work on /home/airflow/.local/lib/python3.7/site-packages/airflow/example_dags/example_subdag_operator.py
[2023-07-21T10:06:59.966+0000] {processor.py:826} INFO - Processing file /home/airflow/.local/lib/python3.7/site-packages/airflow/example_dags/example_subdag_operator.py for tasks to queue
[2023-07-21T10:06:59.968+0000] {logging_mixin.py:150} INFO - [2023-07-21T10:06:59.967+0000] {dagbag.py:541} INFO - Filling up the DagBag from /home/airflow/.local/lib/python3.7/site-packages/airflow/example_dags/example_subdag_operator.py
[2023-07-21T10:07:00.000+0000] {processor.py:836} INFO - DAG(s) dict_keys(['example_subdag_operator.section-1', 'example_subdag_operator.section-2', 'example_subdag_operator']) retrieved from /home/airflow/.local/lib/python3.7/site-packages/airflow/example_dags/example_subdag_operator.py
[2023-07-21T10:07:00.034+0000] {logging_mixin.py:150} INFO - [2023-07-21T10:07:00.033+0000] {dag.py:2742} INFO - Sync 3 DAGs
[2023-07-21T10:07:00.063+0000] {logging_mixin.py:150} INFO - [2023-07-21T10:07:00.063+0000] {dag.py:3508} INFO - Setting next_dagrun for example_subdag_operator to 2022-01-01T00:00:00+00:00, run_after=2022-01-01T00:00:00+00:00
[2023-07-21T10:07:00.069+0000] {logging_mixin.py:150} INFO - [2023-07-21T10:07:00.069+0000] {dag.py:3508} INFO - Setting next_dagrun for example_subdag_operator.section-1 to None, run_after=None
[2023-07-21T10:07:00.072+0000] {logging_mixin.py:150} INFO - [2023-07-21T10:07:00.072+0000] {dag.py:3508} INFO - Setting next_dagrun for example_subdag_operator.section-2 to None, run_after=None
[2023-07-21T10:07:00.084+0000] {logging_mixin.py:150} INFO - [2023-07-21T10:07:00.084+0000] {dag.py:2742} INFO - Sync 2 DAGs
[2023-07-21T10:07:00.095+0000] {logging_mixin.py:150} INFO - [2023-07-21T10:07:00.095+0000] {dag.py:3508} INFO - Setting next_dagrun for example_subdag_operator.section-1 to None, run_after=None
[2023-07-21T10:07:00.097+0000] {logging_mixin.py:150} INFO - [2023-07-21T10:07:00.096+0000] {dag.py:3508} INFO - Setting next_dagrun for example_subdag_operator.section-2 to None, run_after=None
[2023-07-21T10:07:00.120+0000] {processor.py:179} INFO - Processing /home/airflow/.local/lib/python3.7/site-packages/airflow/example_dags/example_subdag_operator.py took 0.159 seconds
[2023-07-21T10:07:30.277+0000] {processor.py:157} INFO - Started process (PID=1176) to work on /home/airflow/.local/lib/python3.7/site-packages/airflow/example_dags/example_subdag_operator.py
[2023-07-21T10:07:30.279+0000] {processor.py:826} INFO - Processing file /home/airflow/.local/lib/python3.7/site-packages/airflow/example_dags/example_subdag_operator.py for tasks to queue
[2023-07-21T10:07:30.280+0000] {logging_mixin.py:150} INFO - [2023-07-21T10:07:30.280+0000] {dagbag.py:541} INFO - Filling up the DagBag from /home/airflow/.local/lib/python3.7/site-packages/airflow/example_dags/example_subdag_operator.py
[2023-07-21T10:07:30.349+0000] {processor.py:836} INFO - DAG(s) dict_keys(['example_subdag_operator.section-1', 'example_subdag_operator.section-2', 'example_subdag_operator']) retrieved from /home/airflow/.local/lib/python3.7/site-packages/airflow/example_dags/example_subdag_operator.py
[2023-07-21T10:07:30.404+0000] {logging_mixin.py:150} INFO - [2023-07-21T10:07:30.403+0000] {dag.py:2742} INFO - Sync 3 DAGs
[2023-07-21T10:07:30.464+0000] {logging_mixin.py:150} INFO - [2023-07-21T10:07:30.463+0000] {dag.py:3508} INFO - Setting next_dagrun for example_subdag_operator to 2022-01-01T00:00:00+00:00, run_after=2022-01-01T00:00:00+00:00
[2023-07-21T10:07:30.472+0000] {logging_mixin.py:150} INFO - [2023-07-21T10:07:30.472+0000] {dag.py:3508} INFO - Setting next_dagrun for example_subdag_operator.section-1 to None, run_after=None
[2023-07-21T10:07:30.475+0000] {logging_mixin.py:150} INFO - [2023-07-21T10:07:30.475+0000] {dag.py:3508} INFO - Setting next_dagrun for example_subdag_operator.section-2 to None, run_after=None
[2023-07-21T10:07:30.493+0000] {logging_mixin.py:150} INFO - [2023-07-21T10:07:30.491+0000] {dag.py:2742} INFO - Sync 2 DAGs
[2023-07-21T10:07:30.505+0000] {logging_mixin.py:150} INFO - [2023-07-21T10:07:30.504+0000] {dag.py:3508} INFO - Setting next_dagrun for example_subdag_operator.section-1 to None, run_after=None
[2023-07-21T10:07:30.506+0000] {logging_mixin.py:150} INFO - [2023-07-21T10:07:30.506+0000] {dag.py:3508} INFO - Setting next_dagrun for example_subdag_operator.section-2 to None, run_after=None
[2023-07-21T10:07:30.535+0000] {processor.py:179} INFO - Processing /home/airflow/.local/lib/python3.7/site-packages/airflow/example_dags/example_subdag_operator.py took 0.267 seconds
[2023-07-21T10:08:00.589+0000] {processor.py:157} INFO - Started process (PID=1236) to work on /home/airflow/.local/lib/python3.7/site-packages/airflow/example_dags/example_subdag_operator.py
[2023-07-21T10:08:00.591+0000] {processor.py:826} INFO - Processing file /home/airflow/.local/lib/python3.7/site-packages/airflow/example_dags/example_subdag_operator.py for tasks to queue
[2023-07-21T10:08:00.592+0000] {logging_mixin.py:150} INFO - [2023-07-21T10:08:00.592+0000] {dagbag.py:541} INFO - Filling up the DagBag from /home/airflow/.local/lib/python3.7/site-packages/airflow/example_dags/example_subdag_operator.py
[2023-07-21T10:08:00.636+0000] {processor.py:836} INFO - DAG(s) dict_keys(['example_subdag_operator.section-1', 'example_subdag_operator.section-2', 'example_subdag_operator']) retrieved from /home/airflow/.local/lib/python3.7/site-packages/airflow/example_dags/example_subdag_operator.py
[2023-07-21T10:08:00.677+0000] {logging_mixin.py:150} INFO - [2023-07-21T10:08:00.677+0000] {dag.py:2742} INFO - Sync 3 DAGs
[2023-07-21T10:08:00.723+0000] {logging_mixin.py:150} INFO - [2023-07-21T10:08:00.723+0000] {dag.py:3508} INFO - Setting next_dagrun for example_subdag_operator to 2022-01-01T00:00:00+00:00, run_after=2022-01-01T00:00:00+00:00
[2023-07-21T10:08:00.729+0000] {logging_mixin.py:150} INFO - [2023-07-21T10:08:00.729+0000] {dag.py:3508} INFO - Setting next_dagrun for example_subdag_operator.section-1 to None, run_after=None
[2023-07-21T10:08:00.733+0000] {logging_mixin.py:150} INFO - [2023-07-21T10:08:00.733+0000] {dag.py:3508} INFO - Setting next_dagrun for example_subdag_operator.section-2 to None, run_after=None
[2023-07-21T10:08:00.748+0000] {logging_mixin.py:150} INFO - [2023-07-21T10:08:00.748+0000] {dag.py:2742} INFO - Sync 2 DAGs
[2023-07-21T10:08:00.758+0000] {logging_mixin.py:150} INFO - [2023-07-21T10:08:00.758+0000] {dag.py:3508} INFO - Setting next_dagrun for example_subdag_operator.section-1 to None, run_after=None
[2023-07-21T10:08:00.759+0000] {logging_mixin.py:150} INFO - [2023-07-21T10:08:00.759+0000] {dag.py:3508} INFO - Setting next_dagrun for example_subdag_operator.section-2 to None, run_after=None
[2023-07-21T10:08:00.781+0000] {processor.py:179} INFO - Processing /home/airflow/.local/lib/python3.7/site-packages/airflow/example_dags/example_subdag_operator.py took 0.197 seconds
[2023-07-21T10:08:31.352+0000] {processor.py:157} INFO - Started process (PID=1298) to work on /home/airflow/.local/lib/python3.7/site-packages/airflow/example_dags/example_subdag_operator.py
[2023-07-21T10:08:31.355+0000] {processor.py:826} INFO - Processing file /home/airflow/.local/lib/python3.7/site-packages/airflow/example_dags/example_subdag_operator.py for tasks to queue
[2023-07-21T10:08:31.358+0000] {logging_mixin.py:150} INFO - [2023-07-21T10:08:31.357+0000] {dagbag.py:541} INFO - Filling up the DagBag from /home/airflow/.local/lib/python3.7/site-packages/airflow/example_dags/example_subdag_operator.py
[2023-07-21T10:08:31.425+0000] {processor.py:836} INFO - DAG(s) dict_keys(['example_subdag_operator.section-1', 'example_subdag_operator.section-2', 'example_subdag_operator']) retrieved from /home/airflow/.local/lib/python3.7/site-packages/airflow/example_dags/example_subdag_operator.py
[2023-07-21T10:08:31.480+0000] {logging_mixin.py:150} INFO - [2023-07-21T10:08:31.480+0000] {dag.py:2742} INFO - Sync 3 DAGs
[2023-07-21T10:08:31.556+0000] {logging_mixin.py:150} INFO - [2023-07-21T10:08:31.555+0000] {dag.py:3508} INFO - Setting next_dagrun for example_subdag_operator to 2022-01-01T00:00:00+00:00, run_after=2022-01-01T00:00:00+00:00
[2023-07-21T10:08:31.567+0000] {logging_mixin.py:150} INFO - [2023-07-21T10:08:31.566+0000] {dag.py:3508} INFO - Setting next_dagrun for example_subdag_operator.section-1 to None, run_after=None
[2023-07-21T10:08:31.571+0000] {logging_mixin.py:150} INFO - [2023-07-21T10:08:31.571+0000] {dag.py:3508} INFO - Setting next_dagrun for example_subdag_operator.section-2 to None, run_after=None
[2023-07-21T10:08:31.594+0000] {logging_mixin.py:150} INFO - [2023-07-21T10:08:31.593+0000] {dag.py:2742} INFO - Sync 2 DAGs
[2023-07-21T10:08:31.610+0000] {logging_mixin.py:150} INFO - [2023-07-21T10:08:31.609+0000] {dag.py:3508} INFO - Setting next_dagrun for example_subdag_operator.section-1 to None, run_after=None
[2023-07-21T10:08:31.611+0000] {logging_mixin.py:150} INFO - [2023-07-21T10:08:31.611+0000] {dag.py:3508} INFO - Setting next_dagrun for example_subdag_operator.section-2 to None, run_after=None
[2023-07-21T10:08:31.643+0000] {processor.py:179} INFO - Processing /home/airflow/.local/lib/python3.7/site-packages/airflow/example_dags/example_subdag_operator.py took 0.303 seconds
[2023-07-21T10:09:01.755+0000] {processor.py:157} INFO - Started process (PID=1359) to work on /home/airflow/.local/lib/python3.7/site-packages/airflow/example_dags/example_subdag_operator.py
[2023-07-21T10:09:01.757+0000] {processor.py:826} INFO - Processing file /home/airflow/.local/lib/python3.7/site-packages/airflow/example_dags/example_subdag_operator.py for tasks to queue
[2023-07-21T10:09:01.758+0000] {logging_mixin.py:150} INFO - [2023-07-21T10:09:01.757+0000] {dagbag.py:541} INFO - Filling up the DagBag from /home/airflow/.local/lib/python3.7/site-packages/airflow/example_dags/example_subdag_operator.py
[2023-07-21T10:09:01.784+0000] {processor.py:836} INFO - DAG(s) dict_keys(['example_subdag_operator.section-1', 'example_subdag_operator.section-2', 'example_subdag_operator']) retrieved from /home/airflow/.local/lib/python3.7/site-packages/airflow/example_dags/example_subdag_operator.py
[2023-07-21T10:09:01.804+0000] {logging_mixin.py:150} INFO - [2023-07-21T10:09:01.803+0000] {dag.py:2742} INFO - Sync 3 DAGs
[2023-07-21T10:09:01.825+0000] {logging_mixin.py:150} INFO - [2023-07-21T10:09:01.825+0000] {dag.py:3508} INFO - Setting next_dagrun for example_subdag_operator to 2022-01-01T00:00:00+00:00, run_after=2022-01-01T00:00:00+00:00
[2023-07-21T10:09:01.828+0000] {logging_mixin.py:150} INFO - [2023-07-21T10:09:01.828+0000] {dag.py:3508} INFO - Setting next_dagrun for example_subdag_operator.section-1 to None, run_after=None
[2023-07-21T10:09:01.830+0000] {logging_mixin.py:150} INFO - [2023-07-21T10:09:01.830+0000] {dag.py:3508} INFO - Setting next_dagrun for example_subdag_operator.section-2 to None, run_after=None
[2023-07-21T10:09:01.839+0000] {logging_mixin.py:150} INFO - [2023-07-21T10:09:01.839+0000] {dag.py:2742} INFO - Sync 2 DAGs
[2023-07-21T10:09:01.844+0000] {logging_mixin.py:150} INFO - [2023-07-21T10:09:01.844+0000] {dag.py:3508} INFO - Setting next_dagrun for example_subdag_operator.section-1 to None, run_after=None
[2023-07-21T10:09:01.845+0000] {logging_mixin.py:150} INFO - [2023-07-21T10:09:01.845+0000] {dag.py:3508} INFO - Setting next_dagrun for example_subdag_operator.section-2 to None, run_after=None
[2023-07-21T10:09:01.856+0000] {processor.py:179} INFO - Processing /home/airflow/.local/lib/python3.7/site-packages/airflow/example_dags/example_subdag_operator.py took 0.105 seconds
[2023-07-21T10:09:31.916+0000] {processor.py:157} INFO - Started process (PID=1420) to work on /home/airflow/.local/lib/python3.7/site-packages/airflow/example_dags/example_subdag_operator.py
[2023-07-21T10:09:31.918+0000] {processor.py:826} INFO - Processing file /home/airflow/.local/lib/python3.7/site-packages/airflow/example_dags/example_subdag_operator.py for tasks to queue
[2023-07-21T10:09:31.920+0000] {logging_mixin.py:150} INFO - [2023-07-21T10:09:31.919+0000] {dagbag.py:541} INFO - Filling up the DagBag from /home/airflow/.local/lib/python3.7/site-packages/airflow/example_dags/example_subdag_operator.py
[2023-07-21T10:09:31.962+0000] {processor.py:836} INFO - DAG(s) dict_keys(['example_subdag_operator.section-1', 'example_subdag_operator.section-2', 'example_subdag_operator']) retrieved from /home/airflow/.local/lib/python3.7/site-packages/airflow/example_dags/example_subdag_operator.py
[2023-07-21T10:09:31.986+0000] {logging_mixin.py:150} INFO - [2023-07-21T10:09:31.986+0000] {dag.py:2742} INFO - Sync 3 DAGs
[2023-07-21T10:09:32.013+0000] {logging_mixin.py:150} INFO - [2023-07-21T10:09:32.013+0000] {dag.py:3508} INFO - Setting next_dagrun for example_subdag_operator to 2022-01-01T00:00:00+00:00, run_after=2022-01-01T00:00:00+00:00
[2023-07-21T10:09:32.017+0000] {logging_mixin.py:150} INFO - [2023-07-21T10:09:32.017+0000] {dag.py:3508} INFO - Setting next_dagrun for example_subdag_operator.section-1 to None, run_after=None
[2023-07-21T10:09:32.019+0000] {logging_mixin.py:150} INFO - [2023-07-21T10:09:32.019+0000] {dag.py:3508} INFO - Setting next_dagrun for example_subdag_operator.section-2 to None, run_after=None
[2023-07-21T10:09:32.029+0000] {logging_mixin.py:150} INFO - [2023-07-21T10:09:32.029+0000] {dag.py:2742} INFO - Sync 2 DAGs
[2023-07-21T10:09:32.040+0000] {logging_mixin.py:150} INFO - [2023-07-21T10:09:32.040+0000] {dag.py:3508} INFO - Setting next_dagrun for example_subdag_operator.section-1 to None, run_after=None
[2023-07-21T10:09:32.041+0000] {logging_mixin.py:150} INFO - [2023-07-21T10:09:32.041+0000] {dag.py:3508} INFO - Setting next_dagrun for example_subdag_operator.section-2 to None, run_after=None
[2023-07-21T10:09:32.057+0000] {processor.py:179} INFO - Processing /home/airflow/.local/lib/python3.7/site-packages/airflow/example_dags/example_subdag_operator.py took 0.145 seconds
[2023-07-21T10:10:02.342+0000] {processor.py:157} INFO - Started process (PID=1481) to work on /home/airflow/.local/lib/python3.7/site-packages/airflow/example_dags/example_subdag_operator.py
[2023-07-21T10:10:02.344+0000] {processor.py:826} INFO - Processing file /home/airflow/.local/lib/python3.7/site-packages/airflow/example_dags/example_subdag_operator.py for tasks to queue
[2023-07-21T10:10:02.347+0000] {logging_mixin.py:150} INFO - [2023-07-21T10:10:02.346+0000] {dagbag.py:541} INFO - Filling up the DagBag from /home/airflow/.local/lib/python3.7/site-packages/airflow/example_dags/example_subdag_operator.py
[2023-07-21T10:10:02.396+0000] {processor.py:836} INFO - DAG(s) dict_keys(['example_subdag_operator.section-1', 'example_subdag_operator.section-2', 'example_subdag_operator']) retrieved from /home/airflow/.local/lib/python3.7/site-packages/airflow/example_dags/example_subdag_operator.py
[2023-07-21T10:10:02.419+0000] {logging_mixin.py:150} INFO - [2023-07-21T10:10:02.419+0000] {dag.py:2742} INFO - Sync 3 DAGs
[2023-07-21T10:10:02.443+0000] {logging_mixin.py:150} INFO - [2023-07-21T10:10:02.443+0000] {dag.py:3508} INFO - Setting next_dagrun for example_subdag_operator to 2022-01-01T00:00:00+00:00, run_after=2022-01-01T00:00:00+00:00
[2023-07-21T10:10:02.447+0000] {logging_mixin.py:150} INFO - [2023-07-21T10:10:02.447+0000] {dag.py:3508} INFO - Setting next_dagrun for example_subdag_operator.section-1 to None, run_after=None
[2023-07-21T10:10:02.449+0000] {logging_mixin.py:150} INFO - [2023-07-21T10:10:02.449+0000] {dag.py:3508} INFO - Setting next_dagrun for example_subdag_operator.section-2 to None, run_after=None
[2023-07-21T10:10:02.458+0000] {logging_mixin.py:150} INFO - [2023-07-21T10:10:02.457+0000] {dag.py:2742} INFO - Sync 2 DAGs
[2023-07-21T10:10:02.465+0000] {logging_mixin.py:150} INFO - [2023-07-21T10:10:02.465+0000] {dag.py:3508} INFO - Setting next_dagrun for example_subdag_operator.section-1 to None, run_after=None
[2023-07-21T10:10:02.466+0000] {logging_mixin.py:150} INFO - [2023-07-21T10:10:02.466+0000] {dag.py:3508} INFO - Setting next_dagrun for example_subdag_operator.section-2 to None, run_after=None
[2023-07-21T10:10:02.483+0000] {processor.py:179} INFO - Processing /home/airflow/.local/lib/python3.7/site-packages/airflow/example_dags/example_subdag_operator.py took 0.151 seconds
[2023-07-21T10:10:32.560+0000] {processor.py:157} INFO - Started process (PID=1542) to work on /home/airflow/.local/lib/python3.7/site-packages/airflow/example_dags/example_subdag_operator.py
[2023-07-21T10:10:32.561+0000] {processor.py:826} INFO - Processing file /home/airflow/.local/lib/python3.7/site-packages/airflow/example_dags/example_subdag_operator.py for tasks to queue
[2023-07-21T10:10:32.563+0000] {logging_mixin.py:150} INFO - [2023-07-21T10:10:32.562+0000] {dagbag.py:541} INFO - Filling up the DagBag from /home/airflow/.local/lib/python3.7/site-packages/airflow/example_dags/example_subdag_operator.py
[2023-07-21T10:10:32.588+0000] {processor.py:836} INFO - DAG(s) dict_keys(['example_subdag_operator.section-1', 'example_subdag_operator.section-2', 'example_subdag_operator']) retrieved from /home/airflow/.local/lib/python3.7/site-packages/airflow/example_dags/example_subdag_operator.py
[2023-07-21T10:10:32.611+0000] {logging_mixin.py:150} INFO - [2023-07-21T10:10:32.611+0000] {dag.py:2742} INFO - Sync 3 DAGs
[2023-07-21T10:10:32.643+0000] {logging_mixin.py:150} INFO - [2023-07-21T10:10:32.643+0000] {dag.py:3508} INFO - Setting next_dagrun for example_subdag_operator to 2022-01-01T00:00:00+00:00, run_after=2022-01-01T00:00:00+00:00
[2023-07-21T10:10:32.648+0000] {logging_mixin.py:150} INFO - [2023-07-21T10:10:32.648+0000] {dag.py:3508} INFO - Setting next_dagrun for example_subdag_operator.section-1 to None, run_after=None
[2023-07-21T10:10:32.651+0000] {logging_mixin.py:150} INFO - [2023-07-21T10:10:32.650+0000] {dag.py:3508} INFO - Setting next_dagrun for example_subdag_operator.section-2 to None, run_after=None
[2023-07-21T10:10:32.659+0000] {logging_mixin.py:150} INFO - [2023-07-21T10:10:32.659+0000] {dag.py:2742} INFO - Sync 2 DAGs
[2023-07-21T10:10:32.667+0000] {logging_mixin.py:150} INFO - [2023-07-21T10:10:32.667+0000] {dag.py:3508} INFO - Setting next_dagrun for example_subdag_operator.section-1 to None, run_after=None
[2023-07-21T10:10:32.668+0000] {logging_mixin.py:150} INFO - [2023-07-21T10:10:32.668+0000] {dag.py:3508} INFO - Setting next_dagrun for example_subdag_operator.section-2 to None, run_after=None
[2023-07-21T10:10:32.687+0000] {processor.py:179} INFO - Processing /home/airflow/.local/lib/python3.7/site-packages/airflow/example_dags/example_subdag_operator.py took 0.131 seconds
[2023-07-21T10:11:03.679+0000] {processor.py:157} INFO - Started process (PID=1603) to work on /home/airflow/.local/lib/python3.7/site-packages/airflow/example_dags/example_subdag_operator.py
[2023-07-21T10:11:03.681+0000] {processor.py:826} INFO - Processing file /home/airflow/.local/lib/python3.7/site-packages/airflow/example_dags/example_subdag_operator.py for tasks to queue
[2023-07-21T10:11:03.682+0000] {logging_mixin.py:150} INFO - [2023-07-21T10:11:03.682+0000] {dagbag.py:541} INFO - Filling up the DagBag from /home/airflow/.local/lib/python3.7/site-packages/airflow/example_dags/example_subdag_operator.py
[2023-07-21T10:11:03.717+0000] {processor.py:836} INFO - DAG(s) dict_keys(['example_subdag_operator.section-1', 'example_subdag_operator.section-2', 'example_subdag_operator']) retrieved from /home/airflow/.local/lib/python3.7/site-packages/airflow/example_dags/example_subdag_operator.py
[2023-07-21T10:11:03.749+0000] {logging_mixin.py:150} INFO - [2023-07-21T10:11:03.749+0000] {dag.py:2742} INFO - Sync 3 DAGs
[2023-07-21T10:11:03.781+0000] {logging_mixin.py:150} INFO - [2023-07-21T10:11:03.780+0000] {dag.py:3508} INFO - Setting next_dagrun for example_subdag_operator to 2022-01-01T00:00:00+00:00, run_after=2022-01-01T00:00:00+00:00
[2023-07-21T10:11:03.786+0000] {logging_mixin.py:150} INFO - [2023-07-21T10:11:03.785+0000] {dag.py:3508} INFO - Setting next_dagrun for example_subdag_operator.section-1 to None, run_after=None
[2023-07-21T10:11:03.788+0000] {logging_mixin.py:150} INFO - [2023-07-21T10:11:03.788+0000] {dag.py:3508} INFO - Setting next_dagrun for example_subdag_operator.section-2 to None, run_after=None
[2023-07-21T10:11:03.799+0000] {logging_mixin.py:150} INFO - [2023-07-21T10:11:03.798+0000] {dag.py:2742} INFO - Sync 2 DAGs
[2023-07-21T10:11:03.805+0000] {logging_mixin.py:150} INFO - [2023-07-21T10:11:03.805+0000] {dag.py:3508} INFO - Setting next_dagrun for example_subdag_operator.section-1 to None, run_after=None
[2023-07-21T10:11:03.806+0000] {logging_mixin.py:150} INFO - [2023-07-21T10:11:03.805+0000] {dag.py:3508} INFO - Setting next_dagrun for example_subdag_operator.section-2 to None, run_after=None
[2023-07-21T10:11:03.821+0000] {processor.py:179} INFO - Processing /home/airflow/.local/lib/python3.7/site-packages/airflow/example_dags/example_subdag_operator.py took 0.147 seconds
[2023-07-21T10:11:34.433+0000] {processor.py:157} INFO - Started process (PID=1664) to work on /home/airflow/.local/lib/python3.7/site-packages/airflow/example_dags/example_subdag_operator.py
[2023-07-21T10:11:34.434+0000] {processor.py:826} INFO - Processing file /home/airflow/.local/lib/python3.7/site-packages/airflow/example_dags/example_subdag_operator.py for tasks to queue
[2023-07-21T10:11:34.436+0000] {logging_mixin.py:150} INFO - [2023-07-21T10:11:34.436+0000] {dagbag.py:541} INFO - Filling up the DagBag from /home/airflow/.local/lib/python3.7/site-packages/airflow/example_dags/example_subdag_operator.py
[2023-07-21T10:11:34.477+0000] {processor.py:836} INFO - DAG(s) dict_keys(['example_subdag_operator.section-1', 'example_subdag_operator.section-2', 'example_subdag_operator']) retrieved from /home/airflow/.local/lib/python3.7/site-packages/airflow/example_dags/example_subdag_operator.py
[2023-07-21T10:11:34.505+0000] {logging_mixin.py:150} INFO - [2023-07-21T10:11:34.505+0000] {dag.py:2742} INFO - Sync 3 DAGs
[2023-07-21T10:11:34.550+0000] {logging_mixin.py:150} INFO - [2023-07-21T10:11:34.550+0000] {dag.py:3508} INFO - Setting next_dagrun for example_subdag_operator to 2022-01-01T00:00:00+00:00, run_after=2022-01-01T00:00:00+00:00
[2023-07-21T10:11:34.556+0000] {logging_mixin.py:150} INFO - [2023-07-21T10:11:34.555+0000] {dag.py:3508} INFO - Setting next_dagrun for example_subdag_operator.section-1 to None, run_after=None
[2023-07-21T10:11:34.561+0000] {logging_mixin.py:150} INFO - [2023-07-21T10:11:34.560+0000] {dag.py:3508} INFO - Setting next_dagrun for example_subdag_operator.section-2 to None, run_after=None
[2023-07-21T10:11:34.572+0000] {logging_mixin.py:150} INFO - [2023-07-21T10:11:34.572+0000] {dag.py:2742} INFO - Sync 2 DAGs
[2023-07-21T10:11:34.583+0000] {logging_mixin.py:150} INFO - [2023-07-21T10:11:34.583+0000] {dag.py:3508} INFO - Setting next_dagrun for example_subdag_operator.section-1 to None, run_after=None
[2023-07-21T10:11:34.584+0000] {logging_mixin.py:150} INFO - [2023-07-21T10:11:34.584+0000] {dag.py:3508} INFO - Setting next_dagrun for example_subdag_operator.section-2 to None, run_after=None
[2023-07-21T10:11:34.606+0000] {processor.py:179} INFO - Processing /home/airflow/.local/lib/python3.7/site-packages/airflow/example_dags/example_subdag_operator.py took 0.177 seconds
[2023-07-21T10:12:04.966+0000] {processor.py:157} INFO - Started process (PID=1725) to work on /home/airflow/.local/lib/python3.7/site-packages/airflow/example_dags/example_subdag_operator.py
[2023-07-21T10:12:04.967+0000] {processor.py:826} INFO - Processing file /home/airflow/.local/lib/python3.7/site-packages/airflow/example_dags/example_subdag_operator.py for tasks to queue
[2023-07-21T10:12:04.969+0000] {logging_mixin.py:150} INFO - [2023-07-21T10:12:04.968+0000] {dagbag.py:541} INFO - Filling up the DagBag from /home/airflow/.local/lib/python3.7/site-packages/airflow/example_dags/example_subdag_operator.py
[2023-07-21T10:12:04.997+0000] {processor.py:836} INFO - DAG(s) dict_keys(['example_subdag_operator.section-1', 'example_subdag_operator.section-2', 'example_subdag_operator']) retrieved from /home/airflow/.local/lib/python3.7/site-packages/airflow/example_dags/example_subdag_operator.py
[2023-07-21T10:12:05.022+0000] {logging_mixin.py:150} INFO - [2023-07-21T10:12:05.022+0000] {dag.py:2742} INFO - Sync 3 DAGs
[2023-07-21T10:12:05.061+0000] {logging_mixin.py:150} INFO - [2023-07-21T10:12:05.061+0000] {dag.py:3508} INFO - Setting next_dagrun for example_subdag_operator to 2022-01-01T00:00:00+00:00, run_after=2022-01-01T00:00:00+00:00
[2023-07-21T10:12:05.066+0000] {logging_mixin.py:150} INFO - [2023-07-21T10:12:05.065+0000] {dag.py:3508} INFO - Setting next_dagrun for example_subdag_operator.section-1 to None, run_after=None
[2023-07-21T10:12:05.067+0000] {logging_mixin.py:150} INFO - [2023-07-21T10:12:05.067+0000] {dag.py:3508} INFO - Setting next_dagrun for example_subdag_operator.section-2 to None, run_after=None
[2023-07-21T10:12:05.076+0000] {logging_mixin.py:150} INFO - [2023-07-21T10:12:05.075+0000] {dag.py:2742} INFO - Sync 2 DAGs
[2023-07-21T10:12:05.083+0000] {logging_mixin.py:150} INFO - [2023-07-21T10:12:05.082+0000] {dag.py:3508} INFO - Setting next_dagrun for example_subdag_operator.section-1 to None, run_after=None
[2023-07-21T10:12:05.084+0000] {logging_mixin.py:150} INFO - [2023-07-21T10:12:05.083+0000] {dag.py:3508} INFO - Setting next_dagrun for example_subdag_operator.section-2 to None, run_after=None
[2023-07-21T10:12:05.098+0000] {processor.py:179} INFO - Processing /home/airflow/.local/lib/python3.7/site-packages/airflow/example_dags/example_subdag_operator.py took 0.136 seconds
[2023-07-21T10:12:35.935+0000] {processor.py:157} INFO - Started process (PID=1786) to work on /home/airflow/.local/lib/python3.7/site-packages/airflow/example_dags/example_subdag_operator.py
[2023-07-21T10:12:35.937+0000] {processor.py:826} INFO - Processing file /home/airflow/.local/lib/python3.7/site-packages/airflow/example_dags/example_subdag_operator.py for tasks to queue
[2023-07-21T10:12:35.939+0000] {logging_mixin.py:150} INFO - [2023-07-21T10:12:35.939+0000] {dagbag.py:541} INFO - Filling up the DagBag from /home/airflow/.local/lib/python3.7/site-packages/airflow/example_dags/example_subdag_operator.py
[2023-07-21T10:12:35.973+0000] {processor.py:836} INFO - DAG(s) dict_keys(['example_subdag_operator.section-1', 'example_subdag_operator.section-2', 'example_subdag_operator']) retrieved from /home/airflow/.local/lib/python3.7/site-packages/airflow/example_dags/example_subdag_operator.py
[2023-07-21T10:12:36.004+0000] {logging_mixin.py:150} INFO - [2023-07-21T10:12:36.004+0000] {dag.py:2742} INFO - Sync 3 DAGs
[2023-07-21T10:12:36.040+0000] {logging_mixin.py:150} INFO - [2023-07-21T10:12:36.039+0000] {dag.py:3508} INFO - Setting next_dagrun for example_subdag_operator to 2022-01-01T00:00:00+00:00, run_after=2022-01-01T00:00:00+00:00
[2023-07-21T10:12:36.045+0000] {logging_mixin.py:150} INFO - [2023-07-21T10:12:36.044+0000] {dag.py:3508} INFO - Setting next_dagrun for example_subdag_operator.section-1 to None, run_after=None
[2023-07-21T10:12:36.047+0000] {logging_mixin.py:150} INFO - [2023-07-21T10:12:36.047+0000] {dag.py:3508} INFO - Setting next_dagrun for example_subdag_operator.section-2 to None, run_after=None
[2023-07-21T10:12:36.061+0000] {logging_mixin.py:150} INFO - [2023-07-21T10:12:36.061+0000] {dag.py:2742} INFO - Sync 2 DAGs
[2023-07-21T10:12:36.072+0000] {logging_mixin.py:150} INFO - [2023-07-21T10:12:36.072+0000] {dag.py:3508} INFO - Setting next_dagrun for example_subdag_operator.section-1 to None, run_after=None
[2023-07-21T10:12:36.073+0000] {logging_mixin.py:150} INFO - [2023-07-21T10:12:36.073+0000] {dag.py:3508} INFO - Setting next_dagrun for example_subdag_operator.section-2 to None, run_after=None
[2023-07-21T10:12:36.092+0000] {processor.py:179} INFO - Processing /home/airflow/.local/lib/python3.7/site-packages/airflow/example_dags/example_subdag_operator.py took 0.163 seconds
[2023-07-21T10:13:06.313+0000] {processor.py:157} INFO - Started process (PID=1848) to work on /home/airflow/.local/lib/python3.7/site-packages/airflow/example_dags/example_subdag_operator.py
[2023-07-21T10:13:06.314+0000] {processor.py:826} INFO - Processing file /home/airflow/.local/lib/python3.7/site-packages/airflow/example_dags/example_subdag_operator.py for tasks to queue
[2023-07-21T10:13:06.316+0000] {logging_mixin.py:150} INFO - [2023-07-21T10:13:06.315+0000] {dagbag.py:541} INFO - Filling up the DagBag from /home/airflow/.local/lib/python3.7/site-packages/airflow/example_dags/example_subdag_operator.py
[2023-07-21T10:13:06.341+0000] {processor.py:836} INFO - DAG(s) dict_keys(['example_subdag_operator.section-1', 'example_subdag_operator.section-2', 'example_subdag_operator']) retrieved from /home/airflow/.local/lib/python3.7/site-packages/airflow/example_dags/example_subdag_operator.py
[2023-07-21T10:13:06.362+0000] {logging_mixin.py:150} INFO - [2023-07-21T10:13:06.361+0000] {dag.py:2742} INFO - Sync 3 DAGs
[2023-07-21T10:13:06.387+0000] {logging_mixin.py:150} INFO - [2023-07-21T10:13:06.387+0000] {dag.py:3508} INFO - Setting next_dagrun for example_subdag_operator to 2022-01-01T00:00:00+00:00, run_after=2022-01-01T00:00:00+00:00
[2023-07-21T10:13:06.390+0000] {logging_mixin.py:150} INFO - [2023-07-21T10:13:06.390+0000] {dag.py:3508} INFO - Setting next_dagrun for example_subdag_operator.section-1 to None, run_after=None
[2023-07-21T10:13:06.392+0000] {logging_mixin.py:150} INFO - [2023-07-21T10:13:06.392+0000] {dag.py:3508} INFO - Setting next_dagrun for example_subdag_operator.section-2 to None, run_after=None
[2023-07-21T10:13:06.400+0000] {logging_mixin.py:150} INFO - [2023-07-21T10:13:06.400+0000] {dag.py:2742} INFO - Sync 2 DAGs
[2023-07-21T10:13:06.406+0000] {logging_mixin.py:150} INFO - [2023-07-21T10:13:06.406+0000] {dag.py:3508} INFO - Setting next_dagrun for example_subdag_operator.section-1 to None, run_after=None
[2023-07-21T10:13:06.407+0000] {logging_mixin.py:150} INFO - [2023-07-21T10:13:06.407+0000] {dag.py:3508} INFO - Setting next_dagrun for example_subdag_operator.section-2 to None, run_after=None
[2023-07-21T10:13:06.423+0000] {processor.py:179} INFO - Processing /home/airflow/.local/lib/python3.7/site-packages/airflow/example_dags/example_subdag_operator.py took 0.113 seconds
[2023-07-21T10:13:36.648+0000] {processor.py:157} INFO - Started process (PID=1908) to work on /home/airflow/.local/lib/python3.7/site-packages/airflow/example_dags/example_subdag_operator.py
[2023-07-21T10:13:36.650+0000] {processor.py:826} INFO - Processing file /home/airflow/.local/lib/python3.7/site-packages/airflow/example_dags/example_subdag_operator.py for tasks to queue
[2023-07-21T10:13:36.651+0000] {logging_mixin.py:150} INFO - [2023-07-21T10:13:36.651+0000] {dagbag.py:541} INFO - Filling up the DagBag from /home/airflow/.local/lib/python3.7/site-packages/airflow/example_dags/example_subdag_operator.py
[2023-07-21T10:13:36.679+0000] {processor.py:836} INFO - DAG(s) dict_keys(['example_subdag_operator.section-1', 'example_subdag_operator.section-2', 'example_subdag_operator']) retrieved from /home/airflow/.local/lib/python3.7/site-packages/airflow/example_dags/example_subdag_operator.py
[2023-07-21T10:13:36.706+0000] {logging_mixin.py:150} INFO - [2023-07-21T10:13:36.706+0000] {dag.py:2742} INFO - Sync 3 DAGs
[2023-07-21T10:13:36.731+0000] {logging_mixin.py:150} INFO - [2023-07-21T10:13:36.730+0000] {dag.py:3508} INFO - Setting next_dagrun for example_subdag_operator to 2022-01-01T00:00:00+00:00, run_after=2022-01-01T00:00:00+00:00
[2023-07-21T10:13:36.735+0000] {logging_mixin.py:150} INFO - [2023-07-21T10:13:36.735+0000] {dag.py:3508} INFO - Setting next_dagrun for example_subdag_operator.section-1 to None, run_after=None
[2023-07-21T10:13:36.739+0000] {logging_mixin.py:150} INFO - [2023-07-21T10:13:36.737+0000] {dag.py:3508} INFO - Setting next_dagrun for example_subdag_operator.section-2 to None, run_after=None
[2023-07-21T10:13:36.752+0000] {logging_mixin.py:150} INFO - [2023-07-21T10:13:36.752+0000] {dag.py:2742} INFO - Sync 2 DAGs
[2023-07-21T10:13:36.760+0000] {logging_mixin.py:150} INFO - [2023-07-21T10:13:36.760+0000] {dag.py:3508} INFO - Setting next_dagrun for example_subdag_operator.section-1 to None, run_after=None
[2023-07-21T10:13:36.761+0000] {logging_mixin.py:150} INFO - [2023-07-21T10:13:36.761+0000] {dag.py:3508} INFO - Setting next_dagrun for example_subdag_operator.section-2 to None, run_after=None
[2023-07-21T10:13:36.782+0000] {processor.py:179} INFO - Processing /home/airflow/.local/lib/python3.7/site-packages/airflow/example_dags/example_subdag_operator.py took 0.138 seconds
[2023-07-21T10:14:07.493+0000] {processor.py:157} INFO - Started process (PID=1969) to work on /home/airflow/.local/lib/python3.7/site-packages/airflow/example_dags/example_subdag_operator.py
[2023-07-21T10:14:07.494+0000] {processor.py:826} INFO - Processing file /home/airflow/.local/lib/python3.7/site-packages/airflow/example_dags/example_subdag_operator.py for tasks to queue
[2023-07-21T10:14:07.495+0000] {logging_mixin.py:150} INFO - [2023-07-21T10:14:07.495+0000] {dagbag.py:541} INFO - Filling up the DagBag from /home/airflow/.local/lib/python3.7/site-packages/airflow/example_dags/example_subdag_operator.py
[2023-07-21T10:14:07.531+0000] {processor.py:836} INFO - DAG(s) dict_keys(['example_subdag_operator.section-1', 'example_subdag_operator.section-2', 'example_subdag_operator']) retrieved from /home/airflow/.local/lib/python3.7/site-packages/airflow/example_dags/example_subdag_operator.py
[2023-07-21T10:14:07.561+0000] {logging_mixin.py:150} INFO - [2023-07-21T10:14:07.561+0000] {dag.py:2742} INFO - Sync 3 DAGs
[2023-07-21T10:14:07.602+0000] {logging_mixin.py:150} INFO - [2023-07-21T10:14:07.601+0000] {dag.py:3508} INFO - Setting next_dagrun for example_subdag_operator to 2022-01-01T00:00:00+00:00, run_after=2022-01-01T00:00:00+00:00
[2023-07-21T10:14:07.612+0000] {logging_mixin.py:150} INFO - [2023-07-21T10:14:07.611+0000] {dag.py:3508} INFO - Setting next_dagrun for example_subdag_operator.section-1 to None, run_after=None
[2023-07-21T10:14:07.618+0000] {logging_mixin.py:150} INFO - [2023-07-21T10:14:07.617+0000] {dag.py:3508} INFO - Setting next_dagrun for example_subdag_operator.section-2 to None, run_after=None
[2023-07-21T10:14:07.633+0000] {logging_mixin.py:150} INFO - [2023-07-21T10:14:07.633+0000] {dag.py:2742} INFO - Sync 2 DAGs
[2023-07-21T10:14:07.645+0000] {logging_mixin.py:150} INFO - [2023-07-21T10:14:07.645+0000] {dag.py:3508} INFO - Setting next_dagrun for example_subdag_operator.section-1 to None, run_after=None
[2023-07-21T10:14:07.646+0000] {logging_mixin.py:150} INFO - [2023-07-21T10:14:07.646+0000] {dag.py:3508} INFO - Setting next_dagrun for example_subdag_operator.section-2 to None, run_after=None
[2023-07-21T10:14:07.666+0000] {processor.py:179} INFO - Processing /home/airflow/.local/lib/python3.7/site-packages/airflow/example_dags/example_subdag_operator.py took 0.180 seconds
[2023-07-21T10:14:38.538+0000] {processor.py:157} INFO - Started process (PID=2030) to work on /home/airflow/.local/lib/python3.7/site-packages/airflow/example_dags/example_subdag_operator.py
[2023-07-21T10:14:38.539+0000] {processor.py:826} INFO - Processing file /home/airflow/.local/lib/python3.7/site-packages/airflow/example_dags/example_subdag_operator.py for tasks to queue
[2023-07-21T10:14:38.542+0000] {logging_mixin.py:150} INFO - [2023-07-21T10:14:38.541+0000] {dagbag.py:541} INFO - Filling up the DagBag from /home/airflow/.local/lib/python3.7/site-packages/airflow/example_dags/example_subdag_operator.py
[2023-07-21T10:14:38.579+0000] {processor.py:836} INFO - DAG(s) dict_keys(['example_subdag_operator.section-1', 'example_subdag_operator.section-2', 'example_subdag_operator']) retrieved from /home/airflow/.local/lib/python3.7/site-packages/airflow/example_dags/example_subdag_operator.py
[2023-07-21T10:14:38.611+0000] {logging_mixin.py:150} INFO - [2023-07-21T10:14:38.611+0000] {dag.py:2742} INFO - Sync 3 DAGs
[2023-07-21T10:14:38.644+0000] {logging_mixin.py:150} INFO - [2023-07-21T10:14:38.644+0000] {dag.py:3508} INFO - Setting next_dagrun for example_subdag_operator to 2022-01-01T00:00:00+00:00, run_after=2022-01-01T00:00:00+00:00
[2023-07-21T10:14:38.652+0000] {logging_mixin.py:150} INFO - [2023-07-21T10:14:38.651+0000] {dag.py:3508} INFO - Setting next_dagrun for example_subdag_operator.section-1 to None, run_after=None
[2023-07-21T10:14:38.654+0000] {logging_mixin.py:150} INFO - [2023-07-21T10:14:38.654+0000] {dag.py:3508} INFO - Setting next_dagrun for example_subdag_operator.section-2 to None, run_after=None
[2023-07-21T10:14:38.664+0000] {logging_mixin.py:150} INFO - [2023-07-21T10:14:38.664+0000] {dag.py:2742} INFO - Sync 2 DAGs
[2023-07-21T10:14:38.674+0000] {logging_mixin.py:150} INFO - [2023-07-21T10:14:38.674+0000] {dag.py:3508} INFO - Setting next_dagrun for example_subdag_operator.section-1 to None, run_after=None
[2023-07-21T10:14:38.675+0000] {logging_mixin.py:150} INFO - [2023-07-21T10:14:38.675+0000] {dag.py:3508} INFO - Setting next_dagrun for example_subdag_operator.section-2 to None, run_after=None
[2023-07-21T10:14:38.695+0000] {processor.py:179} INFO - Processing /home/airflow/.local/lib/python3.7/site-packages/airflow/example_dags/example_subdag_operator.py took 0.162 seconds
