[2023-07-21T09:58:08.039+0000] {processor.py:157} INFO - Started process (PID=42) to work on /home/airflow/.local/lib/python3.7/site-packages/airflow/example_dags/example_datasets.py
[2023-07-21T09:58:08.046+0000] {processor.py:826} INFO - Processing file /home/airflow/.local/lib/python3.7/site-packages/airflow/example_dags/example_datasets.py for tasks to queue
[2023-07-21T09:58:08.052+0000] {logging_mixin.py:150} INFO - [2023-07-21T09:58:08.051+0000] {dagbag.py:541} INFO - Filling up the DagBag from /home/airflow/.local/lib/python3.7/site-packages/airflow/example_dags/example_datasets.py
[2023-07-21T09:58:08.082+0000] {processor.py:836} INFO - DAG(s) dict_keys(['dataset_consumes_unknown_never_scheduled', 'dataset_consumes_1_never_scheduled', 'dataset_consumes_1', 'dataset_consumes_1_and_2', 'dataset_produces_2', 'dataset_produces_1']) retrieved from /home/airflow/.local/lib/python3.7/site-packages/airflow/example_dags/example_datasets.py
[2023-07-21T09:58:08.241+0000] {logging_mixin.py:150} INFO - [2023-07-21T09:58:08.239+0000] {dag.py:2742} INFO - Sync 6 DAGs
[2023-07-21T09:58:08.490+0000] {logging_mixin.py:150} INFO - [2023-07-21T09:58:08.490+0000] {dag.py:3508} INFO - Setting next_dagrun for dataset_consumes_1 to None, run_after=None
[2023-07-21T09:58:08.499+0000] {logging_mixin.py:150} INFO - [2023-07-21T09:58:08.498+0000] {dag.py:3508} INFO - Setting next_dagrun for dataset_consumes_1_and_2 to None, run_after=None
[2023-07-21T09:58:08.503+0000] {logging_mixin.py:150} INFO - [2023-07-21T09:58:08.502+0000] {dag.py:3508} INFO - Setting next_dagrun for dataset_consumes_1_never_scheduled to None, run_after=None
[2023-07-21T09:58:08.508+0000] {logging_mixin.py:150} INFO - [2023-07-21T09:58:08.507+0000] {dag.py:3508} INFO - Setting next_dagrun for dataset_consumes_unknown_never_scheduled to None, run_after=None
[2023-07-21T09:58:08.516+0000] {logging_mixin.py:150} INFO - [2023-07-21T09:58:08.515+0000] {dag.py:3508} INFO - Setting next_dagrun for dataset_produces_1 to 2023-07-20T00:00:00+00:00, run_after=2023-07-21T00:00:00+00:00
[2023-07-21T09:58:08.519+0000] {logging_mixin.py:150} INFO - [2023-07-21T09:58:08.519+0000] {dag.py:3508} INFO - Setting next_dagrun for dataset_produces_2 to None, run_after=None
[2023-07-21T09:58:08.599+0000] {processor.py:179} INFO - Processing /home/airflow/.local/lib/python3.7/site-packages/airflow/example_dags/example_datasets.py took 0.565 seconds
[2023-07-21T09:58:39.391+0000] {processor.py:157} INFO - Started process (PID=103) to work on /home/airflow/.local/lib/python3.7/site-packages/airflow/example_dags/example_datasets.py
[2023-07-21T09:58:39.393+0000] {processor.py:826} INFO - Processing file /home/airflow/.local/lib/python3.7/site-packages/airflow/example_dags/example_datasets.py for tasks to queue
[2023-07-21T09:58:39.395+0000] {logging_mixin.py:150} INFO - [2023-07-21T09:58:39.394+0000] {dagbag.py:541} INFO - Filling up the DagBag from /home/airflow/.local/lib/python3.7/site-packages/airflow/example_dags/example_datasets.py
[2023-07-21T09:58:39.413+0000] {processor.py:836} INFO - DAG(s) dict_keys(['dataset_produces_2', 'dataset_consumes_1_never_scheduled', 'dataset_consumes_1', 'dataset_produces_1', 'dataset_consumes_1_and_2', 'dataset_consumes_unknown_never_scheduled']) retrieved from /home/airflow/.local/lib/python3.7/site-packages/airflow/example_dags/example_datasets.py
[2023-07-21T09:58:39.447+0000] {logging_mixin.py:150} INFO - [2023-07-21T09:58:39.446+0000] {dag.py:2742} INFO - Sync 6 DAGs
[2023-07-21T09:58:39.486+0000] {logging_mixin.py:150} INFO - [2023-07-21T09:58:39.485+0000] {dag.py:3508} INFO - Setting next_dagrun for dataset_consumes_1 to None, run_after=None
[2023-07-21T09:58:39.491+0000] {logging_mixin.py:150} INFO - [2023-07-21T09:58:39.490+0000] {dag.py:3508} INFO - Setting next_dagrun for dataset_consumes_1_and_2 to None, run_after=None
[2023-07-21T09:58:39.494+0000] {logging_mixin.py:150} INFO - [2023-07-21T09:58:39.493+0000] {dag.py:3508} INFO - Setting next_dagrun for dataset_consumes_1_never_scheduled to None, run_after=None
[2023-07-21T09:58:39.496+0000] {logging_mixin.py:150} INFO - [2023-07-21T09:58:39.496+0000] {dag.py:3508} INFO - Setting next_dagrun for dataset_consumes_unknown_never_scheduled to None, run_after=None
[2023-07-21T09:58:39.502+0000] {logging_mixin.py:150} INFO - [2023-07-21T09:58:39.502+0000] {dag.py:3508} INFO - Setting next_dagrun for dataset_produces_1 to 2023-07-20T00:00:00+00:00, run_after=2023-07-21T00:00:00+00:00
[2023-07-21T09:58:39.505+0000] {logging_mixin.py:150} INFO - [2023-07-21T09:58:39.505+0000] {dag.py:3508} INFO - Setting next_dagrun for dataset_produces_2 to None, run_after=None
[2023-07-21T09:58:39.573+0000] {processor.py:179} INFO - Processing /home/airflow/.local/lib/python3.7/site-packages/airflow/example_dags/example_datasets.py took 0.187 seconds
[2023-07-21T09:59:10.328+0000] {processor.py:157} INFO - Started process (PID=164) to work on /home/airflow/.local/lib/python3.7/site-packages/airflow/example_dags/example_datasets.py
[2023-07-21T09:59:10.336+0000] {processor.py:826} INFO - Processing file /home/airflow/.local/lib/python3.7/site-packages/airflow/example_dags/example_datasets.py for tasks to queue
[2023-07-21T09:59:10.338+0000] {logging_mixin.py:150} INFO - [2023-07-21T09:59:10.338+0000] {dagbag.py:541} INFO - Filling up the DagBag from /home/airflow/.local/lib/python3.7/site-packages/airflow/example_dags/example_datasets.py
[2023-07-21T09:59:10.362+0000] {processor.py:836} INFO - DAG(s) dict_keys(['dataset_produces_2', 'dataset_consumes_1', 'dataset_produces_1', 'dataset_consumes_1_and_2', 'dataset_consumes_unknown_never_scheduled', 'dataset_consumes_1_never_scheduled']) retrieved from /home/airflow/.local/lib/python3.7/site-packages/airflow/example_dags/example_datasets.py
[2023-07-21T09:59:10.468+0000] {logging_mixin.py:150} INFO - [2023-07-21T09:59:10.467+0000] {dag.py:2742} INFO - Sync 6 DAGs
[2023-07-21T09:59:10.524+0000] {logging_mixin.py:150} INFO - [2023-07-21T09:59:10.524+0000] {dag.py:3508} INFO - Setting next_dagrun for dataset_consumes_1 to None, run_after=None
[2023-07-21T09:59:10.537+0000] {logging_mixin.py:150} INFO - [2023-07-21T09:59:10.536+0000] {dag.py:3508} INFO - Setting next_dagrun for dataset_consumes_1_and_2 to None, run_after=None
[2023-07-21T09:59:10.541+0000] {logging_mixin.py:150} INFO - [2023-07-21T09:59:10.541+0000] {dag.py:3508} INFO - Setting next_dagrun for dataset_consumes_1_never_scheduled to None, run_after=None
[2023-07-21T09:59:10.546+0000] {logging_mixin.py:150} INFO - [2023-07-21T09:59:10.545+0000] {dag.py:3508} INFO - Setting next_dagrun for dataset_consumes_unknown_never_scheduled to None, run_after=None
[2023-07-21T09:59:10.556+0000] {logging_mixin.py:150} INFO - [2023-07-21T09:59:10.555+0000] {dag.py:3508} INFO - Setting next_dagrun for dataset_produces_1 to 2023-07-20T00:00:00+00:00, run_after=2023-07-21T00:00:00+00:00
[2023-07-21T09:59:10.561+0000] {logging_mixin.py:150} INFO - [2023-07-21T09:59:10.561+0000] {dag.py:3508} INFO - Setting next_dagrun for dataset_produces_2 to None, run_after=None
[2023-07-21T09:59:10.685+0000] {processor.py:179} INFO - Processing /home/airflow/.local/lib/python3.7/site-packages/airflow/example_dags/example_datasets.py took 0.368 seconds
[2023-07-21T09:59:41.069+0000] {processor.py:157} INFO - Started process (PID=225) to work on /home/airflow/.local/lib/python3.7/site-packages/airflow/example_dags/example_datasets.py
[2023-07-21T09:59:41.071+0000] {processor.py:826} INFO - Processing file /home/airflow/.local/lib/python3.7/site-packages/airflow/example_dags/example_datasets.py for tasks to queue
[2023-07-21T09:59:41.072+0000] {logging_mixin.py:150} INFO - [2023-07-21T09:59:41.072+0000] {dagbag.py:541} INFO - Filling up the DagBag from /home/airflow/.local/lib/python3.7/site-packages/airflow/example_dags/example_datasets.py
[2023-07-21T09:59:41.087+0000] {processor.py:836} INFO - DAG(s) dict_keys(['dataset_produces_2', 'dataset_consumes_unknown_never_scheduled', 'dataset_produces_1', 'dataset_consumes_1', 'dataset_consumes_1_never_scheduled', 'dataset_consumes_1_and_2']) retrieved from /home/airflow/.local/lib/python3.7/site-packages/airflow/example_dags/example_datasets.py
[2023-07-21T09:59:41.153+0000] {logging_mixin.py:150} INFO - [2023-07-21T09:59:41.153+0000] {dag.py:2742} INFO - Sync 6 DAGs
[2023-07-21T09:59:41.182+0000] {logging_mixin.py:150} INFO - [2023-07-21T09:59:41.182+0000] {dag.py:3508} INFO - Setting next_dagrun for dataset_consumes_1 to None, run_after=None
[2023-07-21T09:59:41.190+0000] {logging_mixin.py:150} INFO - [2023-07-21T09:59:41.190+0000] {dag.py:3508} INFO - Setting next_dagrun for dataset_consumes_1_and_2 to None, run_after=None
[2023-07-21T09:59:41.192+0000] {logging_mixin.py:150} INFO - [2023-07-21T09:59:41.192+0000] {dag.py:3508} INFO - Setting next_dagrun for dataset_consumes_1_never_scheduled to None, run_after=None
[2023-07-21T09:59:41.194+0000] {logging_mixin.py:150} INFO - [2023-07-21T09:59:41.194+0000] {dag.py:3508} INFO - Setting next_dagrun for dataset_consumes_unknown_never_scheduled to None, run_after=None
[2023-07-21T09:59:41.198+0000] {logging_mixin.py:150} INFO - [2023-07-21T09:59:41.198+0000] {dag.py:3508} INFO - Setting next_dagrun for dataset_produces_1 to 2023-07-20T00:00:00+00:00, run_after=2023-07-21T00:00:00+00:00
[2023-07-21T09:59:41.201+0000] {logging_mixin.py:150} INFO - [2023-07-21T09:59:41.201+0000] {dag.py:3508} INFO - Setting next_dagrun for dataset_produces_2 to None, run_after=None
[2023-07-21T09:59:41.250+0000] {processor.py:179} INFO - Processing /home/airflow/.local/lib/python3.7/site-packages/airflow/example_dags/example_datasets.py took 0.186 seconds
[2023-07-21T10:00:11.365+0000] {processor.py:157} INFO - Started process (PID=287) to work on /home/airflow/.local/lib/python3.7/site-packages/airflow/example_dags/example_datasets.py
[2023-07-21T10:00:11.367+0000] {processor.py:826} INFO - Processing file /home/airflow/.local/lib/python3.7/site-packages/airflow/example_dags/example_datasets.py for tasks to queue
[2023-07-21T10:00:11.368+0000] {logging_mixin.py:150} INFO - [2023-07-21T10:00:11.368+0000] {dagbag.py:541} INFO - Filling up the DagBag from /home/airflow/.local/lib/python3.7/site-packages/airflow/example_dags/example_datasets.py
[2023-07-21T10:00:11.381+0000] {processor.py:836} INFO - DAG(s) dict_keys(['dataset_consumes_1', 'dataset_produces_2', 'dataset_consumes_1_never_scheduled', 'dataset_consumes_1_and_2', 'dataset_produces_1', 'dataset_consumes_unknown_never_scheduled']) retrieved from /home/airflow/.local/lib/python3.7/site-packages/airflow/example_dags/example_datasets.py
[2023-07-21T10:00:11.435+0000] {logging_mixin.py:150} INFO - [2023-07-21T10:00:11.435+0000] {dag.py:2742} INFO - Sync 6 DAGs
[2023-07-21T10:00:11.468+0000] {logging_mixin.py:150} INFO - [2023-07-21T10:00:11.467+0000] {dag.py:3508} INFO - Setting next_dagrun for dataset_consumes_1 to None, run_after=None
[2023-07-21T10:00:11.473+0000] {logging_mixin.py:150} INFO - [2023-07-21T10:00:11.473+0000] {dag.py:3508} INFO - Setting next_dagrun for dataset_consumes_1_and_2 to None, run_after=None
[2023-07-21T10:00:11.475+0000] {logging_mixin.py:150} INFO - [2023-07-21T10:00:11.475+0000] {dag.py:3508} INFO - Setting next_dagrun for dataset_consumes_1_never_scheduled to None, run_after=None
[2023-07-21T10:00:11.477+0000] {logging_mixin.py:150} INFO - [2023-07-21T10:00:11.477+0000] {dag.py:3508} INFO - Setting next_dagrun for dataset_consumes_unknown_never_scheduled to None, run_after=None
[2023-07-21T10:00:11.480+0000] {logging_mixin.py:150} INFO - [2023-07-21T10:00:11.480+0000] {dag.py:3508} INFO - Setting next_dagrun for dataset_produces_1 to 2023-07-20T00:00:00+00:00, run_after=2023-07-21T00:00:00+00:00
[2023-07-21T10:00:11.482+0000] {logging_mixin.py:150} INFO - [2023-07-21T10:00:11.482+0000] {dag.py:3508} INFO - Setting next_dagrun for dataset_produces_2 to None, run_after=None
[2023-07-21T10:00:11.528+0000] {processor.py:179} INFO - Processing /home/airflow/.local/lib/python3.7/site-packages/airflow/example_dags/example_datasets.py took 0.166 seconds
[2023-07-21T10:00:42.436+0000] {processor.py:157} INFO - Started process (PID=347) to work on /home/airflow/.local/lib/python3.7/site-packages/airflow/example_dags/example_datasets.py
[2023-07-21T10:00:42.438+0000] {processor.py:826} INFO - Processing file /home/airflow/.local/lib/python3.7/site-packages/airflow/example_dags/example_datasets.py for tasks to queue
[2023-07-21T10:00:42.439+0000] {logging_mixin.py:150} INFO - [2023-07-21T10:00:42.439+0000] {dagbag.py:541} INFO - Filling up the DagBag from /home/airflow/.local/lib/python3.7/site-packages/airflow/example_dags/example_datasets.py
[2023-07-21T10:00:42.452+0000] {processor.py:836} INFO - DAG(s) dict_keys(['dataset_consumes_1', 'dataset_consumes_1_and_2', 'dataset_consumes_unknown_never_scheduled', 'dataset_consumes_1_never_scheduled', 'dataset_produces_2', 'dataset_produces_1']) retrieved from /home/airflow/.local/lib/python3.7/site-packages/airflow/example_dags/example_datasets.py
[2023-07-21T10:00:42.505+0000] {logging_mixin.py:150} INFO - [2023-07-21T10:00:42.505+0000] {dag.py:2742} INFO - Sync 6 DAGs
[2023-07-21T10:00:42.536+0000] {logging_mixin.py:150} INFO - [2023-07-21T10:00:42.536+0000] {dag.py:3508} INFO - Setting next_dagrun for dataset_consumes_1 to None, run_after=None
[2023-07-21T10:00:42.541+0000] {logging_mixin.py:150} INFO - [2023-07-21T10:00:42.541+0000] {dag.py:3508} INFO - Setting next_dagrun for dataset_consumes_1_and_2 to None, run_after=None
[2023-07-21T10:00:42.543+0000] {logging_mixin.py:150} INFO - [2023-07-21T10:00:42.543+0000] {dag.py:3508} INFO - Setting next_dagrun for dataset_consumes_1_never_scheduled to None, run_after=None
[2023-07-21T10:00:42.545+0000] {logging_mixin.py:150} INFO - [2023-07-21T10:00:42.545+0000] {dag.py:3508} INFO - Setting next_dagrun for dataset_consumes_unknown_never_scheduled to None, run_after=None
[2023-07-21T10:00:42.548+0000] {logging_mixin.py:150} INFO - [2023-07-21T10:00:42.548+0000] {dag.py:3508} INFO - Setting next_dagrun for dataset_produces_1 to 2023-07-20T00:00:00+00:00, run_after=2023-07-21T00:00:00+00:00
[2023-07-21T10:00:42.549+0000] {logging_mixin.py:150} INFO - [2023-07-21T10:00:42.549+0000] {dag.py:3508} INFO - Setting next_dagrun for dataset_produces_2 to None, run_after=None
[2023-07-21T10:00:42.585+0000] {processor.py:179} INFO - Processing /home/airflow/.local/lib/python3.7/site-packages/airflow/example_dags/example_datasets.py took 0.153 seconds
[2023-07-21T10:01:13.627+0000] {processor.py:157} INFO - Started process (PID=408) to work on /home/airflow/.local/lib/python3.7/site-packages/airflow/example_dags/example_datasets.py
[2023-07-21T10:01:13.629+0000] {processor.py:826} INFO - Processing file /home/airflow/.local/lib/python3.7/site-packages/airflow/example_dags/example_datasets.py for tasks to queue
[2023-07-21T10:01:13.631+0000] {logging_mixin.py:150} INFO - [2023-07-21T10:01:13.630+0000] {dagbag.py:541} INFO - Filling up the DagBag from /home/airflow/.local/lib/python3.7/site-packages/airflow/example_dags/example_datasets.py
[2023-07-21T10:01:13.640+0000] {processor.py:836} INFO - DAG(s) dict_keys(['dataset_consumes_1_and_2', 'dataset_consumes_1_never_scheduled', 'dataset_consumes_1', 'dataset_produces_1', 'dataset_consumes_unknown_never_scheduled', 'dataset_produces_2']) retrieved from /home/airflow/.local/lib/python3.7/site-packages/airflow/example_dags/example_datasets.py
[2023-07-21T10:01:13.683+0000] {logging_mixin.py:150} INFO - [2023-07-21T10:01:13.682+0000] {dag.py:2742} INFO - Sync 6 DAGs
[2023-07-21T10:01:13.710+0000] {logging_mixin.py:150} INFO - [2023-07-21T10:01:13.709+0000] {dag.py:3508} INFO - Setting next_dagrun for dataset_consumes_1 to None, run_after=None
[2023-07-21T10:01:13.714+0000] {logging_mixin.py:150} INFO - [2023-07-21T10:01:13.714+0000] {dag.py:3508} INFO - Setting next_dagrun for dataset_consumes_1_and_2 to None, run_after=None
[2023-07-21T10:01:13.716+0000] {logging_mixin.py:150} INFO - [2023-07-21T10:01:13.716+0000] {dag.py:3508} INFO - Setting next_dagrun for dataset_consumes_1_never_scheduled to None, run_after=None
[2023-07-21T10:01:13.718+0000] {logging_mixin.py:150} INFO - [2023-07-21T10:01:13.718+0000] {dag.py:3508} INFO - Setting next_dagrun for dataset_consumes_unknown_never_scheduled to None, run_after=None
[2023-07-21T10:01:13.721+0000] {logging_mixin.py:150} INFO - [2023-07-21T10:01:13.721+0000] {dag.py:3508} INFO - Setting next_dagrun for dataset_produces_1 to 2023-07-20T00:00:00+00:00, run_after=2023-07-21T00:00:00+00:00
[2023-07-21T10:01:13.723+0000] {logging_mixin.py:150} INFO - [2023-07-21T10:01:13.723+0000] {dag.py:3508} INFO - Setting next_dagrun for dataset_produces_2 to None, run_after=None
[2023-07-21T10:01:13.761+0000] {processor.py:179} INFO - Processing /home/airflow/.local/lib/python3.7/site-packages/airflow/example_dags/example_datasets.py took 0.140 seconds
[2023-07-21T10:01:45.049+0000] {processor.py:157} INFO - Started process (PID=469) to work on /home/airflow/.local/lib/python3.7/site-packages/airflow/example_dags/example_datasets.py
[2023-07-21T10:01:45.052+0000] {processor.py:826} INFO - Processing file /home/airflow/.local/lib/python3.7/site-packages/airflow/example_dags/example_datasets.py for tasks to queue
[2023-07-21T10:01:45.053+0000] {logging_mixin.py:150} INFO - [2023-07-21T10:01:45.053+0000] {dagbag.py:541} INFO - Filling up the DagBag from /home/airflow/.local/lib/python3.7/site-packages/airflow/example_dags/example_datasets.py
[2023-07-21T10:01:45.081+0000] {processor.py:836} INFO - DAG(s) dict_keys(['dataset_produces_1', 'dataset_consumes_1_and_2', 'dataset_consumes_unknown_never_scheduled', 'dataset_consumes_1', 'dataset_consumes_1_never_scheduled', 'dataset_produces_2']) retrieved from /home/airflow/.local/lib/python3.7/site-packages/airflow/example_dags/example_datasets.py
[2023-07-21T10:01:45.149+0000] {logging_mixin.py:150} INFO - [2023-07-21T10:01:45.148+0000] {dag.py:2742} INFO - Sync 6 DAGs
[2023-07-21T10:01:45.208+0000] {logging_mixin.py:150} INFO - [2023-07-21T10:01:45.208+0000] {dag.py:3508} INFO - Setting next_dagrun for dataset_consumes_1 to None, run_after=None
[2023-07-21T10:01:45.224+0000] {logging_mixin.py:150} INFO - [2023-07-21T10:01:45.223+0000] {dag.py:3508} INFO - Setting next_dagrun for dataset_consumes_1_and_2 to None, run_after=None
[2023-07-21T10:01:45.228+0000] {logging_mixin.py:150} INFO - [2023-07-21T10:01:45.227+0000] {dag.py:3508} INFO - Setting next_dagrun for dataset_consumes_1_never_scheduled to None, run_after=None
[2023-07-21T10:01:45.233+0000] {logging_mixin.py:150} INFO - [2023-07-21T10:01:45.233+0000] {dag.py:3508} INFO - Setting next_dagrun for dataset_consumes_unknown_never_scheduled to None, run_after=None
[2023-07-21T10:01:45.249+0000] {logging_mixin.py:150} INFO - [2023-07-21T10:01:45.248+0000] {dag.py:3508} INFO - Setting next_dagrun for dataset_produces_1 to 2023-07-20T00:00:00+00:00, run_after=2023-07-21T00:00:00+00:00
[2023-07-21T10:01:45.254+0000] {logging_mixin.py:150} INFO - [2023-07-21T10:01:45.254+0000] {dag.py:3508} INFO - Setting next_dagrun for dataset_produces_2 to None, run_after=None
[2023-07-21T10:01:45.383+0000] {processor.py:179} INFO - Processing /home/airflow/.local/lib/python3.7/site-packages/airflow/example_dags/example_datasets.py took 0.339 seconds
[2023-07-21T10:02:16.056+0000] {processor.py:157} INFO - Started process (PID=531) to work on /home/airflow/.local/lib/python3.7/site-packages/airflow/example_dags/example_datasets.py
[2023-07-21T10:02:16.058+0000] {processor.py:826} INFO - Processing file /home/airflow/.local/lib/python3.7/site-packages/airflow/example_dags/example_datasets.py for tasks to queue
[2023-07-21T10:02:16.059+0000] {logging_mixin.py:150} INFO - [2023-07-21T10:02:16.059+0000] {dagbag.py:541} INFO - Filling up the DagBag from /home/airflow/.local/lib/python3.7/site-packages/airflow/example_dags/example_datasets.py
[2023-07-21T10:02:16.069+0000] {processor.py:836} INFO - DAG(s) dict_keys(['dataset_consumes_1', 'dataset_consumes_unknown_never_scheduled', 'dataset_consumes_1_never_scheduled', 'dataset_produces_2', 'dataset_produces_1', 'dataset_consumes_1_and_2']) retrieved from /home/airflow/.local/lib/python3.7/site-packages/airflow/example_dags/example_datasets.py
[2023-07-21T10:02:16.114+0000] {logging_mixin.py:150} INFO - [2023-07-21T10:02:16.114+0000] {dag.py:2742} INFO - Sync 6 DAGs
[2023-07-21T10:02:16.143+0000] {logging_mixin.py:150} INFO - [2023-07-21T10:02:16.143+0000] {dag.py:3508} INFO - Setting next_dagrun for dataset_consumes_1 to None, run_after=None
[2023-07-21T10:02:16.148+0000] {logging_mixin.py:150} INFO - [2023-07-21T10:02:16.148+0000] {dag.py:3508} INFO - Setting next_dagrun for dataset_consumes_1_and_2 to None, run_after=None
[2023-07-21T10:02:16.151+0000] {logging_mixin.py:150} INFO - [2023-07-21T10:02:16.150+0000] {dag.py:3508} INFO - Setting next_dagrun for dataset_consumes_1_never_scheduled to None, run_after=None
[2023-07-21T10:02:16.152+0000] {logging_mixin.py:150} INFO - [2023-07-21T10:02:16.152+0000] {dag.py:3508} INFO - Setting next_dagrun for dataset_consumes_unknown_never_scheduled to None, run_after=None
[2023-07-21T10:02:16.155+0000] {logging_mixin.py:150} INFO - [2023-07-21T10:02:16.155+0000] {dag.py:3508} INFO - Setting next_dagrun for dataset_produces_1 to 2023-07-20T00:00:00+00:00, run_after=2023-07-21T00:00:00+00:00
[2023-07-21T10:02:16.157+0000] {logging_mixin.py:150} INFO - [2023-07-21T10:02:16.157+0000] {dag.py:3508} INFO - Setting next_dagrun for dataset_produces_2 to None, run_after=None
[2023-07-21T10:02:16.196+0000] {processor.py:179} INFO - Processing /home/airflow/.local/lib/python3.7/site-packages/airflow/example_dags/example_datasets.py took 0.143 seconds
[2023-07-21T10:02:47.999+0000] {processor.py:157} INFO - Started process (PID=592) to work on /home/airflow/.local/lib/python3.7/site-packages/airflow/example_dags/example_datasets.py
[2023-07-21T10:02:48.001+0000] {processor.py:826} INFO - Processing file /home/airflow/.local/lib/python3.7/site-packages/airflow/example_dags/example_datasets.py for tasks to queue
[2023-07-21T10:02:48.003+0000] {logging_mixin.py:150} INFO - [2023-07-21T10:02:48.002+0000] {dagbag.py:541} INFO - Filling up the DagBag from /home/airflow/.local/lib/python3.7/site-packages/airflow/example_dags/example_datasets.py
[2023-07-21T10:02:48.020+0000] {processor.py:836} INFO - DAG(s) dict_keys(['dataset_produces_1', 'dataset_consumes_unknown_never_scheduled', 'dataset_consumes_1_and_2', 'dataset_consumes_1_never_scheduled', 'dataset_produces_2', 'dataset_consumes_1']) retrieved from /home/airflow/.local/lib/python3.7/site-packages/airflow/example_dags/example_datasets.py
[2023-07-21T10:02:48.048+0000] {logging_mixin.py:150} INFO - [2023-07-21T10:02:48.048+0000] {dag.py:2742} INFO - Sync 6 DAGs
[2023-07-21T10:02:48.115+0000] {logging_mixin.py:150} INFO - [2023-07-21T10:02:48.114+0000] {dag.py:3508} INFO - Setting next_dagrun for dataset_consumes_1 to None, run_after=None
[2023-07-21T10:02:48.122+0000] {logging_mixin.py:150} INFO - [2023-07-21T10:02:48.121+0000] {dag.py:3508} INFO - Setting next_dagrun for dataset_consumes_1_and_2 to None, run_after=None
[2023-07-21T10:02:48.125+0000] {logging_mixin.py:150} INFO - [2023-07-21T10:02:48.124+0000] {dag.py:3508} INFO - Setting next_dagrun for dataset_consumes_1_never_scheduled to None, run_after=None
[2023-07-21T10:02:48.128+0000] {logging_mixin.py:150} INFO - [2023-07-21T10:02:48.128+0000] {dag.py:3508} INFO - Setting next_dagrun for dataset_consumes_unknown_never_scheduled to None, run_after=None
[2023-07-21T10:02:48.134+0000] {logging_mixin.py:150} INFO - [2023-07-21T10:02:48.133+0000] {dag.py:3508} INFO - Setting next_dagrun for dataset_produces_1 to 2023-07-20T00:00:00+00:00, run_after=2023-07-21T00:00:00+00:00
[2023-07-21T10:02:48.137+0000] {logging_mixin.py:150} INFO - [2023-07-21T10:02:48.137+0000] {dag.py:3508} INFO - Setting next_dagrun for dataset_produces_2 to None, run_after=None
[2023-07-21T10:02:48.226+0000] {processor.py:179} INFO - Processing /home/airflow/.local/lib/python3.7/site-packages/airflow/example_dags/example_datasets.py took 0.232 seconds
[2023-07-21T10:03:18.433+0000] {processor.py:157} INFO - Started process (PID=652) to work on /home/airflow/.local/lib/python3.7/site-packages/airflow/example_dags/example_datasets.py
[2023-07-21T10:03:18.435+0000] {processor.py:826} INFO - Processing file /home/airflow/.local/lib/python3.7/site-packages/airflow/example_dags/example_datasets.py for tasks to queue
[2023-07-21T10:03:18.436+0000] {logging_mixin.py:150} INFO - [2023-07-21T10:03:18.436+0000] {dagbag.py:541} INFO - Filling up the DagBag from /home/airflow/.local/lib/python3.7/site-packages/airflow/example_dags/example_datasets.py
[2023-07-21T10:03:18.447+0000] {processor.py:836} INFO - DAG(s) dict_keys(['dataset_produces_2', 'dataset_consumes_1', 'dataset_consumes_1_and_2', 'dataset_produces_1', 'dataset_consumes_unknown_never_scheduled', 'dataset_consumes_1_never_scheduled']) retrieved from /home/airflow/.local/lib/python3.7/site-packages/airflow/example_dags/example_datasets.py
[2023-07-21T10:03:18.487+0000] {logging_mixin.py:150} INFO - [2023-07-21T10:03:18.487+0000] {dag.py:2742} INFO - Sync 6 DAGs
[2023-07-21T10:03:18.517+0000] {logging_mixin.py:150} INFO - [2023-07-21T10:03:18.517+0000] {dag.py:3508} INFO - Setting next_dagrun for dataset_consumes_1 to None, run_after=None
[2023-07-21T10:03:18.522+0000] {logging_mixin.py:150} INFO - [2023-07-21T10:03:18.522+0000] {dag.py:3508} INFO - Setting next_dagrun for dataset_consumes_1_and_2 to None, run_after=None
[2023-07-21T10:03:18.524+0000] {logging_mixin.py:150} INFO - [2023-07-21T10:03:18.524+0000] {dag.py:3508} INFO - Setting next_dagrun for dataset_consumes_1_never_scheduled to None, run_after=None
[2023-07-21T10:03:18.527+0000] {logging_mixin.py:150} INFO - [2023-07-21T10:03:18.527+0000] {dag.py:3508} INFO - Setting next_dagrun for dataset_consumes_unknown_never_scheduled to None, run_after=None
[2023-07-21T10:03:18.531+0000] {logging_mixin.py:150} INFO - [2023-07-21T10:03:18.531+0000] {dag.py:3508} INFO - Setting next_dagrun for dataset_produces_1 to 2023-07-20T00:00:00+00:00, run_after=2023-07-21T00:00:00+00:00
[2023-07-21T10:03:18.533+0000] {logging_mixin.py:150} INFO - [2023-07-21T10:03:18.533+0000] {dag.py:3508} INFO - Setting next_dagrun for dataset_produces_2 to None, run_after=None
[2023-07-21T10:03:18.569+0000] {processor.py:179} INFO - Processing /home/airflow/.local/lib/python3.7/site-packages/airflow/example_dags/example_datasets.py took 0.139 seconds
[2023-07-21T10:03:48.726+0000] {processor.py:157} INFO - Started process (PID=713) to work on /home/airflow/.local/lib/python3.7/site-packages/airflow/example_dags/example_datasets.py
[2023-07-21T10:03:48.727+0000] {processor.py:826} INFO - Processing file /home/airflow/.local/lib/python3.7/site-packages/airflow/example_dags/example_datasets.py for tasks to queue
[2023-07-21T10:03:48.729+0000] {logging_mixin.py:150} INFO - [2023-07-21T10:03:48.729+0000] {dagbag.py:541} INFO - Filling up the DagBag from /home/airflow/.local/lib/python3.7/site-packages/airflow/example_dags/example_datasets.py
[2023-07-21T10:03:48.742+0000] {processor.py:836} INFO - DAG(s) dict_keys(['dataset_consumes_1_and_2', 'dataset_produces_2', 'dataset_consumes_1_never_scheduled', 'dataset_produces_1', 'dataset_consumes_unknown_never_scheduled', 'dataset_consumes_1']) retrieved from /home/airflow/.local/lib/python3.7/site-packages/airflow/example_dags/example_datasets.py
[2023-07-21T10:03:48.794+0000] {logging_mixin.py:150} INFO - [2023-07-21T10:03:48.794+0000] {dag.py:2742} INFO - Sync 6 DAGs
[2023-07-21T10:03:48.829+0000] {logging_mixin.py:150} INFO - [2023-07-21T10:03:48.829+0000] {dag.py:3508} INFO - Setting next_dagrun for dataset_consumes_1 to None, run_after=None
[2023-07-21T10:03:48.834+0000] {logging_mixin.py:150} INFO - [2023-07-21T10:03:48.834+0000] {dag.py:3508} INFO - Setting next_dagrun for dataset_consumes_1_and_2 to None, run_after=None
[2023-07-21T10:03:48.836+0000] {logging_mixin.py:150} INFO - [2023-07-21T10:03:48.835+0000] {dag.py:3508} INFO - Setting next_dagrun for dataset_consumes_1_never_scheduled to None, run_after=None
[2023-07-21T10:03:48.837+0000] {logging_mixin.py:150} INFO - [2023-07-21T10:03:48.837+0000] {dag.py:3508} INFO - Setting next_dagrun for dataset_consumes_unknown_never_scheduled to None, run_after=None
[2023-07-21T10:03:48.840+0000] {logging_mixin.py:150} INFO - [2023-07-21T10:03:48.840+0000] {dag.py:3508} INFO - Setting next_dagrun for dataset_produces_1 to 2023-07-20T00:00:00+00:00, run_after=2023-07-21T00:00:00+00:00
[2023-07-21T10:03:48.843+0000] {logging_mixin.py:150} INFO - [2023-07-21T10:03:48.842+0000] {dag.py:3508} INFO - Setting next_dagrun for dataset_produces_2 to None, run_after=None
[2023-07-21T10:03:48.894+0000] {processor.py:179} INFO - Processing /home/airflow/.local/lib/python3.7/site-packages/airflow/example_dags/example_datasets.py took 0.171 seconds
[2023-07-21T10:04:19.236+0000] {processor.py:157} INFO - Started process (PID=774) to work on /home/airflow/.local/lib/python3.7/site-packages/airflow/example_dags/example_datasets.py
[2023-07-21T10:04:19.238+0000] {processor.py:826} INFO - Processing file /home/airflow/.local/lib/python3.7/site-packages/airflow/example_dags/example_datasets.py for tasks to queue
[2023-07-21T10:04:19.239+0000] {logging_mixin.py:150} INFO - [2023-07-21T10:04:19.239+0000] {dagbag.py:541} INFO - Filling up the DagBag from /home/airflow/.local/lib/python3.7/site-packages/airflow/example_dags/example_datasets.py
[2023-07-21T10:04:19.250+0000] {processor.py:836} INFO - DAG(s) dict_keys(['dataset_consumes_1', 'dataset_consumes_1_and_2', 'dataset_consumes_unknown_never_scheduled', 'dataset_produces_1', 'dataset_consumes_1_never_scheduled', 'dataset_produces_2']) retrieved from /home/airflow/.local/lib/python3.7/site-packages/airflow/example_dags/example_datasets.py
[2023-07-21T10:04:19.304+0000] {logging_mixin.py:150} INFO - [2023-07-21T10:04:19.304+0000] {dag.py:2742} INFO - Sync 6 DAGs
[2023-07-21T10:04:19.331+0000] {logging_mixin.py:150} INFO - [2023-07-21T10:04:19.331+0000] {dag.py:3508} INFO - Setting next_dagrun for dataset_consumes_1 to None, run_after=None
[2023-07-21T10:04:19.336+0000] {logging_mixin.py:150} INFO - [2023-07-21T10:04:19.336+0000] {dag.py:3508} INFO - Setting next_dagrun for dataset_consumes_1_and_2 to None, run_after=None
[2023-07-21T10:04:19.338+0000] {logging_mixin.py:150} INFO - [2023-07-21T10:04:19.338+0000] {dag.py:3508} INFO - Setting next_dagrun for dataset_consumes_1_never_scheduled to None, run_after=None
[2023-07-21T10:04:19.340+0000] {logging_mixin.py:150} INFO - [2023-07-21T10:04:19.340+0000] {dag.py:3508} INFO - Setting next_dagrun for dataset_consumes_unknown_never_scheduled to None, run_after=None
[2023-07-21T10:04:19.344+0000] {logging_mixin.py:150} INFO - [2023-07-21T10:04:19.343+0000] {dag.py:3508} INFO - Setting next_dagrun for dataset_produces_1 to 2023-07-20T00:00:00+00:00, run_after=2023-07-21T00:00:00+00:00
[2023-07-21T10:04:19.345+0000] {logging_mixin.py:150} INFO - [2023-07-21T10:04:19.345+0000] {dag.py:3508} INFO - Setting next_dagrun for dataset_produces_2 to None, run_after=None
[2023-07-21T10:04:19.382+0000] {processor.py:179} INFO - Processing /home/airflow/.local/lib/python3.7/site-packages/airflow/example_dags/example_datasets.py took 0.150 seconds
[2023-07-21T10:04:49.598+0000] {processor.py:157} INFO - Started process (PID=835) to work on /home/airflow/.local/lib/python3.7/site-packages/airflow/example_dags/example_datasets.py
[2023-07-21T10:04:49.600+0000] {processor.py:826} INFO - Processing file /home/airflow/.local/lib/python3.7/site-packages/airflow/example_dags/example_datasets.py for tasks to queue
[2023-07-21T10:04:49.601+0000] {logging_mixin.py:150} INFO - [2023-07-21T10:04:49.600+0000] {dagbag.py:541} INFO - Filling up the DagBag from /home/airflow/.local/lib/python3.7/site-packages/airflow/example_dags/example_datasets.py
[2023-07-21T10:04:49.610+0000] {processor.py:836} INFO - DAG(s) dict_keys(['dataset_consumes_1_never_scheduled', 'dataset_produces_1', 'dataset_consumes_unknown_never_scheduled', 'dataset_consumes_1', 'dataset_consumes_1_and_2', 'dataset_produces_2']) retrieved from /home/airflow/.local/lib/python3.7/site-packages/airflow/example_dags/example_datasets.py
[2023-07-21T10:04:49.662+0000] {logging_mixin.py:150} INFO - [2023-07-21T10:04:49.662+0000] {dag.py:2742} INFO - Sync 6 DAGs
[2023-07-21T10:04:49.711+0000] {logging_mixin.py:150} INFO - [2023-07-21T10:04:49.710+0000] {dag.py:3508} INFO - Setting next_dagrun for dataset_consumes_1 to None, run_after=None
[2023-07-21T10:04:49.716+0000] {logging_mixin.py:150} INFO - [2023-07-21T10:04:49.715+0000] {dag.py:3508} INFO - Setting next_dagrun for dataset_consumes_1_and_2 to None, run_after=None
[2023-07-21T10:04:49.718+0000] {logging_mixin.py:150} INFO - [2023-07-21T10:04:49.718+0000] {dag.py:3508} INFO - Setting next_dagrun for dataset_consumes_1_never_scheduled to None, run_after=None
[2023-07-21T10:04:49.720+0000] {logging_mixin.py:150} INFO - [2023-07-21T10:04:49.720+0000] {dag.py:3508} INFO - Setting next_dagrun for dataset_consumes_unknown_never_scheduled to None, run_after=None
[2023-07-21T10:04:49.725+0000] {logging_mixin.py:150} INFO - [2023-07-21T10:04:49.725+0000] {dag.py:3508} INFO - Setting next_dagrun for dataset_produces_1 to 2023-07-20T00:00:00+00:00, run_after=2023-07-21T00:00:00+00:00
[2023-07-21T10:04:49.728+0000] {logging_mixin.py:150} INFO - [2023-07-21T10:04:49.728+0000] {dag.py:3508} INFO - Setting next_dagrun for dataset_produces_2 to None, run_after=None
[2023-07-21T10:04:49.785+0000] {processor.py:179} INFO - Processing /home/airflow/.local/lib/python3.7/site-packages/airflow/example_dags/example_datasets.py took 0.189 seconds
[2023-07-21T10:05:20.729+0000] {processor.py:157} INFO - Started process (PID=897) to work on /home/airflow/.local/lib/python3.7/site-packages/airflow/example_dags/example_datasets.py
[2023-07-21T10:05:20.730+0000] {processor.py:826} INFO - Processing file /home/airflow/.local/lib/python3.7/site-packages/airflow/example_dags/example_datasets.py for tasks to queue
[2023-07-21T10:05:20.732+0000] {logging_mixin.py:150} INFO - [2023-07-21T10:05:20.731+0000] {dagbag.py:541} INFO - Filling up the DagBag from /home/airflow/.local/lib/python3.7/site-packages/airflow/example_dags/example_datasets.py
[2023-07-21T10:05:20.743+0000] {processor.py:836} INFO - DAG(s) dict_keys(['dataset_consumes_1_never_scheduled', 'dataset_produces_1', 'dataset_consumes_1_and_2', 'dataset_consumes_unknown_never_scheduled', 'dataset_produces_2', 'dataset_consumes_1']) retrieved from /home/airflow/.local/lib/python3.7/site-packages/airflow/example_dags/example_datasets.py
[2023-07-21T10:05:20.792+0000] {logging_mixin.py:150} INFO - [2023-07-21T10:05:20.791+0000] {dag.py:2742} INFO - Sync 6 DAGs
[2023-07-21T10:05:20.819+0000] {logging_mixin.py:150} INFO - [2023-07-21T10:05:20.819+0000] {dag.py:3508} INFO - Setting next_dagrun for dataset_consumes_1 to None, run_after=None
[2023-07-21T10:05:20.825+0000] {logging_mixin.py:150} INFO - [2023-07-21T10:05:20.825+0000] {dag.py:3508} INFO - Setting next_dagrun for dataset_consumes_1_and_2 to None, run_after=None
[2023-07-21T10:05:20.828+0000] {logging_mixin.py:150} INFO - [2023-07-21T10:05:20.827+0000] {dag.py:3508} INFO - Setting next_dagrun for dataset_consumes_1_never_scheduled to None, run_after=None
[2023-07-21T10:05:20.830+0000] {logging_mixin.py:150} INFO - [2023-07-21T10:05:20.830+0000] {dag.py:3508} INFO - Setting next_dagrun for dataset_consumes_unknown_never_scheduled to None, run_after=None
[2023-07-21T10:05:20.835+0000] {logging_mixin.py:150} INFO - [2023-07-21T10:05:20.835+0000] {dag.py:3508} INFO - Setting next_dagrun for dataset_produces_1 to 2023-07-20T00:00:00+00:00, run_after=2023-07-21T00:00:00+00:00
[2023-07-21T10:05:20.838+0000] {logging_mixin.py:150} INFO - [2023-07-21T10:05:20.838+0000] {dag.py:3508} INFO - Setting next_dagrun for dataset_produces_2 to None, run_after=None
[2023-07-21T10:05:20.887+0000] {processor.py:179} INFO - Processing /home/airflow/.local/lib/python3.7/site-packages/airflow/example_dags/example_datasets.py took 0.162 seconds
[2023-07-21T10:05:51.990+0000] {processor.py:157} INFO - Started process (PID=958) to work on /home/airflow/.local/lib/python3.7/site-packages/airflow/example_dags/example_datasets.py
[2023-07-21T10:05:51.991+0000] {processor.py:826} INFO - Processing file /home/airflow/.local/lib/python3.7/site-packages/airflow/example_dags/example_datasets.py for tasks to queue
[2023-07-21T10:05:51.992+0000] {logging_mixin.py:150} INFO - [2023-07-21T10:05:51.992+0000] {dagbag.py:541} INFO - Filling up the DagBag from /home/airflow/.local/lib/python3.7/site-packages/airflow/example_dags/example_datasets.py
[2023-07-21T10:05:52.003+0000] {processor.py:836} INFO - DAG(s) dict_keys(['dataset_consumes_1', 'dataset_consumes_1_never_scheduled', 'dataset_consumes_unknown_never_scheduled', 'dataset_produces_2', 'dataset_consumes_1_and_2', 'dataset_produces_1']) retrieved from /home/airflow/.local/lib/python3.7/site-packages/airflow/example_dags/example_datasets.py
[2023-07-21T10:05:52.058+0000] {logging_mixin.py:150} INFO - [2023-07-21T10:05:52.058+0000] {dag.py:2742} INFO - Sync 6 DAGs
[2023-07-21T10:05:52.091+0000] {logging_mixin.py:150} INFO - [2023-07-21T10:05:52.091+0000] {dag.py:3508} INFO - Setting next_dagrun for dataset_consumes_1 to None, run_after=None
[2023-07-21T10:05:52.097+0000] {logging_mixin.py:150} INFO - [2023-07-21T10:05:52.096+0000] {dag.py:3508} INFO - Setting next_dagrun for dataset_consumes_1_and_2 to None, run_after=None
[2023-07-21T10:05:52.100+0000] {logging_mixin.py:150} INFO - [2023-07-21T10:05:52.099+0000] {dag.py:3508} INFO - Setting next_dagrun for dataset_consumes_1_never_scheduled to None, run_after=None
[2023-07-21T10:05:52.101+0000] {logging_mixin.py:150} INFO - [2023-07-21T10:05:52.101+0000] {dag.py:3508} INFO - Setting next_dagrun for dataset_consumes_unknown_never_scheduled to None, run_after=None
[2023-07-21T10:05:52.105+0000] {logging_mixin.py:150} INFO - [2023-07-21T10:05:52.105+0000] {dag.py:3508} INFO - Setting next_dagrun for dataset_produces_1 to 2023-07-20T00:00:00+00:00, run_after=2023-07-21T00:00:00+00:00
[2023-07-21T10:05:52.107+0000] {logging_mixin.py:150} INFO - [2023-07-21T10:05:52.106+0000] {dag.py:3508} INFO - Setting next_dagrun for dataset_produces_2 to None, run_after=None
[2023-07-21T10:05:52.153+0000] {processor.py:179} INFO - Processing /home/airflow/.local/lib/python3.7/site-packages/airflow/example_dags/example_datasets.py took 0.167 seconds
[2023-07-21T10:06:22.354+0000] {processor.py:157} INFO - Started process (PID=1019) to work on /home/airflow/.local/lib/python3.7/site-packages/airflow/example_dags/example_datasets.py
[2023-07-21T10:06:22.355+0000] {processor.py:826} INFO - Processing file /home/airflow/.local/lib/python3.7/site-packages/airflow/example_dags/example_datasets.py for tasks to queue
[2023-07-21T10:06:22.357+0000] {logging_mixin.py:150} INFO - [2023-07-21T10:06:22.356+0000] {dagbag.py:541} INFO - Filling up the DagBag from /home/airflow/.local/lib/python3.7/site-packages/airflow/example_dags/example_datasets.py
[2023-07-21T10:06:22.369+0000] {processor.py:836} INFO - DAG(s) dict_keys(['dataset_consumes_1', 'dataset_consumes_1_and_2', 'dataset_consumes_1_never_scheduled', 'dataset_produces_1', 'dataset_consumes_unknown_never_scheduled', 'dataset_produces_2']) retrieved from /home/airflow/.local/lib/python3.7/site-packages/airflow/example_dags/example_datasets.py
[2023-07-21T10:06:22.425+0000] {logging_mixin.py:150} INFO - [2023-07-21T10:06:22.425+0000] {dag.py:2742} INFO - Sync 6 DAGs
[2023-07-21T10:06:22.462+0000] {logging_mixin.py:150} INFO - [2023-07-21T10:06:22.462+0000] {dag.py:3508} INFO - Setting next_dagrun for dataset_consumes_1 to None, run_after=None
[2023-07-21T10:06:22.467+0000] {logging_mixin.py:150} INFO - [2023-07-21T10:06:22.467+0000] {dag.py:3508} INFO - Setting next_dagrun for dataset_consumes_1_and_2 to None, run_after=None
[2023-07-21T10:06:22.470+0000] {logging_mixin.py:150} INFO - [2023-07-21T10:06:22.470+0000] {dag.py:3508} INFO - Setting next_dagrun for dataset_consumes_1_never_scheduled to None, run_after=None
[2023-07-21T10:06:22.473+0000] {logging_mixin.py:150} INFO - [2023-07-21T10:06:22.472+0000] {dag.py:3508} INFO - Setting next_dagrun for dataset_consumes_unknown_never_scheduled to None, run_after=None
[2023-07-21T10:06:22.478+0000] {logging_mixin.py:150} INFO - [2023-07-21T10:06:22.477+0000] {dag.py:3508} INFO - Setting next_dagrun for dataset_produces_1 to 2023-07-20T00:00:00+00:00, run_after=2023-07-21T00:00:00+00:00
[2023-07-21T10:06:22.481+0000] {logging_mixin.py:150} INFO - [2023-07-21T10:06:22.481+0000] {dag.py:3508} INFO - Setting next_dagrun for dataset_produces_2 to None, run_after=None
[2023-07-21T10:06:22.533+0000] {processor.py:179} INFO - Processing /home/airflow/.local/lib/python3.7/site-packages/airflow/example_dags/example_datasets.py took 0.184 seconds
[2023-07-21T10:06:53.333+0000] {processor.py:157} INFO - Started process (PID=1080) to work on /home/airflow/.local/lib/python3.7/site-packages/airflow/example_dags/example_datasets.py
[2023-07-21T10:06:53.335+0000] {processor.py:826} INFO - Processing file /home/airflow/.local/lib/python3.7/site-packages/airflow/example_dags/example_datasets.py for tasks to queue
[2023-07-21T10:06:53.336+0000] {logging_mixin.py:150} INFO - [2023-07-21T10:06:53.336+0000] {dagbag.py:541} INFO - Filling up the DagBag from /home/airflow/.local/lib/python3.7/site-packages/airflow/example_dags/example_datasets.py
[2023-07-21T10:06:53.351+0000] {processor.py:836} INFO - DAG(s) dict_keys(['dataset_consumes_1_and_2', 'dataset_produces_2', 'dataset_consumes_1', 'dataset_consumes_unknown_never_scheduled', 'dataset_consumes_1_never_scheduled', 'dataset_produces_1']) retrieved from /home/airflow/.local/lib/python3.7/site-packages/airflow/example_dags/example_datasets.py
[2023-07-21T10:06:53.406+0000] {logging_mixin.py:150} INFO - [2023-07-21T10:06:53.406+0000] {dag.py:2742} INFO - Sync 6 DAGs
[2023-07-21T10:06:53.444+0000] {logging_mixin.py:150} INFO - [2023-07-21T10:06:53.443+0000] {dag.py:3508} INFO - Setting next_dagrun for dataset_consumes_1 to None, run_after=None
[2023-07-21T10:06:53.450+0000] {logging_mixin.py:150} INFO - [2023-07-21T10:06:53.450+0000] {dag.py:3508} INFO - Setting next_dagrun for dataset_consumes_1_and_2 to None, run_after=None
[2023-07-21T10:06:53.453+0000] {logging_mixin.py:150} INFO - [2023-07-21T10:06:53.452+0000] {dag.py:3508} INFO - Setting next_dagrun for dataset_consumes_1_never_scheduled to None, run_after=None
[2023-07-21T10:06:53.455+0000] {logging_mixin.py:150} INFO - [2023-07-21T10:06:53.455+0000] {dag.py:3508} INFO - Setting next_dagrun for dataset_consumes_unknown_never_scheduled to None, run_after=None
[2023-07-21T10:06:53.460+0000] {logging_mixin.py:150} INFO - [2023-07-21T10:06:53.459+0000] {dag.py:3508} INFO - Setting next_dagrun for dataset_produces_1 to 2023-07-20T00:00:00+00:00, run_after=2023-07-21T00:00:00+00:00
[2023-07-21T10:06:53.462+0000] {logging_mixin.py:150} INFO - [2023-07-21T10:06:53.462+0000] {dag.py:3508} INFO - Setting next_dagrun for dataset_produces_2 to None, run_after=None
[2023-07-21T10:06:53.517+0000] {processor.py:179} INFO - Processing /home/airflow/.local/lib/python3.7/site-packages/airflow/example_dags/example_datasets.py took 0.188 seconds
[2023-07-21T10:07:24.549+0000] {processor.py:157} INFO - Started process (PID=1141) to work on /home/airflow/.local/lib/python3.7/site-packages/airflow/example_dags/example_datasets.py
[2023-07-21T10:07:24.551+0000] {processor.py:826} INFO - Processing file /home/airflow/.local/lib/python3.7/site-packages/airflow/example_dags/example_datasets.py for tasks to queue
[2023-07-21T10:07:24.553+0000] {logging_mixin.py:150} INFO - [2023-07-21T10:07:24.552+0000] {dagbag.py:541} INFO - Filling up the DagBag from /home/airflow/.local/lib/python3.7/site-packages/airflow/example_dags/example_datasets.py
[2023-07-21T10:07:24.566+0000] {processor.py:836} INFO - DAG(s) dict_keys(['dataset_consumes_1_never_scheduled', 'dataset_produces_2', 'dataset_consumes_unknown_never_scheduled', 'dataset_consumes_1', 'dataset_produces_1', 'dataset_consumes_1_and_2']) retrieved from /home/airflow/.local/lib/python3.7/site-packages/airflow/example_dags/example_datasets.py
[2023-07-21T10:07:24.624+0000] {logging_mixin.py:150} INFO - [2023-07-21T10:07:24.623+0000] {dag.py:2742} INFO - Sync 6 DAGs
[2023-07-21T10:07:24.661+0000] {logging_mixin.py:150} INFO - [2023-07-21T10:07:24.661+0000] {dag.py:3508} INFO - Setting next_dagrun for dataset_consumes_1 to None, run_after=None
[2023-07-21T10:07:24.666+0000] {logging_mixin.py:150} INFO - [2023-07-21T10:07:24.666+0000] {dag.py:3508} INFO - Setting next_dagrun for dataset_consumes_1_and_2 to None, run_after=None
[2023-07-21T10:07:24.668+0000] {logging_mixin.py:150} INFO - [2023-07-21T10:07:24.668+0000] {dag.py:3508} INFO - Setting next_dagrun for dataset_consumes_1_never_scheduled to None, run_after=None
[2023-07-21T10:07:24.670+0000] {logging_mixin.py:150} INFO - [2023-07-21T10:07:24.670+0000] {dag.py:3508} INFO - Setting next_dagrun for dataset_consumes_unknown_never_scheduled to None, run_after=None
[2023-07-21T10:07:24.675+0000] {logging_mixin.py:150} INFO - [2023-07-21T10:07:24.675+0000] {dag.py:3508} INFO - Setting next_dagrun for dataset_produces_1 to 2023-07-20T00:00:00+00:00, run_after=2023-07-21T00:00:00+00:00
[2023-07-21T10:07:24.677+0000] {logging_mixin.py:150} INFO - [2023-07-21T10:07:24.677+0000] {dag.py:3508} INFO - Setting next_dagrun for dataset_produces_2 to None, run_after=None
[2023-07-21T10:07:24.731+0000] {processor.py:179} INFO - Processing /home/airflow/.local/lib/python3.7/site-packages/airflow/example_dags/example_datasets.py took 0.187 seconds
[2023-07-21T10:07:54.937+0000] {processor.py:157} INFO - Started process (PID=1202) to work on /home/airflow/.local/lib/python3.7/site-packages/airflow/example_dags/example_datasets.py
[2023-07-21T10:07:54.938+0000] {processor.py:826} INFO - Processing file /home/airflow/.local/lib/python3.7/site-packages/airflow/example_dags/example_datasets.py for tasks to queue
[2023-07-21T10:07:54.940+0000] {logging_mixin.py:150} INFO - [2023-07-21T10:07:54.940+0000] {dagbag.py:541} INFO - Filling up the DagBag from /home/airflow/.local/lib/python3.7/site-packages/airflow/example_dags/example_datasets.py
[2023-07-21T10:07:54.953+0000] {processor.py:836} INFO - DAG(s) dict_keys(['dataset_consumes_1_never_scheduled', 'dataset_consumes_1_and_2', 'dataset_consumes_1', 'dataset_produces_2', 'dataset_produces_1', 'dataset_consumes_unknown_never_scheduled']) retrieved from /home/airflow/.local/lib/python3.7/site-packages/airflow/example_dags/example_datasets.py
[2023-07-21T10:07:55.008+0000] {logging_mixin.py:150} INFO - [2023-07-21T10:07:55.008+0000] {dag.py:2742} INFO - Sync 6 DAGs
[2023-07-21T10:07:55.046+0000] {logging_mixin.py:150} INFO - [2023-07-21T10:07:55.046+0000] {dag.py:3508} INFO - Setting next_dagrun for dataset_consumes_1 to None, run_after=None
[2023-07-21T10:07:55.052+0000] {logging_mixin.py:150} INFO - [2023-07-21T10:07:55.052+0000] {dag.py:3508} INFO - Setting next_dagrun for dataset_consumes_1_and_2 to None, run_after=None
[2023-07-21T10:07:55.055+0000] {logging_mixin.py:150} INFO - [2023-07-21T10:07:55.055+0000] {dag.py:3508} INFO - Setting next_dagrun for dataset_consumes_1_never_scheduled to None, run_after=None
[2023-07-21T10:07:55.058+0000] {logging_mixin.py:150} INFO - [2023-07-21T10:07:55.057+0000] {dag.py:3508} INFO - Setting next_dagrun for dataset_consumes_unknown_never_scheduled to None, run_after=None
[2023-07-21T10:07:55.063+0000] {logging_mixin.py:150} INFO - [2023-07-21T10:07:55.063+0000] {dag.py:3508} INFO - Setting next_dagrun for dataset_produces_1 to 2023-07-20T00:00:00+00:00, run_after=2023-07-21T00:00:00+00:00
[2023-07-21T10:07:55.067+0000] {logging_mixin.py:150} INFO - [2023-07-21T10:07:55.066+0000] {dag.py:3508} INFO - Setting next_dagrun for dataset_produces_2 to None, run_after=None
[2023-07-21T10:07:55.118+0000] {processor.py:179} INFO - Processing /home/airflow/.local/lib/python3.7/site-packages/airflow/example_dags/example_datasets.py took 0.187 seconds
[2023-07-21T10:08:25.829+0000] {processor.py:157} INFO - Started process (PID=1263) to work on /home/airflow/.local/lib/python3.7/site-packages/airflow/example_dags/example_datasets.py
[2023-07-21T10:08:25.832+0000] {processor.py:826} INFO - Processing file /home/airflow/.local/lib/python3.7/site-packages/airflow/example_dags/example_datasets.py for tasks to queue
[2023-07-21T10:08:25.835+0000] {logging_mixin.py:150} INFO - [2023-07-21T10:08:25.834+0000] {dagbag.py:541} INFO - Filling up the DagBag from /home/airflow/.local/lib/python3.7/site-packages/airflow/example_dags/example_datasets.py
[2023-07-21T10:08:25.861+0000] {processor.py:836} INFO - DAG(s) dict_keys(['dataset_produces_2', 'dataset_produces_1', 'dataset_consumes_1', 'dataset_consumes_1_and_2', 'dataset_consumes_unknown_never_scheduled', 'dataset_consumes_1_never_scheduled']) retrieved from /home/airflow/.local/lib/python3.7/site-packages/airflow/example_dags/example_datasets.py
[2023-07-21T10:08:25.993+0000] {logging_mixin.py:150} INFO - [2023-07-21T10:08:25.992+0000] {dag.py:2742} INFO - Sync 6 DAGs
[2023-07-21T10:08:26.079+0000] {logging_mixin.py:150} INFO - [2023-07-21T10:08:26.079+0000] {dag.py:3508} INFO - Setting next_dagrun for dataset_consumes_1 to None, run_after=None
[2023-07-21T10:08:26.089+0000] {logging_mixin.py:150} INFO - [2023-07-21T10:08:26.088+0000] {dag.py:3508} INFO - Setting next_dagrun for dataset_consumes_1_and_2 to None, run_after=None
[2023-07-21T10:08:26.092+0000] {logging_mixin.py:150} INFO - [2023-07-21T10:08:26.091+0000] {dag.py:3508} INFO - Setting next_dagrun for dataset_consumes_1_never_scheduled to None, run_after=None
[2023-07-21T10:08:26.097+0000] {logging_mixin.py:150} INFO - [2023-07-21T10:08:26.096+0000] {dag.py:3508} INFO - Setting next_dagrun for dataset_consumes_unknown_never_scheduled to None, run_after=None
[2023-07-21T10:08:26.106+0000] {logging_mixin.py:150} INFO - [2023-07-21T10:08:26.106+0000] {dag.py:3508} INFO - Setting next_dagrun for dataset_produces_1 to 2023-07-20T00:00:00+00:00, run_after=2023-07-21T00:00:00+00:00
[2023-07-21T10:08:26.111+0000] {logging_mixin.py:150} INFO - [2023-07-21T10:08:26.110+0000] {dag.py:3508} INFO - Setting next_dagrun for dataset_produces_2 to None, run_after=None
[2023-07-21T10:08:26.207+0000] {processor.py:179} INFO - Processing /home/airflow/.local/lib/python3.7/site-packages/airflow/example_dags/example_datasets.py took 0.387 seconds
[2023-07-21T10:08:57.043+0000] {processor.py:157} INFO - Started process (PID=1325) to work on /home/airflow/.local/lib/python3.7/site-packages/airflow/example_dags/example_datasets.py
[2023-07-21T10:08:57.044+0000] {processor.py:826} INFO - Processing file /home/airflow/.local/lib/python3.7/site-packages/airflow/example_dags/example_datasets.py for tasks to queue
[2023-07-21T10:08:57.045+0000] {logging_mixin.py:150} INFO - [2023-07-21T10:08:57.045+0000] {dagbag.py:541} INFO - Filling up the DagBag from /home/airflow/.local/lib/python3.7/site-packages/airflow/example_dags/example_datasets.py
[2023-07-21T10:08:57.055+0000] {processor.py:836} INFO - DAG(s) dict_keys(['dataset_consumes_1_never_scheduled', 'dataset_produces_2', 'dataset_produces_1', 'dataset_consumes_1', 'dataset_consumes_unknown_never_scheduled', 'dataset_consumes_1_and_2']) retrieved from /home/airflow/.local/lib/python3.7/site-packages/airflow/example_dags/example_datasets.py
[2023-07-21T10:08:57.102+0000] {logging_mixin.py:150} INFO - [2023-07-21T10:08:57.102+0000] {dag.py:2742} INFO - Sync 6 DAGs
[2023-07-21T10:08:57.131+0000] {logging_mixin.py:150} INFO - [2023-07-21T10:08:57.131+0000] {dag.py:3508} INFO - Setting next_dagrun for dataset_consumes_1 to None, run_after=None
[2023-07-21T10:08:57.136+0000] {logging_mixin.py:150} INFO - [2023-07-21T10:08:57.136+0000] {dag.py:3508} INFO - Setting next_dagrun for dataset_consumes_1_and_2 to None, run_after=None
[2023-07-21T10:08:57.139+0000] {logging_mixin.py:150} INFO - [2023-07-21T10:08:57.139+0000] {dag.py:3508} INFO - Setting next_dagrun for dataset_consumes_1_never_scheduled to None, run_after=None
[2023-07-21T10:08:57.142+0000] {logging_mixin.py:150} INFO - [2023-07-21T10:08:57.141+0000] {dag.py:3508} INFO - Setting next_dagrun for dataset_consumes_unknown_never_scheduled to None, run_after=None
[2023-07-21T10:08:57.148+0000] {logging_mixin.py:150} INFO - [2023-07-21T10:08:57.147+0000] {dag.py:3508} INFO - Setting next_dagrun for dataset_produces_1 to 2023-07-20T00:00:00+00:00, run_after=2023-07-21T00:00:00+00:00
[2023-07-21T10:08:57.150+0000] {logging_mixin.py:150} INFO - [2023-07-21T10:08:57.150+0000] {dag.py:3508} INFO - Setting next_dagrun for dataset_produces_2 to None, run_after=None
[2023-07-21T10:08:57.202+0000] {processor.py:179} INFO - Processing /home/airflow/.local/lib/python3.7/site-packages/airflow/example_dags/example_datasets.py took 0.165 seconds
[2023-07-21T10:09:27.466+0000] {processor.py:157} INFO - Started process (PID=1393) to work on /home/airflow/.local/lib/python3.7/site-packages/airflow/example_dags/example_datasets.py
[2023-07-21T10:09:27.468+0000] {processor.py:826} INFO - Processing file /home/airflow/.local/lib/python3.7/site-packages/airflow/example_dags/example_datasets.py for tasks to queue
[2023-07-21T10:09:27.470+0000] {logging_mixin.py:150} INFO - [2023-07-21T10:09:27.470+0000] {dagbag.py:541} INFO - Filling up the DagBag from /home/airflow/.local/lib/python3.7/site-packages/airflow/example_dags/example_datasets.py
[2023-07-21T10:09:27.485+0000] {processor.py:836} INFO - DAG(s) dict_keys(['dataset_produces_2', 'dataset_consumes_unknown_never_scheduled', 'dataset_produces_1', 'dataset_consumes_1_and_2', 'dataset_consumes_1', 'dataset_consumes_1_never_scheduled']) retrieved from /home/airflow/.local/lib/python3.7/site-packages/airflow/example_dags/example_datasets.py
[2023-07-21T10:09:27.567+0000] {logging_mixin.py:150} INFO - [2023-07-21T10:09:27.567+0000] {dag.py:2742} INFO - Sync 6 DAGs
[2023-07-21T10:09:27.607+0000] {logging_mixin.py:150} INFO - [2023-07-21T10:09:27.606+0000] {dag.py:3508} INFO - Setting next_dagrun for dataset_consumes_1 to None, run_after=None
[2023-07-21T10:09:27.610+0000] {logging_mixin.py:150} INFO - [2023-07-21T10:09:27.610+0000] {dag.py:3508} INFO - Setting next_dagrun for dataset_consumes_1_and_2 to None, run_after=None
[2023-07-21T10:09:27.612+0000] {logging_mixin.py:150} INFO - [2023-07-21T10:09:27.611+0000] {dag.py:3508} INFO - Setting next_dagrun for dataset_consumes_1_never_scheduled to None, run_after=None
[2023-07-21T10:09:27.613+0000] {logging_mixin.py:150} INFO - [2023-07-21T10:09:27.613+0000] {dag.py:3508} INFO - Setting next_dagrun for dataset_consumes_unknown_never_scheduled to None, run_after=None
[2023-07-21T10:09:27.616+0000] {logging_mixin.py:150} INFO - [2023-07-21T10:09:27.616+0000] {dag.py:3508} INFO - Setting next_dagrun for dataset_produces_1 to 2023-07-20T00:00:00+00:00, run_after=2023-07-21T00:00:00+00:00
[2023-07-21T10:09:27.619+0000] {logging_mixin.py:150} INFO - [2023-07-21T10:09:27.618+0000] {dag.py:3508} INFO - Setting next_dagrun for dataset_produces_2 to None, run_after=None
[2023-07-21T10:09:27.651+0000] {processor.py:179} INFO - Processing /home/airflow/.local/lib/python3.7/site-packages/airflow/example_dags/example_datasets.py took 0.195 seconds
[2023-07-21T10:09:57.956+0000] {processor.py:157} INFO - Started process (PID=1454) to work on /home/airflow/.local/lib/python3.7/site-packages/airflow/example_dags/example_datasets.py
[2023-07-21T10:09:57.957+0000] {processor.py:826} INFO - Processing file /home/airflow/.local/lib/python3.7/site-packages/airflow/example_dags/example_datasets.py for tasks to queue
[2023-07-21T10:09:57.958+0000] {logging_mixin.py:150} INFO - [2023-07-21T10:09:57.958+0000] {dagbag.py:541} INFO - Filling up the DagBag from /home/airflow/.local/lib/python3.7/site-packages/airflow/example_dags/example_datasets.py
[2023-07-21T10:09:57.969+0000] {processor.py:836} INFO - DAG(s) dict_keys(['dataset_consumes_1_never_scheduled', 'dataset_consumes_1_and_2', 'dataset_produces_2', 'dataset_produces_1', 'dataset_consumes_1', 'dataset_consumes_unknown_never_scheduled']) retrieved from /home/airflow/.local/lib/python3.7/site-packages/airflow/example_dags/example_datasets.py
[2023-07-21T10:09:58.013+0000] {logging_mixin.py:150} INFO - [2023-07-21T10:09:58.013+0000] {dag.py:2742} INFO - Sync 6 DAGs
[2023-07-21T10:09:58.040+0000] {logging_mixin.py:150} INFO - [2023-07-21T10:09:58.039+0000] {dag.py:3508} INFO - Setting next_dagrun for dataset_consumes_1 to None, run_after=None
[2023-07-21T10:09:58.044+0000] {logging_mixin.py:150} INFO - [2023-07-21T10:09:58.044+0000] {dag.py:3508} INFO - Setting next_dagrun for dataset_consumes_1_and_2 to None, run_after=None
[2023-07-21T10:09:58.046+0000] {logging_mixin.py:150} INFO - [2023-07-21T10:09:58.046+0000] {dag.py:3508} INFO - Setting next_dagrun for dataset_consumes_1_never_scheduled to None, run_after=None
[2023-07-21T10:09:58.048+0000] {logging_mixin.py:150} INFO - [2023-07-21T10:09:58.048+0000] {dag.py:3508} INFO - Setting next_dagrun for dataset_consumes_unknown_never_scheduled to None, run_after=None
[2023-07-21T10:09:58.052+0000] {logging_mixin.py:150} INFO - [2023-07-21T10:09:58.051+0000] {dag.py:3508} INFO - Setting next_dagrun for dataset_produces_1 to 2023-07-20T00:00:00+00:00, run_after=2023-07-21T00:00:00+00:00
[2023-07-21T10:09:58.054+0000] {logging_mixin.py:150} INFO - [2023-07-21T10:09:58.054+0000] {dag.py:3508} INFO - Setting next_dagrun for dataset_produces_2 to None, run_after=None
[2023-07-21T10:09:58.103+0000] {processor.py:179} INFO - Processing /home/airflow/.local/lib/python3.7/site-packages/airflow/example_dags/example_datasets.py took 0.151 seconds
[2023-07-21T10:10:28.228+0000] {processor.py:157} INFO - Started process (PID=1514) to work on /home/airflow/.local/lib/python3.7/site-packages/airflow/example_dags/example_datasets.py
[2023-07-21T10:10:28.231+0000] {processor.py:826} INFO - Processing file /home/airflow/.local/lib/python3.7/site-packages/airflow/example_dags/example_datasets.py for tasks to queue
[2023-07-21T10:10:28.235+0000] {logging_mixin.py:150} INFO - [2023-07-21T10:10:28.234+0000] {dagbag.py:541} INFO - Filling up the DagBag from /home/airflow/.local/lib/python3.7/site-packages/airflow/example_dags/example_datasets.py
[2023-07-21T10:10:28.261+0000] {processor.py:836} INFO - DAG(s) dict_keys(['dataset_consumes_unknown_never_scheduled', 'dataset_produces_2', 'dataset_consumes_1_and_2', 'dataset_consumes_1', 'dataset_produces_1', 'dataset_consumes_1_never_scheduled']) retrieved from /home/airflow/.local/lib/python3.7/site-packages/airflow/example_dags/example_datasets.py
[2023-07-21T10:10:28.323+0000] {logging_mixin.py:150} INFO - [2023-07-21T10:10:28.322+0000] {dag.py:2742} INFO - Sync 6 DAGs
[2023-07-21T10:10:28.348+0000] {logging_mixin.py:150} INFO - [2023-07-21T10:10:28.348+0000] {dag.py:3508} INFO - Setting next_dagrun for dataset_consumes_1 to None, run_after=None
[2023-07-21T10:10:28.352+0000] {logging_mixin.py:150} INFO - [2023-07-21T10:10:28.352+0000] {dag.py:3508} INFO - Setting next_dagrun for dataset_consumes_1_and_2 to None, run_after=None
[2023-07-21T10:10:28.354+0000] {logging_mixin.py:150} INFO - [2023-07-21T10:10:28.354+0000] {dag.py:3508} INFO - Setting next_dagrun for dataset_consumes_1_never_scheduled to None, run_after=None
[2023-07-21T10:10:28.356+0000] {logging_mixin.py:150} INFO - [2023-07-21T10:10:28.356+0000] {dag.py:3508} INFO - Setting next_dagrun for dataset_consumes_unknown_never_scheduled to None, run_after=None
[2023-07-21T10:10:28.359+0000] {logging_mixin.py:150} INFO - [2023-07-21T10:10:28.359+0000] {dag.py:3508} INFO - Setting next_dagrun for dataset_produces_1 to 2023-07-20T00:00:00+00:00, run_after=2023-07-21T00:00:00+00:00
[2023-07-21T10:10:28.361+0000] {logging_mixin.py:150} INFO - [2023-07-21T10:10:28.361+0000] {dag.py:3508} INFO - Setting next_dagrun for dataset_produces_2 to None, run_after=None
[2023-07-21T10:10:28.403+0000] {processor.py:179} INFO - Processing /home/airflow/.local/lib/python3.7/site-packages/airflow/example_dags/example_datasets.py took 0.183 seconds
[2023-07-21T10:10:59.198+0000] {processor.py:157} INFO - Started process (PID=1576) to work on /home/airflow/.local/lib/python3.7/site-packages/airflow/example_dags/example_datasets.py
[2023-07-21T10:10:59.200+0000] {processor.py:826} INFO - Processing file /home/airflow/.local/lib/python3.7/site-packages/airflow/example_dags/example_datasets.py for tasks to queue
[2023-07-21T10:10:59.201+0000] {logging_mixin.py:150} INFO - [2023-07-21T10:10:59.201+0000] {dagbag.py:541} INFO - Filling up the DagBag from /home/airflow/.local/lib/python3.7/site-packages/airflow/example_dags/example_datasets.py
[2023-07-21T10:10:59.212+0000] {processor.py:836} INFO - DAG(s) dict_keys(['dataset_produces_1', 'dataset_consumes_1', 'dataset_consumes_1_and_2', 'dataset_consumes_unknown_never_scheduled', 'dataset_consumes_1_never_scheduled', 'dataset_produces_2']) retrieved from /home/airflow/.local/lib/python3.7/site-packages/airflow/example_dags/example_datasets.py
[2023-07-21T10:10:59.274+0000] {logging_mixin.py:150} INFO - [2023-07-21T10:10:59.274+0000] {dag.py:2742} INFO - Sync 6 DAGs
[2023-07-21T10:10:59.310+0000] {logging_mixin.py:150} INFO - [2023-07-21T10:10:59.310+0000] {dag.py:3508} INFO - Setting next_dagrun for dataset_consumes_1 to None, run_after=None
[2023-07-21T10:10:59.315+0000] {logging_mixin.py:150} INFO - [2023-07-21T10:10:59.315+0000] {dag.py:3508} INFO - Setting next_dagrun for dataset_consumes_1_and_2 to None, run_after=None
[2023-07-21T10:10:59.317+0000] {logging_mixin.py:150} INFO - [2023-07-21T10:10:59.317+0000] {dag.py:3508} INFO - Setting next_dagrun for dataset_consumes_1_never_scheduled to None, run_after=None
[2023-07-21T10:10:59.320+0000] {logging_mixin.py:150} INFO - [2023-07-21T10:10:59.320+0000] {dag.py:3508} INFO - Setting next_dagrun for dataset_consumes_unknown_never_scheduled to None, run_after=None
[2023-07-21T10:10:59.323+0000] {logging_mixin.py:150} INFO - [2023-07-21T10:10:59.323+0000] {dag.py:3508} INFO - Setting next_dagrun for dataset_produces_1 to 2023-07-20T00:00:00+00:00, run_after=2023-07-21T00:00:00+00:00
[2023-07-21T10:10:59.325+0000] {logging_mixin.py:150} INFO - [2023-07-21T10:10:59.325+0000] {dag.py:3508} INFO - Setting next_dagrun for dataset_produces_2 to None, run_after=None
[2023-07-21T10:10:59.375+0000] {processor.py:179} INFO - Processing /home/airflow/.local/lib/python3.7/site-packages/airflow/example_dags/example_datasets.py took 0.181 seconds
[2023-07-21T10:11:30.144+0000] {processor.py:157} INFO - Started process (PID=1637) to work on /home/airflow/.local/lib/python3.7/site-packages/airflow/example_dags/example_datasets.py
[2023-07-21T10:11:30.146+0000] {processor.py:826} INFO - Processing file /home/airflow/.local/lib/python3.7/site-packages/airflow/example_dags/example_datasets.py for tasks to queue
[2023-07-21T10:11:30.148+0000] {logging_mixin.py:150} INFO - [2023-07-21T10:11:30.147+0000] {dagbag.py:541} INFO - Filling up the DagBag from /home/airflow/.local/lib/python3.7/site-packages/airflow/example_dags/example_datasets.py
[2023-07-21T10:11:30.164+0000] {processor.py:836} INFO - DAG(s) dict_keys(['dataset_produces_2', 'dataset_consumes_unknown_never_scheduled', 'dataset_consumes_1', 'dataset_produces_1', 'dataset_consumes_1_and_2', 'dataset_consumes_1_never_scheduled']) retrieved from /home/airflow/.local/lib/python3.7/site-packages/airflow/example_dags/example_datasets.py
[2023-07-21T10:11:30.224+0000] {logging_mixin.py:150} INFO - [2023-07-21T10:11:30.224+0000] {dag.py:2742} INFO - Sync 6 DAGs
[2023-07-21T10:11:30.252+0000] {logging_mixin.py:150} INFO - [2023-07-21T10:11:30.252+0000] {dag.py:3508} INFO - Setting next_dagrun for dataset_consumes_1 to None, run_after=None
[2023-07-21T10:11:30.256+0000] {logging_mixin.py:150} INFO - [2023-07-21T10:11:30.256+0000] {dag.py:3508} INFO - Setting next_dagrun for dataset_consumes_1_and_2 to None, run_after=None
[2023-07-21T10:11:30.259+0000] {logging_mixin.py:150} INFO - [2023-07-21T10:11:30.258+0000] {dag.py:3508} INFO - Setting next_dagrun for dataset_consumes_1_never_scheduled to None, run_after=None
[2023-07-21T10:11:30.261+0000] {logging_mixin.py:150} INFO - [2023-07-21T10:11:30.261+0000] {dag.py:3508} INFO - Setting next_dagrun for dataset_consumes_unknown_never_scheduled to None, run_after=None
[2023-07-21T10:11:30.265+0000] {logging_mixin.py:150} INFO - [2023-07-21T10:11:30.265+0000] {dag.py:3508} INFO - Setting next_dagrun for dataset_produces_1 to 2023-07-20T00:00:00+00:00, run_after=2023-07-21T00:00:00+00:00
[2023-07-21T10:11:30.267+0000] {logging_mixin.py:150} INFO - [2023-07-21T10:11:30.267+0000] {dag.py:3508} INFO - Setting next_dagrun for dataset_produces_2 to None, run_after=None
[2023-07-21T10:11:30.326+0000] {processor.py:179} INFO - Processing /home/airflow/.local/lib/python3.7/site-packages/airflow/example_dags/example_datasets.py took 0.187 seconds
[2023-07-21T10:12:00.821+0000] {processor.py:157} INFO - Started process (PID=1698) to work on /home/airflow/.local/lib/python3.7/site-packages/airflow/example_dags/example_datasets.py
[2023-07-21T10:12:00.823+0000] {processor.py:826} INFO - Processing file /home/airflow/.local/lib/python3.7/site-packages/airflow/example_dags/example_datasets.py for tasks to queue
[2023-07-21T10:12:00.825+0000] {logging_mixin.py:150} INFO - [2023-07-21T10:12:00.825+0000] {dagbag.py:541} INFO - Filling up the DagBag from /home/airflow/.local/lib/python3.7/site-packages/airflow/example_dags/example_datasets.py
[2023-07-21T10:12:00.839+0000] {processor.py:836} INFO - DAG(s) dict_keys(['dataset_produces_1', 'dataset_consumes_unknown_never_scheduled', 'dataset_produces_2', 'dataset_consumes_1_never_scheduled', 'dataset_consumes_1', 'dataset_consumes_1_and_2']) retrieved from /home/airflow/.local/lib/python3.7/site-packages/airflow/example_dags/example_datasets.py
[2023-07-21T10:12:00.886+0000] {logging_mixin.py:150} INFO - [2023-07-21T10:12:00.886+0000] {dag.py:2742} INFO - Sync 6 DAGs
[2023-07-21T10:12:00.918+0000] {logging_mixin.py:150} INFO - [2023-07-21T10:12:00.917+0000] {dag.py:3508} INFO - Setting next_dagrun for dataset_consumes_1 to None, run_after=None
[2023-07-21T10:12:00.923+0000] {logging_mixin.py:150} INFO - [2023-07-21T10:12:00.923+0000] {dag.py:3508} INFO - Setting next_dagrun for dataset_consumes_1_and_2 to None, run_after=None
[2023-07-21T10:12:00.926+0000] {logging_mixin.py:150} INFO - [2023-07-21T10:12:00.926+0000] {dag.py:3508} INFO - Setting next_dagrun for dataset_consumes_1_never_scheduled to None, run_after=None
[2023-07-21T10:12:00.928+0000] {logging_mixin.py:150} INFO - [2023-07-21T10:12:00.928+0000] {dag.py:3508} INFO - Setting next_dagrun for dataset_consumes_unknown_never_scheduled to None, run_after=None
[2023-07-21T10:12:00.932+0000] {logging_mixin.py:150} INFO - [2023-07-21T10:12:00.931+0000] {dag.py:3508} INFO - Setting next_dagrun for dataset_produces_1 to 2023-07-20T00:00:00+00:00, run_after=2023-07-21T00:00:00+00:00
[2023-07-21T10:12:00.934+0000] {logging_mixin.py:150} INFO - [2023-07-21T10:12:00.934+0000] {dag.py:3508} INFO - Setting next_dagrun for dataset_produces_2 to None, run_after=None
[2023-07-21T10:12:00.981+0000] {processor.py:179} INFO - Processing /home/airflow/.local/lib/python3.7/site-packages/airflow/example_dags/example_datasets.py took 0.165 seconds
[2023-07-21T10:12:31.061+0000] {processor.py:157} INFO - Started process (PID=1758) to work on /home/airflow/.local/lib/python3.7/site-packages/airflow/example_dags/example_datasets.py
[2023-07-21T10:12:31.063+0000] {processor.py:826} INFO - Processing file /home/airflow/.local/lib/python3.7/site-packages/airflow/example_dags/example_datasets.py for tasks to queue
[2023-07-21T10:12:31.065+0000] {logging_mixin.py:150} INFO - [2023-07-21T10:12:31.064+0000] {dagbag.py:541} INFO - Filling up the DagBag from /home/airflow/.local/lib/python3.7/site-packages/airflow/example_dags/example_datasets.py
[2023-07-21T10:12:31.077+0000] {processor.py:836} INFO - DAG(s) dict_keys(['dataset_consumes_unknown_never_scheduled', 'dataset_consumes_1', 'dataset_produces_1', 'dataset_produces_2', 'dataset_consumes_1_never_scheduled', 'dataset_consumes_1_and_2']) retrieved from /home/airflow/.local/lib/python3.7/site-packages/airflow/example_dags/example_datasets.py
[2023-07-21T10:12:31.132+0000] {logging_mixin.py:150} INFO - [2023-07-21T10:12:31.132+0000] {dag.py:2742} INFO - Sync 6 DAGs
[2023-07-21T10:12:31.168+0000] {logging_mixin.py:150} INFO - [2023-07-21T10:12:31.168+0000] {dag.py:3508} INFO - Setting next_dagrun for dataset_consumes_1 to None, run_after=None
[2023-07-21T10:12:31.172+0000] {logging_mixin.py:150} INFO - [2023-07-21T10:12:31.172+0000] {dag.py:3508} INFO - Setting next_dagrun for dataset_consumes_1_and_2 to None, run_after=None
[2023-07-21T10:12:31.175+0000] {logging_mixin.py:150} INFO - [2023-07-21T10:12:31.174+0000] {dag.py:3508} INFO - Setting next_dagrun for dataset_consumes_1_never_scheduled to None, run_after=None
[2023-07-21T10:12:31.177+0000] {logging_mixin.py:150} INFO - [2023-07-21T10:12:31.177+0000] {dag.py:3508} INFO - Setting next_dagrun for dataset_consumes_unknown_never_scheduled to None, run_after=None
[2023-07-21T10:12:31.181+0000] {logging_mixin.py:150} INFO - [2023-07-21T10:12:31.180+0000] {dag.py:3508} INFO - Setting next_dagrun for dataset_produces_1 to 2023-07-20T00:00:00+00:00, run_after=2023-07-21T00:00:00+00:00
[2023-07-21T10:12:31.184+0000] {logging_mixin.py:150} INFO - [2023-07-21T10:12:31.183+0000] {dag.py:3508} INFO - Setting next_dagrun for dataset_produces_2 to None, run_after=None
[2023-07-21T10:12:31.237+0000] {processor.py:179} INFO - Processing /home/airflow/.local/lib/python3.7/site-packages/airflow/example_dags/example_datasets.py took 0.180 seconds
[2023-07-21T10:13:01.364+0000] {processor.py:157} INFO - Started process (PID=1819) to work on /home/airflow/.local/lib/python3.7/site-packages/airflow/example_dags/example_datasets.py
[2023-07-21T10:13:01.366+0000] {processor.py:826} INFO - Processing file /home/airflow/.local/lib/python3.7/site-packages/airflow/example_dags/example_datasets.py for tasks to queue
[2023-07-21T10:13:01.367+0000] {logging_mixin.py:150} INFO - [2023-07-21T10:13:01.367+0000] {dagbag.py:541} INFO - Filling up the DagBag from /home/airflow/.local/lib/python3.7/site-packages/airflow/example_dags/example_datasets.py
[2023-07-21T10:13:01.379+0000] {processor.py:836} INFO - DAG(s) dict_keys(['dataset_consumes_1_and_2', 'dataset_consumes_unknown_never_scheduled', 'dataset_produces_1', 'dataset_produces_2', 'dataset_consumes_1_never_scheduled', 'dataset_consumes_1']) retrieved from /home/airflow/.local/lib/python3.7/site-packages/airflow/example_dags/example_datasets.py
[2023-07-21T10:13:01.443+0000] {logging_mixin.py:150} INFO - [2023-07-21T10:13:01.443+0000] {dag.py:2742} INFO - Sync 6 DAGs
[2023-07-21T10:13:01.479+0000] {logging_mixin.py:150} INFO - [2023-07-21T10:13:01.479+0000] {dag.py:3508} INFO - Setting next_dagrun for dataset_consumes_1 to None, run_after=None
[2023-07-21T10:13:01.484+0000] {logging_mixin.py:150} INFO - [2023-07-21T10:13:01.484+0000] {dag.py:3508} INFO - Setting next_dagrun for dataset_consumes_1_and_2 to None, run_after=None
[2023-07-21T10:13:01.486+0000] {logging_mixin.py:150} INFO - [2023-07-21T10:13:01.486+0000] {dag.py:3508} INFO - Setting next_dagrun for dataset_consumes_1_never_scheduled to None, run_after=None
[2023-07-21T10:13:01.488+0000] {logging_mixin.py:150} INFO - [2023-07-21T10:13:01.488+0000] {dag.py:3508} INFO - Setting next_dagrun for dataset_consumes_unknown_never_scheduled to None, run_after=None
[2023-07-21T10:13:01.493+0000] {logging_mixin.py:150} INFO - [2023-07-21T10:13:01.493+0000] {dag.py:3508} INFO - Setting next_dagrun for dataset_produces_1 to 2023-07-20T00:00:00+00:00, run_after=2023-07-21T00:00:00+00:00
[2023-07-21T10:13:01.496+0000] {logging_mixin.py:150} INFO - [2023-07-21T10:13:01.495+0000] {dag.py:3508} INFO - Setting next_dagrun for dataset_produces_2 to None, run_after=None
[2023-07-21T10:13:01.549+0000] {processor.py:179} INFO - Processing /home/airflow/.local/lib/python3.7/site-packages/airflow/example_dags/example_datasets.py took 0.188 seconds
[2023-07-21T10:13:32.285+0000] {processor.py:157} INFO - Started process (PID=1880) to work on /home/airflow/.local/lib/python3.7/site-packages/airflow/example_dags/example_datasets.py
[2023-07-21T10:13:32.289+0000] {processor.py:826} INFO - Processing file /home/airflow/.local/lib/python3.7/site-packages/airflow/example_dags/example_datasets.py for tasks to queue
[2023-07-21T10:13:32.291+0000] {logging_mixin.py:150} INFO - [2023-07-21T10:13:32.290+0000] {dagbag.py:541} INFO - Filling up the DagBag from /home/airflow/.local/lib/python3.7/site-packages/airflow/example_dags/example_datasets.py
[2023-07-21T10:13:32.312+0000] {processor.py:836} INFO - DAG(s) dict_keys(['dataset_produces_1', 'dataset_produces_2', 'dataset_consumes_1_never_scheduled', 'dataset_consumes_1_and_2', 'dataset_consumes_unknown_never_scheduled', 'dataset_consumes_1']) retrieved from /home/airflow/.local/lib/python3.7/site-packages/airflow/example_dags/example_datasets.py
[2023-07-21T10:13:32.391+0000] {logging_mixin.py:150} INFO - [2023-07-21T10:13:32.390+0000] {dag.py:2742} INFO - Sync 6 DAGs
[2023-07-21T10:13:32.435+0000] {logging_mixin.py:150} INFO - [2023-07-21T10:13:32.434+0000] {dag.py:3508} INFO - Setting next_dagrun for dataset_consumes_1 to None, run_after=None
[2023-07-21T10:13:32.441+0000] {logging_mixin.py:150} INFO - [2023-07-21T10:13:32.441+0000] {dag.py:3508} INFO - Setting next_dagrun for dataset_consumes_1_and_2 to None, run_after=None
[2023-07-21T10:13:32.444+0000] {logging_mixin.py:150} INFO - [2023-07-21T10:13:32.444+0000] {dag.py:3508} INFO - Setting next_dagrun for dataset_consumes_1_never_scheduled to None, run_after=None
[2023-07-21T10:13:32.455+0000] {logging_mixin.py:150} INFO - [2023-07-21T10:13:32.454+0000] {dag.py:3508} INFO - Setting next_dagrun for dataset_consumes_unknown_never_scheduled to None, run_after=None
[2023-07-21T10:13:32.461+0000] {logging_mixin.py:150} INFO - [2023-07-21T10:13:32.461+0000] {dag.py:3508} INFO - Setting next_dagrun for dataset_produces_1 to 2023-07-20T00:00:00+00:00, run_after=2023-07-21T00:00:00+00:00
[2023-07-21T10:13:32.465+0000] {logging_mixin.py:150} INFO - [2023-07-21T10:13:32.464+0000] {dag.py:3508} INFO - Setting next_dagrun for dataset_produces_2 to None, run_after=None
[2023-07-21T10:13:32.542+0000] {processor.py:179} INFO - Processing /home/airflow/.local/lib/python3.7/site-packages/airflow/example_dags/example_datasets.py took 0.265 seconds
[2023-07-21T10:14:02.731+0000] {processor.py:157} INFO - Started process (PID=1941) to work on /home/airflow/.local/lib/python3.7/site-packages/airflow/example_dags/example_datasets.py
[2023-07-21T10:14:02.732+0000] {processor.py:826} INFO - Processing file /home/airflow/.local/lib/python3.7/site-packages/airflow/example_dags/example_datasets.py for tasks to queue
[2023-07-21T10:14:02.734+0000] {logging_mixin.py:150} INFO - [2023-07-21T10:14:02.734+0000] {dagbag.py:541} INFO - Filling up the DagBag from /home/airflow/.local/lib/python3.7/site-packages/airflow/example_dags/example_datasets.py
[2023-07-21T10:14:02.750+0000] {processor.py:836} INFO - DAG(s) dict_keys(['dataset_produces_1', 'dataset_consumes_unknown_never_scheduled', 'dataset_produces_2', 'dataset_consumes_1_never_scheduled', 'dataset_consumes_1', 'dataset_consumes_1_and_2']) retrieved from /home/airflow/.local/lib/python3.7/site-packages/airflow/example_dags/example_datasets.py
[2023-07-21T10:14:02.815+0000] {logging_mixin.py:150} INFO - [2023-07-21T10:14:02.815+0000] {dag.py:2742} INFO - Sync 6 DAGs
[2023-07-21T10:14:02.853+0000] {logging_mixin.py:150} INFO - [2023-07-21T10:14:02.852+0000] {dag.py:3508} INFO - Setting next_dagrun for dataset_consumes_1 to None, run_after=None
[2023-07-21T10:14:02.861+0000] {logging_mixin.py:150} INFO - [2023-07-21T10:14:02.860+0000] {dag.py:3508} INFO - Setting next_dagrun for dataset_consumes_1_and_2 to None, run_after=None
[2023-07-21T10:14:02.863+0000] {logging_mixin.py:150} INFO - [2023-07-21T10:14:02.863+0000] {dag.py:3508} INFO - Setting next_dagrun for dataset_consumes_1_never_scheduled to None, run_after=None
[2023-07-21T10:14:02.865+0000] {logging_mixin.py:150} INFO - [2023-07-21T10:14:02.865+0000] {dag.py:3508} INFO - Setting next_dagrun for dataset_consumes_unknown_never_scheduled to None, run_after=None
[2023-07-21T10:14:02.868+0000] {logging_mixin.py:150} INFO - [2023-07-21T10:14:02.868+0000] {dag.py:3508} INFO - Setting next_dagrun for dataset_produces_1 to 2023-07-20T00:00:00+00:00, run_after=2023-07-21T00:00:00+00:00
[2023-07-21T10:14:02.871+0000] {logging_mixin.py:150} INFO - [2023-07-21T10:14:02.870+0000] {dag.py:3508} INFO - Setting next_dagrun for dataset_produces_2 to None, run_after=None
[2023-07-21T10:14:02.915+0000] {processor.py:179} INFO - Processing /home/airflow/.local/lib/python3.7/site-packages/airflow/example_dags/example_datasets.py took 0.187 seconds
[2023-07-21T10:14:33.141+0000] {processor.py:157} INFO - Started process (PID=2002) to work on /home/airflow/.local/lib/python3.7/site-packages/airflow/example_dags/example_datasets.py
[2023-07-21T10:14:33.143+0000] {processor.py:826} INFO - Processing file /home/airflow/.local/lib/python3.7/site-packages/airflow/example_dags/example_datasets.py for tasks to queue
[2023-07-21T10:14:33.144+0000] {logging_mixin.py:150} INFO - [2023-07-21T10:14:33.144+0000] {dagbag.py:541} INFO - Filling up the DagBag from /home/airflow/.local/lib/python3.7/site-packages/airflow/example_dags/example_datasets.py
[2023-07-21T10:14:33.156+0000] {processor.py:836} INFO - DAG(s) dict_keys(['dataset_consumes_unknown_never_scheduled', 'dataset_produces_1', 'dataset_consumes_1', 'dataset_consumes_1_and_2', 'dataset_consumes_1_never_scheduled', 'dataset_produces_2']) retrieved from /home/airflow/.local/lib/python3.7/site-packages/airflow/example_dags/example_datasets.py
[2023-07-21T10:14:33.211+0000] {logging_mixin.py:150} INFO - [2023-07-21T10:14:33.211+0000] {dag.py:2742} INFO - Sync 6 DAGs
[2023-07-21T10:14:33.250+0000] {logging_mixin.py:150} INFO - [2023-07-21T10:14:33.250+0000] {dag.py:3508} INFO - Setting next_dagrun for dataset_consumes_1 to None, run_after=None
[2023-07-21T10:14:33.257+0000] {logging_mixin.py:150} INFO - [2023-07-21T10:14:33.257+0000] {dag.py:3508} INFO - Setting next_dagrun for dataset_consumes_1_and_2 to None, run_after=None
[2023-07-21T10:14:33.259+0000] {logging_mixin.py:150} INFO - [2023-07-21T10:14:33.259+0000] {dag.py:3508} INFO - Setting next_dagrun for dataset_consumes_1_never_scheduled to None, run_after=None
[2023-07-21T10:14:33.262+0000] {logging_mixin.py:150} INFO - [2023-07-21T10:14:33.262+0000] {dag.py:3508} INFO - Setting next_dagrun for dataset_consumes_unknown_never_scheduled to None, run_after=None
[2023-07-21T10:14:33.267+0000] {logging_mixin.py:150} INFO - [2023-07-21T10:14:33.267+0000] {dag.py:3508} INFO - Setting next_dagrun for dataset_produces_1 to 2023-07-20T00:00:00+00:00, run_after=2023-07-21T00:00:00+00:00
[2023-07-21T10:14:33.270+0000] {logging_mixin.py:150} INFO - [2023-07-21T10:14:33.270+0000] {dag.py:3508} INFO - Setting next_dagrun for dataset_produces_2 to None, run_after=None
[2023-07-21T10:14:33.323+0000] {processor.py:179} INFO - Processing /home/airflow/.local/lib/python3.7/site-packages/airflow/example_dags/example_datasets.py took 0.186 seconds
[2023-07-21T10:15:03.444+0000] {processor.py:157} INFO - Started process (PID=2063) to work on /home/airflow/.local/lib/python3.7/site-packages/airflow/example_dags/example_datasets.py
[2023-07-21T10:15:03.447+0000] {processor.py:826} INFO - Processing file /home/airflow/.local/lib/python3.7/site-packages/airflow/example_dags/example_datasets.py for tasks to queue
[2023-07-21T10:15:03.451+0000] {logging_mixin.py:150} INFO - [2023-07-21T10:15:03.450+0000] {dagbag.py:541} INFO - Filling up the DagBag from /home/airflow/.local/lib/python3.7/site-packages/airflow/example_dags/example_datasets.py
[2023-07-21T10:15:03.492+0000] {processor.py:836} INFO - DAG(s) dict_keys(['dataset_consumes_unknown_never_scheduled', 'dataset_consumes_1_never_scheduled', 'dataset_produces_2', 'dataset_produces_1', 'dataset_consumes_1', 'dataset_consumes_1_and_2']) retrieved from /home/airflow/.local/lib/python3.7/site-packages/airflow/example_dags/example_datasets.py
[2023-07-21T10:15:03.665+0000] {logging_mixin.py:150} INFO - [2023-07-21T10:15:03.664+0000] {dag.py:2742} INFO - Sync 6 DAGs
[2023-07-21T10:15:03.737+0000] {logging_mixin.py:150} INFO - [2023-07-21T10:15:03.737+0000] {dag.py:3508} INFO - Setting next_dagrun for dataset_consumes_1 to None, run_after=None
[2023-07-21T10:15:03.748+0000] {logging_mixin.py:150} INFO - [2023-07-21T10:15:03.747+0000] {dag.py:3508} INFO - Setting next_dagrun for dataset_consumes_1_and_2 to None, run_after=None
[2023-07-21T10:15:03.756+0000] {logging_mixin.py:150} INFO - [2023-07-21T10:15:03.755+0000] {dag.py:3508} INFO - Setting next_dagrun for dataset_consumes_1_never_scheduled to None, run_after=None
[2023-07-21T10:15:03.760+0000] {logging_mixin.py:150} INFO - [2023-07-21T10:15:03.759+0000] {dag.py:3508} INFO - Setting next_dagrun for dataset_consumes_unknown_never_scheduled to None, run_after=None
[2023-07-21T10:15:03.770+0000] {logging_mixin.py:150} INFO - [2023-07-21T10:15:03.769+0000] {dag.py:3508} INFO - Setting next_dagrun for dataset_produces_1 to 2023-07-20T00:00:00+00:00, run_after=2023-07-21T00:00:00+00:00
[2023-07-21T10:15:03.774+0000] {logging_mixin.py:150} INFO - [2023-07-21T10:15:03.774+0000] {dag.py:3508} INFO - Setting next_dagrun for dataset_produces_2 to None, run_after=None
[2023-07-21T10:15:03.857+0000] {processor.py:179} INFO - Processing /home/airflow/.local/lib/python3.7/site-packages/airflow/example_dags/example_datasets.py took 0.424 seconds
