[2023-07-21T09:58:13.349+0000] {processor.py:157} INFO - Started process (PID=64) to work on /home/airflow/.local/lib/python3.7/site-packages/airflow/example_dags/example_branch_python_dop_operator_3.py
[2023-07-21T09:58:13.353+0000] {processor.py:826} INFO - Processing file /home/airflow/.local/lib/python3.7/site-packages/airflow/example_dags/example_branch_python_dop_operator_3.py for tasks to queue
[2023-07-21T09:58:13.358+0000] {logging_mixin.py:150} INFO - [2023-07-21T09:58:13.358+0000] {dagbag.py:541} INFO - Filling up the DagBag from /home/airflow/.local/lib/python3.7/site-packages/airflow/example_dags/example_branch_python_dop_operator_3.py
[2023-07-21T09:58:13.375+0000] {processor.py:836} INFO - DAG(s) dict_keys(['example_branch_dop_operator_v3']) retrieved from /home/airflow/.local/lib/python3.7/site-packages/airflow/example_dags/example_branch_python_dop_operator_3.py
[2023-07-21T09:58:13.587+0000] {logging_mixin.py:150} INFO - [2023-07-21T09:58:13.587+0000] {dag.py:2742} INFO - Sync 1 DAGs
[2023-07-21T09:58:13.636+0000] {logging_mixin.py:150} INFO - [2023-07-21T09:58:13.636+0000] {dag.py:3508} INFO - Setting next_dagrun for example_branch_dop_operator_v3 to 2023-07-21T09:57:00+00:00, run_after=2023-07-21T09:58:00+00:00
[2023-07-21T09:58:13.665+0000] {processor.py:179} INFO - Processing /home/airflow/.local/lib/python3.7/site-packages/airflow/example_dags/example_branch_python_dop_operator_3.py took 0.321 seconds
[2023-07-21T09:58:43.950+0000] {processor.py:157} INFO - Started process (PID=125) to work on /home/airflow/.local/lib/python3.7/site-packages/airflow/example_dags/example_branch_python_dop_operator_3.py
[2023-07-21T09:58:43.952+0000] {processor.py:826} INFO - Processing file /home/airflow/.local/lib/python3.7/site-packages/airflow/example_dags/example_branch_python_dop_operator_3.py for tasks to queue
[2023-07-21T09:58:43.954+0000] {logging_mixin.py:150} INFO - [2023-07-21T09:58:43.953+0000] {dagbag.py:541} INFO - Filling up the DagBag from /home/airflow/.local/lib/python3.7/site-packages/airflow/example_dags/example_branch_python_dop_operator_3.py
[2023-07-21T09:58:43.969+0000] {processor.py:836} INFO - DAG(s) dict_keys(['example_branch_dop_operator_v3']) retrieved from /home/airflow/.local/lib/python3.7/site-packages/airflow/example_dags/example_branch_python_dop_operator_3.py
[2023-07-21T09:58:43.999+0000] {logging_mixin.py:150} INFO - [2023-07-21T09:58:43.998+0000] {dag.py:2742} INFO - Sync 1 DAGs
[2023-07-21T09:58:44.110+0000] {logging_mixin.py:150} INFO - [2023-07-21T09:58:44.109+0000] {dag.py:3508} INFO - Setting next_dagrun for example_branch_dop_operator_v3 to 2023-07-21T09:57:00+00:00, run_after=2023-07-21T09:58:00+00:00
[2023-07-21T09:58:44.227+0000] {processor.py:179} INFO - Processing /home/airflow/.local/lib/python3.7/site-packages/airflow/example_dags/example_branch_python_dop_operator_3.py took 0.282 seconds
[2023-07-21T09:59:15.577+0000] {processor.py:157} INFO - Started process (PID=186) to work on /home/airflow/.local/lib/python3.7/site-packages/airflow/example_dags/example_branch_python_dop_operator_3.py
[2023-07-21T09:59:15.582+0000] {processor.py:826} INFO - Processing file /home/airflow/.local/lib/python3.7/site-packages/airflow/example_dags/example_branch_python_dop_operator_3.py for tasks to queue
[2023-07-21T09:59:15.585+0000] {logging_mixin.py:150} INFO - [2023-07-21T09:59:15.584+0000] {dagbag.py:541} INFO - Filling up the DagBag from /home/airflow/.local/lib/python3.7/site-packages/airflow/example_dags/example_branch_python_dop_operator_3.py
[2023-07-21T09:59:15.629+0000] {processor.py:836} INFO - DAG(s) dict_keys(['example_branch_dop_operator_v3']) retrieved from /home/airflow/.local/lib/python3.7/site-packages/airflow/example_dags/example_branch_python_dop_operator_3.py
[2023-07-21T09:59:15.731+0000] {logging_mixin.py:150} INFO - [2023-07-21T09:59:15.731+0000] {dag.py:2742} INFO - Sync 1 DAGs
[2023-07-21T09:59:15.864+0000] {logging_mixin.py:150} INFO - [2023-07-21T09:59:15.863+0000] {dag.py:3508} INFO - Setting next_dagrun for example_branch_dop_operator_v3 to 2023-07-21T09:58:00+00:00, run_after=2023-07-21T09:59:00+00:00
[2023-07-21T09:59:15.923+0000] {processor.py:179} INFO - Processing /home/airflow/.local/lib/python3.7/site-packages/airflow/example_dags/example_branch_python_dop_operator_3.py took 0.359 seconds
[2023-07-21T09:59:46.921+0000] {processor.py:157} INFO - Started process (PID=247) to work on /home/airflow/.local/lib/python3.7/site-packages/airflow/example_dags/example_branch_python_dop_operator_3.py
[2023-07-21T09:59:46.924+0000] {processor.py:826} INFO - Processing file /home/airflow/.local/lib/python3.7/site-packages/airflow/example_dags/example_branch_python_dop_operator_3.py for tasks to queue
[2023-07-21T09:59:46.927+0000] {logging_mixin.py:150} INFO - [2023-07-21T09:59:46.926+0000] {dagbag.py:541} INFO - Filling up the DagBag from /home/airflow/.local/lib/python3.7/site-packages/airflow/example_dags/example_branch_python_dop_operator_3.py
[2023-07-21T09:59:46.951+0000] {processor.py:836} INFO - DAG(s) dict_keys(['example_branch_dop_operator_v3']) retrieved from /home/airflow/.local/lib/python3.7/site-packages/airflow/example_dags/example_branch_python_dop_operator_3.py
[2023-07-21T09:59:47.007+0000] {logging_mixin.py:150} INFO - [2023-07-21T09:59:47.007+0000] {dag.py:2742} INFO - Sync 1 DAGs
[2023-07-21T09:59:47.064+0000] {logging_mixin.py:150} INFO - [2023-07-21T09:59:47.064+0000] {dag.py:3508} INFO - Setting next_dagrun for example_branch_dop_operator_v3 to 2023-07-21T09:58:00+00:00, run_after=2023-07-21T09:59:00+00:00
[2023-07-21T09:59:47.090+0000] {processor.py:179} INFO - Processing /home/airflow/.local/lib/python3.7/site-packages/airflow/example_dags/example_branch_python_dop_operator_3.py took 0.179 seconds
[2023-07-21T10:00:17.440+0000] {processor.py:157} INFO - Started process (PID=308) to work on /home/airflow/.local/lib/python3.7/site-packages/airflow/example_dags/example_branch_python_dop_operator_3.py
[2023-07-21T10:00:17.443+0000] {processor.py:826} INFO - Processing file /home/airflow/.local/lib/python3.7/site-packages/airflow/example_dags/example_branch_python_dop_operator_3.py for tasks to queue
[2023-07-21T10:00:17.446+0000] {logging_mixin.py:150} INFO - [2023-07-21T10:00:17.445+0000] {dagbag.py:541} INFO - Filling up the DagBag from /home/airflow/.local/lib/python3.7/site-packages/airflow/example_dags/example_branch_python_dop_operator_3.py
[2023-07-21T10:00:17.469+0000] {processor.py:836} INFO - DAG(s) dict_keys(['example_branch_dop_operator_v3']) retrieved from /home/airflow/.local/lib/python3.7/site-packages/airflow/example_dags/example_branch_python_dop_operator_3.py
[2023-07-21T10:00:17.500+0000] {logging_mixin.py:150} INFO - [2023-07-21T10:00:17.499+0000] {dag.py:2742} INFO - Sync 1 DAGs
[2023-07-21T10:00:17.539+0000] {logging_mixin.py:150} INFO - [2023-07-21T10:00:17.538+0000] {dag.py:3508} INFO - Setting next_dagrun for example_branch_dop_operator_v3 to 2023-07-21T09:59:00+00:00, run_after=2023-07-21T10:00:00+00:00
[2023-07-21T10:00:17.565+0000] {processor.py:179} INFO - Processing /home/airflow/.local/lib/python3.7/site-packages/airflow/example_dags/example_branch_python_dop_operator_3.py took 0.134 seconds
[2023-07-21T10:00:48.097+0000] {processor.py:157} INFO - Started process (PID=369) to work on /home/airflow/.local/lib/python3.7/site-packages/airflow/example_dags/example_branch_python_dop_operator_3.py
[2023-07-21T10:00:48.099+0000] {processor.py:826} INFO - Processing file /home/airflow/.local/lib/python3.7/site-packages/airflow/example_dags/example_branch_python_dop_operator_3.py for tasks to queue
[2023-07-21T10:00:48.100+0000] {logging_mixin.py:150} INFO - [2023-07-21T10:00:48.100+0000] {dagbag.py:541} INFO - Filling up the DagBag from /home/airflow/.local/lib/python3.7/site-packages/airflow/example_dags/example_branch_python_dop_operator_3.py
[2023-07-21T10:00:48.110+0000] {processor.py:836} INFO - DAG(s) dict_keys(['example_branch_dop_operator_v3']) retrieved from /home/airflow/.local/lib/python3.7/site-packages/airflow/example_dags/example_branch_python_dop_operator_3.py
[2023-07-21T10:00:48.136+0000] {logging_mixin.py:150} INFO - [2023-07-21T10:00:48.136+0000] {dag.py:2742} INFO - Sync 1 DAGs
[2023-07-21T10:00:48.175+0000] {logging_mixin.py:150} INFO - [2023-07-21T10:00:48.175+0000] {dag.py:3508} INFO - Setting next_dagrun for example_branch_dop_operator_v3 to 2023-07-21T09:59:00+00:00, run_after=2023-07-21T10:00:00+00:00
[2023-07-21T10:00:48.204+0000] {processor.py:179} INFO - Processing /home/airflow/.local/lib/python3.7/site-packages/airflow/example_dags/example_branch_python_dop_operator_3.py took 0.112 seconds
[2023-07-21T10:01:18.580+0000] {processor.py:157} INFO - Started process (PID=430) to work on /home/airflow/.local/lib/python3.7/site-packages/airflow/example_dags/example_branch_python_dop_operator_3.py
[2023-07-21T10:01:18.582+0000] {processor.py:826} INFO - Processing file /home/airflow/.local/lib/python3.7/site-packages/airflow/example_dags/example_branch_python_dop_operator_3.py for tasks to queue
[2023-07-21T10:01:18.584+0000] {logging_mixin.py:150} INFO - [2023-07-21T10:01:18.583+0000] {dagbag.py:541} INFO - Filling up the DagBag from /home/airflow/.local/lib/python3.7/site-packages/airflow/example_dags/example_branch_python_dop_operator_3.py
[2023-07-21T10:01:18.597+0000] {processor.py:836} INFO - DAG(s) dict_keys(['example_branch_dop_operator_v3']) retrieved from /home/airflow/.local/lib/python3.7/site-packages/airflow/example_dags/example_branch_python_dop_operator_3.py
[2023-07-21T10:01:18.634+0000] {logging_mixin.py:150} INFO - [2023-07-21T10:01:18.634+0000] {dag.py:2742} INFO - Sync 1 DAGs
[2023-07-21T10:01:18.675+0000] {logging_mixin.py:150} INFO - [2023-07-21T10:01:18.675+0000] {dag.py:3508} INFO - Setting next_dagrun for example_branch_dop_operator_v3 to 2023-07-21T10:00:00+00:00, run_after=2023-07-21T10:01:00+00:00
[2023-07-21T10:01:18.705+0000] {processor.py:179} INFO - Processing /home/airflow/.local/lib/python3.7/site-packages/airflow/example_dags/example_branch_python_dop_operator_3.py took 0.134 seconds
[2023-07-21T10:01:50.551+0000] {processor.py:157} INFO - Started process (PID=491) to work on /home/airflow/.local/lib/python3.7/site-packages/airflow/example_dags/example_branch_python_dop_operator_3.py
[2023-07-21T10:01:50.553+0000] {processor.py:826} INFO - Processing file /home/airflow/.local/lib/python3.7/site-packages/airflow/example_dags/example_branch_python_dop_operator_3.py for tasks to queue
[2023-07-21T10:01:50.605+0000] {logging_mixin.py:150} INFO - [2023-07-21T10:01:50.605+0000] {dagbag.py:541} INFO - Filling up the DagBag from /home/airflow/.local/lib/python3.7/site-packages/airflow/example_dags/example_branch_python_dop_operator_3.py
[2023-07-21T10:01:50.675+0000] {processor.py:836} INFO - DAG(s) dict_keys(['example_branch_dop_operator_v3']) retrieved from /home/airflow/.local/lib/python3.7/site-packages/airflow/example_dags/example_branch_python_dop_operator_3.py
[2023-07-21T10:01:50.835+0000] {logging_mixin.py:150} INFO - [2023-07-21T10:01:50.834+0000] {dag.py:2742} INFO - Sync 1 DAGs
[2023-07-21T10:01:50.991+0000] {logging_mixin.py:150} INFO - [2023-07-21T10:01:50.991+0000] {dag.py:3508} INFO - Setting next_dagrun for example_branch_dop_operator_v3 to 2023-07-21T10:00:00+00:00, run_after=2023-07-21T10:01:00+00:00
[2023-07-21T10:01:51.110+0000] {processor.py:179} INFO - Processing /home/airflow/.local/lib/python3.7/site-packages/airflow/example_dags/example_branch_python_dop_operator_3.py took 0.564 seconds
[2023-07-21T10:02:21.646+0000] {processor.py:157} INFO - Started process (PID=553) to work on /home/airflow/.local/lib/python3.7/site-packages/airflow/example_dags/example_branch_python_dop_operator_3.py
[2023-07-21T10:02:21.649+0000] {processor.py:826} INFO - Processing file /home/airflow/.local/lib/python3.7/site-packages/airflow/example_dags/example_branch_python_dop_operator_3.py for tasks to queue
[2023-07-21T10:02:21.651+0000] {logging_mixin.py:150} INFO - [2023-07-21T10:02:21.651+0000] {dagbag.py:541} INFO - Filling up the DagBag from /home/airflow/.local/lib/python3.7/site-packages/airflow/example_dags/example_branch_python_dop_operator_3.py
[2023-07-21T10:02:21.664+0000] {processor.py:836} INFO - DAG(s) dict_keys(['example_branch_dop_operator_v3']) retrieved from /home/airflow/.local/lib/python3.7/site-packages/airflow/example_dags/example_branch_python_dop_operator_3.py
[2023-07-21T10:02:21.697+0000] {logging_mixin.py:150} INFO - [2023-07-21T10:02:21.697+0000] {dag.py:2742} INFO - Sync 1 DAGs
[2023-07-21T10:02:21.742+0000] {logging_mixin.py:150} INFO - [2023-07-21T10:02:21.741+0000] {dag.py:3508} INFO - Setting next_dagrun for example_branch_dop_operator_v3 to 2023-07-21T10:01:00+00:00, run_after=2023-07-21T10:02:00+00:00
[2023-07-21T10:02:21.776+0000] {processor.py:179} INFO - Processing /home/airflow/.local/lib/python3.7/site-packages/airflow/example_dags/example_branch_python_dop_operator_3.py took 0.138 seconds
[2023-07-21T10:02:52.686+0000] {processor.py:157} INFO - Started process (PID=614) to work on /home/airflow/.local/lib/python3.7/site-packages/airflow/example_dags/example_branch_python_dop_operator_3.py
[2023-07-21T10:02:52.689+0000] {processor.py:826} INFO - Processing file /home/airflow/.local/lib/python3.7/site-packages/airflow/example_dags/example_branch_python_dop_operator_3.py for tasks to queue
[2023-07-21T10:02:52.691+0000] {logging_mixin.py:150} INFO - [2023-07-21T10:02:52.690+0000] {dagbag.py:541} INFO - Filling up the DagBag from /home/airflow/.local/lib/python3.7/site-packages/airflow/example_dags/example_branch_python_dop_operator_3.py
[2023-07-21T10:02:52.703+0000] {processor.py:836} INFO - DAG(s) dict_keys(['example_branch_dop_operator_v3']) retrieved from /home/airflow/.local/lib/python3.7/site-packages/airflow/example_dags/example_branch_python_dop_operator_3.py
[2023-07-21T10:02:52.722+0000] {logging_mixin.py:150} INFO - [2023-07-21T10:02:52.721+0000] {dag.py:2742} INFO - Sync 1 DAGs
[2023-07-21T10:02:52.767+0000] {logging_mixin.py:150} INFO - [2023-07-21T10:02:52.766+0000] {dag.py:3508} INFO - Setting next_dagrun for example_branch_dop_operator_v3 to 2023-07-21T10:01:00+00:00, run_after=2023-07-21T10:02:00+00:00
[2023-07-21T10:02:52.800+0000] {processor.py:179} INFO - Processing /home/airflow/.local/lib/python3.7/site-packages/airflow/example_dags/example_branch_python_dop_operator_3.py took 0.121 seconds
[2023-07-21T10:03:23.315+0000] {processor.py:157} INFO - Started process (PID=675) to work on /home/airflow/.local/lib/python3.7/site-packages/airflow/example_dags/example_branch_python_dop_operator_3.py
[2023-07-21T10:03:23.317+0000] {processor.py:826} INFO - Processing file /home/airflow/.local/lib/python3.7/site-packages/airflow/example_dags/example_branch_python_dop_operator_3.py for tasks to queue
[2023-07-21T10:03:23.318+0000] {logging_mixin.py:150} INFO - [2023-07-21T10:03:23.318+0000] {dagbag.py:541} INFO - Filling up the DagBag from /home/airflow/.local/lib/python3.7/site-packages/airflow/example_dags/example_branch_python_dop_operator_3.py
[2023-07-21T10:03:23.331+0000] {processor.py:836} INFO - DAG(s) dict_keys(['example_branch_dop_operator_v3']) retrieved from /home/airflow/.local/lib/python3.7/site-packages/airflow/example_dags/example_branch_python_dop_operator_3.py
[2023-07-21T10:03:23.364+0000] {logging_mixin.py:150} INFO - [2023-07-21T10:03:23.364+0000] {dag.py:2742} INFO - Sync 1 DAGs
[2023-07-21T10:03:23.401+0000] {logging_mixin.py:150} INFO - [2023-07-21T10:03:23.401+0000] {dag.py:3508} INFO - Setting next_dagrun for example_branch_dop_operator_v3 to 2023-07-21T10:02:00+00:00, run_after=2023-07-21T10:03:00+00:00
[2023-07-21T10:03:23.439+0000] {processor.py:179} INFO - Processing /home/airflow/.local/lib/python3.7/site-packages/airflow/example_dags/example_branch_python_dop_operator_3.py took 0.127 seconds
[2023-07-21T10:03:53.605+0000] {processor.py:157} INFO - Started process (PID=736) to work on /home/airflow/.local/lib/python3.7/site-packages/airflow/example_dags/example_branch_python_dop_operator_3.py
[2023-07-21T10:03:53.608+0000] {processor.py:826} INFO - Processing file /home/airflow/.local/lib/python3.7/site-packages/airflow/example_dags/example_branch_python_dop_operator_3.py for tasks to queue
[2023-07-21T10:03:53.610+0000] {logging_mixin.py:150} INFO - [2023-07-21T10:03:53.610+0000] {dagbag.py:541} INFO - Filling up the DagBag from /home/airflow/.local/lib/python3.7/site-packages/airflow/example_dags/example_branch_python_dop_operator_3.py
[2023-07-21T10:03:53.634+0000] {processor.py:836} INFO - DAG(s) dict_keys(['example_branch_dop_operator_v3']) retrieved from /home/airflow/.local/lib/python3.7/site-packages/airflow/example_dags/example_branch_python_dop_operator_3.py
[2023-07-21T10:03:53.668+0000] {logging_mixin.py:150} INFO - [2023-07-21T10:03:53.668+0000] {dag.py:2742} INFO - Sync 1 DAGs
[2023-07-21T10:03:53.700+0000] {logging_mixin.py:150} INFO - [2023-07-21T10:03:53.700+0000] {dag.py:3508} INFO - Setting next_dagrun for example_branch_dop_operator_v3 to 2023-07-21T10:02:00+00:00, run_after=2023-07-21T10:03:00+00:00
[2023-07-21T10:03:53.728+0000] {processor.py:179} INFO - Processing /home/airflow/.local/lib/python3.7/site-packages/airflow/example_dags/example_branch_python_dop_operator_3.py took 0.134 seconds
[2023-07-21T10:04:24.344+0000] {processor.py:157} INFO - Started process (PID=797) to work on /home/airflow/.local/lib/python3.7/site-packages/airflow/example_dags/example_branch_python_dop_operator_3.py
[2023-07-21T10:04:24.346+0000] {processor.py:826} INFO - Processing file /home/airflow/.local/lib/python3.7/site-packages/airflow/example_dags/example_branch_python_dop_operator_3.py for tasks to queue
[2023-07-21T10:04:24.348+0000] {logging_mixin.py:150} INFO - [2023-07-21T10:04:24.348+0000] {dagbag.py:541} INFO - Filling up the DagBag from /home/airflow/.local/lib/python3.7/site-packages/airflow/example_dags/example_branch_python_dop_operator_3.py
[2023-07-21T10:04:24.358+0000] {processor.py:836} INFO - DAG(s) dict_keys(['example_branch_dop_operator_v3']) retrieved from /home/airflow/.local/lib/python3.7/site-packages/airflow/example_dags/example_branch_python_dop_operator_3.py
[2023-07-21T10:04:24.388+0000] {logging_mixin.py:150} INFO - [2023-07-21T10:04:24.388+0000] {dag.py:2742} INFO - Sync 1 DAGs
[2023-07-21T10:04:24.420+0000] {logging_mixin.py:150} INFO - [2023-07-21T10:04:24.420+0000] {dag.py:3508} INFO - Setting next_dagrun for example_branch_dop_operator_v3 to 2023-07-21T10:03:00+00:00, run_after=2023-07-21T10:04:00+00:00
[2023-07-21T10:04:24.448+0000] {processor.py:179} INFO - Processing /home/airflow/.local/lib/python3.7/site-packages/airflow/example_dags/example_branch_python_dop_operator_3.py took 0.108 seconds
[2023-07-21T10:04:54.547+0000] {processor.py:157} INFO - Started process (PID=858) to work on /home/airflow/.local/lib/python3.7/site-packages/airflow/example_dags/example_branch_python_dop_operator_3.py
[2023-07-21T10:04:54.549+0000] {processor.py:826} INFO - Processing file /home/airflow/.local/lib/python3.7/site-packages/airflow/example_dags/example_branch_python_dop_operator_3.py for tasks to queue
[2023-07-21T10:04:54.551+0000] {logging_mixin.py:150} INFO - [2023-07-21T10:04:54.550+0000] {dagbag.py:541} INFO - Filling up the DagBag from /home/airflow/.local/lib/python3.7/site-packages/airflow/example_dags/example_branch_python_dop_operator_3.py
[2023-07-21T10:04:54.567+0000] {processor.py:836} INFO - DAG(s) dict_keys(['example_branch_dop_operator_v3']) retrieved from /home/airflow/.local/lib/python3.7/site-packages/airflow/example_dags/example_branch_python_dop_operator_3.py
[2023-07-21T10:04:54.611+0000] {logging_mixin.py:150} INFO - [2023-07-21T10:04:54.611+0000] {dag.py:2742} INFO - Sync 1 DAGs
[2023-07-21T10:04:54.652+0000] {logging_mixin.py:150} INFO - [2023-07-21T10:04:54.652+0000] {dag.py:3508} INFO - Setting next_dagrun for example_branch_dop_operator_v3 to 2023-07-21T10:03:00+00:00, run_after=2023-07-21T10:04:00+00:00
[2023-07-21T10:04:54.681+0000] {processor.py:179} INFO - Processing /home/airflow/.local/lib/python3.7/site-packages/airflow/example_dags/example_branch_python_dop_operator_3.py took 0.140 seconds
[2023-07-21T10:05:25.297+0000] {processor.py:157} INFO - Started process (PID=919) to work on /home/airflow/.local/lib/python3.7/site-packages/airflow/example_dags/example_branch_python_dop_operator_3.py
[2023-07-21T10:05:25.298+0000] {processor.py:826} INFO - Processing file /home/airflow/.local/lib/python3.7/site-packages/airflow/example_dags/example_branch_python_dop_operator_3.py for tasks to queue
[2023-07-21T10:05:25.299+0000] {logging_mixin.py:150} INFO - [2023-07-21T10:05:25.299+0000] {dagbag.py:541} INFO - Filling up the DagBag from /home/airflow/.local/lib/python3.7/site-packages/airflow/example_dags/example_branch_python_dop_operator_3.py
[2023-07-21T10:05:25.312+0000] {processor.py:836} INFO - DAG(s) dict_keys(['example_branch_dop_operator_v3']) retrieved from /home/airflow/.local/lib/python3.7/site-packages/airflow/example_dags/example_branch_python_dop_operator_3.py
[2023-07-21T10:05:25.345+0000] {logging_mixin.py:150} INFO - [2023-07-21T10:05:25.344+0000] {dag.py:2742} INFO - Sync 1 DAGs
[2023-07-21T10:05:25.388+0000] {logging_mixin.py:150} INFO - [2023-07-21T10:05:25.388+0000] {dag.py:3508} INFO - Setting next_dagrun for example_branch_dop_operator_v3 to 2023-07-21T10:04:00+00:00, run_after=2023-07-21T10:05:00+00:00
[2023-07-21T10:05:25.414+0000] {processor.py:179} INFO - Processing /home/airflow/.local/lib/python3.7/site-packages/airflow/example_dags/example_branch_python_dop_operator_3.py took 0.124 seconds
[2023-07-21T10:05:55.938+0000] {processor.py:157} INFO - Started process (PID=980) to work on /home/airflow/.local/lib/python3.7/site-packages/airflow/example_dags/example_branch_python_dop_operator_3.py
[2023-07-21T10:05:55.939+0000] {processor.py:826} INFO - Processing file /home/airflow/.local/lib/python3.7/site-packages/airflow/example_dags/example_branch_python_dop_operator_3.py for tasks to queue
[2023-07-21T10:05:55.941+0000] {logging_mixin.py:150} INFO - [2023-07-21T10:05:55.940+0000] {dagbag.py:541} INFO - Filling up the DagBag from /home/airflow/.local/lib/python3.7/site-packages/airflow/example_dags/example_branch_python_dop_operator_3.py
[2023-07-21T10:05:55.955+0000] {processor.py:836} INFO - DAG(s) dict_keys(['example_branch_dop_operator_v3']) retrieved from /home/airflow/.local/lib/python3.7/site-packages/airflow/example_dags/example_branch_python_dop_operator_3.py
[2023-07-21T10:05:55.987+0000] {logging_mixin.py:150} INFO - [2023-07-21T10:05:55.987+0000] {dag.py:2742} INFO - Sync 1 DAGs
[2023-07-21T10:05:56.026+0000] {logging_mixin.py:150} INFO - [2023-07-21T10:05:56.026+0000] {dag.py:3508} INFO - Setting next_dagrun for example_branch_dop_operator_v3 to 2023-07-21T10:04:00+00:00, run_after=2023-07-21T10:05:00+00:00
[2023-07-21T10:05:56.056+0000] {processor.py:179} INFO - Processing /home/airflow/.local/lib/python3.7/site-packages/airflow/example_dags/example_branch_python_dop_operator_3.py took 0.122 seconds
[2023-07-21T10:06:26.098+0000] {processor.py:157} INFO - Started process (PID=1040) to work on /home/airflow/.local/lib/python3.7/site-packages/airflow/example_dags/example_branch_python_dop_operator_3.py
[2023-07-21T10:06:26.099+0000] {processor.py:826} INFO - Processing file /home/airflow/.local/lib/python3.7/site-packages/airflow/example_dags/example_branch_python_dop_operator_3.py for tasks to queue
[2023-07-21T10:06:26.101+0000] {logging_mixin.py:150} INFO - [2023-07-21T10:06:26.100+0000] {dagbag.py:541} INFO - Filling up the DagBag from /home/airflow/.local/lib/python3.7/site-packages/airflow/example_dags/example_branch_python_dop_operator_3.py
[2023-07-21T10:06:26.110+0000] {processor.py:836} INFO - DAG(s) dict_keys(['example_branch_dop_operator_v3']) retrieved from /home/airflow/.local/lib/python3.7/site-packages/airflow/example_dags/example_branch_python_dop_operator_3.py
[2023-07-21T10:06:26.146+0000] {logging_mixin.py:150} INFO - [2023-07-21T10:06:26.146+0000] {dag.py:2742} INFO - Sync 1 DAGs
[2023-07-21T10:06:26.182+0000] {logging_mixin.py:150} INFO - [2023-07-21T10:06:26.182+0000] {dag.py:3508} INFO - Setting next_dagrun for example_branch_dop_operator_v3 to 2023-07-21T10:05:00+00:00, run_after=2023-07-21T10:06:00+00:00
[2023-07-21T10:06:26.210+0000] {processor.py:179} INFO - Processing /home/airflow/.local/lib/python3.7/site-packages/airflow/example_dags/example_branch_python_dop_operator_3.py took 0.116 seconds
[2023-07-21T10:06:56.298+0000] {processor.py:157} INFO - Started process (PID=1101) to work on /home/airflow/.local/lib/python3.7/site-packages/airflow/example_dags/example_branch_python_dop_operator_3.py
[2023-07-21T10:06:56.300+0000] {processor.py:826} INFO - Processing file /home/airflow/.local/lib/python3.7/site-packages/airflow/example_dags/example_branch_python_dop_operator_3.py for tasks to queue
[2023-07-21T10:06:56.301+0000] {logging_mixin.py:150} INFO - [2023-07-21T10:06:56.301+0000] {dagbag.py:541} INFO - Filling up the DagBag from /home/airflow/.local/lib/python3.7/site-packages/airflow/example_dags/example_branch_python_dop_operator_3.py
[2023-07-21T10:06:56.312+0000] {processor.py:836} INFO - DAG(s) dict_keys(['example_branch_dop_operator_v3']) retrieved from /home/airflow/.local/lib/python3.7/site-packages/airflow/example_dags/example_branch_python_dop_operator_3.py
[2023-07-21T10:06:56.347+0000] {logging_mixin.py:150} INFO - [2023-07-21T10:06:56.347+0000] {dag.py:2742} INFO - Sync 1 DAGs
[2023-07-21T10:06:56.384+0000] {logging_mixin.py:150} INFO - [2023-07-21T10:06:56.383+0000] {dag.py:3508} INFO - Setting next_dagrun for example_branch_dop_operator_v3 to 2023-07-21T10:05:00+00:00, run_after=2023-07-21T10:06:00+00:00
[2023-07-21T10:06:56.424+0000] {processor.py:179} INFO - Processing /home/airflow/.local/lib/python3.7/site-packages/airflow/example_dags/example_branch_python_dop_operator_3.py took 0.131 seconds
[2023-07-21T10:07:26.660+0000] {processor.py:157} INFO - Started process (PID=1169) to work on /home/airflow/.local/lib/python3.7/site-packages/airflow/example_dags/example_branch_python_dop_operator_3.py
[2023-07-21T10:07:26.662+0000] {processor.py:826} INFO - Processing file /home/airflow/.local/lib/python3.7/site-packages/airflow/example_dags/example_branch_python_dop_operator_3.py for tasks to queue
[2023-07-21T10:07:26.664+0000] {logging_mixin.py:150} INFO - [2023-07-21T10:07:26.664+0000] {dagbag.py:541} INFO - Filling up the DagBag from /home/airflow/.local/lib/python3.7/site-packages/airflow/example_dags/example_branch_python_dop_operator_3.py
[2023-07-21T10:07:26.680+0000] {processor.py:836} INFO - DAG(s) dict_keys(['example_branch_dop_operator_v3']) retrieved from /home/airflow/.local/lib/python3.7/site-packages/airflow/example_dags/example_branch_python_dop_operator_3.py
[2023-07-21T10:07:26.718+0000] {logging_mixin.py:150} INFO - [2023-07-21T10:07:26.718+0000] {dag.py:2742} INFO - Sync 1 DAGs
[2023-07-21T10:07:26.769+0000] {logging_mixin.py:150} INFO - [2023-07-21T10:07:26.768+0000] {dag.py:3508} INFO - Setting next_dagrun for example_branch_dop_operator_v3 to 2023-07-21T10:06:00+00:00, run_after=2023-07-21T10:07:00+00:00
[2023-07-21T10:07:26.808+0000] {processor.py:179} INFO - Processing /home/airflow/.local/lib/python3.7/site-packages/airflow/example_dags/example_branch_python_dop_operator_3.py took 0.152 seconds
[2023-07-21T10:07:57.272+0000] {processor.py:157} INFO - Started process (PID=1231) to work on /home/airflow/.local/lib/python3.7/site-packages/airflow/example_dags/example_branch_python_dop_operator_3.py
[2023-07-21T10:07:57.274+0000] {processor.py:826} INFO - Processing file /home/airflow/.local/lib/python3.7/site-packages/airflow/example_dags/example_branch_python_dop_operator_3.py for tasks to queue
[2023-07-21T10:07:57.275+0000] {logging_mixin.py:150} INFO - [2023-07-21T10:07:57.275+0000] {dagbag.py:541} INFO - Filling up the DagBag from /home/airflow/.local/lib/python3.7/site-packages/airflow/example_dags/example_branch_python_dop_operator_3.py
[2023-07-21T10:07:57.284+0000] {processor.py:836} INFO - DAG(s) dict_keys(['example_branch_dop_operator_v3']) retrieved from /home/airflow/.local/lib/python3.7/site-packages/airflow/example_dags/example_branch_python_dop_operator_3.py
[2023-07-21T10:07:57.315+0000] {logging_mixin.py:150} INFO - [2023-07-21T10:07:57.314+0000] {dag.py:2742} INFO - Sync 1 DAGs
[2023-07-21T10:07:57.354+0000] {logging_mixin.py:150} INFO - [2023-07-21T10:07:57.353+0000] {dag.py:3508} INFO - Setting next_dagrun for example_branch_dop_operator_v3 to 2023-07-21T10:06:00+00:00, run_after=2023-07-21T10:07:00+00:00
[2023-07-21T10:07:57.380+0000] {processor.py:179} INFO - Processing /home/airflow/.local/lib/python3.7/site-packages/airflow/example_dags/example_branch_python_dop_operator_3.py took 0.111 seconds
[2023-07-21T10:08:30.548+0000] {processor.py:157} INFO - Started process (PID=1293) to work on /home/airflow/.local/lib/python3.7/site-packages/airflow/example_dags/example_branch_python_dop_operator_3.py
[2023-07-21T10:08:30.551+0000] {processor.py:826} INFO - Processing file /home/airflow/.local/lib/python3.7/site-packages/airflow/example_dags/example_branch_python_dop_operator_3.py for tasks to queue
[2023-07-21T10:08:30.554+0000] {logging_mixin.py:150} INFO - [2023-07-21T10:08:30.553+0000] {dagbag.py:541} INFO - Filling up the DagBag from /home/airflow/.local/lib/python3.7/site-packages/airflow/example_dags/example_branch_python_dop_operator_3.py
[2023-07-21T10:08:30.580+0000] {processor.py:836} INFO - DAG(s) dict_keys(['example_branch_dop_operator_v3']) retrieved from /home/airflow/.local/lib/python3.7/site-packages/airflow/example_dags/example_branch_python_dop_operator_3.py
[2023-07-21T10:08:30.661+0000] {logging_mixin.py:150} INFO - [2023-07-21T10:08:30.660+0000] {dag.py:2742} INFO - Sync 1 DAGs
[2023-07-21T10:08:30.797+0000] {logging_mixin.py:150} INFO - [2023-07-21T10:08:30.796+0000] {dag.py:3508} INFO - Setting next_dagrun for example_branch_dop_operator_v3 to 2023-07-21T10:07:00+00:00, run_after=2023-07-21T10:08:00+00:00
[2023-07-21T10:08:30.864+0000] {processor.py:179} INFO - Processing /home/airflow/.local/lib/python3.7/site-packages/airflow/example_dags/example_branch_python_dop_operator_3.py took 0.326 seconds
[2023-07-21T10:09:01.225+0000] {processor.py:157} INFO - Started process (PID=1354) to work on /home/airflow/.local/lib/python3.7/site-packages/airflow/example_dags/example_branch_python_dop_operator_3.py
[2023-07-21T10:09:01.227+0000] {processor.py:826} INFO - Processing file /home/airflow/.local/lib/python3.7/site-packages/airflow/example_dags/example_branch_python_dop_operator_3.py for tasks to queue
[2023-07-21T10:09:01.228+0000] {logging_mixin.py:150} INFO - [2023-07-21T10:09:01.227+0000] {dagbag.py:541} INFO - Filling up the DagBag from /home/airflow/.local/lib/python3.7/site-packages/airflow/example_dags/example_branch_python_dop_operator_3.py
[2023-07-21T10:09:01.238+0000] {processor.py:836} INFO - DAG(s) dict_keys(['example_branch_dop_operator_v3']) retrieved from /home/airflow/.local/lib/python3.7/site-packages/airflow/example_dags/example_branch_python_dop_operator_3.py
[2023-07-21T10:09:01.268+0000] {logging_mixin.py:150} INFO - [2023-07-21T10:09:01.268+0000] {dag.py:2742} INFO - Sync 1 DAGs
[2023-07-21T10:09:01.299+0000] {logging_mixin.py:150} INFO - [2023-07-21T10:09:01.299+0000] {dag.py:3508} INFO - Setting next_dagrun for example_branch_dop_operator_v3 to 2023-07-21T10:08:00+00:00, run_after=2023-07-21T10:09:00+00:00
[2023-07-21T10:09:01.323+0000] {processor.py:179} INFO - Processing /home/airflow/.local/lib/python3.7/site-packages/airflow/example_dags/example_branch_python_dop_operator_3.py took 0.104 seconds
[2023-07-21T10:09:31.515+0000] {processor.py:157} INFO - Started process (PID=1415) to work on /home/airflow/.local/lib/python3.7/site-packages/airflow/example_dags/example_branch_python_dop_operator_3.py
[2023-07-21T10:09:31.516+0000] {processor.py:826} INFO - Processing file /home/airflow/.local/lib/python3.7/site-packages/airflow/example_dags/example_branch_python_dop_operator_3.py for tasks to queue
[2023-07-21T10:09:31.517+0000] {logging_mixin.py:150} INFO - [2023-07-21T10:09:31.517+0000] {dagbag.py:541} INFO - Filling up the DagBag from /home/airflow/.local/lib/python3.7/site-packages/airflow/example_dags/example_branch_python_dop_operator_3.py
[2023-07-21T10:09:31.526+0000] {processor.py:836} INFO - DAG(s) dict_keys(['example_branch_dop_operator_v3']) retrieved from /home/airflow/.local/lib/python3.7/site-packages/airflow/example_dags/example_branch_python_dop_operator_3.py
[2023-07-21T10:09:31.552+0000] {logging_mixin.py:150} INFO - [2023-07-21T10:09:31.552+0000] {dag.py:2742} INFO - Sync 1 DAGs
[2023-07-21T10:09:31.584+0000] {logging_mixin.py:150} INFO - [2023-07-21T10:09:31.583+0000] {dag.py:3508} INFO - Setting next_dagrun for example_branch_dop_operator_v3 to 2023-07-21T10:08:00+00:00, run_after=2023-07-21T10:09:00+00:00
[2023-07-21T10:09:31.606+0000] {processor.py:179} INFO - Processing /home/airflow/.local/lib/python3.7/site-packages/airflow/example_dags/example_branch_python_dop_operator_3.py took 0.095 seconds
[2023-07-21T10:10:01.889+0000] {processor.py:157} INFO - Started process (PID=1476) to work on /home/airflow/.local/lib/python3.7/site-packages/airflow/example_dags/example_branch_python_dop_operator_3.py
[2023-07-21T10:10:01.891+0000] {processor.py:826} INFO - Processing file /home/airflow/.local/lib/python3.7/site-packages/airflow/example_dags/example_branch_python_dop_operator_3.py for tasks to queue
[2023-07-21T10:10:01.892+0000] {logging_mixin.py:150} INFO - [2023-07-21T10:10:01.892+0000] {dagbag.py:541} INFO - Filling up the DagBag from /home/airflow/.local/lib/python3.7/site-packages/airflow/example_dags/example_branch_python_dop_operator_3.py
[2023-07-21T10:10:01.903+0000] {processor.py:836} INFO - DAG(s) dict_keys(['example_branch_dop_operator_v3']) retrieved from /home/airflow/.local/lib/python3.7/site-packages/airflow/example_dags/example_branch_python_dop_operator_3.py
[2023-07-21T10:10:01.936+0000] {logging_mixin.py:150} INFO - [2023-07-21T10:10:01.936+0000] {dag.py:2742} INFO - Sync 1 DAGs
[2023-07-21T10:10:01.964+0000] {logging_mixin.py:150} INFO - [2023-07-21T10:10:01.963+0000] {dag.py:3508} INFO - Setting next_dagrun for example_branch_dop_operator_v3 to 2023-07-21T10:09:00+00:00, run_after=2023-07-21T10:10:00+00:00
[2023-07-21T10:10:01.984+0000] {processor.py:179} INFO - Processing /home/airflow/.local/lib/python3.7/site-packages/airflow/example_dags/example_branch_python_dop_operator_3.py took 0.098 seconds
[2023-07-21T10:10:32.192+0000] {processor.py:157} INFO - Started process (PID=1537) to work on /home/airflow/.local/lib/python3.7/site-packages/airflow/example_dags/example_branch_python_dop_operator_3.py
[2023-07-21T10:10:32.193+0000] {processor.py:826} INFO - Processing file /home/airflow/.local/lib/python3.7/site-packages/airflow/example_dags/example_branch_python_dop_operator_3.py for tasks to queue
[2023-07-21T10:10:32.194+0000] {logging_mixin.py:150} INFO - [2023-07-21T10:10:32.194+0000] {dagbag.py:541} INFO - Filling up the DagBag from /home/airflow/.local/lib/python3.7/site-packages/airflow/example_dags/example_branch_python_dop_operator_3.py
[2023-07-21T10:10:32.203+0000] {processor.py:836} INFO - DAG(s) dict_keys(['example_branch_dop_operator_v3']) retrieved from /home/airflow/.local/lib/python3.7/site-packages/airflow/example_dags/example_branch_python_dop_operator_3.py
[2023-07-21T10:10:32.231+0000] {logging_mixin.py:150} INFO - [2023-07-21T10:10:32.231+0000] {dag.py:2742} INFO - Sync 1 DAGs
[2023-07-21T10:10:32.260+0000] {logging_mixin.py:150} INFO - [2023-07-21T10:10:32.260+0000] {dag.py:3508} INFO - Setting next_dagrun for example_branch_dop_operator_v3 to 2023-07-21T10:09:00+00:00, run_after=2023-07-21T10:10:00+00:00
[2023-07-21T10:10:32.284+0000] {processor.py:179} INFO - Processing /home/airflow/.local/lib/python3.7/site-packages/airflow/example_dags/example_branch_python_dop_operator_3.py took 0.095 seconds
[2023-07-21T10:11:03.225+0000] {processor.py:157} INFO - Started process (PID=1598) to work on /home/airflow/.local/lib/python3.7/site-packages/airflow/example_dags/example_branch_python_dop_operator_3.py
[2023-07-21T10:11:03.227+0000] {processor.py:826} INFO - Processing file /home/airflow/.local/lib/python3.7/site-packages/airflow/example_dags/example_branch_python_dop_operator_3.py for tasks to queue
[2023-07-21T10:11:03.230+0000] {logging_mixin.py:150} INFO - [2023-07-21T10:11:03.229+0000] {dagbag.py:541} INFO - Filling up the DagBag from /home/airflow/.local/lib/python3.7/site-packages/airflow/example_dags/example_branch_python_dop_operator_3.py
[2023-07-21T10:11:03.242+0000] {processor.py:836} INFO - DAG(s) dict_keys(['example_branch_dop_operator_v3']) retrieved from /home/airflow/.local/lib/python3.7/site-packages/airflow/example_dags/example_branch_python_dop_operator_3.py
[2023-07-21T10:11:03.273+0000] {logging_mixin.py:150} INFO - [2023-07-21T10:11:03.273+0000] {dag.py:2742} INFO - Sync 1 DAGs
[2023-07-21T10:11:03.315+0000] {logging_mixin.py:150} INFO - [2023-07-21T10:11:03.315+0000] {dag.py:3508} INFO - Setting next_dagrun for example_branch_dop_operator_v3 to 2023-07-21T10:10:00+00:00, run_after=2023-07-21T10:11:00+00:00
[2023-07-21T10:11:03.346+0000] {processor.py:179} INFO - Processing /home/airflow/.local/lib/python3.7/site-packages/airflow/example_dags/example_branch_python_dop_operator_3.py took 0.124 seconds
[2023-07-21T10:11:34.153+0000] {processor.py:157} INFO - Started process (PID=1659) to work on /home/airflow/.local/lib/python3.7/site-packages/airflow/example_dags/example_branch_python_dop_operator_3.py
[2023-07-21T10:11:34.155+0000] {processor.py:826} INFO - Processing file /home/airflow/.local/lib/python3.7/site-packages/airflow/example_dags/example_branch_python_dop_operator_3.py for tasks to queue
[2023-07-21T10:11:34.156+0000] {logging_mixin.py:150} INFO - [2023-07-21T10:11:34.156+0000] {dagbag.py:541} INFO - Filling up the DagBag from /home/airflow/.local/lib/python3.7/site-packages/airflow/example_dags/example_branch_python_dop_operator_3.py
[2023-07-21T10:11:34.168+0000] {processor.py:836} INFO - DAG(s) dict_keys(['example_branch_dop_operator_v3']) retrieved from /home/airflow/.local/lib/python3.7/site-packages/airflow/example_dags/example_branch_python_dop_operator_3.py
[2023-07-21T10:11:34.195+0000] {logging_mixin.py:150} INFO - [2023-07-21T10:11:34.195+0000] {dag.py:2742} INFO - Sync 1 DAGs
[2023-07-21T10:11:34.223+0000] {logging_mixin.py:150} INFO - [2023-07-21T10:11:34.223+0000] {dag.py:3508} INFO - Setting next_dagrun for example_branch_dop_operator_v3 to 2023-07-21T10:10:00+00:00, run_after=2023-07-21T10:11:00+00:00
[2023-07-21T10:11:34.249+0000] {processor.py:179} INFO - Processing /home/airflow/.local/lib/python3.7/site-packages/airflow/example_dags/example_branch_python_dop_operator_3.py took 0.100 seconds
[2023-07-21T10:12:04.634+0000] {processor.py:157} INFO - Started process (PID=1720) to work on /home/airflow/.local/lib/python3.7/site-packages/airflow/example_dags/example_branch_python_dop_operator_3.py
[2023-07-21T10:12:04.635+0000] {processor.py:826} INFO - Processing file /home/airflow/.local/lib/python3.7/site-packages/airflow/example_dags/example_branch_python_dop_operator_3.py for tasks to queue
[2023-07-21T10:12:04.636+0000] {logging_mixin.py:150} INFO - [2023-07-21T10:12:04.636+0000] {dagbag.py:541} INFO - Filling up the DagBag from /home/airflow/.local/lib/python3.7/site-packages/airflow/example_dags/example_branch_python_dop_operator_3.py
[2023-07-21T10:12:04.653+0000] {processor.py:836} INFO - DAG(s) dict_keys(['example_branch_dop_operator_v3']) retrieved from /home/airflow/.local/lib/python3.7/site-packages/airflow/example_dags/example_branch_python_dop_operator_3.py
[2023-07-21T10:12:04.682+0000] {logging_mixin.py:150} INFO - [2023-07-21T10:12:04.681+0000] {dag.py:2742} INFO - Sync 1 DAGs
[2023-07-21T10:12:04.710+0000] {logging_mixin.py:150} INFO - [2023-07-21T10:12:04.710+0000] {dag.py:3508} INFO - Setting next_dagrun for example_branch_dop_operator_v3 to 2023-07-21T10:11:00+00:00, run_after=2023-07-21T10:12:00+00:00
[2023-07-21T10:12:04.733+0000] {processor.py:179} INFO - Processing /home/airflow/.local/lib/python3.7/site-packages/airflow/example_dags/example_branch_python_dop_operator_3.py took 0.103 seconds
[2023-07-21T10:12:35.507+0000] {processor.py:157} INFO - Started process (PID=1781) to work on /home/airflow/.local/lib/python3.7/site-packages/airflow/example_dags/example_branch_python_dop_operator_3.py
[2023-07-21T10:12:35.509+0000] {processor.py:826} INFO - Processing file /home/airflow/.local/lib/python3.7/site-packages/airflow/example_dags/example_branch_python_dop_operator_3.py for tasks to queue
[2023-07-21T10:12:35.511+0000] {logging_mixin.py:150} INFO - [2023-07-21T10:12:35.510+0000] {dagbag.py:541} INFO - Filling up the DagBag from /home/airflow/.local/lib/python3.7/site-packages/airflow/example_dags/example_branch_python_dop_operator_3.py
[2023-07-21T10:12:35.521+0000] {processor.py:836} INFO - DAG(s) dict_keys(['example_branch_dop_operator_v3']) retrieved from /home/airflow/.local/lib/python3.7/site-packages/airflow/example_dags/example_branch_python_dop_operator_3.py
[2023-07-21T10:12:35.561+0000] {logging_mixin.py:150} INFO - [2023-07-21T10:12:35.560+0000] {dag.py:2742} INFO - Sync 1 DAGs
[2023-07-21T10:12:35.598+0000] {logging_mixin.py:150} INFO - [2023-07-21T10:12:35.598+0000] {dag.py:3508} INFO - Setting next_dagrun for example_branch_dop_operator_v3 to 2023-07-21T10:11:00+00:00, run_after=2023-07-21T10:12:00+00:00
[2023-07-21T10:12:35.634+0000] {processor.py:179} INFO - Processing /home/airflow/.local/lib/python3.7/site-packages/airflow/example_dags/example_branch_python_dop_operator_3.py took 0.130 seconds
[2023-07-21T10:13:05.778+0000] {processor.py:157} INFO - Started process (PID=1842) to work on /home/airflow/.local/lib/python3.7/site-packages/airflow/example_dags/example_branch_python_dop_operator_3.py
[2023-07-21T10:13:05.780+0000] {processor.py:826} INFO - Processing file /home/airflow/.local/lib/python3.7/site-packages/airflow/example_dags/example_branch_python_dop_operator_3.py for tasks to queue
[2023-07-21T10:13:05.781+0000] {logging_mixin.py:150} INFO - [2023-07-21T10:13:05.781+0000] {dagbag.py:541} INFO - Filling up the DagBag from /home/airflow/.local/lib/python3.7/site-packages/airflow/example_dags/example_branch_python_dop_operator_3.py
[2023-07-21T10:13:05.790+0000] {processor.py:836} INFO - DAG(s) dict_keys(['example_branch_dop_operator_v3']) retrieved from /home/airflow/.local/lib/python3.7/site-packages/airflow/example_dags/example_branch_python_dop_operator_3.py
[2023-07-21T10:13:05.823+0000] {logging_mixin.py:150} INFO - [2023-07-21T10:13:05.823+0000] {dag.py:2742} INFO - Sync 1 DAGs
[2023-07-21T10:13:05.864+0000] {logging_mixin.py:150} INFO - [2023-07-21T10:13:05.864+0000] {dag.py:3508} INFO - Setting next_dagrun for example_branch_dop_operator_v3 to 2023-07-21T10:12:00+00:00, run_after=2023-07-21T10:13:00+00:00
[2023-07-21T10:13:05.889+0000] {processor.py:179} INFO - Processing /home/airflow/.local/lib/python3.7/site-packages/airflow/example_dags/example_branch_python_dop_operator_3.py took 0.115 seconds
[2023-07-21T10:13:36.092+0000] {processor.py:157} INFO - Started process (PID=1903) to work on /home/airflow/.local/lib/python3.7/site-packages/airflow/example_dags/example_branch_python_dop_operator_3.py
[2023-07-21T10:13:36.094+0000] {processor.py:826} INFO - Processing file /home/airflow/.local/lib/python3.7/site-packages/airflow/example_dags/example_branch_python_dop_operator_3.py for tasks to queue
[2023-07-21T10:13:36.097+0000] {logging_mixin.py:150} INFO - [2023-07-21T10:13:36.096+0000] {dagbag.py:541} INFO - Filling up the DagBag from /home/airflow/.local/lib/python3.7/site-packages/airflow/example_dags/example_branch_python_dop_operator_3.py
[2023-07-21T10:13:36.108+0000] {processor.py:836} INFO - DAG(s) dict_keys(['example_branch_dop_operator_v3']) retrieved from /home/airflow/.local/lib/python3.7/site-packages/airflow/example_dags/example_branch_python_dop_operator_3.py
[2023-07-21T10:13:36.154+0000] {logging_mixin.py:150} INFO - [2023-07-21T10:13:36.154+0000] {dag.py:2742} INFO - Sync 1 DAGs
[2023-07-21T10:13:36.202+0000] {logging_mixin.py:150} INFO - [2023-07-21T10:13:36.202+0000] {dag.py:3508} INFO - Setting next_dagrun for example_branch_dop_operator_v3 to 2023-07-21T10:12:00+00:00, run_after=2023-07-21T10:13:00+00:00
[2023-07-21T10:13:36.249+0000] {processor.py:179} INFO - Processing /home/airflow/.local/lib/python3.7/site-packages/airflow/example_dags/example_branch_python_dop_operator_3.py took 0.162 seconds
[2023-07-21T10:14:06.960+0000] {processor.py:157} INFO - Started process (PID=1964) to work on /home/airflow/.local/lib/python3.7/site-packages/airflow/example_dags/example_branch_python_dop_operator_3.py
[2023-07-21T10:14:06.961+0000] {processor.py:826} INFO - Processing file /home/airflow/.local/lib/python3.7/site-packages/airflow/example_dags/example_branch_python_dop_operator_3.py for tasks to queue
[2023-07-21T10:14:06.963+0000] {logging_mixin.py:150} INFO - [2023-07-21T10:14:06.962+0000] {dagbag.py:541} INFO - Filling up the DagBag from /home/airflow/.local/lib/python3.7/site-packages/airflow/example_dags/example_branch_python_dop_operator_3.py
[2023-07-21T10:14:06.974+0000] {processor.py:836} INFO - DAG(s) dict_keys(['example_branch_dop_operator_v3']) retrieved from /home/airflow/.local/lib/python3.7/site-packages/airflow/example_dags/example_branch_python_dop_operator_3.py
[2023-07-21T10:14:07.007+0000] {logging_mixin.py:150} INFO - [2023-07-21T10:14:07.006+0000] {dag.py:2742} INFO - Sync 1 DAGs
[2023-07-21T10:14:07.050+0000] {logging_mixin.py:150} INFO - [2023-07-21T10:14:07.050+0000] {dag.py:3508} INFO - Setting next_dagrun for example_branch_dop_operator_v3 to 2023-07-21T10:13:00+00:00, run_after=2023-07-21T10:14:00+00:00
[2023-07-21T10:14:07.085+0000] {processor.py:179} INFO - Processing /home/airflow/.local/lib/python3.7/site-packages/airflow/example_dags/example_branch_python_dop_operator_3.py took 0.130 seconds
[2023-07-21T10:14:37.149+0000] {processor.py:157} INFO - Started process (PID=2025) to work on /home/airflow/.local/lib/python3.7/site-packages/airflow/example_dags/example_branch_python_dop_operator_3.py
[2023-07-21T10:14:37.151+0000] {processor.py:826} INFO - Processing file /home/airflow/.local/lib/python3.7/site-packages/airflow/example_dags/example_branch_python_dop_operator_3.py for tasks to queue
[2023-07-21T10:14:37.152+0000] {logging_mixin.py:150} INFO - [2023-07-21T10:14:37.152+0000] {dagbag.py:541} INFO - Filling up the DagBag from /home/airflow/.local/lib/python3.7/site-packages/airflow/example_dags/example_branch_python_dop_operator_3.py
[2023-07-21T10:14:37.161+0000] {processor.py:836} INFO - DAG(s) dict_keys(['example_branch_dop_operator_v3']) retrieved from /home/airflow/.local/lib/python3.7/site-packages/airflow/example_dags/example_branch_python_dop_operator_3.py
[2023-07-21T10:14:37.192+0000] {logging_mixin.py:150} INFO - [2023-07-21T10:14:37.192+0000] {dag.py:2742} INFO - Sync 1 DAGs
[2023-07-21T10:14:37.227+0000] {logging_mixin.py:150} INFO - [2023-07-21T10:14:37.227+0000] {dag.py:3508} INFO - Setting next_dagrun for example_branch_dop_operator_v3 to 2023-07-21T10:13:00+00:00, run_after=2023-07-21T10:14:00+00:00
[2023-07-21T10:14:37.255+0000] {processor.py:179} INFO - Processing /home/airflow/.local/lib/python3.7/site-packages/airflow/example_dags/example_branch_python_dop_operator_3.py took 0.110 seconds
