[2023-07-21T09:58:12.427+0000] {processor.py:157} INFO - Started process (PID=59) to work on /home/airflow/.local/lib/python3.7/site-packages/airflow/example_dags/example_nested_branch_dag.py
[2023-07-21T09:58:12.429+0000] {processor.py:826} INFO - Processing file /home/airflow/.local/lib/python3.7/site-packages/airflow/example_dags/example_nested_branch_dag.py for tasks to queue
[2023-07-21T09:58:12.431+0000] {logging_mixin.py:150} INFO - [2023-07-21T09:58:12.430+0000] {dagbag.py:541} INFO - Filling up the DagBag from /home/airflow/.local/lib/python3.7/site-packages/airflow/example_dags/example_nested_branch_dag.py
[2023-07-21T09:58:12.451+0000] {processor.py:836} INFO - DAG(s) dict_keys(['example_nested_branch_dag']) retrieved from /home/airflow/.local/lib/python3.7/site-packages/airflow/example_dags/example_nested_branch_dag.py
[2023-07-21T09:58:12.646+0000] {logging_mixin.py:150} INFO - [2023-07-21T09:58:12.646+0000] {dag.py:2742} INFO - Sync 1 DAGs
[2023-07-21T09:58:12.682+0000] {logging_mixin.py:150} INFO - [2023-07-21T09:58:12.682+0000] {dag.py:3508} INFO - Setting next_dagrun for example_nested_branch_dag to 2023-07-20T00:00:00+00:00, run_after=2023-07-21T00:00:00+00:00
[2023-07-21T09:58:12.710+0000] {processor.py:179} INFO - Processing /home/airflow/.local/lib/python3.7/site-packages/airflow/example_dags/example_nested_branch_dag.py took 0.287 seconds
[2023-07-21T09:58:42.994+0000] {processor.py:157} INFO - Started process (PID=120) to work on /home/airflow/.local/lib/python3.7/site-packages/airflow/example_dags/example_nested_branch_dag.py
[2023-07-21T09:58:42.996+0000] {processor.py:826} INFO - Processing file /home/airflow/.local/lib/python3.7/site-packages/airflow/example_dags/example_nested_branch_dag.py for tasks to queue
[2023-07-21T09:58:42.999+0000] {logging_mixin.py:150} INFO - [2023-07-21T09:58:42.998+0000] {dagbag.py:541} INFO - Filling up the DagBag from /home/airflow/.local/lib/python3.7/site-packages/airflow/example_dags/example_nested_branch_dag.py
[2023-07-21T09:58:43.022+0000] {processor.py:836} INFO - DAG(s) dict_keys(['example_nested_branch_dag']) retrieved from /home/airflow/.local/lib/python3.7/site-packages/airflow/example_dags/example_nested_branch_dag.py
[2023-07-21T09:58:43.048+0000] {logging_mixin.py:150} INFO - [2023-07-21T09:58:43.047+0000] {dag.py:2742} INFO - Sync 1 DAGs
[2023-07-21T09:58:43.124+0000] {logging_mixin.py:150} INFO - [2023-07-21T09:58:43.124+0000] {dag.py:3508} INFO - Setting next_dagrun for example_nested_branch_dag to 2023-07-20T00:00:00+00:00, run_after=2023-07-21T00:00:00+00:00
[2023-07-21T09:58:43.172+0000] {processor.py:179} INFO - Processing /home/airflow/.local/lib/python3.7/site-packages/airflow/example_dags/example_nested_branch_dag.py took 0.186 seconds
[2023-07-21T09:59:14.280+0000] {processor.py:157} INFO - Started process (PID=181) to work on /home/airflow/.local/lib/python3.7/site-packages/airflow/example_dags/example_nested_branch_dag.py
[2023-07-21T09:59:14.283+0000] {processor.py:826} INFO - Processing file /home/airflow/.local/lib/python3.7/site-packages/airflow/example_dags/example_nested_branch_dag.py for tasks to queue
[2023-07-21T09:59:14.286+0000] {logging_mixin.py:150} INFO - [2023-07-21T09:59:14.285+0000] {dagbag.py:541} INFO - Filling up the DagBag from /home/airflow/.local/lib/python3.7/site-packages/airflow/example_dags/example_nested_branch_dag.py
[2023-07-21T09:59:14.319+0000] {processor.py:836} INFO - DAG(s) dict_keys(['example_nested_branch_dag']) retrieved from /home/airflow/.local/lib/python3.7/site-packages/airflow/example_dags/example_nested_branch_dag.py
[2023-07-21T09:59:14.425+0000] {logging_mixin.py:150} INFO - [2023-07-21T09:59:14.424+0000] {dag.py:2742} INFO - Sync 1 DAGs
[2023-07-21T09:59:14.521+0000] {logging_mixin.py:150} INFO - [2023-07-21T09:59:14.521+0000] {dag.py:3508} INFO - Setting next_dagrun for example_nested_branch_dag to 2023-07-20T00:00:00+00:00, run_after=2023-07-21T00:00:00+00:00
[2023-07-21T09:59:14.585+0000] {processor.py:179} INFO - Processing /home/airflow/.local/lib/python3.7/site-packages/airflow/example_dags/example_nested_branch_dag.py took 0.315 seconds
[2023-07-21T09:59:45.480+0000] {processor.py:157} INFO - Started process (PID=242) to work on /home/airflow/.local/lib/python3.7/site-packages/airflow/example_dags/example_nested_branch_dag.py
[2023-07-21T09:59:45.483+0000] {processor.py:826} INFO - Processing file /home/airflow/.local/lib/python3.7/site-packages/airflow/example_dags/example_nested_branch_dag.py for tasks to queue
[2023-07-21T09:59:45.486+0000] {logging_mixin.py:150} INFO - [2023-07-21T09:59:45.485+0000] {dagbag.py:541} INFO - Filling up the DagBag from /home/airflow/.local/lib/python3.7/site-packages/airflow/example_dags/example_nested_branch_dag.py
[2023-07-21T09:59:45.502+0000] {processor.py:836} INFO - DAG(s) dict_keys(['example_nested_branch_dag']) retrieved from /home/airflow/.local/lib/python3.7/site-packages/airflow/example_dags/example_nested_branch_dag.py
[2023-07-21T09:59:45.533+0000] {logging_mixin.py:150} INFO - [2023-07-21T09:59:45.533+0000] {dag.py:2742} INFO - Sync 1 DAGs
[2023-07-21T09:59:45.565+0000] {logging_mixin.py:150} INFO - [2023-07-21T09:59:45.564+0000] {dag.py:3508} INFO - Setting next_dagrun for example_nested_branch_dag to 2023-07-20T00:00:00+00:00, run_after=2023-07-21T00:00:00+00:00
[2023-07-21T09:59:45.590+0000] {processor.py:179} INFO - Processing /home/airflow/.local/lib/python3.7/site-packages/airflow/example_dags/example_nested_branch_dag.py took 0.117 seconds
[2023-07-21T10:00:15.822+0000] {processor.py:157} INFO - Started process (PID=303) to work on /home/airflow/.local/lib/python3.7/site-packages/airflow/example_dags/example_nested_branch_dag.py
[2023-07-21T10:00:15.824+0000] {processor.py:826} INFO - Processing file /home/airflow/.local/lib/python3.7/site-packages/airflow/example_dags/example_nested_branch_dag.py for tasks to queue
[2023-07-21T10:00:15.826+0000] {logging_mixin.py:150} INFO - [2023-07-21T10:00:15.826+0000] {dagbag.py:541} INFO - Filling up the DagBag from /home/airflow/.local/lib/python3.7/site-packages/airflow/example_dags/example_nested_branch_dag.py
[2023-07-21T10:00:15.839+0000] {processor.py:836} INFO - DAG(s) dict_keys(['example_nested_branch_dag']) retrieved from /home/airflow/.local/lib/python3.7/site-packages/airflow/example_dags/example_nested_branch_dag.py
[2023-07-21T10:00:15.872+0000] {logging_mixin.py:150} INFO - [2023-07-21T10:00:15.872+0000] {dag.py:2742} INFO - Sync 1 DAGs
[2023-07-21T10:00:15.899+0000] {logging_mixin.py:150} INFO - [2023-07-21T10:00:15.899+0000] {dag.py:3508} INFO - Setting next_dagrun for example_nested_branch_dag to 2023-07-20T00:00:00+00:00, run_after=2023-07-21T00:00:00+00:00
[2023-07-21T10:00:15.923+0000] {processor.py:179} INFO - Processing /home/airflow/.local/lib/python3.7/site-packages/airflow/example_dags/example_nested_branch_dag.py took 0.104 seconds
[2023-07-21T10:00:46.558+0000] {processor.py:157} INFO - Started process (PID=364) to work on /home/airflow/.local/lib/python3.7/site-packages/airflow/example_dags/example_nested_branch_dag.py
[2023-07-21T10:00:46.561+0000] {processor.py:826} INFO - Processing file /home/airflow/.local/lib/python3.7/site-packages/airflow/example_dags/example_nested_branch_dag.py for tasks to queue
[2023-07-21T10:00:46.563+0000] {logging_mixin.py:150} INFO - [2023-07-21T10:00:46.563+0000] {dagbag.py:541} INFO - Filling up the DagBag from /home/airflow/.local/lib/python3.7/site-packages/airflow/example_dags/example_nested_branch_dag.py
[2023-07-21T10:00:46.584+0000] {processor.py:836} INFO - DAG(s) dict_keys(['example_nested_branch_dag']) retrieved from /home/airflow/.local/lib/python3.7/site-packages/airflow/example_dags/example_nested_branch_dag.py
[2023-07-21T10:00:46.634+0000] {logging_mixin.py:150} INFO - [2023-07-21T10:00:46.634+0000] {dag.py:2742} INFO - Sync 1 DAGs
[2023-07-21T10:00:46.679+0000] {logging_mixin.py:150} INFO - [2023-07-21T10:00:46.679+0000] {dag.py:3508} INFO - Setting next_dagrun for example_nested_branch_dag to 2023-07-20T00:00:00+00:00, run_after=2023-07-21T00:00:00+00:00
[2023-07-21T10:00:46.707+0000] {processor.py:179} INFO - Processing /home/airflow/.local/lib/python3.7/site-packages/airflow/example_dags/example_nested_branch_dag.py took 0.154 seconds
[2023-07-21T10:01:17.056+0000] {processor.py:157} INFO - Started process (PID=425) to work on /home/airflow/.local/lib/python3.7/site-packages/airflow/example_dags/example_nested_branch_dag.py
[2023-07-21T10:01:17.058+0000] {processor.py:826} INFO - Processing file /home/airflow/.local/lib/python3.7/site-packages/airflow/example_dags/example_nested_branch_dag.py for tasks to queue
[2023-07-21T10:01:17.060+0000] {logging_mixin.py:150} INFO - [2023-07-21T10:01:17.059+0000] {dagbag.py:541} INFO - Filling up the DagBag from /home/airflow/.local/lib/python3.7/site-packages/airflow/example_dags/example_nested_branch_dag.py
[2023-07-21T10:01:17.075+0000] {processor.py:836} INFO - DAG(s) dict_keys(['example_nested_branch_dag']) retrieved from /home/airflow/.local/lib/python3.7/site-packages/airflow/example_dags/example_nested_branch_dag.py
[2023-07-21T10:01:17.124+0000] {logging_mixin.py:150} INFO - [2023-07-21T10:01:17.124+0000] {dag.py:2742} INFO - Sync 1 DAGs
[2023-07-21T10:01:17.173+0000] {logging_mixin.py:150} INFO - [2023-07-21T10:01:17.173+0000] {dag.py:3508} INFO - Setting next_dagrun for example_nested_branch_dag to 2023-07-20T00:00:00+00:00, run_after=2023-07-21T00:00:00+00:00
[2023-07-21T10:01:17.222+0000] {processor.py:179} INFO - Processing /home/airflow/.local/lib/python3.7/site-packages/airflow/example_dags/example_nested_branch_dag.py took 0.171 seconds
[2023-07-21T10:01:48.572+0000] {processor.py:157} INFO - Started process (PID=486) to work on /home/airflow/.local/lib/python3.7/site-packages/airflow/example_dags/example_nested_branch_dag.py
[2023-07-21T10:01:48.574+0000] {processor.py:826} INFO - Processing file /home/airflow/.local/lib/python3.7/site-packages/airflow/example_dags/example_nested_branch_dag.py for tasks to queue
[2023-07-21T10:01:48.580+0000] {logging_mixin.py:150} INFO - [2023-07-21T10:01:48.576+0000] {dagbag.py:541} INFO - Filling up the DagBag from /home/airflow/.local/lib/python3.7/site-packages/airflow/example_dags/example_nested_branch_dag.py
[2023-07-21T10:01:48.613+0000] {processor.py:836} INFO - DAG(s) dict_keys(['example_nested_branch_dag']) retrieved from /home/airflow/.local/lib/python3.7/site-packages/airflow/example_dags/example_nested_branch_dag.py
[2023-07-21T10:01:48.696+0000] {logging_mixin.py:150} INFO - [2023-07-21T10:01:48.696+0000] {dag.py:2742} INFO - Sync 1 DAGs
[2023-07-21T10:01:48.819+0000] {logging_mixin.py:150} INFO - [2023-07-21T10:01:48.818+0000] {dag.py:3508} INFO - Setting next_dagrun for example_nested_branch_dag to 2023-07-20T00:00:00+00:00, run_after=2023-07-21T00:00:00+00:00
[2023-07-21T10:01:48.882+0000] {processor.py:179} INFO - Processing /home/airflow/.local/lib/python3.7/site-packages/airflow/example_dags/example_nested_branch_dag.py took 0.315 seconds
[2023-07-21T10:02:19.163+0000] {processor.py:157} INFO - Started process (PID=548) to work on /home/airflow/.local/lib/python3.7/site-packages/airflow/example_dags/example_nested_branch_dag.py
[2023-07-21T10:02:19.164+0000] {processor.py:826} INFO - Processing file /home/airflow/.local/lib/python3.7/site-packages/airflow/example_dags/example_nested_branch_dag.py for tasks to queue
[2023-07-21T10:02:19.165+0000] {logging_mixin.py:150} INFO - [2023-07-21T10:02:19.165+0000] {dagbag.py:541} INFO - Filling up the DagBag from /home/airflow/.local/lib/python3.7/site-packages/airflow/example_dags/example_nested_branch_dag.py
[2023-07-21T10:02:19.176+0000] {processor.py:836} INFO - DAG(s) dict_keys(['example_nested_branch_dag']) retrieved from /home/airflow/.local/lib/python3.7/site-packages/airflow/example_dags/example_nested_branch_dag.py
[2023-07-21T10:02:19.202+0000] {logging_mixin.py:150} INFO - [2023-07-21T10:02:19.202+0000] {dag.py:2742} INFO - Sync 1 DAGs
[2023-07-21T10:02:19.232+0000] {logging_mixin.py:150} INFO - [2023-07-21T10:02:19.232+0000] {dag.py:3508} INFO - Setting next_dagrun for example_nested_branch_dag to 2023-07-20T00:00:00+00:00, run_after=2023-07-21T00:00:00+00:00
[2023-07-21T10:02:19.259+0000] {processor.py:179} INFO - Processing /home/airflow/.local/lib/python3.7/site-packages/airflow/example_dags/example_nested_branch_dag.py took 0.100 seconds
[2023-07-21T10:02:50.404+0000] {processor.py:157} INFO - Started process (PID=609) to work on /home/airflow/.local/lib/python3.7/site-packages/airflow/example_dags/example_nested_branch_dag.py
[2023-07-21T10:02:50.406+0000] {processor.py:826} INFO - Processing file /home/airflow/.local/lib/python3.7/site-packages/airflow/example_dags/example_nested_branch_dag.py for tasks to queue
[2023-07-21T10:02:50.407+0000] {logging_mixin.py:150} INFO - [2023-07-21T10:02:50.407+0000] {dagbag.py:541} INFO - Filling up the DagBag from /home/airflow/.local/lib/python3.7/site-packages/airflow/example_dags/example_nested_branch_dag.py
[2023-07-21T10:02:50.423+0000] {processor.py:836} INFO - DAG(s) dict_keys(['example_nested_branch_dag']) retrieved from /home/airflow/.local/lib/python3.7/site-packages/airflow/example_dags/example_nested_branch_dag.py
[2023-07-21T10:02:50.439+0000] {logging_mixin.py:150} INFO - [2023-07-21T10:02:50.439+0000] {dag.py:2742} INFO - Sync 1 DAGs
[2023-07-21T10:02:50.477+0000] {logging_mixin.py:150} INFO - [2023-07-21T10:02:50.476+0000] {dag.py:3508} INFO - Setting next_dagrun for example_nested_branch_dag to 2023-07-20T00:00:00+00:00, run_after=2023-07-21T00:00:00+00:00
[2023-07-21T10:02:50.513+0000] {processor.py:179} INFO - Processing /home/airflow/.local/lib/python3.7/site-packages/airflow/example_dags/example_nested_branch_dag.py took 0.113 seconds
[2023-07-21T10:03:21.014+0000] {processor.py:157} INFO - Started process (PID=670) to work on /home/airflow/.local/lib/python3.7/site-packages/airflow/example_dags/example_nested_branch_dag.py
[2023-07-21T10:03:21.015+0000] {processor.py:826} INFO - Processing file /home/airflow/.local/lib/python3.7/site-packages/airflow/example_dags/example_nested_branch_dag.py for tasks to queue
[2023-07-21T10:03:21.016+0000] {logging_mixin.py:150} INFO - [2023-07-21T10:03:21.016+0000] {dagbag.py:541} INFO - Filling up the DagBag from /home/airflow/.local/lib/python3.7/site-packages/airflow/example_dags/example_nested_branch_dag.py
[2023-07-21T10:03:21.027+0000] {processor.py:836} INFO - DAG(s) dict_keys(['example_nested_branch_dag']) retrieved from /home/airflow/.local/lib/python3.7/site-packages/airflow/example_dags/example_nested_branch_dag.py
[2023-07-21T10:03:21.062+0000] {logging_mixin.py:150} INFO - [2023-07-21T10:03:21.062+0000] {dag.py:2742} INFO - Sync 1 DAGs
[2023-07-21T10:03:21.095+0000] {logging_mixin.py:150} INFO - [2023-07-21T10:03:21.095+0000] {dag.py:3508} INFO - Setting next_dagrun for example_nested_branch_dag to 2023-07-20T00:00:00+00:00, run_after=2023-07-21T00:00:00+00:00
[2023-07-21T10:03:21.113+0000] {processor.py:179} INFO - Processing /home/airflow/.local/lib/python3.7/site-packages/airflow/example_dags/example_nested_branch_dag.py took 0.104 seconds
[2023-07-21T10:03:51.234+0000] {processor.py:157} INFO - Started process (PID=731) to work on /home/airflow/.local/lib/python3.7/site-packages/airflow/example_dags/example_nested_branch_dag.py
[2023-07-21T10:03:51.236+0000] {processor.py:826} INFO - Processing file /home/airflow/.local/lib/python3.7/site-packages/airflow/example_dags/example_nested_branch_dag.py for tasks to queue
[2023-07-21T10:03:51.237+0000] {logging_mixin.py:150} INFO - [2023-07-21T10:03:51.237+0000] {dagbag.py:541} INFO - Filling up the DagBag from /home/airflow/.local/lib/python3.7/site-packages/airflow/example_dags/example_nested_branch_dag.py
[2023-07-21T10:03:51.248+0000] {processor.py:836} INFO - DAG(s) dict_keys(['example_nested_branch_dag']) retrieved from /home/airflow/.local/lib/python3.7/site-packages/airflow/example_dags/example_nested_branch_dag.py
[2023-07-21T10:03:51.276+0000] {logging_mixin.py:150} INFO - [2023-07-21T10:03:51.276+0000] {dag.py:2742} INFO - Sync 1 DAGs
[2023-07-21T10:03:51.327+0000] {logging_mixin.py:150} INFO - [2023-07-21T10:03:51.327+0000] {dag.py:3508} INFO - Setting next_dagrun for example_nested_branch_dag to 2023-07-20T00:00:00+00:00, run_after=2023-07-21T00:00:00+00:00
[2023-07-21T10:03:51.362+0000] {processor.py:179} INFO - Processing /home/airflow/.local/lib/python3.7/site-packages/airflow/example_dags/example_nested_branch_dag.py took 0.130 seconds
[2023-07-21T10:04:22.018+0000] {processor.py:157} INFO - Started process (PID=792) to work on /home/airflow/.local/lib/python3.7/site-packages/airflow/example_dags/example_nested_branch_dag.py
[2023-07-21T10:04:22.019+0000] {processor.py:826} INFO - Processing file /home/airflow/.local/lib/python3.7/site-packages/airflow/example_dags/example_nested_branch_dag.py for tasks to queue
[2023-07-21T10:04:22.020+0000] {logging_mixin.py:150} INFO - [2023-07-21T10:04:22.020+0000] {dagbag.py:541} INFO - Filling up the DagBag from /home/airflow/.local/lib/python3.7/site-packages/airflow/example_dags/example_nested_branch_dag.py
[2023-07-21T10:04:22.033+0000] {processor.py:836} INFO - DAG(s) dict_keys(['example_nested_branch_dag']) retrieved from /home/airflow/.local/lib/python3.7/site-packages/airflow/example_dags/example_nested_branch_dag.py
[2023-07-21T10:04:22.062+0000] {logging_mixin.py:150} INFO - [2023-07-21T10:04:22.062+0000] {dag.py:2742} INFO - Sync 1 DAGs
[2023-07-21T10:04:22.100+0000] {logging_mixin.py:150} INFO - [2023-07-21T10:04:22.100+0000] {dag.py:3508} INFO - Setting next_dagrun for example_nested_branch_dag to 2023-07-20T00:00:00+00:00, run_after=2023-07-21T00:00:00+00:00
[2023-07-21T10:04:22.127+0000] {processor.py:179} INFO - Processing /home/airflow/.local/lib/python3.7/site-packages/airflow/example_dags/example_nested_branch_dag.py took 0.113 seconds
[2023-07-21T10:04:52.201+0000] {processor.py:157} INFO - Started process (PID=853) to work on /home/airflow/.local/lib/python3.7/site-packages/airflow/example_dags/example_nested_branch_dag.py
[2023-07-21T10:04:52.203+0000] {processor.py:826} INFO - Processing file /home/airflow/.local/lib/python3.7/site-packages/airflow/example_dags/example_nested_branch_dag.py for tasks to queue
[2023-07-21T10:04:52.205+0000] {logging_mixin.py:150} INFO - [2023-07-21T10:04:52.204+0000] {dagbag.py:541} INFO - Filling up the DagBag from /home/airflow/.local/lib/python3.7/site-packages/airflow/example_dags/example_nested_branch_dag.py
[2023-07-21T10:04:52.220+0000] {processor.py:836} INFO - DAG(s) dict_keys(['example_nested_branch_dag']) retrieved from /home/airflow/.local/lib/python3.7/site-packages/airflow/example_dags/example_nested_branch_dag.py
[2023-07-21T10:04:52.252+0000] {logging_mixin.py:150} INFO - [2023-07-21T10:04:52.252+0000] {dag.py:2742} INFO - Sync 1 DAGs
[2023-07-21T10:04:52.281+0000] {logging_mixin.py:150} INFO - [2023-07-21T10:04:52.281+0000] {dag.py:3508} INFO - Setting next_dagrun for example_nested_branch_dag to 2023-07-20T00:00:00+00:00, run_after=2023-07-21T00:00:00+00:00
[2023-07-21T10:04:52.304+0000] {processor.py:179} INFO - Processing /home/airflow/.local/lib/python3.7/site-packages/airflow/example_dags/example_nested_branch_dag.py took 0.109 seconds
[2023-07-21T10:05:22.797+0000] {processor.py:157} INFO - Started process (PID=914) to work on /home/airflow/.local/lib/python3.7/site-packages/airflow/example_dags/example_nested_branch_dag.py
[2023-07-21T10:05:22.798+0000] {processor.py:826} INFO - Processing file /home/airflow/.local/lib/python3.7/site-packages/airflow/example_dags/example_nested_branch_dag.py for tasks to queue
[2023-07-21T10:05:22.799+0000] {logging_mixin.py:150} INFO - [2023-07-21T10:05:22.799+0000] {dagbag.py:541} INFO - Filling up the DagBag from /home/airflow/.local/lib/python3.7/site-packages/airflow/example_dags/example_nested_branch_dag.py
[2023-07-21T10:05:22.810+0000] {processor.py:836} INFO - DAG(s) dict_keys(['example_nested_branch_dag']) retrieved from /home/airflow/.local/lib/python3.7/site-packages/airflow/example_dags/example_nested_branch_dag.py
[2023-07-21T10:05:22.836+0000] {logging_mixin.py:150} INFO - [2023-07-21T10:05:22.836+0000] {dag.py:2742} INFO - Sync 1 DAGs
[2023-07-21T10:05:22.867+0000] {logging_mixin.py:150} INFO - [2023-07-21T10:05:22.867+0000] {dag.py:3508} INFO - Setting next_dagrun for example_nested_branch_dag to 2023-07-20T00:00:00+00:00, run_after=2023-07-21T00:00:00+00:00
[2023-07-21T10:05:22.896+0000] {processor.py:179} INFO - Processing /home/airflow/.local/lib/python3.7/site-packages/airflow/example_dags/example_nested_branch_dag.py took 0.103 seconds
[2023-07-21T10:05:53.467+0000] {processor.py:157} INFO - Started process (PID=975) to work on /home/airflow/.local/lib/python3.7/site-packages/airflow/example_dags/example_nested_branch_dag.py
[2023-07-21T10:05:53.468+0000] {processor.py:826} INFO - Processing file /home/airflow/.local/lib/python3.7/site-packages/airflow/example_dags/example_nested_branch_dag.py for tasks to queue
[2023-07-21T10:05:53.471+0000] {logging_mixin.py:150} INFO - [2023-07-21T10:05:53.470+0000] {dagbag.py:541} INFO - Filling up the DagBag from /home/airflow/.local/lib/python3.7/site-packages/airflow/example_dags/example_nested_branch_dag.py
[2023-07-21T10:05:53.485+0000] {processor.py:836} INFO - DAG(s) dict_keys(['example_nested_branch_dag']) retrieved from /home/airflow/.local/lib/python3.7/site-packages/airflow/example_dags/example_nested_branch_dag.py
[2023-07-21T10:05:53.517+0000] {logging_mixin.py:150} INFO - [2023-07-21T10:05:53.517+0000] {dag.py:2742} INFO - Sync 1 DAGs
[2023-07-21T10:05:53.553+0000] {logging_mixin.py:150} INFO - [2023-07-21T10:05:53.553+0000] {dag.py:3508} INFO - Setting next_dagrun for example_nested_branch_dag to 2023-07-20T00:00:00+00:00, run_after=2023-07-21T00:00:00+00:00
[2023-07-21T10:05:53.579+0000] {processor.py:179} INFO - Processing /home/airflow/.local/lib/python3.7/site-packages/airflow/example_dags/example_nested_branch_dag.py took 0.118 seconds
[2023-07-21T10:06:23.767+0000] {processor.py:157} INFO - Started process (PID=1036) to work on /home/airflow/.local/lib/python3.7/site-packages/airflow/example_dags/example_nested_branch_dag.py
[2023-07-21T10:06:23.768+0000] {processor.py:826} INFO - Processing file /home/airflow/.local/lib/python3.7/site-packages/airflow/example_dags/example_nested_branch_dag.py for tasks to queue
[2023-07-21T10:06:23.769+0000] {logging_mixin.py:150} INFO - [2023-07-21T10:06:23.769+0000] {dagbag.py:541} INFO - Filling up the DagBag from /home/airflow/.local/lib/python3.7/site-packages/airflow/example_dags/example_nested_branch_dag.py
[2023-07-21T10:06:23.782+0000] {processor.py:836} INFO - DAG(s) dict_keys(['example_nested_branch_dag']) retrieved from /home/airflow/.local/lib/python3.7/site-packages/airflow/example_dags/example_nested_branch_dag.py
[2023-07-21T10:06:23.820+0000] {logging_mixin.py:150} INFO - [2023-07-21T10:06:23.820+0000] {dag.py:2742} INFO - Sync 1 DAGs
[2023-07-21T10:06:23.860+0000] {logging_mixin.py:150} INFO - [2023-07-21T10:06:23.860+0000] {dag.py:3508} INFO - Setting next_dagrun for example_nested_branch_dag to 2023-07-20T00:00:00+00:00, run_after=2023-07-21T00:00:00+00:00
[2023-07-21T10:06:23.888+0000] {processor.py:179} INFO - Processing /home/airflow/.local/lib/python3.7/site-packages/airflow/example_dags/example_nested_branch_dag.py took 0.125 seconds
[2023-07-21T10:06:54.944+0000] {processor.py:157} INFO - Started process (PID=1097) to work on /home/airflow/.local/lib/python3.7/site-packages/airflow/example_dags/example_nested_branch_dag.py
[2023-07-21T10:06:54.946+0000] {processor.py:826} INFO - Processing file /home/airflow/.local/lib/python3.7/site-packages/airflow/example_dags/example_nested_branch_dag.py for tasks to queue
[2023-07-21T10:06:54.948+0000] {logging_mixin.py:150} INFO - [2023-07-21T10:06:54.947+0000] {dagbag.py:541} INFO - Filling up the DagBag from /home/airflow/.local/lib/python3.7/site-packages/airflow/example_dags/example_nested_branch_dag.py
[2023-07-21T10:06:54.967+0000] {processor.py:836} INFO - DAG(s) dict_keys(['example_nested_branch_dag']) retrieved from /home/airflow/.local/lib/python3.7/site-packages/airflow/example_dags/example_nested_branch_dag.py
[2023-07-21T10:06:55.000+0000] {logging_mixin.py:150} INFO - [2023-07-21T10:06:55.000+0000] {dag.py:2742} INFO - Sync 1 DAGs
[2023-07-21T10:06:55.031+0000] {logging_mixin.py:150} INFO - [2023-07-21T10:06:55.030+0000] {dag.py:3508} INFO - Setting next_dagrun for example_nested_branch_dag to 2023-07-20T00:00:00+00:00, run_after=2023-07-21T00:00:00+00:00
[2023-07-21T10:06:55.057+0000] {processor.py:179} INFO - Processing /home/airflow/.local/lib/python3.7/site-packages/airflow/example_dags/example_nested_branch_dag.py took 0.119 seconds
[2023-07-21T10:07:26.083+0000] {processor.py:157} INFO - Started process (PID=1158) to work on /home/airflow/.local/lib/python3.7/site-packages/airflow/example_dags/example_nested_branch_dag.py
[2023-07-21T10:07:26.084+0000] {processor.py:826} INFO - Processing file /home/airflow/.local/lib/python3.7/site-packages/airflow/example_dags/example_nested_branch_dag.py for tasks to queue
[2023-07-21T10:07:26.087+0000] {logging_mixin.py:150} INFO - [2023-07-21T10:07:26.086+0000] {dagbag.py:541} INFO - Filling up the DagBag from /home/airflow/.local/lib/python3.7/site-packages/airflow/example_dags/example_nested_branch_dag.py
[2023-07-21T10:07:26.103+0000] {processor.py:836} INFO - DAG(s) dict_keys(['example_nested_branch_dag']) retrieved from /home/airflow/.local/lib/python3.7/site-packages/airflow/example_dags/example_nested_branch_dag.py
[2023-07-21T10:07:26.141+0000] {logging_mixin.py:150} INFO - [2023-07-21T10:07:26.141+0000] {dag.py:2742} INFO - Sync 1 DAGs
[2023-07-21T10:07:26.197+0000] {logging_mixin.py:150} INFO - [2023-07-21T10:07:26.197+0000] {dag.py:3508} INFO - Setting next_dagrun for example_nested_branch_dag to 2023-07-20T00:00:00+00:00, run_after=2023-07-21T00:00:00+00:00
[2023-07-21T10:07:26.240+0000] {processor.py:179} INFO - Processing /home/airflow/.local/lib/python3.7/site-packages/airflow/example_dags/example_nested_branch_dag.py took 0.164 seconds
[2023-07-21T10:07:56.614+0000] {processor.py:157} INFO - Started process (PID=1219) to work on /home/airflow/.local/lib/python3.7/site-packages/airflow/example_dags/example_nested_branch_dag.py
[2023-07-21T10:07:56.616+0000] {processor.py:826} INFO - Processing file /home/airflow/.local/lib/python3.7/site-packages/airflow/example_dags/example_nested_branch_dag.py for tasks to queue
[2023-07-21T10:07:56.617+0000] {logging_mixin.py:150} INFO - [2023-07-21T10:07:56.617+0000] {dagbag.py:541} INFO - Filling up the DagBag from /home/airflow/.local/lib/python3.7/site-packages/airflow/example_dags/example_nested_branch_dag.py
[2023-07-21T10:07:56.632+0000] {processor.py:836} INFO - DAG(s) dict_keys(['example_nested_branch_dag']) retrieved from /home/airflow/.local/lib/python3.7/site-packages/airflow/example_dags/example_nested_branch_dag.py
[2023-07-21T10:07:56.667+0000] {logging_mixin.py:150} INFO - [2023-07-21T10:07:56.667+0000] {dag.py:2742} INFO - Sync 1 DAGs
[2023-07-21T10:07:56.709+0000] {logging_mixin.py:150} INFO - [2023-07-21T10:07:56.709+0000] {dag.py:3508} INFO - Setting next_dagrun for example_nested_branch_dag to 2023-07-20T00:00:00+00:00, run_after=2023-07-21T00:00:00+00:00
[2023-07-21T10:07:56.739+0000] {processor.py:179} INFO - Processing /home/airflow/.local/lib/python3.7/site-packages/airflow/example_dags/example_nested_branch_dag.py took 0.129 seconds
[2023-07-21T10:08:29.608+0000] {processor.py:157} INFO - Started process (PID=1288) to work on /home/airflow/.local/lib/python3.7/site-packages/airflow/example_dags/example_nested_branch_dag.py
[2023-07-21T10:08:29.611+0000] {processor.py:826} INFO - Processing file /home/airflow/.local/lib/python3.7/site-packages/airflow/example_dags/example_nested_branch_dag.py for tasks to queue
[2023-07-21T10:08:29.613+0000] {logging_mixin.py:150} INFO - [2023-07-21T10:08:29.612+0000] {dagbag.py:541} INFO - Filling up the DagBag from /home/airflow/.local/lib/python3.7/site-packages/airflow/example_dags/example_nested_branch_dag.py
[2023-07-21T10:08:29.635+0000] {processor.py:836} INFO - DAG(s) dict_keys(['example_nested_branch_dag']) retrieved from /home/airflow/.local/lib/python3.7/site-packages/airflow/example_dags/example_nested_branch_dag.py
[2023-07-21T10:08:29.697+0000] {logging_mixin.py:150} INFO - [2023-07-21T10:08:29.697+0000] {dag.py:2742} INFO - Sync 1 DAGs
[2023-07-21T10:08:29.764+0000] {logging_mixin.py:150} INFO - [2023-07-21T10:08:29.763+0000] {dag.py:3508} INFO - Setting next_dagrun for example_nested_branch_dag to 2023-07-20T00:00:00+00:00, run_after=2023-07-21T00:00:00+00:00
[2023-07-21T10:08:29.818+0000] {processor.py:179} INFO - Processing /home/airflow/.local/lib/python3.7/site-packages/airflow/example_dags/example_nested_branch_dag.py took 0.218 seconds
[2023-07-21T10:09:00.675+0000] {processor.py:157} INFO - Started process (PID=1349) to work on /home/airflow/.local/lib/python3.7/site-packages/airflow/example_dags/example_nested_branch_dag.py
[2023-07-21T10:09:00.677+0000] {processor.py:826} INFO - Processing file /home/airflow/.local/lib/python3.7/site-packages/airflow/example_dags/example_nested_branch_dag.py for tasks to queue
[2023-07-21T10:09:00.678+0000] {logging_mixin.py:150} INFO - [2023-07-21T10:09:00.678+0000] {dagbag.py:541} INFO - Filling up the DagBag from /home/airflow/.local/lib/python3.7/site-packages/airflow/example_dags/example_nested_branch_dag.py
[2023-07-21T10:09:00.693+0000] {processor.py:836} INFO - DAG(s) dict_keys(['example_nested_branch_dag']) retrieved from /home/airflow/.local/lib/python3.7/site-packages/airflow/example_dags/example_nested_branch_dag.py
[2023-07-21T10:09:00.727+0000] {logging_mixin.py:150} INFO - [2023-07-21T10:09:00.727+0000] {dag.py:2742} INFO - Sync 1 DAGs
[2023-07-21T10:09:00.764+0000] {logging_mixin.py:150} INFO - [2023-07-21T10:09:00.764+0000] {dag.py:3508} INFO - Setting next_dagrun for example_nested_branch_dag to 2023-07-20T00:00:00+00:00, run_after=2023-07-21T00:00:00+00:00
[2023-07-21T10:09:00.795+0000] {processor.py:179} INFO - Processing /home/airflow/.local/lib/python3.7/site-packages/airflow/example_dags/example_nested_branch_dag.py took 0.123 seconds
[2023-07-21T10:09:30.972+0000] {processor.py:157} INFO - Started process (PID=1410) to work on /home/airflow/.local/lib/python3.7/site-packages/airflow/example_dags/example_nested_branch_dag.py
[2023-07-21T10:09:30.974+0000] {processor.py:826} INFO - Processing file /home/airflow/.local/lib/python3.7/site-packages/airflow/example_dags/example_nested_branch_dag.py for tasks to queue
[2023-07-21T10:09:30.975+0000] {logging_mixin.py:150} INFO - [2023-07-21T10:09:30.975+0000] {dagbag.py:541} INFO - Filling up the DagBag from /home/airflow/.local/lib/python3.7/site-packages/airflow/example_dags/example_nested_branch_dag.py
[2023-07-21T10:09:30.992+0000] {processor.py:836} INFO - DAG(s) dict_keys(['example_nested_branch_dag']) retrieved from /home/airflow/.local/lib/python3.7/site-packages/airflow/example_dags/example_nested_branch_dag.py
[2023-07-21T10:09:31.036+0000] {logging_mixin.py:150} INFO - [2023-07-21T10:09:31.036+0000] {dag.py:2742} INFO - Sync 1 DAGs
[2023-07-21T10:09:31.080+0000] {logging_mixin.py:150} INFO - [2023-07-21T10:09:31.079+0000] {dag.py:3508} INFO - Setting next_dagrun for example_nested_branch_dag to 2023-07-20T00:00:00+00:00, run_after=2023-07-21T00:00:00+00:00
[2023-07-21T10:09:31.114+0000] {processor.py:179} INFO - Processing /home/airflow/.local/lib/python3.7/site-packages/airflow/example_dags/example_nested_branch_dag.py took 0.148 seconds
[2023-07-21T10:10:01.416+0000] {processor.py:157} INFO - Started process (PID=1471) to work on /home/airflow/.local/lib/python3.7/site-packages/airflow/example_dags/example_nested_branch_dag.py
[2023-07-21T10:10:01.418+0000] {processor.py:826} INFO - Processing file /home/airflow/.local/lib/python3.7/site-packages/airflow/example_dags/example_nested_branch_dag.py for tasks to queue
[2023-07-21T10:10:01.419+0000] {logging_mixin.py:150} INFO - [2023-07-21T10:10:01.419+0000] {dagbag.py:541} INFO - Filling up the DagBag from /home/airflow/.local/lib/python3.7/site-packages/airflow/example_dags/example_nested_branch_dag.py
[2023-07-21T10:10:01.431+0000] {processor.py:836} INFO - DAG(s) dict_keys(['example_nested_branch_dag']) retrieved from /home/airflow/.local/lib/python3.7/site-packages/airflow/example_dags/example_nested_branch_dag.py
[2023-07-21T10:10:01.462+0000] {logging_mixin.py:150} INFO - [2023-07-21T10:10:01.462+0000] {dag.py:2742} INFO - Sync 1 DAGs
[2023-07-21T10:10:01.493+0000] {logging_mixin.py:150} INFO - [2023-07-21T10:10:01.493+0000] {dag.py:3508} INFO - Setting next_dagrun for example_nested_branch_dag to 2023-07-20T00:00:00+00:00, run_after=2023-07-21T00:00:00+00:00
[2023-07-21T10:10:01.515+0000] {processor.py:179} INFO - Processing /home/airflow/.local/lib/python3.7/site-packages/airflow/example_dags/example_nested_branch_dag.py took 0.104 seconds
[2023-07-21T10:10:31.747+0000] {processor.py:157} INFO - Started process (PID=1532) to work on /home/airflow/.local/lib/python3.7/site-packages/airflow/example_dags/example_nested_branch_dag.py
[2023-07-21T10:10:31.749+0000] {processor.py:826} INFO - Processing file /home/airflow/.local/lib/python3.7/site-packages/airflow/example_dags/example_nested_branch_dag.py for tasks to queue
[2023-07-21T10:10:31.751+0000] {logging_mixin.py:150} INFO - [2023-07-21T10:10:31.750+0000] {dagbag.py:541} INFO - Filling up the DagBag from /home/airflow/.local/lib/python3.7/site-packages/airflow/example_dags/example_nested_branch_dag.py
[2023-07-21T10:10:31.767+0000] {processor.py:836} INFO - DAG(s) dict_keys(['example_nested_branch_dag']) retrieved from /home/airflow/.local/lib/python3.7/site-packages/airflow/example_dags/example_nested_branch_dag.py
[2023-07-21T10:10:31.806+0000] {logging_mixin.py:150} INFO - [2023-07-21T10:10:31.806+0000] {dag.py:2742} INFO - Sync 1 DAGs
[2023-07-21T10:10:31.851+0000] {logging_mixin.py:150} INFO - [2023-07-21T10:10:31.851+0000] {dag.py:3508} INFO - Setting next_dagrun for example_nested_branch_dag to 2023-07-20T00:00:00+00:00, run_after=2023-07-21T00:00:00+00:00
[2023-07-21T10:10:31.872+0000] {processor.py:179} INFO - Processing /home/airflow/.local/lib/python3.7/site-packages/airflow/example_dags/example_nested_branch_dag.py took 0.131 seconds
[2023-07-21T10:11:02.743+0000] {processor.py:157} INFO - Started process (PID=1593) to work on /home/airflow/.local/lib/python3.7/site-packages/airflow/example_dags/example_nested_branch_dag.py
[2023-07-21T10:11:02.745+0000] {processor.py:826} INFO - Processing file /home/airflow/.local/lib/python3.7/site-packages/airflow/example_dags/example_nested_branch_dag.py for tasks to queue
[2023-07-21T10:11:02.747+0000] {logging_mixin.py:150} INFO - [2023-07-21T10:11:02.746+0000] {dagbag.py:541} INFO - Filling up the DagBag from /home/airflow/.local/lib/python3.7/site-packages/airflow/example_dags/example_nested_branch_dag.py
[2023-07-21T10:11:02.759+0000] {processor.py:836} INFO - DAG(s) dict_keys(['example_nested_branch_dag']) retrieved from /home/airflow/.local/lib/python3.7/site-packages/airflow/example_dags/example_nested_branch_dag.py
[2023-07-21T10:11:02.790+0000] {logging_mixin.py:150} INFO - [2023-07-21T10:11:02.790+0000] {dag.py:2742} INFO - Sync 1 DAGs
[2023-07-21T10:11:02.832+0000] {logging_mixin.py:150} INFO - [2023-07-21T10:11:02.831+0000] {dag.py:3508} INFO - Setting next_dagrun for example_nested_branch_dag to 2023-07-20T00:00:00+00:00, run_after=2023-07-21T00:00:00+00:00
[2023-07-21T10:11:02.860+0000] {processor.py:179} INFO - Processing /home/airflow/.local/lib/python3.7/site-packages/airflow/example_dags/example_nested_branch_dag.py took 0.121 seconds
[2023-07-21T10:11:33.667+0000] {processor.py:157} INFO - Started process (PID=1654) to work on /home/airflow/.local/lib/python3.7/site-packages/airflow/example_dags/example_nested_branch_dag.py
[2023-07-21T10:11:33.669+0000] {processor.py:826} INFO - Processing file /home/airflow/.local/lib/python3.7/site-packages/airflow/example_dags/example_nested_branch_dag.py for tasks to queue
[2023-07-21T10:11:33.671+0000] {logging_mixin.py:150} INFO - [2023-07-21T10:11:33.670+0000] {dagbag.py:541} INFO - Filling up the DagBag from /home/airflow/.local/lib/python3.7/site-packages/airflow/example_dags/example_nested_branch_dag.py
[2023-07-21T10:11:33.685+0000] {processor.py:836} INFO - DAG(s) dict_keys(['example_nested_branch_dag']) retrieved from /home/airflow/.local/lib/python3.7/site-packages/airflow/example_dags/example_nested_branch_dag.py
[2023-07-21T10:11:33.721+0000] {logging_mixin.py:150} INFO - [2023-07-21T10:11:33.721+0000] {dag.py:2742} INFO - Sync 1 DAGs
[2023-07-21T10:11:33.756+0000] {logging_mixin.py:150} INFO - [2023-07-21T10:11:33.756+0000] {dag.py:3508} INFO - Setting next_dagrun for example_nested_branch_dag to 2023-07-20T00:00:00+00:00, run_after=2023-07-21T00:00:00+00:00
[2023-07-21T10:11:33.784+0000] {processor.py:179} INFO - Processing /home/airflow/.local/lib/python3.7/site-packages/airflow/example_dags/example_nested_branch_dag.py took 0.121 seconds
[2023-07-21T10:12:04.328+0000] {processor.py:157} INFO - Started process (PID=1715) to work on /home/airflow/.local/lib/python3.7/site-packages/airflow/example_dags/example_nested_branch_dag.py
[2023-07-21T10:12:04.331+0000] {processor.py:826} INFO - Processing file /home/airflow/.local/lib/python3.7/site-packages/airflow/example_dags/example_nested_branch_dag.py for tasks to queue
[2023-07-21T10:12:04.334+0000] {logging_mixin.py:150} INFO - [2023-07-21T10:12:04.333+0000] {dagbag.py:541} INFO - Filling up the DagBag from /home/airflow/.local/lib/python3.7/site-packages/airflow/example_dags/example_nested_branch_dag.py
[2023-07-21T10:12:04.366+0000] {processor.py:836} INFO - DAG(s) dict_keys(['example_nested_branch_dag']) retrieved from /home/airflow/.local/lib/python3.7/site-packages/airflow/example_dags/example_nested_branch_dag.py
[2023-07-21T10:12:04.403+0000] {logging_mixin.py:150} INFO - [2023-07-21T10:12:04.403+0000] {dag.py:2742} INFO - Sync 1 DAGs
[2023-07-21T10:12:04.432+0000] {logging_mixin.py:150} INFO - [2023-07-21T10:12:04.432+0000] {dag.py:3508} INFO - Setting next_dagrun for example_nested_branch_dag to 2023-07-20T00:00:00+00:00, run_after=2023-07-21T00:00:00+00:00
[2023-07-21T10:12:04.461+0000] {processor.py:179} INFO - Processing /home/airflow/.local/lib/python3.7/site-packages/airflow/example_dags/example_nested_branch_dag.py took 0.141 seconds
[2023-07-21T10:12:34.879+0000] {processor.py:157} INFO - Started process (PID=1776) to work on /home/airflow/.local/lib/python3.7/site-packages/airflow/example_dags/example_nested_branch_dag.py
[2023-07-21T10:12:34.880+0000] {processor.py:826} INFO - Processing file /home/airflow/.local/lib/python3.7/site-packages/airflow/example_dags/example_nested_branch_dag.py for tasks to queue
[2023-07-21T10:12:34.882+0000] {logging_mixin.py:150} INFO - [2023-07-21T10:12:34.881+0000] {dagbag.py:541} INFO - Filling up the DagBag from /home/airflow/.local/lib/python3.7/site-packages/airflow/example_dags/example_nested_branch_dag.py
[2023-07-21T10:12:34.905+0000] {processor.py:836} INFO - DAG(s) dict_keys(['example_nested_branch_dag']) retrieved from /home/airflow/.local/lib/python3.7/site-packages/airflow/example_dags/example_nested_branch_dag.py
[2023-07-21T10:12:34.950+0000] {logging_mixin.py:150} INFO - [2023-07-21T10:12:34.950+0000] {dag.py:2742} INFO - Sync 1 DAGs
[2023-07-21T10:12:35.025+0000] {logging_mixin.py:150} INFO - [2023-07-21T10:12:35.024+0000] {dag.py:3508} INFO - Setting next_dagrun for example_nested_branch_dag to 2023-07-20T00:00:00+00:00, run_after=2023-07-21T00:00:00+00:00
[2023-07-21T10:12:35.055+0000] {processor.py:179} INFO - Processing /home/airflow/.local/lib/python3.7/site-packages/airflow/example_dags/example_nested_branch_dag.py took 0.185 seconds
[2023-07-21T10:13:05.310+0000] {processor.py:157} INFO - Started process (PID=1837) to work on /home/airflow/.local/lib/python3.7/site-packages/airflow/example_dags/example_nested_branch_dag.py
[2023-07-21T10:13:05.311+0000] {processor.py:826} INFO - Processing file /home/airflow/.local/lib/python3.7/site-packages/airflow/example_dags/example_nested_branch_dag.py for tasks to queue
[2023-07-21T10:13:05.312+0000] {logging_mixin.py:150} INFO - [2023-07-21T10:13:05.312+0000] {dagbag.py:541} INFO - Filling up the DagBag from /home/airflow/.local/lib/python3.7/site-packages/airflow/example_dags/example_nested_branch_dag.py
[2023-07-21T10:13:05.328+0000] {processor.py:836} INFO - DAG(s) dict_keys(['example_nested_branch_dag']) retrieved from /home/airflow/.local/lib/python3.7/site-packages/airflow/example_dags/example_nested_branch_dag.py
[2023-07-21T10:13:05.360+0000] {logging_mixin.py:150} INFO - [2023-07-21T10:13:05.359+0000] {dag.py:2742} INFO - Sync 1 DAGs
[2023-07-21T10:13:05.387+0000] {logging_mixin.py:150} INFO - [2023-07-21T10:13:05.386+0000] {dag.py:3508} INFO - Setting next_dagrun for example_nested_branch_dag to 2023-07-20T00:00:00+00:00, run_after=2023-07-21T00:00:00+00:00
[2023-07-21T10:13:05.412+0000] {processor.py:179} INFO - Processing /home/airflow/.local/lib/python3.7/site-packages/airflow/example_dags/example_nested_branch_dag.py took 0.107 seconds
[2023-07-21T10:13:35.583+0000] {processor.py:157} INFO - Started process (PID=1899) to work on /home/airflow/.local/lib/python3.7/site-packages/airflow/example_dags/example_nested_branch_dag.py
[2023-07-21T10:13:35.585+0000] {processor.py:826} INFO - Processing file /home/airflow/.local/lib/python3.7/site-packages/airflow/example_dags/example_nested_branch_dag.py for tasks to queue
[2023-07-21T10:13:35.586+0000] {logging_mixin.py:150} INFO - [2023-07-21T10:13:35.586+0000] {dagbag.py:541} INFO - Filling up the DagBag from /home/airflow/.local/lib/python3.7/site-packages/airflow/example_dags/example_nested_branch_dag.py
[2023-07-21T10:13:35.600+0000] {processor.py:836} INFO - DAG(s) dict_keys(['example_nested_branch_dag']) retrieved from /home/airflow/.local/lib/python3.7/site-packages/airflow/example_dags/example_nested_branch_dag.py
[2023-07-21T10:13:35.642+0000] {logging_mixin.py:150} INFO - [2023-07-21T10:13:35.641+0000] {dag.py:2742} INFO - Sync 1 DAGs
[2023-07-21T10:13:35.679+0000] {logging_mixin.py:150} INFO - [2023-07-21T10:13:35.679+0000] {dag.py:3508} INFO - Setting next_dagrun for example_nested_branch_dag to 2023-07-20T00:00:00+00:00, run_after=2023-07-21T00:00:00+00:00
[2023-07-21T10:13:35.710+0000] {processor.py:179} INFO - Processing /home/airflow/.local/lib/python3.7/site-packages/airflow/example_dags/example_nested_branch_dag.py took 0.132 seconds
[2023-07-21T10:14:06.334+0000] {processor.py:157} INFO - Started process (PID=1959) to work on /home/airflow/.local/lib/python3.7/site-packages/airflow/example_dags/example_nested_branch_dag.py
[2023-07-21T10:14:06.336+0000] {processor.py:826} INFO - Processing file /home/airflow/.local/lib/python3.7/site-packages/airflow/example_dags/example_nested_branch_dag.py for tasks to queue
[2023-07-21T10:14:06.336+0000] {logging_mixin.py:150} INFO - [2023-07-21T10:14:06.336+0000] {dagbag.py:541} INFO - Filling up the DagBag from /home/airflow/.local/lib/python3.7/site-packages/airflow/example_dags/example_nested_branch_dag.py
[2023-07-21T10:14:06.348+0000] {processor.py:836} INFO - DAG(s) dict_keys(['example_nested_branch_dag']) retrieved from /home/airflow/.local/lib/python3.7/site-packages/airflow/example_dags/example_nested_branch_dag.py
[2023-07-21T10:14:06.383+0000] {logging_mixin.py:150} INFO - [2023-07-21T10:14:06.383+0000] {dag.py:2742} INFO - Sync 1 DAGs
[2023-07-21T10:14:06.412+0000] {logging_mixin.py:150} INFO - [2023-07-21T10:14:06.412+0000] {dag.py:3508} INFO - Setting next_dagrun for example_nested_branch_dag to 2023-07-20T00:00:00+00:00, run_after=2023-07-21T00:00:00+00:00
[2023-07-21T10:14:06.442+0000] {processor.py:179} INFO - Processing /home/airflow/.local/lib/python3.7/site-packages/airflow/example_dags/example_nested_branch_dag.py took 0.112 seconds
[2023-07-21T10:14:36.773+0000] {processor.py:157} INFO - Started process (PID=2020) to work on /home/airflow/.local/lib/python3.7/site-packages/airflow/example_dags/example_nested_branch_dag.py
[2023-07-21T10:14:36.775+0000] {processor.py:826} INFO - Processing file /home/airflow/.local/lib/python3.7/site-packages/airflow/example_dags/example_nested_branch_dag.py for tasks to queue
[2023-07-21T10:14:36.776+0000] {logging_mixin.py:150} INFO - [2023-07-21T10:14:36.776+0000] {dagbag.py:541} INFO - Filling up the DagBag from /home/airflow/.local/lib/python3.7/site-packages/airflow/example_dags/example_nested_branch_dag.py
[2023-07-21T10:14:36.790+0000] {processor.py:836} INFO - DAG(s) dict_keys(['example_nested_branch_dag']) retrieved from /home/airflow/.local/lib/python3.7/site-packages/airflow/example_dags/example_nested_branch_dag.py
[2023-07-21T10:14:36.817+0000] {logging_mixin.py:150} INFO - [2023-07-21T10:14:36.817+0000] {dag.py:2742} INFO - Sync 1 DAGs
[2023-07-21T10:14:36.845+0000] {logging_mixin.py:150} INFO - [2023-07-21T10:14:36.845+0000] {dag.py:3508} INFO - Setting next_dagrun for example_nested_branch_dag to 2023-07-20T00:00:00+00:00, run_after=2023-07-21T00:00:00+00:00
[2023-07-21T10:14:36.877+0000] {processor.py:179} INFO - Processing /home/airflow/.local/lib/python3.7/site-packages/airflow/example_dags/example_nested_branch_dag.py took 0.107 seconds
