[2023-07-21T09:58:03.760+0000] {processor.py:157} INFO - Started process (PID=32) to work on /home/airflow/.local/lib/python3.7/site-packages/airflow/example_dags/example_params_ui_tutorial.py
[2023-07-21T09:58:03.761+0000] {processor.py:826} INFO - Processing file /home/airflow/.local/lib/python3.7/site-packages/airflow/example_dags/example_params_ui_tutorial.py for tasks to queue
[2023-07-21T09:58:03.763+0000] {logging_mixin.py:150} INFO - [2023-07-21T09:58:03.763+0000] {dagbag.py:541} INFO - Filling up the DagBag from /home/airflow/.local/lib/python3.7/site-packages/airflow/example_dags/example_params_ui_tutorial.py
[2023-07-21T09:58:03.844+0000] {processor.py:836} INFO - DAG(s) dict_keys(['example_params_ui_tutorial']) retrieved from /home/airflow/.local/lib/python3.7/site-packages/airflow/example_dags/example_params_ui_tutorial.py
[2023-07-21T09:58:04.627+0000] {logging_mixin.py:150} INFO - [2023-07-21T09:58:04.626+0000] {dag.py:2742} INFO - Sync 1 DAGs
[2023-07-21T09:58:04.678+0000] {logging_mixin.py:150} INFO - [2023-07-21T09:58:04.678+0000] {dag.py:3508} INFO - Setting next_dagrun for example_params_ui_tutorial to None, run_after=None
[2023-07-21T09:58:04.745+0000] {processor.py:179} INFO - Processing /home/airflow/.local/lib/python3.7/site-packages/airflow/example_dags/example_params_ui_tutorial.py took 0.991 seconds
[2023-07-21T09:58:35.474+0000] {processor.py:157} INFO - Started process (PID=93) to work on /home/airflow/.local/lib/python3.7/site-packages/airflow/example_dags/example_params_ui_tutorial.py
[2023-07-21T09:58:35.477+0000] {processor.py:826} INFO - Processing file /home/airflow/.local/lib/python3.7/site-packages/airflow/example_dags/example_params_ui_tutorial.py for tasks to queue
[2023-07-21T09:58:35.479+0000] {logging_mixin.py:150} INFO - [2023-07-21T09:58:35.479+0000] {dagbag.py:541} INFO - Filling up the DagBag from /home/airflow/.local/lib/python3.7/site-packages/airflow/example_dags/example_params_ui_tutorial.py
[2023-07-21T09:58:35.542+0000] {processor.py:836} INFO - DAG(s) dict_keys(['example_params_ui_tutorial']) retrieved from /home/airflow/.local/lib/python3.7/site-packages/airflow/example_dags/example_params_ui_tutorial.py
[2023-07-21T09:58:35.654+0000] {logging_mixin.py:150} INFO - [2023-07-21T09:58:35.654+0000] {dag.py:2742} INFO - Sync 1 DAGs
[2023-07-21T09:58:35.686+0000] {logging_mixin.py:150} INFO - [2023-07-21T09:58:35.685+0000] {dag.py:3508} INFO - Setting next_dagrun for example_params_ui_tutorial to None, run_after=None
[2023-07-21T09:58:35.712+0000] {processor.py:179} INFO - Processing /home/airflow/.local/lib/python3.7/site-packages/airflow/example_dags/example_params_ui_tutorial.py took 0.244 seconds
[2023-07-21T09:59:06.223+0000] {processor.py:157} INFO - Started process (PID=154) to work on /home/airflow/.local/lib/python3.7/site-packages/airflow/example_dags/example_params_ui_tutorial.py
[2023-07-21T09:59:06.229+0000] {processor.py:826} INFO - Processing file /home/airflow/.local/lib/python3.7/site-packages/airflow/example_dags/example_params_ui_tutorial.py for tasks to queue
[2023-07-21T09:59:06.231+0000] {logging_mixin.py:150} INFO - [2023-07-21T09:59:06.230+0000] {dagbag.py:541} INFO - Filling up the DagBag from /home/airflow/.local/lib/python3.7/site-packages/airflow/example_dags/example_params_ui_tutorial.py
[2023-07-21T09:59:06.280+0000] {processor.py:836} INFO - DAG(s) dict_keys(['example_params_ui_tutorial']) retrieved from /home/airflow/.local/lib/python3.7/site-packages/airflow/example_dags/example_params_ui_tutorial.py
[2023-07-21T09:59:06.364+0000] {logging_mixin.py:150} INFO - [2023-07-21T09:59:06.364+0000] {dag.py:2742} INFO - Sync 1 DAGs
[2023-07-21T09:59:06.396+0000] {logging_mixin.py:150} INFO - [2023-07-21T09:59:06.395+0000] {dag.py:3508} INFO - Setting next_dagrun for example_params_ui_tutorial to None, run_after=None
[2023-07-21T09:59:06.429+0000] {processor.py:179} INFO - Processing /home/airflow/.local/lib/python3.7/site-packages/airflow/example_dags/example_params_ui_tutorial.py took 0.209 seconds
[2023-07-21T09:59:36.576+0000] {processor.py:157} INFO - Started process (PID=215) to work on /home/airflow/.local/lib/python3.7/site-packages/airflow/example_dags/example_params_ui_tutorial.py
[2023-07-21T09:59:36.578+0000] {processor.py:826} INFO - Processing file /home/airflow/.local/lib/python3.7/site-packages/airflow/example_dags/example_params_ui_tutorial.py for tasks to queue
[2023-07-21T09:59:36.580+0000] {logging_mixin.py:150} INFO - [2023-07-21T09:59:36.579+0000] {dagbag.py:541} INFO - Filling up the DagBag from /home/airflow/.local/lib/python3.7/site-packages/airflow/example_dags/example_params_ui_tutorial.py
[2023-07-21T09:59:36.762+0000] {processor.py:836} INFO - DAG(s) dict_keys(['example_params_ui_tutorial']) retrieved from /home/airflow/.local/lib/python3.7/site-packages/airflow/example_dags/example_params_ui_tutorial.py
[2023-07-21T09:59:36.904+0000] {logging_mixin.py:150} INFO - [2023-07-21T09:59:36.904+0000] {dag.py:2742} INFO - Sync 1 DAGs
[2023-07-21T09:59:36.943+0000] {logging_mixin.py:150} INFO - [2023-07-21T09:59:36.943+0000] {dag.py:3508} INFO - Setting next_dagrun for example_params_ui_tutorial to None, run_after=None
[2023-07-21T09:59:37.006+0000] {processor.py:179} INFO - Processing /home/airflow/.local/lib/python3.7/site-packages/airflow/example_dags/example_params_ui_tutorial.py took 0.452 seconds
[2023-07-21T10:00:07.719+0000] {processor.py:157} INFO - Started process (PID=276) to work on /home/airflow/.local/lib/python3.7/site-packages/airflow/example_dags/example_params_ui_tutorial.py
[2023-07-21T10:00:07.721+0000] {processor.py:826} INFO - Processing file /home/airflow/.local/lib/python3.7/site-packages/airflow/example_dags/example_params_ui_tutorial.py for tasks to queue
[2023-07-21T10:00:07.722+0000] {logging_mixin.py:150} INFO - [2023-07-21T10:00:07.722+0000] {dagbag.py:541} INFO - Filling up the DagBag from /home/airflow/.local/lib/python3.7/site-packages/airflow/example_dags/example_params_ui_tutorial.py
[2023-07-21T10:00:07.813+0000] {processor.py:836} INFO - DAG(s) dict_keys(['example_params_ui_tutorial']) retrieved from /home/airflow/.local/lib/python3.7/site-packages/airflow/example_dags/example_params_ui_tutorial.py
[2023-07-21T10:00:08.003+0000] {logging_mixin.py:150} INFO - [2023-07-21T10:00:08.003+0000] {dag.py:2742} INFO - Sync 1 DAGs
[2023-07-21T10:00:08.046+0000] {logging_mixin.py:150} INFO - [2023-07-21T10:00:08.046+0000] {dag.py:3508} INFO - Setting next_dagrun for example_params_ui_tutorial to None, run_after=None
[2023-07-21T10:00:08.084+0000] {processor.py:179} INFO - Processing /home/airflow/.local/lib/python3.7/site-packages/airflow/example_dags/example_params_ui_tutorial.py took 0.371 seconds
[2023-07-21T10:00:38.308+0000] {processor.py:157} INFO - Started process (PID=337) to work on /home/airflow/.local/lib/python3.7/site-packages/airflow/example_dags/example_params_ui_tutorial.py
[2023-07-21T10:00:38.309+0000] {processor.py:826} INFO - Processing file /home/airflow/.local/lib/python3.7/site-packages/airflow/example_dags/example_params_ui_tutorial.py for tasks to queue
[2023-07-21T10:00:38.311+0000] {logging_mixin.py:150} INFO - [2023-07-21T10:00:38.311+0000] {dagbag.py:541} INFO - Filling up the DagBag from /home/airflow/.local/lib/python3.7/site-packages/airflow/example_dags/example_params_ui_tutorial.py
[2023-07-21T10:00:38.381+0000] {processor.py:836} INFO - DAG(s) dict_keys(['example_params_ui_tutorial']) retrieved from /home/airflow/.local/lib/python3.7/site-packages/airflow/example_dags/example_params_ui_tutorial.py
[2023-07-21T10:00:38.468+0000] {logging_mixin.py:150} INFO - [2023-07-21T10:00:38.468+0000] {dag.py:2742} INFO - Sync 1 DAGs
[2023-07-21T10:00:38.497+0000] {logging_mixin.py:150} INFO - [2023-07-21T10:00:38.497+0000] {dag.py:3508} INFO - Setting next_dagrun for example_params_ui_tutorial to None, run_after=None
[2023-07-21T10:00:38.522+0000] {processor.py:179} INFO - Processing /home/airflow/.local/lib/python3.7/site-packages/airflow/example_dags/example_params_ui_tutorial.py took 0.224 seconds
[2023-07-21T10:01:08.593+0000] {processor.py:157} INFO - Started process (PID=398) to work on /home/airflow/.local/lib/python3.7/site-packages/airflow/example_dags/example_params_ui_tutorial.py
[2023-07-21T10:01:08.595+0000] {processor.py:826} INFO - Processing file /home/airflow/.local/lib/python3.7/site-packages/airflow/example_dags/example_params_ui_tutorial.py for tasks to queue
[2023-07-21T10:01:08.596+0000] {logging_mixin.py:150} INFO - [2023-07-21T10:01:08.596+0000] {dagbag.py:541} INFO - Filling up the DagBag from /home/airflow/.local/lib/python3.7/site-packages/airflow/example_dags/example_params_ui_tutorial.py
[2023-07-21T10:01:08.661+0000] {processor.py:836} INFO - DAG(s) dict_keys(['example_params_ui_tutorial']) retrieved from /home/airflow/.local/lib/python3.7/site-packages/airflow/example_dags/example_params_ui_tutorial.py
[2023-07-21T10:01:08.769+0000] {logging_mixin.py:150} INFO - [2023-07-21T10:01:08.768+0000] {dag.py:2742} INFO - Sync 1 DAGs
[2023-07-21T10:01:08.804+0000] {logging_mixin.py:150} INFO - [2023-07-21T10:01:08.804+0000] {dag.py:3508} INFO - Setting next_dagrun for example_params_ui_tutorial to None, run_after=None
[2023-07-21T10:01:08.838+0000] {processor.py:179} INFO - Processing /home/airflow/.local/lib/python3.7/site-packages/airflow/example_dags/example_params_ui_tutorial.py took 0.250 seconds
[2023-07-21T10:01:39.025+0000] {processor.py:157} INFO - Started process (PID=460) to work on /home/airflow/.local/lib/python3.7/site-packages/airflow/example_dags/example_params_ui_tutorial.py
[2023-07-21T10:01:39.027+0000] {processor.py:826} INFO - Processing file /home/airflow/.local/lib/python3.7/site-packages/airflow/example_dags/example_params_ui_tutorial.py for tasks to queue
[2023-07-21T10:01:39.028+0000] {logging_mixin.py:150} INFO - [2023-07-21T10:01:39.028+0000] {dagbag.py:541} INFO - Filling up the DagBag from /home/airflow/.local/lib/python3.7/site-packages/airflow/example_dags/example_params_ui_tutorial.py
[2023-07-21T10:01:39.121+0000] {processor.py:836} INFO - DAG(s) dict_keys(['example_params_ui_tutorial']) retrieved from /home/airflow/.local/lib/python3.7/site-packages/airflow/example_dags/example_params_ui_tutorial.py
[2023-07-21T10:01:39.568+0000] {logging_mixin.py:150} INFO - [2023-07-21T10:01:39.568+0000] {dag.py:2742} INFO - Sync 1 DAGs
[2023-07-21T10:01:39.662+0000] {logging_mixin.py:150} INFO - [2023-07-21T10:01:39.662+0000] {dag.py:3508} INFO - Setting next_dagrun for example_params_ui_tutorial to None, run_after=None
[2023-07-21T10:01:39.725+0000] {processor.py:179} INFO - Processing /home/airflow/.local/lib/python3.7/site-packages/airflow/example_dags/example_params_ui_tutorial.py took 0.704 seconds
[2023-07-21T10:02:10.156+0000] {processor.py:157} INFO - Started process (PID=522) to work on /home/airflow/.local/lib/python3.7/site-packages/airflow/example_dags/example_params_ui_tutorial.py
[2023-07-21T10:02:10.158+0000] {processor.py:826} INFO - Processing file /home/airflow/.local/lib/python3.7/site-packages/airflow/example_dags/example_params_ui_tutorial.py for tasks to queue
[2023-07-21T10:02:10.159+0000] {logging_mixin.py:150} INFO - [2023-07-21T10:02:10.159+0000] {dagbag.py:541} INFO - Filling up the DagBag from /home/airflow/.local/lib/python3.7/site-packages/airflow/example_dags/example_params_ui_tutorial.py
[2023-07-21T10:02:10.232+0000] {processor.py:836} INFO - DAG(s) dict_keys(['example_params_ui_tutorial']) retrieved from /home/airflow/.local/lib/python3.7/site-packages/airflow/example_dags/example_params_ui_tutorial.py
[2023-07-21T10:02:10.314+0000] {logging_mixin.py:150} INFO - [2023-07-21T10:02:10.314+0000] {dag.py:2742} INFO - Sync 1 DAGs
[2023-07-21T10:02:10.343+0000] {logging_mixin.py:150} INFO - [2023-07-21T10:02:10.342+0000] {dag.py:3508} INFO - Setting next_dagrun for example_params_ui_tutorial to None, run_after=None
[2023-07-21T10:02:10.365+0000] {processor.py:179} INFO - Processing /home/airflow/.local/lib/python3.7/site-packages/airflow/example_dags/example_params_ui_tutorial.py took 0.213 seconds
[2023-07-21T10:02:40.793+0000] {processor.py:157} INFO - Started process (PID=583) to work on /home/airflow/.local/lib/python3.7/site-packages/airflow/example_dags/example_params_ui_tutorial.py
[2023-07-21T10:02:40.798+0000] {processor.py:826} INFO - Processing file /home/airflow/.local/lib/python3.7/site-packages/airflow/example_dags/example_params_ui_tutorial.py for tasks to queue
[2023-07-21T10:02:40.802+0000] {logging_mixin.py:150} INFO - [2023-07-21T10:02:40.801+0000] {dagbag.py:541} INFO - Filling up the DagBag from /home/airflow/.local/lib/python3.7/site-packages/airflow/example_dags/example_params_ui_tutorial.py
[2023-07-21T10:02:40.927+0000] {processor.py:836} INFO - DAG(s) dict_keys(['example_params_ui_tutorial']) retrieved from /home/airflow/.local/lib/python3.7/site-packages/airflow/example_dags/example_params_ui_tutorial.py
[2023-07-21T10:02:41.058+0000] {logging_mixin.py:150} INFO - [2023-07-21T10:02:41.058+0000] {dag.py:2742} INFO - Sync 1 DAGs
[2023-07-21T10:02:41.115+0000] {logging_mixin.py:150} INFO - [2023-07-21T10:02:41.115+0000] {dag.py:3508} INFO - Setting next_dagrun for example_params_ui_tutorial to None, run_after=None
[2023-07-21T10:02:41.156+0000] {processor.py:179} INFO - Processing /home/airflow/.local/lib/python3.7/site-packages/airflow/example_dags/example_params_ui_tutorial.py took 0.389 seconds
[2023-07-21T10:03:11.879+0000] {processor.py:157} INFO - Started process (PID=644) to work on /home/airflow/.local/lib/python3.7/site-packages/airflow/example_dags/example_params_ui_tutorial.py
[2023-07-21T10:03:11.882+0000] {processor.py:826} INFO - Processing file /home/airflow/.local/lib/python3.7/site-packages/airflow/example_dags/example_params_ui_tutorial.py for tasks to queue
[2023-07-21T10:03:11.885+0000] {logging_mixin.py:150} INFO - [2023-07-21T10:03:11.885+0000] {dagbag.py:541} INFO - Filling up the DagBag from /home/airflow/.local/lib/python3.7/site-packages/airflow/example_dags/example_params_ui_tutorial.py
[2023-07-21T10:03:11.961+0000] {processor.py:836} INFO - DAG(s) dict_keys(['example_params_ui_tutorial']) retrieved from /home/airflow/.local/lib/python3.7/site-packages/airflow/example_dags/example_params_ui_tutorial.py
[2023-07-21T10:03:11.977+0000] {logging_mixin.py:150} INFO - [2023-07-21T10:03:11.977+0000] {dag.py:2742} INFO - Sync 1 DAGs
[2023-07-21T10:03:12.013+0000] {logging_mixin.py:150} INFO - [2023-07-21T10:03:12.013+0000] {dag.py:3508} INFO - Setting next_dagrun for example_params_ui_tutorial to None, run_after=None
[2023-07-21T10:03:12.040+0000] {processor.py:179} INFO - Processing /home/airflow/.local/lib/python3.7/site-packages/airflow/example_dags/example_params_ui_tutorial.py took 0.171 seconds
[2023-07-21T10:03:42.140+0000] {processor.py:157} INFO - Started process (PID=705) to work on /home/airflow/.local/lib/python3.7/site-packages/airflow/example_dags/example_params_ui_tutorial.py
[2023-07-21T10:03:42.142+0000] {processor.py:826} INFO - Processing file /home/airflow/.local/lib/python3.7/site-packages/airflow/example_dags/example_params_ui_tutorial.py for tasks to queue
[2023-07-21T10:03:42.144+0000] {logging_mixin.py:150} INFO - [2023-07-21T10:03:42.144+0000] {dagbag.py:541} INFO - Filling up the DagBag from /home/airflow/.local/lib/python3.7/site-packages/airflow/example_dags/example_params_ui_tutorial.py
[2023-07-21T10:03:42.224+0000] {processor.py:836} INFO - DAG(s) dict_keys(['example_params_ui_tutorial']) retrieved from /home/airflow/.local/lib/python3.7/site-packages/airflow/example_dags/example_params_ui_tutorial.py
[2023-07-21T10:03:42.340+0000] {logging_mixin.py:150} INFO - [2023-07-21T10:03:42.340+0000] {dag.py:2742} INFO - Sync 1 DAGs
[2023-07-21T10:03:42.371+0000] {logging_mixin.py:150} INFO - [2023-07-21T10:03:42.371+0000] {dag.py:3508} INFO - Setting next_dagrun for example_params_ui_tutorial to None, run_after=None
[2023-07-21T10:03:42.398+0000] {processor.py:179} INFO - Processing /home/airflow/.local/lib/python3.7/site-packages/airflow/example_dags/example_params_ui_tutorial.py took 0.265 seconds
[2023-07-21T10:04:12.576+0000] {processor.py:157} INFO - Started process (PID=767) to work on /home/airflow/.local/lib/python3.7/site-packages/airflow/example_dags/example_params_ui_tutorial.py
[2023-07-21T10:04:12.578+0000] {processor.py:826} INFO - Processing file /home/airflow/.local/lib/python3.7/site-packages/airflow/example_dags/example_params_ui_tutorial.py for tasks to queue
[2023-07-21T10:04:12.580+0000] {logging_mixin.py:150} INFO - [2023-07-21T10:04:12.580+0000] {dagbag.py:541} INFO - Filling up the DagBag from /home/airflow/.local/lib/python3.7/site-packages/airflow/example_dags/example_params_ui_tutorial.py
[2023-07-21T10:04:12.629+0000] {processor.py:836} INFO - DAG(s) dict_keys(['example_params_ui_tutorial']) retrieved from /home/airflow/.local/lib/python3.7/site-packages/airflow/example_dags/example_params_ui_tutorial.py
[2023-07-21T10:04:12.740+0000] {logging_mixin.py:150} INFO - [2023-07-21T10:04:12.739+0000] {dag.py:2742} INFO - Sync 1 DAGs
[2023-07-21T10:04:12.767+0000] {logging_mixin.py:150} INFO - [2023-07-21T10:04:12.767+0000] {dag.py:3508} INFO - Setting next_dagrun for example_params_ui_tutorial to None, run_after=None
[2023-07-21T10:04:12.788+0000] {processor.py:179} INFO - Processing /home/airflow/.local/lib/python3.7/site-packages/airflow/example_dags/example_params_ui_tutorial.py took 0.216 seconds
[2023-07-21T10:04:42.839+0000] {processor.py:157} INFO - Started process (PID=828) to work on /home/airflow/.local/lib/python3.7/site-packages/airflow/example_dags/example_params_ui_tutorial.py
[2023-07-21T10:04:42.841+0000] {processor.py:826} INFO - Processing file /home/airflow/.local/lib/python3.7/site-packages/airflow/example_dags/example_params_ui_tutorial.py for tasks to queue
[2023-07-21T10:04:42.843+0000] {logging_mixin.py:150} INFO - [2023-07-21T10:04:42.842+0000] {dagbag.py:541} INFO - Filling up the DagBag from /home/airflow/.local/lib/python3.7/site-packages/airflow/example_dags/example_params_ui_tutorial.py
[2023-07-21T10:04:42.919+0000] {processor.py:836} INFO - DAG(s) dict_keys(['example_params_ui_tutorial']) retrieved from /home/airflow/.local/lib/python3.7/site-packages/airflow/example_dags/example_params_ui_tutorial.py
[2023-07-21T10:04:43.029+0000] {logging_mixin.py:150} INFO - [2023-07-21T10:04:43.029+0000] {dag.py:2742} INFO - Sync 1 DAGs
[2023-07-21T10:04:43.061+0000] {logging_mixin.py:150} INFO - [2023-07-21T10:04:43.061+0000] {dag.py:3508} INFO - Setting next_dagrun for example_params_ui_tutorial to None, run_after=None
[2023-07-21T10:04:43.088+0000] {processor.py:179} INFO - Processing /home/airflow/.local/lib/python3.7/site-packages/airflow/example_dags/example_params_ui_tutorial.py took 0.257 seconds
[2023-07-21T10:05:13.789+0000] {processor.py:157} INFO - Started process (PID=888) to work on /home/airflow/.local/lib/python3.7/site-packages/airflow/example_dags/example_params_ui_tutorial.py
[2023-07-21T10:05:13.790+0000] {processor.py:826} INFO - Processing file /home/airflow/.local/lib/python3.7/site-packages/airflow/example_dags/example_params_ui_tutorial.py for tasks to queue
[2023-07-21T10:05:13.792+0000] {logging_mixin.py:150} INFO - [2023-07-21T10:05:13.791+0000] {dagbag.py:541} INFO - Filling up the DagBag from /home/airflow/.local/lib/python3.7/site-packages/airflow/example_dags/example_params_ui_tutorial.py
[2023-07-21T10:05:13.856+0000] {processor.py:836} INFO - DAG(s) dict_keys(['example_params_ui_tutorial']) retrieved from /home/airflow/.local/lib/python3.7/site-packages/airflow/example_dags/example_params_ui_tutorial.py
[2023-07-21T10:05:13.954+0000] {logging_mixin.py:150} INFO - [2023-07-21T10:05:13.953+0000] {dag.py:2742} INFO - Sync 1 DAGs
[2023-07-21T10:05:13.985+0000] {logging_mixin.py:150} INFO - [2023-07-21T10:05:13.985+0000] {dag.py:3508} INFO - Setting next_dagrun for example_params_ui_tutorial to None, run_after=None
[2023-07-21T10:05:14.011+0000] {processor.py:179} INFO - Processing /home/airflow/.local/lib/python3.7/site-packages/airflow/example_dags/example_params_ui_tutorial.py took 0.228 seconds
[2023-07-21T10:05:44.102+0000] {processor.py:157} INFO - Started process (PID=949) to work on /home/airflow/.local/lib/python3.7/site-packages/airflow/example_dags/example_params_ui_tutorial.py
[2023-07-21T10:05:44.105+0000] {processor.py:826} INFO - Processing file /home/airflow/.local/lib/python3.7/site-packages/airflow/example_dags/example_params_ui_tutorial.py for tasks to queue
[2023-07-21T10:05:44.107+0000] {logging_mixin.py:150} INFO - [2023-07-21T10:05:44.106+0000] {dagbag.py:541} INFO - Filling up the DagBag from /home/airflow/.local/lib/python3.7/site-packages/airflow/example_dags/example_params_ui_tutorial.py
[2023-07-21T10:05:44.176+0000] {processor.py:836} INFO - DAG(s) dict_keys(['example_params_ui_tutorial']) retrieved from /home/airflow/.local/lib/python3.7/site-packages/airflow/example_dags/example_params_ui_tutorial.py
[2023-07-21T10:05:44.253+0000] {logging_mixin.py:150} INFO - [2023-07-21T10:05:44.253+0000] {dag.py:2742} INFO - Sync 1 DAGs
[2023-07-21T10:05:44.282+0000] {logging_mixin.py:150} INFO - [2023-07-21T10:05:44.282+0000] {dag.py:3508} INFO - Setting next_dagrun for example_params_ui_tutorial to None, run_after=None
[2023-07-21T10:05:44.307+0000] {processor.py:179} INFO - Processing /home/airflow/.local/lib/python3.7/site-packages/airflow/example_dags/example_params_ui_tutorial.py took 0.214 seconds
[2023-07-21T10:06:14.460+0000] {processor.py:157} INFO - Started process (PID=1010) to work on /home/airflow/.local/lib/python3.7/site-packages/airflow/example_dags/example_params_ui_tutorial.py
[2023-07-21T10:06:14.462+0000] {processor.py:826} INFO - Processing file /home/airflow/.local/lib/python3.7/site-packages/airflow/example_dags/example_params_ui_tutorial.py for tasks to queue
[2023-07-21T10:06:14.463+0000] {logging_mixin.py:150} INFO - [2023-07-21T10:06:14.463+0000] {dagbag.py:541} INFO - Filling up the DagBag from /home/airflow/.local/lib/python3.7/site-packages/airflow/example_dags/example_params_ui_tutorial.py
[2023-07-21T10:06:14.525+0000] {processor.py:836} INFO - DAG(s) dict_keys(['example_params_ui_tutorial']) retrieved from /home/airflow/.local/lib/python3.7/site-packages/airflow/example_dags/example_params_ui_tutorial.py
[2023-07-21T10:06:14.619+0000] {logging_mixin.py:150} INFO - [2023-07-21T10:06:14.619+0000] {dag.py:2742} INFO - Sync 1 DAGs
[2023-07-21T10:06:14.657+0000] {logging_mixin.py:150} INFO - [2023-07-21T10:06:14.657+0000] {dag.py:3508} INFO - Setting next_dagrun for example_params_ui_tutorial to None, run_after=None
[2023-07-21T10:06:14.687+0000] {processor.py:179} INFO - Processing /home/airflow/.local/lib/python3.7/site-packages/airflow/example_dags/example_params_ui_tutorial.py took 0.232 seconds
[2023-07-21T10:06:45.306+0000] {processor.py:157} INFO - Started process (PID=1071) to work on /home/airflow/.local/lib/python3.7/site-packages/airflow/example_dags/example_params_ui_tutorial.py
[2023-07-21T10:06:45.308+0000] {processor.py:826} INFO - Processing file /home/airflow/.local/lib/python3.7/site-packages/airflow/example_dags/example_params_ui_tutorial.py for tasks to queue
[2023-07-21T10:06:45.310+0000] {logging_mixin.py:150} INFO - [2023-07-21T10:06:45.309+0000] {dagbag.py:541} INFO - Filling up the DagBag from /home/airflow/.local/lib/python3.7/site-packages/airflow/example_dags/example_params_ui_tutorial.py
[2023-07-21T10:06:45.382+0000] {processor.py:836} INFO - DAG(s) dict_keys(['example_params_ui_tutorial']) retrieved from /home/airflow/.local/lib/python3.7/site-packages/airflow/example_dags/example_params_ui_tutorial.py
[2023-07-21T10:06:45.480+0000] {logging_mixin.py:150} INFO - [2023-07-21T10:06:45.480+0000] {dag.py:2742} INFO - Sync 1 DAGs
[2023-07-21T10:06:45.515+0000] {logging_mixin.py:150} INFO - [2023-07-21T10:06:45.514+0000] {dag.py:3508} INFO - Setting next_dagrun for example_params_ui_tutorial to None, run_after=None
[2023-07-21T10:06:45.542+0000] {processor.py:179} INFO - Processing /home/airflow/.local/lib/python3.7/site-packages/airflow/example_dags/example_params_ui_tutorial.py took 0.240 seconds
[2023-07-21T10:07:15.887+0000] {processor.py:157} INFO - Started process (PID=1133) to work on /home/airflow/.local/lib/python3.7/site-packages/airflow/example_dags/example_params_ui_tutorial.py
[2023-07-21T10:07:15.891+0000] {processor.py:826} INFO - Processing file /home/airflow/.local/lib/python3.7/site-packages/airflow/example_dags/example_params_ui_tutorial.py for tasks to queue
[2023-07-21T10:07:15.894+0000] {logging_mixin.py:150} INFO - [2023-07-21T10:07:15.893+0000] {dagbag.py:541} INFO - Filling up the DagBag from /home/airflow/.local/lib/python3.7/site-packages/airflow/example_dags/example_params_ui_tutorial.py
[2023-07-21T10:07:16.007+0000] {processor.py:836} INFO - DAG(s) dict_keys(['example_params_ui_tutorial']) retrieved from /home/airflow/.local/lib/python3.7/site-packages/airflow/example_dags/example_params_ui_tutorial.py
[2023-07-21T10:07:16.254+0000] {logging_mixin.py:150} INFO - [2023-07-21T10:07:16.254+0000] {dag.py:2742} INFO - Sync 1 DAGs
[2023-07-21T10:07:16.333+0000] {logging_mixin.py:150} INFO - [2023-07-21T10:07:16.333+0000] {dag.py:3508} INFO - Setting next_dagrun for example_params_ui_tutorial to None, run_after=None
[2023-07-21T10:07:16.429+0000] {processor.py:179} INFO - Processing /home/airflow/.local/lib/python3.7/site-packages/airflow/example_dags/example_params_ui_tutorial.py took 0.547 seconds
[2023-07-21T10:07:46.975+0000] {processor.py:157} INFO - Started process (PID=1193) to work on /home/airflow/.local/lib/python3.7/site-packages/airflow/example_dags/example_params_ui_tutorial.py
[2023-07-21T10:07:46.977+0000] {processor.py:826} INFO - Processing file /home/airflow/.local/lib/python3.7/site-packages/airflow/example_dags/example_params_ui_tutorial.py for tasks to queue
[2023-07-21T10:07:46.979+0000] {logging_mixin.py:150} INFO - [2023-07-21T10:07:46.979+0000] {dagbag.py:541} INFO - Filling up the DagBag from /home/airflow/.local/lib/python3.7/site-packages/airflow/example_dags/example_params_ui_tutorial.py
[2023-07-21T10:07:47.153+0000] {processor.py:836} INFO - DAG(s) dict_keys(['example_params_ui_tutorial']) retrieved from /home/airflow/.local/lib/python3.7/site-packages/airflow/example_dags/example_params_ui_tutorial.py
[2023-07-21T10:07:47.416+0000] {logging_mixin.py:150} INFO - [2023-07-21T10:07:47.415+0000] {dag.py:2742} INFO - Sync 1 DAGs
[2023-07-21T10:07:47.466+0000] {logging_mixin.py:150} INFO - [2023-07-21T10:07:47.465+0000] {dag.py:3508} INFO - Setting next_dagrun for example_params_ui_tutorial to None, run_after=None
[2023-07-21T10:07:47.526+0000] {processor.py:179} INFO - Processing /home/airflow/.local/lib/python3.7/site-packages/airflow/example_dags/example_params_ui_tutorial.py took 0.557 seconds
[2023-07-21T10:08:18.101+0000] {processor.py:157} INFO - Started process (PID=1254) to work on /home/airflow/.local/lib/python3.7/site-packages/airflow/example_dags/example_params_ui_tutorial.py
[2023-07-21T10:08:18.103+0000] {processor.py:826} INFO - Processing file /home/airflow/.local/lib/python3.7/site-packages/airflow/example_dags/example_params_ui_tutorial.py for tasks to queue
[2023-07-21T10:08:18.105+0000] {logging_mixin.py:150} INFO - [2023-07-21T10:08:18.104+0000] {dagbag.py:541} INFO - Filling up the DagBag from /home/airflow/.local/lib/python3.7/site-packages/airflow/example_dags/example_params_ui_tutorial.py
[2023-07-21T10:08:18.162+0000] {processor.py:836} INFO - DAG(s) dict_keys(['example_params_ui_tutorial']) retrieved from /home/airflow/.local/lib/python3.7/site-packages/airflow/example_dags/example_params_ui_tutorial.py
[2023-07-21T10:08:18.248+0000] {logging_mixin.py:150} INFO - [2023-07-21T10:08:18.248+0000] {dag.py:2742} INFO - Sync 1 DAGs
[2023-07-21T10:08:18.285+0000] {logging_mixin.py:150} INFO - [2023-07-21T10:08:18.285+0000] {dag.py:3508} INFO - Setting next_dagrun for example_params_ui_tutorial to None, run_after=None
[2023-07-21T10:08:18.317+0000] {processor.py:179} INFO - Processing /home/airflow/.local/lib/python3.7/site-packages/airflow/example_dags/example_params_ui_tutorial.py took 0.221 seconds
[2023-07-21T10:08:48.401+0000] {processor.py:157} INFO - Started process (PID=1316) to work on /home/airflow/.local/lib/python3.7/site-packages/airflow/example_dags/example_params_ui_tutorial.py
[2023-07-21T10:08:48.403+0000] {processor.py:826} INFO - Processing file /home/airflow/.local/lib/python3.7/site-packages/airflow/example_dags/example_params_ui_tutorial.py for tasks to queue
[2023-07-21T10:08:48.405+0000] {logging_mixin.py:150} INFO - [2023-07-21T10:08:48.404+0000] {dagbag.py:541} INFO - Filling up the DagBag from /home/airflow/.local/lib/python3.7/site-packages/airflow/example_dags/example_params_ui_tutorial.py
[2023-07-21T10:08:48.453+0000] {processor.py:836} INFO - DAG(s) dict_keys(['example_params_ui_tutorial']) retrieved from /home/airflow/.local/lib/python3.7/site-packages/airflow/example_dags/example_params_ui_tutorial.py
[2023-07-21T10:08:48.535+0000] {logging_mixin.py:150} INFO - [2023-07-21T10:08:48.534+0000] {dag.py:2742} INFO - Sync 1 DAGs
[2023-07-21T10:08:48.564+0000] {logging_mixin.py:150} INFO - [2023-07-21T10:08:48.564+0000] {dag.py:3508} INFO - Setting next_dagrun for example_params_ui_tutorial to None, run_after=None
[2023-07-21T10:08:48.593+0000] {processor.py:179} INFO - Processing /home/airflow/.local/lib/python3.7/site-packages/airflow/example_dags/example_params_ui_tutorial.py took 0.197 seconds
[2023-07-21T10:09:18.764+0000] {processor.py:157} INFO - Started process (PID=1377) to work on /home/airflow/.local/lib/python3.7/site-packages/airflow/example_dags/example_params_ui_tutorial.py
[2023-07-21T10:09:18.766+0000] {processor.py:826} INFO - Processing file /home/airflow/.local/lib/python3.7/site-packages/airflow/example_dags/example_params_ui_tutorial.py for tasks to queue
[2023-07-21T10:09:18.767+0000] {logging_mixin.py:150} INFO - [2023-07-21T10:09:18.766+0000] {dagbag.py:541} INFO - Filling up the DagBag from /home/airflow/.local/lib/python3.7/site-packages/airflow/example_dags/example_params_ui_tutorial.py
[2023-07-21T10:09:18.816+0000] {processor.py:836} INFO - DAG(s) dict_keys(['example_params_ui_tutorial']) retrieved from /home/airflow/.local/lib/python3.7/site-packages/airflow/example_dags/example_params_ui_tutorial.py
[2023-07-21T10:09:18.886+0000] {logging_mixin.py:150} INFO - [2023-07-21T10:09:18.886+0000] {dag.py:2742} INFO - Sync 1 DAGs
[2023-07-21T10:09:18.914+0000] {logging_mixin.py:150} INFO - [2023-07-21T10:09:18.914+0000] {dag.py:3508} INFO - Setting next_dagrun for example_params_ui_tutorial to None, run_after=None
[2023-07-21T10:09:18.938+0000] {processor.py:179} INFO - Processing /home/airflow/.local/lib/python3.7/site-packages/airflow/example_dags/example_params_ui_tutorial.py took 0.176 seconds
[2023-07-21T10:09:49.268+0000] {processor.py:157} INFO - Started process (PID=1438) to work on /home/airflow/.local/lib/python3.7/site-packages/airflow/example_dags/example_params_ui_tutorial.py
[2023-07-21T10:09:49.270+0000] {processor.py:826} INFO - Processing file /home/airflow/.local/lib/python3.7/site-packages/airflow/example_dags/example_params_ui_tutorial.py for tasks to queue
[2023-07-21T10:09:49.272+0000] {logging_mixin.py:150} INFO - [2023-07-21T10:09:49.272+0000] {dagbag.py:541} INFO - Filling up the DagBag from /home/airflow/.local/lib/python3.7/site-packages/airflow/example_dags/example_params_ui_tutorial.py
[2023-07-21T10:09:49.336+0000] {processor.py:836} INFO - DAG(s) dict_keys(['example_params_ui_tutorial']) retrieved from /home/airflow/.local/lib/python3.7/site-packages/airflow/example_dags/example_params_ui_tutorial.py
[2023-07-21T10:09:49.424+0000] {logging_mixin.py:150} INFO - [2023-07-21T10:09:49.423+0000] {dag.py:2742} INFO - Sync 1 DAGs
[2023-07-21T10:09:49.453+0000] {logging_mixin.py:150} INFO - [2023-07-21T10:09:49.452+0000] {dag.py:3508} INFO - Setting next_dagrun for example_params_ui_tutorial to None, run_after=None
[2023-07-21T10:09:49.481+0000] {processor.py:179} INFO - Processing /home/airflow/.local/lib/python3.7/site-packages/airflow/example_dags/example_params_ui_tutorial.py took 0.218 seconds
[2023-07-21T10:10:19.571+0000] {processor.py:157} INFO - Started process (PID=1499) to work on /home/airflow/.local/lib/python3.7/site-packages/airflow/example_dags/example_params_ui_tutorial.py
[2023-07-21T10:10:19.572+0000] {processor.py:826} INFO - Processing file /home/airflow/.local/lib/python3.7/site-packages/airflow/example_dags/example_params_ui_tutorial.py for tasks to queue
[2023-07-21T10:10:19.574+0000] {logging_mixin.py:150} INFO - [2023-07-21T10:10:19.573+0000] {dagbag.py:541} INFO - Filling up the DagBag from /home/airflow/.local/lib/python3.7/site-packages/airflow/example_dags/example_params_ui_tutorial.py
[2023-07-21T10:10:19.623+0000] {processor.py:836} INFO - DAG(s) dict_keys(['example_params_ui_tutorial']) retrieved from /home/airflow/.local/lib/python3.7/site-packages/airflow/example_dags/example_params_ui_tutorial.py
[2023-07-21T10:10:19.694+0000] {logging_mixin.py:150} INFO - [2023-07-21T10:10:19.693+0000] {dag.py:2742} INFO - Sync 1 DAGs
[2023-07-21T10:10:19.723+0000] {logging_mixin.py:150} INFO - [2023-07-21T10:10:19.723+0000] {dag.py:3508} INFO - Setting next_dagrun for example_params_ui_tutorial to None, run_after=None
[2023-07-21T10:10:19.747+0000] {processor.py:179} INFO - Processing /home/airflow/.local/lib/python3.7/site-packages/airflow/example_dags/example_params_ui_tutorial.py took 0.181 seconds
[2023-07-21T10:10:50.538+0000] {processor.py:157} INFO - Started process (PID=1560) to work on /home/airflow/.local/lib/python3.7/site-packages/airflow/example_dags/example_params_ui_tutorial.py
[2023-07-21T10:10:50.540+0000] {processor.py:826} INFO - Processing file /home/airflow/.local/lib/python3.7/site-packages/airflow/example_dags/example_params_ui_tutorial.py for tasks to queue
[2023-07-21T10:10:50.543+0000] {logging_mixin.py:150} INFO - [2023-07-21T10:10:50.543+0000] {dagbag.py:541} INFO - Filling up the DagBag from /home/airflow/.local/lib/python3.7/site-packages/airflow/example_dags/example_params_ui_tutorial.py
[2023-07-21T10:10:50.593+0000] {processor.py:836} INFO - DAG(s) dict_keys(['example_params_ui_tutorial']) retrieved from /home/airflow/.local/lib/python3.7/site-packages/airflow/example_dags/example_params_ui_tutorial.py
[2023-07-21T10:10:50.687+0000] {logging_mixin.py:150} INFO - [2023-07-21T10:10:50.687+0000] {dag.py:2742} INFO - Sync 1 DAGs
[2023-07-21T10:10:50.718+0000] {logging_mixin.py:150} INFO - [2023-07-21T10:10:50.717+0000] {dag.py:3508} INFO - Setting next_dagrun for example_params_ui_tutorial to None, run_after=None
[2023-07-21T10:10:50.742+0000] {processor.py:179} INFO - Processing /home/airflow/.local/lib/python3.7/site-packages/airflow/example_dags/example_params_ui_tutorial.py took 0.212 seconds
[2023-07-21T10:11:21.432+0000] {processor.py:157} INFO - Started process (PID=1621) to work on /home/airflow/.local/lib/python3.7/site-packages/airflow/example_dags/example_params_ui_tutorial.py
[2023-07-21T10:11:21.435+0000] {processor.py:826} INFO - Processing file /home/airflow/.local/lib/python3.7/site-packages/airflow/example_dags/example_params_ui_tutorial.py for tasks to queue
[2023-07-21T10:11:21.438+0000] {logging_mixin.py:150} INFO - [2023-07-21T10:11:21.437+0000] {dagbag.py:541} INFO - Filling up the DagBag from /home/airflow/.local/lib/python3.7/site-packages/airflow/example_dags/example_params_ui_tutorial.py
[2023-07-21T10:11:21.552+0000] {processor.py:836} INFO - DAG(s) dict_keys(['example_params_ui_tutorial']) retrieved from /home/airflow/.local/lib/python3.7/site-packages/airflow/example_dags/example_params_ui_tutorial.py
[2023-07-21T10:11:21.668+0000] {logging_mixin.py:150} INFO - [2023-07-21T10:11:21.668+0000] {dag.py:2742} INFO - Sync 1 DAGs
[2023-07-21T10:11:21.698+0000] {logging_mixin.py:150} INFO - [2023-07-21T10:11:21.698+0000] {dag.py:3508} INFO - Setting next_dagrun for example_params_ui_tutorial to None, run_after=None
[2023-07-21T10:11:21.722+0000] {processor.py:179} INFO - Processing /home/airflow/.local/lib/python3.7/site-packages/airflow/example_dags/example_params_ui_tutorial.py took 0.301 seconds
[2023-07-21T10:11:51.781+0000] {processor.py:157} INFO - Started process (PID=1683) to work on /home/airflow/.local/lib/python3.7/site-packages/airflow/example_dags/example_params_ui_tutorial.py
[2023-07-21T10:11:51.788+0000] {processor.py:826} INFO - Processing file /home/airflow/.local/lib/python3.7/site-packages/airflow/example_dags/example_params_ui_tutorial.py for tasks to queue
[2023-07-21T10:11:51.790+0000] {logging_mixin.py:150} INFO - [2023-07-21T10:11:51.790+0000] {dagbag.py:541} INFO - Filling up the DagBag from /home/airflow/.local/lib/python3.7/site-packages/airflow/example_dags/example_params_ui_tutorial.py
[2023-07-21T10:11:51.931+0000] {processor.py:836} INFO - DAG(s) dict_keys(['example_params_ui_tutorial']) retrieved from /home/airflow/.local/lib/python3.7/site-packages/airflow/example_dags/example_params_ui_tutorial.py
[2023-07-21T10:11:52.076+0000] {logging_mixin.py:150} INFO - [2023-07-21T10:11:52.075+0000] {dag.py:2742} INFO - Sync 1 DAGs
[2023-07-21T10:11:52.134+0000] {logging_mixin.py:150} INFO - [2023-07-21T10:11:52.134+0000] {dag.py:3508} INFO - Setting next_dagrun for example_params_ui_tutorial to None, run_after=None
[2023-07-21T10:11:52.184+0000] {processor.py:179} INFO - Processing /home/airflow/.local/lib/python3.7/site-packages/airflow/example_dags/example_params_ui_tutorial.py took 0.416 seconds
[2023-07-21T10:12:22.391+0000] {processor.py:157} INFO - Started process (PID=1743) to work on /home/airflow/.local/lib/python3.7/site-packages/airflow/example_dags/example_params_ui_tutorial.py
[2023-07-21T10:12:22.393+0000] {processor.py:826} INFO - Processing file /home/airflow/.local/lib/python3.7/site-packages/airflow/example_dags/example_params_ui_tutorial.py for tasks to queue
[2023-07-21T10:12:22.395+0000] {logging_mixin.py:150} INFO - [2023-07-21T10:12:22.394+0000] {dagbag.py:541} INFO - Filling up the DagBag from /home/airflow/.local/lib/python3.7/site-packages/airflow/example_dags/example_params_ui_tutorial.py
[2023-07-21T10:12:22.468+0000] {processor.py:836} INFO - DAG(s) dict_keys(['example_params_ui_tutorial']) retrieved from /home/airflow/.local/lib/python3.7/site-packages/airflow/example_dags/example_params_ui_tutorial.py
[2023-07-21T10:12:22.547+0000] {logging_mixin.py:150} INFO - [2023-07-21T10:12:22.547+0000] {dag.py:2742} INFO - Sync 1 DAGs
[2023-07-21T10:12:22.577+0000] {logging_mixin.py:150} INFO - [2023-07-21T10:12:22.576+0000] {dag.py:3508} INFO - Setting next_dagrun for example_params_ui_tutorial to None, run_after=None
[2023-07-21T10:12:22.610+0000] {processor.py:179} INFO - Processing /home/airflow/.local/lib/python3.7/site-packages/airflow/example_dags/example_params_ui_tutorial.py took 0.223 seconds
[2023-07-21T10:12:52.651+0000] {processor.py:157} INFO - Started process (PID=1803) to work on /home/airflow/.local/lib/python3.7/site-packages/airflow/example_dags/example_params_ui_tutorial.py
[2023-07-21T10:12:52.652+0000] {processor.py:826} INFO - Processing file /home/airflow/.local/lib/python3.7/site-packages/airflow/example_dags/example_params_ui_tutorial.py for tasks to queue
[2023-07-21T10:12:52.654+0000] {logging_mixin.py:150} INFO - [2023-07-21T10:12:52.653+0000] {dagbag.py:541} INFO - Filling up the DagBag from /home/airflow/.local/lib/python3.7/site-packages/airflow/example_dags/example_params_ui_tutorial.py
[2023-07-21T10:12:52.698+0000] {processor.py:836} INFO - DAG(s) dict_keys(['example_params_ui_tutorial']) retrieved from /home/airflow/.local/lib/python3.7/site-packages/airflow/example_dags/example_params_ui_tutorial.py
[2023-07-21T10:12:52.774+0000] {logging_mixin.py:150} INFO - [2023-07-21T10:12:52.773+0000] {dag.py:2742} INFO - Sync 1 DAGs
[2023-07-21T10:12:52.916+0000] {logging_mixin.py:150} INFO - [2023-07-21T10:12:52.916+0000] {dag.py:3508} INFO - Setting next_dagrun for example_params_ui_tutorial to None, run_after=None
[2023-07-21T10:12:52.978+0000] {processor.py:179} INFO - Processing /home/airflow/.local/lib/python3.7/site-packages/airflow/example_dags/example_params_ui_tutorial.py took 0.334 seconds
[2023-07-21T10:13:23.876+0000] {processor.py:157} INFO - Started process (PID=1856) to work on /home/airflow/.local/lib/python3.7/site-packages/airflow/example_dags/example_params_ui_tutorial.py
[2023-07-21T10:13:23.878+0000] {processor.py:826} INFO - Processing file /home/airflow/.local/lib/python3.7/site-packages/airflow/example_dags/example_params_ui_tutorial.py for tasks to queue
[2023-07-21T10:13:23.880+0000] {logging_mixin.py:150} INFO - [2023-07-21T10:13:23.879+0000] {dagbag.py:541} INFO - Filling up the DagBag from /home/airflow/.local/lib/python3.7/site-packages/airflow/example_dags/example_params_ui_tutorial.py
[2023-07-21T10:13:23.952+0000] {processor.py:836} INFO - DAG(s) dict_keys(['example_params_ui_tutorial']) retrieved from /home/airflow/.local/lib/python3.7/site-packages/airflow/example_dags/example_params_ui_tutorial.py
[2023-07-21T10:13:24.061+0000] {logging_mixin.py:150} INFO - [2023-07-21T10:13:24.061+0000] {dag.py:2742} INFO - Sync 1 DAGs
[2023-07-21T10:13:24.096+0000] {logging_mixin.py:150} INFO - [2023-07-21T10:13:24.096+0000] {dag.py:3508} INFO - Setting next_dagrun for example_params_ui_tutorial to None, run_after=None
[2023-07-21T10:13:24.126+0000] {processor.py:179} INFO - Processing /home/airflow/.local/lib/python3.7/site-packages/airflow/example_dags/example_params_ui_tutorial.py took 0.256 seconds
[2023-07-21T10:13:54.217+0000] {processor.py:157} INFO - Started process (PID=1917) to work on /home/airflow/.local/lib/python3.7/site-packages/airflow/example_dags/example_params_ui_tutorial.py
[2023-07-21T10:13:54.220+0000] {processor.py:826} INFO - Processing file /home/airflow/.local/lib/python3.7/site-packages/airflow/example_dags/example_params_ui_tutorial.py for tasks to queue
[2023-07-21T10:13:54.224+0000] {logging_mixin.py:150} INFO - [2023-07-21T10:13:54.223+0000] {dagbag.py:541} INFO - Filling up the DagBag from /home/airflow/.local/lib/python3.7/site-packages/airflow/example_dags/example_params_ui_tutorial.py
[2023-07-21T10:13:54.353+0000] {processor.py:836} INFO - DAG(s) dict_keys(['example_params_ui_tutorial']) retrieved from /home/airflow/.local/lib/python3.7/site-packages/airflow/example_dags/example_params_ui_tutorial.py
[2023-07-21T10:13:54.475+0000] {logging_mixin.py:150} INFO - [2023-07-21T10:13:54.474+0000] {dag.py:2742} INFO - Sync 1 DAGs
[2023-07-21T10:13:54.515+0000] {logging_mixin.py:150} INFO - [2023-07-21T10:13:54.515+0000] {dag.py:3508} INFO - Setting next_dagrun for example_params_ui_tutorial to None, run_after=None
[2023-07-21T10:13:54.560+0000] {processor.py:179} INFO - Processing /home/airflow/.local/lib/python3.7/site-packages/airflow/example_dags/example_params_ui_tutorial.py took 0.351 seconds
[2023-07-21T10:14:25.289+0000] {processor.py:157} INFO - Started process (PID=1978) to work on /home/airflow/.local/lib/python3.7/site-packages/airflow/example_dags/example_params_ui_tutorial.py
[2023-07-21T10:14:25.296+0000] {processor.py:826} INFO - Processing file /home/airflow/.local/lib/python3.7/site-packages/airflow/example_dags/example_params_ui_tutorial.py for tasks to queue
[2023-07-21T10:14:25.297+0000] {logging_mixin.py:150} INFO - [2023-07-21T10:14:25.297+0000] {dagbag.py:541} INFO - Filling up the DagBag from /home/airflow/.local/lib/python3.7/site-packages/airflow/example_dags/example_params_ui_tutorial.py
[2023-07-21T10:14:25.376+0000] {processor.py:836} INFO - DAG(s) dict_keys(['example_params_ui_tutorial']) retrieved from /home/airflow/.local/lib/python3.7/site-packages/airflow/example_dags/example_params_ui_tutorial.py
[2023-07-21T10:14:25.481+0000] {logging_mixin.py:150} INFO - [2023-07-21T10:14:25.481+0000] {dag.py:2742} INFO - Sync 1 DAGs
[2023-07-21T10:14:25.516+0000] {logging_mixin.py:150} INFO - [2023-07-21T10:14:25.516+0000] {dag.py:3508} INFO - Setting next_dagrun for example_params_ui_tutorial to None, run_after=None
[2023-07-21T10:14:25.555+0000] {processor.py:179} INFO - Processing /home/airflow/.local/lib/python3.7/site-packages/airflow/example_dags/example_params_ui_tutorial.py took 0.271 seconds
[2023-07-21T10:14:55.619+0000] {processor.py:157} INFO - Started process (PID=2040) to work on /home/airflow/.local/lib/python3.7/site-packages/airflow/example_dags/example_params_ui_tutorial.py
[2023-07-21T10:14:55.621+0000] {processor.py:826} INFO - Processing file /home/airflow/.local/lib/python3.7/site-packages/airflow/example_dags/example_params_ui_tutorial.py for tasks to queue
[2023-07-21T10:14:55.622+0000] {logging_mixin.py:150} INFO - [2023-07-21T10:14:55.622+0000] {dagbag.py:541} INFO - Filling up the DagBag from /home/airflow/.local/lib/python3.7/site-packages/airflow/example_dags/example_params_ui_tutorial.py
[2023-07-21T10:14:55.682+0000] {processor.py:836} INFO - DAG(s) dict_keys(['example_params_ui_tutorial']) retrieved from /home/airflow/.local/lib/python3.7/site-packages/airflow/example_dags/example_params_ui_tutorial.py
[2023-07-21T10:14:55.776+0000] {logging_mixin.py:150} INFO - [2023-07-21T10:14:55.776+0000] {dag.py:2742} INFO - Sync 1 DAGs
[2023-07-21T10:14:55.807+0000] {logging_mixin.py:150} INFO - [2023-07-21T10:14:55.807+0000] {dag.py:3508} INFO - Setting next_dagrun for example_params_ui_tutorial to None, run_after=None
[2023-07-21T10:14:55.842+0000] {processor.py:179} INFO - Processing /home/airflow/.local/lib/python3.7/site-packages/airflow/example_dags/example_params_ui_tutorial.py took 0.228 seconds
