[2023-07-21T09:58:07.044+0000] {processor.py:157} INFO - Started process (PID=39) to work on /home/airflow/.local/lib/python3.7/site-packages/airflow/example_dags/example_dynamic_task_mapping_with_no_taskflow_operators.py
[2023-07-21T09:58:07.046+0000] {processor.py:826} INFO - Processing file /home/airflow/.local/lib/python3.7/site-packages/airflow/example_dags/example_dynamic_task_mapping_with_no_taskflow_operators.py for tasks to queue
[2023-07-21T09:58:07.048+0000] {logging_mixin.py:150} INFO - [2023-07-21T09:58:07.048+0000] {dagbag.py:541} INFO - Filling up the DagBag from /home/airflow/.local/lib/python3.7/site-packages/airflow/example_dags/example_dynamic_task_mapping_with_no_taskflow_operators.py
[2023-07-21T09:58:07.066+0000] {processor.py:836} INFO - DAG(s) dict_keys(['example_dynamic_task_mapping_with_no_taskflow_operators']) retrieved from /home/airflow/.local/lib/python3.7/site-packages/airflow/example_dags/example_dynamic_task_mapping_with_no_taskflow_operators.py
[2023-07-21T09:58:07.122+0000] {logging_mixin.py:150} INFO - [2023-07-21T09:58:07.122+0000] {dag.py:2742} INFO - Sync 1 DAGs
[2023-07-21T09:58:07.390+0000] {logging_mixin.py:150} INFO - [2023-07-21T09:58:07.390+0000] {dag.py:3508} INFO - Setting next_dagrun for example_dynamic_task_mapping_with_no_taskflow_operators to 2023-07-20T09:58:07.389708+00:00, run_after=2023-07-21T09:58:07.389708+00:00
[2023-07-21T09:58:07.449+0000] {processor.py:179} INFO - Processing /home/airflow/.local/lib/python3.7/site-packages/airflow/example_dags/example_dynamic_task_mapping_with_no_taskflow_operators.py took 0.412 seconds
[2023-07-21T09:58:38.020+0000] {processor.py:157} INFO - Started process (PID=100) to work on /home/airflow/.local/lib/python3.7/site-packages/airflow/example_dags/example_dynamic_task_mapping_with_no_taskflow_operators.py
[2023-07-21T09:58:38.022+0000] {processor.py:826} INFO - Processing file /home/airflow/.local/lib/python3.7/site-packages/airflow/example_dags/example_dynamic_task_mapping_with_no_taskflow_operators.py for tasks to queue
[2023-07-21T09:58:38.023+0000] {logging_mixin.py:150} INFO - [2023-07-21T09:58:38.023+0000] {dagbag.py:541} INFO - Filling up the DagBag from /home/airflow/.local/lib/python3.7/site-packages/airflow/example_dags/example_dynamic_task_mapping_with_no_taskflow_operators.py
[2023-07-21T09:58:38.032+0000] {processor.py:836} INFO - DAG(s) dict_keys(['example_dynamic_task_mapping_with_no_taskflow_operators']) retrieved from /home/airflow/.local/lib/python3.7/site-packages/airflow/example_dags/example_dynamic_task_mapping_with_no_taskflow_operators.py
[2023-07-21T09:58:38.049+0000] {logging_mixin.py:150} INFO - [2023-07-21T09:58:38.049+0000] {dag.py:2742} INFO - Sync 1 DAGs
[2023-07-21T09:58:38.100+0000] {logging_mixin.py:150} INFO - [2023-07-21T09:58:38.100+0000] {dag.py:3508} INFO - Setting next_dagrun for example_dynamic_task_mapping_with_no_taskflow_operators to 2023-07-20T09:58:38.099598+00:00, run_after=2023-07-21T09:58:38.099598+00:00
[2023-07-21T09:58:38.147+0000] {processor.py:179} INFO - Processing /home/airflow/.local/lib/python3.7/site-packages/airflow/example_dags/example_dynamic_task_mapping_with_no_taskflow_operators.py took 0.130 seconds
[2023-07-21T09:59:08.835+0000] {processor.py:157} INFO - Started process (PID=161) to work on /home/airflow/.local/lib/python3.7/site-packages/airflow/example_dags/example_dynamic_task_mapping_with_no_taskflow_operators.py
[2023-07-21T09:59:08.837+0000] {processor.py:826} INFO - Processing file /home/airflow/.local/lib/python3.7/site-packages/airflow/example_dags/example_dynamic_task_mapping_with_no_taskflow_operators.py for tasks to queue
[2023-07-21T09:59:08.839+0000] {logging_mixin.py:150} INFO - [2023-07-21T09:59:08.838+0000] {dagbag.py:541} INFO - Filling up the DagBag from /home/airflow/.local/lib/python3.7/site-packages/airflow/example_dags/example_dynamic_task_mapping_with_no_taskflow_operators.py
[2023-07-21T09:59:08.852+0000] {processor.py:836} INFO - DAG(s) dict_keys(['example_dynamic_task_mapping_with_no_taskflow_operators']) retrieved from /home/airflow/.local/lib/python3.7/site-packages/airflow/example_dags/example_dynamic_task_mapping_with_no_taskflow_operators.py
[2023-07-21T09:59:08.898+0000] {logging_mixin.py:150} INFO - [2023-07-21T09:59:08.897+0000] {dag.py:2742} INFO - Sync 1 DAGs
[2023-07-21T09:59:08.956+0000] {logging_mixin.py:150} INFO - [2023-07-21T09:59:08.955+0000] {dag.py:3508} INFO - Setting next_dagrun for example_dynamic_task_mapping_with_no_taskflow_operators to 2023-07-20T09:59:08.955281+00:00, run_after=2023-07-21T09:59:08.955281+00:00
[2023-07-21T09:59:08.997+0000] {processor.py:179} INFO - Processing /home/airflow/.local/lib/python3.7/site-packages/airflow/example_dags/example_dynamic_task_mapping_with_no_taskflow_operators.py took 0.168 seconds
[2023-07-21T09:59:39.045+0000] {processor.py:157} INFO - Started process (PID=221) to work on /home/airflow/.local/lib/python3.7/site-packages/airflow/example_dags/example_dynamic_task_mapping_with_no_taskflow_operators.py
[2023-07-21T09:59:39.050+0000] {processor.py:826} INFO - Processing file /home/airflow/.local/lib/python3.7/site-packages/airflow/example_dags/example_dynamic_task_mapping_with_no_taskflow_operators.py for tasks to queue
[2023-07-21T09:59:39.053+0000] {logging_mixin.py:150} INFO - [2023-07-21T09:59:39.053+0000] {dagbag.py:541} INFO - Filling up the DagBag from /home/airflow/.local/lib/python3.7/site-packages/airflow/example_dags/example_dynamic_task_mapping_with_no_taskflow_operators.py
[2023-07-21T09:59:39.098+0000] {processor.py:836} INFO - DAG(s) dict_keys(['example_dynamic_task_mapping_with_no_taskflow_operators']) retrieved from /home/airflow/.local/lib/python3.7/site-packages/airflow/example_dags/example_dynamic_task_mapping_with_no_taskflow_operators.py
[2023-07-21T09:59:39.195+0000] {logging_mixin.py:150} INFO - [2023-07-21T09:59:39.195+0000] {dag.py:2742} INFO - Sync 1 DAGs
[2023-07-21T09:59:39.312+0000] {logging_mixin.py:150} INFO - [2023-07-21T09:59:39.312+0000] {dag.py:3508} INFO - Setting next_dagrun for example_dynamic_task_mapping_with_no_taskflow_operators to 2023-07-20T09:59:39.302368+00:00, run_after=2023-07-21T09:59:39.302368+00:00
[2023-07-21T09:59:39.365+0000] {processor.py:179} INFO - Processing /home/airflow/.local/lib/python3.7/site-packages/airflow/example_dags/example_dynamic_task_mapping_with_no_taskflow_operators.py took 0.329 seconds
[2023-07-21T10:00:10.572+0000] {processor.py:157} INFO - Started process (PID=283) to work on /home/airflow/.local/lib/python3.7/site-packages/airflow/example_dags/example_dynamic_task_mapping_with_no_taskflow_operators.py
[2023-07-21T10:00:10.573+0000] {processor.py:826} INFO - Processing file /home/airflow/.local/lib/python3.7/site-packages/airflow/example_dags/example_dynamic_task_mapping_with_no_taskflow_operators.py for tasks to queue
[2023-07-21T10:00:10.575+0000] {logging_mixin.py:150} INFO - [2023-07-21T10:00:10.574+0000] {dagbag.py:541} INFO - Filling up the DagBag from /home/airflow/.local/lib/python3.7/site-packages/airflow/example_dags/example_dynamic_task_mapping_with_no_taskflow_operators.py
[2023-07-21T10:00:10.588+0000] {processor.py:836} INFO - DAG(s) dict_keys(['example_dynamic_task_mapping_with_no_taskflow_operators']) retrieved from /home/airflow/.local/lib/python3.7/site-packages/airflow/example_dags/example_dynamic_task_mapping_with_no_taskflow_operators.py
[2023-07-21T10:00:10.658+0000] {logging_mixin.py:150} INFO - [2023-07-21T10:00:10.658+0000] {dag.py:2742} INFO - Sync 1 DAGs
[2023-07-21T10:00:10.713+0000] {logging_mixin.py:150} INFO - [2023-07-21T10:00:10.712+0000] {dag.py:3508} INFO - Setting next_dagrun for example_dynamic_task_mapping_with_no_taskflow_operators to 2023-07-20T10:00:10.711796+00:00, run_after=2023-07-21T10:00:10.711796+00:00
[2023-07-21T10:00:10.766+0000] {processor.py:179} INFO - Processing /home/airflow/.local/lib/python3.7/site-packages/airflow/example_dags/example_dynamic_task_mapping_with_no_taskflow_operators.py took 0.199 seconds
[2023-07-21T10:00:40.849+0000] {processor.py:157} INFO - Started process (PID=343) to work on /home/airflow/.local/lib/python3.7/site-packages/airflow/example_dags/example_dynamic_task_mapping_with_no_taskflow_operators.py
[2023-07-21T10:00:40.851+0000] {processor.py:826} INFO - Processing file /home/airflow/.local/lib/python3.7/site-packages/airflow/example_dags/example_dynamic_task_mapping_with_no_taskflow_operators.py for tasks to queue
[2023-07-21T10:00:40.852+0000] {logging_mixin.py:150} INFO - [2023-07-21T10:00:40.852+0000] {dagbag.py:541} INFO - Filling up the DagBag from /home/airflow/.local/lib/python3.7/site-packages/airflow/example_dags/example_dynamic_task_mapping_with_no_taskflow_operators.py
[2023-07-21T10:00:40.859+0000] {processor.py:836} INFO - DAG(s) dict_keys(['example_dynamic_task_mapping_with_no_taskflow_operators']) retrieved from /home/airflow/.local/lib/python3.7/site-packages/airflow/example_dags/example_dynamic_task_mapping_with_no_taskflow_operators.py
[2023-07-21T10:00:40.886+0000] {logging_mixin.py:150} INFO - [2023-07-21T10:00:40.886+0000] {dag.py:2742} INFO - Sync 1 DAGs
[2023-07-21T10:00:40.921+0000] {logging_mixin.py:150} INFO - [2023-07-21T10:00:40.920+0000] {dag.py:3508} INFO - Setting next_dagrun for example_dynamic_task_mapping_with_no_taskflow_operators to 2023-07-20T10:00:40.920632+00:00, run_after=2023-07-21T10:00:40.920632+00:00
[2023-07-21T10:00:40.945+0000] {processor.py:179} INFO - Processing /home/airflow/.local/lib/python3.7/site-packages/airflow/example_dags/example_dynamic_task_mapping_with_no_taskflow_operators.py took 0.100 seconds
[2023-07-21T10:01:11.026+0000] {processor.py:157} INFO - Started process (PID=404) to work on /home/airflow/.local/lib/python3.7/site-packages/airflow/example_dags/example_dynamic_task_mapping_with_no_taskflow_operators.py
[2023-07-21T10:01:11.028+0000] {processor.py:826} INFO - Processing file /home/airflow/.local/lib/python3.7/site-packages/airflow/example_dags/example_dynamic_task_mapping_with_no_taskflow_operators.py for tasks to queue
[2023-07-21T10:01:11.029+0000] {logging_mixin.py:150} INFO - [2023-07-21T10:01:11.029+0000] {dagbag.py:541} INFO - Filling up the DagBag from /home/airflow/.local/lib/python3.7/site-packages/airflow/example_dags/example_dynamic_task_mapping_with_no_taskflow_operators.py
[2023-07-21T10:01:11.041+0000] {processor.py:836} INFO - DAG(s) dict_keys(['example_dynamic_task_mapping_with_no_taskflow_operators']) retrieved from /home/airflow/.local/lib/python3.7/site-packages/airflow/example_dags/example_dynamic_task_mapping_with_no_taskflow_operators.py
[2023-07-21T10:01:11.066+0000] {logging_mixin.py:150} INFO - [2023-07-21T10:01:11.065+0000] {dag.py:2742} INFO - Sync 1 DAGs
[2023-07-21T10:01:11.103+0000] {logging_mixin.py:150} INFO - [2023-07-21T10:01:11.103+0000] {dag.py:3508} INFO - Setting next_dagrun for example_dynamic_task_mapping_with_no_taskflow_operators to 2023-07-20T10:01:11.103226+00:00, run_after=2023-07-21T10:01:11.103226+00:00
[2023-07-21T10:01:11.137+0000] {processor.py:179} INFO - Processing /home/airflow/.local/lib/python3.7/site-packages/airflow/example_dags/example_dynamic_task_mapping_with_no_taskflow_operators.py took 0.115 seconds
[2023-07-21T10:01:41.930+0000] {processor.py:157} INFO - Started process (PID=465) to work on /home/airflow/.local/lib/python3.7/site-packages/airflow/example_dags/example_dynamic_task_mapping_with_no_taskflow_operators.py
[2023-07-21T10:01:41.933+0000] {processor.py:826} INFO - Processing file /home/airflow/.local/lib/python3.7/site-packages/airflow/example_dags/example_dynamic_task_mapping_with_no_taskflow_operators.py for tasks to queue
[2023-07-21T10:01:41.939+0000] {logging_mixin.py:150} INFO - [2023-07-21T10:01:41.938+0000] {dagbag.py:541} INFO - Filling up the DagBag from /home/airflow/.local/lib/python3.7/site-packages/airflow/example_dags/example_dynamic_task_mapping_with_no_taskflow_operators.py
[2023-07-21T10:01:41.961+0000] {processor.py:836} INFO - DAG(s) dict_keys(['example_dynamic_task_mapping_with_no_taskflow_operators']) retrieved from /home/airflow/.local/lib/python3.7/site-packages/airflow/example_dags/example_dynamic_task_mapping_with_no_taskflow_operators.py
[2023-07-21T10:01:42.047+0000] {logging_mixin.py:150} INFO - [2023-07-21T10:01:42.046+0000] {dag.py:2742} INFO - Sync 1 DAGs
[2023-07-21T10:01:42.125+0000] {logging_mixin.py:150} INFO - [2023-07-21T10:01:42.125+0000] {dag.py:3508} INFO - Setting next_dagrun for example_dynamic_task_mapping_with_no_taskflow_operators to 2023-07-20T10:01:42.124616+00:00, run_after=2023-07-21T10:01:42.124616+00:00
[2023-07-21T10:01:42.202+0000] {processor.py:179} INFO - Processing /home/airflow/.local/lib/python3.7/site-packages/airflow/example_dags/example_dynamic_task_mapping_with_no_taskflow_operators.py took 0.277 seconds
[2023-07-21T10:02:12.486+0000] {processor.py:157} INFO - Started process (PID=527) to work on /home/airflow/.local/lib/python3.7/site-packages/airflow/example_dags/example_dynamic_task_mapping_with_no_taskflow_operators.py
[2023-07-21T10:02:12.488+0000] {processor.py:826} INFO - Processing file /home/airflow/.local/lib/python3.7/site-packages/airflow/example_dags/example_dynamic_task_mapping_with_no_taskflow_operators.py for tasks to queue
[2023-07-21T10:02:12.491+0000] {logging_mixin.py:150} INFO - [2023-07-21T10:02:12.490+0000] {dagbag.py:541} INFO - Filling up the DagBag from /home/airflow/.local/lib/python3.7/site-packages/airflow/example_dags/example_dynamic_task_mapping_with_no_taskflow_operators.py
[2023-07-21T10:02:12.505+0000] {processor.py:836} INFO - DAG(s) dict_keys(['example_dynamic_task_mapping_with_no_taskflow_operators']) retrieved from /home/airflow/.local/lib/python3.7/site-packages/airflow/example_dags/example_dynamic_task_mapping_with_no_taskflow_operators.py
[2023-07-21T10:02:12.547+0000] {logging_mixin.py:150} INFO - [2023-07-21T10:02:12.547+0000] {dag.py:2742} INFO - Sync 1 DAGs
[2023-07-21T10:02:12.591+0000] {logging_mixin.py:150} INFO - [2023-07-21T10:02:12.591+0000] {dag.py:3508} INFO - Setting next_dagrun for example_dynamic_task_mapping_with_no_taskflow_operators to 2023-07-20T10:02:12.590624+00:00, run_after=2023-07-21T10:02:12.590624+00:00
[2023-07-21T10:02:12.627+0000] {processor.py:179} INFO - Processing /home/airflow/.local/lib/python3.7/site-packages/airflow/example_dags/example_dynamic_task_mapping_with_no_taskflow_operators.py took 0.152 seconds
[2023-07-21T10:02:43.504+0000] {processor.py:157} INFO - Started process (PID=588) to work on /home/airflow/.local/lib/python3.7/site-packages/airflow/example_dags/example_dynamic_task_mapping_with_no_taskflow_operators.py
[2023-07-21T10:02:43.511+0000] {processor.py:826} INFO - Processing file /home/airflow/.local/lib/python3.7/site-packages/airflow/example_dags/example_dynamic_task_mapping_with_no_taskflow_operators.py for tasks to queue
[2023-07-21T10:02:43.514+0000] {logging_mixin.py:150} INFO - [2023-07-21T10:02:43.514+0000] {dagbag.py:541} INFO - Filling up the DagBag from /home/airflow/.local/lib/python3.7/site-packages/airflow/example_dags/example_dynamic_task_mapping_with_no_taskflow_operators.py
[2023-07-21T10:02:43.551+0000] {processor.py:836} INFO - DAG(s) dict_keys(['example_dynamic_task_mapping_with_no_taskflow_operators']) retrieved from /home/airflow/.local/lib/python3.7/site-packages/airflow/example_dags/example_dynamic_task_mapping_with_no_taskflow_operators.py
[2023-07-21T10:02:43.622+0000] {logging_mixin.py:150} INFO - [2023-07-21T10:02:43.621+0000] {dag.py:2742} INFO - Sync 1 DAGs
[2023-07-21T10:02:43.680+0000] {logging_mixin.py:150} INFO - [2023-07-21T10:02:43.680+0000] {dag.py:3508} INFO - Setting next_dagrun for example_dynamic_task_mapping_with_no_taskflow_operators to 2023-07-20T10:02:43.679946+00:00, run_after=2023-07-21T10:02:43.679946+00:00
[2023-07-21T10:02:43.718+0000] {processor.py:179} INFO - Processing /home/airflow/.local/lib/python3.7/site-packages/airflow/example_dags/example_dynamic_task_mapping_with_no_taskflow_operators.py took 0.234 seconds
[2023-07-21T10:03:14.185+0000] {processor.py:157} INFO - Started process (PID=649) to work on /home/airflow/.local/lib/python3.7/site-packages/airflow/example_dags/example_dynamic_task_mapping_with_no_taskflow_operators.py
[2023-07-21T10:03:14.187+0000] {processor.py:826} INFO - Processing file /home/airflow/.local/lib/python3.7/site-packages/airflow/example_dags/example_dynamic_task_mapping_with_no_taskflow_operators.py for tasks to queue
[2023-07-21T10:03:14.190+0000] {logging_mixin.py:150} INFO - [2023-07-21T10:03:14.189+0000] {dagbag.py:541} INFO - Filling up the DagBag from /home/airflow/.local/lib/python3.7/site-packages/airflow/example_dags/example_dynamic_task_mapping_with_no_taskflow_operators.py
[2023-07-21T10:03:14.206+0000] {processor.py:836} INFO - DAG(s) dict_keys(['example_dynamic_task_mapping_with_no_taskflow_operators']) retrieved from /home/airflow/.local/lib/python3.7/site-packages/airflow/example_dags/example_dynamic_task_mapping_with_no_taskflow_operators.py
[2023-07-21T10:03:14.241+0000] {logging_mixin.py:150} INFO - [2023-07-21T10:03:14.240+0000] {dag.py:2742} INFO - Sync 1 DAGs
[2023-07-21T10:03:14.321+0000] {logging_mixin.py:150} INFO - [2023-07-21T10:03:14.320+0000] {dag.py:3508} INFO - Setting next_dagrun for example_dynamic_task_mapping_with_no_taskflow_operators to 2023-07-20T10:03:14.320217+00:00, run_after=2023-07-21T10:03:14.320217+00:00
[2023-07-21T10:03:14.364+0000] {processor.py:179} INFO - Processing /home/airflow/.local/lib/python3.7/site-packages/airflow/example_dags/example_dynamic_task_mapping_with_no_taskflow_operators.py took 0.188 seconds
[2023-07-21T10:03:44.492+0000] {processor.py:157} INFO - Started process (PID=710) to work on /home/airflow/.local/lib/python3.7/site-packages/airflow/example_dags/example_dynamic_task_mapping_with_no_taskflow_operators.py
[2023-07-21T10:03:44.493+0000] {processor.py:826} INFO - Processing file /home/airflow/.local/lib/python3.7/site-packages/airflow/example_dags/example_dynamic_task_mapping_with_no_taskflow_operators.py for tasks to queue
[2023-07-21T10:03:44.495+0000] {logging_mixin.py:150} INFO - [2023-07-21T10:03:44.494+0000] {dagbag.py:541} INFO - Filling up the DagBag from /home/airflow/.local/lib/python3.7/site-packages/airflow/example_dags/example_dynamic_task_mapping_with_no_taskflow_operators.py
[2023-07-21T10:03:44.503+0000] {processor.py:836} INFO - DAG(s) dict_keys(['example_dynamic_task_mapping_with_no_taskflow_operators']) retrieved from /home/airflow/.local/lib/python3.7/site-packages/airflow/example_dags/example_dynamic_task_mapping_with_no_taskflow_operators.py
[2023-07-21T10:03:44.532+0000] {logging_mixin.py:150} INFO - [2023-07-21T10:03:44.531+0000] {dag.py:2742} INFO - Sync 1 DAGs
[2023-07-21T10:03:44.559+0000] {logging_mixin.py:150} INFO - [2023-07-21T10:03:44.558+0000] {dag.py:3508} INFO - Setting next_dagrun for example_dynamic_task_mapping_with_no_taskflow_operators to 2023-07-20T10:03:44.558446+00:00, run_after=2023-07-21T10:03:44.558446+00:00
[2023-07-21T10:03:44.581+0000] {processor.py:179} INFO - Processing /home/airflow/.local/lib/python3.7/site-packages/airflow/example_dags/example_dynamic_task_mapping_with_no_taskflow_operators.py took 0.094 seconds
[2023-07-21T10:04:14.869+0000] {processor.py:157} INFO - Started process (PID=771) to work on /home/airflow/.local/lib/python3.7/site-packages/airflow/example_dags/example_dynamic_task_mapping_with_no_taskflow_operators.py
[2023-07-21T10:04:14.872+0000] {processor.py:826} INFO - Processing file /home/airflow/.local/lib/python3.7/site-packages/airflow/example_dags/example_dynamic_task_mapping_with_no_taskflow_operators.py for tasks to queue
[2023-07-21T10:04:14.874+0000] {logging_mixin.py:150} INFO - [2023-07-21T10:04:14.873+0000] {dagbag.py:541} INFO - Filling up the DagBag from /home/airflow/.local/lib/python3.7/site-packages/airflow/example_dags/example_dynamic_task_mapping_with_no_taskflow_operators.py
[2023-07-21T10:04:14.887+0000] {processor.py:836} INFO - DAG(s) dict_keys(['example_dynamic_task_mapping_with_no_taskflow_operators']) retrieved from /home/airflow/.local/lib/python3.7/site-packages/airflow/example_dags/example_dynamic_task_mapping_with_no_taskflow_operators.py
[2023-07-21T10:04:14.931+0000] {logging_mixin.py:150} INFO - [2023-07-21T10:04:14.931+0000] {dag.py:2742} INFO - Sync 1 DAGs
[2023-07-21T10:04:14.983+0000] {logging_mixin.py:150} INFO - [2023-07-21T10:04:14.983+0000] {dag.py:3508} INFO - Setting next_dagrun for example_dynamic_task_mapping_with_no_taskflow_operators to 2023-07-20T10:04:14.982732+00:00, run_after=2023-07-21T10:04:14.982732+00:00
[2023-07-21T10:04:15.012+0000] {processor.py:179} INFO - Processing /home/airflow/.local/lib/python3.7/site-packages/airflow/example_dags/example_dynamic_task_mapping_with_no_taskflow_operators.py took 0.150 seconds
[2023-07-21T10:04:45.164+0000] {processor.py:157} INFO - Started process (PID=832) to work on /home/airflow/.local/lib/python3.7/site-packages/airflow/example_dags/example_dynamic_task_mapping_with_no_taskflow_operators.py
[2023-07-21T10:04:45.166+0000] {processor.py:826} INFO - Processing file /home/airflow/.local/lib/python3.7/site-packages/airflow/example_dags/example_dynamic_task_mapping_with_no_taskflow_operators.py for tasks to queue
[2023-07-21T10:04:45.169+0000] {logging_mixin.py:150} INFO - [2023-07-21T10:04:45.168+0000] {dagbag.py:541} INFO - Filling up the DagBag from /home/airflow/.local/lib/python3.7/site-packages/airflow/example_dags/example_dynamic_task_mapping_with_no_taskflow_operators.py
[2023-07-21T10:04:45.185+0000] {processor.py:836} INFO - DAG(s) dict_keys(['example_dynamic_task_mapping_with_no_taskflow_operators']) retrieved from /home/airflow/.local/lib/python3.7/site-packages/airflow/example_dags/example_dynamic_task_mapping_with_no_taskflow_operators.py
[2023-07-21T10:04:45.246+0000] {logging_mixin.py:150} INFO - [2023-07-21T10:04:45.245+0000] {dag.py:2742} INFO - Sync 1 DAGs
[2023-07-21T10:04:45.299+0000] {logging_mixin.py:150} INFO - [2023-07-21T10:04:45.299+0000] {dag.py:3508} INFO - Setting next_dagrun for example_dynamic_task_mapping_with_no_taskflow_operators to 2023-07-20T10:04:45.299072+00:00, run_after=2023-07-21T10:04:45.299072+00:00
[2023-07-21T10:04:45.336+0000] {processor.py:179} INFO - Processing /home/airflow/.local/lib/python3.7/site-packages/airflow/example_dags/example_dynamic_task_mapping_with_no_taskflow_operators.py took 0.178 seconds
[2023-07-21T10:05:16.143+0000] {processor.py:157} INFO - Started process (PID=893) to work on /home/airflow/.local/lib/python3.7/site-packages/airflow/example_dags/example_dynamic_task_mapping_with_no_taskflow_operators.py
[2023-07-21T10:05:16.145+0000] {processor.py:826} INFO - Processing file /home/airflow/.local/lib/python3.7/site-packages/airflow/example_dags/example_dynamic_task_mapping_with_no_taskflow_operators.py for tasks to queue
[2023-07-21T10:05:16.146+0000] {logging_mixin.py:150} INFO - [2023-07-21T10:05:16.146+0000] {dagbag.py:541} INFO - Filling up the DagBag from /home/airflow/.local/lib/python3.7/site-packages/airflow/example_dags/example_dynamic_task_mapping_with_no_taskflow_operators.py
[2023-07-21T10:05:16.156+0000] {processor.py:836} INFO - DAG(s) dict_keys(['example_dynamic_task_mapping_with_no_taskflow_operators']) retrieved from /home/airflow/.local/lib/python3.7/site-packages/airflow/example_dags/example_dynamic_task_mapping_with_no_taskflow_operators.py
[2023-07-21T10:05:16.191+0000] {logging_mixin.py:150} INFO - [2023-07-21T10:05:16.191+0000] {dag.py:2742} INFO - Sync 1 DAGs
[2023-07-21T10:05:16.218+0000] {logging_mixin.py:150} INFO - [2023-07-21T10:05:16.218+0000] {dag.py:3508} INFO - Setting next_dagrun for example_dynamic_task_mapping_with_no_taskflow_operators to 2023-07-20T10:05:16.218000+00:00, run_after=2023-07-21T10:05:16.218000+00:00
[2023-07-21T10:05:16.245+0000] {processor.py:179} INFO - Processing /home/airflow/.local/lib/python3.7/site-packages/airflow/example_dags/example_dynamic_task_mapping_with_no_taskflow_operators.py took 0.106 seconds
[2023-07-21T10:05:46.391+0000] {processor.py:157} INFO - Started process (PID=954) to work on /home/airflow/.local/lib/python3.7/site-packages/airflow/example_dags/example_dynamic_task_mapping_with_no_taskflow_operators.py
[2023-07-21T10:05:46.393+0000] {processor.py:826} INFO - Processing file /home/airflow/.local/lib/python3.7/site-packages/airflow/example_dags/example_dynamic_task_mapping_with_no_taskflow_operators.py for tasks to queue
[2023-07-21T10:05:46.394+0000] {logging_mixin.py:150} INFO - [2023-07-21T10:05:46.394+0000] {dagbag.py:541} INFO - Filling up the DagBag from /home/airflow/.local/lib/python3.7/site-packages/airflow/example_dags/example_dynamic_task_mapping_with_no_taskflow_operators.py
[2023-07-21T10:05:46.404+0000] {processor.py:836} INFO - DAG(s) dict_keys(['example_dynamic_task_mapping_with_no_taskflow_operators']) retrieved from /home/airflow/.local/lib/python3.7/site-packages/airflow/example_dags/example_dynamic_task_mapping_with_no_taskflow_operators.py
[2023-07-21T10:05:46.436+0000] {logging_mixin.py:150} INFO - [2023-07-21T10:05:46.435+0000] {dag.py:2742} INFO - Sync 1 DAGs
[2023-07-21T10:05:46.464+0000] {logging_mixin.py:150} INFO - [2023-07-21T10:05:46.463+0000] {dag.py:3508} INFO - Setting next_dagrun for example_dynamic_task_mapping_with_no_taskflow_operators to 2023-07-20T10:05:46.463671+00:00, run_after=2023-07-21T10:05:46.463671+00:00
[2023-07-21T10:05:46.486+0000] {processor.py:179} INFO - Processing /home/airflow/.local/lib/python3.7/site-packages/airflow/example_dags/example_dynamic_task_mapping_with_no_taskflow_operators.py took 0.099 seconds
[2023-07-21T10:06:16.766+0000] {processor.py:157} INFO - Started process (PID=1015) to work on /home/airflow/.local/lib/python3.7/site-packages/airflow/example_dags/example_dynamic_task_mapping_with_no_taskflow_operators.py
[2023-07-21T10:06:16.767+0000] {processor.py:826} INFO - Processing file /home/airflow/.local/lib/python3.7/site-packages/airflow/example_dags/example_dynamic_task_mapping_with_no_taskflow_operators.py for tasks to queue
[2023-07-21T10:06:16.768+0000] {logging_mixin.py:150} INFO - [2023-07-21T10:06:16.768+0000] {dagbag.py:541} INFO - Filling up the DagBag from /home/airflow/.local/lib/python3.7/site-packages/airflow/example_dags/example_dynamic_task_mapping_with_no_taskflow_operators.py
[2023-07-21T10:06:16.778+0000] {processor.py:836} INFO - DAG(s) dict_keys(['example_dynamic_task_mapping_with_no_taskflow_operators']) retrieved from /home/airflow/.local/lib/python3.7/site-packages/airflow/example_dags/example_dynamic_task_mapping_with_no_taskflow_operators.py
[2023-07-21T10:06:16.807+0000] {logging_mixin.py:150} INFO - [2023-07-21T10:06:16.807+0000] {dag.py:2742} INFO - Sync 1 DAGs
[2023-07-21T10:06:16.839+0000] {logging_mixin.py:150} INFO - [2023-07-21T10:06:16.839+0000] {dag.py:3508} INFO - Setting next_dagrun for example_dynamic_task_mapping_with_no_taskflow_operators to 2023-07-20T10:06:16.839059+00:00, run_after=2023-07-21T10:06:16.839059+00:00
[2023-07-21T10:06:16.865+0000] {processor.py:179} INFO - Processing /home/airflow/.local/lib/python3.7/site-packages/airflow/example_dags/example_dynamic_task_mapping_with_no_taskflow_operators.py took 0.102 seconds
[2023-07-21T10:06:47.631+0000] {processor.py:157} INFO - Started process (PID=1076) to work on /home/airflow/.local/lib/python3.7/site-packages/airflow/example_dags/example_dynamic_task_mapping_with_no_taskflow_operators.py
[2023-07-21T10:06:47.633+0000] {processor.py:826} INFO - Processing file /home/airflow/.local/lib/python3.7/site-packages/airflow/example_dags/example_dynamic_task_mapping_with_no_taskflow_operators.py for tasks to queue
[2023-07-21T10:06:47.635+0000] {logging_mixin.py:150} INFO - [2023-07-21T10:06:47.634+0000] {dagbag.py:541} INFO - Filling up the DagBag from /home/airflow/.local/lib/python3.7/site-packages/airflow/example_dags/example_dynamic_task_mapping_with_no_taskflow_operators.py
[2023-07-21T10:06:47.646+0000] {processor.py:836} INFO - DAG(s) dict_keys(['example_dynamic_task_mapping_with_no_taskflow_operators']) retrieved from /home/airflow/.local/lib/python3.7/site-packages/airflow/example_dags/example_dynamic_task_mapping_with_no_taskflow_operators.py
[2023-07-21T10:06:47.677+0000] {logging_mixin.py:150} INFO - [2023-07-21T10:06:47.677+0000] {dag.py:2742} INFO - Sync 1 DAGs
[2023-07-21T10:06:47.707+0000] {logging_mixin.py:150} INFO - [2023-07-21T10:06:47.707+0000] {dag.py:3508} INFO - Setting next_dagrun for example_dynamic_task_mapping_with_no_taskflow_operators to 2023-07-20T10:06:47.706832+00:00, run_after=2023-07-21T10:06:47.706832+00:00
[2023-07-21T10:06:47.780+0000] {processor.py:179} INFO - Processing /home/airflow/.local/lib/python3.7/site-packages/airflow/example_dags/example_dynamic_task_mapping_with_no_taskflow_operators.py took 0.152 seconds
[2023-07-21T10:07:18.718+0000] {processor.py:157} INFO - Started process (PID=1137) to work on /home/airflow/.local/lib/python3.7/site-packages/airflow/example_dags/example_dynamic_task_mapping_with_no_taskflow_operators.py
[2023-07-21T10:07:18.719+0000] {processor.py:826} INFO - Processing file /home/airflow/.local/lib/python3.7/site-packages/airflow/example_dags/example_dynamic_task_mapping_with_no_taskflow_operators.py for tasks to queue
[2023-07-21T10:07:18.721+0000] {logging_mixin.py:150} INFO - [2023-07-21T10:07:18.720+0000] {dagbag.py:541} INFO - Filling up the DagBag from /home/airflow/.local/lib/python3.7/site-packages/airflow/example_dags/example_dynamic_task_mapping_with_no_taskflow_operators.py
[2023-07-21T10:07:18.730+0000] {processor.py:836} INFO - DAG(s) dict_keys(['example_dynamic_task_mapping_with_no_taskflow_operators']) retrieved from /home/airflow/.local/lib/python3.7/site-packages/airflow/example_dags/example_dynamic_task_mapping_with_no_taskflow_operators.py
[2023-07-21T10:07:18.762+0000] {logging_mixin.py:150} INFO - [2023-07-21T10:07:18.761+0000] {dag.py:2742} INFO - Sync 1 DAGs
[2023-07-21T10:07:18.794+0000] {logging_mixin.py:150} INFO - [2023-07-21T10:07:18.794+0000] {dag.py:3508} INFO - Setting next_dagrun for example_dynamic_task_mapping_with_no_taskflow_operators to 2023-07-20T10:07:18.793984+00:00, run_after=2023-07-21T10:07:18.793984+00:00
[2023-07-21T10:07:18.825+0000] {processor.py:179} INFO - Processing /home/airflow/.local/lib/python3.7/site-packages/airflow/example_dags/example_dynamic_task_mapping_with_no_taskflow_operators.py took 0.111 seconds
[2023-07-21T10:07:48.904+0000] {processor.py:157} INFO - Started process (PID=1198) to work on /home/airflow/.local/lib/python3.7/site-packages/airflow/example_dags/example_dynamic_task_mapping_with_no_taskflow_operators.py
[2023-07-21T10:07:48.911+0000] {processor.py:826} INFO - Processing file /home/airflow/.local/lib/python3.7/site-packages/airflow/example_dags/example_dynamic_task_mapping_with_no_taskflow_operators.py for tasks to queue
[2023-07-21T10:07:48.913+0000] {logging_mixin.py:150} INFO - [2023-07-21T10:07:48.912+0000] {dagbag.py:541} INFO - Filling up the DagBag from /home/airflow/.local/lib/python3.7/site-packages/airflow/example_dags/example_dynamic_task_mapping_with_no_taskflow_operators.py
[2023-07-21T10:07:48.961+0000] {processor.py:836} INFO - DAG(s) dict_keys(['example_dynamic_task_mapping_with_no_taskflow_operators']) retrieved from /home/airflow/.local/lib/python3.7/site-packages/airflow/example_dags/example_dynamic_task_mapping_with_no_taskflow_operators.py
[2023-07-21T10:07:49.021+0000] {logging_mixin.py:150} INFO - [2023-07-21T10:07:49.020+0000] {dag.py:2742} INFO - Sync 1 DAGs
[2023-07-21T10:07:49.236+0000] {logging_mixin.py:150} INFO - [2023-07-21T10:07:49.235+0000] {dag.py:3508} INFO - Setting next_dagrun for example_dynamic_task_mapping_with_no_taskflow_operators to 2023-07-20T10:07:49.235155+00:00, run_after=2023-07-21T10:07:49.235155+00:00
[2023-07-21T10:07:49.371+0000] {processor.py:179} INFO - Processing /home/airflow/.local/lib/python3.7/site-packages/airflow/example_dags/example_dynamic_task_mapping_with_no_taskflow_operators.py took 0.477 seconds
[2023-07-21T10:08:19.527+0000] {processor.py:157} INFO - Started process (PID=1258) to work on /home/airflow/.local/lib/python3.7/site-packages/airflow/example_dags/example_dynamic_task_mapping_with_no_taskflow_operators.py
[2023-07-21T10:08:19.528+0000] {processor.py:826} INFO - Processing file /home/airflow/.local/lib/python3.7/site-packages/airflow/example_dags/example_dynamic_task_mapping_with_no_taskflow_operators.py for tasks to queue
[2023-07-21T10:08:19.530+0000] {logging_mixin.py:150} INFO - [2023-07-21T10:08:19.529+0000] {dagbag.py:541} INFO - Filling up the DagBag from /home/airflow/.local/lib/python3.7/site-packages/airflow/example_dags/example_dynamic_task_mapping_with_no_taskflow_operators.py
[2023-07-21T10:08:19.539+0000] {processor.py:836} INFO - DAG(s) dict_keys(['example_dynamic_task_mapping_with_no_taskflow_operators']) retrieved from /home/airflow/.local/lib/python3.7/site-packages/airflow/example_dags/example_dynamic_task_mapping_with_no_taskflow_operators.py
[2023-07-21T10:08:19.571+0000] {logging_mixin.py:150} INFO - [2023-07-21T10:08:19.571+0000] {dag.py:2742} INFO - Sync 1 DAGs
[2023-07-21T10:08:19.602+0000] {logging_mixin.py:150} INFO - [2023-07-21T10:08:19.601+0000] {dag.py:3508} INFO - Setting next_dagrun for example_dynamic_task_mapping_with_no_taskflow_operators to 2023-07-20T10:08:19.601538+00:00, run_after=2023-07-21T10:08:19.601538+00:00
[2023-07-21T10:08:19.631+0000] {processor.py:179} INFO - Processing /home/airflow/.local/lib/python3.7/site-packages/airflow/example_dags/example_dynamic_task_mapping_with_no_taskflow_operators.py took 0.108 seconds
[2023-07-21T10:08:49.679+0000] {processor.py:157} INFO - Started process (PID=1320) to work on /home/airflow/.local/lib/python3.7/site-packages/airflow/example_dags/example_dynamic_task_mapping_with_no_taskflow_operators.py
[2023-07-21T10:08:49.680+0000] {processor.py:826} INFO - Processing file /home/airflow/.local/lib/python3.7/site-packages/airflow/example_dags/example_dynamic_task_mapping_with_no_taskflow_operators.py for tasks to queue
[2023-07-21T10:08:49.681+0000] {logging_mixin.py:150} INFO - [2023-07-21T10:08:49.681+0000] {dagbag.py:541} INFO - Filling up the DagBag from /home/airflow/.local/lib/python3.7/site-packages/airflow/example_dags/example_dynamic_task_mapping_with_no_taskflow_operators.py
[2023-07-21T10:08:49.691+0000] {processor.py:836} INFO - DAG(s) dict_keys(['example_dynamic_task_mapping_with_no_taskflow_operators']) retrieved from /home/airflow/.local/lib/python3.7/site-packages/airflow/example_dags/example_dynamic_task_mapping_with_no_taskflow_operators.py
[2023-07-21T10:08:49.720+0000] {logging_mixin.py:150} INFO - [2023-07-21T10:08:49.719+0000] {dag.py:2742} INFO - Sync 1 DAGs
[2023-07-21T10:08:49.751+0000] {logging_mixin.py:150} INFO - [2023-07-21T10:08:49.751+0000] {dag.py:3508} INFO - Setting next_dagrun for example_dynamic_task_mapping_with_no_taskflow_operators to 2023-07-20T10:08:49.750948+00:00, run_after=2023-07-21T10:08:49.750948+00:00
[2023-07-21T10:08:49.779+0000] {processor.py:179} INFO - Processing /home/airflow/.local/lib/python3.7/site-packages/airflow/example_dags/example_dynamic_task_mapping_with_no_taskflow_operators.py took 0.104 seconds
[2023-07-21T10:09:19.987+0000] {processor.py:157} INFO - Started process (PID=1381) to work on /home/airflow/.local/lib/python3.7/site-packages/airflow/example_dags/example_dynamic_task_mapping_with_no_taskflow_operators.py
[2023-07-21T10:09:19.988+0000] {processor.py:826} INFO - Processing file /home/airflow/.local/lib/python3.7/site-packages/airflow/example_dags/example_dynamic_task_mapping_with_no_taskflow_operators.py for tasks to queue
[2023-07-21T10:09:19.989+0000] {logging_mixin.py:150} INFO - [2023-07-21T10:09:19.989+0000] {dagbag.py:541} INFO - Filling up the DagBag from /home/airflow/.local/lib/python3.7/site-packages/airflow/example_dags/example_dynamic_task_mapping_with_no_taskflow_operators.py
[2023-07-21T10:09:19.996+0000] {processor.py:836} INFO - DAG(s) dict_keys(['example_dynamic_task_mapping_with_no_taskflow_operators']) retrieved from /home/airflow/.local/lib/python3.7/site-packages/airflow/example_dags/example_dynamic_task_mapping_with_no_taskflow_operators.py
[2023-07-21T10:09:20.018+0000] {logging_mixin.py:150} INFO - [2023-07-21T10:09:20.018+0000] {dag.py:2742} INFO - Sync 1 DAGs
[2023-07-21T10:09:20.060+0000] {logging_mixin.py:150} INFO - [2023-07-21T10:09:20.059+0000] {dag.py:3508} INFO - Setting next_dagrun for example_dynamic_task_mapping_with_no_taskflow_operators to 2023-07-20T10:09:20.059331+00:00, run_after=2023-07-21T10:09:20.059331+00:00
[2023-07-21T10:09:20.109+0000] {processor.py:179} INFO - Processing /home/airflow/.local/lib/python3.7/site-packages/airflow/example_dags/example_dynamic_task_mapping_with_no_taskflow_operators.py took 0.126 seconds
[2023-07-21T10:09:50.666+0000] {processor.py:157} INFO - Started process (PID=1443) to work on /home/airflow/.local/lib/python3.7/site-packages/airflow/example_dags/example_dynamic_task_mapping_with_no_taskflow_operators.py
[2023-07-21T10:09:50.667+0000] {processor.py:826} INFO - Processing file /home/airflow/.local/lib/python3.7/site-packages/airflow/example_dags/example_dynamic_task_mapping_with_no_taskflow_operators.py for tasks to queue
[2023-07-21T10:09:50.668+0000] {logging_mixin.py:150} INFO - [2023-07-21T10:09:50.668+0000] {dagbag.py:541} INFO - Filling up the DagBag from /home/airflow/.local/lib/python3.7/site-packages/airflow/example_dags/example_dynamic_task_mapping_with_no_taskflow_operators.py
[2023-07-21T10:09:50.677+0000] {processor.py:836} INFO - DAG(s) dict_keys(['example_dynamic_task_mapping_with_no_taskflow_operators']) retrieved from /home/airflow/.local/lib/python3.7/site-packages/airflow/example_dags/example_dynamic_task_mapping_with_no_taskflow_operators.py
[2023-07-21T10:09:50.704+0000] {logging_mixin.py:150} INFO - [2023-07-21T10:09:50.704+0000] {dag.py:2742} INFO - Sync 1 DAGs
[2023-07-21T10:09:50.736+0000] {logging_mixin.py:150} INFO - [2023-07-21T10:09:50.736+0000] {dag.py:3508} INFO - Setting next_dagrun for example_dynamic_task_mapping_with_no_taskflow_operators to 2023-07-20T10:09:50.735623+00:00, run_after=2023-07-21T10:09:50.735623+00:00
[2023-07-21T10:09:50.770+0000] {processor.py:179} INFO - Processing /home/airflow/.local/lib/python3.7/site-packages/airflow/example_dags/example_dynamic_task_mapping_with_no_taskflow_operators.py took 0.108 seconds
[2023-07-21T10:10:20.936+0000] {processor.py:157} INFO - Started process (PID=1504) to work on /home/airflow/.local/lib/python3.7/site-packages/airflow/example_dags/example_dynamic_task_mapping_with_no_taskflow_operators.py
[2023-07-21T10:10:20.937+0000] {processor.py:826} INFO - Processing file /home/airflow/.local/lib/python3.7/site-packages/airflow/example_dags/example_dynamic_task_mapping_with_no_taskflow_operators.py for tasks to queue
[2023-07-21T10:10:20.938+0000] {logging_mixin.py:150} INFO - [2023-07-21T10:10:20.937+0000] {dagbag.py:541} INFO - Filling up the DagBag from /home/airflow/.local/lib/python3.7/site-packages/airflow/example_dags/example_dynamic_task_mapping_with_no_taskflow_operators.py
[2023-07-21T10:10:20.945+0000] {processor.py:836} INFO - DAG(s) dict_keys(['example_dynamic_task_mapping_with_no_taskflow_operators']) retrieved from /home/airflow/.local/lib/python3.7/site-packages/airflow/example_dags/example_dynamic_task_mapping_with_no_taskflow_operators.py
[2023-07-21T10:10:20.969+0000] {logging_mixin.py:150} INFO - [2023-07-21T10:10:20.969+0000] {dag.py:2742} INFO - Sync 1 DAGs
[2023-07-21T10:10:20.996+0000] {logging_mixin.py:150} INFO - [2023-07-21T10:10:20.995+0000] {dag.py:3508} INFO - Setting next_dagrun for example_dynamic_task_mapping_with_no_taskflow_operators to 2023-07-20T10:10:20.995666+00:00, run_after=2023-07-21T10:10:20.995666+00:00
[2023-07-21T10:10:21.023+0000] {processor.py:179} INFO - Processing /home/airflow/.local/lib/python3.7/site-packages/airflow/example_dags/example_dynamic_task_mapping_with_no_taskflow_operators.py took 0.090 seconds
[2023-07-21T10:10:51.943+0000] {processor.py:157} INFO - Started process (PID=1565) to work on /home/airflow/.local/lib/python3.7/site-packages/airflow/example_dags/example_dynamic_task_mapping_with_no_taskflow_operators.py
[2023-07-21T10:10:51.944+0000] {processor.py:826} INFO - Processing file /home/airflow/.local/lib/python3.7/site-packages/airflow/example_dags/example_dynamic_task_mapping_with_no_taskflow_operators.py for tasks to queue
[2023-07-21T10:10:51.946+0000] {logging_mixin.py:150} INFO - [2023-07-21T10:10:51.945+0000] {dagbag.py:541} INFO - Filling up the DagBag from /home/airflow/.local/lib/python3.7/site-packages/airflow/example_dags/example_dynamic_task_mapping_with_no_taskflow_operators.py
[2023-07-21T10:10:51.955+0000] {processor.py:836} INFO - DAG(s) dict_keys(['example_dynamic_task_mapping_with_no_taskflow_operators']) retrieved from /home/airflow/.local/lib/python3.7/site-packages/airflow/example_dags/example_dynamic_task_mapping_with_no_taskflow_operators.py
[2023-07-21T10:10:51.985+0000] {logging_mixin.py:150} INFO - [2023-07-21T10:10:51.985+0000] {dag.py:2742} INFO - Sync 1 DAGs
[2023-07-21T10:10:52.020+0000] {logging_mixin.py:150} INFO - [2023-07-21T10:10:52.020+0000] {dag.py:3508} INFO - Setting next_dagrun for example_dynamic_task_mapping_with_no_taskflow_operators to 2023-07-20T10:10:52.019738+00:00, run_after=2023-07-21T10:10:52.019738+00:00
[2023-07-21T10:10:52.051+0000] {processor.py:179} INFO - Processing /home/airflow/.local/lib/python3.7/site-packages/airflow/example_dags/example_dynamic_task_mapping_with_no_taskflow_operators.py took 0.112 seconds
[2023-07-21T10:11:22.902+0000] {processor.py:157} INFO - Started process (PID=1626) to work on /home/airflow/.local/lib/python3.7/site-packages/airflow/example_dags/example_dynamic_task_mapping_with_no_taskflow_operators.py
[2023-07-21T10:11:22.904+0000] {processor.py:826} INFO - Processing file /home/airflow/.local/lib/python3.7/site-packages/airflow/example_dags/example_dynamic_task_mapping_with_no_taskflow_operators.py for tasks to queue
[2023-07-21T10:11:22.905+0000] {logging_mixin.py:150} INFO - [2023-07-21T10:11:22.905+0000] {dagbag.py:541} INFO - Filling up the DagBag from /home/airflow/.local/lib/python3.7/site-packages/airflow/example_dags/example_dynamic_task_mapping_with_no_taskflow_operators.py
[2023-07-21T10:11:22.914+0000] {processor.py:836} INFO - DAG(s) dict_keys(['example_dynamic_task_mapping_with_no_taskflow_operators']) retrieved from /home/airflow/.local/lib/python3.7/site-packages/airflow/example_dags/example_dynamic_task_mapping_with_no_taskflow_operators.py
[2023-07-21T10:11:22.936+0000] {logging_mixin.py:150} INFO - [2023-07-21T10:11:22.936+0000] {dag.py:2742} INFO - Sync 1 DAGs
[2023-07-21T10:11:22.963+0000] {logging_mixin.py:150} INFO - [2023-07-21T10:11:22.963+0000] {dag.py:3508} INFO - Setting next_dagrun for example_dynamic_task_mapping_with_no_taskflow_operators to 2023-07-20T10:11:22.963003+00:00, run_after=2023-07-21T10:11:22.963003+00:00
[2023-07-21T10:11:22.999+0000] {processor.py:179} INFO - Processing /home/airflow/.local/lib/python3.7/site-packages/airflow/example_dags/example_dynamic_task_mapping_with_no_taskflow_operators.py took 0.101 seconds
[2023-07-21T10:11:53.582+0000] {processor.py:157} INFO - Started process (PID=1687) to work on /home/airflow/.local/lib/python3.7/site-packages/airflow/example_dags/example_dynamic_task_mapping_with_no_taskflow_operators.py
[2023-07-21T10:11:53.584+0000] {processor.py:826} INFO - Processing file /home/airflow/.local/lib/python3.7/site-packages/airflow/example_dags/example_dynamic_task_mapping_with_no_taskflow_operators.py for tasks to queue
[2023-07-21T10:11:53.585+0000] {logging_mixin.py:150} INFO - [2023-07-21T10:11:53.585+0000] {dagbag.py:541} INFO - Filling up the DagBag from /home/airflow/.local/lib/python3.7/site-packages/airflow/example_dags/example_dynamic_task_mapping_with_no_taskflow_operators.py
[2023-07-21T10:11:53.596+0000] {processor.py:836} INFO - DAG(s) dict_keys(['example_dynamic_task_mapping_with_no_taskflow_operators']) retrieved from /home/airflow/.local/lib/python3.7/site-packages/airflow/example_dags/example_dynamic_task_mapping_with_no_taskflow_operators.py
[2023-07-21T10:11:53.628+0000] {logging_mixin.py:150} INFO - [2023-07-21T10:11:53.627+0000] {dag.py:2742} INFO - Sync 1 DAGs
[2023-07-21T10:11:53.675+0000] {logging_mixin.py:150} INFO - [2023-07-21T10:11:53.675+0000] {dag.py:3508} INFO - Setting next_dagrun for example_dynamic_task_mapping_with_no_taskflow_operators to 2023-07-20T10:11:53.674997+00:00, run_after=2023-07-21T10:11:53.674997+00:00
[2023-07-21T10:11:53.699+0000] {processor.py:179} INFO - Processing /home/airflow/.local/lib/python3.7/site-packages/airflow/example_dags/example_dynamic_task_mapping_with_no_taskflow_operators.py took 0.121 seconds
[2023-07-21T10:12:23.843+0000] {processor.py:157} INFO - Started process (PID=1748) to work on /home/airflow/.local/lib/python3.7/site-packages/airflow/example_dags/example_dynamic_task_mapping_with_no_taskflow_operators.py
[2023-07-21T10:12:23.845+0000] {processor.py:826} INFO - Processing file /home/airflow/.local/lib/python3.7/site-packages/airflow/example_dags/example_dynamic_task_mapping_with_no_taskflow_operators.py for tasks to queue
[2023-07-21T10:12:23.846+0000] {logging_mixin.py:150} INFO - [2023-07-21T10:12:23.846+0000] {dagbag.py:541} INFO - Filling up the DagBag from /home/airflow/.local/lib/python3.7/site-packages/airflow/example_dags/example_dynamic_task_mapping_with_no_taskflow_operators.py
[2023-07-21T10:12:23.857+0000] {processor.py:836} INFO - DAG(s) dict_keys(['example_dynamic_task_mapping_with_no_taskflow_operators']) retrieved from /home/airflow/.local/lib/python3.7/site-packages/airflow/example_dags/example_dynamic_task_mapping_with_no_taskflow_operators.py
[2023-07-21T10:12:23.904+0000] {logging_mixin.py:150} INFO - [2023-07-21T10:12:23.903+0000] {dag.py:2742} INFO - Sync 1 DAGs
[2023-07-21T10:12:23.936+0000] {logging_mixin.py:150} INFO - [2023-07-21T10:12:23.935+0000] {dag.py:3508} INFO - Setting next_dagrun for example_dynamic_task_mapping_with_no_taskflow_operators to 2023-07-20T10:12:23.934845+00:00, run_after=2023-07-21T10:12:23.934845+00:00
[2023-07-21T10:12:23.962+0000] {processor.py:179} INFO - Processing /home/airflow/.local/lib/python3.7/site-packages/airflow/example_dags/example_dynamic_task_mapping_with_no_taskflow_operators.py took 0.123 seconds
[2023-07-21T10:12:54.575+0000] {processor.py:157} INFO - Started process (PID=1809) to work on /home/airflow/.local/lib/python3.7/site-packages/airflow/example_dags/example_dynamic_task_mapping_with_no_taskflow_operators.py
[2023-07-21T10:12:54.577+0000] {processor.py:826} INFO - Processing file /home/airflow/.local/lib/python3.7/site-packages/airflow/example_dags/example_dynamic_task_mapping_with_no_taskflow_operators.py for tasks to queue
[2023-07-21T10:12:54.580+0000] {logging_mixin.py:150} INFO - [2023-07-21T10:12:54.579+0000] {dagbag.py:541} INFO - Filling up the DagBag from /home/airflow/.local/lib/python3.7/site-packages/airflow/example_dags/example_dynamic_task_mapping_with_no_taskflow_operators.py
[2023-07-21T10:12:54.589+0000] {processor.py:836} INFO - DAG(s) dict_keys(['example_dynamic_task_mapping_with_no_taskflow_operators']) retrieved from /home/airflow/.local/lib/python3.7/site-packages/airflow/example_dags/example_dynamic_task_mapping_with_no_taskflow_operators.py
[2023-07-21T10:12:54.637+0000] {logging_mixin.py:150} INFO - [2023-07-21T10:12:54.636+0000] {dag.py:2742} INFO - Sync 1 DAGs
[2023-07-21T10:12:54.685+0000] {logging_mixin.py:150} INFO - [2023-07-21T10:12:54.685+0000] {dag.py:3508} INFO - Setting next_dagrun for example_dynamic_task_mapping_with_no_taskflow_operators to 2023-07-20T10:12:54.684833+00:00, run_after=2023-07-21T10:12:54.684833+00:00
[2023-07-21T10:12:54.717+0000] {processor.py:179} INFO - Processing /home/airflow/.local/lib/python3.7/site-packages/airflow/example_dags/example_dynamic_task_mapping_with_no_taskflow_operators.py took 0.145 seconds
[2023-07-21T10:13:24.976+0000] {processor.py:157} INFO - Started process (PID=1870) to work on /home/airflow/.local/lib/python3.7/site-packages/airflow/example_dags/example_dynamic_task_mapping_with_no_taskflow_operators.py
[2023-07-21T10:13:24.980+0000] {processor.py:826} INFO - Processing file /home/airflow/.local/lib/python3.7/site-packages/airflow/example_dags/example_dynamic_task_mapping_with_no_taskflow_operators.py for tasks to queue
[2023-07-21T10:13:24.981+0000] {logging_mixin.py:150} INFO - [2023-07-21T10:13:24.981+0000] {dagbag.py:541} INFO - Filling up the DagBag from /home/airflow/.local/lib/python3.7/site-packages/airflow/example_dags/example_dynamic_task_mapping_with_no_taskflow_operators.py
[2023-07-21T10:13:24.990+0000] {processor.py:836} INFO - DAG(s) dict_keys(['example_dynamic_task_mapping_with_no_taskflow_operators']) retrieved from /home/airflow/.local/lib/python3.7/site-packages/airflow/example_dags/example_dynamic_task_mapping_with_no_taskflow_operators.py
[2023-07-21T10:13:25.017+0000] {logging_mixin.py:150} INFO - [2023-07-21T10:13:25.017+0000] {dag.py:2742} INFO - Sync 1 DAGs
[2023-07-21T10:13:25.051+0000] {logging_mixin.py:150} INFO - [2023-07-21T10:13:25.051+0000] {dag.py:3508} INFO - Setting next_dagrun for example_dynamic_task_mapping_with_no_taskflow_operators to 2023-07-20T10:13:25.050870+00:00, run_after=2023-07-21T10:13:25.050870+00:00
[2023-07-21T10:13:25.085+0000] {processor.py:179} INFO - Processing /home/airflow/.local/lib/python3.7/site-packages/airflow/example_dags/example_dynamic_task_mapping_with_no_taskflow_operators.py took 0.114 seconds
[2023-07-21T10:13:55.775+0000] {processor.py:157} INFO - Started process (PID=1922) to work on /home/airflow/.local/lib/python3.7/site-packages/airflow/example_dags/example_dynamic_task_mapping_with_no_taskflow_operators.py
[2023-07-21T10:13:55.777+0000] {processor.py:826} INFO - Processing file /home/airflow/.local/lib/python3.7/site-packages/airflow/example_dags/example_dynamic_task_mapping_with_no_taskflow_operators.py for tasks to queue
[2023-07-21T10:13:55.779+0000] {logging_mixin.py:150} INFO - [2023-07-21T10:13:55.778+0000] {dagbag.py:541} INFO - Filling up the DagBag from /home/airflow/.local/lib/python3.7/site-packages/airflow/example_dags/example_dynamic_task_mapping_with_no_taskflow_operators.py
[2023-07-21T10:13:55.792+0000] {processor.py:836} INFO - DAG(s) dict_keys(['example_dynamic_task_mapping_with_no_taskflow_operators']) retrieved from /home/airflow/.local/lib/python3.7/site-packages/airflow/example_dags/example_dynamic_task_mapping_with_no_taskflow_operators.py
[2023-07-21T10:13:55.855+0000] {logging_mixin.py:150} INFO - [2023-07-21T10:13:55.854+0000] {dag.py:2742} INFO - Sync 1 DAGs
[2023-07-21T10:13:55.958+0000] {logging_mixin.py:150} INFO - [2023-07-21T10:13:55.958+0000] {dag.py:3508} INFO - Setting next_dagrun for example_dynamic_task_mapping_with_no_taskflow_operators to 2023-07-20T10:13:55.957683+00:00, run_after=2023-07-21T10:13:55.957683+00:00
[2023-07-21T10:13:55.984+0000] {processor.py:179} INFO - Processing /home/airflow/.local/lib/python3.7/site-packages/airflow/example_dags/example_dynamic_task_mapping_with_no_taskflow_operators.py took 0.215 seconds
[2023-07-21T10:14:26.796+0000] {processor.py:157} INFO - Started process (PID=1983) to work on /home/airflow/.local/lib/python3.7/site-packages/airflow/example_dags/example_dynamic_task_mapping_with_no_taskflow_operators.py
[2023-07-21T10:14:26.797+0000] {processor.py:826} INFO - Processing file /home/airflow/.local/lib/python3.7/site-packages/airflow/example_dags/example_dynamic_task_mapping_with_no_taskflow_operators.py for tasks to queue
[2023-07-21T10:14:26.799+0000] {logging_mixin.py:150} INFO - [2023-07-21T10:14:26.798+0000] {dagbag.py:541} INFO - Filling up the DagBag from /home/airflow/.local/lib/python3.7/site-packages/airflow/example_dags/example_dynamic_task_mapping_with_no_taskflow_operators.py
[2023-07-21T10:14:26.807+0000] {processor.py:836} INFO - DAG(s) dict_keys(['example_dynamic_task_mapping_with_no_taskflow_operators']) retrieved from /home/airflow/.local/lib/python3.7/site-packages/airflow/example_dags/example_dynamic_task_mapping_with_no_taskflow_operators.py
[2023-07-21T10:14:26.843+0000] {logging_mixin.py:150} INFO - [2023-07-21T10:14:26.843+0000] {dag.py:2742} INFO - Sync 1 DAGs
[2023-07-21T10:14:26.874+0000] {logging_mixin.py:150} INFO - [2023-07-21T10:14:26.874+0000] {dag.py:3508} INFO - Setting next_dagrun for example_dynamic_task_mapping_with_no_taskflow_operators to 2023-07-20T10:14:26.873812+00:00, run_after=2023-07-21T10:14:26.873812+00:00
[2023-07-21T10:14:26.903+0000] {processor.py:179} INFO - Processing /home/airflow/.local/lib/python3.7/site-packages/airflow/example_dags/example_dynamic_task_mapping_with_no_taskflow_operators.py took 0.111 seconds
[2023-07-21T10:14:56.999+0000] {processor.py:157} INFO - Started process (PID=2044) to work on /home/airflow/.local/lib/python3.7/site-packages/airflow/example_dags/example_dynamic_task_mapping_with_no_taskflow_operators.py
[2023-07-21T10:14:57.001+0000] {processor.py:826} INFO - Processing file /home/airflow/.local/lib/python3.7/site-packages/airflow/example_dags/example_dynamic_task_mapping_with_no_taskflow_operators.py for tasks to queue
[2023-07-21T10:14:57.002+0000] {logging_mixin.py:150} INFO - [2023-07-21T10:14:57.002+0000] {dagbag.py:541} INFO - Filling up the DagBag from /home/airflow/.local/lib/python3.7/site-packages/airflow/example_dags/example_dynamic_task_mapping_with_no_taskflow_operators.py
[2023-07-21T10:14:57.013+0000] {processor.py:836} INFO - DAG(s) dict_keys(['example_dynamic_task_mapping_with_no_taskflow_operators']) retrieved from /home/airflow/.local/lib/python3.7/site-packages/airflow/example_dags/example_dynamic_task_mapping_with_no_taskflow_operators.py
[2023-07-21T10:14:57.050+0000] {logging_mixin.py:150} INFO - [2023-07-21T10:14:57.049+0000] {dag.py:2742} INFO - Sync 1 DAGs
[2023-07-21T10:14:57.088+0000] {logging_mixin.py:150} INFO - [2023-07-21T10:14:57.088+0000] {dag.py:3508} INFO - Setting next_dagrun for example_dynamic_task_mapping_with_no_taskflow_operators to 2023-07-20T10:14:57.087999+00:00, run_after=2023-07-21T10:14:57.087999+00:00
[2023-07-21T10:14:57.118+0000] {processor.py:179} INFO - Processing /home/airflow/.local/lib/python3.7/site-packages/airflow/example_dags/example_dynamic_task_mapping_with_no_taskflow_operators.py took 0.123 seconds
