[2023-07-21T09:58:05.769+0000] {processor.py:157} INFO - Started process (PID=37) to work on /home/airflow/.local/lib/python3.7/site-packages/airflow/example_dags/example_branch_labels.py
[2023-07-21T09:58:05.781+0000] {processor.py:826} INFO - Processing file /home/airflow/.local/lib/python3.7/site-packages/airflow/example_dags/example_branch_labels.py for tasks to queue
[2023-07-21T09:58:05.786+0000] {logging_mixin.py:150} INFO - [2023-07-21T09:58:05.786+0000] {dagbag.py:541} INFO - Filling up the DagBag from /home/airflow/.local/lib/python3.7/site-packages/airflow/example_dags/example_branch_labels.py
[2023-07-21T09:58:05.804+0000] {processor.py:836} INFO - DAG(s) dict_keys(['example_branch_labels']) retrieved from /home/airflow/.local/lib/python3.7/site-packages/airflow/example_dags/example_branch_labels.py
[2023-07-21T09:58:05.908+0000] {logging_mixin.py:150} INFO - [2023-07-21T09:58:05.907+0000] {dag.py:2742} INFO - Sync 1 DAGs
[2023-07-21T09:58:06.253+0000] {logging_mixin.py:150} INFO - [2023-07-21T09:58:06.252+0000] {dag.py:3508} INFO - Setting next_dagrun for example_branch_labels to 2023-07-20T00:00:00+00:00, run_after=2023-07-21T00:00:00+00:00
[2023-07-21T09:58:06.307+0000] {processor.py:179} INFO - Processing /home/airflow/.local/lib/python3.7/site-packages/airflow/example_dags/example_branch_labels.py took 0.543 seconds
[2023-07-21T09:58:36.786+0000] {processor.py:157} INFO - Started process (PID=97) to work on /home/airflow/.local/lib/python3.7/site-packages/airflow/example_dags/example_branch_labels.py
[2023-07-21T09:58:36.789+0000] {processor.py:826} INFO - Processing file /home/airflow/.local/lib/python3.7/site-packages/airflow/example_dags/example_branch_labels.py for tasks to queue
[2023-07-21T09:58:36.790+0000] {logging_mixin.py:150} INFO - [2023-07-21T09:58:36.790+0000] {dagbag.py:541} INFO - Filling up the DagBag from /home/airflow/.local/lib/python3.7/site-packages/airflow/example_dags/example_branch_labels.py
[2023-07-21T09:58:36.803+0000] {processor.py:836} INFO - DAG(s) dict_keys(['example_branch_labels']) retrieved from /home/airflow/.local/lib/python3.7/site-packages/airflow/example_dags/example_branch_labels.py
[2023-07-21T09:58:36.837+0000] {logging_mixin.py:150} INFO - [2023-07-21T09:58:36.836+0000] {dag.py:2742} INFO - Sync 1 DAGs
[2023-07-21T09:58:36.867+0000] {logging_mixin.py:150} INFO - [2023-07-21T09:58:36.867+0000] {dag.py:3508} INFO - Setting next_dagrun for example_branch_labels to 2023-07-20T00:00:00+00:00, run_after=2023-07-21T00:00:00+00:00
[2023-07-21T09:58:36.896+0000] {processor.py:179} INFO - Processing /home/airflow/.local/lib/python3.7/site-packages/airflow/example_dags/example_branch_labels.py took 0.115 seconds
[2023-07-21T09:59:07.513+0000] {processor.py:157} INFO - Started process (PID=158) to work on /home/airflow/.local/lib/python3.7/site-packages/airflow/example_dags/example_branch_labels.py
[2023-07-21T09:59:07.515+0000] {processor.py:826} INFO - Processing file /home/airflow/.local/lib/python3.7/site-packages/airflow/example_dags/example_branch_labels.py for tasks to queue
[2023-07-21T09:59:07.516+0000] {logging_mixin.py:150} INFO - [2023-07-21T09:59:07.516+0000] {dagbag.py:541} INFO - Filling up the DagBag from /home/airflow/.local/lib/python3.7/site-packages/airflow/example_dags/example_branch_labels.py
[2023-07-21T09:59:07.524+0000] {processor.py:836} INFO - DAG(s) dict_keys(['example_branch_labels']) retrieved from /home/airflow/.local/lib/python3.7/site-packages/airflow/example_dags/example_branch_labels.py
[2023-07-21T09:59:07.552+0000] {logging_mixin.py:150} INFO - [2023-07-21T09:59:07.552+0000] {dag.py:2742} INFO - Sync 1 DAGs
[2023-07-21T09:59:07.579+0000] {logging_mixin.py:150} INFO - [2023-07-21T09:59:07.579+0000] {dag.py:3508} INFO - Setting next_dagrun for example_branch_labels to 2023-07-20T00:00:00+00:00, run_after=2023-07-21T00:00:00+00:00
[2023-07-21T09:59:07.609+0000] {processor.py:179} INFO - Processing /home/airflow/.local/lib/python3.7/site-packages/airflow/example_dags/example_branch_labels.py took 0.100 seconds
[2023-07-21T09:59:38.343+0000] {processor.py:157} INFO - Started process (PID=219) to work on /home/airflow/.local/lib/python3.7/site-packages/airflow/example_dags/example_branch_labels.py
[2023-07-21T09:59:38.353+0000] {processor.py:826} INFO - Processing file /home/airflow/.local/lib/python3.7/site-packages/airflow/example_dags/example_branch_labels.py for tasks to queue
[2023-07-21T09:59:38.359+0000] {logging_mixin.py:150} INFO - [2023-07-21T09:59:38.358+0000] {dagbag.py:541} INFO - Filling up the DagBag from /home/airflow/.local/lib/python3.7/site-packages/airflow/example_dags/example_branch_labels.py
[2023-07-21T09:59:38.570+0000] {processor.py:836} INFO - DAG(s) dict_keys(['example_branch_labels']) retrieved from /home/airflow/.local/lib/python3.7/site-packages/airflow/example_dags/example_branch_labels.py
[2023-07-21T09:59:38.761+0000] {logging_mixin.py:150} INFO - [2023-07-21T09:59:38.761+0000] {dag.py:2742} INFO - Sync 1 DAGs
[2023-07-21T09:59:38.968+0000] {logging_mixin.py:150} INFO - [2023-07-21T09:59:38.967+0000] {dag.py:3508} INFO - Setting next_dagrun for example_branch_labels to 2023-07-20T00:00:00+00:00, run_after=2023-07-21T00:00:00+00:00
[2023-07-21T09:59:38.998+0000] {processor.py:179} INFO - Processing /home/airflow/.local/lib/python3.7/site-packages/airflow/example_dags/example_branch_labels.py took 0.703 seconds
[2023-07-21T10:00:09.226+0000] {processor.py:157} INFO - Started process (PID=280) to work on /home/airflow/.local/lib/python3.7/site-packages/airflow/example_dags/example_branch_labels.py
[2023-07-21T10:00:09.228+0000] {processor.py:826} INFO - Processing file /home/airflow/.local/lib/python3.7/site-packages/airflow/example_dags/example_branch_labels.py for tasks to queue
[2023-07-21T10:00:09.229+0000] {logging_mixin.py:150} INFO - [2023-07-21T10:00:09.229+0000] {dagbag.py:541} INFO - Filling up the DagBag from /home/airflow/.local/lib/python3.7/site-packages/airflow/example_dags/example_branch_labels.py
[2023-07-21T10:00:09.239+0000] {processor.py:836} INFO - DAG(s) dict_keys(['example_branch_labels']) retrieved from /home/airflow/.local/lib/python3.7/site-packages/airflow/example_dags/example_branch_labels.py
[2023-07-21T10:00:09.268+0000] {logging_mixin.py:150} INFO - [2023-07-21T10:00:09.267+0000] {dag.py:2742} INFO - Sync 1 DAGs
[2023-07-21T10:00:09.294+0000] {logging_mixin.py:150} INFO - [2023-07-21T10:00:09.294+0000] {dag.py:3508} INFO - Setting next_dagrun for example_branch_labels to 2023-07-20T00:00:00+00:00, run_after=2023-07-21T00:00:00+00:00
[2023-07-21T10:00:09.318+0000] {processor.py:179} INFO - Processing /home/airflow/.local/lib/python3.7/site-packages/airflow/example_dags/example_branch_labels.py took 0.096 seconds
[2023-07-21T10:00:39.596+0000] {processor.py:157} INFO - Started process (PID=341) to work on /home/airflow/.local/lib/python3.7/site-packages/airflow/example_dags/example_branch_labels.py
[2023-07-21T10:00:39.598+0000] {processor.py:826} INFO - Processing file /home/airflow/.local/lib/python3.7/site-packages/airflow/example_dags/example_branch_labels.py for tasks to queue
[2023-07-21T10:00:39.599+0000] {logging_mixin.py:150} INFO - [2023-07-21T10:00:39.599+0000] {dagbag.py:541} INFO - Filling up the DagBag from /home/airflow/.local/lib/python3.7/site-packages/airflow/example_dags/example_branch_labels.py
[2023-07-21T10:00:39.615+0000] {processor.py:836} INFO - DAG(s) dict_keys(['example_branch_labels']) retrieved from /home/airflow/.local/lib/python3.7/site-packages/airflow/example_dags/example_branch_labels.py
[2023-07-21T10:00:39.650+0000] {logging_mixin.py:150} INFO - [2023-07-21T10:00:39.650+0000] {dag.py:2742} INFO - Sync 1 DAGs
[2023-07-21T10:00:39.683+0000] {logging_mixin.py:150} INFO - [2023-07-21T10:00:39.682+0000] {dag.py:3508} INFO - Setting next_dagrun for example_branch_labels to 2023-07-20T00:00:00+00:00, run_after=2023-07-21T00:00:00+00:00
[2023-07-21T10:00:39.749+0000] {processor.py:179} INFO - Processing /home/airflow/.local/lib/python3.7/site-packages/airflow/example_dags/example_branch_labels.py took 0.157 seconds
[2023-07-21T10:01:09.957+0000] {processor.py:157} INFO - Started process (PID=402) to work on /home/airflow/.local/lib/python3.7/site-packages/airflow/example_dags/example_branch_labels.py
[2023-07-21T10:01:09.959+0000] {processor.py:826} INFO - Processing file /home/airflow/.local/lib/python3.7/site-packages/airflow/example_dags/example_branch_labels.py for tasks to queue
[2023-07-21T10:01:09.960+0000] {logging_mixin.py:150} INFO - [2023-07-21T10:01:09.960+0000] {dagbag.py:541} INFO - Filling up the DagBag from /home/airflow/.local/lib/python3.7/site-packages/airflow/example_dags/example_branch_labels.py
[2023-07-21T10:01:09.974+0000] {processor.py:836} INFO - DAG(s) dict_keys(['example_branch_labels']) retrieved from /home/airflow/.local/lib/python3.7/site-packages/airflow/example_dags/example_branch_labels.py
[2023-07-21T10:01:10.012+0000] {logging_mixin.py:150} INFO - [2023-07-21T10:01:10.011+0000] {dag.py:2742} INFO - Sync 1 DAGs
[2023-07-21T10:01:10.049+0000] {logging_mixin.py:150} INFO - [2023-07-21T10:01:10.048+0000] {dag.py:3508} INFO - Setting next_dagrun for example_branch_labels to 2023-07-20T00:00:00+00:00, run_after=2023-07-21T00:00:00+00:00
[2023-07-21T10:01:10.082+0000] {processor.py:179} INFO - Processing /home/airflow/.local/lib/python3.7/site-packages/airflow/example_dags/example_branch_labels.py took 0.130 seconds
[2023-07-21T10:01:40.792+0000] {processor.py:157} INFO - Started process (PID=463) to work on /home/airflow/.local/lib/python3.7/site-packages/airflow/example_dags/example_branch_labels.py
[2023-07-21T10:01:40.794+0000] {processor.py:826} INFO - Processing file /home/airflow/.local/lib/python3.7/site-packages/airflow/example_dags/example_branch_labels.py for tasks to queue
[2023-07-21T10:01:40.795+0000] {logging_mixin.py:150} INFO - [2023-07-21T10:01:40.795+0000] {dagbag.py:541} INFO - Filling up the DagBag from /home/airflow/.local/lib/python3.7/site-packages/airflow/example_dags/example_branch_labels.py
[2023-07-21T10:01:40.805+0000] {processor.py:836} INFO - DAG(s) dict_keys(['example_branch_labels']) retrieved from /home/airflow/.local/lib/python3.7/site-packages/airflow/example_dags/example_branch_labels.py
[2023-07-21T10:01:40.833+0000] {logging_mixin.py:150} INFO - [2023-07-21T10:01:40.833+0000] {dag.py:2742} INFO - Sync 1 DAGs
[2023-07-21T10:01:40.886+0000] {logging_mixin.py:150} INFO - [2023-07-21T10:01:40.886+0000] {dag.py:3508} INFO - Setting next_dagrun for example_branch_labels to 2023-07-20T00:00:00+00:00, run_after=2023-07-21T00:00:00+00:00
[2023-07-21T10:01:40.929+0000] {processor.py:179} INFO - Processing /home/airflow/.local/lib/python3.7/site-packages/airflow/example_dags/example_branch_labels.py took 0.140 seconds
[2023-07-21T10:02:11.410+0000] {processor.py:157} INFO - Started process (PID=525) to work on /home/airflow/.local/lib/python3.7/site-packages/airflow/example_dags/example_branch_labels.py
[2023-07-21T10:02:11.411+0000] {processor.py:826} INFO - Processing file /home/airflow/.local/lib/python3.7/site-packages/airflow/example_dags/example_branch_labels.py for tasks to queue
[2023-07-21T10:02:11.412+0000] {logging_mixin.py:150} INFO - [2023-07-21T10:02:11.412+0000] {dagbag.py:541} INFO - Filling up the DagBag from /home/airflow/.local/lib/python3.7/site-packages/airflow/example_dags/example_branch_labels.py
[2023-07-21T10:02:11.421+0000] {processor.py:836} INFO - DAG(s) dict_keys(['example_branch_labels']) retrieved from /home/airflow/.local/lib/python3.7/site-packages/airflow/example_dags/example_branch_labels.py
[2023-07-21T10:02:11.456+0000] {logging_mixin.py:150} INFO - [2023-07-21T10:02:11.456+0000] {dag.py:2742} INFO - Sync 1 DAGs
[2023-07-21T10:02:11.495+0000] {logging_mixin.py:150} INFO - [2023-07-21T10:02:11.495+0000] {dag.py:3508} INFO - Setting next_dagrun for example_branch_labels to 2023-07-20T00:00:00+00:00, run_after=2023-07-21T00:00:00+00:00
[2023-07-21T10:02:11.520+0000] {processor.py:179} INFO - Processing /home/airflow/.local/lib/python3.7/site-packages/airflow/example_dags/example_branch_labels.py took 0.114 seconds
[2023-07-21T10:02:42.215+0000] {processor.py:157} INFO - Started process (PID=586) to work on /home/airflow/.local/lib/python3.7/site-packages/airflow/example_dags/example_branch_labels.py
[2023-07-21T10:02:42.220+0000] {processor.py:826} INFO - Processing file /home/airflow/.local/lib/python3.7/site-packages/airflow/example_dags/example_branch_labels.py for tasks to queue
[2023-07-21T10:02:42.223+0000] {logging_mixin.py:150} INFO - [2023-07-21T10:02:42.222+0000] {dagbag.py:541} INFO - Filling up the DagBag from /home/airflow/.local/lib/python3.7/site-packages/airflow/example_dags/example_branch_labels.py
[2023-07-21T10:02:42.240+0000] {processor.py:836} INFO - DAG(s) dict_keys(['example_branch_labels']) retrieved from /home/airflow/.local/lib/python3.7/site-packages/airflow/example_dags/example_branch_labels.py
[2023-07-21T10:02:42.276+0000] {logging_mixin.py:150} INFO - [2023-07-21T10:02:42.275+0000] {dag.py:2742} INFO - Sync 1 DAGs
[2023-07-21T10:02:42.318+0000] {logging_mixin.py:150} INFO - [2023-07-21T10:02:42.317+0000] {dag.py:3508} INFO - Setting next_dagrun for example_branch_labels to 2023-07-20T00:00:00+00:00, run_after=2023-07-21T00:00:00+00:00
[2023-07-21T10:02:42.346+0000] {processor.py:179} INFO - Processing /home/airflow/.local/lib/python3.7/site-packages/airflow/example_dags/example_branch_labels.py took 0.139 seconds
[2023-07-21T10:03:13.094+0000] {processor.py:157} INFO - Started process (PID=647) to work on /home/airflow/.local/lib/python3.7/site-packages/airflow/example_dags/example_branch_labels.py
[2023-07-21T10:03:13.096+0000] {processor.py:826} INFO - Processing file /home/airflow/.local/lib/python3.7/site-packages/airflow/example_dags/example_branch_labels.py for tasks to queue
[2023-07-21T10:03:13.098+0000] {logging_mixin.py:150} INFO - [2023-07-21T10:03:13.098+0000] {dagbag.py:541} INFO - Filling up the DagBag from /home/airflow/.local/lib/python3.7/site-packages/airflow/example_dags/example_branch_labels.py
[2023-07-21T10:03:13.107+0000] {processor.py:836} INFO - DAG(s) dict_keys(['example_branch_labels']) retrieved from /home/airflow/.local/lib/python3.7/site-packages/airflow/example_dags/example_branch_labels.py
[2023-07-21T10:03:13.124+0000] {logging_mixin.py:150} INFO - [2023-07-21T10:03:13.124+0000] {dag.py:2742} INFO - Sync 1 DAGs
[2023-07-21T10:03:13.159+0000] {logging_mixin.py:150} INFO - [2023-07-21T10:03:13.158+0000] {dag.py:3508} INFO - Setting next_dagrun for example_branch_labels to 2023-07-20T00:00:00+00:00, run_after=2023-07-21T00:00:00+00:00
[2023-07-21T10:03:13.208+0000] {processor.py:179} INFO - Processing /home/airflow/.local/lib/python3.7/site-packages/airflow/example_dags/example_branch_labels.py took 0.118 seconds
[2023-07-21T10:03:43.463+0000] {processor.py:157} INFO - Started process (PID=708) to work on /home/airflow/.local/lib/python3.7/site-packages/airflow/example_dags/example_branch_labels.py
[2023-07-21T10:03:43.465+0000] {processor.py:826} INFO - Processing file /home/airflow/.local/lib/python3.7/site-packages/airflow/example_dags/example_branch_labels.py for tasks to queue
[2023-07-21T10:03:43.466+0000] {logging_mixin.py:150} INFO - [2023-07-21T10:03:43.466+0000] {dagbag.py:541} INFO - Filling up the DagBag from /home/airflow/.local/lib/python3.7/site-packages/airflow/example_dags/example_branch_labels.py
[2023-07-21T10:03:43.481+0000] {processor.py:836} INFO - DAG(s) dict_keys(['example_branch_labels']) retrieved from /home/airflow/.local/lib/python3.7/site-packages/airflow/example_dags/example_branch_labels.py
[2023-07-21T10:03:43.525+0000] {logging_mixin.py:150} INFO - [2023-07-21T10:03:43.525+0000] {dag.py:2742} INFO - Sync 1 DAGs
[2023-07-21T10:03:43.572+0000] {logging_mixin.py:150} INFO - [2023-07-21T10:03:43.572+0000] {dag.py:3508} INFO - Setting next_dagrun for example_branch_labels to 2023-07-20T00:00:00+00:00, run_after=2023-07-21T00:00:00+00:00
[2023-07-21T10:03:43.610+0000] {processor.py:179} INFO - Processing /home/airflow/.local/lib/python3.7/site-packages/airflow/example_dags/example_branch_labels.py took 0.152 seconds
[2023-07-21T10:04:13.758+0000] {processor.py:157} INFO - Started process (PID=769) to work on /home/airflow/.local/lib/python3.7/site-packages/airflow/example_dags/example_branch_labels.py
[2023-07-21T10:04:13.760+0000] {processor.py:826} INFO - Processing file /home/airflow/.local/lib/python3.7/site-packages/airflow/example_dags/example_branch_labels.py for tasks to queue
[2023-07-21T10:04:13.761+0000] {logging_mixin.py:150} INFO - [2023-07-21T10:04:13.761+0000] {dagbag.py:541} INFO - Filling up the DagBag from /home/airflow/.local/lib/python3.7/site-packages/airflow/example_dags/example_branch_labels.py
[2023-07-21T10:04:13.771+0000] {processor.py:836} INFO - DAG(s) dict_keys(['example_branch_labels']) retrieved from /home/airflow/.local/lib/python3.7/site-packages/airflow/example_dags/example_branch_labels.py
[2023-07-21T10:04:13.798+0000] {logging_mixin.py:150} INFO - [2023-07-21T10:04:13.798+0000] {dag.py:2742} INFO - Sync 1 DAGs
[2023-07-21T10:04:13.826+0000] {logging_mixin.py:150} INFO - [2023-07-21T10:04:13.826+0000] {dag.py:3508} INFO - Setting next_dagrun for example_branch_labels to 2023-07-20T00:00:00+00:00, run_after=2023-07-21T00:00:00+00:00
[2023-07-21T10:04:13.849+0000] {processor.py:179} INFO - Processing /home/airflow/.local/lib/python3.7/site-packages/airflow/example_dags/example_branch_labels.py took 0.094 seconds
[2023-07-21T10:04:44.065+0000] {processor.py:157} INFO - Started process (PID=830) to work on /home/airflow/.local/lib/python3.7/site-packages/airflow/example_dags/example_branch_labels.py
[2023-07-21T10:04:44.067+0000] {processor.py:826} INFO - Processing file /home/airflow/.local/lib/python3.7/site-packages/airflow/example_dags/example_branch_labels.py for tasks to queue
[2023-07-21T10:04:44.068+0000] {logging_mixin.py:150} INFO - [2023-07-21T10:04:44.068+0000] {dagbag.py:541} INFO - Filling up the DagBag from /home/airflow/.local/lib/python3.7/site-packages/airflow/example_dags/example_branch_labels.py
[2023-07-21T10:04:44.079+0000] {processor.py:836} INFO - DAG(s) dict_keys(['example_branch_labels']) retrieved from /home/airflow/.local/lib/python3.7/site-packages/airflow/example_dags/example_branch_labels.py
[2023-07-21T10:04:44.110+0000] {logging_mixin.py:150} INFO - [2023-07-21T10:04:44.110+0000] {dag.py:2742} INFO - Sync 1 DAGs
[2023-07-21T10:04:44.142+0000] {logging_mixin.py:150} INFO - [2023-07-21T10:04:44.142+0000] {dag.py:3508} INFO - Setting next_dagrun for example_branch_labels to 2023-07-20T00:00:00+00:00, run_after=2023-07-21T00:00:00+00:00
[2023-07-21T10:04:44.169+0000] {processor.py:179} INFO - Processing /home/airflow/.local/lib/python3.7/site-packages/airflow/example_dags/example_branch_labels.py took 0.108 seconds
[2023-07-21T10:05:15.058+0000] {processor.py:157} INFO - Started process (PID=891) to work on /home/airflow/.local/lib/python3.7/site-packages/airflow/example_dags/example_branch_labels.py
[2023-07-21T10:05:15.060+0000] {processor.py:826} INFO - Processing file /home/airflow/.local/lib/python3.7/site-packages/airflow/example_dags/example_branch_labels.py for tasks to queue
[2023-07-21T10:05:15.061+0000] {logging_mixin.py:150} INFO - [2023-07-21T10:05:15.061+0000] {dagbag.py:541} INFO - Filling up the DagBag from /home/airflow/.local/lib/python3.7/site-packages/airflow/example_dags/example_branch_labels.py
[2023-07-21T10:05:15.071+0000] {processor.py:836} INFO - DAG(s) dict_keys(['example_branch_labels']) retrieved from /home/airflow/.local/lib/python3.7/site-packages/airflow/example_dags/example_branch_labels.py
[2023-07-21T10:05:15.105+0000] {logging_mixin.py:150} INFO - [2023-07-21T10:05:15.105+0000] {dag.py:2742} INFO - Sync 1 DAGs
[2023-07-21T10:05:15.139+0000] {logging_mixin.py:150} INFO - [2023-07-21T10:05:15.139+0000] {dag.py:3508} INFO - Setting next_dagrun for example_branch_labels to 2023-07-20T00:00:00+00:00, run_after=2023-07-21T00:00:00+00:00
[2023-07-21T10:05:15.167+0000] {processor.py:179} INFO - Processing /home/airflow/.local/lib/python3.7/site-packages/airflow/example_dags/example_branch_labels.py took 0.112 seconds
[2023-07-21T10:05:45.355+0000] {processor.py:157} INFO - Started process (PID=952) to work on /home/airflow/.local/lib/python3.7/site-packages/airflow/example_dags/example_branch_labels.py
[2023-07-21T10:05:45.357+0000] {processor.py:826} INFO - Processing file /home/airflow/.local/lib/python3.7/site-packages/airflow/example_dags/example_branch_labels.py for tasks to queue
[2023-07-21T10:05:45.358+0000] {logging_mixin.py:150} INFO - [2023-07-21T10:05:45.358+0000] {dagbag.py:541} INFO - Filling up the DagBag from /home/airflow/.local/lib/python3.7/site-packages/airflow/example_dags/example_branch_labels.py
[2023-07-21T10:05:45.366+0000] {processor.py:836} INFO - DAG(s) dict_keys(['example_branch_labels']) retrieved from /home/airflow/.local/lib/python3.7/site-packages/airflow/example_dags/example_branch_labels.py
[2023-07-21T10:05:45.400+0000] {logging_mixin.py:150} INFO - [2023-07-21T10:05:45.399+0000] {dag.py:2742} INFO - Sync 1 DAGs
[2023-07-21T10:05:45.435+0000] {logging_mixin.py:150} INFO - [2023-07-21T10:05:45.434+0000] {dag.py:3508} INFO - Setting next_dagrun for example_branch_labels to 2023-07-20T00:00:00+00:00, run_after=2023-07-21T00:00:00+00:00
[2023-07-21T10:05:45.459+0000] {processor.py:179} INFO - Processing /home/airflow/.local/lib/python3.7/site-packages/airflow/example_dags/example_branch_labels.py took 0.107 seconds
[2023-07-21T10:06:15.764+0000] {processor.py:157} INFO - Started process (PID=1013) to work on /home/airflow/.local/lib/python3.7/site-packages/airflow/example_dags/example_branch_labels.py
[2023-07-21T10:06:15.766+0000] {processor.py:826} INFO - Processing file /home/airflow/.local/lib/python3.7/site-packages/airflow/example_dags/example_branch_labels.py for tasks to queue
[2023-07-21T10:06:15.769+0000] {logging_mixin.py:150} INFO - [2023-07-21T10:06:15.768+0000] {dagbag.py:541} INFO - Filling up the DagBag from /home/airflow/.local/lib/python3.7/site-packages/airflow/example_dags/example_branch_labels.py
[2023-07-21T10:06:15.789+0000] {processor.py:836} INFO - DAG(s) dict_keys(['example_branch_labels']) retrieved from /home/airflow/.local/lib/python3.7/site-packages/airflow/example_dags/example_branch_labels.py
[2023-07-21T10:06:15.858+0000] {logging_mixin.py:150} INFO - [2023-07-21T10:06:15.857+0000] {dag.py:2742} INFO - Sync 1 DAGs
[2023-07-21T10:06:15.900+0000] {logging_mixin.py:150} INFO - [2023-07-21T10:06:15.900+0000] {dag.py:3508} INFO - Setting next_dagrun for example_branch_labels to 2023-07-20T00:00:00+00:00, run_after=2023-07-21T00:00:00+00:00
[2023-07-21T10:06:15.931+0000] {processor.py:179} INFO - Processing /home/airflow/.local/lib/python3.7/site-packages/airflow/example_dags/example_branch_labels.py took 0.175 seconds
[2023-07-21T10:06:46.588+0000] {processor.py:157} INFO - Started process (PID=1074) to work on /home/airflow/.local/lib/python3.7/site-packages/airflow/example_dags/example_branch_labels.py
[2023-07-21T10:06:46.589+0000] {processor.py:826} INFO - Processing file /home/airflow/.local/lib/python3.7/site-packages/airflow/example_dags/example_branch_labels.py for tasks to queue
[2023-07-21T10:06:46.591+0000] {logging_mixin.py:150} INFO - [2023-07-21T10:06:46.590+0000] {dagbag.py:541} INFO - Filling up the DagBag from /home/airflow/.local/lib/python3.7/site-packages/airflow/example_dags/example_branch_labels.py
[2023-07-21T10:06:46.601+0000] {processor.py:836} INFO - DAG(s) dict_keys(['example_branch_labels']) retrieved from /home/airflow/.local/lib/python3.7/site-packages/airflow/example_dags/example_branch_labels.py
[2023-07-21T10:06:46.633+0000] {logging_mixin.py:150} INFO - [2023-07-21T10:06:46.633+0000] {dag.py:2742} INFO - Sync 1 DAGs
[2023-07-21T10:06:46.667+0000] {logging_mixin.py:150} INFO - [2023-07-21T10:06:46.667+0000] {dag.py:3508} INFO - Setting next_dagrun for example_branch_labels to 2023-07-20T00:00:00+00:00, run_after=2023-07-21T00:00:00+00:00
[2023-07-21T10:06:46.695+0000] {processor.py:179} INFO - Processing /home/airflow/.local/lib/python3.7/site-packages/airflow/example_dags/example_branch_labels.py took 0.111 seconds
[2023-07-21T10:07:17.580+0000] {processor.py:157} INFO - Started process (PID=1135) to work on /home/airflow/.local/lib/python3.7/site-packages/airflow/example_dags/example_branch_labels.py
[2023-07-21T10:07:17.581+0000] {processor.py:826} INFO - Processing file /home/airflow/.local/lib/python3.7/site-packages/airflow/example_dags/example_branch_labels.py for tasks to queue
[2023-07-21T10:07:17.584+0000] {logging_mixin.py:150} INFO - [2023-07-21T10:07:17.583+0000] {dagbag.py:541} INFO - Filling up the DagBag from /home/airflow/.local/lib/python3.7/site-packages/airflow/example_dags/example_branch_labels.py
[2023-07-21T10:07:17.597+0000] {processor.py:836} INFO - DAG(s) dict_keys(['example_branch_labels']) retrieved from /home/airflow/.local/lib/python3.7/site-packages/airflow/example_dags/example_branch_labels.py
[2023-07-21T10:07:17.640+0000] {logging_mixin.py:150} INFO - [2023-07-21T10:07:17.640+0000] {dag.py:2742} INFO - Sync 1 DAGs
[2023-07-21T10:07:17.682+0000] {logging_mixin.py:150} INFO - [2023-07-21T10:07:17.682+0000] {dag.py:3508} INFO - Setting next_dagrun for example_branch_labels to 2023-07-20T00:00:00+00:00, run_after=2023-07-21T00:00:00+00:00
[2023-07-21T10:07:17.726+0000] {processor.py:179} INFO - Processing /home/airflow/.local/lib/python3.7/site-packages/airflow/example_dags/example_branch_labels.py took 0.151 seconds
[2023-07-21T10:07:48.598+0000] {processor.py:157} INFO - Started process (PID=1196) to work on /home/airflow/.local/lib/python3.7/site-packages/airflow/example_dags/example_branch_labels.py
[2023-07-21T10:07:48.600+0000] {processor.py:826} INFO - Processing file /home/airflow/.local/lib/python3.7/site-packages/airflow/example_dags/example_branch_labels.py for tasks to queue
[2023-07-21T10:07:48.602+0000] {logging_mixin.py:150} INFO - [2023-07-21T10:07:48.602+0000] {dagbag.py:541} INFO - Filling up the DagBag from /home/airflow/.local/lib/python3.7/site-packages/airflow/example_dags/example_branch_labels.py
[2023-07-21T10:07:48.635+0000] {processor.py:836} INFO - DAG(s) dict_keys(['example_branch_labels']) retrieved from /home/airflow/.local/lib/python3.7/site-packages/airflow/example_dags/example_branch_labels.py
[2023-07-21T10:07:48.702+0000] {logging_mixin.py:150} INFO - [2023-07-21T10:07:48.698+0000] {dag.py:2742} INFO - Sync 1 DAGs
[2023-07-21T10:07:48.780+0000] {logging_mixin.py:150} INFO - [2023-07-21T10:07:48.779+0000] {dag.py:3508} INFO - Setting next_dagrun for example_branch_labels to 2023-07-20T00:00:00+00:00, run_after=2023-07-21T00:00:00+00:00
[2023-07-21T10:07:48.839+0000] {processor.py:179} INFO - Processing /home/airflow/.local/lib/python3.7/site-packages/airflow/example_dags/example_branch_labels.py took 0.248 seconds
[2023-07-21T10:08:19.363+0000] {processor.py:157} INFO - Started process (PID=1257) to work on /home/airflow/.local/lib/python3.7/site-packages/airflow/example_dags/example_branch_labels.py
[2023-07-21T10:08:19.365+0000] {processor.py:826} INFO - Processing file /home/airflow/.local/lib/python3.7/site-packages/airflow/example_dags/example_branch_labels.py for tasks to queue
[2023-07-21T10:08:19.366+0000] {logging_mixin.py:150} INFO - [2023-07-21T10:08:19.366+0000] {dagbag.py:541} INFO - Filling up the DagBag from /home/airflow/.local/lib/python3.7/site-packages/airflow/example_dags/example_branch_labels.py
[2023-07-21T10:08:19.377+0000] {processor.py:836} INFO - DAG(s) dict_keys(['example_branch_labels']) retrieved from /home/airflow/.local/lib/python3.7/site-packages/airflow/example_dags/example_branch_labels.py
[2023-07-21T10:08:19.414+0000] {logging_mixin.py:150} INFO - [2023-07-21T10:08:19.413+0000] {dag.py:2742} INFO - Sync 1 DAGs
[2023-07-21T10:08:19.456+0000] {logging_mixin.py:150} INFO - [2023-07-21T10:08:19.455+0000] {dag.py:3508} INFO - Setting next_dagrun for example_branch_labels to 2023-07-20T00:00:00+00:00, run_after=2023-07-21T00:00:00+00:00
[2023-07-21T10:08:19.488+0000] {processor.py:179} INFO - Processing /home/airflow/.local/lib/python3.7/site-packages/airflow/example_dags/example_branch_labels.py took 0.128 seconds
[2023-07-21T10:08:49.642+0000] {processor.py:157} INFO - Started process (PID=1319) to work on /home/airflow/.local/lib/python3.7/site-packages/airflow/example_dags/example_branch_labels.py
[2023-07-21T10:08:49.643+0000] {processor.py:826} INFO - Processing file /home/airflow/.local/lib/python3.7/site-packages/airflow/example_dags/example_branch_labels.py for tasks to queue
[2023-07-21T10:08:49.645+0000] {logging_mixin.py:150} INFO - [2023-07-21T10:08:49.645+0000] {dagbag.py:541} INFO - Filling up the DagBag from /home/airflow/.local/lib/python3.7/site-packages/airflow/example_dags/example_branch_labels.py
[2023-07-21T10:08:49.655+0000] {processor.py:836} INFO - DAG(s) dict_keys(['example_branch_labels']) retrieved from /home/airflow/.local/lib/python3.7/site-packages/airflow/example_dags/example_branch_labels.py
[2023-07-21T10:08:49.689+0000] {logging_mixin.py:150} INFO - [2023-07-21T10:08:49.689+0000] {dag.py:2742} INFO - Sync 1 DAGs
[2023-07-21T10:08:49.727+0000] {logging_mixin.py:150} INFO - [2023-07-21T10:08:49.726+0000] {dag.py:3508} INFO - Setting next_dagrun for example_branch_labels to 2023-07-20T00:00:00+00:00, run_after=2023-07-21T00:00:00+00:00
[2023-07-21T10:08:49.754+0000] {processor.py:179} INFO - Processing /home/airflow/.local/lib/python3.7/site-packages/airflow/example_dags/example_branch_labels.py took 0.116 seconds
[2023-07-21T10:09:19.981+0000] {processor.py:157} INFO - Started process (PID=1380) to work on /home/airflow/.local/lib/python3.7/site-packages/airflow/example_dags/example_branch_labels.py
[2023-07-21T10:09:19.983+0000] {processor.py:826} INFO - Processing file /home/airflow/.local/lib/python3.7/site-packages/airflow/example_dags/example_branch_labels.py for tasks to queue
[2023-07-21T10:09:19.984+0000] {logging_mixin.py:150} INFO - [2023-07-21T10:09:19.983+0000] {dagbag.py:541} INFO - Filling up the DagBag from /home/airflow/.local/lib/python3.7/site-packages/airflow/example_dags/example_branch_labels.py
[2023-07-21T10:09:19.992+0000] {processor.py:836} INFO - DAG(s) dict_keys(['example_branch_labels']) retrieved from /home/airflow/.local/lib/python3.7/site-packages/airflow/example_dags/example_branch_labels.py
[2023-07-21T10:09:20.019+0000] {logging_mixin.py:150} INFO - [2023-07-21T10:09:20.018+0000] {dag.py:2742} INFO - Sync 1 DAGs
[2023-07-21T10:09:20.062+0000] {logging_mixin.py:150} INFO - [2023-07-21T10:09:20.062+0000] {dag.py:3508} INFO - Setting next_dagrun for example_branch_labels to 2023-07-20T00:00:00+00:00, run_after=2023-07-21T00:00:00+00:00
[2023-07-21T10:09:20.105+0000] {processor.py:179} INFO - Processing /home/airflow/.local/lib/python3.7/site-packages/airflow/example_dags/example_branch_labels.py took 0.129 seconds
[2023-07-21T10:09:50.529+0000] {processor.py:157} INFO - Started process (PID=1441) to work on /home/airflow/.local/lib/python3.7/site-packages/airflow/example_dags/example_branch_labels.py
[2023-07-21T10:09:50.530+0000] {processor.py:826} INFO - Processing file /home/airflow/.local/lib/python3.7/site-packages/airflow/example_dags/example_branch_labels.py for tasks to queue
[2023-07-21T10:09:50.532+0000] {logging_mixin.py:150} INFO - [2023-07-21T10:09:50.531+0000] {dagbag.py:541} INFO - Filling up the DagBag from /home/airflow/.local/lib/python3.7/site-packages/airflow/example_dags/example_branch_labels.py
[2023-07-21T10:09:50.541+0000] {processor.py:836} INFO - DAG(s) dict_keys(['example_branch_labels']) retrieved from /home/airflow/.local/lib/python3.7/site-packages/airflow/example_dags/example_branch_labels.py
[2023-07-21T10:09:50.575+0000] {logging_mixin.py:150} INFO - [2023-07-21T10:09:50.575+0000] {dag.py:2742} INFO - Sync 1 DAGs
[2023-07-21T10:09:50.604+0000] {logging_mixin.py:150} INFO - [2023-07-21T10:09:50.604+0000] {dag.py:3508} INFO - Setting next_dagrun for example_branch_labels to 2023-07-20T00:00:00+00:00, run_after=2023-07-21T00:00:00+00:00
[2023-07-21T10:09:50.629+0000] {processor.py:179} INFO - Processing /home/airflow/.local/lib/python3.7/site-packages/airflow/example_dags/example_branch_labels.py took 0.104 seconds
[2023-07-21T10:10:20.796+0000] {processor.py:157} INFO - Started process (PID=1502) to work on /home/airflow/.local/lib/python3.7/site-packages/airflow/example_dags/example_branch_labels.py
[2023-07-21T10:10:20.797+0000] {processor.py:826} INFO - Processing file /home/airflow/.local/lib/python3.7/site-packages/airflow/example_dags/example_branch_labels.py for tasks to queue
[2023-07-21T10:10:20.798+0000] {logging_mixin.py:150} INFO - [2023-07-21T10:10:20.798+0000] {dagbag.py:541} INFO - Filling up the DagBag from /home/airflow/.local/lib/python3.7/site-packages/airflow/example_dags/example_branch_labels.py
[2023-07-21T10:10:20.807+0000] {processor.py:836} INFO - DAG(s) dict_keys(['example_branch_labels']) retrieved from /home/airflow/.local/lib/python3.7/site-packages/airflow/example_dags/example_branch_labels.py
[2023-07-21T10:10:20.845+0000] {logging_mixin.py:150} INFO - [2023-07-21T10:10:20.845+0000] {dag.py:2742} INFO - Sync 1 DAGs
[2023-07-21T10:10:20.876+0000] {logging_mixin.py:150} INFO - [2023-07-21T10:10:20.876+0000] {dag.py:3508} INFO - Setting next_dagrun for example_branch_labels to 2023-07-20T00:00:00+00:00, run_after=2023-07-21T00:00:00+00:00
[2023-07-21T10:10:20.904+0000] {processor.py:179} INFO - Processing /home/airflow/.local/lib/python3.7/site-packages/airflow/example_dags/example_branch_labels.py took 0.114 seconds
[2023-07-21T10:10:51.787+0000] {processor.py:157} INFO - Started process (PID=1563) to work on /home/airflow/.local/lib/python3.7/site-packages/airflow/example_dags/example_branch_labels.py
[2023-07-21T10:10:51.789+0000] {processor.py:826} INFO - Processing file /home/airflow/.local/lib/python3.7/site-packages/airflow/example_dags/example_branch_labels.py for tasks to queue
[2023-07-21T10:10:51.791+0000] {logging_mixin.py:150} INFO - [2023-07-21T10:10:51.790+0000] {dagbag.py:541} INFO - Filling up the DagBag from /home/airflow/.local/lib/python3.7/site-packages/airflow/example_dags/example_branch_labels.py
[2023-07-21T10:10:51.803+0000] {processor.py:836} INFO - DAG(s) dict_keys(['example_branch_labels']) retrieved from /home/airflow/.local/lib/python3.7/site-packages/airflow/example_dags/example_branch_labels.py
[2023-07-21T10:10:51.838+0000] {logging_mixin.py:150} INFO - [2023-07-21T10:10:51.838+0000] {dag.py:2742} INFO - Sync 1 DAGs
[2023-07-21T10:10:51.871+0000] {logging_mixin.py:150} INFO - [2023-07-21T10:10:51.871+0000] {dag.py:3508} INFO - Setting next_dagrun for example_branch_labels to 2023-07-20T00:00:00+00:00, run_after=2023-07-21T00:00:00+00:00
[2023-07-21T10:10:51.900+0000] {processor.py:179} INFO - Processing /home/airflow/.local/lib/python3.7/site-packages/airflow/example_dags/example_branch_labels.py took 0.117 seconds
[2023-07-21T10:11:22.759+0000] {processor.py:157} INFO - Started process (PID=1624) to work on /home/airflow/.local/lib/python3.7/site-packages/airflow/example_dags/example_branch_labels.py
[2023-07-21T10:11:22.760+0000] {processor.py:826} INFO - Processing file /home/airflow/.local/lib/python3.7/site-packages/airflow/example_dags/example_branch_labels.py for tasks to queue
[2023-07-21T10:11:22.761+0000] {logging_mixin.py:150} INFO - [2023-07-21T10:11:22.761+0000] {dagbag.py:541} INFO - Filling up the DagBag from /home/airflow/.local/lib/python3.7/site-packages/airflow/example_dags/example_branch_labels.py
[2023-07-21T10:11:22.768+0000] {processor.py:836} INFO - DAG(s) dict_keys(['example_branch_labels']) retrieved from /home/airflow/.local/lib/python3.7/site-packages/airflow/example_dags/example_branch_labels.py
[2023-07-21T10:11:22.800+0000] {logging_mixin.py:150} INFO - [2023-07-21T10:11:22.799+0000] {dag.py:2742} INFO - Sync 1 DAGs
[2023-07-21T10:11:22.835+0000] {logging_mixin.py:150} INFO - [2023-07-21T10:11:22.834+0000] {dag.py:3508} INFO - Setting next_dagrun for example_branch_labels to 2023-07-20T00:00:00+00:00, run_after=2023-07-21T00:00:00+00:00
[2023-07-21T10:11:22.861+0000] {processor.py:179} INFO - Processing /home/airflow/.local/lib/python3.7/site-packages/airflow/example_dags/example_branch_labels.py took 0.105 seconds
[2023-07-21T10:11:53.284+0000] {processor.py:157} INFO - Started process (PID=1685) to work on /home/airflow/.local/lib/python3.7/site-packages/airflow/example_dags/example_branch_labels.py
[2023-07-21T10:11:53.291+0000] {processor.py:826} INFO - Processing file /home/airflow/.local/lib/python3.7/site-packages/airflow/example_dags/example_branch_labels.py for tasks to queue
[2023-07-21T10:11:53.299+0000] {logging_mixin.py:150} INFO - [2023-07-21T10:11:53.298+0000] {dagbag.py:541} INFO - Filling up the DagBag from /home/airflow/.local/lib/python3.7/site-packages/airflow/example_dags/example_branch_labels.py
[2023-07-21T10:11:53.316+0000] {processor.py:836} INFO - DAG(s) dict_keys(['example_branch_labels']) retrieved from /home/airflow/.local/lib/python3.7/site-packages/airflow/example_dags/example_branch_labels.py
[2023-07-21T10:11:53.395+0000] {logging_mixin.py:150} INFO - [2023-07-21T10:11:53.394+0000] {dag.py:2742} INFO - Sync 1 DAGs
[2023-07-21T10:11:53.501+0000] {logging_mixin.py:150} INFO - [2023-07-21T10:11:53.501+0000] {dag.py:3508} INFO - Setting next_dagrun for example_branch_labels to 2023-07-20T00:00:00+00:00, run_after=2023-07-21T00:00:00+00:00
[2023-07-21T10:11:53.566+0000] {processor.py:179} INFO - Processing /home/airflow/.local/lib/python3.7/site-packages/airflow/example_dags/example_branch_labels.py took 0.288 seconds
[2023-07-21T10:12:23.661+0000] {processor.py:157} INFO - Started process (PID=1746) to work on /home/airflow/.local/lib/python3.7/site-packages/airflow/example_dags/example_branch_labels.py
[2023-07-21T10:12:23.663+0000] {processor.py:826} INFO - Processing file /home/airflow/.local/lib/python3.7/site-packages/airflow/example_dags/example_branch_labels.py for tasks to queue
[2023-07-21T10:12:23.664+0000] {logging_mixin.py:150} INFO - [2023-07-21T10:12:23.664+0000] {dagbag.py:541} INFO - Filling up the DagBag from /home/airflow/.local/lib/python3.7/site-packages/airflow/example_dags/example_branch_labels.py
[2023-07-21T10:12:23.676+0000] {processor.py:836} INFO - DAG(s) dict_keys(['example_branch_labels']) retrieved from /home/airflow/.local/lib/python3.7/site-packages/airflow/example_dags/example_branch_labels.py
[2023-07-21T10:12:23.722+0000] {logging_mixin.py:150} INFO - [2023-07-21T10:12:23.721+0000] {dag.py:2742} INFO - Sync 1 DAGs
[2023-07-21T10:12:23.762+0000] {logging_mixin.py:150} INFO - [2023-07-21T10:12:23.762+0000] {dag.py:3508} INFO - Setting next_dagrun for example_branch_labels to 2023-07-20T00:00:00+00:00, run_after=2023-07-21T00:00:00+00:00
[2023-07-21T10:12:23.798+0000] {processor.py:179} INFO - Processing /home/airflow/.local/lib/python3.7/site-packages/airflow/example_dags/example_branch_labels.py took 0.143 seconds
[2023-07-21T10:12:54.334+0000] {processor.py:157} INFO - Started process (PID=1807) to work on /home/airflow/.local/lib/python3.7/site-packages/airflow/example_dags/example_branch_labels.py
[2023-07-21T10:12:54.336+0000] {processor.py:826} INFO - Processing file /home/airflow/.local/lib/python3.7/site-packages/airflow/example_dags/example_branch_labels.py for tasks to queue
[2023-07-21T10:12:54.337+0000] {logging_mixin.py:150} INFO - [2023-07-21T10:12:54.337+0000] {dagbag.py:541} INFO - Filling up the DagBag from /home/airflow/.local/lib/python3.7/site-packages/airflow/example_dags/example_branch_labels.py
[2023-07-21T10:12:54.355+0000] {processor.py:836} INFO - DAG(s) dict_keys(['example_branch_labels']) retrieved from /home/airflow/.local/lib/python3.7/site-packages/airflow/example_dags/example_branch_labels.py
[2023-07-21T10:12:54.394+0000] {logging_mixin.py:150} INFO - [2023-07-21T10:12:54.393+0000] {dag.py:2742} INFO - Sync 1 DAGs
[2023-07-21T10:12:54.487+0000] {logging_mixin.py:150} INFO - [2023-07-21T10:12:54.487+0000] {dag.py:3508} INFO - Setting next_dagrun for example_branch_labels to 2023-07-20T00:00:00+00:00, run_after=2023-07-21T00:00:00+00:00
[2023-07-21T10:12:54.535+0000] {processor.py:179} INFO - Processing /home/airflow/.local/lib/python3.7/site-packages/airflow/example_dags/example_branch_labels.py took 0.205 seconds
[2023-07-21T10:13:24.792+0000] {processor.py:157} INFO - Started process (PID=1868) to work on /home/airflow/.local/lib/python3.7/site-packages/airflow/example_dags/example_branch_labels.py
[2023-07-21T10:13:24.794+0000] {processor.py:826} INFO - Processing file /home/airflow/.local/lib/python3.7/site-packages/airflow/example_dags/example_branch_labels.py for tasks to queue
[2023-07-21T10:13:24.795+0000] {logging_mixin.py:150} INFO - [2023-07-21T10:13:24.795+0000] {dagbag.py:541} INFO - Filling up the DagBag from /home/airflow/.local/lib/python3.7/site-packages/airflow/example_dags/example_branch_labels.py
[2023-07-21T10:13:24.812+0000] {processor.py:836} INFO - DAG(s) dict_keys(['example_branch_labels']) retrieved from /home/airflow/.local/lib/python3.7/site-packages/airflow/example_dags/example_branch_labels.py
[2023-07-21T10:13:24.858+0000] {logging_mixin.py:150} INFO - [2023-07-21T10:13:24.858+0000] {dag.py:2742} INFO - Sync 1 DAGs
[2023-07-21T10:13:24.902+0000] {logging_mixin.py:150} INFO - [2023-07-21T10:13:24.902+0000] {dag.py:3508} INFO - Setting next_dagrun for example_branch_labels to 2023-07-20T00:00:00+00:00, run_after=2023-07-21T00:00:00+00:00
[2023-07-21T10:13:24.929+0000] {processor.py:179} INFO - Processing /home/airflow/.local/lib/python3.7/site-packages/airflow/example_dags/example_branch_labels.py took 0.148 seconds
[2023-07-21T10:13:55.609+0000] {processor.py:157} INFO - Started process (PID=1920) to work on /home/airflow/.local/lib/python3.7/site-packages/airflow/example_dags/example_branch_labels.py
[2023-07-21T10:13:55.611+0000] {processor.py:826} INFO - Processing file /home/airflow/.local/lib/python3.7/site-packages/airflow/example_dags/example_branch_labels.py for tasks to queue
[2023-07-21T10:13:55.612+0000] {logging_mixin.py:150} INFO - [2023-07-21T10:13:55.612+0000] {dagbag.py:541} INFO - Filling up the DagBag from /home/airflow/.local/lib/python3.7/site-packages/airflow/example_dags/example_branch_labels.py
[2023-07-21T10:13:55.621+0000] {processor.py:836} INFO - DAG(s) dict_keys(['example_branch_labels']) retrieved from /home/airflow/.local/lib/python3.7/site-packages/airflow/example_dags/example_branch_labels.py
[2023-07-21T10:13:55.656+0000] {logging_mixin.py:150} INFO - [2023-07-21T10:13:55.656+0000] {dag.py:2742} INFO - Sync 1 DAGs
[2023-07-21T10:13:55.694+0000] {logging_mixin.py:150} INFO - [2023-07-21T10:13:55.694+0000] {dag.py:3508} INFO - Setting next_dagrun for example_branch_labels to 2023-07-20T00:00:00+00:00, run_after=2023-07-21T00:00:00+00:00
[2023-07-21T10:13:55.731+0000] {processor.py:179} INFO - Processing /home/airflow/.local/lib/python3.7/site-packages/airflow/example_dags/example_branch_labels.py took 0.126 seconds
[2023-07-21T10:14:26.615+0000] {processor.py:157} INFO - Started process (PID=1981) to work on /home/airflow/.local/lib/python3.7/site-packages/airflow/example_dags/example_branch_labels.py
[2023-07-21T10:14:26.618+0000] {processor.py:826} INFO - Processing file /home/airflow/.local/lib/python3.7/site-packages/airflow/example_dags/example_branch_labels.py for tasks to queue
[2023-07-21T10:14:26.620+0000] {logging_mixin.py:150} INFO - [2023-07-21T10:14:26.620+0000] {dagbag.py:541} INFO - Filling up the DagBag from /home/airflow/.local/lib/python3.7/site-packages/airflow/example_dags/example_branch_labels.py
[2023-07-21T10:14:26.630+0000] {processor.py:836} INFO - DAG(s) dict_keys(['example_branch_labels']) retrieved from /home/airflow/.local/lib/python3.7/site-packages/airflow/example_dags/example_branch_labels.py
[2023-07-21T10:14:26.672+0000] {logging_mixin.py:150} INFO - [2023-07-21T10:14:26.672+0000] {dag.py:2742} INFO - Sync 1 DAGs
[2023-07-21T10:14:26.712+0000] {logging_mixin.py:150} INFO - [2023-07-21T10:14:26.712+0000] {dag.py:3508} INFO - Setting next_dagrun for example_branch_labels to 2023-07-20T00:00:00+00:00, run_after=2023-07-21T00:00:00+00:00
[2023-07-21T10:14:26.744+0000] {processor.py:179} INFO - Processing /home/airflow/.local/lib/python3.7/site-packages/airflow/example_dags/example_branch_labels.py took 0.133 seconds
[2023-07-21T10:14:56.832+0000] {processor.py:157} INFO - Started process (PID=2042) to work on /home/airflow/.local/lib/python3.7/site-packages/airflow/example_dags/example_branch_labels.py
[2023-07-21T10:14:56.834+0000] {processor.py:826} INFO - Processing file /home/airflow/.local/lib/python3.7/site-packages/airflow/example_dags/example_branch_labels.py for tasks to queue
[2023-07-21T10:14:56.835+0000] {logging_mixin.py:150} INFO - [2023-07-21T10:14:56.835+0000] {dagbag.py:541} INFO - Filling up the DagBag from /home/airflow/.local/lib/python3.7/site-packages/airflow/example_dags/example_branch_labels.py
[2023-07-21T10:14:56.847+0000] {processor.py:836} INFO - DAG(s) dict_keys(['example_branch_labels']) retrieved from /home/airflow/.local/lib/python3.7/site-packages/airflow/example_dags/example_branch_labels.py
[2023-07-21T10:14:56.885+0000] {logging_mixin.py:150} INFO - [2023-07-21T10:14:56.885+0000] {dag.py:2742} INFO - Sync 1 DAGs
[2023-07-21T10:14:56.924+0000] {logging_mixin.py:150} INFO - [2023-07-21T10:14:56.924+0000] {dag.py:3508} INFO - Setting next_dagrun for example_branch_labels to 2023-07-20T00:00:00+00:00, run_after=2023-07-21T00:00:00+00:00
[2023-07-21T10:14:56.954+0000] {processor.py:179} INFO - Processing /home/airflow/.local/lib/python3.7/site-packages/airflow/example_dags/example_branch_labels.py took 0.128 seconds
