[2023-07-21T09:58:10.988+0000] {processor.py:157} INFO - Started process (PID=50) to work on /home/airflow/.local/lib/python3.7/site-packages/airflow/example_dags/tutorial_dag.py
[2023-07-21T09:58:10.989+0000] {processor.py:826} INFO - Processing file /home/airflow/.local/lib/python3.7/site-packages/airflow/example_dags/tutorial_dag.py for tasks to queue
[2023-07-21T09:58:10.991+0000] {logging_mixin.py:150} INFO - [2023-07-21T09:58:10.991+0000] {dagbag.py:541} INFO - Filling up the DagBag from /home/airflow/.local/lib/python3.7/site-packages/airflow/example_dags/tutorial_dag.py
[2023-07-21T09:58:11.005+0000] {processor.py:836} INFO - DAG(s) dict_keys(['tutorial_dag']) retrieved from /home/airflow/.local/lib/python3.7/site-packages/airflow/example_dags/tutorial_dag.py
[2023-07-21T09:58:11.217+0000] {logging_mixin.py:150} INFO - [2023-07-21T09:58:11.216+0000] {dag.py:2742} INFO - Sync 1 DAGs
[2023-07-21T09:58:11.273+0000] {logging_mixin.py:150} INFO - [2023-07-21T09:58:11.273+0000] {dag.py:3508} INFO - Setting next_dagrun for tutorial_dag to None, run_after=None
[2023-07-21T09:58:11.331+0000] {processor.py:179} INFO - Processing /home/airflow/.local/lib/python3.7/site-packages/airflow/example_dags/tutorial_dag.py took 0.347 seconds
[2023-07-21T09:58:41.833+0000] {processor.py:157} INFO - Started process (PID=112) to work on /home/airflow/.local/lib/python3.7/site-packages/airflow/example_dags/tutorial_dag.py
[2023-07-21T09:58:41.835+0000] {processor.py:826} INFO - Processing file /home/airflow/.local/lib/python3.7/site-packages/airflow/example_dags/tutorial_dag.py for tasks to queue
[2023-07-21T09:58:41.838+0000] {logging_mixin.py:150} INFO - [2023-07-21T09:58:41.837+0000] {dagbag.py:541} INFO - Filling up the DagBag from /home/airflow/.local/lib/python3.7/site-packages/airflow/example_dags/tutorial_dag.py
[2023-07-21T09:58:41.854+0000] {processor.py:836} INFO - DAG(s) dict_keys(['tutorial_dag']) retrieved from /home/airflow/.local/lib/python3.7/site-packages/airflow/example_dags/tutorial_dag.py
[2023-07-21T09:58:41.896+0000] {logging_mixin.py:150} INFO - [2023-07-21T09:58:41.896+0000] {dag.py:2742} INFO - Sync 1 DAGs
[2023-07-21T09:58:42.001+0000] {logging_mixin.py:150} INFO - [2023-07-21T09:58:41.998+0000] {dag.py:3508} INFO - Setting next_dagrun for tutorial_dag to None, run_after=None
[2023-07-21T09:58:42.096+0000] {processor.py:179} INFO - Processing /home/airflow/.local/lib/python3.7/site-packages/airflow/example_dags/tutorial_dag.py took 0.278 seconds
[2023-07-21T09:59:12.662+0000] {processor.py:157} INFO - Started process (PID=173) to work on /home/airflow/.local/lib/python3.7/site-packages/airflow/example_dags/tutorial_dag.py
[2023-07-21T09:59:12.665+0000] {processor.py:826} INFO - Processing file /home/airflow/.local/lib/python3.7/site-packages/airflow/example_dags/tutorial_dag.py for tasks to queue
[2023-07-21T09:59:12.668+0000] {logging_mixin.py:150} INFO - [2023-07-21T09:59:12.667+0000] {dagbag.py:541} INFO - Filling up the DagBag from /home/airflow/.local/lib/python3.7/site-packages/airflow/example_dags/tutorial_dag.py
[2023-07-21T09:59:12.683+0000] {processor.py:836} INFO - DAG(s) dict_keys(['tutorial_dag']) retrieved from /home/airflow/.local/lib/python3.7/site-packages/airflow/example_dags/tutorial_dag.py
[2023-07-21T09:59:12.746+0000] {logging_mixin.py:150} INFO - [2023-07-21T09:59:12.746+0000] {dag.py:2742} INFO - Sync 1 DAGs
[2023-07-21T09:59:12.825+0000] {logging_mixin.py:150} INFO - [2023-07-21T09:59:12.824+0000] {dag.py:3508} INFO - Setting next_dagrun for tutorial_dag to None, run_after=None
[2023-07-21T09:59:12.878+0000] {processor.py:179} INFO - Processing /home/airflow/.local/lib/python3.7/site-packages/airflow/example_dags/tutorial_dag.py took 0.224 seconds
[2023-07-21T09:59:43.892+0000] {processor.py:157} INFO - Started process (PID=233) to work on /home/airflow/.local/lib/python3.7/site-packages/airflow/example_dags/tutorial_dag.py
[2023-07-21T09:59:43.895+0000] {processor.py:826} INFO - Processing file /home/airflow/.local/lib/python3.7/site-packages/airflow/example_dags/tutorial_dag.py for tasks to queue
[2023-07-21T09:59:43.897+0000] {logging_mixin.py:150} INFO - [2023-07-21T09:59:43.896+0000] {dagbag.py:541} INFO - Filling up the DagBag from /home/airflow/.local/lib/python3.7/site-packages/airflow/example_dags/tutorial_dag.py
[2023-07-21T09:59:43.908+0000] {processor.py:836} INFO - DAG(s) dict_keys(['tutorial_dag']) retrieved from /home/airflow/.local/lib/python3.7/site-packages/airflow/example_dags/tutorial_dag.py
[2023-07-21T09:59:43.957+0000] {logging_mixin.py:150} INFO - [2023-07-21T09:59:43.956+0000] {dag.py:2742} INFO - Sync 1 DAGs
[2023-07-21T09:59:43.996+0000] {logging_mixin.py:150} INFO - [2023-07-21T09:59:43.995+0000] {dag.py:3508} INFO - Setting next_dagrun for tutorial_dag to None, run_after=None
[2023-07-21T09:59:44.027+0000] {processor.py:179} INFO - Processing /home/airflow/.local/lib/python3.7/site-packages/airflow/example_dags/tutorial_dag.py took 0.139 seconds
[2023-07-21T10:00:14.105+0000] {processor.py:157} INFO - Started process (PID=294) to work on /home/airflow/.local/lib/python3.7/site-packages/airflow/example_dags/tutorial_dag.py
[2023-07-21T10:00:14.107+0000] {processor.py:826} INFO - Processing file /home/airflow/.local/lib/python3.7/site-packages/airflow/example_dags/tutorial_dag.py for tasks to queue
[2023-07-21T10:00:14.108+0000] {logging_mixin.py:150} INFO - [2023-07-21T10:00:14.108+0000] {dagbag.py:541} INFO - Filling up the DagBag from /home/airflow/.local/lib/python3.7/site-packages/airflow/example_dags/tutorial_dag.py
[2023-07-21T10:00:14.115+0000] {processor.py:836} INFO - DAG(s) dict_keys(['tutorial_dag']) retrieved from /home/airflow/.local/lib/python3.7/site-packages/airflow/example_dags/tutorial_dag.py
[2023-07-21T10:00:14.153+0000] {logging_mixin.py:150} INFO - [2023-07-21T10:00:14.153+0000] {dag.py:2742} INFO - Sync 1 DAGs
[2023-07-21T10:00:14.188+0000] {logging_mixin.py:150} INFO - [2023-07-21T10:00:14.187+0000] {dag.py:3508} INFO - Setting next_dagrun for tutorial_dag to None, run_after=None
[2023-07-21T10:00:14.220+0000] {processor.py:179} INFO - Processing /home/airflow/.local/lib/python3.7/site-packages/airflow/example_dags/tutorial_dag.py took 0.120 seconds
[2023-07-21T10:00:45.231+0000] {processor.py:157} INFO - Started process (PID=355) to work on /home/airflow/.local/lib/python3.7/site-packages/airflow/example_dags/tutorial_dag.py
[2023-07-21T10:00:45.233+0000] {processor.py:826} INFO - Processing file /home/airflow/.local/lib/python3.7/site-packages/airflow/example_dags/tutorial_dag.py for tasks to queue
[2023-07-21T10:00:45.234+0000] {logging_mixin.py:150} INFO - [2023-07-21T10:00:45.234+0000] {dagbag.py:541} INFO - Filling up the DagBag from /home/airflow/.local/lib/python3.7/site-packages/airflow/example_dags/tutorial_dag.py
[2023-07-21T10:00:45.240+0000] {processor.py:836} INFO - DAG(s) dict_keys(['tutorial_dag']) retrieved from /home/airflow/.local/lib/python3.7/site-packages/airflow/example_dags/tutorial_dag.py
[2023-07-21T10:00:45.269+0000] {logging_mixin.py:150} INFO - [2023-07-21T10:00:45.269+0000] {dag.py:2742} INFO - Sync 1 DAGs
[2023-07-21T10:00:45.305+0000] {logging_mixin.py:150} INFO - [2023-07-21T10:00:45.305+0000] {dag.py:3508} INFO - Setting next_dagrun for tutorial_dag to None, run_after=None
[2023-07-21T10:00:45.338+0000] {processor.py:179} INFO - Processing /home/airflow/.local/lib/python3.7/site-packages/airflow/example_dags/tutorial_dag.py took 0.110 seconds
[2023-07-21T10:01:16.225+0000] {processor.py:157} INFO - Started process (PID=416) to work on /home/airflow/.local/lib/python3.7/site-packages/airflow/example_dags/tutorial_dag.py
[2023-07-21T10:01:16.227+0000] {processor.py:826} INFO - Processing file /home/airflow/.local/lib/python3.7/site-packages/airflow/example_dags/tutorial_dag.py for tasks to queue
[2023-07-21T10:01:16.229+0000] {logging_mixin.py:150} INFO - [2023-07-21T10:01:16.228+0000] {dagbag.py:541} INFO - Filling up the DagBag from /home/airflow/.local/lib/python3.7/site-packages/airflow/example_dags/tutorial_dag.py
[2023-07-21T10:01:16.237+0000] {processor.py:836} INFO - DAG(s) dict_keys(['tutorial_dag']) retrieved from /home/airflow/.local/lib/python3.7/site-packages/airflow/example_dags/tutorial_dag.py
[2023-07-21T10:01:16.277+0000] {logging_mixin.py:150} INFO - [2023-07-21T10:01:16.276+0000] {dag.py:2742} INFO - Sync 1 DAGs
[2023-07-21T10:01:16.326+0000] {logging_mixin.py:150} INFO - [2023-07-21T10:01:16.325+0000] {dag.py:3508} INFO - Setting next_dagrun for tutorial_dag to None, run_after=None
[2023-07-21T10:01:16.370+0000] {processor.py:179} INFO - Processing /home/airflow/.local/lib/python3.7/site-packages/airflow/example_dags/tutorial_dag.py took 0.149 seconds
[2023-07-21T10:01:47.098+0000] {processor.py:157} INFO - Started process (PID=477) to work on /home/airflow/.local/lib/python3.7/site-packages/airflow/example_dags/tutorial_dag.py
[2023-07-21T10:01:47.100+0000] {processor.py:826} INFO - Processing file /home/airflow/.local/lib/python3.7/site-packages/airflow/example_dags/tutorial_dag.py for tasks to queue
[2023-07-21T10:01:47.102+0000] {logging_mixin.py:150} INFO - [2023-07-21T10:01:47.101+0000] {dagbag.py:541} INFO - Filling up the DagBag from /home/airflow/.local/lib/python3.7/site-packages/airflow/example_dags/tutorial_dag.py
[2023-07-21T10:01:47.109+0000] {processor.py:836} INFO - DAG(s) dict_keys(['tutorial_dag']) retrieved from /home/airflow/.local/lib/python3.7/site-packages/airflow/example_dags/tutorial_dag.py
[2023-07-21T10:01:47.146+0000] {logging_mixin.py:150} INFO - [2023-07-21T10:01:47.146+0000] {dag.py:2742} INFO - Sync 1 DAGs
[2023-07-21T10:01:47.186+0000] {logging_mixin.py:150} INFO - [2023-07-21T10:01:47.186+0000] {dag.py:3508} INFO - Setting next_dagrun for tutorial_dag to None, run_after=None
[2023-07-21T10:01:47.231+0000] {processor.py:179} INFO - Processing /home/airflow/.local/lib/python3.7/site-packages/airflow/example_dags/tutorial_dag.py took 0.137 seconds
[2023-07-21T10:02:17.555+0000] {processor.py:157} INFO - Started process (PID=539) to work on /home/airflow/.local/lib/python3.7/site-packages/airflow/example_dags/tutorial_dag.py
[2023-07-21T10:02:17.558+0000] {processor.py:826} INFO - Processing file /home/airflow/.local/lib/python3.7/site-packages/airflow/example_dags/tutorial_dag.py for tasks to queue
[2023-07-21T10:02:17.560+0000] {logging_mixin.py:150} INFO - [2023-07-21T10:02:17.559+0000] {dagbag.py:541} INFO - Filling up the DagBag from /home/airflow/.local/lib/python3.7/site-packages/airflow/example_dags/tutorial_dag.py
[2023-07-21T10:02:17.567+0000] {processor.py:836} INFO - DAG(s) dict_keys(['tutorial_dag']) retrieved from /home/airflow/.local/lib/python3.7/site-packages/airflow/example_dags/tutorial_dag.py
[2023-07-21T10:02:17.601+0000] {logging_mixin.py:150} INFO - [2023-07-21T10:02:17.601+0000] {dag.py:2742} INFO - Sync 1 DAGs
[2023-07-21T10:02:17.636+0000] {logging_mixin.py:150} INFO - [2023-07-21T10:02:17.635+0000] {dag.py:3508} INFO - Setting next_dagrun for tutorial_dag to None, run_after=None
[2023-07-21T10:02:17.674+0000] {processor.py:179} INFO - Processing /home/airflow/.local/lib/python3.7/site-packages/airflow/example_dags/tutorial_dag.py took 0.123 seconds
[2023-07-21T10:02:48.721+0000] {processor.py:157} INFO - Started process (PID=600) to work on /home/airflow/.local/lib/python3.7/site-packages/airflow/example_dags/tutorial_dag.py
[2023-07-21T10:02:48.723+0000] {processor.py:826} INFO - Processing file /home/airflow/.local/lib/python3.7/site-packages/airflow/example_dags/tutorial_dag.py for tasks to queue
[2023-07-21T10:02:48.724+0000] {logging_mixin.py:150} INFO - [2023-07-21T10:02:48.724+0000] {dagbag.py:541} INFO - Filling up the DagBag from /home/airflow/.local/lib/python3.7/site-packages/airflow/example_dags/tutorial_dag.py
[2023-07-21T10:02:48.731+0000] {processor.py:836} INFO - DAG(s) dict_keys(['tutorial_dag']) retrieved from /home/airflow/.local/lib/python3.7/site-packages/airflow/example_dags/tutorial_dag.py
[2023-07-21T10:02:48.748+0000] {logging_mixin.py:150} INFO - [2023-07-21T10:02:48.748+0000] {dag.py:2742} INFO - Sync 1 DAGs
[2023-07-21T10:02:48.799+0000] {logging_mixin.py:150} INFO - [2023-07-21T10:02:48.798+0000] {dag.py:3508} INFO - Setting next_dagrun for tutorial_dag to None, run_after=None
[2023-07-21T10:02:48.834+0000] {processor.py:179} INFO - Processing /home/airflow/.local/lib/python3.7/site-packages/airflow/example_dags/tutorial_dag.py took 0.117 seconds
[2023-07-21T10:03:19.328+0000] {processor.py:157} INFO - Started process (PID=661) to work on /home/airflow/.local/lib/python3.7/site-packages/airflow/example_dags/tutorial_dag.py
[2023-07-21T10:03:19.329+0000] {processor.py:826} INFO - Processing file /home/airflow/.local/lib/python3.7/site-packages/airflow/example_dags/tutorial_dag.py for tasks to queue
[2023-07-21T10:03:19.331+0000] {logging_mixin.py:150} INFO - [2023-07-21T10:03:19.331+0000] {dagbag.py:541} INFO - Filling up the DagBag from /home/airflow/.local/lib/python3.7/site-packages/airflow/example_dags/tutorial_dag.py
[2023-07-21T10:03:19.339+0000] {processor.py:836} INFO - DAG(s) dict_keys(['tutorial_dag']) retrieved from /home/airflow/.local/lib/python3.7/site-packages/airflow/example_dags/tutorial_dag.py
[2023-07-21T10:03:19.370+0000] {logging_mixin.py:150} INFO - [2023-07-21T10:03:19.369+0000] {dag.py:2742} INFO - Sync 1 DAGs
[2023-07-21T10:03:19.402+0000] {logging_mixin.py:150} INFO - [2023-07-21T10:03:19.401+0000] {dag.py:3508} INFO - Setting next_dagrun for tutorial_dag to None, run_after=None
[2023-07-21T10:03:19.431+0000] {processor.py:179} INFO - Processing /home/airflow/.local/lib/python3.7/site-packages/airflow/example_dags/tutorial_dag.py took 0.107 seconds
[2023-07-21T10:03:49.549+0000] {processor.py:157} INFO - Started process (PID=722) to work on /home/airflow/.local/lib/python3.7/site-packages/airflow/example_dags/tutorial_dag.py
[2023-07-21T10:03:49.551+0000] {processor.py:826} INFO - Processing file /home/airflow/.local/lib/python3.7/site-packages/airflow/example_dags/tutorial_dag.py for tasks to queue
[2023-07-21T10:03:49.552+0000] {logging_mixin.py:150} INFO - [2023-07-21T10:03:49.552+0000] {dagbag.py:541} INFO - Filling up the DagBag from /home/airflow/.local/lib/python3.7/site-packages/airflow/example_dags/tutorial_dag.py
[2023-07-21T10:03:49.557+0000] {processor.py:836} INFO - DAG(s) dict_keys(['tutorial_dag']) retrieved from /home/airflow/.local/lib/python3.7/site-packages/airflow/example_dags/tutorial_dag.py
[2023-07-21T10:03:49.585+0000] {logging_mixin.py:150} INFO - [2023-07-21T10:03:49.584+0000] {dag.py:2742} INFO - Sync 1 DAGs
[2023-07-21T10:03:49.624+0000] {logging_mixin.py:150} INFO - [2023-07-21T10:03:49.624+0000] {dag.py:3508} INFO - Setting next_dagrun for tutorial_dag to None, run_after=None
[2023-07-21T10:03:49.664+0000] {processor.py:179} INFO - Processing /home/airflow/.local/lib/python3.7/site-packages/airflow/example_dags/tutorial_dag.py took 0.120 seconds
[2023-07-21T10:04:20.107+0000] {processor.py:157} INFO - Started process (PID=783) to work on /home/airflow/.local/lib/python3.7/site-packages/airflow/example_dags/tutorial_dag.py
[2023-07-21T10:04:20.110+0000] {processor.py:826} INFO - Processing file /home/airflow/.local/lib/python3.7/site-packages/airflow/example_dags/tutorial_dag.py for tasks to queue
[2023-07-21T10:04:20.112+0000] {logging_mixin.py:150} INFO - [2023-07-21T10:04:20.111+0000] {dagbag.py:541} INFO - Filling up the DagBag from /home/airflow/.local/lib/python3.7/site-packages/airflow/example_dags/tutorial_dag.py
[2023-07-21T10:04:20.122+0000] {processor.py:836} INFO - DAG(s) dict_keys(['tutorial_dag']) retrieved from /home/airflow/.local/lib/python3.7/site-packages/airflow/example_dags/tutorial_dag.py
[2023-07-21T10:04:20.155+0000] {logging_mixin.py:150} INFO - [2023-07-21T10:04:20.155+0000] {dag.py:2742} INFO - Sync 1 DAGs
[2023-07-21T10:04:20.187+0000] {logging_mixin.py:150} INFO - [2023-07-21T10:04:20.187+0000] {dag.py:3508} INFO - Setting next_dagrun for tutorial_dag to None, run_after=None
[2023-07-21T10:04:20.211+0000] {processor.py:179} INFO - Processing /home/airflow/.local/lib/python3.7/site-packages/airflow/example_dags/tutorial_dag.py took 0.110 seconds
[2023-07-21T10:04:50.490+0000] {processor.py:157} INFO - Started process (PID=844) to work on /home/airflow/.local/lib/python3.7/site-packages/airflow/example_dags/tutorial_dag.py
[2023-07-21T10:04:50.492+0000] {processor.py:826} INFO - Processing file /home/airflow/.local/lib/python3.7/site-packages/airflow/example_dags/tutorial_dag.py for tasks to queue
[2023-07-21T10:04:50.493+0000] {logging_mixin.py:150} INFO - [2023-07-21T10:04:50.493+0000] {dagbag.py:541} INFO - Filling up the DagBag from /home/airflow/.local/lib/python3.7/site-packages/airflow/example_dags/tutorial_dag.py
[2023-07-21T10:04:50.500+0000] {processor.py:836} INFO - DAG(s) dict_keys(['tutorial_dag']) retrieved from /home/airflow/.local/lib/python3.7/site-packages/airflow/example_dags/tutorial_dag.py
[2023-07-21T10:04:50.528+0000] {logging_mixin.py:150} INFO - [2023-07-21T10:04:50.527+0000] {dag.py:2742} INFO - Sync 1 DAGs
[2023-07-21T10:04:50.558+0000] {logging_mixin.py:150} INFO - [2023-07-21T10:04:50.558+0000] {dag.py:3508} INFO - Setting next_dagrun for tutorial_dag to None, run_after=None
[2023-07-21T10:04:50.590+0000] {processor.py:179} INFO - Processing /home/airflow/.local/lib/python3.7/site-packages/airflow/example_dags/tutorial_dag.py took 0.104 seconds
[2023-07-21T10:05:21.268+0000] {processor.py:157} INFO - Started process (PID=905) to work on /home/airflow/.local/lib/python3.7/site-packages/airflow/example_dags/tutorial_dag.py
[2023-07-21T10:05:21.271+0000] {processor.py:826} INFO - Processing file /home/airflow/.local/lib/python3.7/site-packages/airflow/example_dags/tutorial_dag.py for tasks to queue
[2023-07-21T10:05:21.272+0000] {logging_mixin.py:150} INFO - [2023-07-21T10:05:21.272+0000] {dagbag.py:541} INFO - Filling up the DagBag from /home/airflow/.local/lib/python3.7/site-packages/airflow/example_dags/tutorial_dag.py
[2023-07-21T10:05:21.278+0000] {processor.py:836} INFO - DAG(s) dict_keys(['tutorial_dag']) retrieved from /home/airflow/.local/lib/python3.7/site-packages/airflow/example_dags/tutorial_dag.py
[2023-07-21T10:05:21.306+0000] {logging_mixin.py:150} INFO - [2023-07-21T10:05:21.306+0000] {dag.py:2742} INFO - Sync 1 DAGs
[2023-07-21T10:05:21.340+0000] {logging_mixin.py:150} INFO - [2023-07-21T10:05:21.340+0000] {dag.py:3508} INFO - Setting next_dagrun for tutorial_dag to None, run_after=None
[2023-07-21T10:05:21.373+0000] {processor.py:179} INFO - Processing /home/airflow/.local/lib/python3.7/site-packages/airflow/example_dags/tutorial_dag.py took 0.109 seconds
[2023-07-21T10:05:52.694+0000] {processor.py:157} INFO - Started process (PID=966) to work on /home/airflow/.local/lib/python3.7/site-packages/airflow/example_dags/tutorial_dag.py
[2023-07-21T10:05:52.695+0000] {processor.py:826} INFO - Processing file /home/airflow/.local/lib/python3.7/site-packages/airflow/example_dags/tutorial_dag.py for tasks to queue
[2023-07-21T10:05:52.697+0000] {logging_mixin.py:150} INFO - [2023-07-21T10:05:52.696+0000] {dagbag.py:541} INFO - Filling up the DagBag from /home/airflow/.local/lib/python3.7/site-packages/airflow/example_dags/tutorial_dag.py
[2023-07-21T10:05:52.704+0000] {processor.py:836} INFO - DAG(s) dict_keys(['tutorial_dag']) retrieved from /home/airflow/.local/lib/python3.7/site-packages/airflow/example_dags/tutorial_dag.py
[2023-07-21T10:05:52.735+0000] {logging_mixin.py:150} INFO - [2023-07-21T10:05:52.735+0000] {dag.py:2742} INFO - Sync 1 DAGs
[2023-07-21T10:05:52.769+0000] {logging_mixin.py:150} INFO - [2023-07-21T10:05:52.769+0000] {dag.py:3508} INFO - Setting next_dagrun for tutorial_dag to None, run_after=None
[2023-07-21T10:05:52.802+0000] {processor.py:179} INFO - Processing /home/airflow/.local/lib/python3.7/site-packages/airflow/example_dags/tutorial_dag.py took 0.113 seconds
[2023-07-21T10:06:23.168+0000] {processor.py:157} INFO - Started process (PID=1028) to work on /home/airflow/.local/lib/python3.7/site-packages/airflow/example_dags/tutorial_dag.py
[2023-07-21T10:06:23.170+0000] {processor.py:826} INFO - Processing file /home/airflow/.local/lib/python3.7/site-packages/airflow/example_dags/tutorial_dag.py for tasks to queue
[2023-07-21T10:06:23.172+0000] {logging_mixin.py:150} INFO - [2023-07-21T10:06:23.172+0000] {dagbag.py:541} INFO - Filling up the DagBag from /home/airflow/.local/lib/python3.7/site-packages/airflow/example_dags/tutorial_dag.py
[2023-07-21T10:06:23.180+0000] {processor.py:836} INFO - DAG(s) dict_keys(['tutorial_dag']) retrieved from /home/airflow/.local/lib/python3.7/site-packages/airflow/example_dags/tutorial_dag.py
[2023-07-21T10:06:23.211+0000] {logging_mixin.py:150} INFO - [2023-07-21T10:06:23.210+0000] {dag.py:2742} INFO - Sync 1 DAGs
[2023-07-21T10:06:23.251+0000] {logging_mixin.py:150} INFO - [2023-07-21T10:06:23.250+0000] {dag.py:3508} INFO - Setting next_dagrun for tutorial_dag to None, run_after=None
[2023-07-21T10:06:23.280+0000] {processor.py:179} INFO - Processing /home/airflow/.local/lib/python3.7/site-packages/airflow/example_dags/tutorial_dag.py took 0.115 seconds
[2023-07-21T10:06:54.301+0000] {processor.py:157} INFO - Started process (PID=1088) to work on /home/airflow/.local/lib/python3.7/site-packages/airflow/example_dags/tutorial_dag.py
[2023-07-21T10:06:54.303+0000] {processor.py:826} INFO - Processing file /home/airflow/.local/lib/python3.7/site-packages/airflow/example_dags/tutorial_dag.py for tasks to queue
[2023-07-21T10:06:54.304+0000] {logging_mixin.py:150} INFO - [2023-07-21T10:06:54.303+0000] {dagbag.py:541} INFO - Filling up the DagBag from /home/airflow/.local/lib/python3.7/site-packages/airflow/example_dags/tutorial_dag.py
[2023-07-21T10:06:54.311+0000] {processor.py:836} INFO - DAG(s) dict_keys(['tutorial_dag']) retrieved from /home/airflow/.local/lib/python3.7/site-packages/airflow/example_dags/tutorial_dag.py
[2023-07-21T10:06:54.348+0000] {logging_mixin.py:150} INFO - [2023-07-21T10:06:54.348+0000] {dag.py:2742} INFO - Sync 1 DAGs
[2023-07-21T10:06:54.381+0000] {logging_mixin.py:150} INFO - [2023-07-21T10:06:54.380+0000] {dag.py:3508} INFO - Setting next_dagrun for tutorial_dag to None, run_after=None
[2023-07-21T10:06:54.413+0000] {processor.py:179} INFO - Processing /home/airflow/.local/lib/python3.7/site-packages/airflow/example_dags/tutorial_dag.py took 0.116 seconds
[2023-07-21T10:07:25.403+0000] {processor.py:157} INFO - Started process (PID=1149) to work on /home/airflow/.local/lib/python3.7/site-packages/airflow/example_dags/tutorial_dag.py
[2023-07-21T10:07:25.405+0000] {processor.py:826} INFO - Processing file /home/airflow/.local/lib/python3.7/site-packages/airflow/example_dags/tutorial_dag.py for tasks to queue
[2023-07-21T10:07:25.406+0000] {logging_mixin.py:150} INFO - [2023-07-21T10:07:25.406+0000] {dagbag.py:541} INFO - Filling up the DagBag from /home/airflow/.local/lib/python3.7/site-packages/airflow/example_dags/tutorial_dag.py
[2023-07-21T10:07:25.414+0000] {processor.py:836} INFO - DAG(s) dict_keys(['tutorial_dag']) retrieved from /home/airflow/.local/lib/python3.7/site-packages/airflow/example_dags/tutorial_dag.py
[2023-07-21T10:07:25.452+0000] {logging_mixin.py:150} INFO - [2023-07-21T10:07:25.452+0000] {dag.py:2742} INFO - Sync 1 DAGs
[2023-07-21T10:07:25.487+0000] {logging_mixin.py:150} INFO - [2023-07-21T10:07:25.487+0000] {dag.py:3508} INFO - Setting next_dagrun for tutorial_dag to None, run_after=None
[2023-07-21T10:07:25.522+0000] {processor.py:179} INFO - Processing /home/airflow/.local/lib/python3.7/site-packages/airflow/example_dags/tutorial_dag.py took 0.125 seconds
[2023-07-21T10:07:55.683+0000] {processor.py:157} INFO - Started process (PID=1210) to work on /home/airflow/.local/lib/python3.7/site-packages/airflow/example_dags/tutorial_dag.py
[2023-07-21T10:07:55.684+0000] {processor.py:826} INFO - Processing file /home/airflow/.local/lib/python3.7/site-packages/airflow/example_dags/tutorial_dag.py for tasks to queue
[2023-07-21T10:07:55.686+0000] {logging_mixin.py:150} INFO - [2023-07-21T10:07:55.685+0000] {dagbag.py:541} INFO - Filling up the DagBag from /home/airflow/.local/lib/python3.7/site-packages/airflow/example_dags/tutorial_dag.py
[2023-07-21T10:07:55.694+0000] {processor.py:836} INFO - DAG(s) dict_keys(['tutorial_dag']) retrieved from /home/airflow/.local/lib/python3.7/site-packages/airflow/example_dags/tutorial_dag.py
[2023-07-21T10:07:55.727+0000] {logging_mixin.py:150} INFO - [2023-07-21T10:07:55.726+0000] {dag.py:2742} INFO - Sync 1 DAGs
[2023-07-21T10:07:55.765+0000] {logging_mixin.py:150} INFO - [2023-07-21T10:07:55.765+0000] {dag.py:3508} INFO - Setting next_dagrun for tutorial_dag to None, run_after=None
[2023-07-21T10:07:55.797+0000] {processor.py:179} INFO - Processing /home/airflow/.local/lib/python3.7/site-packages/airflow/example_dags/tutorial_dag.py took 0.120 seconds
[2023-07-21T10:08:27.691+0000] {processor.py:157} INFO - Started process (PID=1279) to work on /home/airflow/.local/lib/python3.7/site-packages/airflow/example_dags/tutorial_dag.py
[2023-07-21T10:08:27.695+0000] {processor.py:826} INFO - Processing file /home/airflow/.local/lib/python3.7/site-packages/airflow/example_dags/tutorial_dag.py for tasks to queue
[2023-07-21T10:08:27.698+0000] {logging_mixin.py:150} INFO - [2023-07-21T10:08:27.697+0000] {dagbag.py:541} INFO - Filling up the DagBag from /home/airflow/.local/lib/python3.7/site-packages/airflow/example_dags/tutorial_dag.py
[2023-07-21T10:08:27.717+0000] {processor.py:836} INFO - DAG(s) dict_keys(['tutorial_dag']) retrieved from /home/airflow/.local/lib/python3.7/site-packages/airflow/example_dags/tutorial_dag.py
[2023-07-21T10:08:27.822+0000] {logging_mixin.py:150} INFO - [2023-07-21T10:08:27.822+0000] {dag.py:2742} INFO - Sync 1 DAGs
[2023-07-21T10:08:27.917+0000] {logging_mixin.py:150} INFO - [2023-07-21T10:08:27.917+0000] {dag.py:3508} INFO - Setting next_dagrun for tutorial_dag to None, run_after=None
[2023-07-21T10:08:27.986+0000] {processor.py:179} INFO - Processing /home/airflow/.local/lib/python3.7/site-packages/airflow/example_dags/tutorial_dag.py took 0.311 seconds
[2023-07-21T10:08:58.038+0000] {processor.py:157} INFO - Started process (PID=1341) to work on /home/airflow/.local/lib/python3.7/site-packages/airflow/example_dags/tutorial_dag.py
[2023-07-21T10:08:58.039+0000] {processor.py:826} INFO - Processing file /home/airflow/.local/lib/python3.7/site-packages/airflow/example_dags/tutorial_dag.py for tasks to queue
[2023-07-21T10:08:58.041+0000] {logging_mixin.py:150} INFO - [2023-07-21T10:08:58.041+0000] {dagbag.py:541} INFO - Filling up the DagBag from /home/airflow/.local/lib/python3.7/site-packages/airflow/example_dags/tutorial_dag.py
[2023-07-21T10:08:58.047+0000] {processor.py:836} INFO - DAG(s) dict_keys(['tutorial_dag']) retrieved from /home/airflow/.local/lib/python3.7/site-packages/airflow/example_dags/tutorial_dag.py
[2023-07-21T10:08:58.084+0000] {logging_mixin.py:150} INFO - [2023-07-21T10:08:58.084+0000] {dag.py:2742} INFO - Sync 1 DAGs
[2023-07-21T10:08:58.115+0000] {logging_mixin.py:150} INFO - [2023-07-21T10:08:58.115+0000] {dag.py:3508} INFO - Setting next_dagrun for tutorial_dag to None, run_after=None
[2023-07-21T10:08:58.151+0000] {processor.py:179} INFO - Processing /home/airflow/.local/lib/python3.7/site-packages/airflow/example_dags/tutorial_dag.py took 0.118 seconds
[2023-07-21T10:09:28.289+0000] {processor.py:157} INFO - Started process (PID=1402) to work on /home/airflow/.local/lib/python3.7/site-packages/airflow/example_dags/tutorial_dag.py
[2023-07-21T10:09:28.290+0000] {processor.py:826} INFO - Processing file /home/airflow/.local/lib/python3.7/site-packages/airflow/example_dags/tutorial_dag.py for tasks to queue
[2023-07-21T10:09:28.291+0000] {logging_mixin.py:150} INFO - [2023-07-21T10:09:28.291+0000] {dagbag.py:541} INFO - Filling up the DagBag from /home/airflow/.local/lib/python3.7/site-packages/airflow/example_dags/tutorial_dag.py
[2023-07-21T10:09:28.297+0000] {processor.py:836} INFO - DAG(s) dict_keys(['tutorial_dag']) retrieved from /home/airflow/.local/lib/python3.7/site-packages/airflow/example_dags/tutorial_dag.py
[2023-07-21T10:09:28.320+0000] {logging_mixin.py:150} INFO - [2023-07-21T10:09:28.320+0000] {dag.py:2742} INFO - Sync 1 DAGs
[2023-07-21T10:09:28.343+0000] {logging_mixin.py:150} INFO - [2023-07-21T10:09:28.343+0000] {dag.py:3508} INFO - Setting next_dagrun for tutorial_dag to None, run_after=None
[2023-07-21T10:09:28.364+0000] {processor.py:179} INFO - Processing /home/airflow/.local/lib/python3.7/site-packages/airflow/example_dags/tutorial_dag.py took 0.078 seconds
[2023-07-21T10:09:58.804+0000] {processor.py:157} INFO - Started process (PID=1462) to work on /home/airflow/.local/lib/python3.7/site-packages/airflow/example_dags/tutorial_dag.py
[2023-07-21T10:09:58.805+0000] {processor.py:826} INFO - Processing file /home/airflow/.local/lib/python3.7/site-packages/airflow/example_dags/tutorial_dag.py for tasks to queue
[2023-07-21T10:09:58.806+0000] {logging_mixin.py:150} INFO - [2023-07-21T10:09:58.806+0000] {dagbag.py:541} INFO - Filling up the DagBag from /home/airflow/.local/lib/python3.7/site-packages/airflow/example_dags/tutorial_dag.py
[2023-07-21T10:09:58.812+0000] {processor.py:836} INFO - DAG(s) dict_keys(['tutorial_dag']) retrieved from /home/airflow/.local/lib/python3.7/site-packages/airflow/example_dags/tutorial_dag.py
[2023-07-21T10:09:58.842+0000] {logging_mixin.py:150} INFO - [2023-07-21T10:09:58.842+0000] {dag.py:2742} INFO - Sync 1 DAGs
[2023-07-21T10:09:58.881+0000] {logging_mixin.py:150} INFO - [2023-07-21T10:09:58.881+0000] {dag.py:3508} INFO - Setting next_dagrun for tutorial_dag to None, run_after=None
[2023-07-21T10:09:58.903+0000] {processor.py:179} INFO - Processing /home/airflow/.local/lib/python3.7/site-packages/airflow/example_dags/tutorial_dag.py took 0.103 seconds
[2023-07-21T10:10:29.881+0000] {processor.py:157} INFO - Started process (PID=1523) to work on /home/airflow/.local/lib/python3.7/site-packages/airflow/example_dags/tutorial_dag.py
[2023-07-21T10:10:29.883+0000] {processor.py:826} INFO - Processing file /home/airflow/.local/lib/python3.7/site-packages/airflow/example_dags/tutorial_dag.py for tasks to queue
[2023-07-21T10:10:29.885+0000] {logging_mixin.py:150} INFO - [2023-07-21T10:10:29.885+0000] {dagbag.py:541} INFO - Filling up the DagBag from /home/airflow/.local/lib/python3.7/site-packages/airflow/example_dags/tutorial_dag.py
[2023-07-21T10:10:29.892+0000] {processor.py:836} INFO - DAG(s) dict_keys(['tutorial_dag']) retrieved from /home/airflow/.local/lib/python3.7/site-packages/airflow/example_dags/tutorial_dag.py
[2023-07-21T10:10:29.929+0000] {logging_mixin.py:150} INFO - [2023-07-21T10:10:29.929+0000] {dag.py:2742} INFO - Sync 1 DAGs
[2023-07-21T10:10:29.964+0000] {logging_mixin.py:150} INFO - [2023-07-21T10:10:29.964+0000] {dag.py:3508} INFO - Setting next_dagrun for tutorial_dag to None, run_after=None
[2023-07-21T10:10:29.993+0000] {processor.py:179} INFO - Processing /home/airflow/.local/lib/python3.7/site-packages/airflow/example_dags/tutorial_dag.py took 0.116 seconds
[2023-07-21T10:11:00.928+0000] {processor.py:157} INFO - Started process (PID=1584) to work on /home/airflow/.local/lib/python3.7/site-packages/airflow/example_dags/tutorial_dag.py
[2023-07-21T10:11:00.929+0000] {processor.py:826} INFO - Processing file /home/airflow/.local/lib/python3.7/site-packages/airflow/example_dags/tutorial_dag.py for tasks to queue
[2023-07-21T10:11:00.931+0000] {logging_mixin.py:150} INFO - [2023-07-21T10:11:00.931+0000] {dagbag.py:541} INFO - Filling up the DagBag from /home/airflow/.local/lib/python3.7/site-packages/airflow/example_dags/tutorial_dag.py
[2023-07-21T10:11:00.938+0000] {processor.py:836} INFO - DAG(s) dict_keys(['tutorial_dag']) retrieved from /home/airflow/.local/lib/python3.7/site-packages/airflow/example_dags/tutorial_dag.py
[2023-07-21T10:11:00.973+0000] {logging_mixin.py:150} INFO - [2023-07-21T10:11:00.973+0000] {dag.py:2742} INFO - Sync 1 DAGs
[2023-07-21T10:11:01.026+0000] {logging_mixin.py:150} INFO - [2023-07-21T10:11:01.026+0000] {dag.py:3508} INFO - Setting next_dagrun for tutorial_dag to None, run_after=None
[2023-07-21T10:11:01.072+0000] {processor.py:179} INFO - Processing /home/airflow/.local/lib/python3.7/site-packages/airflow/example_dags/tutorial_dag.py took 0.147 seconds
[2023-07-21T10:11:31.923+0000] {processor.py:157} INFO - Started process (PID=1645) to work on /home/airflow/.local/lib/python3.7/site-packages/airflow/example_dags/tutorial_dag.py
[2023-07-21T10:11:31.927+0000] {processor.py:826} INFO - Processing file /home/airflow/.local/lib/python3.7/site-packages/airflow/example_dags/tutorial_dag.py for tasks to queue
[2023-07-21T10:11:31.929+0000] {logging_mixin.py:150} INFO - [2023-07-21T10:11:31.928+0000] {dagbag.py:541} INFO - Filling up the DagBag from /home/airflow/.local/lib/python3.7/site-packages/airflow/example_dags/tutorial_dag.py
[2023-07-21T10:11:31.941+0000] {processor.py:836} INFO - DAG(s) dict_keys(['tutorial_dag']) retrieved from /home/airflow/.local/lib/python3.7/site-packages/airflow/example_dags/tutorial_dag.py
[2023-07-21T10:11:31.972+0000] {logging_mixin.py:150} INFO - [2023-07-21T10:11:31.971+0000] {dag.py:2742} INFO - Sync 1 DAGs
[2023-07-21T10:11:32.004+0000] {logging_mixin.py:150} INFO - [2023-07-21T10:11:32.004+0000] {dag.py:3508} INFO - Setting next_dagrun for tutorial_dag to None, run_after=None
[2023-07-21T10:11:32.035+0000] {processor.py:179} INFO - Processing /home/airflow/.local/lib/python3.7/site-packages/airflow/example_dags/tutorial_dag.py took 0.118 seconds
[2023-07-21T10:12:02.499+0000] {processor.py:157} INFO - Started process (PID=1706) to work on /home/airflow/.local/lib/python3.7/site-packages/airflow/example_dags/tutorial_dag.py
[2023-07-21T10:12:02.505+0000] {processor.py:826} INFO - Processing file /home/airflow/.local/lib/python3.7/site-packages/airflow/example_dags/tutorial_dag.py for tasks to queue
[2023-07-21T10:12:02.508+0000] {logging_mixin.py:150} INFO - [2023-07-21T10:12:02.508+0000] {dagbag.py:541} INFO - Filling up the DagBag from /home/airflow/.local/lib/python3.7/site-packages/airflow/example_dags/tutorial_dag.py
[2023-07-21T10:12:02.523+0000] {processor.py:836} INFO - DAG(s) dict_keys(['tutorial_dag']) retrieved from /home/airflow/.local/lib/python3.7/site-packages/airflow/example_dags/tutorial_dag.py
[2023-07-21T10:12:02.591+0000] {logging_mixin.py:150} INFO - [2023-07-21T10:12:02.591+0000] {dag.py:2742} INFO - Sync 1 DAGs
[2023-07-21T10:12:02.655+0000] {logging_mixin.py:150} INFO - [2023-07-21T10:12:02.654+0000] {dag.py:3508} INFO - Setting next_dagrun for tutorial_dag to None, run_after=None
[2023-07-21T10:12:02.689+0000] {processor.py:179} INFO - Processing /home/airflow/.local/lib/python3.7/site-packages/airflow/example_dags/tutorial_dag.py took 0.202 seconds
[2023-07-21T10:12:33.124+0000] {processor.py:157} INFO - Started process (PID=1767) to work on /home/airflow/.local/lib/python3.7/site-packages/airflow/example_dags/tutorial_dag.py
[2023-07-21T10:12:33.126+0000] {processor.py:826} INFO - Processing file /home/airflow/.local/lib/python3.7/site-packages/airflow/example_dags/tutorial_dag.py for tasks to queue
[2023-07-21T10:12:33.128+0000] {logging_mixin.py:150} INFO - [2023-07-21T10:12:33.127+0000] {dagbag.py:541} INFO - Filling up the DagBag from /home/airflow/.local/lib/python3.7/site-packages/airflow/example_dags/tutorial_dag.py
[2023-07-21T10:12:33.138+0000] {processor.py:836} INFO - DAG(s) dict_keys(['tutorial_dag']) retrieved from /home/airflow/.local/lib/python3.7/site-packages/airflow/example_dags/tutorial_dag.py
[2023-07-21T10:12:33.185+0000] {logging_mixin.py:150} INFO - [2023-07-21T10:12:33.185+0000] {dag.py:2742} INFO - Sync 1 DAGs
[2023-07-21T10:12:33.233+0000] {logging_mixin.py:150} INFO - [2023-07-21T10:12:33.233+0000] {dag.py:3508} INFO - Setting next_dagrun for tutorial_dag to None, run_after=None
[2023-07-21T10:12:33.273+0000] {processor.py:179} INFO - Processing /home/airflow/.local/lib/python3.7/site-packages/airflow/example_dags/tutorial_dag.py took 0.154 seconds
[2023-07-21T10:13:03.678+0000] {processor.py:157} INFO - Started process (PID=1828) to work on /home/airflow/.local/lib/python3.7/site-packages/airflow/example_dags/tutorial_dag.py
[2023-07-21T10:13:03.681+0000] {processor.py:826} INFO - Processing file /home/airflow/.local/lib/python3.7/site-packages/airflow/example_dags/tutorial_dag.py for tasks to queue
[2023-07-21T10:13:03.684+0000] {logging_mixin.py:150} INFO - [2023-07-21T10:13:03.684+0000] {dagbag.py:541} INFO - Filling up the DagBag from /home/airflow/.local/lib/python3.7/site-packages/airflow/example_dags/tutorial_dag.py
[2023-07-21T10:13:03.696+0000] {processor.py:836} INFO - DAG(s) dict_keys(['tutorial_dag']) retrieved from /home/airflow/.local/lib/python3.7/site-packages/airflow/example_dags/tutorial_dag.py
[2023-07-21T10:13:03.735+0000] {logging_mixin.py:150} INFO - [2023-07-21T10:13:03.735+0000] {dag.py:2742} INFO - Sync 1 DAGs
[2023-07-21T10:13:03.782+0000] {logging_mixin.py:150} INFO - [2023-07-21T10:13:03.782+0000] {dag.py:3508} INFO - Setting next_dagrun for tutorial_dag to None, run_after=None
[2023-07-21T10:13:03.821+0000] {processor.py:179} INFO - Processing /home/airflow/.local/lib/python3.7/site-packages/airflow/example_dags/tutorial_dag.py took 0.149 seconds
[2023-07-21T10:13:34.730+0000] {processor.py:157} INFO - Started process (PID=1889) to work on /home/airflow/.local/lib/python3.7/site-packages/airflow/example_dags/tutorial_dag.py
[2023-07-21T10:13:34.732+0000] {processor.py:826} INFO - Processing file /home/airflow/.local/lib/python3.7/site-packages/airflow/example_dags/tutorial_dag.py for tasks to queue
[2023-07-21T10:13:34.733+0000] {logging_mixin.py:150} INFO - [2023-07-21T10:13:34.733+0000] {dagbag.py:541} INFO - Filling up the DagBag from /home/airflow/.local/lib/python3.7/site-packages/airflow/example_dags/tutorial_dag.py
[2023-07-21T10:13:34.738+0000] {processor.py:836} INFO - DAG(s) dict_keys(['tutorial_dag']) retrieved from /home/airflow/.local/lib/python3.7/site-packages/airflow/example_dags/tutorial_dag.py
[2023-07-21T10:13:34.772+0000] {logging_mixin.py:150} INFO - [2023-07-21T10:13:34.771+0000] {dag.py:2742} INFO - Sync 1 DAGs
[2023-07-21T10:13:34.806+0000] {logging_mixin.py:150} INFO - [2023-07-21T10:13:34.806+0000] {dag.py:3508} INFO - Setting next_dagrun for tutorial_dag to None, run_after=None
[2023-07-21T10:13:34.845+0000] {processor.py:179} INFO - Processing /home/airflow/.local/lib/python3.7/site-packages/airflow/example_dags/tutorial_dag.py took 0.118 seconds
[2023-07-21T10:14:05.585+0000] {processor.py:157} INFO - Started process (PID=1950) to work on /home/airflow/.local/lib/python3.7/site-packages/airflow/example_dags/tutorial_dag.py
[2023-07-21T10:14:05.586+0000] {processor.py:826} INFO - Processing file /home/airflow/.local/lib/python3.7/site-packages/airflow/example_dags/tutorial_dag.py for tasks to queue
[2023-07-21T10:14:05.587+0000] {logging_mixin.py:150} INFO - [2023-07-21T10:14:05.587+0000] {dagbag.py:541} INFO - Filling up the DagBag from /home/airflow/.local/lib/python3.7/site-packages/airflow/example_dags/tutorial_dag.py
[2023-07-21T10:14:05.593+0000] {processor.py:836} INFO - DAG(s) dict_keys(['tutorial_dag']) retrieved from /home/airflow/.local/lib/python3.7/site-packages/airflow/example_dags/tutorial_dag.py
[2023-07-21T10:14:05.618+0000] {logging_mixin.py:150} INFO - [2023-07-21T10:14:05.618+0000] {dag.py:2742} INFO - Sync 1 DAGs
[2023-07-21T10:14:05.652+0000] {logging_mixin.py:150} INFO - [2023-07-21T10:14:05.651+0000] {dag.py:3508} INFO - Setting next_dagrun for tutorial_dag to None, run_after=None
[2023-07-21T10:14:05.673+0000] {processor.py:179} INFO - Processing /home/airflow/.local/lib/python3.7/site-packages/airflow/example_dags/tutorial_dag.py took 0.092 seconds
[2023-07-21T10:14:36.195+0000] {processor.py:157} INFO - Started process (PID=2011) to work on /home/airflow/.local/lib/python3.7/site-packages/airflow/example_dags/tutorial_dag.py
[2023-07-21T10:14:36.196+0000] {processor.py:826} INFO - Processing file /home/airflow/.local/lib/python3.7/site-packages/airflow/example_dags/tutorial_dag.py for tasks to queue
[2023-07-21T10:14:36.197+0000] {logging_mixin.py:150} INFO - [2023-07-21T10:14:36.197+0000] {dagbag.py:541} INFO - Filling up the DagBag from /home/airflow/.local/lib/python3.7/site-packages/airflow/example_dags/tutorial_dag.py
[2023-07-21T10:14:36.203+0000] {processor.py:836} INFO - DAG(s) dict_keys(['tutorial_dag']) retrieved from /home/airflow/.local/lib/python3.7/site-packages/airflow/example_dags/tutorial_dag.py
[2023-07-21T10:14:36.233+0000] {logging_mixin.py:150} INFO - [2023-07-21T10:14:36.232+0000] {dag.py:2742} INFO - Sync 1 DAGs
[2023-07-21T10:14:36.269+0000] {logging_mixin.py:150} INFO - [2023-07-21T10:14:36.268+0000] {dag.py:3508} INFO - Setting next_dagrun for tutorial_dag to None, run_after=None
[2023-07-21T10:14:36.299+0000] {processor.py:179} INFO - Processing /home/airflow/.local/lib/python3.7/site-packages/airflow/example_dags/tutorial_dag.py took 0.107 seconds
